[2025-11-03T03:52:28.411+0000] {taskinstance.py:1157} INFO - Dependencies all met for dep_context=non-requeueable deps ti=<TaskInstance: nyc_taxi_iceberg_etl.spark_process_to_iceberg manual__2025-11-03T03:52:18.670852+00:00 [queued]>
[2025-11-03T03:52:28.413+0000] {taskinstance.py:1157} INFO - Dependencies all met for dep_context=requeueable deps ti=<TaskInstance: nyc_taxi_iceberg_etl.spark_process_to_iceberg manual__2025-11-03T03:52:18.670852+00:00 [queued]>
[2025-11-03T03:52:28.413+0000] {taskinstance.py:1359} INFO - Starting attempt 1 of 1
[2025-11-03T03:52:28.417+0000] {taskinstance.py:1380} INFO - Executing <Task(SparkSubmitOperator): spark_process_to_iceberg> on 2025-11-03 03:52:18.670852+00:00
[2025-11-03T03:52:28.420+0000] {standard_task_runner.py:57} INFO - Started process 9603 to run task
[2025-11-03T03:52:28.422+0000] {standard_task_runner.py:84} INFO - Running: ['***', 'tasks', 'run', 'nyc_taxi_iceberg_etl', 'spark_process_to_iceberg', 'manual__2025-11-03T03:52:18.670852+00:00', '--job-id', '89', '--raw', '--subdir', 'DAGS_FOLDER/nyc_taxi_iceberg_etl.py', '--cfg-path', '/tmp/tmpk20ghwp9']
[2025-11-03T03:52:28.423+0000] {standard_task_runner.py:85} INFO - Job 89: Subtask spark_process_to_iceberg
[2025-11-03T03:52:28.443+0000] {task_command.py:415} INFO - Running <TaskInstance: nyc_taxi_iceberg_etl.spark_process_to_iceberg manual__2025-11-03T03:52:18.670852+00:00 [running]> on host ec57452a9f33
[2025-11-03T03:52:28.554+0000] {taskinstance.py:1660} INFO - Exporting env vars: AIRFLOW_CTX_DAG_OWNER='data-engineering' AIRFLOW_CTX_DAG_ID='nyc_taxi_iceberg_etl' AIRFLOW_CTX_TASK_ID='spark_process_to_iceberg' AIRFLOW_CTX_EXECUTION_DATE='2025-11-03T03:52:18.670852+00:00' AIRFLOW_CTX_TRY_NUMBER='1' AIRFLOW_CTX_DAG_RUN_ID='manual__2025-11-03T03:52:18.670852+00:00'
[2025-11-03T03:52:28.555+0000] {base.py:73} INFO - Using connection ID 'spark_default' for task execution.
[2025-11-03T03:52:28.556+0000] {spark_submit.py:340} INFO - Spark-Submit cmd: /opt/bitnami/spark/bin/spark-submit --master spark-master:7077 --conf spark.master=spark://spark-master:7077 --conf spark.sql.catalog.spark_catalog=org.apache.iceberg.spark.SparkSessionCatalog --conf spark.sql.catalog.spark_catalog.type=hive --conf spark.sql.catalog.iceberg=org.apache.iceberg.spark.SparkCatalog --conf spark.sql.catalog.iceberg.type=hadoop --conf spark.sql.catalog.iceberg.warehouse=s3a://lakehouse/warehouse --conf spark.sql.extensions=org.apache.iceberg.spark.extensions.IcebergSparkSessionExtensions --conf spark.hadoop.fs.s3a.endpoint=http://minio:9000 --conf spark.hadoop.fs.s3a.access.key=admin --conf spark.hadoop.fs.s3a.secret.key=****** --conf spark.hadoop.fs.s3a.path.style.access=true --conf spark.hadoop.fs.s3a.impl=org.apache.hadoop.fs.s3a.S3AFileSystem --jars /opt/***/jars/iceberg-spark-runtime-3.5_2.12-1.4.2.jar,/opt/***/jars/aws-java-sdk-bundle-1.12.367.jar,/opt/***/jars/hadoop-aws-3.3.4.jar --name arrow-spark /opt/***/dags/spark_jobs/nyc_taxi_to_iceberg.py /opt/***/data/raw/yellow_tripdata_2025-11.parquet
[2025-11-03T03:52:29.279+0000] {spark_submit.py:491} INFO - 25/11/03 03:52:29 WARN NativeCodeLoader: Unable to load native-hadoop library for your platform... using builtin-java classes where applicable
[2025-11-03T03:52:29.753+0000] {spark_submit.py:491} INFO - 25/11/03 03:52:29 INFO SparkContext: Running Spark version 3.5.1
[2025-11-03T03:52:29.755+0000] {spark_submit.py:491} INFO - 25/11/03 03:52:29 INFO SparkContext: OS info Linux, 6.10.14-linuxkit, aarch64
[2025-11-03T03:52:29.756+0000] {spark_submit.py:491} INFO - 25/11/03 03:52:29 INFO SparkContext: Java version 11.0.28
[2025-11-03T03:52:29.763+0000] {spark_submit.py:491} INFO - 25/11/03 03:52:29 INFO ResourceUtils: ==============================================================
[2025-11-03T03:52:29.764+0000] {spark_submit.py:491} INFO - 25/11/03 03:52:29 INFO ResourceUtils: No custom resources configured for spark.driver.
[2025-11-03T03:52:29.764+0000] {spark_submit.py:491} INFO - 25/11/03 03:52:29 INFO ResourceUtils: ==============================================================
[2025-11-03T03:52:29.764+0000] {spark_submit.py:491} INFO - 25/11/03 03:52:29 INFO SparkContext: Submitted application: NYC Taxi to Iceberg ETL
[2025-11-03T03:52:29.771+0000] {spark_submit.py:491} INFO - 25/11/03 03:52:29 INFO ResourceProfile: Default ResourceProfile created, executor resources: Map(cores -> name: cores, amount: 1, script: , vendor: , memory -> name: memory, amount: 1024, script: , vendor: , offHeap -> name: offHeap, amount: 0, script: , vendor: ), task resources: Map(cpus -> name: cpus, amount: 1.0)
[2025-11-03T03:52:29.775+0000] {spark_submit.py:491} INFO - 25/11/03 03:52:29 INFO ResourceProfile: Limiting resource is cpu
[2025-11-03T03:52:29.776+0000] {spark_submit.py:491} INFO - 25/11/03 03:52:29 INFO ResourceProfileManager: Added ResourceProfile id: 0
[2025-11-03T03:52:29.800+0000] {spark_submit.py:491} INFO - 25/11/03 03:52:29 INFO SecurityManager: Changing view acls to: ***
[2025-11-03T03:52:29.800+0000] {spark_submit.py:491} INFO - 25/11/03 03:52:29 INFO SecurityManager: Changing modify acls to: ***
[2025-11-03T03:52:29.801+0000] {spark_submit.py:491} INFO - 25/11/03 03:52:29 INFO SecurityManager: Changing view acls groups to:
[2025-11-03T03:52:29.801+0000] {spark_submit.py:491} INFO - 25/11/03 03:52:29 INFO SecurityManager: Changing modify acls groups to:
[2025-11-03T03:52:29.802+0000] {spark_submit.py:491} INFO - 25/11/03 03:52:29 INFO SecurityManager: SecurityManager: authentication disabled; ui acls disabled; users with view permissions: ***; groups with view permissions: EMPTY; users with modify permissions: ***; groups with modify permissions: EMPTY
[2025-11-03T03:52:29.886+0000] {spark_submit.py:491} INFO - 25/11/03 03:52:29 INFO Utils: Successfully started service 'sparkDriver' on port 38317.
[2025-11-03T03:52:29.898+0000] {spark_submit.py:491} INFO - 25/11/03 03:52:29 INFO SparkEnv: Registering MapOutputTracker
[2025-11-03T03:52:29.912+0000] {spark_submit.py:491} INFO - 25/11/03 03:52:29 INFO SparkEnv: Registering BlockManagerMaster
[2025-11-03T03:52:29.920+0000] {spark_submit.py:491} INFO - 25/11/03 03:52:29 INFO BlockManagerMasterEndpoint: Using org.apache.spark.storage.DefaultTopologyMapper for getting topology information
[2025-11-03T03:52:29.921+0000] {spark_submit.py:491} INFO - 25/11/03 03:52:29 INFO BlockManagerMasterEndpoint: BlockManagerMasterEndpoint up
[2025-11-03T03:52:29.922+0000] {spark_submit.py:491} INFO - 25/11/03 03:52:29 INFO SparkEnv: Registering BlockManagerMasterHeartbeat
[2025-11-03T03:52:29.930+0000] {spark_submit.py:491} INFO - 25/11/03 03:52:29 INFO DiskBlockManager: Created local directory at /tmp/blockmgr-0123f7e3-8618-4b7d-b7a4-f524c3a0494a
[2025-11-03T03:52:29.935+0000] {spark_submit.py:491} INFO - 25/11/03 03:52:29 INFO MemoryStore: MemoryStore started with capacity 434.4 MiB
[2025-11-03T03:52:29.941+0000] {spark_submit.py:491} INFO - 25/11/03 03:52:29 INFO SparkEnv: Registering OutputCommitCoordinator
[2025-11-03T03:52:29.989+0000] {spark_submit.py:491} INFO - 25/11/03 03:52:29 INFO JettyUtils: Start Jetty 0.0.0.0:4040 for SparkUI
[2025-11-03T03:52:30.008+0000] {spark_submit.py:491} INFO - 25/11/03 03:52:30 INFO Utils: Successfully started service 'SparkUI' on port 4040.
[2025-11-03T03:52:30.022+0000] {spark_submit.py:491} INFO - 25/11/03 03:52:30 INFO SparkContext: Added JAR file:///opt/***/jars/iceberg-spark-runtime-3.5_2.12-1.4.2.jar at spark://ec57452a9f33:38317/jars/iceberg-spark-runtime-3.5_2.12-1.4.2.jar with timestamp 1762141949750
[2025-11-03T03:52:30.022+0000] {spark_submit.py:491} INFO - 25/11/03 03:52:30 INFO SparkContext: Added JAR file:///opt/***/jars/aws-java-sdk-bundle-1.12.367.jar at spark://ec57452a9f33:38317/jars/aws-java-sdk-bundle-1.12.367.jar with timestamp 1762141949750
[2025-11-03T03:52:30.022+0000] {spark_submit.py:491} INFO - 25/11/03 03:52:30 INFO SparkContext: Added JAR file:///opt/***/jars/hadoop-aws-3.3.4.jar at spark://ec57452a9f33:38317/jars/hadoop-aws-3.3.4.jar with timestamp 1762141949750
[2025-11-03T03:52:30.044+0000] {spark_submit.py:491} INFO - 25/11/03 03:52:30 INFO Executor: Starting executor ID driver on host ec57452a9f33
[2025-11-03T03:52:30.045+0000] {spark_submit.py:491} INFO - 25/11/03 03:52:30 INFO Executor: OS info Linux, 6.10.14-linuxkit, aarch64
[2025-11-03T03:52:30.046+0000] {spark_submit.py:491} INFO - 25/11/03 03:52:30 INFO Executor: Java version 11.0.28
[2025-11-03T03:52:30.046+0000] {spark_submit.py:491} INFO - 25/11/03 03:52:30 INFO Executor: Starting executor with user classpath (userClassPathFirst = false): ''
[2025-11-03T03:52:30.046+0000] {spark_submit.py:491} INFO - 25/11/03 03:52:30 INFO Executor: Created or updated repl class loader org.apache.spark.util.MutableURLClassLoader@277dc8e6 for default.
[2025-11-03T03:52:30.050+0000] {spark_submit.py:491} INFO - 25/11/03 03:52:30 INFO Executor: Fetching spark://ec57452a9f33:38317/jars/iceberg-spark-runtime-3.5_2.12-1.4.2.jar with timestamp 1762141949750
[2025-11-03T03:52:30.071+0000] {spark_submit.py:491} INFO - 25/11/03 03:52:30 INFO TransportClientFactory: Successfully created connection to ec57452a9f33/172.18.0.4:38317 after 10 ms (0 ms spent in bootstraps)
[2025-11-03T03:52:30.074+0000] {spark_submit.py:491} INFO - 25/11/03 03:52:30 INFO Utils: Fetching spark://ec57452a9f33:38317/jars/iceberg-spark-runtime-3.5_2.12-1.4.2.jar to /tmp/spark-daef85bc-618d-455a-a266-6a1049be0b8c/userFiles-cc8d1210-2c06-4319-b0c2-2b9f12af7dc2/fetchFileTemp1646033681181143713.tmp
[2025-11-03T03:52:30.131+0000] {spark_submit.py:491} INFO - 25/11/03 03:52:30 INFO Executor: Adding file:/tmp/spark-daef85bc-618d-455a-a266-6a1049be0b8c/userFiles-cc8d1210-2c06-4319-b0c2-2b9f12af7dc2/iceberg-spark-runtime-3.5_2.12-1.4.2.jar to class loader default
[2025-11-03T03:52:30.132+0000] {spark_submit.py:491} INFO - 25/11/03 03:52:30 INFO Executor: Fetching spark://ec57452a9f33:38317/jars/aws-java-sdk-bundle-1.12.367.jar with timestamp 1762141949750
[2025-11-03T03:52:30.132+0000] {spark_submit.py:491} INFO - 25/11/03 03:52:30 INFO Utils: Fetching spark://ec57452a9f33:38317/jars/aws-java-sdk-bundle-1.12.367.jar to /tmp/spark-daef85bc-618d-455a-a266-6a1049be0b8c/userFiles-cc8d1210-2c06-4319-b0c2-2b9f12af7dc2/fetchFileTemp4629047963614543808.tmp
[2025-11-03T03:52:30.409+0000] {spark_submit.py:491} INFO - 25/11/03 03:52:30 INFO Executor: Adding file:/tmp/spark-daef85bc-618d-455a-a266-6a1049be0b8c/userFiles-cc8d1210-2c06-4319-b0c2-2b9f12af7dc2/aws-java-sdk-bundle-1.12.367.jar to class loader default
[2025-11-03T03:52:30.409+0000] {spark_submit.py:491} INFO - 25/11/03 03:52:30 INFO Executor: Fetching spark://ec57452a9f33:38317/jars/hadoop-aws-3.3.4.jar with timestamp 1762141949750
[2025-11-03T03:52:30.409+0000] {spark_submit.py:491} INFO - 25/11/03 03:52:30 INFO Utils: Fetching spark://ec57452a9f33:38317/jars/hadoop-aws-3.3.4.jar to /tmp/spark-daef85bc-618d-455a-a266-6a1049be0b8c/userFiles-cc8d1210-2c06-4319-b0c2-2b9f12af7dc2/fetchFileTemp8341467209058165120.tmp
[2025-11-03T03:52:30.417+0000] {spark_submit.py:491} INFO - 25/11/03 03:52:30 INFO Executor: Adding file:/tmp/spark-daef85bc-618d-455a-a266-6a1049be0b8c/userFiles-cc8d1210-2c06-4319-b0c2-2b9f12af7dc2/hadoop-aws-3.3.4.jar to class loader default
[2025-11-03T03:52:30.421+0000] {spark_submit.py:491} INFO - 25/11/03 03:52:30 INFO Utils: Successfully started service 'org.apache.spark.network.netty.NettyBlockTransferService' on port 41897.
[2025-11-03T03:52:30.421+0000] {spark_submit.py:491} INFO - 25/11/03 03:52:30 INFO NettyBlockTransferService: Server created on ec57452a9f33:41897
[2025-11-03T03:52:30.423+0000] {spark_submit.py:491} INFO - 25/11/03 03:52:30 INFO BlockManager: Using org.apache.spark.storage.RandomBlockReplicationPolicy for block replication policy
[2025-11-03T03:52:30.424+0000] {spark_submit.py:491} INFO - 25/11/03 03:52:30 INFO BlockManagerMaster: Registering BlockManager BlockManagerId(driver, ec57452a9f33, 41897, None)
[2025-11-03T03:52:30.426+0000] {spark_submit.py:491} INFO - 25/11/03 03:52:30 INFO BlockManagerMasterEndpoint: Registering block manager ec57452a9f33:41897 with 434.4 MiB RAM, BlockManagerId(driver, ec57452a9f33, 41897, None)
[2025-11-03T03:52:30.427+0000] {spark_submit.py:491} INFO - 25/11/03 03:52:30 INFO BlockManagerMaster: Registered BlockManager BlockManagerId(driver, ec57452a9f33, 41897, None)
[2025-11-03T03:52:30.427+0000] {spark_submit.py:491} INFO - 25/11/03 03:52:30 INFO BlockManager: Initialized BlockManager: BlockManagerId(driver, ec57452a9f33, 41897, None)
[2025-11-03T03:52:31.577+0000] {spark_submit.py:491} INFO - 25/11/03 03:52:31 WARN MetricsConfig: Cannot locate configuration: tried hadoop-metrics2-s3a-file-system.properties,hadoop-metrics2.properties
[2025-11-03T03:52:32.132+0000] {spark_submit.py:491} INFO - Created/verified trips table
[2025-11-03T03:52:32.132+0000] {spark_submit.py:491} INFO - Reading data from: /opt/***/data/raw/yellow_tripdata_2025-11.parquet
[2025-11-03T03:52:33.007+0000] {spark_submit.py:491} INFO - Raw data count: 3252717
[2025-11-03T03:52:33.008+0000] {spark_submit.py:491} INFO - root
[2025-11-03T03:52:33.009+0000] {spark_submit.py:491} INFO - |-- VendorID: long (nullable = true)
[2025-11-03T03:52:33.009+0000] {spark_submit.py:491} INFO - |-- tpep_pickup_datetime: timestamp_ntz (nullable = true)
[2025-11-03T03:52:33.009+0000] {spark_submit.py:491} INFO - |-- tpep_dropoff_datetime: timestamp_ntz (nullable = true)
[2025-11-03T03:52:33.009+0000] {spark_submit.py:491} INFO - |-- passenger_count: double (nullable = true)
[2025-11-03T03:52:33.009+0000] {spark_submit.py:491} INFO - |-- trip_distance: double (nullable = true)
[2025-11-03T03:52:33.009+0000] {spark_submit.py:491} INFO - |-- RatecodeID: double (nullable = true)
[2025-11-03T03:52:33.009+0000] {spark_submit.py:491} INFO - |-- store_and_fwd_flag: string (nullable = true)
[2025-11-03T03:52:33.009+0000] {spark_submit.py:491} INFO - |-- PULocationID: long (nullable = true)
[2025-11-03T03:52:33.009+0000] {spark_submit.py:491} INFO - |-- DOLocationID: long (nullable = true)
[2025-11-03T03:52:33.009+0000] {spark_submit.py:491} INFO - |-- payment_type: long (nullable = true)
[2025-11-03T03:52:33.009+0000] {spark_submit.py:491} INFO - |-- fare_amount: double (nullable = true)
[2025-11-03T03:52:33.009+0000] {spark_submit.py:491} INFO - |-- extra: double (nullable = true)
[2025-11-03T03:52:33.009+0000] {spark_submit.py:491} INFO - |-- mta_tax: double (nullable = true)
[2025-11-03T03:52:33.010+0000] {spark_submit.py:491} INFO - |-- tip_amount: double (nullable = true)
[2025-11-03T03:52:33.010+0000] {spark_submit.py:491} INFO - |-- tolls_amount: double (nullable = true)
[2025-11-03T03:52:33.010+0000] {spark_submit.py:491} INFO - |-- improvement_surcharge: double (nullable = true)
[2025-11-03T03:52:33.010+0000] {spark_submit.py:491} INFO - |-- total_amount: double (nullable = true)
[2025-11-03T03:52:33.010+0000] {spark_submit.py:491} INFO - |-- congestion_surcharge: double (nullable = true)
[2025-11-03T03:52:33.010+0000] {spark_submit.py:491} INFO - |-- airport_fee: double (nullable = true)
[2025-11-03T03:52:33.010+0000] {spark_submit.py:491} INFO - 
[2025-11-03T03:52:33.743+0000] {spark_submit.py:491} INFO - Processed data count: 3019653
[2025-11-03T03:52:40.176+0000] {spark_submit.py:491} INFO - Successfully wrote data to Iceberg table
[2025-11-03T03:52:41.743+0000] {spark_submit.py:491} INFO - +----+-----+----------+------------------+------------------+
[2025-11-03T03:52:41.743+0000] {spark_submit.py:491} INFO - |year|month|trip_count|      avg_distance|        avg_amount|
[2025-11-03T03:52:41.743+0000] {spark_submit.py:491} INFO - +----+-----+----------+------------------+------------------+
[2025-11-03T03:52:41.743+0000] {spark_submit.py:491} INFO - |2022|   12|       228|2.8629824561403496|20.792280701754382|
[2025-11-03T03:52:41.744+0000] {spark_submit.py:491} INFO - |2022|   11|  12078236|3.6727699773374036|21.917788524301486|
[2025-11-03T03:52:41.744+0000] {spark_submit.py:491} INFO - |2022|   10|       128|          5.545625|26.396562499999987|
[2025-11-03T03:52:41.745+0000] {spark_submit.py:491} INFO - |2009|    1|         8|             2.955|             18.55|
[2025-11-03T03:52:41.745+0000] {spark_submit.py:491} INFO - |2008|   12|         8|             6.095|29.534999999999997|
[2025-11-03T03:52:41.745+0000] {spark_submit.py:491} INFO - |2002|   12|         4|              8.43|             47.31|
[2025-11-03T03:52:41.749+0000] {spark_submit.py:491} INFO - +----+-----+----------+------------------+------------------+
[2025-11-03T03:52:41.750+0000] {spark_submit.py:491} INFO - 
[2025-11-03T03:52:41.949+0000] {spark_submit.py:491} INFO - Created daily summary table
[2025-11-03T03:52:41.950+0000] {spark_submit.py:491} INFO - ETL job completed successfully!
[2025-11-03T03:52:42.107+0000] {taskinstance.py:1398} INFO - Marking task as SUCCESS. dag_id=nyc_taxi_iceberg_etl, task_id=spark_process_to_iceberg, execution_date=20251103T035218, start_date=20251103T035228, end_date=20251103T035242
[2025-11-03T03:52:42.132+0000] {local_task_job_runner.py:228} INFO - Task exited with return code 0
[2025-11-03T03:52:42.141+0000] {taskinstance.py:2776} INFO - 1 downstream tasks scheduled from follow-on schedule check
