[2025-11-03T04:13:13.103+0000] {taskinstance.py:1157} INFO - Dependencies all met for dep_context=non-requeueable deps ti=<TaskInstance: nyc_taxi_iceberg_etl.spark_process_to_iceberg manual__2025-11-03T04:13:03.992177+00:00 [queued]>
[2025-11-03T04:13:13.106+0000] {taskinstance.py:1157} INFO - Dependencies all met for dep_context=requeueable deps ti=<TaskInstance: nyc_taxi_iceberg_etl.spark_process_to_iceberg manual__2025-11-03T04:13:03.992177+00:00 [queued]>
[2025-11-03T04:13:13.106+0000] {taskinstance.py:1359} INFO - Starting attempt 1 of 1
[2025-11-03T04:13:13.111+0000] {taskinstance.py:1380} INFO - Executing <Task(SparkSubmitOperator): spark_process_to_iceberg> on 2025-11-03 04:13:03.992177+00:00
[2025-11-03T04:13:13.113+0000] {standard_task_runner.py:57} INFO - Started process 13839 to run task
[2025-11-03T04:13:13.115+0000] {standard_task_runner.py:84} INFO - Running: ['***', 'tasks', 'run', 'nyc_taxi_iceberg_etl', 'spark_process_to_iceberg', 'manual__2025-11-03T04:13:03.992177+00:00', '--job-id', '118', '--raw', '--subdir', 'DAGS_FOLDER/nyc_taxi_iceberg_etl.py', '--cfg-path', '/tmp/tmp08btud4a']
[2025-11-03T04:13:13.116+0000] {standard_task_runner.py:85} INFO - Job 118: Subtask spark_process_to_iceberg
[2025-11-03T04:13:13.137+0000] {task_command.py:415} INFO - Running <TaskInstance: nyc_taxi_iceberg_etl.spark_process_to_iceberg manual__2025-11-03T04:13:03.992177+00:00 [running]> on host ec57452a9f33
[2025-11-03T04:13:13.277+0000] {taskinstance.py:1660} INFO - Exporting env vars: AIRFLOW_CTX_DAG_OWNER='data-engineering' AIRFLOW_CTX_DAG_ID='nyc_taxi_iceberg_etl' AIRFLOW_CTX_TASK_ID='spark_process_to_iceberg' AIRFLOW_CTX_EXECUTION_DATE='2025-11-03T04:13:03.992177+00:00' AIRFLOW_CTX_TRY_NUMBER='1' AIRFLOW_CTX_DAG_RUN_ID='manual__2025-11-03T04:13:03.992177+00:00'
[2025-11-03T04:13:13.278+0000] {base.py:73} INFO - Using connection ID 'spark_default' for task execution.
[2025-11-03T04:13:13.279+0000] {spark_submit.py:340} INFO - Spark-Submit cmd: /opt/bitnami/spark/bin/spark-submit --master spark-master:7077 --conf spark.master=spark://spark-master:7077 --conf spark.sql.catalog.spark_catalog=org.apache.iceberg.spark.SparkSessionCatalog --conf spark.sql.catalog.spark_catalog.type=hive --conf spark.sql.catalog.iceberg=org.apache.iceberg.spark.SparkCatalog --conf spark.sql.catalog.iceberg.type=hadoop --conf spark.sql.catalog.iceberg.warehouse=s3a://lakehouse/warehouse --conf spark.sql.extensions=org.apache.iceberg.spark.extensions.IcebergSparkSessionExtensions --conf spark.hadoop.fs.s3a.endpoint=http://minio:9000 --conf spark.hadoop.fs.s3a.access.key=admin --conf spark.hadoop.fs.s3a.secret.key=****** --conf spark.hadoop.fs.s3a.path.style.access=true --conf spark.hadoop.fs.s3a.impl=org.apache.hadoop.fs.s3a.S3AFileSystem --jars /opt/***/jars/iceberg-spark-runtime-3.5_2.12-1.4.2.jar,/opt/***/jars/aws-java-sdk-bundle-1.12.367.jar,/opt/***/jars/hadoop-aws-3.3.4.jar --name arrow-spark /opt/***/dags/spark_jobs/nyc_taxi_to_iceberg.py /opt/***/data/raw/yellow_tripdata_2025-11.parquet
[2025-11-03T04:13:13.997+0000] {spark_submit.py:491} INFO - 25/11/03 04:13:13 WARN NativeCodeLoader: Unable to load native-hadoop library for your platform... using builtin-java classes where applicable
[2025-11-03T04:13:14.550+0000] {spark_submit.py:491} INFO - 25/11/03 04:13:14 INFO SparkContext: Running Spark version 3.5.1
[2025-11-03T04:13:14.554+0000] {spark_submit.py:491} INFO - 25/11/03 04:13:14 INFO SparkContext: OS info Linux, 6.10.14-linuxkit, aarch64
[2025-11-03T04:13:14.554+0000] {spark_submit.py:491} INFO - 25/11/03 04:13:14 INFO SparkContext: Java version 11.0.28
[2025-11-03T04:13:14.561+0000] {spark_submit.py:491} INFO - 25/11/03 04:13:14 INFO ResourceUtils: ==============================================================
[2025-11-03T04:13:14.561+0000] {spark_submit.py:491} INFO - 25/11/03 04:13:14 INFO ResourceUtils: No custom resources configured for spark.driver.
[2025-11-03T04:13:14.561+0000] {spark_submit.py:491} INFO - 25/11/03 04:13:14 INFO ResourceUtils: ==============================================================
[2025-11-03T04:13:14.561+0000] {spark_submit.py:491} INFO - 25/11/03 04:13:14 INFO SparkContext: Submitted application: NYC Taxi to Iceberg ETL
[2025-11-03T04:13:14.568+0000] {spark_submit.py:491} INFO - 25/11/03 04:13:14 INFO ResourceProfile: Default ResourceProfile created, executor resources: Map(cores -> name: cores, amount: 1, script: , vendor: , memory -> name: memory, amount: 1024, script: , vendor: , offHeap -> name: offHeap, amount: 0, script: , vendor: ), task resources: Map(cpus -> name: cpus, amount: 1.0)
[2025-11-03T04:13:14.572+0000] {spark_submit.py:491} INFO - 25/11/03 04:13:14 INFO ResourceProfile: Limiting resource is cpu
[2025-11-03T04:13:14.572+0000] {spark_submit.py:491} INFO - 25/11/03 04:13:14 INFO ResourceProfileManager: Added ResourceProfile id: 0
[2025-11-03T04:13:14.598+0000] {spark_submit.py:491} INFO - 25/11/03 04:13:14 INFO SecurityManager: Changing view acls to: ***
[2025-11-03T04:13:14.599+0000] {spark_submit.py:491} INFO - 25/11/03 04:13:14 INFO SecurityManager: Changing modify acls to: ***
[2025-11-03T04:13:14.599+0000] {spark_submit.py:491} INFO - 25/11/03 04:13:14 INFO SecurityManager: Changing view acls groups to:
[2025-11-03T04:13:14.599+0000] {spark_submit.py:491} INFO - 25/11/03 04:13:14 INFO SecurityManager: Changing modify acls groups to:
[2025-11-03T04:13:14.599+0000] {spark_submit.py:491} INFO - 25/11/03 04:13:14 INFO SecurityManager: SecurityManager: authentication disabled; ui acls disabled; users with view permissions: ***; groups with view permissions: EMPTY; users with modify permissions: ***; groups with modify permissions: EMPTY
[2025-11-03T04:13:14.690+0000] {spark_submit.py:491} INFO - 25/11/03 04:13:14 INFO Utils: Successfully started service 'sparkDriver' on port 33001.
[2025-11-03T04:13:14.703+0000] {spark_submit.py:491} INFO - 25/11/03 04:13:14 INFO SparkEnv: Registering MapOutputTracker
[2025-11-03T04:13:14.717+0000] {spark_submit.py:491} INFO - 25/11/03 04:13:14 INFO SparkEnv: Registering BlockManagerMaster
[2025-11-03T04:13:14.726+0000] {spark_submit.py:491} INFO - 25/11/03 04:13:14 INFO BlockManagerMasterEndpoint: Using org.apache.spark.storage.DefaultTopologyMapper for getting topology information
[2025-11-03T04:13:14.726+0000] {spark_submit.py:491} INFO - 25/11/03 04:13:14 INFO BlockManagerMasterEndpoint: BlockManagerMasterEndpoint up
[2025-11-03T04:13:14.727+0000] {spark_submit.py:491} INFO - 25/11/03 04:13:14 INFO SparkEnv: Registering BlockManagerMasterHeartbeat
[2025-11-03T04:13:14.735+0000] {spark_submit.py:491} INFO - 25/11/03 04:13:14 INFO DiskBlockManager: Created local directory at /tmp/blockmgr-183b3f4a-1912-4a7c-a7cf-d021d555191d
[2025-11-03T04:13:14.741+0000] {spark_submit.py:491} INFO - 25/11/03 04:13:14 INFO MemoryStore: MemoryStore started with capacity 434.4 MiB
[2025-11-03T04:13:14.747+0000] {spark_submit.py:491} INFO - 25/11/03 04:13:14 INFO SparkEnv: Registering OutputCommitCoordinator
[2025-11-03T04:13:14.796+0000] {spark_submit.py:491} INFO - 25/11/03 04:13:14 INFO JettyUtils: Start Jetty 0.0.0.0:4040 for SparkUI
[2025-11-03T04:13:14.819+0000] {spark_submit.py:491} INFO - 25/11/03 04:13:14 INFO Utils: Successfully started service 'SparkUI' on port 4040.
[2025-11-03T04:13:14.835+0000] {spark_submit.py:491} INFO - 25/11/03 04:13:14 INFO SparkContext: Added JAR file:///opt/***/jars/iceberg-spark-runtime-3.5_2.12-1.4.2.jar at spark://ec57452a9f33:33001/jars/iceberg-spark-runtime-3.5_2.12-1.4.2.jar with timestamp 1762143194546
[2025-11-03T04:13:14.835+0000] {spark_submit.py:491} INFO - 25/11/03 04:13:14 INFO SparkContext: Added JAR file:///opt/***/jars/aws-java-sdk-bundle-1.12.367.jar at spark://ec57452a9f33:33001/jars/aws-java-sdk-bundle-1.12.367.jar with timestamp 1762143194546
[2025-11-03T04:13:14.835+0000] {spark_submit.py:491} INFO - 25/11/03 04:13:14 INFO SparkContext: Added JAR file:///opt/***/jars/hadoop-aws-3.3.4.jar at spark://ec57452a9f33:33001/jars/hadoop-aws-3.3.4.jar with timestamp 1762143194546
[2025-11-03T04:13:14.863+0000] {spark_submit.py:491} INFO - 25/11/03 04:13:14 INFO Executor: Starting executor ID driver on host ec57452a9f33
[2025-11-03T04:13:14.863+0000] {spark_submit.py:491} INFO - 25/11/03 04:13:14 INFO Executor: OS info Linux, 6.10.14-linuxkit, aarch64
[2025-11-03T04:13:14.864+0000] {spark_submit.py:491} INFO - 25/11/03 04:13:14 INFO Executor: Java version 11.0.28
[2025-11-03T04:13:14.865+0000] {spark_submit.py:491} INFO - 25/11/03 04:13:14 INFO Executor: Starting executor with user classpath (userClassPathFirst = false): ''
[2025-11-03T04:13:14.865+0000] {spark_submit.py:491} INFO - 25/11/03 04:13:14 INFO Executor: Created or updated repl class loader org.apache.spark.util.MutableURLClassLoader@1658ea6e for default.
[2025-11-03T04:13:14.876+0000] {spark_submit.py:491} INFO - 25/11/03 04:13:14 INFO Executor: Fetching spark://ec57452a9f33:33001/jars/iceberg-spark-runtime-3.5_2.12-1.4.2.jar with timestamp 1762143194546
[2025-11-03T04:13:14.900+0000] {spark_submit.py:491} INFO - 25/11/03 04:13:14 INFO TransportClientFactory: Successfully created connection to ec57452a9f33/172.18.0.4:33001 after 12 ms (0 ms spent in bootstraps)
[2025-11-03T04:13:14.902+0000] {spark_submit.py:491} INFO - 25/11/03 04:13:14 INFO Utils: Fetching spark://ec57452a9f33:33001/jars/iceberg-spark-runtime-3.5_2.12-1.4.2.jar to /tmp/spark-bcb046d8-2794-4645-82dc-6db0658ee6e5/userFiles-43add112-5228-4db2-9833-ab6aaa8c9dac/fetchFileTemp16577781117791876324.tmp
[2025-11-03T04:13:14.950+0000] {spark_submit.py:491} INFO - 25/11/03 04:13:14 INFO Executor: Adding file:/tmp/spark-bcb046d8-2794-4645-82dc-6db0658ee6e5/userFiles-43add112-5228-4db2-9833-ab6aaa8c9dac/iceberg-spark-runtime-3.5_2.12-1.4.2.jar to class loader default
[2025-11-03T04:13:14.950+0000] {spark_submit.py:491} INFO - 25/11/03 04:13:14 INFO Executor: Fetching spark://ec57452a9f33:33001/jars/aws-java-sdk-bundle-1.12.367.jar with timestamp 1762143194546
[2025-11-03T04:13:14.950+0000] {spark_submit.py:491} INFO - 25/11/03 04:13:14 INFO Utils: Fetching spark://ec57452a9f33:33001/jars/aws-java-sdk-bundle-1.12.367.jar to /tmp/spark-bcb046d8-2794-4645-82dc-6db0658ee6e5/userFiles-43add112-5228-4db2-9833-ab6aaa8c9dac/fetchFileTemp10949033450435835350.tmp
[2025-11-03T04:13:15.249+0000] {spark_submit.py:491} INFO - 25/11/03 04:13:15 INFO Executor: Adding file:/tmp/spark-bcb046d8-2794-4645-82dc-6db0658ee6e5/userFiles-43add112-5228-4db2-9833-ab6aaa8c9dac/aws-java-sdk-bundle-1.12.367.jar to class loader default
[2025-11-03T04:13:15.250+0000] {spark_submit.py:491} INFO - 25/11/03 04:13:15 INFO Executor: Fetching spark://ec57452a9f33:33001/jars/hadoop-aws-3.3.4.jar with timestamp 1762143194546
[2025-11-03T04:13:15.250+0000] {spark_submit.py:491} INFO - 25/11/03 04:13:15 INFO Utils: Fetching spark://ec57452a9f33:33001/jars/hadoop-aws-3.3.4.jar to /tmp/spark-bcb046d8-2794-4645-82dc-6db0658ee6e5/userFiles-43add112-5228-4db2-9833-ab6aaa8c9dac/fetchFileTemp14242993609868951360.tmp
[2025-11-03T04:13:15.256+0000] {spark_submit.py:491} INFO - 25/11/03 04:13:15 INFO Executor: Adding file:/tmp/spark-bcb046d8-2794-4645-82dc-6db0658ee6e5/userFiles-43add112-5228-4db2-9833-ab6aaa8c9dac/hadoop-aws-3.3.4.jar to class loader default
[2025-11-03T04:13:15.264+0000] {spark_submit.py:491} INFO - 25/11/03 04:13:15 INFO Utils: Successfully started service 'org.apache.spark.network.netty.NettyBlockTransferService' on port 43731.
[2025-11-03T04:13:15.266+0000] {spark_submit.py:491} INFO - 25/11/03 04:13:15 INFO NettyBlockTransferService: Server created on ec57452a9f33:43731
[2025-11-03T04:13:15.267+0000] {spark_submit.py:491} INFO - 25/11/03 04:13:15 INFO BlockManager: Using org.apache.spark.storage.RandomBlockReplicationPolicy for block replication policy
[2025-11-03T04:13:15.268+0000] {spark_submit.py:491} INFO - 25/11/03 04:13:15 INFO BlockManagerMaster: Registering BlockManager BlockManagerId(driver, ec57452a9f33, 43731, None)
[2025-11-03T04:13:15.270+0000] {spark_submit.py:491} INFO - 25/11/03 04:13:15 INFO BlockManagerMasterEndpoint: Registering block manager ec57452a9f33:43731 with 434.4 MiB RAM, BlockManagerId(driver, ec57452a9f33, 43731, None)
[2025-11-03T04:13:15.275+0000] {spark_submit.py:491} INFO - 25/11/03 04:13:15 INFO BlockManagerMaster: Registered BlockManager BlockManagerId(driver, ec57452a9f33, 43731, None)
[2025-11-03T04:13:15.278+0000] {spark_submit.py:491} INFO - 25/11/03 04:13:15 INFO BlockManager: Initialized BlockManager: BlockManagerId(driver, ec57452a9f33, 43731, None)
[2025-11-03T04:13:16.471+0000] {spark_submit.py:491} INFO - 25/11/03 04:13:16 WARN MetricsConfig: Cannot locate configuration: tried hadoop-metrics2-s3a-file-system.properties,hadoop-metrics2.properties
[2025-11-03T04:13:17.073+0000] {spark_submit.py:491} INFO - Created/verified trips table
[2025-11-03T04:13:17.074+0000] {spark_submit.py:491} INFO - Reading data from: /opt/***/data/raw/yellow_tripdata_2025-11.parquet
[2025-11-03T04:13:17.966+0000] {spark_submit.py:491} INFO - Raw data count: 3252717
[2025-11-03T04:13:17.967+0000] {spark_submit.py:491} INFO - root
[2025-11-03T04:13:17.968+0000] {spark_submit.py:491} INFO - |-- VendorID: long (nullable = true)
[2025-11-03T04:13:17.969+0000] {spark_submit.py:491} INFO - |-- tpep_pickup_datetime: timestamp_ntz (nullable = true)
[2025-11-03T04:13:17.969+0000] {spark_submit.py:491} INFO - |-- tpep_dropoff_datetime: timestamp_ntz (nullable = true)
[2025-11-03T04:13:17.969+0000] {spark_submit.py:491} INFO - |-- passenger_count: double (nullable = true)
[2025-11-03T04:13:17.970+0000] {spark_submit.py:491} INFO - |-- trip_distance: double (nullable = true)
[2025-11-03T04:13:17.970+0000] {spark_submit.py:491} INFO - |-- RatecodeID: double (nullable = true)
[2025-11-03T04:13:17.970+0000] {spark_submit.py:491} INFO - |-- store_and_fwd_flag: string (nullable = true)
[2025-11-03T04:13:17.970+0000] {spark_submit.py:491} INFO - |-- PULocationID: long (nullable = true)
[2025-11-03T04:13:17.970+0000] {spark_submit.py:491} INFO - |-- DOLocationID: long (nullable = true)
[2025-11-03T04:13:17.970+0000] {spark_submit.py:491} INFO - |-- payment_type: long (nullable = true)
[2025-11-03T04:13:17.970+0000] {spark_submit.py:491} INFO - |-- fare_amount: double (nullable = true)
[2025-11-03T04:13:17.970+0000] {spark_submit.py:491} INFO - |-- extra: double (nullable = true)
[2025-11-03T04:13:17.971+0000] {spark_submit.py:491} INFO - |-- mta_tax: double (nullable = true)
[2025-11-03T04:13:17.971+0000] {spark_submit.py:491} INFO - |-- tip_amount: double (nullable = true)
[2025-11-03T04:13:17.971+0000] {spark_submit.py:491} INFO - |-- tolls_amount: double (nullable = true)
[2025-11-03T04:13:17.971+0000] {spark_submit.py:491} INFO - |-- improvement_surcharge: double (nullable = true)
[2025-11-03T04:13:17.974+0000] {spark_submit.py:491} INFO - |-- total_amount: double (nullable = true)
[2025-11-03T04:13:17.975+0000] {spark_submit.py:491} INFO - |-- congestion_surcharge: double (nullable = true)
[2025-11-03T04:13:17.975+0000] {spark_submit.py:491} INFO - |-- airport_fee: double (nullable = true)
[2025-11-03T04:13:17.976+0000] {spark_submit.py:491} INFO - 
[2025-11-03T04:13:18.728+0000] {spark_submit.py:491} INFO - Processed data count: 3019653
[2025-11-03T04:13:25.378+0000] {spark_submit.py:491} INFO - Successfully wrote data to Iceberg table
[2025-11-03T04:13:27.399+0000] {spark_submit.py:491} INFO - +----+-----+----------+-----------------+------------------+
[2025-11-03T04:13:27.399+0000] {spark_submit.py:491} INFO - |year|month|trip_count|     avg_distance|        avg_amount|
[2025-11-03T04:13:27.399+0000] {spark_submit.py:491} INFO - +----+-----+----------+-----------------+------------------+
[2025-11-03T04:13:27.399+0000] {spark_submit.py:491} INFO - |2022|   12|       342| 2.86298245614035|20.792280701754382|
[2025-11-03T04:13:27.399+0000] {spark_submit.py:491} INFO - |2022|   11|  18117354|3.672769977337404|21.917788524301486|
[2025-11-03T04:13:27.400+0000] {spark_submit.py:491} INFO - |2022|   10|       192|         5.545625| 26.39656249999999|
[2025-11-03T04:13:27.401+0000] {spark_submit.py:491} INFO - |2009|    1|        12|            2.955|             18.55|
[2025-11-03T04:13:27.401+0000] {spark_submit.py:491} INFO - |2008|   12|        12|            6.095|29.534999999999997|
[2025-11-03T04:13:27.402+0000] {spark_submit.py:491} INFO - |2002|   12|         6|             8.43|             47.31|
[2025-11-03T04:13:27.402+0000] {spark_submit.py:491} INFO - +----+-----+----------+-----------------+------------------+
[2025-11-03T04:13:27.402+0000] {spark_submit.py:491} INFO - 
[2025-11-03T04:13:27.629+0000] {spark_submit.py:491} INFO - Created daily summary table
[2025-11-03T04:13:27.630+0000] {spark_submit.py:491} INFO - ETL job completed successfully!
[2025-11-03T04:13:27.989+0000] {taskinstance.py:1398} INFO - Marking task as SUCCESS. dag_id=nyc_taxi_iceberg_etl, task_id=spark_process_to_iceberg, execution_date=20251103T041303, start_date=20251103T041313, end_date=20251103T041327
[2025-11-03T04:13:28.007+0000] {local_task_job_runner.py:228} INFO - Task exited with return code 0
[2025-11-03T04:13:28.017+0000] {taskinstance.py:2776} INFO - 1 downstream tasks scheduled from follow-on schedule check
