[2025-11-02T12:54:21.166+0000] {taskinstance.py:1157} INFO - Dependencies all met for dep_context=non-requeueable deps ti=<TaskInstance: nyc_weather_etl.spark_process_location_to_iceberg manual__2025-11-02T12:54:04.800775+00:00 [queued]>
[2025-11-02T12:54:21.171+0000] {taskinstance.py:1157} INFO - Dependencies all met for dep_context=requeueable deps ti=<TaskInstance: nyc_weather_etl.spark_process_location_to_iceberg manual__2025-11-02T12:54:04.800775+00:00 [queued]>
[2025-11-02T12:54:21.171+0000] {taskinstance.py:1359} INFO - Starting attempt 1 of 1
[2025-11-02T12:54:21.233+0000] {taskinstance.py:1380} INFO - Executing <Task(SparkSubmitOperator): spark_process_location_to_iceberg> on 2025-11-02 12:54:04.800775+00:00
[2025-11-02T12:54:21.237+0000] {standard_task_runner.py:57} INFO - Started process 1255 to run task
[2025-11-02T12:54:21.239+0000] {standard_task_runner.py:84} INFO - Running: ['***', 'tasks', 'run', 'nyc_weather_etl', 'spark_process_location_to_iceberg', 'manual__2025-11-02T12:54:04.800775+00:00', '--job-id', '19', '--raw', '--subdir', 'DAGS_FOLDER/nyc_weather_etl.py', '--cfg-path', '/tmp/tmptb5ypu79']
[2025-11-02T12:54:21.240+0000] {standard_task_runner.py:85} INFO - Job 19: Subtask spark_process_location_to_iceberg
[2025-11-02T12:54:21.260+0000] {task_command.py:415} INFO - Running <TaskInstance: nyc_weather_etl.spark_process_location_to_iceberg manual__2025-11-02T12:54:04.800775+00:00 [running]> on host ec57452a9f33
[2025-11-02T12:54:21.293+0000] {taskinstance.py:1660} INFO - Exporting env vars: AIRFLOW_CTX_DAG_OWNER='data-engineering' AIRFLOW_CTX_DAG_ID='nyc_weather_etl' AIRFLOW_CTX_TASK_ID='spark_process_location_to_iceberg' AIRFLOW_CTX_EXECUTION_DATE='2025-11-02T12:54:04.800775+00:00' AIRFLOW_CTX_TRY_NUMBER='1' AIRFLOW_CTX_DAG_RUN_ID='manual__2025-11-02T12:54:04.800775+00:00'
[2025-11-02T12:54:21.294+0000] {base.py:73} INFO - Using connection ID 'spark_default' for task execution.
[2025-11-02T12:54:21.295+0000] {spark_submit.py:340} INFO - Spark-Submit cmd: /opt/bitnami/spark/bin/spark-submit --master spark-master:7077 --conf spark.master=spark://spark-master:7077 --conf spark.sql.catalog.spark_catalog=org.apache.iceberg.spark.SparkSessionCatalog --conf spark.sql.catalog.spark_catalog.type=hive --conf spark.sql.catalog.iceberg=org.apache.iceberg.spark.SparkCatalog --conf spark.sql.catalog.iceberg.type=hadoop --conf spark.sql.catalog.iceberg.warehouse=s3a://lakehouse/warehouse --conf spark.sql.extensions=org.apache.iceberg.spark.extensions.IcebergSparkSessionExtensions --conf spark.hadoop.fs.s3a.endpoint=http://minio:9000 --conf spark.hadoop.fs.s3a.access.key=admin --conf spark.hadoop.fs.s3a.secret.key=****** --conf spark.hadoop.fs.s3a.path.style.access=true --conf spark.hadoop.fs.s3a.impl=org.apache.hadoop.fs.s3a.S3AFileSystem --jars /opt/***/jars/iceberg-spark-runtime-3.5_2.12-1.4.2.jar,/opt/***/jars/aws-java-sdk-bundle-1.12.367.jar,/opt/***/jars/hadoop-aws-3.3.4.jar --name arrow-spark /opt/***/dags/spark_jobs/location_to_iceberg.py /opt/***/data/locations/nyc_taxi_zones.json
[2025-11-02T12:54:22.050+0000] {spark_submit.py:491} INFO - 25/11/02 12:54:22 WARN NativeCodeLoader: Unable to load native-hadoop library for your platform... using builtin-java classes where applicable
[2025-11-02T12:54:22.555+0000] {spark_submit.py:491} INFO - 25/11/02 12:54:22 INFO SparkContext: Running Spark version 3.5.1
[2025-11-02T12:54:22.557+0000] {spark_submit.py:491} INFO - 25/11/02 12:54:22 INFO SparkContext: OS info Linux, 6.10.14-linuxkit, aarch64
[2025-11-02T12:54:22.558+0000] {spark_submit.py:491} INFO - 25/11/02 12:54:22 INFO SparkContext: Java version 11.0.28
[2025-11-02T12:54:22.566+0000] {spark_submit.py:491} INFO - 25/11/02 12:54:22 INFO ResourceUtils: ==============================================================
[2025-11-02T12:54:22.566+0000] {spark_submit.py:491} INFO - 25/11/02 12:54:22 INFO ResourceUtils: No custom resources configured for spark.driver.
[2025-11-02T12:54:22.566+0000] {spark_submit.py:491} INFO - 25/11/02 12:54:22 INFO ResourceUtils: ==============================================================
[2025-11-02T12:54:22.566+0000] {spark_submit.py:491} INFO - 25/11/02 12:54:22 INFO SparkContext: Submitted application: Location to Iceberg ETL
[2025-11-02T12:54:22.573+0000] {spark_submit.py:491} INFO - 25/11/02 12:54:22 INFO ResourceProfile: Default ResourceProfile created, executor resources: Map(cores -> name: cores, amount: 1, script: , vendor: , memory -> name: memory, amount: 1024, script: , vendor: , offHeap -> name: offHeap, amount: 0, script: , vendor: ), task resources: Map(cpus -> name: cpus, amount: 1.0)
[2025-11-02T12:54:22.577+0000] {spark_submit.py:491} INFO - 25/11/02 12:54:22 INFO ResourceProfile: Limiting resource is cpu
[2025-11-02T12:54:22.577+0000] {spark_submit.py:491} INFO - 25/11/02 12:54:22 INFO ResourceProfileManager: Added ResourceProfile id: 0
[2025-11-02T12:54:22.607+0000] {spark_submit.py:491} INFO - 25/11/02 12:54:22 INFO SecurityManager: Changing view acls to: ***
[2025-11-02T12:54:22.607+0000] {spark_submit.py:491} INFO - 25/11/02 12:54:22 INFO SecurityManager: Changing modify acls to: ***
[2025-11-02T12:54:22.608+0000] {spark_submit.py:491} INFO - 25/11/02 12:54:22 INFO SecurityManager: Changing view acls groups to:
[2025-11-02T12:54:22.609+0000] {spark_submit.py:491} INFO - 25/11/02 12:54:22 INFO SecurityManager: Changing modify acls groups to:
[2025-11-02T12:54:22.609+0000] {spark_submit.py:491} INFO - 25/11/02 12:54:22 INFO SecurityManager: SecurityManager: authentication disabled; ui acls disabled; users with view permissions: ***; groups with view permissions: EMPTY; users with modify permissions: ***; groups with modify permissions: EMPTY
[2025-11-02T12:54:22.707+0000] {spark_submit.py:491} INFO - 25/11/02 12:54:22 INFO Utils: Successfully started service 'sparkDriver' on port 43809.
[2025-11-02T12:54:22.722+0000] {spark_submit.py:491} INFO - 25/11/02 12:54:22 INFO SparkEnv: Registering MapOutputTracker
[2025-11-02T12:54:22.735+0000] {spark_submit.py:491} INFO - 25/11/02 12:54:22 INFO SparkEnv: Registering BlockManagerMaster
[2025-11-02T12:54:22.750+0000] {spark_submit.py:491} INFO - 25/11/02 12:54:22 INFO BlockManagerMasterEndpoint: Using org.apache.spark.storage.DefaultTopologyMapper for getting topology information
[2025-11-02T12:54:22.750+0000] {spark_submit.py:491} INFO - 25/11/02 12:54:22 INFO BlockManagerMasterEndpoint: BlockManagerMasterEndpoint up
[2025-11-02T12:54:22.752+0000] {spark_submit.py:491} INFO - 25/11/02 12:54:22 INFO SparkEnv: Registering BlockManagerMasterHeartbeat
[2025-11-02T12:54:22.763+0000] {spark_submit.py:491} INFO - 25/11/02 12:54:22 INFO DiskBlockManager: Created local directory at /tmp/blockmgr-1ff7c9df-8fdf-4b31-92bc-b291ef90adc6
[2025-11-02T12:54:22.769+0000] {spark_submit.py:491} INFO - 25/11/02 12:54:22 INFO MemoryStore: MemoryStore started with capacity 434.4 MiB
[2025-11-02T12:54:22.776+0000] {spark_submit.py:491} INFO - 25/11/02 12:54:22 INFO SparkEnv: Registering OutputCommitCoordinator
[2025-11-02T12:54:22.833+0000] {spark_submit.py:491} INFO - 25/11/02 12:54:22 INFO JettyUtils: Start Jetty 0.0.0.0:4040 for SparkUI
[2025-11-02T12:54:22.860+0000] {spark_submit.py:491} INFO - 25/11/02 12:54:22 INFO Utils: Successfully started service 'SparkUI' on port 4040.
[2025-11-02T12:54:22.875+0000] {spark_submit.py:491} INFO - 25/11/02 12:54:22 INFO SparkContext: Added JAR file:///opt/***/jars/iceberg-spark-runtime-3.5_2.12-1.4.2.jar at spark://ec57452a9f33:43809/jars/iceberg-spark-runtime-3.5_2.12-1.4.2.jar with timestamp 1762088062551
[2025-11-02T12:54:22.875+0000] {spark_submit.py:491} INFO - 25/11/02 12:54:22 INFO SparkContext: Added JAR file:///opt/***/jars/aws-java-sdk-bundle-1.12.367.jar at spark://ec57452a9f33:43809/jars/aws-java-sdk-bundle-1.12.367.jar with timestamp 1762088062551
[2025-11-02T12:54:22.876+0000] {spark_submit.py:491} INFO - 25/11/02 12:54:22 INFO SparkContext: Added JAR file:///opt/***/jars/hadoop-aws-3.3.4.jar at spark://ec57452a9f33:43809/jars/hadoop-aws-3.3.4.jar with timestamp 1762088062551
[2025-11-02T12:54:22.900+0000] {spark_submit.py:491} INFO - 25/11/02 12:54:22 INFO Executor: Starting executor ID driver on host ec57452a9f33
[2025-11-02T12:54:22.900+0000] {spark_submit.py:491} INFO - 25/11/02 12:54:22 INFO Executor: OS info Linux, 6.10.14-linuxkit, aarch64
[2025-11-02T12:54:22.900+0000] {spark_submit.py:491} INFO - 25/11/02 12:54:22 INFO Executor: Java version 11.0.28
[2025-11-02T12:54:22.902+0000] {spark_submit.py:491} INFO - 25/11/02 12:54:22 INFO Executor: Starting executor with user classpath (userClassPathFirst = false): ''
[2025-11-02T12:54:22.902+0000] {spark_submit.py:491} INFO - 25/11/02 12:54:22 INFO Executor: Created or updated repl class loader org.apache.spark.util.MutableURLClassLoader@1b6db901 for default.
[2025-11-02T12:54:22.907+0000] {spark_submit.py:491} INFO - 25/11/02 12:54:22 INFO Executor: Fetching spark://ec57452a9f33:43809/jars/aws-java-sdk-bundle-1.12.367.jar with timestamp 1762088062551
[2025-11-02T12:54:22.949+0000] {spark_submit.py:491} INFO - 25/11/02 12:54:22 INFO TransportClientFactory: Successfully created connection to ec57452a9f33/172.18.0.14:43809 after 13 ms (0 ms spent in bootstraps)
[2025-11-02T12:54:22.952+0000] {spark_submit.py:491} INFO - 25/11/02 12:54:22 INFO Utils: Fetching spark://ec57452a9f33:43809/jars/aws-java-sdk-bundle-1.12.367.jar to /tmp/spark-69d2fbe4-becf-42b1-ad15-a856e0e6f5dc/userFiles-c4bc8775-f61f-4e5c-8fee-ec2e01d8efcf/fetchFileTemp2936184750889804380.tmp
[2025-11-02T12:54:23.384+0000] {spark_submit.py:491} INFO - 25/11/02 12:54:23 INFO Executor: Adding file:/tmp/spark-69d2fbe4-becf-42b1-ad15-a856e0e6f5dc/userFiles-c4bc8775-f61f-4e5c-8fee-ec2e01d8efcf/aws-java-sdk-bundle-1.12.367.jar to class loader default
[2025-11-02T12:54:23.384+0000] {spark_submit.py:491} INFO - 25/11/02 12:54:23 INFO Executor: Fetching spark://ec57452a9f33:43809/jars/iceberg-spark-runtime-3.5_2.12-1.4.2.jar with timestamp 1762088062551
[2025-11-02T12:54:23.384+0000] {spark_submit.py:491} INFO - 25/11/02 12:54:23 INFO Utils: Fetching spark://ec57452a9f33:43809/jars/iceberg-spark-runtime-3.5_2.12-1.4.2.jar to /tmp/spark-69d2fbe4-becf-42b1-ad15-a856e0e6f5dc/userFiles-c4bc8775-f61f-4e5c-8fee-ec2e01d8efcf/fetchFileTemp11880488448061847309.tmp
[2025-11-02T12:54:23.415+0000] {spark_submit.py:491} INFO - 25/11/02 12:54:23 INFO Executor: Adding file:/tmp/spark-69d2fbe4-becf-42b1-ad15-a856e0e6f5dc/userFiles-c4bc8775-f61f-4e5c-8fee-ec2e01d8efcf/iceberg-spark-runtime-3.5_2.12-1.4.2.jar to class loader default
[2025-11-02T12:54:23.415+0000] {spark_submit.py:491} INFO - 25/11/02 12:54:23 INFO Executor: Fetching spark://ec57452a9f33:43809/jars/hadoop-aws-3.3.4.jar with timestamp 1762088062551
[2025-11-02T12:54:23.416+0000] {spark_submit.py:491} INFO - 25/11/02 12:54:23 INFO Utils: Fetching spark://ec57452a9f33:43809/jars/hadoop-aws-3.3.4.jar to /tmp/spark-69d2fbe4-becf-42b1-ad15-a856e0e6f5dc/userFiles-c4bc8775-f61f-4e5c-8fee-ec2e01d8efcf/fetchFileTemp505105980562500865.tmp
[2025-11-02T12:54:23.420+0000] {spark_submit.py:491} INFO - 25/11/02 12:54:23 INFO Executor: Adding file:/tmp/spark-69d2fbe4-becf-42b1-ad15-a856e0e6f5dc/userFiles-c4bc8775-f61f-4e5c-8fee-ec2e01d8efcf/hadoop-aws-3.3.4.jar to class loader default
[2025-11-02T12:54:23.425+0000] {spark_submit.py:491} INFO - 25/11/02 12:54:23 INFO Utils: Successfully started service 'org.apache.spark.network.netty.NettyBlockTransferService' on port 43709.
[2025-11-02T12:54:23.425+0000] {spark_submit.py:491} INFO - 25/11/02 12:54:23 INFO NettyBlockTransferService: Server created on ec57452a9f33:43709
[2025-11-02T12:54:23.426+0000] {spark_submit.py:491} INFO - 25/11/02 12:54:23 INFO BlockManager: Using org.apache.spark.storage.RandomBlockReplicationPolicy for block replication policy
[2025-11-02T12:54:23.430+0000] {spark_submit.py:491} INFO - 25/11/02 12:54:23 INFO BlockManagerMaster: Registering BlockManager BlockManagerId(driver, ec57452a9f33, 43709, None)
[2025-11-02T12:54:23.431+0000] {spark_submit.py:491} INFO - 25/11/02 12:54:23 INFO BlockManagerMasterEndpoint: Registering block manager ec57452a9f33:43709 with 434.4 MiB RAM, BlockManagerId(driver, ec57452a9f33, 43709, None)
[2025-11-02T12:54:23.433+0000] {spark_submit.py:491} INFO - 25/11/02 12:54:23 INFO BlockManagerMaster: Registered BlockManager BlockManagerId(driver, ec57452a9f33, 43709, None)
[2025-11-02T12:54:23.437+0000] {spark_submit.py:491} INFO - 25/11/02 12:54:23 INFO BlockManager: Initialized BlockManager: BlockManagerId(driver, ec57452a9f33, 43709, None)
[2025-11-02T12:54:24.689+0000] {spark_submit.py:491} INFO - 25/11/02 12:54:24 WARN MetricsConfig: Cannot locate configuration: tried hadoop-metrics2-s3a-file-system.properties,hadoop-metrics2.properties
[2025-11-02T12:54:25.325+0000] {spark_submit.py:491} INFO - Created/verified taxi zones table
[2025-11-02T12:54:25.325+0000] {spark_submit.py:491} INFO - Reading location data from: /opt/***/data/locations/nyc_taxi_zones.json
[2025-11-02T12:54:26.556+0000] {spark_submit.py:491} INFO - Raw location data count: 16
[2025-11-02T12:54:26.558+0000] {spark_submit.py:491} INFO - root
[2025-11-02T12:54:26.560+0000] {spark_submit.py:491} INFO - |-- borough: string (nullable = true)
[2025-11-02T12:54:26.561+0000] {spark_submit.py:491} INFO - |-- created_at: string (nullable = true)
[2025-11-02T12:54:26.563+0000] {spark_submit.py:491} INFO - |-- is_business_district: boolean (nullable = true)
[2025-11-02T12:54:26.563+0000] {spark_submit.py:491} INFO - |-- is_tourist_area: boolean (nullable = true)
[2025-11-02T12:54:26.563+0000] {spark_submit.py:491} INFO - |-- lat: double (nullable = true)
[2025-11-02T12:54:26.564+0000] {spark_submit.py:491} INFO - |-- location_id: long (nullable = true)
[2025-11-02T12:54:26.564+0000] {spark_submit.py:491} INFO - |-- lon: double (nullable = true)
[2025-11-02T12:54:26.564+0000] {spark_submit.py:491} INFO - |-- zone: string (nullable = true)
[2025-11-02T12:54:26.564+0000] {spark_submit.py:491} INFO - |-- zone_type: string (nullable = true)
[2025-11-02T12:54:26.564+0000] {spark_submit.py:491} INFO - 
[2025-11-02T12:54:26.763+0000] {spark_submit.py:491} INFO - Processed location data count: 16
[2025-11-02T12:54:28.095+0000] {spark_submit.py:491} INFO - Successfully wrote location data to Iceberg table
[2025-11-02T12:54:29.186+0000] {spark_submit.py:491} INFO - +---------+----------+-------------+--------------+
[2025-11-02T12:54:29.187+0000] {spark_submit.py:491} INFO - |  borough|zone_count|tourist_zones|business_zones|
[2025-11-02T12:54:29.187+0000] {spark_submit.py:491} INFO - +---------+----------+-------------+--------------+
[2025-11-02T12:54:29.187+0000] {spark_submit.py:491} INFO - |Manhattan|        13|            4|             3|
[2025-11-02T12:54:29.187+0000] {spark_submit.py:491} INFO - |   Queens|         2|            0|             0|
[2025-11-02T12:54:29.187+0000] {spark_submit.py:491} INFO - | Brooklyn|         1|            0|             0|
[2025-11-02T12:54:29.187+0000] {spark_submit.py:491} INFO - +---------+----------+-------------+--------------+
[2025-11-02T12:54:29.187+0000] {spark_submit.py:491} INFO - 
[2025-11-02T12:54:29.187+0000] {spark_submit.py:491} INFO - Location ETL job completed successfully!
[2025-11-02T12:54:30.072+0000] {taskinstance.py:1398} INFO - Marking task as SUCCESS. dag_id=nyc_weather_etl, task_id=spark_process_location_to_iceberg, execution_date=20251102T125404, start_date=20251102T125421, end_date=20251102T125430
[2025-11-02T12:54:30.088+0000] {local_task_job_runner.py:228} INFO - Task exited with return code 0
[2025-11-02T12:54:30.097+0000] {taskinstance.py:2776} INFO - 0 downstream tasks scheduled from follow-on schedule check
