[2025-11-03T03:53:18.873+0000] {taskinstance.py:1157} INFO - Dependencies all met for dep_context=non-requeueable deps ti=<TaskInstance: nyc_weather_etl.spark_process_weather_to_iceberg scheduled__2025-11-03T02:53:15.902171+00:00 [queued]>
[2025-11-03T03:53:18.878+0000] {taskinstance.py:1157} INFO - Dependencies all met for dep_context=requeueable deps ti=<TaskInstance: nyc_weather_etl.spark_process_weather_to_iceberg scheduled__2025-11-03T02:53:15.902171+00:00 [queued]>
[2025-11-03T03:53:18.879+0000] {taskinstance.py:1359} INFO - Starting attempt 1 of 1
[2025-11-03T03:53:18.884+0000] {taskinstance.py:1380} INFO - Executing <Task(SparkSubmitOperator): spark_process_weather_to_iceberg> on 2025-11-03 02:53:15.902171+00:00
[2025-11-03T03:53:18.889+0000] {standard_task_runner.py:57} INFO - Started process 9996 to run task
[2025-11-03T03:53:18.891+0000] {standard_task_runner.py:84} INFO - Running: ['***', 'tasks', 'run', 'nyc_weather_etl', 'spark_process_weather_to_iceberg', 'scheduled__2025-11-03T02:53:15.902171+00:00', '--job-id', '95', '--raw', '--subdir', 'DAGS_FOLDER/nyc_weather_etl.py', '--cfg-path', '/tmp/tmpl815cdrz']
[2025-11-03T03:53:18.893+0000] {standard_task_runner.py:85} INFO - Job 95: Subtask spark_process_weather_to_iceberg
[2025-11-03T03:53:18.916+0000] {task_command.py:415} INFO - Running <TaskInstance: nyc_weather_etl.spark_process_weather_to_iceberg scheduled__2025-11-03T02:53:15.902171+00:00 [running]> on host ec57452a9f33
[2025-11-03T03:53:19.046+0000] {taskinstance.py:1660} INFO - Exporting env vars: AIRFLOW_CTX_DAG_OWNER='data-engineering' AIRFLOW_CTX_DAG_ID='nyc_weather_etl' AIRFLOW_CTX_TASK_ID='spark_process_weather_to_iceberg' AIRFLOW_CTX_EXECUTION_DATE='2025-11-03T02:53:15.902171+00:00' AIRFLOW_CTX_TRY_NUMBER='1' AIRFLOW_CTX_DAG_RUN_ID='scheduled__2025-11-03T02:53:15.902171+00:00'
[2025-11-03T03:53:19.046+0000] {base.py:73} INFO - Using connection ID 'spark_default' for task execution.
[2025-11-03T03:53:19.047+0000] {spark_submit.py:340} INFO - Spark-Submit cmd: /opt/bitnami/spark/bin/spark-submit --master spark-master:7077 --conf spark.master=spark://spark-master:7077 --conf spark.sql.catalog.spark_catalog=org.apache.iceberg.spark.SparkSessionCatalog --conf spark.sql.catalog.spark_catalog.type=hive --conf spark.sql.catalog.iceberg=org.apache.iceberg.spark.SparkCatalog --conf spark.sql.catalog.iceberg.type=hadoop --conf spark.sql.catalog.iceberg.warehouse=s3a://lakehouse/warehouse --conf spark.sql.extensions=org.apache.iceberg.spark.extensions.IcebergSparkSessionExtensions --conf spark.hadoop.fs.s3a.endpoint=http://minio:9000 --conf spark.hadoop.fs.s3a.access.key=admin --conf spark.hadoop.fs.s3a.secret.key=****** --conf spark.hadoop.fs.s3a.path.style.access=true --conf spark.hadoop.fs.s3a.impl=org.apache.hadoop.fs.s3a.S3AFileSystem --jars /opt/***/jars/iceberg-spark-runtime-3.5_2.12-1.4.2.jar,/opt/***/jars/aws-java-sdk-bundle-1.12.367.jar,/opt/***/jars/hadoop-aws-3.3.4.jar --name arrow-spark /opt/***/dags/spark_jobs/weather_to_iceberg.py /opt/***/data/weather/weather_data_20251103_03.json
[2025-11-03T03:53:19.173+0000] {spark_submit.py:491} INFO - [0.001s][warning][perf,memops] Cannot use file /tmp/hsperfdata_***/10001 because it is locked by another process (errno = 11)
[2025-11-03T03:53:19.847+0000] {spark_submit.py:491} INFO - 25/11/03 03:53:19 WARN NativeCodeLoader: Unable to load native-hadoop library for your platform... using builtin-java classes where applicable
[2025-11-03T03:53:20.548+0000] {spark_submit.py:491} INFO - 25/11/03 03:53:20 INFO SparkContext: Running Spark version 3.5.1
[2025-11-03T03:53:20.550+0000] {spark_submit.py:491} INFO - 25/11/03 03:53:20 INFO SparkContext: OS info Linux, 6.10.14-linuxkit, aarch64
[2025-11-03T03:53:20.550+0000] {spark_submit.py:491} INFO - 25/11/03 03:53:20 INFO SparkContext: Java version 11.0.28
[2025-11-03T03:53:20.560+0000] {spark_submit.py:491} INFO - 25/11/03 03:53:20 INFO ResourceUtils: ==============================================================
[2025-11-03T03:53:20.560+0000] {spark_submit.py:491} INFO - 25/11/03 03:53:20 INFO ResourceUtils: No custom resources configured for spark.driver.
[2025-11-03T03:53:20.560+0000] {spark_submit.py:491} INFO - 25/11/03 03:53:20 INFO ResourceUtils: ==============================================================
[2025-11-03T03:53:20.560+0000] {spark_submit.py:491} INFO - 25/11/03 03:53:20 INFO SparkContext: Submitted application: Weather to Iceberg ETL
[2025-11-03T03:53:20.569+0000] {spark_submit.py:491} INFO - 25/11/03 03:53:20 INFO ResourceProfile: Default ResourceProfile created, executor resources: Map(cores -> name: cores, amount: 1, script: , vendor: , memory -> name: memory, amount: 1024, script: , vendor: , offHeap -> name: offHeap, amount: 0, script: , vendor: ), task resources: Map(cpus -> name: cpus, amount: 1.0)
[2025-11-03T03:53:20.573+0000] {spark_submit.py:491} INFO - 25/11/03 03:53:20 INFO ResourceProfile: Limiting resource is cpu
[2025-11-03T03:53:20.573+0000] {spark_submit.py:491} INFO - 25/11/03 03:53:20 INFO ResourceProfileManager: Added ResourceProfile id: 0
[2025-11-03T03:53:20.602+0000] {spark_submit.py:491} INFO - 25/11/03 03:53:20 INFO SecurityManager: Changing view acls to: ***
[2025-11-03T03:53:20.602+0000] {spark_submit.py:491} INFO - 25/11/03 03:53:20 INFO SecurityManager: Changing modify acls to: ***
[2025-11-03T03:53:20.602+0000] {spark_submit.py:491} INFO - 25/11/03 03:53:20 INFO SecurityManager: Changing view acls groups to:
[2025-11-03T03:53:20.603+0000] {spark_submit.py:491} INFO - 25/11/03 03:53:20 INFO SecurityManager: Changing modify acls groups to:
[2025-11-03T03:53:20.603+0000] {spark_submit.py:491} INFO - 25/11/03 03:53:20 INFO SecurityManager: SecurityManager: authentication disabled; ui acls disabled; users with view permissions: ***; groups with view permissions: EMPTY; users with modify permissions: ***; groups with modify permissions: EMPTY
[2025-11-03T03:53:20.746+0000] {spark_submit.py:491} INFO - 25/11/03 03:53:20 INFO Utils: Successfully started service 'sparkDriver' on port 41241.
[2025-11-03T03:53:20.763+0000] {spark_submit.py:491} INFO - 25/11/03 03:53:20 INFO SparkEnv: Registering MapOutputTracker
[2025-11-03T03:53:20.778+0000] {spark_submit.py:491} INFO - 25/11/03 03:53:20 INFO SparkEnv: Registering BlockManagerMaster
[2025-11-03T03:53:20.787+0000] {spark_submit.py:491} INFO - 25/11/03 03:53:20 INFO BlockManagerMasterEndpoint: Using org.apache.spark.storage.DefaultTopologyMapper for getting topology information
[2025-11-03T03:53:20.788+0000] {spark_submit.py:491} INFO - 25/11/03 03:53:20 INFO BlockManagerMasterEndpoint: BlockManagerMasterEndpoint up
[2025-11-03T03:53:20.789+0000] {spark_submit.py:491} INFO - 25/11/03 03:53:20 INFO SparkEnv: Registering BlockManagerMasterHeartbeat
[2025-11-03T03:53:20.799+0000] {spark_submit.py:491} INFO - 25/11/03 03:53:20 INFO DiskBlockManager: Created local directory at /tmp/blockmgr-37162f3c-09d3-4792-ae78-a67f265cfd24
[2025-11-03T03:53:20.806+0000] {spark_submit.py:491} INFO - 25/11/03 03:53:20 INFO MemoryStore: MemoryStore started with capacity 434.4 MiB
[2025-11-03T03:53:20.812+0000] {spark_submit.py:491} INFO - 25/11/03 03:53:20 INFO SparkEnv: Registering OutputCommitCoordinator
[2025-11-03T03:53:20.883+0000] {spark_submit.py:491} INFO - 25/11/03 03:53:20 INFO JettyUtils: Start Jetty 0.0.0.0:4040 for SparkUI
[2025-11-03T03:53:20.910+0000] {spark_submit.py:491} INFO - 25/11/03 03:53:20 WARN Utils: Service 'SparkUI' could not bind on port 4040. Attempting port 4041.
[2025-11-03T03:53:20.916+0000] {spark_submit.py:491} INFO - 25/11/03 03:53:20 INFO Utils: Successfully started service 'SparkUI' on port 4041.
[2025-11-03T03:53:20.937+0000] {spark_submit.py:491} INFO - 25/11/03 03:53:20 INFO SparkContext: Added JAR file:///opt/***/jars/iceberg-spark-runtime-3.5_2.12-1.4.2.jar at spark://ec57452a9f33:41241/jars/iceberg-spark-runtime-3.5_2.12-1.4.2.jar with timestamp 1762142000544
[2025-11-03T03:53:20.937+0000] {spark_submit.py:491} INFO - 25/11/03 03:53:20 INFO SparkContext: Added JAR file:///opt/***/jars/aws-java-sdk-bundle-1.12.367.jar at spark://ec57452a9f33:41241/jars/aws-java-sdk-bundle-1.12.367.jar with timestamp 1762142000544
[2025-11-03T03:53:20.937+0000] {spark_submit.py:491} INFO - 25/11/03 03:53:20 INFO SparkContext: Added JAR file:///opt/***/jars/hadoop-aws-3.3.4.jar at spark://ec57452a9f33:41241/jars/hadoop-aws-3.3.4.jar with timestamp 1762142000544
[2025-11-03T03:53:20.973+0000] {spark_submit.py:491} INFO - 25/11/03 03:53:20 INFO Executor: Starting executor ID driver on host ec57452a9f33
[2025-11-03T03:53:20.973+0000] {spark_submit.py:491} INFO - 25/11/03 03:53:20 INFO Executor: OS info Linux, 6.10.14-linuxkit, aarch64
[2025-11-03T03:53:20.973+0000] {spark_submit.py:491} INFO - 25/11/03 03:53:20 INFO Executor: Java version 11.0.28
[2025-11-03T03:53:20.976+0000] {spark_submit.py:491} INFO - 25/11/03 03:53:20 INFO Executor: Starting executor with user classpath (userClassPathFirst = false): ''
[2025-11-03T03:53:20.976+0000] {spark_submit.py:491} INFO - 25/11/03 03:53:20 INFO Executor: Created or updated repl class loader org.apache.spark.util.MutableURLClassLoader@169ed2b4 for default.
[2025-11-03T03:53:20.983+0000] {spark_submit.py:491} INFO - 25/11/03 03:53:20 INFO Executor: Fetching spark://ec57452a9f33:41241/jars/aws-java-sdk-bundle-1.12.367.jar with timestamp 1762142000544
[2025-11-03T03:53:21.014+0000] {spark_submit.py:491} INFO - 25/11/03 03:53:21 INFO TransportClientFactory: Successfully created connection to ec57452a9f33/172.18.0.4:41241 after 12 ms (0 ms spent in bootstraps)
[2025-11-03T03:53:21.022+0000] {spark_submit.py:491} INFO - 25/11/03 03:53:21 INFO Utils: Fetching spark://ec57452a9f33:41241/jars/aws-java-sdk-bundle-1.12.367.jar to /tmp/spark-3fffb1c4-3798-4a3a-9984-bd6f4a1cd2e2/userFiles-f38391e9-624b-43ec-96c5-fef8c22836ce/fetchFileTemp6759099056288999881.tmp
[2025-11-03T03:53:21.482+0000] {spark_submit.py:491} INFO - 25/11/03 03:53:21 INFO Executor: Adding file:/tmp/spark-3fffb1c4-3798-4a3a-9984-bd6f4a1cd2e2/userFiles-f38391e9-624b-43ec-96c5-fef8c22836ce/aws-java-sdk-bundle-1.12.367.jar to class loader default
[2025-11-03T03:53:21.483+0000] {spark_submit.py:491} INFO - 25/11/03 03:53:21 INFO Executor: Fetching spark://ec57452a9f33:41241/jars/hadoop-aws-3.3.4.jar with timestamp 1762142000544
[2025-11-03T03:53:21.483+0000] {spark_submit.py:491} INFO - 25/11/03 03:53:21 INFO Utils: Fetching spark://ec57452a9f33:41241/jars/hadoop-aws-3.3.4.jar to /tmp/spark-3fffb1c4-3798-4a3a-9984-bd6f4a1cd2e2/userFiles-f38391e9-624b-43ec-96c5-fef8c22836ce/fetchFileTemp3179787256097982376.tmp
[2025-11-03T03:53:21.492+0000] {spark_submit.py:491} INFO - 25/11/03 03:53:21 INFO Executor: Adding file:/tmp/spark-3fffb1c4-3798-4a3a-9984-bd6f4a1cd2e2/userFiles-f38391e9-624b-43ec-96c5-fef8c22836ce/hadoop-aws-3.3.4.jar to class loader default
[2025-11-03T03:53:21.492+0000] {spark_submit.py:491} INFO - 25/11/03 03:53:21 INFO Executor: Fetching spark://ec57452a9f33:41241/jars/iceberg-spark-runtime-3.5_2.12-1.4.2.jar with timestamp 1762142000544
[2025-11-03T03:53:21.493+0000] {spark_submit.py:491} INFO - 25/11/03 03:53:21 INFO Utils: Fetching spark://ec57452a9f33:41241/jars/iceberg-spark-runtime-3.5_2.12-1.4.2.jar to /tmp/spark-3fffb1c4-3798-4a3a-9984-bd6f4a1cd2e2/userFiles-f38391e9-624b-43ec-96c5-fef8c22836ce/fetchFileTemp12959360910243765563.tmp
[2025-11-03T03:53:21.535+0000] {spark_submit.py:491} INFO - 25/11/03 03:53:21 INFO Executor: Adding file:/tmp/spark-3fffb1c4-3798-4a3a-9984-bd6f4a1cd2e2/userFiles-f38391e9-624b-43ec-96c5-fef8c22836ce/iceberg-spark-runtime-3.5_2.12-1.4.2.jar to class loader default
[2025-11-03T03:53:21.540+0000] {spark_submit.py:491} INFO - 25/11/03 03:53:21 INFO Utils: Successfully started service 'org.apache.spark.network.netty.NettyBlockTransferService' on port 39213.
[2025-11-03T03:53:21.541+0000] {spark_submit.py:491} INFO - 25/11/03 03:53:21 INFO NettyBlockTransferService: Server created on ec57452a9f33:39213
[2025-11-03T03:53:21.542+0000] {spark_submit.py:491} INFO - 25/11/03 03:53:21 INFO BlockManager: Using org.apache.spark.storage.RandomBlockReplicationPolicy for block replication policy
[2025-11-03T03:53:21.544+0000] {spark_submit.py:491} INFO - 25/11/03 03:53:21 INFO BlockManagerMaster: Registering BlockManager BlockManagerId(driver, ec57452a9f33, 39213, None)
[2025-11-03T03:53:21.546+0000] {spark_submit.py:491} INFO - 25/11/03 03:53:21 INFO BlockManagerMasterEndpoint: Registering block manager ec57452a9f33:39213 with 434.4 MiB RAM, BlockManagerId(driver, ec57452a9f33, 39213, None)
[2025-11-03T03:53:21.547+0000] {spark_submit.py:491} INFO - 25/11/03 03:53:21 INFO BlockManagerMaster: Registered BlockManager BlockManagerId(driver, ec57452a9f33, 39213, None)
[2025-11-03T03:53:21.548+0000] {spark_submit.py:491} INFO - 25/11/03 03:53:21 INFO BlockManager: Initialized BlockManager: BlockManagerId(driver, ec57452a9f33, 39213, None)
[2025-11-03T03:53:23.010+0000] {spark_submit.py:491} INFO - 25/11/03 03:53:23 WARN MetricsConfig: Cannot locate configuration: tried hadoop-metrics2-s3a-file-system.properties,hadoop-metrics2.properties
[2025-11-03T03:53:23.744+0000] {spark_submit.py:491} INFO - Created/verified weather table
[2025-11-03T03:53:23.745+0000] {spark_submit.py:491} INFO - Reading weather data from: /opt/***/data/weather/weather_data_20251103_03.json
[2025-11-03T03:53:25.049+0000] {spark_submit.py:491} INFO - Raw weather data count: 24
[2025-11-03T03:53:25.051+0000] {spark_submit.py:491} INFO - root
[2025-11-03T03:53:25.051+0000] {spark_submit.py:491} INFO - |-- timestamp: string (nullable = true)
[2025-11-03T03:53:25.051+0000] {spark_submit.py:491} INFO - |-- location: string (nullable = true)
[2025-11-03T03:53:25.051+0000] {spark_submit.py:491} INFO - |-- latitude: double (nullable = true)
[2025-11-03T03:53:25.051+0000] {spark_submit.py:491} INFO - |-- longitude: double (nullable = true)
[2025-11-03T03:53:25.052+0000] {spark_submit.py:491} INFO - |-- temperature_celsius: double (nullable = true)
[2025-11-03T03:53:25.052+0000] {spark_submit.py:491} INFO - |-- temperature_fahrenheit: double (nullable = true)
[2025-11-03T03:53:25.052+0000] {spark_submit.py:491} INFO - |-- humidity_percent: double (nullable = true)
[2025-11-03T03:53:25.053+0000] {spark_submit.py:491} INFO - |-- pressure_hpa: double (nullable = true)
[2025-11-03T03:53:25.053+0000] {spark_submit.py:491} INFO - |-- wind_speed_kmh: double (nullable = true)
[2025-11-03T03:53:25.053+0000] {spark_submit.py:491} INFO - |-- weather_condition: string (nullable = true)
[2025-11-03T03:53:25.053+0000] {spark_submit.py:491} INFO - |-- visibility_km: double (nullable = true)
[2025-11-03T03:53:25.054+0000] {spark_submit.py:491} INFO - |-- uv_index: double (nullable = true)
[2025-11-03T03:53:25.054+0000] {spark_submit.py:491} INFO - |-- hour: integer (nullable = true)
[2025-11-03T03:53:25.054+0000] {spark_submit.py:491} INFO - |-- day_of_week: integer (nullable = true)
[2025-11-03T03:53:25.054+0000] {spark_submit.py:491} INFO - |-- is_weekend: boolean (nullable = true)
[2025-11-03T03:53:25.054+0000] {spark_submit.py:491} INFO - 
[2025-11-03T03:53:25.321+0000] {spark_submit.py:491} INFO - Processed weather data count: 24
[2025-11-03T03:53:26.435+0000] {spark_submit.py:491} INFO - Successfully wrote weather data to Iceberg table
[2025-11-03T03:53:27.763+0000] {spark_submit.py:491} INFO - +------------+------------------+-----------------+-----------------+--------------------+
[2025-11-03T03:53:27.763+0000] {spark_submit.py:491} INFO - |weather_date|        avg_temp_c|     avg_humidity|   avg_wind_speed|          conditions|
[2025-11-03T03:53:27.763+0000] {spark_submit.py:491} INFO - +------------+------------------+-----------------+-----------------+--------------------+
[2025-11-03T03:53:27.763+0000] {spark_submit.py:491} INFO - |  2025-11-03|14.573529411764707|63.68235294117647|5.776470588235294|[clear, snow, rai...|
[2025-11-03T03:53:27.763+0000] {spark_submit.py:491} INFO - |  2025-11-02| 18.22990291262136|62.65436893203884|7.680582524271844|[clear, snow, rai...|
[2025-11-03T03:53:27.764+0000] {spark_submit.py:491} INFO - +------------+------------------+-----------------+-----------------+--------------------+
[2025-11-03T03:53:27.764+0000] {spark_submit.py:491} INFO - 
[2025-11-03T03:53:27.764+0000] {spark_submit.py:491} INFO - Weather ETL job completed successfully!
[2025-11-03T03:53:28.682+0000] {taskinstance.py:1398} INFO - Marking task as SUCCESS. dag_id=nyc_weather_etl, task_id=spark_process_weather_to_iceberg, execution_date=20251103T025315, start_date=20251103T035318, end_date=20251103T035328
[2025-11-03T03:53:28.720+0000] {local_task_job_runner.py:228} INFO - Task exited with return code 0
[2025-11-03T03:53:28.729+0000] {taskinstance.py:2776} INFO - 0 downstream tasks scheduled from follow-on schedule check
