[2025-11-02T12:54:08.212+0000] {taskinstance.py:1157} INFO - Dependencies all met for dep_context=non-requeueable deps ti=<TaskInstance: nyc_weather_etl.spark_process_location_to_iceberg scheduled__2025-11-02T11:53:50.843133+00:00 [queued]>
[2025-11-02T12:54:08.217+0000] {taskinstance.py:1157} INFO - Dependencies all met for dep_context=requeueable deps ti=<TaskInstance: nyc_weather_etl.spark_process_location_to_iceberg scheduled__2025-11-02T11:53:50.843133+00:00 [queued]>
[2025-11-02T12:54:08.217+0000] {taskinstance.py:1359} INFO - Starting attempt 1 of 1
[2025-11-02T12:54:08.222+0000] {taskinstance.py:1380} INFO - Executing <Task(SparkSubmitOperator): spark_process_location_to_iceberg> on 2025-11-02 11:53:50.843133+00:00
[2025-11-02T12:54:08.224+0000] {standard_task_runner.py:57} INFO - Started process 723 to run task
[2025-11-02T12:54:08.225+0000] {standard_task_runner.py:84} INFO - Running: ['***', 'tasks', 'run', 'nyc_weather_etl', 'spark_process_location_to_iceberg', 'scheduled__2025-11-02T11:53:50.843133+00:00', '--job-id', '14', '--raw', '--subdir', 'DAGS_FOLDER/nyc_weather_etl.py', '--cfg-path', '/tmp/tmph3zcxx_t']
[2025-11-02T12:54:08.226+0000] {standard_task_runner.py:85} INFO - Job 14: Subtask spark_process_location_to_iceberg
[2025-11-02T12:54:08.322+0000] {task_command.py:415} INFO - Running <TaskInstance: nyc_weather_etl.spark_process_location_to_iceberg scheduled__2025-11-02T11:53:50.843133+00:00 [running]> on host ec57452a9f33
[2025-11-02T12:54:08.350+0000] {taskinstance.py:1660} INFO - Exporting env vars: AIRFLOW_CTX_DAG_OWNER='data-engineering' AIRFLOW_CTX_DAG_ID='nyc_weather_etl' AIRFLOW_CTX_TASK_ID='spark_process_location_to_iceberg' AIRFLOW_CTX_EXECUTION_DATE='2025-11-02T11:53:50.843133+00:00' AIRFLOW_CTX_TRY_NUMBER='1' AIRFLOW_CTX_DAG_RUN_ID='scheduled__2025-11-02T11:53:50.843133+00:00'
[2025-11-02T12:54:08.350+0000] {base.py:73} INFO - Using connection ID 'spark_default' for task execution.
[2025-11-02T12:54:08.351+0000] {spark_submit.py:340} INFO - Spark-Submit cmd: /opt/bitnami/spark/bin/spark-submit --master spark-master:7077 --conf spark.master=spark://spark-master:7077 --conf spark.sql.catalog.spark_catalog=org.apache.iceberg.spark.SparkSessionCatalog --conf spark.sql.catalog.spark_catalog.type=hive --conf spark.sql.catalog.iceberg=org.apache.iceberg.spark.SparkCatalog --conf spark.sql.catalog.iceberg.type=hadoop --conf spark.sql.catalog.iceberg.warehouse=s3a://lakehouse/warehouse --conf spark.sql.extensions=org.apache.iceberg.spark.extensions.IcebergSparkSessionExtensions --conf spark.hadoop.fs.s3a.endpoint=http://minio:9000 --conf spark.hadoop.fs.s3a.access.key=admin --conf spark.hadoop.fs.s3a.secret.key=****** --conf spark.hadoop.fs.s3a.path.style.access=true --conf spark.hadoop.fs.s3a.impl=org.apache.hadoop.fs.s3a.S3AFileSystem --jars /opt/***/jars/iceberg-spark-runtime-3.5_2.12-1.4.2.jar,/opt/***/jars/aws-java-sdk-bundle-1.12.367.jar,/opt/***/jars/hadoop-aws-3.3.4.jar --name arrow-spark /opt/***/dags/spark_jobs/location_to_iceberg.py /opt/***/data/locations/nyc_taxi_zones.json
[2025-11-02T12:54:09.087+0000] {spark_submit.py:491} INFO - 25/11/02 12:54:09 WARN NativeCodeLoader: Unable to load native-hadoop library for your platform... using builtin-java classes where applicable
[2025-11-02T12:54:09.563+0000] {spark_submit.py:491} INFO - 25/11/02 12:54:09 INFO SparkContext: Running Spark version 3.5.1
[2025-11-02T12:54:09.566+0000] {spark_submit.py:491} INFO - 25/11/02 12:54:09 INFO SparkContext: OS info Linux, 6.10.14-linuxkit, aarch64
[2025-11-02T12:54:09.566+0000] {spark_submit.py:491} INFO - 25/11/02 12:54:09 INFO SparkContext: Java version 11.0.28
[2025-11-02T12:54:09.574+0000] {spark_submit.py:491} INFO - 25/11/02 12:54:09 INFO ResourceUtils: ==============================================================
[2025-11-02T12:54:09.574+0000] {spark_submit.py:491} INFO - 25/11/02 12:54:09 INFO ResourceUtils: No custom resources configured for spark.driver.
[2025-11-02T12:54:09.574+0000] {spark_submit.py:491} INFO - 25/11/02 12:54:09 INFO ResourceUtils: ==============================================================
[2025-11-02T12:54:09.574+0000] {spark_submit.py:491} INFO - 25/11/02 12:54:09 INFO SparkContext: Submitted application: Location to Iceberg ETL
[2025-11-02T12:54:09.582+0000] {spark_submit.py:491} INFO - 25/11/02 12:54:09 INFO ResourceProfile: Default ResourceProfile created, executor resources: Map(cores -> name: cores, amount: 1, script: , vendor: , memory -> name: memory, amount: 1024, script: , vendor: , offHeap -> name: offHeap, amount: 0, script: , vendor: ), task resources: Map(cpus -> name: cpus, amount: 1.0)
[2025-11-02T12:54:09.586+0000] {spark_submit.py:491} INFO - 25/11/02 12:54:09 INFO ResourceProfile: Limiting resource is cpu
[2025-11-02T12:54:09.586+0000] {spark_submit.py:491} INFO - 25/11/02 12:54:09 INFO ResourceProfileManager: Added ResourceProfile id: 0
[2025-11-02T12:54:09.669+0000] {spark_submit.py:491} INFO - 25/11/02 12:54:09 INFO SecurityManager: Changing view acls to: ***
[2025-11-02T12:54:09.670+0000] {spark_submit.py:491} INFO - 25/11/02 12:54:09 INFO SecurityManager: Changing modify acls to: ***
[2025-11-02T12:54:09.670+0000] {spark_submit.py:491} INFO - 25/11/02 12:54:09 INFO SecurityManager: Changing view acls groups to:
[2025-11-02T12:54:09.670+0000] {spark_submit.py:491} INFO - 25/11/02 12:54:09 INFO SecurityManager: Changing modify acls groups to:
[2025-11-02T12:54:09.670+0000] {spark_submit.py:491} INFO - 25/11/02 12:54:09 INFO SecurityManager: SecurityManager: authentication disabled; ui acls disabled; users with view permissions: ***; groups with view permissions: EMPTY; users with modify permissions: ***; groups with modify permissions: EMPTY
[2025-11-02T12:54:09.760+0000] {spark_submit.py:491} INFO - 25/11/02 12:54:09 INFO Utils: Successfully started service 'sparkDriver' on port 38547.
[2025-11-02T12:54:09.778+0000] {spark_submit.py:491} INFO - 25/11/02 12:54:09 INFO SparkEnv: Registering MapOutputTracker
[2025-11-02T12:54:09.795+0000] {spark_submit.py:491} INFO - 25/11/02 12:54:09 INFO SparkEnv: Registering BlockManagerMaster
[2025-11-02T12:54:09.804+0000] {spark_submit.py:491} INFO - 25/11/02 12:54:09 INFO BlockManagerMasterEndpoint: Using org.apache.spark.storage.DefaultTopologyMapper for getting topology information
[2025-11-02T12:54:09.804+0000] {spark_submit.py:491} INFO - 25/11/02 12:54:09 INFO BlockManagerMasterEndpoint: BlockManagerMasterEndpoint up
[2025-11-02T12:54:09.807+0000] {spark_submit.py:491} INFO - 25/11/02 12:54:09 INFO SparkEnv: Registering BlockManagerMasterHeartbeat
[2025-11-02T12:54:09.816+0000] {spark_submit.py:491} INFO - 25/11/02 12:54:09 INFO DiskBlockManager: Created local directory at /tmp/blockmgr-2721bb34-83a8-468a-a1cc-a2acd4e1ae21
[2025-11-02T12:54:09.822+0000] {spark_submit.py:491} INFO - 25/11/02 12:54:09 INFO MemoryStore: MemoryStore started with capacity 434.4 MiB
[2025-11-02T12:54:09.829+0000] {spark_submit.py:491} INFO - 25/11/02 12:54:09 INFO SparkEnv: Registering OutputCommitCoordinator
[2025-11-02T12:54:09.886+0000] {spark_submit.py:491} INFO - 25/11/02 12:54:09 INFO JettyUtils: Start Jetty 0.0.0.0:4040 for SparkUI
[2025-11-02T12:54:09.909+0000] {spark_submit.py:491} INFO - 25/11/02 12:54:09 INFO Utils: Successfully started service 'SparkUI' on port 4040.
[2025-11-02T12:54:09.924+0000] {spark_submit.py:491} INFO - 25/11/02 12:54:09 INFO SparkContext: Added JAR file:///opt/***/jars/iceberg-spark-runtime-3.5_2.12-1.4.2.jar at spark://ec57452a9f33:38547/jars/iceberg-spark-runtime-3.5_2.12-1.4.2.jar with timestamp 1762088049559
[2025-11-02T12:54:09.924+0000] {spark_submit.py:491} INFO - 25/11/02 12:54:09 INFO SparkContext: Added JAR file:///opt/***/jars/aws-java-sdk-bundle-1.12.367.jar at spark://ec57452a9f33:38547/jars/aws-java-sdk-bundle-1.12.367.jar with timestamp 1762088049559
[2025-11-02T12:54:09.924+0000] {spark_submit.py:491} INFO - 25/11/02 12:54:09 INFO SparkContext: Added JAR file:///opt/***/jars/hadoop-aws-3.3.4.jar at spark://ec57452a9f33:38547/jars/hadoop-aws-3.3.4.jar with timestamp 1762088049559
[2025-11-02T12:54:09.947+0000] {spark_submit.py:491} INFO - 25/11/02 12:54:09 INFO Executor: Starting executor ID driver on host ec57452a9f33
[2025-11-02T12:54:09.947+0000] {spark_submit.py:491} INFO - 25/11/02 12:54:09 INFO Executor: OS info Linux, 6.10.14-linuxkit, aarch64
[2025-11-02T12:54:09.947+0000] {spark_submit.py:491} INFO - 25/11/02 12:54:09 INFO Executor: Java version 11.0.28
[2025-11-02T12:54:09.949+0000] {spark_submit.py:491} INFO - 25/11/02 12:54:09 INFO Executor: Starting executor with user classpath (userClassPathFirst = false): ''
[2025-11-02T12:54:09.949+0000] {spark_submit.py:491} INFO - 25/11/02 12:54:09 INFO Executor: Created or updated repl class loader org.apache.spark.util.MutableURLClassLoader@1d58005b for default.
[2025-11-02T12:54:09.955+0000] {spark_submit.py:491} INFO - 25/11/02 12:54:09 INFO Executor: Fetching spark://ec57452a9f33:38547/jars/aws-java-sdk-bundle-1.12.367.jar with timestamp 1762088049559
[2025-11-02T12:54:09.980+0000] {spark_submit.py:491} INFO - 25/11/02 12:54:09 INFO TransportClientFactory: Successfully created connection to ec57452a9f33/172.18.0.14:38547 after 12 ms (0 ms spent in bootstraps)
[2025-11-02T12:54:09.982+0000] {spark_submit.py:491} INFO - 25/11/02 12:54:09 INFO Utils: Fetching spark://ec57452a9f33:38547/jars/aws-java-sdk-bundle-1.12.367.jar to /tmp/spark-b280a5d2-a1ba-4dda-8b0f-a813d220f6ff/userFiles-0c1f004d-919d-4080-8473-1ac9565787b1/fetchFileTemp4405618505768670742.tmp
[2025-11-02T12:54:10.386+0000] {spark_submit.py:491} INFO - 25/11/02 12:54:10 INFO Executor: Adding file:/tmp/spark-b280a5d2-a1ba-4dda-8b0f-a813d220f6ff/userFiles-0c1f004d-919d-4080-8473-1ac9565787b1/aws-java-sdk-bundle-1.12.367.jar to class loader default
[2025-11-02T12:54:10.387+0000] {spark_submit.py:491} INFO - 25/11/02 12:54:10 INFO Executor: Fetching spark://ec57452a9f33:38547/jars/hadoop-aws-3.3.4.jar with timestamp 1762088049559
[2025-11-02T12:54:10.388+0000] {spark_submit.py:491} INFO - 25/11/02 12:54:10 INFO Utils: Fetching spark://ec57452a9f33:38547/jars/hadoop-aws-3.3.4.jar to /tmp/spark-b280a5d2-a1ba-4dda-8b0f-a813d220f6ff/userFiles-0c1f004d-919d-4080-8473-1ac9565787b1/fetchFileTemp185656330094338702.tmp
[2025-11-02T12:54:10.393+0000] {spark_submit.py:491} INFO - 25/11/02 12:54:10 INFO Executor: Adding file:/tmp/spark-b280a5d2-a1ba-4dda-8b0f-a813d220f6ff/userFiles-0c1f004d-919d-4080-8473-1ac9565787b1/hadoop-aws-3.3.4.jar to class loader default
[2025-11-02T12:54:10.393+0000] {spark_submit.py:491} INFO - 25/11/02 12:54:10 INFO Executor: Fetching spark://ec57452a9f33:38547/jars/iceberg-spark-runtime-3.5_2.12-1.4.2.jar with timestamp 1762088049559
[2025-11-02T12:54:10.393+0000] {spark_submit.py:491} INFO - 25/11/02 12:54:10 INFO Utils: Fetching spark://ec57452a9f33:38547/jars/iceberg-spark-runtime-3.5_2.12-1.4.2.jar to /tmp/spark-b280a5d2-a1ba-4dda-8b0f-a813d220f6ff/userFiles-0c1f004d-919d-4080-8473-1ac9565787b1/fetchFileTemp6855317947327961929.tmp
[2025-11-02T12:54:10.427+0000] {spark_submit.py:491} INFO - 25/11/02 12:54:10 INFO Executor: Adding file:/tmp/spark-b280a5d2-a1ba-4dda-8b0f-a813d220f6ff/userFiles-0c1f004d-919d-4080-8473-1ac9565787b1/iceberg-spark-runtime-3.5_2.12-1.4.2.jar to class loader default
[2025-11-02T12:54:10.437+0000] {spark_submit.py:491} INFO - 25/11/02 12:54:10 INFO Utils: Successfully started service 'org.apache.spark.network.netty.NettyBlockTransferService' on port 36711.
[2025-11-02T12:54:10.437+0000] {spark_submit.py:491} INFO - 25/11/02 12:54:10 INFO NettyBlockTransferService: Server created on ec57452a9f33:36711
[2025-11-02T12:54:10.439+0000] {spark_submit.py:491} INFO - 25/11/02 12:54:10 INFO BlockManager: Using org.apache.spark.storage.RandomBlockReplicationPolicy for block replication policy
[2025-11-02T12:54:10.443+0000] {spark_submit.py:491} INFO - 25/11/02 12:54:10 INFO BlockManagerMaster: Registering BlockManager BlockManagerId(driver, ec57452a9f33, 36711, None)
[2025-11-02T12:54:10.445+0000] {spark_submit.py:491} INFO - 25/11/02 12:54:10 INFO BlockManagerMasterEndpoint: Registering block manager ec57452a9f33:36711 with 434.4 MiB RAM, BlockManagerId(driver, ec57452a9f33, 36711, None)
[2025-11-02T12:54:10.448+0000] {spark_submit.py:491} INFO - 25/11/02 12:54:10 INFO BlockManagerMaster: Registered BlockManager BlockManagerId(driver, ec57452a9f33, 36711, None)
[2025-11-02T12:54:10.450+0000] {spark_submit.py:491} INFO - 25/11/02 12:54:10 INFO BlockManager: Initialized BlockManager: BlockManagerId(driver, ec57452a9f33, 36711, None)
[2025-11-02T12:54:11.836+0000] {spark_submit.py:491} INFO - 25/11/02 12:54:11 WARN MetricsConfig: Cannot locate configuration: tried hadoop-metrics2-s3a-file-system.properties,hadoop-metrics2.properties
[2025-11-02T12:54:12.777+0000] {spark_submit.py:491} INFO - Created/verified taxi zones table
[2025-11-02T12:54:12.777+0000] {spark_submit.py:491} INFO - Reading location data from: /opt/***/data/locations/nyc_taxi_zones.json
[2025-11-02T12:54:13.929+0000] {spark_submit.py:491} INFO - Raw location data count: 16
[2025-11-02T12:54:13.930+0000] {spark_submit.py:491} INFO - root
[2025-11-02T12:54:13.930+0000] {spark_submit.py:491} INFO - |-- borough: string (nullable = true)
[2025-11-02T12:54:13.931+0000] {spark_submit.py:491} INFO - |-- created_at: string (nullable = true)
[2025-11-02T12:54:13.931+0000] {spark_submit.py:491} INFO - |-- is_business_district: boolean (nullable = true)
[2025-11-02T12:54:13.931+0000] {spark_submit.py:491} INFO - |-- is_tourist_area: boolean (nullable = true)
[2025-11-02T12:54:13.931+0000] {spark_submit.py:491} INFO - |-- lat: double (nullable = true)
[2025-11-02T12:54:13.931+0000] {spark_submit.py:491} INFO - |-- location_id: long (nullable = true)
[2025-11-02T12:54:13.931+0000] {spark_submit.py:491} INFO - |-- lon: double (nullable = true)
[2025-11-02T12:54:13.931+0000] {spark_submit.py:491} INFO - |-- zone: string (nullable = true)
[2025-11-02T12:54:13.931+0000] {spark_submit.py:491} INFO - |-- zone_type: string (nullable = true)
[2025-11-02T12:54:13.931+0000] {spark_submit.py:491} INFO - 
[2025-11-02T12:54:14.114+0000] {spark_submit.py:491} INFO - Processed location data count: 16
[2025-11-02T12:54:15.154+0000] {spark_submit.py:491} INFO - Successfully wrote location data to Iceberg table
[2025-11-02T12:54:16.302+0000] {spark_submit.py:491} INFO - +---------+----------+-------------+--------------+
[2025-11-02T12:54:16.302+0000] {spark_submit.py:491} INFO - |  borough|zone_count|tourist_zones|business_zones|
[2025-11-02T12:54:16.303+0000] {spark_submit.py:491} INFO - +---------+----------+-------------+--------------+
[2025-11-02T12:54:16.303+0000] {spark_submit.py:491} INFO - |Manhattan|        13|            4|             3|
[2025-11-02T12:54:16.303+0000] {spark_submit.py:491} INFO - |   Queens|         2|            0|             0|
[2025-11-02T12:54:16.303+0000] {spark_submit.py:491} INFO - | Brooklyn|         1|            0|             0|
[2025-11-02T12:54:16.303+0000] {spark_submit.py:491} INFO - +---------+----------+-------------+--------------+
[2025-11-02T12:54:16.303+0000] {spark_submit.py:491} INFO - 
[2025-11-02T12:54:16.303+0000] {spark_submit.py:491} INFO - Location ETL job completed successfully!
[2025-11-02T12:54:17.081+0000] {taskinstance.py:1398} INFO - Marking task as SUCCESS. dag_id=nyc_weather_etl, task_id=spark_process_location_to_iceberg, execution_date=20251102T115350, start_date=20251102T125408, end_date=20251102T125417
[2025-11-02T12:54:17.097+0000] {local_task_job_runner.py:228} INFO - Task exited with return code 0
[2025-11-02T12:54:17.104+0000] {taskinstance.py:2776} INFO - 0 downstream tasks scheduled from follow-on schedule check
