[2025-11-03T02:53:19.193+0000] {taskinstance.py:1157} INFO - Dependencies all met for dep_context=non-requeueable deps ti=<TaskInstance: nyc_weather_etl.spark_process_weather_to_iceberg scheduled__2025-11-03T01:53:15.902171+00:00 [queued]>
[2025-11-03T02:53:19.197+0000] {taskinstance.py:1157} INFO - Dependencies all met for dep_context=requeueable deps ti=<TaskInstance: nyc_weather_etl.spark_process_weather_to_iceberg scheduled__2025-11-03T01:53:15.902171+00:00 [queued]>
[2025-11-03T02:53:19.198+0000] {taskinstance.py:1359} INFO - Starting attempt 1 of 1
[2025-11-03T02:53:19.203+0000] {taskinstance.py:1380} INFO - Executing <Task(SparkSubmitOperator): spark_process_weather_to_iceberg> on 2025-11-03 01:53:15.902171+00:00
[2025-11-03T02:53:19.207+0000] {standard_task_runner.py:57} INFO - Started process 1270 to run task
[2025-11-03T02:53:19.209+0000] {standard_task_runner.py:84} INFO - Running: ['***', 'tasks', 'run', 'nyc_weather_etl', 'spark_process_weather_to_iceberg', 'scheduled__2025-11-03T01:53:15.902171+00:00', '--job-id', '57', '--raw', '--subdir', 'DAGS_FOLDER/nyc_weather_etl.py', '--cfg-path', '/tmp/tmpgf89hal7']
[2025-11-03T02:53:19.210+0000] {standard_task_runner.py:85} INFO - Job 57: Subtask spark_process_weather_to_iceberg
[2025-11-03T02:53:19.235+0000] {task_command.py:415} INFO - Running <TaskInstance: nyc_weather_etl.spark_process_weather_to_iceberg scheduled__2025-11-03T01:53:15.902171+00:00 [running]> on host ec57452a9f33
[2025-11-03T02:53:19.385+0000] {taskinstance.py:1660} INFO - Exporting env vars: AIRFLOW_CTX_DAG_OWNER='data-engineering' AIRFLOW_CTX_DAG_ID='nyc_weather_etl' AIRFLOW_CTX_TASK_ID='spark_process_weather_to_iceberg' AIRFLOW_CTX_EXECUTION_DATE='2025-11-03T01:53:15.902171+00:00' AIRFLOW_CTX_TRY_NUMBER='1' AIRFLOW_CTX_DAG_RUN_ID='scheduled__2025-11-03T01:53:15.902171+00:00'
[2025-11-03T02:53:19.387+0000] {base.py:73} INFO - Using connection ID 'spark_default' for task execution.
[2025-11-03T02:53:19.388+0000] {spark_submit.py:340} INFO - Spark-Submit cmd: /opt/bitnami/spark/bin/spark-submit --master spark-master:7077 --conf spark.master=spark://spark-master:7077 --conf spark.sql.catalog.spark_catalog=org.apache.iceberg.spark.SparkSessionCatalog --conf spark.sql.catalog.spark_catalog.type=hive --conf spark.sql.catalog.iceberg=org.apache.iceberg.spark.SparkCatalog --conf spark.sql.catalog.iceberg.type=hadoop --conf spark.sql.catalog.iceberg.warehouse=s3a://lakehouse/warehouse --conf spark.sql.extensions=org.apache.iceberg.spark.extensions.IcebergSparkSessionExtensions --conf spark.hadoop.fs.s3a.endpoint=http://minio:9000 --conf spark.hadoop.fs.s3a.access.key=admin --conf spark.hadoop.fs.s3a.secret.key=****** --conf spark.hadoop.fs.s3a.path.style.access=true --conf spark.hadoop.fs.s3a.impl=org.apache.hadoop.fs.s3a.S3AFileSystem --jars /opt/***/jars/iceberg-spark-runtime-3.5_2.12-1.4.2.jar,/opt/***/jars/aws-java-sdk-bundle-1.12.367.jar,/opt/***/jars/hadoop-aws-3.3.4.jar --name arrow-spark /opt/***/dags/spark_jobs/weather_to_iceberg.py /opt/***/data/weather/weather_data_20251103_02.json
[2025-11-03T02:53:20.492+0000] {spark_submit.py:491} INFO - 25/11/03 02:53:20 WARN NativeCodeLoader: Unable to load native-hadoop library for your platform... using builtin-java classes where applicable
[2025-11-03T02:53:21.317+0000] {spark_submit.py:491} INFO - 25/11/03 02:53:21 INFO SparkContext: Running Spark version 3.5.1
[2025-11-03T02:53:21.317+0000] {spark_submit.py:491} INFO - 25/11/03 02:53:21 INFO SparkContext: OS info Linux, 6.10.14-linuxkit, aarch64
[2025-11-03T02:53:21.317+0000] {spark_submit.py:491} INFO - 25/11/03 02:53:21 INFO SparkContext: Java version 11.0.28
[2025-11-03T02:53:21.330+0000] {spark_submit.py:491} INFO - 25/11/03 02:53:21 INFO ResourceUtils: ==============================================================
[2025-11-03T02:53:21.330+0000] {spark_submit.py:491} INFO - 25/11/03 02:53:21 INFO ResourceUtils: No custom resources configured for spark.driver.
[2025-11-03T02:53:21.330+0000] {spark_submit.py:491} INFO - 25/11/03 02:53:21 INFO ResourceUtils: ==============================================================
[2025-11-03T02:53:21.331+0000] {spark_submit.py:491} INFO - 25/11/03 02:53:21 INFO SparkContext: Submitted application: Weather to Iceberg ETL
[2025-11-03T02:53:21.339+0000] {spark_submit.py:491} INFO - 25/11/03 02:53:21 INFO ResourceProfile: Default ResourceProfile created, executor resources: Map(cores -> name: cores, amount: 1, script: , vendor: , memory -> name: memory, amount: 1024, script: , vendor: , offHeap -> name: offHeap, amount: 0, script: , vendor: ), task resources: Map(cpus -> name: cpus, amount: 1.0)
[2025-11-03T02:53:21.345+0000] {spark_submit.py:491} INFO - 25/11/03 02:53:21 INFO ResourceProfile: Limiting resource is cpu
[2025-11-03T02:53:21.345+0000] {spark_submit.py:491} INFO - 25/11/03 02:53:21 INFO ResourceProfileManager: Added ResourceProfile id: 0
[2025-11-03T02:53:21.386+0000] {spark_submit.py:491} INFO - 25/11/03 02:53:21 INFO SecurityManager: Changing view acls to: ***
[2025-11-03T02:53:21.387+0000] {spark_submit.py:491} INFO - 25/11/03 02:53:21 INFO SecurityManager: Changing modify acls to: ***
[2025-11-03T02:53:21.390+0000] {spark_submit.py:491} INFO - 25/11/03 02:53:21 INFO SecurityManager: Changing view acls groups to:
[2025-11-03T02:53:21.390+0000] {spark_submit.py:491} INFO - 25/11/03 02:53:21 INFO SecurityManager: Changing modify acls groups to:
[2025-11-03T02:53:21.391+0000] {spark_submit.py:491} INFO - 25/11/03 02:53:21 INFO SecurityManager: SecurityManager: authentication disabled; ui acls disabled; users with view permissions: ***; groups with view permissions: EMPTY; users with modify permissions: ***; groups with modify permissions: EMPTY
[2025-11-03T02:53:21.522+0000] {spark_submit.py:491} INFO - 25/11/03 02:53:21 INFO Utils: Successfully started service 'sparkDriver' on port 39413.
[2025-11-03T02:53:21.545+0000] {spark_submit.py:491} INFO - 25/11/03 02:53:21 INFO SparkEnv: Registering MapOutputTracker
[2025-11-03T02:53:21.561+0000] {spark_submit.py:491} INFO - 25/11/03 02:53:21 INFO SparkEnv: Registering BlockManagerMaster
[2025-11-03T02:53:21.570+0000] {spark_submit.py:491} INFO - 25/11/03 02:53:21 INFO BlockManagerMasterEndpoint: Using org.apache.spark.storage.DefaultTopologyMapper for getting topology information
[2025-11-03T02:53:21.571+0000] {spark_submit.py:491} INFO - 25/11/03 02:53:21 INFO BlockManagerMasterEndpoint: BlockManagerMasterEndpoint up
[2025-11-03T02:53:21.573+0000] {spark_submit.py:491} INFO - 25/11/03 02:53:21 INFO SparkEnv: Registering BlockManagerMasterHeartbeat
[2025-11-03T02:53:21.587+0000] {spark_submit.py:491} INFO - 25/11/03 02:53:21 INFO DiskBlockManager: Created local directory at /tmp/blockmgr-c5500702-1782-4cca-ad08-5e728025a872
[2025-11-03T02:53:21.602+0000] {spark_submit.py:491} INFO - 25/11/03 02:53:21 INFO MemoryStore: MemoryStore started with capacity 434.4 MiB
[2025-11-03T02:53:21.613+0000] {spark_submit.py:491} INFO - 25/11/03 02:53:21 INFO SparkEnv: Registering OutputCommitCoordinator
[2025-11-03T02:53:21.730+0000] {spark_submit.py:491} INFO - 25/11/03 02:53:21 INFO JettyUtils: Start Jetty 0.0.0.0:4040 for SparkUI
[2025-11-03T02:53:21.798+0000] {spark_submit.py:491} INFO - 25/11/03 02:53:21 WARN Utils: Service 'SparkUI' could not bind on port 4040. Attempting port 4041.
[2025-11-03T02:53:21.799+0000] {spark_submit.py:491} INFO - 25/11/03 02:53:21 WARN Utils: Service 'SparkUI' could not bind on port 4041. Attempting port 4042.
[2025-11-03T02:53:21.799+0000] {spark_submit.py:491} INFO - 25/11/03 02:53:21 WARN Utils: Service 'SparkUI' could not bind on port 4042. Attempting port 4043.
[2025-11-03T02:53:21.820+0000] {spark_submit.py:491} INFO - 25/11/03 02:53:21 INFO Utils: Successfully started service 'SparkUI' on port 4043.
[2025-11-03T02:53:21.869+0000] {spark_submit.py:491} INFO - 25/11/03 02:53:21 INFO SparkContext: Added JAR file:///opt/***/jars/iceberg-spark-runtime-3.5_2.12-1.4.2.jar at spark://ec57452a9f33:39413/jars/iceberg-spark-runtime-3.5_2.12-1.4.2.jar with timestamp 1762138401312
[2025-11-03T02:53:21.869+0000] {spark_submit.py:491} INFO - 25/11/03 02:53:21 INFO SparkContext: Added JAR file:///opt/***/jars/aws-java-sdk-bundle-1.12.367.jar at spark://ec57452a9f33:39413/jars/aws-java-sdk-bundle-1.12.367.jar with timestamp 1762138401312
[2025-11-03T02:53:21.870+0000] {spark_submit.py:491} INFO - 25/11/03 02:53:21 INFO SparkContext: Added JAR file:///opt/***/jars/hadoop-aws-3.3.4.jar at spark://ec57452a9f33:39413/jars/hadoop-aws-3.3.4.jar with timestamp 1762138401312
[2025-11-03T02:53:22.025+0000] {spark_submit.py:491} INFO - 25/11/03 02:53:22 INFO Executor: Starting executor ID driver on host ec57452a9f33
[2025-11-03T02:53:22.025+0000] {spark_submit.py:491} INFO - 25/11/03 02:53:22 INFO Executor: OS info Linux, 6.10.14-linuxkit, aarch64
[2025-11-03T02:53:22.032+0000] {spark_submit.py:491} INFO - 25/11/03 02:53:22 INFO Executor: Java version 11.0.28
[2025-11-03T02:53:22.032+0000] {spark_submit.py:491} INFO - 25/11/03 02:53:22 INFO Executor: Starting executor with user classpath (userClassPathFirst = false): ''
[2025-11-03T02:53:22.033+0000] {spark_submit.py:491} INFO - 25/11/03 02:53:22 INFO Executor: Created or updated repl class loader org.apache.spark.util.MutableURLClassLoader@662263e5 for default.
[2025-11-03T02:53:22.045+0000] {spark_submit.py:491} INFO - 25/11/03 02:53:22 INFO Executor: Fetching spark://ec57452a9f33:39413/jars/iceberg-spark-runtime-3.5_2.12-1.4.2.jar with timestamp 1762138401312
[2025-11-03T02:53:22.127+0000] {spark_submit.py:491} INFO - 25/11/03 02:53:22 INFO TransportClientFactory: Successfully created connection to ec57452a9f33/172.18.0.4:39413 after 25 ms (0 ms spent in bootstraps)
[2025-11-03T02:53:22.141+0000] {spark_submit.py:491} INFO - 25/11/03 02:53:22 INFO Utils: Fetching spark://ec57452a9f33:39413/jars/iceberg-spark-runtime-3.5_2.12-1.4.2.jar to /tmp/spark-f6dce677-3024-4d4d-8131-cbbd4bc3f043/userFiles-c86fb4d7-2998-4e69-82ca-4b02c529974c/fetchFileTemp15518110726587087146.tmp
[2025-11-03T02:53:22.257+0000] {spark_submit.py:491} INFO - 25/11/03 02:53:22 INFO Executor: Adding file:/tmp/spark-f6dce677-3024-4d4d-8131-cbbd4bc3f043/userFiles-c86fb4d7-2998-4e69-82ca-4b02c529974c/iceberg-spark-runtime-3.5_2.12-1.4.2.jar to class loader default
[2025-11-03T02:53:22.258+0000] {spark_submit.py:491} INFO - 25/11/03 02:53:22 INFO Executor: Fetching spark://ec57452a9f33:39413/jars/aws-java-sdk-bundle-1.12.367.jar with timestamp 1762138401312
[2025-11-03T02:53:22.259+0000] {spark_submit.py:491} INFO - 25/11/03 02:53:22 INFO Utils: Fetching spark://ec57452a9f33:39413/jars/aws-java-sdk-bundle-1.12.367.jar to /tmp/spark-f6dce677-3024-4d4d-8131-cbbd4bc3f043/userFiles-c86fb4d7-2998-4e69-82ca-4b02c529974c/fetchFileTemp14850368119653916101.tmp
[2025-11-03T02:53:22.721+0000] {spark_submit.py:491} INFO - 25/11/03 02:53:22 INFO Executor: Adding file:/tmp/spark-f6dce677-3024-4d4d-8131-cbbd4bc3f043/userFiles-c86fb4d7-2998-4e69-82ca-4b02c529974c/aws-java-sdk-bundle-1.12.367.jar to class loader default
[2025-11-03T02:53:22.727+0000] {spark_submit.py:491} INFO - 25/11/03 02:53:22 INFO Executor: Fetching spark://ec57452a9f33:39413/jars/hadoop-aws-3.3.4.jar with timestamp 1762138401312
[2025-11-03T02:53:22.728+0000] {spark_submit.py:491} INFO - 25/11/03 02:53:22 INFO Utils: Fetching spark://ec57452a9f33:39413/jars/hadoop-aws-3.3.4.jar to /tmp/spark-f6dce677-3024-4d4d-8131-cbbd4bc3f043/userFiles-c86fb4d7-2998-4e69-82ca-4b02c529974c/fetchFileTemp1108271760915070635.tmp
[2025-11-03T02:53:22.741+0000] {spark_submit.py:491} INFO - 25/11/03 02:53:22 INFO Executor: Adding file:/tmp/spark-f6dce677-3024-4d4d-8131-cbbd4bc3f043/userFiles-c86fb4d7-2998-4e69-82ca-4b02c529974c/hadoop-aws-3.3.4.jar to class loader default
[2025-11-03T02:53:22.754+0000] {spark_submit.py:491} INFO - 25/11/03 02:53:22 INFO Utils: Successfully started service 'org.apache.spark.network.netty.NettyBlockTransferService' on port 44971.
[2025-11-03T02:53:22.755+0000] {spark_submit.py:491} INFO - 25/11/03 02:53:22 INFO NettyBlockTransferService: Server created on ec57452a9f33:44971
[2025-11-03T02:53:22.756+0000] {spark_submit.py:491} INFO - 25/11/03 02:53:22 INFO BlockManager: Using org.apache.spark.storage.RandomBlockReplicationPolicy for block replication policy
[2025-11-03T02:53:22.763+0000] {spark_submit.py:491} INFO - 25/11/03 02:53:22 INFO BlockManagerMaster: Registering BlockManager BlockManagerId(driver, ec57452a9f33, 44971, None)
[2025-11-03T02:53:22.767+0000] {spark_submit.py:491} INFO - 25/11/03 02:53:22 INFO BlockManagerMasterEndpoint: Registering block manager ec57452a9f33:44971 with 434.4 MiB RAM, BlockManagerId(driver, ec57452a9f33, 44971, None)
[2025-11-03T02:53:22.771+0000] {spark_submit.py:491} INFO - 25/11/03 02:53:22 INFO BlockManagerMaster: Registered BlockManager BlockManagerId(driver, ec57452a9f33, 44971, None)
[2025-11-03T02:53:22.773+0000] {spark_submit.py:491} INFO - 25/11/03 02:53:22 INFO BlockManager: Initialized BlockManager: BlockManagerId(driver, ec57452a9f33, 44971, None)
[2025-11-03T02:53:24.683+0000] {spark_submit.py:491} INFO - 25/11/03 02:53:24 WARN MetricsConfig: Cannot locate configuration: tried hadoop-metrics2-s3a-file-system.properties,hadoop-metrics2.properties
[2025-11-03T02:53:25.453+0000] {spark_submit.py:491} INFO - Created/verified weather table
[2025-11-03T02:53:25.453+0000] {spark_submit.py:491} INFO - Reading weather data from: /opt/***/data/weather/weather_data_20251103_02.json
[2025-11-03T02:53:27.063+0000] {spark_submit.py:491} INFO - Raw weather data count: 24
[2025-11-03T02:53:27.064+0000] {spark_submit.py:491} INFO - root
[2025-11-03T02:53:27.064+0000] {spark_submit.py:491} INFO - |-- timestamp: string (nullable = true)
[2025-11-03T02:53:27.065+0000] {spark_submit.py:491} INFO - |-- location: string (nullable = true)
[2025-11-03T02:53:27.065+0000] {spark_submit.py:491} INFO - |-- latitude: double (nullable = true)
[2025-11-03T02:53:27.067+0000] {spark_submit.py:491} INFO - |-- longitude: double (nullable = true)
[2025-11-03T02:53:27.068+0000] {spark_submit.py:491} INFO - |-- temperature_celsius: double (nullable = true)
[2025-11-03T02:53:27.068+0000] {spark_submit.py:491} INFO - |-- temperature_fahrenheit: double (nullable = true)
[2025-11-03T02:53:27.068+0000] {spark_submit.py:491} INFO - |-- humidity_percent: double (nullable = true)
[2025-11-03T02:53:27.068+0000] {spark_submit.py:491} INFO - |-- pressure_hpa: double (nullable = true)
[2025-11-03T02:53:27.068+0000] {spark_submit.py:491} INFO - |-- wind_speed_kmh: double (nullable = true)
[2025-11-03T02:53:27.068+0000] {spark_submit.py:491} INFO - |-- weather_condition: string (nullable = true)
[2025-11-03T02:53:27.068+0000] {spark_submit.py:491} INFO - |-- visibility_km: double (nullable = true)
[2025-11-03T02:53:27.069+0000] {spark_submit.py:491} INFO - |-- uv_index: double (nullable = true)
[2025-11-03T02:53:27.069+0000] {spark_submit.py:491} INFO - |-- hour: integer (nullable = true)
[2025-11-03T02:53:27.069+0000] {spark_submit.py:491} INFO - |-- day_of_week: integer (nullable = true)
[2025-11-03T02:53:27.069+0000] {spark_submit.py:491} INFO - |-- is_weekend: boolean (nullable = true)
[2025-11-03T02:53:27.069+0000] {spark_submit.py:491} INFO - 
[2025-11-03T02:53:27.405+0000] {spark_submit.py:491} INFO - Processed weather data count: 24
[2025-11-03T02:53:28.696+0000] {spark_submit.py:491} INFO - Successfully wrote weather data to Iceberg table
[2025-11-03T02:53:30.035+0000] {spark_submit.py:491} INFO - +------------+------------------+-----------------+-----------------+--------------------+
[2025-11-03T02:53:30.035+0000] {spark_submit.py:491} INFO - |weather_date|        avg_temp_c|     avg_humidity|   avg_wind_speed|          conditions|
[2025-11-03T02:53:30.035+0000] {spark_submit.py:491} INFO - +------------+------------------+-----------------+-----------------+--------------------+
[2025-11-03T02:53:30.035+0000] {spark_submit.py:491} INFO - |  2025-11-03|17.438333333333333|67.83333333333334|7.716666666666666|[clear, snow, rai...|
[2025-11-03T02:53:30.035+0000] {spark_submit.py:491} INFO - |  2025-11-02|18.162142857142857|60.31904761904762|8.514285714285712|[clear, snow, rai...|
[2025-11-03T02:53:30.035+0000] {spark_submit.py:491} INFO - +------------+------------------+-----------------+-----------------+--------------------+
[2025-11-03T02:53:30.035+0000] {spark_submit.py:491} INFO - 
[2025-11-03T02:53:30.036+0000] {spark_submit.py:491} INFO - Weather ETL job completed successfully!
[2025-11-03T02:53:30.911+0000] {taskinstance.py:1398} INFO - Marking task as SUCCESS. dag_id=nyc_weather_etl, task_id=spark_process_weather_to_iceberg, execution_date=20251103T015315, start_date=20251103T025319, end_date=20251103T025330
[2025-11-03T02:53:30.945+0000] {local_task_job_runner.py:228} INFO - Task exited with return code 0
[2025-11-03T02:53:30.955+0000] {taskinstance.py:2776} INFO - 0 downstream tasks scheduled from follow-on schedule check
