[2025-11-02T07:24:36.019+0000] {taskinstance.py:1157} INFO - Dependencies all met for dep_context=non-requeueable deps ti=<TaskInstance: nyc_weather_etl.spark_process_weather_to_iceberg scheduled__2025-11-02T06:24:33.757123+00:00 [queued]>
[2025-11-02T07:24:36.023+0000] {taskinstance.py:1157} INFO - Dependencies all met for dep_context=requeueable deps ti=<TaskInstance: nyc_weather_etl.spark_process_weather_to_iceberg scheduled__2025-11-02T06:24:33.757123+00:00 [queued]>
[2025-11-02T07:24:36.023+0000] {taskinstance.py:1359} INFO - Starting attempt 1 of 1
[2025-11-02T07:24:36.028+0000] {taskinstance.py:1380} INFO - Executing <Task(SparkSubmitOperator): spark_process_weather_to_iceberg> on 2025-11-02 06:24:33.757123+00:00
[2025-11-02T07:24:36.030+0000] {standard_task_runner.py:57} INFO - Started process 13268 to run task
[2025-11-02T07:24:36.031+0000] {standard_task_runner.py:84} INFO - Running: ['***', 'tasks', 'run', 'nyc_weather_etl', 'spark_process_weather_to_iceberg', 'scheduled__2025-11-02T06:24:33.757123+00:00', '--job-id', '127', '--raw', '--subdir', 'DAGS_FOLDER/nyc_weather_etl.py', '--cfg-path', '/tmp/tmpctpkokwj']
[2025-11-02T07:24:36.032+0000] {standard_task_runner.py:85} INFO - Job 127: Subtask spark_process_weather_to_iceberg
[2025-11-02T07:24:36.051+0000] {task_command.py:415} INFO - Running <TaskInstance: nyc_weather_etl.spark_process_weather_to_iceberg scheduled__2025-11-02T06:24:33.757123+00:00 [running]> on host d3553ba1dd4a
[2025-11-02T07:24:36.176+0000] {taskinstance.py:1660} INFO - Exporting env vars: AIRFLOW_CTX_DAG_OWNER='data-engineering' AIRFLOW_CTX_DAG_ID='nyc_weather_etl' AIRFLOW_CTX_TASK_ID='spark_process_weather_to_iceberg' AIRFLOW_CTX_EXECUTION_DATE='2025-11-02T06:24:33.757123+00:00' AIRFLOW_CTX_TRY_NUMBER='1' AIRFLOW_CTX_DAG_RUN_ID='scheduled__2025-11-02T06:24:33.757123+00:00'
[2025-11-02T07:24:36.177+0000] {base.py:73} INFO - Using connection ID 'spark_default' for task execution.
[2025-11-02T07:24:36.178+0000] {spark_submit.py:340} INFO - Spark-Submit cmd: /opt/bitnami/spark/bin/spark-submit --master spark-master:7077 --conf spark.master=spark://spark-master:7077 --conf spark.sql.catalog.spark_catalog=org.apache.iceberg.spark.SparkSessionCatalog --conf spark.sql.catalog.spark_catalog.type=hive --conf spark.sql.catalog.iceberg=org.apache.iceberg.spark.SparkCatalog --conf spark.sql.catalog.iceberg.type=hadoop --conf spark.sql.catalog.iceberg.warehouse=s3a://lakehouse/warehouse --conf spark.sql.extensions=org.apache.iceberg.spark.extensions.IcebergSparkSessionExtensions --conf spark.hadoop.fs.s3a.endpoint=http://minio:9000 --conf spark.hadoop.fs.s3a.access.key=admin --conf spark.hadoop.fs.s3a.secret.key=****** --conf spark.hadoop.fs.s3a.path.style.access=true --conf spark.hadoop.fs.s3a.impl=org.apache.hadoop.fs.s3a.S3AFileSystem --jars /opt/***/jars/iceberg-spark-runtime-3.5_2.12-1.4.2.jar,/opt/***/jars/aws-java-sdk-bundle-1.12.367.jar,/opt/***/jars/hadoop-aws-3.3.4.jar --name arrow-spark /opt/***/dags/spark_jobs/weather_to_iceberg.py /opt/***/data/weather/weather_data_20251102_07.json
[2025-11-02T07:24:36.977+0000] {spark_submit.py:491} INFO - 25/11/02 07:24:36 WARN NativeCodeLoader: Unable to load native-hadoop library for your platform... using builtin-java classes where applicable
[2025-11-02T07:24:37.609+0000] {spark_submit.py:491} INFO - 25/11/02 07:24:37 INFO SparkContext: Running Spark version 3.5.1
[2025-11-02T07:24:37.609+0000] {spark_submit.py:491} INFO - 25/11/02 07:24:37 INFO SparkContext: OS info Linux, 6.10.14-linuxkit, aarch64
[2025-11-02T07:24:37.609+0000] {spark_submit.py:491} INFO - 25/11/02 07:24:37 INFO SparkContext: Java version 11.0.28
[2025-11-02T07:24:37.620+0000] {spark_submit.py:491} INFO - 25/11/02 07:24:37 INFO ResourceUtils: ==============================================================
[2025-11-02T07:24:37.621+0000] {spark_submit.py:491} INFO - 25/11/02 07:24:37 INFO ResourceUtils: No custom resources configured for spark.driver.
[2025-11-02T07:24:37.621+0000] {spark_submit.py:491} INFO - 25/11/02 07:24:37 INFO ResourceUtils: ==============================================================
[2025-11-02T07:24:37.621+0000] {spark_submit.py:491} INFO - 25/11/02 07:24:37 INFO SparkContext: Submitted application: Weather to Iceberg ETL
[2025-11-02T07:24:37.628+0000] {spark_submit.py:491} INFO - 25/11/02 07:24:37 INFO ResourceProfile: Default ResourceProfile created, executor resources: Map(cores -> name: cores, amount: 1, script: , vendor: , memory -> name: memory, amount: 1024, script: , vendor: , offHeap -> name: offHeap, amount: 0, script: , vendor: ), task resources: Map(cpus -> name: cpus, amount: 1.0)
[2025-11-02T07:24:37.632+0000] {spark_submit.py:491} INFO - 25/11/02 07:24:37 INFO ResourceProfile: Limiting resource is cpu
[2025-11-02T07:24:37.632+0000] {spark_submit.py:491} INFO - 25/11/02 07:24:37 INFO ResourceProfileManager: Added ResourceProfile id: 0
[2025-11-02T07:24:37.659+0000] {spark_submit.py:491} INFO - 25/11/02 07:24:37 INFO SecurityManager: Changing view acls to: ***
[2025-11-02T07:24:37.660+0000] {spark_submit.py:491} INFO - 25/11/02 07:24:37 INFO SecurityManager: Changing modify acls to: ***
[2025-11-02T07:24:37.660+0000] {spark_submit.py:491} INFO - 25/11/02 07:24:37 INFO SecurityManager: Changing view acls groups to:
[2025-11-02T07:24:37.660+0000] {spark_submit.py:491} INFO - 25/11/02 07:24:37 INFO SecurityManager: Changing modify acls groups to:
[2025-11-02T07:24:37.660+0000] {spark_submit.py:491} INFO - 25/11/02 07:24:37 INFO SecurityManager: SecurityManager: authentication disabled; ui acls disabled; users with view permissions: ***; groups with view permissions: EMPTY; users with modify permissions: ***; groups with modify permissions: EMPTY
[2025-11-02T07:24:37.759+0000] {spark_submit.py:491} INFO - 25/11/02 07:24:37 INFO Utils: Successfully started service 'sparkDriver' on port 36845.
[2025-11-02T07:24:37.774+0000] {spark_submit.py:491} INFO - 25/11/02 07:24:37 INFO SparkEnv: Registering MapOutputTracker
[2025-11-02T07:24:37.787+0000] {spark_submit.py:491} INFO - 25/11/02 07:24:37 INFO SparkEnv: Registering BlockManagerMaster
[2025-11-02T07:24:37.796+0000] {spark_submit.py:491} INFO - 25/11/02 07:24:37 INFO BlockManagerMasterEndpoint: Using org.apache.spark.storage.DefaultTopologyMapper for getting topology information
[2025-11-02T07:24:37.796+0000] {spark_submit.py:491} INFO - 25/11/02 07:24:37 INFO BlockManagerMasterEndpoint: BlockManagerMasterEndpoint up
[2025-11-02T07:24:37.798+0000] {spark_submit.py:491} INFO - 25/11/02 07:24:37 INFO SparkEnv: Registering BlockManagerMasterHeartbeat
[2025-11-02T07:24:37.807+0000] {spark_submit.py:491} INFO - 25/11/02 07:24:37 INFO DiskBlockManager: Created local directory at /tmp/blockmgr-0076ac84-2acd-40c1-9a70-f690a0993993
[2025-11-02T07:24:37.812+0000] {spark_submit.py:491} INFO - 25/11/02 07:24:37 INFO MemoryStore: MemoryStore started with capacity 434.4 MiB
[2025-11-02T07:24:37.820+0000] {spark_submit.py:491} INFO - 25/11/02 07:24:37 INFO SparkEnv: Registering OutputCommitCoordinator
[2025-11-02T07:24:37.871+0000] {spark_submit.py:491} INFO - 25/11/02 07:24:37 INFO JettyUtils: Start Jetty 0.0.0.0:4040 for SparkUI
[2025-11-02T07:24:37.892+0000] {spark_submit.py:491} INFO - 25/11/02 07:24:37 WARN Utils: Service 'SparkUI' could not bind on port 4040. Attempting port 4041.
[2025-11-02T07:24:37.896+0000] {spark_submit.py:491} INFO - 25/11/02 07:24:37 INFO Utils: Successfully started service 'SparkUI' on port 4041.
[2025-11-02T07:24:37.913+0000] {spark_submit.py:491} INFO - 25/11/02 07:24:37 INFO SparkContext: Added JAR file:///opt/***/jars/iceberg-spark-runtime-3.5_2.12-1.4.2.jar at spark://d3553ba1dd4a:36845/jars/iceberg-spark-runtime-3.5_2.12-1.4.2.jar with timestamp 1762068277604
[2025-11-02T07:24:37.913+0000] {spark_submit.py:491} INFO - 25/11/02 07:24:37 INFO SparkContext: Added JAR file:///opt/***/jars/aws-java-sdk-bundle-1.12.367.jar at spark://d3553ba1dd4a:36845/jars/aws-java-sdk-bundle-1.12.367.jar with timestamp 1762068277604
[2025-11-02T07:24:37.914+0000] {spark_submit.py:491} INFO - 25/11/02 07:24:37 INFO SparkContext: Added JAR file:///opt/***/jars/hadoop-aws-3.3.4.jar at spark://d3553ba1dd4a:36845/jars/hadoop-aws-3.3.4.jar with timestamp 1762068277604
[2025-11-02T07:24:37.943+0000] {spark_submit.py:491} INFO - 25/11/02 07:24:37 INFO Executor: Starting executor ID driver on host d3553ba1dd4a
[2025-11-02T07:24:37.943+0000] {spark_submit.py:491} INFO - 25/11/02 07:24:37 INFO Executor: OS info Linux, 6.10.14-linuxkit, aarch64
[2025-11-02T07:24:37.944+0000] {spark_submit.py:491} INFO - 25/11/02 07:24:37 INFO Executor: Java version 11.0.28
[2025-11-02T07:24:37.945+0000] {spark_submit.py:491} INFO - 25/11/02 07:24:37 INFO Executor: Starting executor with user classpath (userClassPathFirst = false): ''
[2025-11-02T07:24:37.945+0000] {spark_submit.py:491} INFO - 25/11/02 07:24:37 INFO Executor: Created or updated repl class loader org.apache.spark.util.MutableURLClassLoader@569d570d for default.
[2025-11-02T07:24:37.950+0000] {spark_submit.py:491} INFO - 25/11/02 07:24:37 INFO Executor: Fetching spark://d3553ba1dd4a:36845/jars/hadoop-aws-3.3.4.jar with timestamp 1762068277604
[2025-11-02T07:24:37.981+0000] {spark_submit.py:491} INFO - 25/11/02 07:24:37 INFO TransportClientFactory: Successfully created connection to d3553ba1dd4a/172.18.0.5:36845 after 12 ms (0 ms spent in bootstraps)
[2025-11-02T07:24:37.984+0000] {spark_submit.py:491} INFO - 25/11/02 07:24:37 INFO Utils: Fetching spark://d3553ba1dd4a:36845/jars/hadoop-aws-3.3.4.jar to /tmp/spark-344fe6be-a1b3-4cd9-940c-036c8fc74196/userFiles-1becfb59-cfd9-483d-8fce-61ddfff6619e/fetchFileTemp10301962831172463601.tmp
[2025-11-02T07:24:38.001+0000] {spark_submit.py:491} INFO - 25/11/02 07:24:38 INFO Executor: Adding file:/tmp/spark-344fe6be-a1b3-4cd9-940c-036c8fc74196/userFiles-1becfb59-cfd9-483d-8fce-61ddfff6619e/hadoop-aws-3.3.4.jar to class loader default
[2025-11-02T07:24:38.001+0000] {spark_submit.py:491} INFO - 25/11/02 07:24:38 INFO Executor: Fetching spark://d3553ba1dd4a:36845/jars/iceberg-spark-runtime-3.5_2.12-1.4.2.jar with timestamp 1762068277604
[2025-11-02T07:24:38.002+0000] {spark_submit.py:491} INFO - 25/11/02 07:24:38 INFO Utils: Fetching spark://d3553ba1dd4a:36845/jars/iceberg-spark-runtime-3.5_2.12-1.4.2.jar to /tmp/spark-344fe6be-a1b3-4cd9-940c-036c8fc74196/userFiles-1becfb59-cfd9-483d-8fce-61ddfff6619e/fetchFileTemp13575247913324643007.tmp
[2025-11-02T07:24:38.047+0000] {spark_submit.py:491} INFO - 25/11/02 07:24:38 INFO Executor: Adding file:/tmp/spark-344fe6be-a1b3-4cd9-940c-036c8fc74196/userFiles-1becfb59-cfd9-483d-8fce-61ddfff6619e/iceberg-spark-runtime-3.5_2.12-1.4.2.jar to class loader default
[2025-11-02T07:24:38.048+0000] {spark_submit.py:491} INFO - 25/11/02 07:24:38 INFO Executor: Fetching spark://d3553ba1dd4a:36845/jars/aws-java-sdk-bundle-1.12.367.jar with timestamp 1762068277604
[2025-11-02T07:24:38.048+0000] {spark_submit.py:491} INFO - 25/11/02 07:24:38 INFO Utils: Fetching spark://d3553ba1dd4a:36845/jars/aws-java-sdk-bundle-1.12.367.jar to /tmp/spark-344fe6be-a1b3-4cd9-940c-036c8fc74196/userFiles-1becfb59-cfd9-483d-8fce-61ddfff6619e/fetchFileTemp4856439484604113144.tmp
[2025-11-02T07:24:38.847+0000] {spark_submit.py:491} INFO - 25/11/02 07:24:38 INFO Executor: Adding file:/tmp/spark-344fe6be-a1b3-4cd9-940c-036c8fc74196/userFiles-1becfb59-cfd9-483d-8fce-61ddfff6619e/aws-java-sdk-bundle-1.12.367.jar to class loader default
[2025-11-02T07:24:38.852+0000] {spark_submit.py:491} INFO - 25/11/02 07:24:38 INFO Utils: Successfully started service 'org.apache.spark.network.netty.NettyBlockTransferService' on port 34519.
[2025-11-02T07:24:38.852+0000] {spark_submit.py:491} INFO - 25/11/02 07:24:38 INFO NettyBlockTransferService: Server created on d3553ba1dd4a:34519
[2025-11-02T07:24:38.853+0000] {spark_submit.py:491} INFO - 25/11/02 07:24:38 INFO BlockManager: Using org.apache.spark.storage.RandomBlockReplicationPolicy for block replication policy
[2025-11-02T07:24:38.858+0000] {spark_submit.py:491} INFO - 25/11/02 07:24:38 INFO BlockManagerMaster: Registering BlockManager BlockManagerId(driver, d3553ba1dd4a, 34519, None)
[2025-11-02T07:24:38.860+0000] {spark_submit.py:491} INFO - 25/11/02 07:24:38 INFO BlockManagerMasterEndpoint: Registering block manager d3553ba1dd4a:34519 with 434.4 MiB RAM, BlockManagerId(driver, d3553ba1dd4a, 34519, None)
[2025-11-02T07:24:38.862+0000] {spark_submit.py:491} INFO - 25/11/02 07:24:38 INFO BlockManagerMaster: Registered BlockManager BlockManagerId(driver, d3553ba1dd4a, 34519, None)
[2025-11-02T07:24:38.863+0000] {spark_submit.py:491} INFO - 25/11/02 07:24:38 INFO BlockManager: Initialized BlockManager: BlockManagerId(driver, d3553ba1dd4a, 34519, None)
[2025-11-02T07:24:40.148+0000] {spark_submit.py:491} INFO - 25/11/02 07:24:40 WARN MetricsConfig: Cannot locate configuration: tried hadoop-metrics2-s3a-file-system.properties,hadoop-metrics2.properties
[2025-11-02T07:24:40.781+0000] {spark_submit.py:491} INFO - Created/verified weather table
[2025-11-02T07:24:40.782+0000] {spark_submit.py:491} INFO - Reading weather data from: /opt/***/data/weather/weather_data_20251102_07.json
[2025-11-02T07:24:41.876+0000] {spark_submit.py:491} INFO - Raw weather data count: 24
[2025-11-02T07:24:41.878+0000] {spark_submit.py:491} INFO - root
[2025-11-02T07:24:41.878+0000] {spark_submit.py:491} INFO - |-- timestamp: string (nullable = true)
[2025-11-02T07:24:41.878+0000] {spark_submit.py:491} INFO - |-- location: string (nullable = true)
[2025-11-02T07:24:41.878+0000] {spark_submit.py:491} INFO - |-- latitude: double (nullable = true)
[2025-11-02T07:24:41.878+0000] {spark_submit.py:491} INFO - |-- longitude: double (nullable = true)
[2025-11-02T07:24:41.879+0000] {spark_submit.py:491} INFO - |-- temperature_celsius: double (nullable = true)
[2025-11-02T07:24:41.879+0000] {spark_submit.py:491} INFO - |-- temperature_fahrenheit: double (nullable = true)
[2025-11-02T07:24:41.879+0000] {spark_submit.py:491} INFO - |-- humidity_percent: double (nullable = true)
[2025-11-02T07:24:41.879+0000] {spark_submit.py:491} INFO - |-- pressure_hpa: double (nullable = true)
[2025-11-02T07:24:41.879+0000] {spark_submit.py:491} INFO - |-- wind_speed_kmh: double (nullable = true)
[2025-11-02T07:24:41.879+0000] {spark_submit.py:491} INFO - |-- weather_condition: string (nullable = true)
[2025-11-02T07:24:41.879+0000] {spark_submit.py:491} INFO - |-- visibility_km: double (nullable = true)
[2025-11-02T07:24:41.879+0000] {spark_submit.py:491} INFO - |-- uv_index: double (nullable = true)
[2025-11-02T07:24:41.879+0000] {spark_submit.py:491} INFO - |-- hour: integer (nullable = true)
[2025-11-02T07:24:41.879+0000] {spark_submit.py:491} INFO - |-- day_of_week: integer (nullable = true)
[2025-11-02T07:24:41.879+0000] {spark_submit.py:491} INFO - |-- is_weekend: boolean (nullable = true)
[2025-11-02T07:24:41.879+0000] {spark_submit.py:491} INFO - 
[2025-11-02T07:24:42.167+0000] {spark_submit.py:491} INFO - Processed weather data count: 24
[2025-11-02T07:24:43.252+0000] {spark_submit.py:491} INFO - Successfully wrote weather data to Iceberg table
[2025-11-02T07:24:44.674+0000] {spark_submit.py:491} INFO - +------------+------------------+-----------------+-----------------+--------------------+
[2025-11-02T07:24:44.674+0000] {spark_submit.py:491} INFO - |weather_date|        avg_temp_c|     avg_humidity|   avg_wind_speed|          conditions|
[2025-11-02T07:24:44.674+0000] {spark_submit.py:491} INFO - +------------+------------------+-----------------+-----------------+--------------------+
[2025-11-02T07:24:44.674+0000] {spark_submit.py:491} INFO - |  2025-11-02| 20.45740740740741|60.16666666666668|6.299999999999999|[clear, rain, clo...|
[2025-11-02T07:24:44.675+0000] {spark_submit.py:491} INFO - |  2025-11-01|15.665217391304349|63.46376811594202|7.195652173913043|[clear, snow, rai...|
[2025-11-02T07:24:44.675+0000] {spark_submit.py:491} INFO - +------------+------------------+-----------------+-----------------+--------------------+
[2025-11-02T07:24:44.675+0000] {spark_submit.py:491} INFO - 
[2025-11-02T07:24:44.675+0000] {spark_submit.py:491} INFO - Weather ETL job completed successfully!
[2025-11-02T07:24:45.502+0000] {taskinstance.py:1398} INFO - Marking task as SUCCESS. dag_id=nyc_weather_etl, task_id=spark_process_weather_to_iceberg, execution_date=20251102T062433, start_date=20251102T072436, end_date=20251102T072445
[2025-11-02T07:24:45.529+0000] {local_task_job_runner.py:228} INFO - Task exited with return code 0
[2025-11-02T07:24:45.538+0000] {taskinstance.py:2776} INFO - 0 downstream tasks scheduled from follow-on schedule check
