[2025-11-02T05:24:36.739+0000] {taskinstance.py:1157} INFO - Dependencies all met for dep_context=non-requeueable deps ti=<TaskInstance: nyc_weather_etl.spark_process_location_to_iceberg scheduled__2025-11-02T04:24:33.757123+00:00 [queued]>
[2025-11-02T05:24:36.742+0000] {taskinstance.py:1157} INFO - Dependencies all met for dep_context=requeueable deps ti=<TaskInstance: nyc_weather_etl.spark_process_location_to_iceberg scheduled__2025-11-02T04:24:33.757123+00:00 [queued]>
[2025-11-02T05:24:36.742+0000] {taskinstance.py:1359} INFO - Starting attempt 1 of 1
[2025-11-02T05:24:36.746+0000] {taskinstance.py:1380} INFO - Executing <Task(SparkSubmitOperator): spark_process_location_to_iceberg> on 2025-11-02 04:24:33.757123+00:00
[2025-11-02T05:24:36.749+0000] {standard_task_runner.py:57} INFO - Started process 314 to run task
[2025-11-02T05:24:36.751+0000] {standard_task_runner.py:84} INFO - Running: ['***', 'tasks', 'run', 'nyc_weather_etl', 'spark_process_location_to_iceberg', 'scheduled__2025-11-02T04:24:33.757123+00:00', '--job-id', '88', '--raw', '--subdir', 'DAGS_FOLDER/nyc_weather_etl.py', '--cfg-path', '/tmp/tmphkuls_ux']
[2025-11-02T05:24:36.752+0000] {standard_task_runner.py:85} INFO - Job 88: Subtask spark_process_location_to_iceberg
[2025-11-02T05:24:36.769+0000] {task_command.py:415} INFO - Running <TaskInstance: nyc_weather_etl.spark_process_location_to_iceberg scheduled__2025-11-02T04:24:33.757123+00:00 [running]> on host d3553ba1dd4a
[2025-11-02T05:24:36.868+0000] {taskinstance.py:1660} INFO - Exporting env vars: AIRFLOW_CTX_DAG_OWNER='data-engineering' AIRFLOW_CTX_DAG_ID='nyc_weather_etl' AIRFLOW_CTX_TASK_ID='spark_process_location_to_iceberg' AIRFLOW_CTX_EXECUTION_DATE='2025-11-02T04:24:33.757123+00:00' AIRFLOW_CTX_TRY_NUMBER='1' AIRFLOW_CTX_DAG_RUN_ID='scheduled__2025-11-02T04:24:33.757123+00:00'
[2025-11-02T05:24:36.869+0000] {base.py:73} INFO - Using connection ID 'spark_default' for task execution.
[2025-11-02T05:24:36.870+0000] {spark_submit.py:340} INFO - Spark-Submit cmd: /opt/bitnami/spark/bin/spark-submit --master spark-master:7077 --conf spark.master=spark://spark-master:7077 --conf spark.sql.catalog.spark_catalog=org.apache.iceberg.spark.SparkSessionCatalog --conf spark.sql.catalog.spark_catalog.type=hive --conf spark.sql.catalog.iceberg=org.apache.iceberg.spark.SparkCatalog --conf spark.sql.catalog.iceberg.type=hadoop --conf spark.sql.catalog.iceberg.warehouse=s3a://lakehouse/warehouse --conf spark.sql.extensions=org.apache.iceberg.spark.extensions.IcebergSparkSessionExtensions --conf spark.hadoop.fs.s3a.endpoint=http://minio:9000 --conf spark.hadoop.fs.s3a.access.key=admin --conf spark.hadoop.fs.s3a.secret.key=****** --conf spark.hadoop.fs.s3a.path.style.access=true --conf spark.hadoop.fs.s3a.impl=org.apache.hadoop.fs.s3a.S3AFileSystem --jars /opt/***/jars/iceberg-spark-runtime-3.5_2.12-1.4.2.jar,/opt/***/jars/aws-java-sdk-bundle-1.12.367.jar,/opt/***/jars/hadoop-aws-3.3.4.jar --name arrow-spark /opt/***/dags/spark_jobs/location_to_iceberg.py /opt/***/data/locations/nyc_taxi_zones.json
[2025-11-02T05:24:38.652+0000] {spark_submit.py:491} INFO - 25/11/02 05:24:38 WARN NativeCodeLoader: Unable to load native-hadoop library for your platform... using builtin-java classes where applicable
[2025-11-02T05:24:39.269+0000] {spark_submit.py:491} INFO - 25/11/02 05:24:39 INFO SparkContext: Running Spark version 3.5.1
[2025-11-02T05:24:39.272+0000] {spark_submit.py:491} INFO - 25/11/02 05:24:39 INFO SparkContext: OS info Linux, 6.10.14-linuxkit, aarch64
[2025-11-02T05:24:39.273+0000] {spark_submit.py:491} INFO - 25/11/02 05:24:39 INFO SparkContext: Java version 11.0.28
[2025-11-02T05:24:39.281+0000] {spark_submit.py:491} INFO - 25/11/02 05:24:39 INFO ResourceUtils: ==============================================================
[2025-11-02T05:24:39.281+0000] {spark_submit.py:491} INFO - 25/11/02 05:24:39 INFO ResourceUtils: No custom resources configured for spark.driver.
[2025-11-02T05:24:39.281+0000] {spark_submit.py:491} INFO - 25/11/02 05:24:39 INFO ResourceUtils: ==============================================================
[2025-11-02T05:24:39.282+0000] {spark_submit.py:491} INFO - 25/11/02 05:24:39 INFO SparkContext: Submitted application: Location to Iceberg ETL
[2025-11-02T05:24:39.292+0000] {spark_submit.py:491} INFO - 25/11/02 05:24:39 INFO ResourceProfile: Default ResourceProfile created, executor resources: Map(cores -> name: cores, amount: 1, script: , vendor: , memory -> name: memory, amount: 1024, script: , vendor: , offHeap -> name: offHeap, amount: 0, script: , vendor: ), task resources: Map(cpus -> name: cpus, amount: 1.0)
[2025-11-02T05:24:39.296+0000] {spark_submit.py:491} INFO - 25/11/02 05:24:39 INFO ResourceProfile: Limiting resource is cpu
[2025-11-02T05:24:39.297+0000] {spark_submit.py:491} INFO - 25/11/02 05:24:39 INFO ResourceProfileManager: Added ResourceProfile id: 0
[2025-11-02T05:24:39.334+0000] {spark_submit.py:491} INFO - 25/11/02 05:24:39 INFO SecurityManager: Changing view acls to: ***
[2025-11-02T05:24:39.336+0000] {spark_submit.py:491} INFO - 25/11/02 05:24:39 INFO SecurityManager: Changing modify acls to: ***
[2025-11-02T05:24:39.336+0000] {spark_submit.py:491} INFO - 25/11/02 05:24:39 INFO SecurityManager: Changing view acls groups to:
[2025-11-02T05:24:39.337+0000] {spark_submit.py:491} INFO - 25/11/02 05:24:39 INFO SecurityManager: Changing modify acls groups to:
[2025-11-02T05:24:39.337+0000] {spark_submit.py:491} INFO - 25/11/02 05:24:39 INFO SecurityManager: SecurityManager: authentication disabled; ui acls disabled; users with view permissions: ***; groups with view permissions: EMPTY; users with modify permissions: ***; groups with modify permissions: EMPTY
[2025-11-02T05:24:39.459+0000] {spark_submit.py:491} INFO - 25/11/02 05:24:39 INFO Utils: Successfully started service 'sparkDriver' on port 34603.
[2025-11-02T05:24:39.478+0000] {spark_submit.py:491} INFO - 25/11/02 05:24:39 INFO SparkEnv: Registering MapOutputTracker
[2025-11-02T05:24:39.495+0000] {spark_submit.py:491} INFO - 25/11/02 05:24:39 INFO SparkEnv: Registering BlockManagerMaster
[2025-11-02T05:24:39.507+0000] {spark_submit.py:491} INFO - 25/11/02 05:24:39 INFO BlockManagerMasterEndpoint: Using org.apache.spark.storage.DefaultTopologyMapper for getting topology information
[2025-11-02T05:24:39.507+0000] {spark_submit.py:491} INFO - 25/11/02 05:24:39 INFO BlockManagerMasterEndpoint: BlockManagerMasterEndpoint up
[2025-11-02T05:24:39.509+0000] {spark_submit.py:491} INFO - 25/11/02 05:24:39 INFO SparkEnv: Registering BlockManagerMasterHeartbeat
[2025-11-02T05:24:39.523+0000] {spark_submit.py:491} INFO - 25/11/02 05:24:39 INFO DiskBlockManager: Created local directory at /tmp/blockmgr-5a7cdad1-a52d-4c9c-b22e-101c06a94b12
[2025-11-02T05:24:39.530+0000] {spark_submit.py:491} INFO - 25/11/02 05:24:39 INFO MemoryStore: MemoryStore started with capacity 434.4 MiB
[2025-11-02T05:24:39.536+0000] {spark_submit.py:491} INFO - 25/11/02 05:24:39 INFO SparkEnv: Registering OutputCommitCoordinator
[2025-11-02T05:24:39.615+0000] {spark_submit.py:491} INFO - 25/11/02 05:24:39 INFO JettyUtils: Start Jetty 0.0.0.0:4040 for SparkUI
[2025-11-02T05:24:39.656+0000] {spark_submit.py:491} INFO - 25/11/02 05:24:39 INFO Utils: Successfully started service 'SparkUI' on port 4040.
[2025-11-02T05:24:39.675+0000] {spark_submit.py:491} INFO - 25/11/02 05:24:39 INFO SparkContext: Added JAR file:///opt/***/jars/iceberg-spark-runtime-3.5_2.12-1.4.2.jar at spark://d3553ba1dd4a:34603/jars/iceberg-spark-runtime-3.5_2.12-1.4.2.jar with timestamp 1762061079264
[2025-11-02T05:24:39.676+0000] {spark_submit.py:491} INFO - 25/11/02 05:24:39 INFO SparkContext: Added JAR file:///opt/***/jars/aws-java-sdk-bundle-1.12.367.jar at spark://d3553ba1dd4a:34603/jars/aws-java-sdk-bundle-1.12.367.jar with timestamp 1762061079264
[2025-11-02T05:24:39.676+0000] {spark_submit.py:491} INFO - 25/11/02 05:24:39 INFO SparkContext: Added JAR file:///opt/***/jars/hadoop-aws-3.3.4.jar at spark://d3553ba1dd4a:34603/jars/hadoop-aws-3.3.4.jar with timestamp 1762061079264
[2025-11-02T05:24:39.708+0000] {spark_submit.py:491} INFO - 25/11/02 05:24:39 INFO Executor: Starting executor ID driver on host d3553ba1dd4a
[2025-11-02T05:24:39.709+0000] {spark_submit.py:491} INFO - 25/11/02 05:24:39 INFO Executor: OS info Linux, 6.10.14-linuxkit, aarch64
[2025-11-02T05:24:39.709+0000] {spark_submit.py:491} INFO - 25/11/02 05:24:39 INFO Executor: Java version 11.0.28
[2025-11-02T05:24:39.711+0000] {spark_submit.py:491} INFO - 25/11/02 05:24:39 INFO Executor: Starting executor with user classpath (userClassPathFirst = false): ''
[2025-11-02T05:24:39.711+0000] {spark_submit.py:491} INFO - 25/11/02 05:24:39 INFO Executor: Created or updated repl class loader org.apache.spark.util.MutableURLClassLoader@37ec5a3d for default.
[2025-11-02T05:24:39.723+0000] {spark_submit.py:491} INFO - 25/11/02 05:24:39 INFO Executor: Fetching spark://d3553ba1dd4a:34603/jars/iceberg-spark-runtime-3.5_2.12-1.4.2.jar with timestamp 1762061079264
[2025-11-02T05:24:39.752+0000] {spark_submit.py:491} INFO - 25/11/02 05:24:39 INFO TransportClientFactory: Successfully created connection to d3553ba1dd4a/172.18.0.5:34603 after 15 ms (0 ms spent in bootstraps)
[2025-11-02T05:24:39.755+0000] {spark_submit.py:491} INFO - 25/11/02 05:24:39 INFO Utils: Fetching spark://d3553ba1dd4a:34603/jars/iceberg-spark-runtime-3.5_2.12-1.4.2.jar to /tmp/spark-c236ef0a-dd08-4439-8774-0bdd657264a2/userFiles-8a34290e-a029-43df-9ba1-2fae661ca72c/fetchFileTemp16937926648802824154.tmp
[2025-11-02T05:24:39.854+0000] {spark_submit.py:491} INFO - 25/11/02 05:24:39 INFO Executor: Adding file:/tmp/spark-c236ef0a-dd08-4439-8774-0bdd657264a2/userFiles-8a34290e-a029-43df-9ba1-2fae661ca72c/iceberg-spark-runtime-3.5_2.12-1.4.2.jar to class loader default
[2025-11-02T05:24:39.855+0000] {spark_submit.py:491} INFO - 25/11/02 05:24:39 INFO Executor: Fetching spark://d3553ba1dd4a:34603/jars/aws-java-sdk-bundle-1.12.367.jar with timestamp 1762061079264
[2025-11-02T05:24:39.855+0000] {spark_submit.py:491} INFO - 25/11/02 05:24:39 INFO Utils: Fetching spark://d3553ba1dd4a:34603/jars/aws-java-sdk-bundle-1.12.367.jar to /tmp/spark-c236ef0a-dd08-4439-8774-0bdd657264a2/userFiles-8a34290e-a029-43df-9ba1-2fae661ca72c/fetchFileTemp11135101652572965849.tmp
[2025-11-02T05:24:40.594+0000] {spark_submit.py:491} INFO - 25/11/02 05:24:40 INFO Executor: Adding file:/tmp/spark-c236ef0a-dd08-4439-8774-0bdd657264a2/userFiles-8a34290e-a029-43df-9ba1-2fae661ca72c/aws-java-sdk-bundle-1.12.367.jar to class loader default
[2025-11-02T05:24:40.594+0000] {spark_submit.py:491} INFO - 25/11/02 05:24:40 INFO Executor: Fetching spark://d3553ba1dd4a:34603/jars/hadoop-aws-3.3.4.jar with timestamp 1762061079264
[2025-11-02T05:24:40.595+0000] {spark_submit.py:491} INFO - 25/11/02 05:24:40 INFO Utils: Fetching spark://d3553ba1dd4a:34603/jars/hadoop-aws-3.3.4.jar to /tmp/spark-c236ef0a-dd08-4439-8774-0bdd657264a2/userFiles-8a34290e-a029-43df-9ba1-2fae661ca72c/fetchFileTemp3844822410796424194.tmp
[2025-11-02T05:24:40.598+0000] {spark_submit.py:491} INFO - 25/11/02 05:24:40 INFO Executor: Adding file:/tmp/spark-c236ef0a-dd08-4439-8774-0bdd657264a2/userFiles-8a34290e-a029-43df-9ba1-2fae661ca72c/hadoop-aws-3.3.4.jar to class loader default
[2025-11-02T05:24:40.697+0000] {spark_submit.py:491} INFO - 25/11/02 05:24:40 INFO Utils: Successfully started service 'org.apache.spark.network.netty.NettyBlockTransferService' on port 42987.
[2025-11-02T05:24:40.698+0000] {spark_submit.py:491} INFO - 25/11/02 05:24:40 INFO NettyBlockTransferService: Server created on d3553ba1dd4a:42987
[2025-11-02T05:24:40.699+0000] {spark_submit.py:491} INFO - 25/11/02 05:24:40 INFO BlockManager: Using org.apache.spark.storage.RandomBlockReplicationPolicy for block replication policy
[2025-11-02T05:24:40.703+0000] {spark_submit.py:491} INFO - 25/11/02 05:24:40 INFO BlockManagerMaster: Registering BlockManager BlockManagerId(driver, d3553ba1dd4a, 42987, None)
[2025-11-02T05:24:40.704+0000] {spark_submit.py:491} INFO - 25/11/02 05:24:40 INFO BlockManagerMasterEndpoint: Registering block manager d3553ba1dd4a:42987 with 434.4 MiB RAM, BlockManagerId(driver, d3553ba1dd4a, 42987, None)
[2025-11-02T05:24:40.706+0000] {spark_submit.py:491} INFO - 25/11/02 05:24:40 INFO BlockManagerMaster: Registered BlockManager BlockManagerId(driver, d3553ba1dd4a, 42987, None)
[2025-11-02T05:24:40.709+0000] {spark_submit.py:491} INFO - 25/11/02 05:24:40 INFO BlockManager: Initialized BlockManager: BlockManagerId(driver, d3553ba1dd4a, 42987, None)
[2025-11-02T05:24:42.133+0000] {spark_submit.py:491} INFO - 25/11/02 05:24:42 WARN MetricsConfig: Cannot locate configuration: tried hadoop-metrics2-s3a-file-system.properties,hadoop-metrics2.properties
[2025-11-02T05:24:42.853+0000] {spark_submit.py:491} INFO - Created/verified taxi zones table
[2025-11-02T05:24:42.853+0000] {spark_submit.py:491} INFO - Reading location data from: /opt/***/data/locations/nyc_taxi_zones.json
[2025-11-02T05:24:44.210+0000] {spark_submit.py:491} INFO - Raw location data count: 16
[2025-11-02T05:24:44.211+0000] {spark_submit.py:491} INFO - root
[2025-11-02T05:24:44.214+0000] {spark_submit.py:491} INFO - |-- borough: string (nullable = true)
[2025-11-02T05:24:44.215+0000] {spark_submit.py:491} INFO - |-- created_at: string (nullable = true)
[2025-11-02T05:24:44.215+0000] {spark_submit.py:491} INFO - |-- is_business_district: boolean (nullable = true)
[2025-11-02T05:24:44.217+0000] {spark_submit.py:491} INFO - |-- is_tourist_area: boolean (nullable = true)
[2025-11-02T05:24:44.217+0000] {spark_submit.py:491} INFO - |-- lat: double (nullable = true)
[2025-11-02T05:24:44.217+0000] {spark_submit.py:491} INFO - |-- location_id: long (nullable = true)
[2025-11-02T05:24:44.217+0000] {spark_submit.py:491} INFO - |-- lon: double (nullable = true)
[2025-11-02T05:24:44.218+0000] {spark_submit.py:491} INFO - |-- zone: string (nullable = true)
[2025-11-02T05:24:44.218+0000] {spark_submit.py:491} INFO - |-- zone_type: string (nullable = true)
[2025-11-02T05:24:44.218+0000] {spark_submit.py:491} INFO - 
[2025-11-02T05:24:44.407+0000] {spark_submit.py:491} INFO - Processed location data count: 16
[2025-11-02T05:24:45.672+0000] {spark_submit.py:491} INFO - Successfully wrote location data to Iceberg table
[2025-11-02T05:24:46.830+0000] {spark_submit.py:491} INFO - +---------+----------+-------------+--------------+
[2025-11-02T05:24:46.830+0000] {spark_submit.py:491} INFO - |  borough|zone_count|tourist_zones|business_zones|
[2025-11-02T05:24:46.830+0000] {spark_submit.py:491} INFO - +---------+----------+-------------+--------------+
[2025-11-02T05:24:46.830+0000] {spark_submit.py:491} INFO - |Manhattan|        13|            4|             3|
[2025-11-02T05:24:46.830+0000] {spark_submit.py:491} INFO - |   Queens|         2|            0|             0|
[2025-11-02T05:24:46.830+0000] {spark_submit.py:491} INFO - | Brooklyn|         1|            0|             0|
[2025-11-02T05:24:46.830+0000] {spark_submit.py:491} INFO - +---------+----------+-------------+--------------+
[2025-11-02T05:24:46.830+0000] {spark_submit.py:491} INFO - 
[2025-11-02T05:24:46.830+0000] {spark_submit.py:491} INFO - Location ETL job completed successfully!
[2025-11-02T05:24:47.638+0000] {taskinstance.py:1398} INFO - Marking task as SUCCESS. dag_id=nyc_weather_etl, task_id=spark_process_location_to_iceberg, execution_date=20251102T042433, start_date=20251102T052436, end_date=20251102T052447
[2025-11-02T05:24:47.647+0000] {local_task_job_runner.py:228} INFO - Task exited with return code 0
[2025-11-02T05:24:47.654+0000] {taskinstance.py:2776} INFO - 0 downstream tasks scheduled from follow-on schedule check
