[2025-10-31T06:51:50.155+0000] {taskinstance.py:1157} INFO - Dependencies all met for dep_context=non-requeueable deps ti=<TaskInstance: nyc_weather_etl.spark_process_weather_to_iceberg scheduled__2025-10-31T05:51:47.519123+00:00 [queued]>
[2025-10-31T06:51:50.161+0000] {taskinstance.py:1157} INFO - Dependencies all met for dep_context=requeueable deps ti=<TaskInstance: nyc_weather_etl.spark_process_weather_to_iceberg scheduled__2025-10-31T05:51:47.519123+00:00 [queued]>
[2025-10-31T06:51:50.161+0000] {taskinstance.py:1359} INFO - Starting attempt 1 of 1
[2025-10-31T06:51:50.224+0000] {taskinstance.py:1380} INFO - Executing <Task(SparkSubmitOperator): spark_process_weather_to_iceberg> on 2025-10-31 05:51:47.519123+00:00
[2025-10-31T06:51:50.226+0000] {standard_task_runner.py:57} INFO - Started process 243 to run task
[2025-10-31T06:51:50.228+0000] {standard_task_runner.py:84} INFO - Running: ['***', 'tasks', 'run', 'nyc_weather_etl', 'spark_process_weather_to_iceberg', 'scheduled__2025-10-31T05:51:47.519123+00:00', '--job-id', '70', '--raw', '--subdir', 'DAGS_FOLDER/nyc_weather_etl.py', '--cfg-path', '/tmp/tmp5xx8uzvj']
[2025-10-31T06:51:50.229+0000] {standard_task_runner.py:85} INFO - Job 70: Subtask spark_process_weather_to_iceberg
[2025-10-31T06:51:50.250+0000] {task_command.py:415} INFO - Running <TaskInstance: nyc_weather_etl.spark_process_weather_to_iceberg scheduled__2025-10-31T05:51:47.519123+00:00 [running]> on host d3553ba1dd4a
[2025-10-31T06:51:50.293+0000] {taskinstance.py:1660} INFO - Exporting env vars: AIRFLOW_CTX_DAG_OWNER='data-engineering' AIRFLOW_CTX_DAG_ID='nyc_weather_etl' AIRFLOW_CTX_TASK_ID='spark_process_weather_to_iceberg' AIRFLOW_CTX_EXECUTION_DATE='2025-10-31T05:51:47.519123+00:00' AIRFLOW_CTX_TRY_NUMBER='1' AIRFLOW_CTX_DAG_RUN_ID='scheduled__2025-10-31T05:51:47.519123+00:00'
[2025-10-31T06:51:50.294+0000] {base.py:73} INFO - Using connection ID 'spark_default' for task execution.
[2025-10-31T06:51:50.295+0000] {spark_submit.py:340} INFO - Spark-Submit cmd: /opt/bitnami/spark/bin/spark-submit --master spark-master:7077 --conf spark.master=spark://spark-master:7077 --conf spark.sql.catalog.spark_catalog=org.apache.iceberg.spark.SparkSessionCatalog --conf spark.sql.catalog.spark_catalog.type=hive --conf spark.sql.catalog.iceberg=org.apache.iceberg.spark.SparkCatalog --conf spark.sql.catalog.iceberg.type=hadoop --conf spark.sql.catalog.iceberg.warehouse=s3a://lakehouse/warehouse --conf spark.sql.extensions=org.apache.iceberg.spark.extensions.IcebergSparkSessionExtensions --conf spark.hadoop.fs.s3a.endpoint=http://minio:9000 --conf spark.hadoop.fs.s3a.access.key=admin --conf spark.hadoop.fs.s3a.secret.key=****** --conf spark.hadoop.fs.s3a.path.style.access=true --conf spark.hadoop.fs.s3a.impl=org.apache.hadoop.fs.s3a.S3AFileSystem --jars /opt/***/jars/iceberg-spark-runtime-3.5_2.12-1.4.2.jar,/opt/***/jars/aws-java-sdk-bundle-1.12.367.jar,/opt/***/jars/hadoop-aws-3.3.4.jar --name arrow-spark /opt/***/dags/spark_jobs/weather_to_iceberg.py /opt/***/data/weather/weather_data_20251031_06.json
[2025-10-31T06:51:51.451+0000] {spark_submit.py:491} INFO - 25/10/31 06:51:51 WARN NativeCodeLoader: Unable to load native-hadoop library for your platform... using builtin-java classes where applicable
[2025-10-31T06:51:52.219+0000] {spark_submit.py:491} INFO - 25/10/31 06:51:52 INFO SparkContext: Running Spark version 3.5.1
[2025-10-31T06:51:52.219+0000] {spark_submit.py:491} INFO - 25/10/31 06:51:52 INFO SparkContext: OS info Linux, 6.10.14-linuxkit, aarch64
[2025-10-31T06:51:52.219+0000] {spark_submit.py:491} INFO - 25/10/31 06:51:52 INFO SparkContext: Java version 11.0.28
[2025-10-31T06:51:52.237+0000] {spark_submit.py:491} INFO - 25/10/31 06:51:52 INFO ResourceUtils: ==============================================================
[2025-10-31T06:51:52.238+0000] {spark_submit.py:491} INFO - 25/10/31 06:51:52 INFO ResourceUtils: No custom resources configured for spark.driver.
[2025-10-31T06:51:52.238+0000] {spark_submit.py:491} INFO - 25/10/31 06:51:52 INFO ResourceUtils: ==============================================================
[2025-10-31T06:51:52.238+0000] {spark_submit.py:491} INFO - 25/10/31 06:51:52 INFO SparkContext: Submitted application: Weather to Iceberg ETL
[2025-10-31T06:51:52.246+0000] {spark_submit.py:491} INFO - 25/10/31 06:51:52 INFO ResourceProfile: Default ResourceProfile created, executor resources: Map(cores -> name: cores, amount: 1, script: , vendor: , memory -> name: memory, amount: 1024, script: , vendor: , offHeap -> name: offHeap, amount: 0, script: , vendor: ), task resources: Map(cpus -> name: cpus, amount: 1.0)
[2025-10-31T06:51:52.251+0000] {spark_submit.py:491} INFO - 25/10/31 06:51:52 INFO ResourceProfile: Limiting resource is cpu
[2025-10-31T06:51:52.251+0000] {spark_submit.py:491} INFO - 25/10/31 06:51:52 INFO ResourceProfileManager: Added ResourceProfile id: 0
[2025-10-31T06:51:52.282+0000] {spark_submit.py:491} INFO - 25/10/31 06:51:52 INFO SecurityManager: Changing view acls to: ***
[2025-10-31T06:51:52.283+0000] {spark_submit.py:491} INFO - 25/10/31 06:51:52 INFO SecurityManager: Changing modify acls to: ***
[2025-10-31T06:51:52.283+0000] {spark_submit.py:491} INFO - 25/10/31 06:51:52 INFO SecurityManager: Changing view acls groups to:
[2025-10-31T06:51:52.283+0000] {spark_submit.py:491} INFO - 25/10/31 06:51:52 INFO SecurityManager: Changing modify acls groups to:
[2025-10-31T06:51:52.283+0000] {spark_submit.py:491} INFO - 25/10/31 06:51:52 INFO SecurityManager: SecurityManager: authentication disabled; ui acls disabled; users with view permissions: ***; groups with view permissions: EMPTY; users with modify permissions: ***; groups with modify permissions: EMPTY
[2025-10-31T06:51:52.408+0000] {spark_submit.py:491} INFO - 25/10/31 06:51:52 INFO Utils: Successfully started service 'sparkDriver' on port 36765.
[2025-10-31T06:51:52.431+0000] {spark_submit.py:491} INFO - 25/10/31 06:51:52 INFO SparkEnv: Registering MapOutputTracker
[2025-10-31T06:51:52.455+0000] {spark_submit.py:491} INFO - 25/10/31 06:51:52 INFO SparkEnv: Registering BlockManagerMaster
[2025-10-31T06:51:52.473+0000] {spark_submit.py:491} INFO - 25/10/31 06:51:52 INFO BlockManagerMasterEndpoint: Using org.apache.spark.storage.DefaultTopologyMapper for getting topology information
[2025-10-31T06:51:52.473+0000] {spark_submit.py:491} INFO - 25/10/31 06:51:52 INFO BlockManagerMasterEndpoint: BlockManagerMasterEndpoint up
[2025-10-31T06:51:52.477+0000] {spark_submit.py:491} INFO - 25/10/31 06:51:52 INFO SparkEnv: Registering BlockManagerMasterHeartbeat
[2025-10-31T06:51:52.493+0000] {spark_submit.py:491} INFO - 25/10/31 06:51:52 INFO DiskBlockManager: Created local directory at /tmp/blockmgr-7643e56d-9b58-41b9-9047-ff84ade3d68a
[2025-10-31T06:51:52.502+0000] {spark_submit.py:491} INFO - 25/10/31 06:51:52 INFO MemoryStore: MemoryStore started with capacity 434.4 MiB
[2025-10-31T06:51:52.511+0000] {spark_submit.py:491} INFO - 25/10/31 06:51:52 INFO SparkEnv: Registering OutputCommitCoordinator
[2025-10-31T06:51:52.586+0000] {spark_submit.py:491} INFO - 25/10/31 06:51:52 INFO JettyUtils: Start Jetty 0.0.0.0:4040 for SparkUI
[2025-10-31T06:51:52.612+0000] {spark_submit.py:491} INFO - 25/10/31 06:51:52 WARN Utils: Service 'SparkUI' could not bind on port 4040. Attempting port 4041.
[2025-10-31T06:51:52.620+0000] {spark_submit.py:491} INFO - 25/10/31 06:51:52 INFO Utils: Successfully started service 'SparkUI' on port 4041.
[2025-10-31T06:51:52.635+0000] {spark_submit.py:491} INFO - 25/10/31 06:51:52 INFO SparkContext: Added JAR file:///opt/***/jars/iceberg-spark-runtime-3.5_2.12-1.4.2.jar at spark://d3553ba1dd4a:36765/jars/iceberg-spark-runtime-3.5_2.12-1.4.2.jar with timestamp 1761893512212
[2025-10-31T06:51:52.635+0000] {spark_submit.py:491} INFO - 25/10/31 06:51:52 INFO SparkContext: Added JAR file:///opt/***/jars/aws-java-sdk-bundle-1.12.367.jar at spark://d3553ba1dd4a:36765/jars/aws-java-sdk-bundle-1.12.367.jar with timestamp 1761893512212
[2025-10-31T06:51:52.635+0000] {spark_submit.py:491} INFO - 25/10/31 06:51:52 INFO SparkContext: Added JAR file:///opt/***/jars/hadoop-aws-3.3.4.jar at spark://d3553ba1dd4a:36765/jars/hadoop-aws-3.3.4.jar with timestamp 1761893512212
[2025-10-31T06:51:52.666+0000] {spark_submit.py:491} INFO - 25/10/31 06:51:52 INFO Executor: Starting executor ID driver on host d3553ba1dd4a
[2025-10-31T06:51:52.666+0000] {spark_submit.py:491} INFO - 25/10/31 06:51:52 INFO Executor: OS info Linux, 6.10.14-linuxkit, aarch64
[2025-10-31T06:51:52.667+0000] {spark_submit.py:491} INFO - 25/10/31 06:51:52 INFO Executor: Java version 11.0.28
[2025-10-31T06:51:52.670+0000] {spark_submit.py:491} INFO - 25/10/31 06:51:52 INFO Executor: Starting executor with user classpath (userClassPathFirst = false): ''
[2025-10-31T06:51:52.670+0000] {spark_submit.py:491} INFO - 25/10/31 06:51:52 INFO Executor: Created or updated repl class loader org.apache.spark.util.MutableURLClassLoader@3addf349 for default.
[2025-10-31T06:51:52.675+0000] {spark_submit.py:491} INFO - 25/10/31 06:51:52 INFO Executor: Fetching spark://d3553ba1dd4a:36765/jars/iceberg-spark-runtime-3.5_2.12-1.4.2.jar with timestamp 1761893512212
[2025-10-31T06:51:52.707+0000] {spark_submit.py:491} INFO - 25/10/31 06:51:52 INFO TransportClientFactory: Successfully created connection to d3553ba1dd4a/172.18.0.14:36765 after 13 ms (0 ms spent in bootstraps)
[2025-10-31T06:51:52.713+0000] {spark_submit.py:491} INFO - 25/10/31 06:51:52 INFO Utils: Fetching spark://d3553ba1dd4a:36765/jars/iceberg-spark-runtime-3.5_2.12-1.4.2.jar to /tmp/spark-e6a03627-e90b-4b1c-aa9c-13bb74d2ee99/userFiles-cb10869d-b12c-4e62-8c3c-e1420a8d8f96/fetchFileTemp17285935353875912755.tmp
[2025-10-31T06:51:52.823+0000] {spark_submit.py:491} INFO - 25/10/31 06:51:52 INFO Executor: Adding file:/tmp/spark-e6a03627-e90b-4b1c-aa9c-13bb74d2ee99/userFiles-cb10869d-b12c-4e62-8c3c-e1420a8d8f96/iceberg-spark-runtime-3.5_2.12-1.4.2.jar to class loader default
[2025-10-31T06:51:52.824+0000] {spark_submit.py:491} INFO - 25/10/31 06:51:52 INFO Executor: Fetching spark://d3553ba1dd4a:36765/jars/aws-java-sdk-bundle-1.12.367.jar with timestamp 1761893512212
[2025-10-31T06:51:52.825+0000] {spark_submit.py:491} INFO - 25/10/31 06:51:52 INFO Utils: Fetching spark://d3553ba1dd4a:36765/jars/aws-java-sdk-bundle-1.12.367.jar to /tmp/spark-e6a03627-e90b-4b1c-aa9c-13bb74d2ee99/userFiles-cb10869d-b12c-4e62-8c3c-e1420a8d8f96/fetchFileTemp15570312311482434424.tmp
[2025-10-31T06:51:53.473+0000] {spark_submit.py:491} INFO - 25/10/31 06:51:53 INFO Executor: Adding file:/tmp/spark-e6a03627-e90b-4b1c-aa9c-13bb74d2ee99/userFiles-cb10869d-b12c-4e62-8c3c-e1420a8d8f96/aws-java-sdk-bundle-1.12.367.jar to class loader default
[2025-10-31T06:51:53.473+0000] {spark_submit.py:491} INFO - 25/10/31 06:51:53 INFO Executor: Fetching spark://d3553ba1dd4a:36765/jars/hadoop-aws-3.3.4.jar with timestamp 1761893512212
[2025-10-31T06:51:53.477+0000] {spark_submit.py:491} INFO - 25/10/31 06:51:53 INFO Utils: Fetching spark://d3553ba1dd4a:36765/jars/hadoop-aws-3.3.4.jar to /tmp/spark-e6a03627-e90b-4b1c-aa9c-13bb74d2ee99/userFiles-cb10869d-b12c-4e62-8c3c-e1420a8d8f96/fetchFileTemp11548899859196712869.tmp
[2025-10-31T06:51:53.511+0000] {spark_submit.py:491} INFO - 25/10/31 06:51:53 INFO Executor: Adding file:/tmp/spark-e6a03627-e90b-4b1c-aa9c-13bb74d2ee99/userFiles-cb10869d-b12c-4e62-8c3c-e1420a8d8f96/hadoop-aws-3.3.4.jar to class loader default
[2025-10-31T06:51:53.521+0000] {spark_submit.py:491} INFO - 25/10/31 06:51:53 INFO Utils: Successfully started service 'org.apache.spark.network.netty.NettyBlockTransferService' on port 36207.
[2025-10-31T06:51:53.521+0000] {spark_submit.py:491} INFO - 25/10/31 06:51:53 INFO NettyBlockTransferService: Server created on d3553ba1dd4a:36207
[2025-10-31T06:51:53.522+0000] {spark_submit.py:491} INFO - 25/10/31 06:51:53 INFO BlockManager: Using org.apache.spark.storage.RandomBlockReplicationPolicy for block replication policy
[2025-10-31T06:51:53.528+0000] {spark_submit.py:491} INFO - 25/10/31 06:51:53 INFO BlockManagerMaster: Registering BlockManager BlockManagerId(driver, d3553ba1dd4a, 36207, None)
[2025-10-31T06:51:53.532+0000] {spark_submit.py:491} INFO - 25/10/31 06:51:53 INFO BlockManagerMasterEndpoint: Registering block manager d3553ba1dd4a:36207 with 434.4 MiB RAM, BlockManagerId(driver, d3553ba1dd4a, 36207, None)
[2025-10-31T06:51:53.533+0000] {spark_submit.py:491} INFO - 25/10/31 06:51:53 INFO BlockManagerMaster: Registered BlockManager BlockManagerId(driver, d3553ba1dd4a, 36207, None)
[2025-10-31T06:51:53.534+0000] {spark_submit.py:491} INFO - 25/10/31 06:51:53 INFO BlockManager: Initialized BlockManager: BlockManagerId(driver, d3553ba1dd4a, 36207, None)
[2025-10-31T06:51:55.581+0000] {spark_submit.py:491} INFO - 25/10/31 06:51:55 WARN MetricsConfig: Cannot locate configuration: tried hadoop-metrics2-s3a-file-system.properties,hadoop-metrics2.properties
[2025-10-31T06:51:56.293+0000] {spark_submit.py:491} INFO - Created/verified weather table
[2025-10-31T06:51:56.293+0000] {spark_submit.py:491} INFO - Reading weather data from: /opt/***/data/weather/weather_data_20251031_06.json
[2025-10-31T06:51:57.524+0000] {spark_submit.py:491} INFO - Raw weather data count: 24
[2025-10-31T06:51:57.526+0000] {spark_submit.py:491} INFO - root
[2025-10-31T06:51:57.526+0000] {spark_submit.py:491} INFO - |-- timestamp: string (nullable = true)
[2025-10-31T06:51:57.526+0000] {spark_submit.py:491} INFO - |-- location: string (nullable = true)
[2025-10-31T06:51:57.527+0000] {spark_submit.py:491} INFO - |-- latitude: double (nullable = true)
[2025-10-31T06:51:57.527+0000] {spark_submit.py:491} INFO - |-- longitude: double (nullable = true)
[2025-10-31T06:51:57.527+0000] {spark_submit.py:491} INFO - |-- temperature_celsius: double (nullable = true)
[2025-10-31T06:51:57.527+0000] {spark_submit.py:491} INFO - |-- temperature_fahrenheit: double (nullable = true)
[2025-10-31T06:51:57.527+0000] {spark_submit.py:491} INFO - |-- humidity_percent: double (nullable = true)
[2025-10-31T06:51:57.527+0000] {spark_submit.py:491} INFO - |-- pressure_hpa: double (nullable = true)
[2025-10-31T06:51:57.527+0000] {spark_submit.py:491} INFO - |-- wind_speed_kmh: double (nullable = true)
[2025-10-31T06:51:57.527+0000] {spark_submit.py:491} INFO - |-- weather_condition: string (nullable = true)
[2025-10-31T06:51:57.527+0000] {spark_submit.py:491} INFO - |-- visibility_km: double (nullable = true)
[2025-10-31T06:51:57.527+0000] {spark_submit.py:491} INFO - |-- uv_index: double (nullable = true)
[2025-10-31T06:51:57.527+0000] {spark_submit.py:491} INFO - |-- hour: integer (nullable = true)
[2025-10-31T06:51:57.528+0000] {spark_submit.py:491} INFO - |-- day_of_week: integer (nullable = true)
[2025-10-31T06:51:57.528+0000] {spark_submit.py:491} INFO - |-- is_weekend: boolean (nullable = true)
[2025-10-31T06:51:57.529+0000] {spark_submit.py:491} INFO - 
[2025-10-31T06:51:57.786+0000] {spark_submit.py:491} INFO - Processed weather data count: 24
[2025-10-31T06:51:58.911+0000] {spark_submit.py:491} INFO - Successfully wrote weather data to Iceberg table
[2025-10-31T06:52:00.402+0000] {spark_submit.py:491} INFO - +------------+------------------+-----------------+-----------------+--------------------+
[2025-10-31T06:52:00.405+0000] {spark_submit.py:491} INFO - |weather_date|        avg_temp_c|     avg_humidity|   avg_wind_speed|          conditions|
[2025-10-31T06:52:00.405+0000] {spark_submit.py:491} INFO - +------------+------------------+-----------------+-----------------+--------------------+
[2025-10-31T06:52:00.405+0000] {spark_submit.py:491} INFO - |  2025-10-31|18.631428571428575|56.10000000000001|6.057142857142858|[clear, snow, clo...|
[2025-10-31T06:52:00.405+0000] {spark_submit.py:491} INFO - |  2025-10-30|18.244117647058825|61.70588235294116|7.505882352941177|[clear, snow, rai...|
[2025-10-31T06:52:00.405+0000] {spark_submit.py:491} INFO - +------------+------------------+-----------------+-----------------+--------------------+
[2025-10-31T06:52:00.405+0000] {spark_submit.py:491} INFO - 
[2025-10-31T06:52:00.405+0000] {spark_submit.py:491} INFO - Weather ETL job completed successfully!
[2025-10-31T06:52:01.243+0000] {taskinstance.py:1398} INFO - Marking task as SUCCESS. dag_id=nyc_weather_etl, task_id=spark_process_weather_to_iceberg, execution_date=20251031T055147, start_date=20251031T065150, end_date=20251031T065201
[2025-10-31T06:52:01.269+0000] {local_task_job_runner.py:228} INFO - Task exited with return code 0
[2025-10-31T06:52:01.292+0000] {taskinstance.py:2776} INFO - 0 downstream tasks scheduled from follow-on schedule check
