[2025-10-16T09:00:35.139+0000] {taskinstance.py:1157} INFO - Dependencies all met for dep_context=non-requeueable deps ti=<TaskInstance: nyc_weather_etl.spark_process_weather_to_iceberg scheduled__2025-10-16T07:38:43.302003+00:00 [queued]>
[2025-10-16T09:00:35.149+0000] {taskinstance.py:1157} INFO - Dependencies all met for dep_context=requeueable deps ti=<TaskInstance: nyc_weather_etl.spark_process_weather_to_iceberg scheduled__2025-10-16T07:38:43.302003+00:00 [queued]>
[2025-10-16T09:00:35.150+0000] {taskinstance.py:1359} INFO - Starting attempt 1 of 1
[2025-10-16T09:00:35.162+0000] {taskinstance.py:1380} INFO - Executing <Task(SparkSubmitOperator): spark_process_weather_to_iceberg> on 2025-10-16 07:38:43.302003+00:00
[2025-10-16T09:00:35.166+0000] {standard_task_runner.py:57} INFO - Started process 8962 to run task
[2025-10-16T09:00:35.169+0000] {standard_task_runner.py:84} INFO - Running: ['***', 'tasks', 'run', 'nyc_weather_etl', 'spark_process_weather_to_iceberg', 'scheduled__2025-10-16T07:38:43.302003+00:00', '--job-id', '597', '--raw', '--subdir', 'DAGS_FOLDER/nyc_weather_etl.py', '--cfg-path', '/tmp/tmpl7bjgsw3']
[2025-10-16T09:00:35.172+0000] {standard_task_runner.py:85} INFO - Job 597: Subtask spark_process_weather_to_iceberg
[2025-10-16T09:00:35.213+0000] {task_command.py:415} INFO - Running <TaskInstance: nyc_weather_etl.spark_process_weather_to_iceberg scheduled__2025-10-16T07:38:43.302003+00:00 [running]> on host b40be2a595bb
[2025-10-16T09:00:35.453+0000] {taskinstance.py:1660} INFO - Exporting env vars: AIRFLOW_CTX_DAG_OWNER='data-engineering' AIRFLOW_CTX_DAG_ID='nyc_weather_etl' AIRFLOW_CTX_TASK_ID='spark_process_weather_to_iceberg' AIRFLOW_CTX_EXECUTION_DATE='2025-10-16T07:38:43.302003+00:00' AIRFLOW_CTX_TRY_NUMBER='1' AIRFLOW_CTX_DAG_RUN_ID='scheduled__2025-10-16T07:38:43.302003+00:00'
[2025-10-16T09:00:35.463+0000] {base.py:73} INFO - Using connection ID 'spark_default' for task execution.
[2025-10-16T09:00:35.466+0000] {spark_submit.py:340} INFO - Spark-Submit cmd: /opt/bitnami/spark/bin/spark-submit --master spark://spark-master:7077 --conf spark.master=spark://spark-master:7077 --conf spark.sql.catalog.spark_catalog=org.apache.iceberg.spark.SparkSessionCatalog --conf spark.sql.catalog.spark_catalog.type=hive --conf spark.sql.catalog.iceberg=org.apache.iceberg.spark.SparkCatalog --conf spark.sql.catalog.iceberg.type=hadoop --conf spark.sql.catalog.iceberg.warehouse=s3a://lakehouse/warehouse --conf spark.sql.extensions=org.apache.iceberg.spark.extensions.IcebergSparkSessionExtensions --conf spark.hadoop.fs.s3a.endpoint=http://minio:9000 --conf spark.hadoop.fs.s3a.access.key=admin --conf spark.hadoop.fs.s3a.secret.key=****** --conf spark.hadoop.fs.s3a.path.style.access=true --conf spark.hadoop.fs.s3a.impl=org.apache.hadoop.fs.s3a.S3AFileSystem --jars /opt/***/jars/iceberg-spark-runtime-3.5_2.12-1.4.2.jar,/opt/***/jars/aws-java-sdk-bundle-1.12.367.jar,/opt/***/jars/hadoop-aws-3.3.4.jar --name arrow-spark --queue default /opt/***/dags/spark_jobs/weather_to_iceberg.py /opt/***/data/weather/weather_data_20251008_06.json
[2025-10-16T09:00:38.054+0000] {spark_submit.py:491} INFO - 25/10/16 09:00:38 WARN NativeCodeLoader: Unable to load native-hadoop library for your platform... using builtin-java classes where applicable
[2025-10-16T09:00:40.123+0000] {spark_submit.py:491} INFO - 25/10/16 09:00:40 INFO SparkContext: Running Spark version 3.5.1
[2025-10-16T09:00:40.127+0000] {spark_submit.py:491} INFO - 25/10/16 09:00:40 INFO SparkContext: OS info Linux, 6.10.14-linuxkit, aarch64
[2025-10-16T09:00:40.127+0000] {spark_submit.py:491} INFO - 25/10/16 09:00:40 INFO SparkContext: Java version 11.0.28
[2025-10-16T09:00:40.160+0000] {spark_submit.py:491} INFO - 25/10/16 09:00:40 INFO ResourceUtils: ==============================================================
[2025-10-16T09:00:40.161+0000] {spark_submit.py:491} INFO - 25/10/16 09:00:40 INFO ResourceUtils: No custom resources configured for spark.driver.
[2025-10-16T09:00:40.162+0000] {spark_submit.py:491} INFO - 25/10/16 09:00:40 INFO ResourceUtils: ==============================================================
[2025-10-16T09:00:40.163+0000] {spark_submit.py:491} INFO - 25/10/16 09:00:40 INFO SparkContext: Submitted application: Weather to Iceberg ETL
[2025-10-16T09:00:40.186+0000] {spark_submit.py:491} INFO - 25/10/16 09:00:40 INFO ResourceProfile: Default ResourceProfile created, executor resources: Map(cores -> name: cores, amount: 1, script: , vendor: , memory -> name: memory, amount: 1024, script: , vendor: , offHeap -> name: offHeap, amount: 0, script: , vendor: ), task resources: Map(cpus -> name: cpus, amount: 1.0)
[2025-10-16T09:00:40.201+0000] {spark_submit.py:491} INFO - 25/10/16 09:00:40 INFO ResourceProfile: Limiting resource is cpu
[2025-10-16T09:00:40.201+0000] {spark_submit.py:491} INFO - 25/10/16 09:00:40 INFO ResourceProfileManager: Added ResourceProfile id: 0
[2025-10-16T09:00:40.313+0000] {spark_submit.py:491} INFO - 25/10/16 09:00:40 INFO SecurityManager: Changing view acls to: ***
[2025-10-16T09:00:40.317+0000] {spark_submit.py:491} INFO - 25/10/16 09:00:40 INFO SecurityManager: Changing modify acls to: ***
[2025-10-16T09:00:40.318+0000] {spark_submit.py:491} INFO - 25/10/16 09:00:40 INFO SecurityManager: Changing view acls groups to:
[2025-10-16T09:00:40.318+0000] {spark_submit.py:491} INFO - 25/10/16 09:00:40 INFO SecurityManager: Changing modify acls groups to:
[2025-10-16T09:00:40.318+0000] {spark_submit.py:491} INFO - 25/10/16 09:00:40 INFO SecurityManager: SecurityManager: authentication disabled; ui acls disabled; users with view permissions: ***; groups with view permissions: EMPTY; users with modify permissions: ***; groups with modify permissions: EMPTY
[2025-10-16T09:00:40.580+0000] {spark_submit.py:491} INFO - 25/10/16 09:00:40 INFO Utils: Successfully started service 'sparkDriver' on port 40709.
[2025-10-16T09:00:40.622+0000] {spark_submit.py:491} INFO - 25/10/16 09:00:40 INFO SparkEnv: Registering MapOutputTracker
[2025-10-16T09:00:40.662+0000] {spark_submit.py:491} INFO - 25/10/16 09:00:40 INFO SparkEnv: Registering BlockManagerMaster
[2025-10-16T09:00:40.694+0000] {spark_submit.py:491} INFO - 25/10/16 09:00:40 INFO BlockManagerMasterEndpoint: Using org.apache.spark.storage.DefaultTopologyMapper for getting topology information
[2025-10-16T09:00:40.695+0000] {spark_submit.py:491} INFO - 25/10/16 09:00:40 INFO BlockManagerMasterEndpoint: BlockManagerMasterEndpoint up
[2025-10-16T09:00:40.701+0000] {spark_submit.py:491} INFO - 25/10/16 09:00:40 INFO SparkEnv: Registering BlockManagerMasterHeartbeat
[2025-10-16T09:00:40.740+0000] {spark_submit.py:491} INFO - 25/10/16 09:00:40 INFO DiskBlockManager: Created local directory at /tmp/blockmgr-55eeea1b-d5cd-4204-bec3-c80db939ba2a
[2025-10-16T09:00:40.761+0000] {spark_submit.py:491} INFO - 25/10/16 09:00:40 INFO MemoryStore: MemoryStore started with capacity 434.4 MiB
[2025-10-16T09:00:40.786+0000] {spark_submit.py:491} INFO - 25/10/16 09:00:40 INFO SparkEnv: Registering OutputCommitCoordinator
[2025-10-16T09:00:40.920+0000] {spark_submit.py:491} INFO - 25/10/16 09:00:40 INFO JettyUtils: Start Jetty 0.0.0.0:4040 for SparkUI
[2025-10-16T09:00:40.966+0000] {spark_submit.py:491} INFO - 25/10/16 09:00:40 INFO Utils: Successfully started service 'SparkUI' on port 4040.
[2025-10-16T09:00:41.025+0000] {spark_submit.py:491} INFO - 25/10/16 09:00:41 INFO SparkContext: Added JAR file:///opt/***/jars/iceberg-spark-runtime-3.5_2.12-1.4.2.jar at spark://b40be2a595bb:40709/jars/iceberg-spark-runtime-3.5_2.12-1.4.2.jar with timestamp 1760605240110
[2025-10-16T09:00:41.026+0000] {spark_submit.py:491} INFO - 25/10/16 09:00:41 INFO SparkContext: Added JAR file:///opt/***/jars/aws-java-sdk-bundle-1.12.367.jar at spark://b40be2a595bb:40709/jars/aws-java-sdk-bundle-1.12.367.jar with timestamp 1760605240110
[2025-10-16T09:00:41.026+0000] {spark_submit.py:491} INFO - 25/10/16 09:00:41 INFO SparkContext: Added JAR file:///opt/***/jars/hadoop-aws-3.3.4.jar at spark://b40be2a595bb:40709/jars/hadoop-aws-3.3.4.jar with timestamp 1760605240110
[2025-10-16T09:00:41.094+0000] {spark_submit.py:491} INFO - 25/10/16 09:00:41 INFO Executor: Starting executor ID driver on host b40be2a595bb
[2025-10-16T09:00:41.095+0000] {spark_submit.py:491} INFO - 25/10/16 09:00:41 INFO Executor: OS info Linux, 6.10.14-linuxkit, aarch64
[2025-10-16T09:00:41.095+0000] {spark_submit.py:491} INFO - 25/10/16 09:00:41 INFO Executor: Java version 11.0.28
[2025-10-16T09:00:41.098+0000] {spark_submit.py:491} INFO - 25/10/16 09:00:41 INFO Executor: Starting executor with user classpath (userClassPathFirst = false): ''
[2025-10-16T09:00:41.098+0000] {spark_submit.py:491} INFO - 25/10/16 09:00:41 INFO Executor: Created or updated repl class loader org.apache.spark.util.MutableURLClassLoader@36bafa53 for default.
[2025-10-16T09:00:41.107+0000] {spark_submit.py:491} INFO - 25/10/16 09:00:41 INFO Executor: Fetching spark://b40be2a595bb:40709/jars/aws-java-sdk-bundle-1.12.367.jar with timestamp 1760605240110
[2025-10-16T09:00:41.151+0000] {spark_submit.py:491} INFO - 25/10/16 09:00:41 INFO TransportClientFactory: Successfully created connection to b40be2a595bb/172.18.0.3:40709 after 22 ms (0 ms spent in bootstraps)
[2025-10-16T09:00:41.156+0000] {spark_submit.py:491} INFO - 25/10/16 09:00:41 INFO Utils: Fetching spark://b40be2a595bb:40709/jars/aws-java-sdk-bundle-1.12.367.jar to /tmp/spark-bc343b38-42d2-4019-a628-a4133a30609c/userFiles-acf42b5c-5ff4-4699-b8ab-926860e16748/fetchFileTemp8545991142973885517.tmp
[2025-10-16T09:00:41.853+0000] {spark_submit.py:491} INFO - 25/10/16 09:00:41 INFO Executor: Adding file:/tmp/spark-bc343b38-42d2-4019-a628-a4133a30609c/userFiles-acf42b5c-5ff4-4699-b8ab-926860e16748/aws-java-sdk-bundle-1.12.367.jar to class loader default
[2025-10-16T09:00:41.854+0000] {spark_submit.py:491} INFO - 25/10/16 09:00:41 INFO Executor: Fetching spark://b40be2a595bb:40709/jars/hadoop-aws-3.3.4.jar with timestamp 1760605240110
[2025-10-16T09:00:41.855+0000] {spark_submit.py:491} INFO - 25/10/16 09:00:41 INFO Utils: Fetching spark://b40be2a595bb:40709/jars/hadoop-aws-3.3.4.jar to /tmp/spark-bc343b38-42d2-4019-a628-a4133a30609c/userFiles-acf42b5c-5ff4-4699-b8ab-926860e16748/fetchFileTemp2567035138081764427.tmp
[2025-10-16T09:00:41.868+0000] {spark_submit.py:491} INFO - 25/10/16 09:00:41 INFO Executor: Adding file:/tmp/spark-bc343b38-42d2-4019-a628-a4133a30609c/userFiles-acf42b5c-5ff4-4699-b8ab-926860e16748/hadoop-aws-3.3.4.jar to class loader default
[2025-10-16T09:00:41.869+0000] {spark_submit.py:491} INFO - 25/10/16 09:00:41 INFO Executor: Fetching spark://b40be2a595bb:40709/jars/iceberg-spark-runtime-3.5_2.12-1.4.2.jar with timestamp 1760605240110
[2025-10-16T09:00:41.869+0000] {spark_submit.py:491} INFO - 25/10/16 09:00:41 INFO Utils: Fetching spark://b40be2a595bb:40709/jars/iceberg-spark-runtime-3.5_2.12-1.4.2.jar to /tmp/spark-bc343b38-42d2-4019-a628-a4133a30609c/userFiles-acf42b5c-5ff4-4699-b8ab-926860e16748/fetchFileTemp12356322368413218405.tmp
[2025-10-16T09:00:41.934+0000] {spark_submit.py:491} INFO - 25/10/16 09:00:41 INFO Executor: Adding file:/tmp/spark-bc343b38-42d2-4019-a628-a4133a30609c/userFiles-acf42b5c-5ff4-4699-b8ab-926860e16748/iceberg-spark-runtime-3.5_2.12-1.4.2.jar to class loader default
[2025-10-16T09:00:41.943+0000] {spark_submit.py:491} INFO - 25/10/16 09:00:41 INFO Utils: Successfully started service 'org.apache.spark.network.netty.NettyBlockTransferService' on port 34279.
[2025-10-16T09:00:41.944+0000] {spark_submit.py:491} INFO - 25/10/16 09:00:41 INFO NettyBlockTransferService: Server created on b40be2a595bb:34279
[2025-10-16T09:00:41.945+0000] {spark_submit.py:491} INFO - 25/10/16 09:00:41 INFO BlockManager: Using org.apache.spark.storage.RandomBlockReplicationPolicy for block replication policy
[2025-10-16T09:00:41.950+0000] {spark_submit.py:491} INFO - 25/10/16 09:00:41 INFO BlockManagerMaster: Registering BlockManager BlockManagerId(driver, b40be2a595bb, 34279, None)
[2025-10-16T09:00:41.953+0000] {spark_submit.py:491} INFO - 25/10/16 09:00:41 INFO BlockManagerMasterEndpoint: Registering block manager b40be2a595bb:34279 with 434.4 MiB RAM, BlockManagerId(driver, b40be2a595bb, 34279, None)
[2025-10-16T09:00:41.956+0000] {spark_submit.py:491} INFO - 25/10/16 09:00:41 INFO BlockManagerMaster: Registered BlockManager BlockManagerId(driver, b40be2a595bb, 34279, None)
[2025-10-16T09:00:41.956+0000] {spark_submit.py:491} INFO - 25/10/16 09:00:41 INFO BlockManager: Initialized BlockManager: BlockManagerId(driver, b40be2a595bb, 34279, None)
[2025-10-16T09:00:45.532+0000] {spark_submit.py:491} INFO - 25/10/16 09:00:45 WARN MetricsConfig: Cannot locate configuration: tried hadoop-metrics2-s3a-file-system.properties,hadoop-metrics2.properties
[2025-10-16T09:00:47.162+0000] {spark_submit.py:491} INFO - Created/verified weather table
[2025-10-16T09:00:47.164+0000] {spark_submit.py:491} INFO - Reading weather data from: /opt/***/data/weather/weather_data_20251008_06.json
[2025-10-16T09:00:47.415+0000] {spark_submit.py:491} INFO - Error in weather ETL job: [CANNOT_ACCEPT_OBJECT_IN_TYPE] `DoubleType()` can not accept object `0` in type `int`.
[2025-10-16T09:00:47.664+0000] {spark_submit.py:491} INFO - Traceback (most recent call last):
[2025-10-16T09:00:47.664+0000] {spark_submit.py:491} INFO - File "/opt/***/dags/spark_jobs/weather_to_iceberg.py", line 194, in <module>
[2025-10-16T09:00:47.665+0000] {spark_submit.py:491} INFO - main()
[2025-10-16T09:00:47.665+0000] {spark_submit.py:491} INFO - File "/opt/***/dags/spark_jobs/weather_to_iceberg.py", line 183, in main
[2025-10-16T09:00:47.665+0000] {spark_submit.py:491} INFO - process_weather_data(spark, input_path)
[2025-10-16T09:00:47.666+0000] {spark_submit.py:491} INFO - File "/opt/***/dags/spark_jobs/weather_to_iceberg.py", line 127, in process_weather_data
[2025-10-16T09:00:47.666+0000] {spark_submit.py:491} INFO - df = spark.createDataFrame(weather_data, schema=weather_schema)
[2025-10-16T09:00:47.666+0000] {spark_submit.py:491} INFO - File "/opt/bitnami/spark/python/lib/pyspark.zip/pyspark/sql/session.py", line 1443, in createDataFrame
[2025-10-16T09:00:47.666+0000] {spark_submit.py:491} INFO - File "/opt/bitnami/spark/python/lib/pyspark.zip/pyspark/sql/session.py", line 1485, in _create_dataframe
[2025-10-16T09:00:47.667+0000] {spark_submit.py:491} INFO - File "/opt/bitnami/spark/python/lib/pyspark.zip/pyspark/sql/session.py", line 1090, in _createFromLocal
[2025-10-16T09:00:47.667+0000] {spark_submit.py:491} INFO - File "/opt/bitnami/spark/python/lib/pyspark.zip/pyspark/sql/session.py", line 1459, in prepare
[2025-10-16T09:00:47.667+0000] {spark_submit.py:491} INFO - File "/opt/bitnami/spark/python/lib/pyspark.zip/pyspark/sql/types.py", line 2187, in verify
[2025-10-16T09:00:47.667+0000] {spark_submit.py:491} INFO - File "/opt/bitnami/spark/python/lib/pyspark.zip/pyspark/sql/types.py", line 2147, in verify_struct
[2025-10-16T09:00:47.667+0000] {spark_submit.py:491} INFO - File "/opt/bitnami/spark/python/lib/pyspark.zip/pyspark/sql/types.py", line 2187, in verify
[2025-10-16T09:00:47.670+0000] {spark_submit.py:491} INFO - File "/opt/bitnami/spark/python/lib/pyspark.zip/pyspark/sql/types.py", line 2181, in verify_default
[2025-10-16T09:00:47.671+0000] {spark_submit.py:491} INFO - File "/opt/bitnami/spark/python/lib/pyspark.zip/pyspark/sql/types.py", line 2006, in verify_acceptable_types
[2025-10-16T09:00:47.671+0000] {spark_submit.py:491} INFO - pyspark.errors.exceptions.base.PySparkTypeError: [CANNOT_ACCEPT_OBJECT_IN_TYPE] `DoubleType()` can not accept object `0` in type `int`.
[2025-10-16T09:00:47.876+0000] {taskinstance.py:1935} ERROR - Task failed with exception
Traceback (most recent call last):
  File "/home/airflow/.local/lib/python3.8/site-packages/airflow/providers/apache/spark/operators/spark_submit.py", line 156, in execute
    self._hook.submit(self._application)
  File "/home/airflow/.local/lib/python3.8/site-packages/airflow/providers/apache/spark/hooks/spark_submit.py", line 422, in submit
    raise AirflowException(
airflow.exceptions.AirflowException: Cannot execute: /opt/bitnami/spark/bin/spark-submit --master spark://spark-master:7077 --conf spark.master=spark://spark-master:7077 --conf spark.sql.catalog.spark_catalog=org.apache.iceberg.spark.SparkSessionCatalog --conf spark.sql.catalog.spark_catalog.type=hive --conf spark.sql.catalog.iceberg=org.apache.iceberg.spark.SparkCatalog --conf spark.sql.catalog.iceberg.type=hadoop --conf spark.sql.catalog.iceberg.warehouse=s3a://lakehouse/warehouse --conf spark.sql.extensions=org.apache.iceberg.spark.extensions.IcebergSparkSessionExtensions --conf spark.hadoop.fs.s3a.endpoint=http://minio:9000 --conf spark.hadoop.fs.s3a.access.key=admin --conf spark.hadoop.fs.s3a.secret.key=****** --conf spark.hadoop.fs.s3a.path.style.access=true --conf spark.hadoop.fs.s3a.impl=org.apache.hadoop.fs.s3a.S3AFileSystem --jars /opt/***/jars/iceberg-spark-runtime-3.5_2.12-1.4.2.jar,/opt/***/jars/aws-java-sdk-bundle-1.12.367.jar,/opt/***/jars/hadoop-aws-3.3.4.jar --name arrow-spark --queue default /opt/***/dags/spark_jobs/weather_to_iceberg.py /opt/***/data/weather/weather_data_20251008_06.json. Error code is: 1.
[2025-10-16T09:00:47.879+0000] {taskinstance.py:1398} INFO - Marking task as FAILED. dag_id=nyc_weather_etl, task_id=spark_process_weather_to_iceberg, execution_date=20251016T073843, start_date=20251016T090035, end_date=20251016T090047
[2025-10-16T09:00:47.890+0000] {standard_task_runner.py:104} ERROR - Failed to execute job 597 for task spark_process_weather_to_iceberg (Cannot execute: /opt/bitnami/spark/bin/spark-submit --master spark://spark-master:7077 --conf spark.master=spark://spark-master:7077 --conf spark.sql.catalog.spark_catalog=org.apache.iceberg.spark.SparkSessionCatalog --conf spark.sql.catalog.spark_catalog.type=hive --conf spark.sql.catalog.iceberg=org.apache.iceberg.spark.SparkCatalog --conf spark.sql.catalog.iceberg.type=hadoop --conf spark.sql.catalog.iceberg.warehouse=s3a://lakehouse/warehouse --conf spark.sql.extensions=org.apache.iceberg.spark.extensions.IcebergSparkSessionExtensions --conf spark.hadoop.fs.s3a.endpoint=http://minio:9000 --conf spark.hadoop.fs.s3a.access.key=admin --conf spark.hadoop.fs.s3a.secret.key=****** --conf spark.hadoop.fs.s3a.path.style.access=true --conf spark.hadoop.fs.s3a.impl=org.apache.hadoop.fs.s3a.S3AFileSystem --jars /opt/***/jars/iceberg-spark-runtime-3.5_2.12-1.4.2.jar,/opt/***/jars/aws-java-sdk-bundle-1.12.367.jar,/opt/***/jars/hadoop-aws-3.3.4.jar --name arrow-spark --queue default /opt/***/dags/spark_jobs/weather_to_iceberg.py /opt/***/data/weather/weather_data_20251008_06.json. Error code is: 1.; 8962)
[2025-10-16T09:00:47.925+0000] {local_task_job_runner.py:228} INFO - Task exited with return code 1
[2025-10-16T09:00:47.938+0000] {taskinstance.py:2776} INFO - 0 downstream tasks scheduled from follow-on schedule check
