[2025-10-29T11:20:13.508+0000] {taskinstance.py:1157} INFO - Dependencies all met for dep_context=non-requeueable deps ti=<TaskInstance: nyc_weather_etl.spark_process_weather_to_iceberg scheduled__2025-10-29T10:20:10.843578+00:00 [queued]>
[2025-10-29T11:20:13.512+0000] {taskinstance.py:1157} INFO - Dependencies all met for dep_context=requeueable deps ti=<TaskInstance: nyc_weather_etl.spark_process_weather_to_iceberg scheduled__2025-10-29T10:20:10.843578+00:00 [queued]>
[2025-10-29T11:20:13.512+0000] {taskinstance.py:1359} INFO - Starting attempt 1 of 1
[2025-10-29T11:20:13.578+0000] {taskinstance.py:1380} INFO - Executing <Task(SparkSubmitOperator): spark_process_weather_to_iceberg> on 2025-10-29 10:20:10.843578+00:00
[2025-10-29T11:20:13.581+0000] {standard_task_runner.py:57} INFO - Started process 32400 to run task
[2025-10-29T11:20:13.582+0000] {standard_task_runner.py:84} INFO - Running: ['***', 'tasks', 'run', 'nyc_weather_etl', 'spark_process_weather_to_iceberg', 'scheduled__2025-10-29T10:20:10.843578+00:00', '--job-id', '56', '--raw', '--subdir', 'DAGS_FOLDER/nyc_weather_etl.py', '--cfg-path', '/tmp/tmpl98sd47k']
[2025-10-29T11:20:13.583+0000] {standard_task_runner.py:85} INFO - Job 56: Subtask spark_process_weather_to_iceberg
[2025-10-29T11:20:13.604+0000] {task_command.py:415} INFO - Running <TaskInstance: nyc_weather_etl.spark_process_weather_to_iceberg scheduled__2025-10-29T10:20:10.843578+00:00 [running]> on host 11a5c523951d
[2025-10-29T11:20:13.651+0000] {taskinstance.py:1660} INFO - Exporting env vars: AIRFLOW_CTX_DAG_OWNER='data-engineering' AIRFLOW_CTX_DAG_ID='nyc_weather_etl' AIRFLOW_CTX_TASK_ID='spark_process_weather_to_iceberg' AIRFLOW_CTX_EXECUTION_DATE='2025-10-29T10:20:10.843578+00:00' AIRFLOW_CTX_TRY_NUMBER='1' AIRFLOW_CTX_DAG_RUN_ID='scheduled__2025-10-29T10:20:10.843578+00:00'
[2025-10-29T11:20:13.653+0000] {base.py:73} INFO - Using connection ID 'spark_default' for task execution.
[2025-10-29T11:20:13.654+0000] {spark_submit.py:340} INFO - Spark-Submit cmd: /opt/bitnami/spark/bin/spark-submit --master spark-master:7077 --conf spark.master=spark://spark-master:7077 --conf spark.sql.catalog.spark_catalog=org.apache.iceberg.spark.SparkSessionCatalog --conf spark.sql.catalog.spark_catalog.type=hive --conf spark.sql.catalog.iceberg=org.apache.iceberg.spark.SparkCatalog --conf spark.sql.catalog.iceberg.type=hadoop --conf spark.sql.catalog.iceberg.warehouse=s3a://lakehouse/warehouse --conf spark.sql.extensions=org.apache.iceberg.spark.extensions.IcebergSparkSessionExtensions --conf spark.hadoop.fs.s3a.endpoint=http://minio:9000 --conf spark.hadoop.fs.s3a.access.key=admin --conf spark.hadoop.fs.s3a.secret.key=****** --conf spark.hadoop.fs.s3a.path.style.access=true --conf spark.hadoop.fs.s3a.impl=org.apache.hadoop.fs.s3a.S3AFileSystem --jars /opt/***/jars/iceberg-spark-runtime-3.5_2.12-1.4.2.jar,/opt/***/jars/aws-java-sdk-bundle-1.12.367.jar,/opt/***/jars/hadoop-aws-3.3.4.jar --name arrow-spark /opt/***/dags/spark_jobs/weather_to_iceberg.py /opt/***/data/weather/weather_data_20251029_11.json
[2025-10-29T11:20:14.450+0000] {spark_submit.py:491} INFO - 25/10/29 11:20:14 WARN NativeCodeLoader: Unable to load native-hadoop library for your platform... using builtin-java classes where applicable
[2025-10-29T11:20:15.129+0000] {spark_submit.py:491} INFO - 25/10/29 11:20:15 INFO SparkContext: Running Spark version 3.5.1
[2025-10-29T11:20:15.129+0000] {spark_submit.py:491} INFO - 25/10/29 11:20:15 INFO SparkContext: OS info Linux, 6.10.14-linuxkit, aarch64
[2025-10-29T11:20:15.129+0000] {spark_submit.py:491} INFO - 25/10/29 11:20:15 INFO SparkContext: Java version 11.0.28
[2025-10-29T11:20:15.140+0000] {spark_submit.py:491} INFO - 25/10/29 11:20:15 INFO ResourceUtils: ==============================================================
[2025-10-29T11:20:15.141+0000] {spark_submit.py:491} INFO - 25/10/29 11:20:15 INFO ResourceUtils: No custom resources configured for spark.driver.
[2025-10-29T11:20:15.141+0000] {spark_submit.py:491} INFO - 25/10/29 11:20:15 INFO ResourceUtils: ==============================================================
[2025-10-29T11:20:15.141+0000] {spark_submit.py:491} INFO - 25/10/29 11:20:15 INFO SparkContext: Submitted application: Weather to Iceberg ETL
[2025-10-29T11:20:15.149+0000] {spark_submit.py:491} INFO - 25/10/29 11:20:15 INFO ResourceProfile: Default ResourceProfile created, executor resources: Map(cores -> name: cores, amount: 1, script: , vendor: , memory -> name: memory, amount: 1024, script: , vendor: , offHeap -> name: offHeap, amount: 0, script: , vendor: ), task resources: Map(cpus -> name: cpus, amount: 1.0)
[2025-10-29T11:20:15.153+0000] {spark_submit.py:491} INFO - 25/10/29 11:20:15 INFO ResourceProfile: Limiting resource is cpu
[2025-10-29T11:20:15.153+0000] {spark_submit.py:491} INFO - 25/10/29 11:20:15 INFO ResourceProfileManager: Added ResourceProfile id: 0
[2025-10-29T11:20:15.185+0000] {spark_submit.py:491} INFO - 25/10/29 11:20:15 INFO SecurityManager: Changing view acls to: ***
[2025-10-29T11:20:15.185+0000] {spark_submit.py:491} INFO - 25/10/29 11:20:15 INFO SecurityManager: Changing modify acls to: ***
[2025-10-29T11:20:15.185+0000] {spark_submit.py:491} INFO - 25/10/29 11:20:15 INFO SecurityManager: Changing view acls groups to:
[2025-10-29T11:20:15.185+0000] {spark_submit.py:491} INFO - 25/10/29 11:20:15 INFO SecurityManager: Changing modify acls groups to:
[2025-10-29T11:20:15.185+0000] {spark_submit.py:491} INFO - 25/10/29 11:20:15 INFO SecurityManager: SecurityManager: authentication disabled; ui acls disabled; users with view permissions: ***; groups with view permissions: EMPTY; users with modify permissions: ***; groups with modify permissions: EMPTY
[2025-10-29T11:20:15.285+0000] {spark_submit.py:491} INFO - 25/10/29 11:20:15 INFO Utils: Successfully started service 'sparkDriver' on port 33831.
[2025-10-29T11:20:15.298+0000] {spark_submit.py:491} INFO - 25/10/29 11:20:15 INFO SparkEnv: Registering MapOutputTracker
[2025-10-29T11:20:15.313+0000] {spark_submit.py:491} INFO - 25/10/29 11:20:15 INFO SparkEnv: Registering BlockManagerMaster
[2025-10-29T11:20:15.323+0000] {spark_submit.py:491} INFO - 25/10/29 11:20:15 INFO BlockManagerMasterEndpoint: Using org.apache.spark.storage.DefaultTopologyMapper for getting topology information
[2025-10-29T11:20:15.323+0000] {spark_submit.py:491} INFO - 25/10/29 11:20:15 INFO BlockManagerMasterEndpoint: BlockManagerMasterEndpoint up
[2025-10-29T11:20:15.324+0000] {spark_submit.py:491} INFO - 25/10/29 11:20:15 INFO SparkEnv: Registering BlockManagerMasterHeartbeat
[2025-10-29T11:20:15.334+0000] {spark_submit.py:491} INFO - 25/10/29 11:20:15 INFO DiskBlockManager: Created local directory at /tmp/blockmgr-66a6c96d-42b3-4a36-aa42-4836c4c620d4
[2025-10-29T11:20:15.340+0000] {spark_submit.py:491} INFO - 25/10/29 11:20:15 INFO MemoryStore: MemoryStore started with capacity 434.4 MiB
[2025-10-29T11:20:15.347+0000] {spark_submit.py:491} INFO - 25/10/29 11:20:15 INFO SparkEnv: Registering OutputCommitCoordinator
[2025-10-29T11:20:15.406+0000] {spark_submit.py:491} INFO - 25/10/29 11:20:15 INFO JettyUtils: Start Jetty 0.0.0.0:4040 for SparkUI
[2025-10-29T11:20:15.431+0000] {spark_submit.py:491} INFO - 25/10/29 11:20:15 WARN Utils: Service 'SparkUI' could not bind on port 4040. Attempting port 4041.
[2025-10-29T11:20:15.435+0000] {spark_submit.py:491} INFO - 25/10/29 11:20:15 INFO Utils: Successfully started service 'SparkUI' on port 4041.
[2025-10-29T11:20:15.453+0000] {spark_submit.py:491} INFO - 25/10/29 11:20:15 INFO SparkContext: Added JAR file:///opt/***/jars/iceberg-spark-runtime-3.5_2.12-1.4.2.jar at spark://11a5c523951d:33831/jars/iceberg-spark-runtime-3.5_2.12-1.4.2.jar with timestamp 1761736815124
[2025-10-29T11:20:15.453+0000] {spark_submit.py:491} INFO - 25/10/29 11:20:15 INFO SparkContext: Added JAR file:///opt/***/jars/aws-java-sdk-bundle-1.12.367.jar at spark://11a5c523951d:33831/jars/aws-java-sdk-bundle-1.12.367.jar with timestamp 1761736815124
[2025-10-29T11:20:15.454+0000] {spark_submit.py:491} INFO - 25/10/29 11:20:15 INFO SparkContext: Added JAR file:///opt/***/jars/hadoop-aws-3.3.4.jar at spark://11a5c523951d:33831/jars/hadoop-aws-3.3.4.jar with timestamp 1761736815124
[2025-10-29T11:20:15.492+0000] {spark_submit.py:491} INFO - 25/10/29 11:20:15 INFO Executor: Starting executor ID driver on host 11a5c523951d
[2025-10-29T11:20:15.493+0000] {spark_submit.py:491} INFO - 25/10/29 11:20:15 INFO Executor: OS info Linux, 6.10.14-linuxkit, aarch64
[2025-10-29T11:20:15.494+0000] {spark_submit.py:491} INFO - 25/10/29 11:20:15 INFO Executor: Java version 11.0.28
[2025-10-29T11:20:15.495+0000] {spark_submit.py:491} INFO - 25/10/29 11:20:15 INFO Executor: Starting executor with user classpath (userClassPathFirst = false): ''
[2025-10-29T11:20:15.496+0000] {spark_submit.py:491} INFO - 25/10/29 11:20:15 INFO Executor: Created or updated repl class loader org.apache.spark.util.MutableURLClassLoader@7d46e7fe for default.
[2025-10-29T11:20:15.514+0000] {spark_submit.py:491} INFO - 25/10/29 11:20:15 INFO Executor: Fetching spark://11a5c523951d:33831/jars/iceberg-spark-runtime-3.5_2.12-1.4.2.jar with timestamp 1761736815124
[2025-10-29T11:20:15.546+0000] {spark_submit.py:491} INFO - 25/10/29 11:20:15 INFO TransportClientFactory: Successfully created connection to 11a5c523951d/172.18.0.15:33831 after 17 ms (0 ms spent in bootstraps)
[2025-10-29T11:20:15.550+0000] {spark_submit.py:491} INFO - 25/10/29 11:20:15 INFO Utils: Fetching spark://11a5c523951d:33831/jars/iceberg-spark-runtime-3.5_2.12-1.4.2.jar to /tmp/spark-84bdc667-a403-4632-8ea5-e1576de4e110/userFiles-8b7a3759-b672-4923-ba30-f16c838d939b/fetchFileTemp7810384515642879017.tmp
[2025-10-29T11:20:15.628+0000] {spark_submit.py:491} INFO - 25/10/29 11:20:15 INFO Executor: Adding file:/tmp/spark-84bdc667-a403-4632-8ea5-e1576de4e110/userFiles-8b7a3759-b672-4923-ba30-f16c838d939b/iceberg-spark-runtime-3.5_2.12-1.4.2.jar to class loader default
[2025-10-29T11:20:15.629+0000] {spark_submit.py:491} INFO - 25/10/29 11:20:15 INFO Executor: Fetching spark://11a5c523951d:33831/jars/aws-java-sdk-bundle-1.12.367.jar with timestamp 1761736815124
[2025-10-29T11:20:15.629+0000] {spark_submit.py:491} INFO - 25/10/29 11:20:15 INFO Utils: Fetching spark://11a5c523951d:33831/jars/aws-java-sdk-bundle-1.12.367.jar to /tmp/spark-84bdc667-a403-4632-8ea5-e1576de4e110/userFiles-8b7a3759-b672-4923-ba30-f16c838d939b/fetchFileTemp7295928416452890160.tmp
[2025-10-29T11:20:16.214+0000] {spark_submit.py:491} INFO - 25/10/29 11:20:16 INFO Executor: Adding file:/tmp/spark-84bdc667-a403-4632-8ea5-e1576de4e110/userFiles-8b7a3759-b672-4923-ba30-f16c838d939b/aws-java-sdk-bundle-1.12.367.jar to class loader default
[2025-10-29T11:20:16.214+0000] {spark_submit.py:491} INFO - 25/10/29 11:20:16 INFO Executor: Fetching spark://11a5c523951d:33831/jars/hadoop-aws-3.3.4.jar with timestamp 1761736815124
[2025-10-29T11:20:16.215+0000] {spark_submit.py:491} INFO - 25/10/29 11:20:16 INFO Utils: Fetching spark://11a5c523951d:33831/jars/hadoop-aws-3.3.4.jar to /tmp/spark-84bdc667-a403-4632-8ea5-e1576de4e110/userFiles-8b7a3759-b672-4923-ba30-f16c838d939b/fetchFileTemp3315667819700883267.tmp
[2025-10-29T11:20:16.224+0000] {spark_submit.py:491} INFO - 25/10/29 11:20:16 INFO Executor: Adding file:/tmp/spark-84bdc667-a403-4632-8ea5-e1576de4e110/userFiles-8b7a3759-b672-4923-ba30-f16c838d939b/hadoop-aws-3.3.4.jar to class loader default
[2025-10-29T11:20:16.234+0000] {spark_submit.py:491} INFO - 25/10/29 11:20:16 INFO Utils: Successfully started service 'org.apache.spark.network.netty.NettyBlockTransferService' on port 44177.
[2025-10-29T11:20:16.234+0000] {spark_submit.py:491} INFO - 25/10/29 11:20:16 INFO NettyBlockTransferService: Server created on 11a5c523951d:44177
[2025-10-29T11:20:16.235+0000] {spark_submit.py:491} INFO - 25/10/29 11:20:16 INFO BlockManager: Using org.apache.spark.storage.RandomBlockReplicationPolicy for block replication policy
[2025-10-29T11:20:16.239+0000] {spark_submit.py:491} INFO - 25/10/29 11:20:16 INFO BlockManagerMaster: Registering BlockManager BlockManagerId(driver, 11a5c523951d, 44177, None)
[2025-10-29T11:20:16.241+0000] {spark_submit.py:491} INFO - 25/10/29 11:20:16 INFO BlockManagerMasterEndpoint: Registering block manager 11a5c523951d:44177 with 434.4 MiB RAM, BlockManagerId(driver, 11a5c523951d, 44177, None)
[2025-10-29T11:20:16.242+0000] {spark_submit.py:491} INFO - 25/10/29 11:20:16 INFO BlockManagerMaster: Registered BlockManager BlockManagerId(driver, 11a5c523951d, 44177, None)
[2025-10-29T11:20:16.242+0000] {spark_submit.py:491} INFO - 25/10/29 11:20:16 INFO BlockManager: Initialized BlockManager: BlockManagerId(driver, 11a5c523951d, 44177, None)
[2025-10-29T11:20:17.647+0000] {spark_submit.py:491} INFO - 25/10/29 11:20:17 WARN MetricsConfig: Cannot locate configuration: tried hadoop-metrics2-s3a-file-system.properties,hadoop-metrics2.properties
[2025-10-29T11:20:18.312+0000] {spark_submit.py:491} INFO - Created/verified weather table
[2025-10-29T11:20:18.313+0000] {spark_submit.py:491} INFO - Reading weather data from: /opt/***/data/weather/weather_data_20251029_11.json
[2025-10-29T11:20:19.535+0000] {spark_submit.py:491} INFO - Raw weather data count: 24
[2025-10-29T11:20:19.536+0000] {spark_submit.py:491} INFO - root
[2025-10-29T11:20:19.538+0000] {spark_submit.py:491} INFO - |-- timestamp: string (nullable = true)
[2025-10-29T11:20:19.539+0000] {spark_submit.py:491} INFO - |-- location: string (nullable = true)
[2025-10-29T11:20:19.539+0000] {spark_submit.py:491} INFO - |-- latitude: double (nullable = true)
[2025-10-29T11:20:19.539+0000] {spark_submit.py:491} INFO - |-- longitude: double (nullable = true)
[2025-10-29T11:20:19.539+0000] {spark_submit.py:491} INFO - |-- temperature_celsius: double (nullable = true)
[2025-10-29T11:20:19.539+0000] {spark_submit.py:491} INFO - |-- temperature_fahrenheit: double (nullable = true)
[2025-10-29T11:20:19.539+0000] {spark_submit.py:491} INFO - |-- humidity_percent: double (nullable = true)
[2025-10-29T11:20:19.539+0000] {spark_submit.py:491} INFO - |-- pressure_hpa: double (nullable = true)
[2025-10-29T11:20:19.539+0000] {spark_submit.py:491} INFO - |-- wind_speed_kmh: double (nullable = true)
[2025-10-29T11:20:19.539+0000] {spark_submit.py:491} INFO - |-- weather_condition: string (nullable = true)
[2025-10-29T11:20:19.539+0000] {spark_submit.py:491} INFO - |-- visibility_km: double (nullable = true)
[2025-10-29T11:20:19.539+0000] {spark_submit.py:491} INFO - |-- uv_index: double (nullable = true)
[2025-10-29T11:20:19.539+0000] {spark_submit.py:491} INFO - |-- hour: integer (nullable = true)
[2025-10-29T11:20:19.539+0000] {spark_submit.py:491} INFO - |-- day_of_week: integer (nullable = true)
[2025-10-29T11:20:19.539+0000] {spark_submit.py:491} INFO - |-- is_weekend: boolean (nullable = true)
[2025-10-29T11:20:19.540+0000] {spark_submit.py:491} INFO - 
[2025-10-29T11:20:19.756+0000] {spark_submit.py:491} INFO - Processed weather data count: 24
[2025-10-29T11:20:20.905+0000] {spark_submit.py:491} INFO - Successfully wrote weather data to Iceberg table
[2025-10-29T11:20:22.242+0000] {spark_submit.py:491} INFO - +------------+------------------+-----------------+-----------------+--------------------+
[2025-10-29T11:20:22.242+0000] {spark_submit.py:491} INFO - |weather_date|        avg_temp_c|     avg_humidity|   avg_wind_speed|          conditions|
[2025-10-29T11:20:22.243+0000] {spark_submit.py:491} INFO - +------------+------------------+-----------------+-----------------+--------------------+
[2025-10-29T11:20:22.243+0000] {spark_submit.py:491} INFO - |  2025-10-29|  18.9231746031746|64.44444444444444|7.957142857142857|[clear, snow, rai...|
[2025-10-29T11:20:22.243+0000] {spark_submit.py:491} INFO - |  2025-10-28|17.262285714285714|58.63809523809524| 7.40952380952381|[clear, snow, rai...|
[2025-10-29T11:20:22.243+0000] {spark_submit.py:491} INFO - +------------+------------------+-----------------+-----------------+--------------------+
[2025-10-29T11:20:22.243+0000] {spark_submit.py:491} INFO - 
[2025-10-29T11:20:22.243+0000] {spark_submit.py:491} INFO - Weather ETL job completed successfully!
[2025-10-29T11:20:23.112+0000] {taskinstance.py:1398} INFO - Marking task as SUCCESS. dag_id=nyc_weather_etl, task_id=spark_process_weather_to_iceberg, execution_date=20251029T102010, start_date=20251029T112013, end_date=20251029T112023
[2025-10-29T11:20:23.134+0000] {local_task_job_runner.py:228} INFO - Task exited with return code 0
[2025-10-29T11:20:23.142+0000] {taskinstance.py:2776} INFO - 0 downstream tasks scheduled from follow-on schedule check
