[2025-10-25T10:47:59.012+0000] {taskinstance.py:1157} INFO - Dependencies all met for dep_context=non-requeueable deps ti=<TaskInstance: nyc_weather_etl.spark_process_weather_to_iceberg scheduled__2025-10-25T09:47:55.557220+00:00 [queued]>
[2025-10-25T10:47:59.017+0000] {taskinstance.py:1157} INFO - Dependencies all met for dep_context=requeueable deps ti=<TaskInstance: nyc_weather_etl.spark_process_weather_to_iceberg scheduled__2025-10-25T09:47:55.557220+00:00 [queued]>
[2025-10-25T10:47:59.017+0000] {taskinstance.py:1359} INFO - Starting attempt 1 of 1
[2025-10-25T10:47:59.022+0000] {taskinstance.py:1380} INFO - Executing <Task(SparkSubmitOperator): spark_process_weather_to_iceberg> on 2025-10-25 09:47:55.557220+00:00
[2025-10-25T10:47:59.024+0000] {standard_task_runner.py:57} INFO - Started process 451 to run task
[2025-10-25T10:47:59.026+0000] {standard_task_runner.py:84} INFO - Running: ['***', 'tasks', 'run', 'nyc_weather_etl', 'spark_process_weather_to_iceberg', 'scheduled__2025-10-25T09:47:55.557220+00:00', '--job-id', '630', '--raw', '--subdir', 'DAGS_FOLDER/nyc_weather_etl.py', '--cfg-path', '/tmp/tmpor8fy1kg']
[2025-10-25T10:47:59.027+0000] {standard_task_runner.py:85} INFO - Job 630: Subtask spark_process_weather_to_iceberg
[2025-10-25T10:47:59.048+0000] {task_command.py:415} INFO - Running <TaskInstance: nyc_weather_etl.spark_process_weather_to_iceberg scheduled__2025-10-25T09:47:55.557220+00:00 [running]> on host b40be2a595bb
[2025-10-25T10:47:59.161+0000] {taskinstance.py:1660} INFO - Exporting env vars: AIRFLOW_CTX_DAG_OWNER='data-engineering' AIRFLOW_CTX_DAG_ID='nyc_weather_etl' AIRFLOW_CTX_TASK_ID='spark_process_weather_to_iceberg' AIRFLOW_CTX_EXECUTION_DATE='2025-10-25T09:47:55.557220+00:00' AIRFLOW_CTX_TRY_NUMBER='1' AIRFLOW_CTX_DAG_RUN_ID='scheduled__2025-10-25T09:47:55.557220+00:00'
[2025-10-25T10:47:59.165+0000] {base.py:73} INFO - Using connection ID 'spark_default' for task execution.
[2025-10-25T10:47:59.166+0000] {spark_submit.py:340} INFO - Spark-Submit cmd: /opt/bitnami/spark/bin/spark-submit --master spark://spark-master:7077 --conf spark.master=spark://spark-master:7077 --conf spark.sql.catalog.spark_catalog=org.apache.iceberg.spark.SparkSessionCatalog --conf spark.sql.catalog.spark_catalog.type=hive --conf spark.sql.catalog.iceberg=org.apache.iceberg.spark.SparkCatalog --conf spark.sql.catalog.iceberg.type=hadoop --conf spark.sql.catalog.iceberg.warehouse=s3a://lakehouse/warehouse --conf spark.sql.extensions=org.apache.iceberg.spark.extensions.IcebergSparkSessionExtensions --conf spark.hadoop.fs.s3a.endpoint=http://minio:9000 --conf spark.hadoop.fs.s3a.access.key=admin --conf spark.hadoop.fs.s3a.secret.key=****** --conf spark.hadoop.fs.s3a.path.style.access=true --conf spark.hadoop.fs.s3a.impl=org.apache.hadoop.fs.s3a.S3AFileSystem --jars /opt/***/jars/iceberg-spark-runtime-3.5_2.12-1.4.2.jar,/opt/***/jars/aws-java-sdk-bundle-1.12.367.jar,/opt/***/jars/hadoop-aws-3.3.4.jar --name arrow-spark --queue default /opt/***/dags/spark_jobs/weather_to_iceberg.py /opt/***/data/weather/weather_data_20251008_06.json
[2025-10-25T10:47:59.935+0000] {spark_submit.py:491} INFO - 25/10/25 10:47:59 WARN NativeCodeLoader: Unable to load native-hadoop library for your platform... using builtin-java classes where applicable
[2025-10-25T10:48:00.543+0000] {spark_submit.py:491} INFO - 25/10/25 10:48:00 INFO SparkContext: Running Spark version 3.5.1
[2025-10-25T10:48:00.546+0000] {spark_submit.py:491} INFO - 25/10/25 10:48:00 INFO SparkContext: OS info Linux, 6.10.14-linuxkit, aarch64
[2025-10-25T10:48:00.548+0000] {spark_submit.py:491} INFO - 25/10/25 10:48:00 INFO SparkContext: Java version 11.0.28
[2025-10-25T10:48:00.555+0000] {spark_submit.py:491} INFO - 25/10/25 10:48:00 INFO ResourceUtils: ==============================================================
[2025-10-25T10:48:00.555+0000] {spark_submit.py:491} INFO - 25/10/25 10:48:00 INFO ResourceUtils: No custom resources configured for spark.driver.
[2025-10-25T10:48:00.555+0000] {spark_submit.py:491} INFO - 25/10/25 10:48:00 INFO ResourceUtils: ==============================================================
[2025-10-25T10:48:00.555+0000] {spark_submit.py:491} INFO - 25/10/25 10:48:00 INFO SparkContext: Submitted application: Weather to Iceberg ETL
[2025-10-25T10:48:00.562+0000] {spark_submit.py:491} INFO - 25/10/25 10:48:00 INFO ResourceProfile: Default ResourceProfile created, executor resources: Map(cores -> name: cores, amount: 1, script: , vendor: , memory -> name: memory, amount: 1024, script: , vendor: , offHeap -> name: offHeap, amount: 0, script: , vendor: ), task resources: Map(cpus -> name: cpus, amount: 1.0)
[2025-10-25T10:48:00.567+0000] {spark_submit.py:491} INFO - 25/10/25 10:48:00 INFO ResourceProfile: Limiting resource is cpu
[2025-10-25T10:48:00.567+0000] {spark_submit.py:491} INFO - 25/10/25 10:48:00 INFO ResourceProfileManager: Added ResourceProfile id: 0
[2025-10-25T10:48:00.594+0000] {spark_submit.py:491} INFO - 25/10/25 10:48:00 INFO SecurityManager: Changing view acls to: ***
[2025-10-25T10:48:00.594+0000] {spark_submit.py:491} INFO - 25/10/25 10:48:00 INFO SecurityManager: Changing modify acls to: ***
[2025-10-25T10:48:00.594+0000] {spark_submit.py:491} INFO - 25/10/25 10:48:00 INFO SecurityManager: Changing view acls groups to:
[2025-10-25T10:48:00.594+0000] {spark_submit.py:491} INFO - 25/10/25 10:48:00 INFO SecurityManager: Changing modify acls groups to:
[2025-10-25T10:48:00.594+0000] {spark_submit.py:491} INFO - 25/10/25 10:48:00 INFO SecurityManager: SecurityManager: authentication disabled; ui acls disabled; users with view permissions: ***; groups with view permissions: EMPTY; users with modify permissions: ***; groups with modify permissions: EMPTY
[2025-10-25T10:48:00.678+0000] {spark_submit.py:491} INFO - 25/10/25 10:48:00 INFO Utils: Successfully started service 'sparkDriver' on port 46369.
[2025-10-25T10:48:00.689+0000] {spark_submit.py:491} INFO - 25/10/25 10:48:00 INFO SparkEnv: Registering MapOutputTracker
[2025-10-25T10:48:00.702+0000] {spark_submit.py:491} INFO - 25/10/25 10:48:00 INFO SparkEnv: Registering BlockManagerMaster
[2025-10-25T10:48:00.710+0000] {spark_submit.py:491} INFO - 25/10/25 10:48:00 INFO BlockManagerMasterEndpoint: Using org.apache.spark.storage.DefaultTopologyMapper for getting topology information
[2025-10-25T10:48:00.710+0000] {spark_submit.py:491} INFO - 25/10/25 10:48:00 INFO BlockManagerMasterEndpoint: BlockManagerMasterEndpoint up
[2025-10-25T10:48:00.712+0000] {spark_submit.py:491} INFO - 25/10/25 10:48:00 INFO SparkEnv: Registering BlockManagerMasterHeartbeat
[2025-10-25T10:48:00.721+0000] {spark_submit.py:491} INFO - 25/10/25 10:48:00 INFO DiskBlockManager: Created local directory at /tmp/blockmgr-20432bb5-0ec3-41fa-920c-340c58f5dae4
[2025-10-25T10:48:00.727+0000] {spark_submit.py:491} INFO - 25/10/25 10:48:00 INFO MemoryStore: MemoryStore started with capacity 434.4 MiB
[2025-10-25T10:48:00.733+0000] {spark_submit.py:491} INFO - 25/10/25 10:48:00 INFO SparkEnv: Registering OutputCommitCoordinator
[2025-10-25T10:48:00.780+0000] {spark_submit.py:491} INFO - 25/10/25 10:48:00 INFO JettyUtils: Start Jetty 0.0.0.0:4040 for SparkUI
[2025-10-25T10:48:00.803+0000] {spark_submit.py:491} INFO - 25/10/25 10:48:00 INFO Utils: Successfully started service 'SparkUI' on port 4040.
[2025-10-25T10:48:00.818+0000] {spark_submit.py:491} INFO - 25/10/25 10:48:00 INFO SparkContext: Added JAR file:///opt/***/jars/iceberg-spark-runtime-3.5_2.12-1.4.2.jar at spark://b40be2a595bb:46369/jars/iceberg-spark-runtime-3.5_2.12-1.4.2.jar with timestamp 1761389280539
[2025-10-25T10:48:00.818+0000] {spark_submit.py:491} INFO - 25/10/25 10:48:00 INFO SparkContext: Added JAR file:///opt/***/jars/aws-java-sdk-bundle-1.12.367.jar at spark://b40be2a595bb:46369/jars/aws-java-sdk-bundle-1.12.367.jar with timestamp 1761389280539
[2025-10-25T10:48:00.819+0000] {spark_submit.py:491} INFO - 25/10/25 10:48:00 INFO SparkContext: Added JAR file:///opt/***/jars/hadoop-aws-3.3.4.jar at spark://b40be2a595bb:46369/jars/hadoop-aws-3.3.4.jar with timestamp 1761389280539
[2025-10-25T10:48:00.842+0000] {spark_submit.py:491} INFO - 25/10/25 10:48:00 INFO Executor: Starting executor ID driver on host b40be2a595bb
[2025-10-25T10:48:00.843+0000] {spark_submit.py:491} INFO - 25/10/25 10:48:00 INFO Executor: OS info Linux, 6.10.14-linuxkit, aarch64
[2025-10-25T10:48:00.843+0000] {spark_submit.py:491} INFO - 25/10/25 10:48:00 INFO Executor: Java version 11.0.28
[2025-10-25T10:48:00.845+0000] {spark_submit.py:491} INFO - 25/10/25 10:48:00 INFO Executor: Starting executor with user classpath (userClassPathFirst = false): ''
[2025-10-25T10:48:00.845+0000] {spark_submit.py:491} INFO - 25/10/25 10:48:00 INFO Executor: Created or updated repl class loader org.apache.spark.util.MutableURLClassLoader@3949cf10 for default.
[2025-10-25T10:48:00.849+0000] {spark_submit.py:491} INFO - 25/10/25 10:48:00 INFO Executor: Fetching spark://b40be2a595bb:46369/jars/hadoop-aws-3.3.4.jar with timestamp 1761389280539
[2025-10-25T10:48:00.870+0000] {spark_submit.py:491} INFO - 25/10/25 10:48:00 INFO TransportClientFactory: Successfully created connection to b40be2a595bb/172.18.0.3:46369 after 11 ms (0 ms spent in bootstraps)
[2025-10-25T10:48:00.873+0000] {spark_submit.py:491} INFO - 25/10/25 10:48:00 INFO Utils: Fetching spark://b40be2a595bb:46369/jars/hadoop-aws-3.3.4.jar to /tmp/spark-f07e2928-a20c-4a4d-8dba-1d92bf2c5188/userFiles-ec29c203-10fd-4f76-bf70-2dd80c89bece/fetchFileTemp5814807563632068067.tmp
[2025-10-25T10:48:00.886+0000] {spark_submit.py:491} INFO - 25/10/25 10:48:00 INFO Executor: Adding file:/tmp/spark-f07e2928-a20c-4a4d-8dba-1d92bf2c5188/userFiles-ec29c203-10fd-4f76-bf70-2dd80c89bece/hadoop-aws-3.3.4.jar to class loader default
[2025-10-25T10:48:00.886+0000] {spark_submit.py:491} INFO - 25/10/25 10:48:00 INFO Executor: Fetching spark://b40be2a595bb:46369/jars/aws-java-sdk-bundle-1.12.367.jar with timestamp 1761389280539
[2025-10-25T10:48:00.886+0000] {spark_submit.py:491} INFO - 25/10/25 10:48:00 INFO Utils: Fetching spark://b40be2a595bb:46369/jars/aws-java-sdk-bundle-1.12.367.jar to /tmp/spark-f07e2928-a20c-4a4d-8dba-1d92bf2c5188/userFiles-ec29c203-10fd-4f76-bf70-2dd80c89bece/fetchFileTemp6697027859920395283.tmp
[2025-10-25T10:48:01.153+0000] {spark_submit.py:491} INFO - 25/10/25 10:48:01 INFO Executor: Adding file:/tmp/spark-f07e2928-a20c-4a4d-8dba-1d92bf2c5188/userFiles-ec29c203-10fd-4f76-bf70-2dd80c89bece/aws-java-sdk-bundle-1.12.367.jar to class loader default
[2025-10-25T10:48:01.154+0000] {spark_submit.py:491} INFO - 25/10/25 10:48:01 INFO Executor: Fetching spark://b40be2a595bb:46369/jars/iceberg-spark-runtime-3.5_2.12-1.4.2.jar with timestamp 1761389280539
[2025-10-25T10:48:01.154+0000] {spark_submit.py:491} INFO - 25/10/25 10:48:01 INFO Utils: Fetching spark://b40be2a595bb:46369/jars/iceberg-spark-runtime-3.5_2.12-1.4.2.jar to /tmp/spark-f07e2928-a20c-4a4d-8dba-1d92bf2c5188/userFiles-ec29c203-10fd-4f76-bf70-2dd80c89bece/fetchFileTemp10821164457357865849.tmp
[2025-10-25T10:48:01.202+0000] {spark_submit.py:491} INFO - 25/10/25 10:48:01 INFO Executor: Adding file:/tmp/spark-f07e2928-a20c-4a4d-8dba-1d92bf2c5188/userFiles-ec29c203-10fd-4f76-bf70-2dd80c89bece/iceberg-spark-runtime-3.5_2.12-1.4.2.jar to class loader default
[2025-10-25T10:48:01.207+0000] {spark_submit.py:491} INFO - 25/10/25 10:48:01 INFO Utils: Successfully started service 'org.apache.spark.network.netty.NettyBlockTransferService' on port 40573.
[2025-10-25T10:48:01.208+0000] {spark_submit.py:491} INFO - 25/10/25 10:48:01 INFO NettyBlockTransferService: Server created on b40be2a595bb:40573
[2025-10-25T10:48:01.208+0000] {spark_submit.py:491} INFO - 25/10/25 10:48:01 INFO BlockManager: Using org.apache.spark.storage.RandomBlockReplicationPolicy for block replication policy
[2025-10-25T10:48:01.211+0000] {spark_submit.py:491} INFO - 25/10/25 10:48:01 INFO BlockManagerMaster: Registering BlockManager BlockManagerId(driver, b40be2a595bb, 40573, None)
[2025-10-25T10:48:01.213+0000] {spark_submit.py:491} INFO - 25/10/25 10:48:01 INFO BlockManagerMasterEndpoint: Registering block manager b40be2a595bb:40573 with 434.4 MiB RAM, BlockManagerId(driver, b40be2a595bb, 40573, None)
[2025-10-25T10:48:01.214+0000] {spark_submit.py:491} INFO - 25/10/25 10:48:01 INFO BlockManagerMaster: Registered BlockManager BlockManagerId(driver, b40be2a595bb, 40573, None)
[2025-10-25T10:48:01.214+0000] {spark_submit.py:491} INFO - 25/10/25 10:48:01 INFO BlockManager: Initialized BlockManager: BlockManagerId(driver, b40be2a595bb, 40573, None)
[2025-10-25T10:48:02.390+0000] {spark_submit.py:491} INFO - 25/10/25 10:48:02 WARN MetricsConfig: Cannot locate configuration: tried hadoop-metrics2-s3a-file-system.properties,hadoop-metrics2.properties
[2025-10-25T10:48:02.953+0000] {spark_submit.py:491} INFO - Created/verified weather table
[2025-10-25T10:48:02.954+0000] {spark_submit.py:491} INFO - Reading weather data from: /opt/***/data/weather/weather_data_20251008_06.json
[2025-10-25T10:48:03.069+0000] {spark_submit.py:491} INFO - Error in weather ETL job: [CANNOT_ACCEPT_OBJECT_IN_TYPE] `DoubleType()` can not accept object `0` in type `int`.
[2025-10-25T10:48:03.305+0000] {spark_submit.py:491} INFO - Traceback (most recent call last):
[2025-10-25T10:48:03.305+0000] {spark_submit.py:491} INFO - File "/opt/***/dags/spark_jobs/weather_to_iceberg.py", line 194, in <module>
[2025-10-25T10:48:03.305+0000] {spark_submit.py:491} INFO - main()
[2025-10-25T10:48:03.306+0000] {spark_submit.py:491} INFO - File "/opt/***/dags/spark_jobs/weather_to_iceberg.py", line 183, in main
[2025-10-25T10:48:03.306+0000] {spark_submit.py:491} INFO - process_weather_data(spark, input_path)
[2025-10-25T10:48:03.306+0000] {spark_submit.py:491} INFO - File "/opt/***/dags/spark_jobs/weather_to_iceberg.py", line 127, in process_weather_data
[2025-10-25T10:48:03.306+0000] {spark_submit.py:491} INFO - df = spark.createDataFrame(weather_data, schema=weather_schema)
[2025-10-25T10:48:03.306+0000] {spark_submit.py:491} INFO - File "/opt/bitnami/spark/python/lib/pyspark.zip/pyspark/sql/session.py", line 1443, in createDataFrame
[2025-10-25T10:48:03.306+0000] {spark_submit.py:491} INFO - File "/opt/bitnami/spark/python/lib/pyspark.zip/pyspark/sql/session.py", line 1485, in _create_dataframe
[2025-10-25T10:48:03.306+0000] {spark_submit.py:491} INFO - File "/opt/bitnami/spark/python/lib/pyspark.zip/pyspark/sql/session.py", line 1090, in _createFromLocal
[2025-10-25T10:48:03.306+0000] {spark_submit.py:491} INFO - File "/opt/bitnami/spark/python/lib/pyspark.zip/pyspark/sql/session.py", line 1459, in prepare
[2025-10-25T10:48:03.307+0000] {spark_submit.py:491} INFO - File "/opt/bitnami/spark/python/lib/pyspark.zip/pyspark/sql/types.py", line 2187, in verify
[2025-10-25T10:48:03.307+0000] {spark_submit.py:491} INFO - File "/opt/bitnami/spark/python/lib/pyspark.zip/pyspark/sql/types.py", line 2147, in verify_struct
[2025-10-25T10:48:03.307+0000] {spark_submit.py:491} INFO - File "/opt/bitnami/spark/python/lib/pyspark.zip/pyspark/sql/types.py", line 2187, in verify
[2025-10-25T10:48:03.307+0000] {spark_submit.py:491} INFO - File "/opt/bitnami/spark/python/lib/pyspark.zip/pyspark/sql/types.py", line 2181, in verify_default
[2025-10-25T10:48:03.307+0000] {spark_submit.py:491} INFO - File "/opt/bitnami/spark/python/lib/pyspark.zip/pyspark/sql/types.py", line 2006, in verify_acceptable_types
[2025-10-25T10:48:03.307+0000] {spark_submit.py:491} INFO - pyspark.errors.exceptions.base.PySparkTypeError: [CANNOT_ACCEPT_OBJECT_IN_TYPE] `DoubleType()` can not accept object `0` in type `int`.
[2025-10-25T10:48:03.411+0000] {taskinstance.py:1935} ERROR - Task failed with exception
Traceback (most recent call last):
  File "/home/airflow/.local/lib/python3.8/site-packages/airflow/providers/apache/spark/operators/spark_submit.py", line 156, in execute
    self._hook.submit(self._application)
  File "/home/airflow/.local/lib/python3.8/site-packages/airflow/providers/apache/spark/hooks/spark_submit.py", line 422, in submit
    raise AirflowException(
airflow.exceptions.AirflowException: Cannot execute: /opt/bitnami/spark/bin/spark-submit --master spark://spark-master:7077 --conf spark.master=spark://spark-master:7077 --conf spark.sql.catalog.spark_catalog=org.apache.iceberg.spark.SparkSessionCatalog --conf spark.sql.catalog.spark_catalog.type=hive --conf spark.sql.catalog.iceberg=org.apache.iceberg.spark.SparkCatalog --conf spark.sql.catalog.iceberg.type=hadoop --conf spark.sql.catalog.iceberg.warehouse=s3a://lakehouse/warehouse --conf spark.sql.extensions=org.apache.iceberg.spark.extensions.IcebergSparkSessionExtensions --conf spark.hadoop.fs.s3a.endpoint=http://minio:9000 --conf spark.hadoop.fs.s3a.access.key=admin --conf spark.hadoop.fs.s3a.secret.key=****** --conf spark.hadoop.fs.s3a.path.style.access=true --conf spark.hadoop.fs.s3a.impl=org.apache.hadoop.fs.s3a.S3AFileSystem --jars /opt/***/jars/iceberg-spark-runtime-3.5_2.12-1.4.2.jar,/opt/***/jars/aws-java-sdk-bundle-1.12.367.jar,/opt/***/jars/hadoop-aws-3.3.4.jar --name arrow-spark --queue default /opt/***/dags/spark_jobs/weather_to_iceberg.py /opt/***/data/weather/weather_data_20251008_06.json. Error code is: 1.
[2025-10-25T10:48:03.413+0000] {taskinstance.py:1398} INFO - Marking task as FAILED. dag_id=nyc_weather_etl, task_id=spark_process_weather_to_iceberg, execution_date=20251025T094755, start_date=20251025T104759, end_date=20251025T104803
[2025-10-25T10:48:03.418+0000] {standard_task_runner.py:104} ERROR - Failed to execute job 630 for task spark_process_weather_to_iceberg (Cannot execute: /opt/bitnami/spark/bin/spark-submit --master spark://spark-master:7077 --conf spark.master=spark://spark-master:7077 --conf spark.sql.catalog.spark_catalog=org.apache.iceberg.spark.SparkSessionCatalog --conf spark.sql.catalog.spark_catalog.type=hive --conf spark.sql.catalog.iceberg=org.apache.iceberg.spark.SparkCatalog --conf spark.sql.catalog.iceberg.type=hadoop --conf spark.sql.catalog.iceberg.warehouse=s3a://lakehouse/warehouse --conf spark.sql.extensions=org.apache.iceberg.spark.extensions.IcebergSparkSessionExtensions --conf spark.hadoop.fs.s3a.endpoint=http://minio:9000 --conf spark.hadoop.fs.s3a.access.key=admin --conf spark.hadoop.fs.s3a.secret.key=****** --conf spark.hadoop.fs.s3a.path.style.access=true --conf spark.hadoop.fs.s3a.impl=org.apache.hadoop.fs.s3a.S3AFileSystem --jars /opt/***/jars/iceberg-spark-runtime-3.5_2.12-1.4.2.jar,/opt/***/jars/aws-java-sdk-bundle-1.12.367.jar,/opt/***/jars/hadoop-aws-3.3.4.jar --name arrow-spark --queue default /opt/***/dags/spark_jobs/weather_to_iceberg.py /opt/***/data/weather/weather_data_20251008_06.json. Error code is: 1.; 451)
[2025-10-25T10:48:03.434+0000] {local_task_job_runner.py:228} INFO - Task exited with return code 1
[2025-10-25T10:48:03.443+0000] {taskinstance.py:2776} INFO - 0 downstream tasks scheduled from follow-on schedule check
