[2025-11-02T05:24:36.724+0000] {taskinstance.py:1157} INFO - Dependencies all met for dep_context=non-requeueable deps ti=<TaskInstance: nyc_weather_etl.spark_process_weather_to_iceberg scheduled__2025-11-02T04:24:33.757123+00:00 [queued]>
[2025-11-02T05:24:36.729+0000] {taskinstance.py:1157} INFO - Dependencies all met for dep_context=requeueable deps ti=<TaskInstance: nyc_weather_etl.spark_process_weather_to_iceberg scheduled__2025-11-02T04:24:33.757123+00:00 [queued]>
[2025-11-02T05:24:36.729+0000] {taskinstance.py:1359} INFO - Starting attempt 1 of 1
[2025-11-02T05:24:36.734+0000] {taskinstance.py:1380} INFO - Executing <Task(SparkSubmitOperator): spark_process_weather_to_iceberg> on 2025-11-02 04:24:33.757123+00:00
[2025-11-02T05:24:36.736+0000] {standard_task_runner.py:57} INFO - Started process 313 to run task
[2025-11-02T05:24:36.738+0000] {standard_task_runner.py:84} INFO - Running: ['***', 'tasks', 'run', 'nyc_weather_etl', 'spark_process_weather_to_iceberg', 'scheduled__2025-11-02T04:24:33.757123+00:00', '--job-id', '87', '--raw', '--subdir', 'DAGS_FOLDER/nyc_weather_etl.py', '--cfg-path', '/tmp/tmp5nc5wn3s']
[2025-11-02T05:24:36.739+0000] {standard_task_runner.py:85} INFO - Job 87: Subtask spark_process_weather_to_iceberg
[2025-11-02T05:24:36.758+0000] {task_command.py:415} INFO - Running <TaskInstance: nyc_weather_etl.spark_process_weather_to_iceberg scheduled__2025-11-02T04:24:33.757123+00:00 [running]> on host d3553ba1dd4a
[2025-11-02T05:24:36.868+0000] {taskinstance.py:1660} INFO - Exporting env vars: AIRFLOW_CTX_DAG_OWNER='data-engineering' AIRFLOW_CTX_DAG_ID='nyc_weather_etl' AIRFLOW_CTX_TASK_ID='spark_process_weather_to_iceberg' AIRFLOW_CTX_EXECUTION_DATE='2025-11-02T04:24:33.757123+00:00' AIRFLOW_CTX_TRY_NUMBER='1' AIRFLOW_CTX_DAG_RUN_ID='scheduled__2025-11-02T04:24:33.757123+00:00'
[2025-11-02T05:24:36.869+0000] {base.py:73} INFO - Using connection ID 'spark_default' for task execution.
[2025-11-02T05:24:36.871+0000] {spark_submit.py:340} INFO - Spark-Submit cmd: /opt/bitnami/spark/bin/spark-submit --master spark-master:7077 --conf spark.master=spark://spark-master:7077 --conf spark.sql.catalog.spark_catalog=org.apache.iceberg.spark.SparkSessionCatalog --conf spark.sql.catalog.spark_catalog.type=hive --conf spark.sql.catalog.iceberg=org.apache.iceberg.spark.SparkCatalog --conf spark.sql.catalog.iceberg.type=hadoop --conf spark.sql.catalog.iceberg.warehouse=s3a://lakehouse/warehouse --conf spark.sql.extensions=org.apache.iceberg.spark.extensions.IcebergSparkSessionExtensions --conf spark.hadoop.fs.s3a.endpoint=http://minio:9000 --conf spark.hadoop.fs.s3a.access.key=admin --conf spark.hadoop.fs.s3a.secret.key=****** --conf spark.hadoop.fs.s3a.path.style.access=true --conf spark.hadoop.fs.s3a.impl=org.apache.hadoop.fs.s3a.S3AFileSystem --jars /opt/***/jars/iceberg-spark-runtime-3.5_2.12-1.4.2.jar,/opt/***/jars/aws-java-sdk-bundle-1.12.367.jar,/opt/***/jars/hadoop-aws-3.3.4.jar --name arrow-spark /opt/***/dags/spark_jobs/weather_to_iceberg.py /opt/***/data/weather/weather_data_20251102_05.json
[2025-11-02T05:24:38.652+0000] {spark_submit.py:491} INFO - 25/11/02 05:24:38 WARN NativeCodeLoader: Unable to load native-hadoop library for your platform... using builtin-java classes where applicable
[2025-11-02T05:24:39.363+0000] {spark_submit.py:491} INFO - 25/11/02 05:24:39 INFO SparkContext: Running Spark version 3.5.1
[2025-11-02T05:24:39.364+0000] {spark_submit.py:491} INFO - 25/11/02 05:24:39 INFO SparkContext: OS info Linux, 6.10.14-linuxkit, aarch64
[2025-11-02T05:24:39.364+0000] {spark_submit.py:491} INFO - 25/11/02 05:24:39 INFO SparkContext: Java version 11.0.28
[2025-11-02T05:24:39.375+0000] {spark_submit.py:491} INFO - 25/11/02 05:24:39 INFO ResourceUtils: ==============================================================
[2025-11-02T05:24:39.376+0000] {spark_submit.py:491} INFO - 25/11/02 05:24:39 INFO ResourceUtils: No custom resources configured for spark.driver.
[2025-11-02T05:24:39.376+0000] {spark_submit.py:491} INFO - 25/11/02 05:24:39 INFO ResourceUtils: ==============================================================
[2025-11-02T05:24:39.376+0000] {spark_submit.py:491} INFO - 25/11/02 05:24:39 INFO SparkContext: Submitted application: Weather to Iceberg ETL
[2025-11-02T05:24:39.385+0000] {spark_submit.py:491} INFO - 25/11/02 05:24:39 INFO ResourceProfile: Default ResourceProfile created, executor resources: Map(cores -> name: cores, amount: 1, script: , vendor: , memory -> name: memory, amount: 1024, script: , vendor: , offHeap -> name: offHeap, amount: 0, script: , vendor: ), task resources: Map(cpus -> name: cpus, amount: 1.0)
[2025-11-02T05:24:39.389+0000] {spark_submit.py:491} INFO - 25/11/02 05:24:39 INFO ResourceProfile: Limiting resource is cpu
[2025-11-02T05:24:39.389+0000] {spark_submit.py:491} INFO - 25/11/02 05:24:39 INFO ResourceProfileManager: Added ResourceProfile id: 0
[2025-11-02T05:24:39.418+0000] {spark_submit.py:491} INFO - 25/11/02 05:24:39 INFO SecurityManager: Changing view acls to: ***
[2025-11-02T05:24:39.418+0000] {spark_submit.py:491} INFO - 25/11/02 05:24:39 INFO SecurityManager: Changing modify acls to: ***
[2025-11-02T05:24:39.419+0000] {spark_submit.py:491} INFO - 25/11/02 05:24:39 INFO SecurityManager: Changing view acls groups to:
[2025-11-02T05:24:39.419+0000] {spark_submit.py:491} INFO - 25/11/02 05:24:39 INFO SecurityManager: Changing modify acls groups to:
[2025-11-02T05:24:39.420+0000] {spark_submit.py:491} INFO - 25/11/02 05:24:39 INFO SecurityManager: SecurityManager: authentication disabled; ui acls disabled; users with view permissions: ***; groups with view permissions: EMPTY; users with modify permissions: ***; groups with modify permissions: EMPTY
[2025-11-02T05:24:39.511+0000] {spark_submit.py:491} INFO - 25/11/02 05:24:39 INFO Utils: Successfully started service 'sparkDriver' on port 46833.
[2025-11-02T05:24:39.524+0000] {spark_submit.py:491} INFO - 25/11/02 05:24:39 INFO SparkEnv: Registering MapOutputTracker
[2025-11-02T05:24:39.537+0000] {spark_submit.py:491} INFO - 25/11/02 05:24:39 INFO SparkEnv: Registering BlockManagerMaster
[2025-11-02T05:24:39.549+0000] {spark_submit.py:491} INFO - 25/11/02 05:24:39 INFO BlockManagerMasterEndpoint: Using org.apache.spark.storage.DefaultTopologyMapper for getting topology information
[2025-11-02T05:24:39.549+0000] {spark_submit.py:491} INFO - 25/11/02 05:24:39 INFO BlockManagerMasterEndpoint: BlockManagerMasterEndpoint up
[2025-11-02T05:24:39.551+0000] {spark_submit.py:491} INFO - 25/11/02 05:24:39 INFO SparkEnv: Registering BlockManagerMasterHeartbeat
[2025-11-02T05:24:39.563+0000] {spark_submit.py:491} INFO - 25/11/02 05:24:39 INFO DiskBlockManager: Created local directory at /tmp/blockmgr-a3d7dc7e-7f16-4d41-b682-50e05b300c4f
[2025-11-02T05:24:39.572+0000] {spark_submit.py:491} INFO - 25/11/02 05:24:39 INFO MemoryStore: MemoryStore started with capacity 434.4 MiB
[2025-11-02T05:24:39.578+0000] {spark_submit.py:491} INFO - 25/11/02 05:24:39 INFO SparkEnv: Registering OutputCommitCoordinator
[2025-11-02T05:24:39.636+0000] {spark_submit.py:491} INFO - 25/11/02 05:24:39 INFO JettyUtils: Start Jetty 0.0.0.0:4040 for SparkUI
[2025-11-02T05:24:39.664+0000] {spark_submit.py:491} INFO - 25/11/02 05:24:39 WARN Utils: Service 'SparkUI' could not bind on port 4040. Attempting port 4041.
[2025-11-02T05:24:39.668+0000] {spark_submit.py:491} INFO - 25/11/02 05:24:39 INFO Utils: Successfully started service 'SparkUI' on port 4041.
[2025-11-02T05:24:39.685+0000] {spark_submit.py:491} INFO - 25/11/02 05:24:39 INFO SparkContext: Added JAR file:///opt/***/jars/iceberg-spark-runtime-3.5_2.12-1.4.2.jar at spark://d3553ba1dd4a:46833/jars/iceberg-spark-runtime-3.5_2.12-1.4.2.jar with timestamp 1762061079359
[2025-11-02T05:24:39.685+0000] {spark_submit.py:491} INFO - 25/11/02 05:24:39 INFO SparkContext: Added JAR file:///opt/***/jars/aws-java-sdk-bundle-1.12.367.jar at spark://d3553ba1dd4a:46833/jars/aws-java-sdk-bundle-1.12.367.jar with timestamp 1762061079359
[2025-11-02T05:24:39.685+0000] {spark_submit.py:491} INFO - 25/11/02 05:24:39 INFO SparkContext: Added JAR file:///opt/***/jars/hadoop-aws-3.3.4.jar at spark://d3553ba1dd4a:46833/jars/hadoop-aws-3.3.4.jar with timestamp 1762061079359
[2025-11-02T05:24:39.713+0000] {spark_submit.py:491} INFO - 25/11/02 05:24:39 INFO Executor: Starting executor ID driver on host d3553ba1dd4a
[2025-11-02T05:24:39.713+0000] {spark_submit.py:491} INFO - 25/11/02 05:24:39 INFO Executor: OS info Linux, 6.10.14-linuxkit, aarch64
[2025-11-02T05:24:39.715+0000] {spark_submit.py:491} INFO - 25/11/02 05:24:39 INFO Executor: Java version 11.0.28
[2025-11-02T05:24:39.716+0000] {spark_submit.py:491} INFO - 25/11/02 05:24:39 INFO Executor: Starting executor with user classpath (userClassPathFirst = false): ''
[2025-11-02T05:24:39.717+0000] {spark_submit.py:491} INFO - 25/11/02 05:24:39 INFO Executor: Created or updated repl class loader org.apache.spark.util.MutableURLClassLoader@462cc5ea for default.
[2025-11-02T05:24:39.721+0000] {spark_submit.py:491} INFO - 25/11/02 05:24:39 INFO Executor: Fetching spark://d3553ba1dd4a:46833/jars/iceberg-spark-runtime-3.5_2.12-1.4.2.jar with timestamp 1762061079359
[2025-11-02T05:24:39.750+0000] {spark_submit.py:491} INFO - 25/11/02 05:24:39 INFO TransportClientFactory: Successfully created connection to d3553ba1dd4a/172.18.0.5:46833 after 14 ms (0 ms spent in bootstraps)
[2025-11-02T05:24:39.754+0000] {spark_submit.py:491} INFO - 25/11/02 05:24:39 INFO Utils: Fetching spark://d3553ba1dd4a:46833/jars/iceberg-spark-runtime-3.5_2.12-1.4.2.jar to /tmp/spark-86ebdd5f-c606-4e5b-96b7-76cd82f1ae47/userFiles-a79e279c-4206-451d-94e5-2e60e1704697/fetchFileTemp1933402131891392137.tmp
[2025-11-02T05:24:39.848+0000] {spark_submit.py:491} INFO - 25/11/02 05:24:39 INFO Executor: Adding file:/tmp/spark-86ebdd5f-c606-4e5b-96b7-76cd82f1ae47/userFiles-a79e279c-4206-451d-94e5-2e60e1704697/iceberg-spark-runtime-3.5_2.12-1.4.2.jar to class loader default
[2025-11-02T05:24:39.849+0000] {spark_submit.py:491} INFO - 25/11/02 05:24:39 INFO Executor: Fetching spark://d3553ba1dd4a:46833/jars/hadoop-aws-3.3.4.jar with timestamp 1762061079359
[2025-11-02T05:24:39.849+0000] {spark_submit.py:491} INFO - 25/11/02 05:24:39 INFO Utils: Fetching spark://d3553ba1dd4a:46833/jars/hadoop-aws-3.3.4.jar to /tmp/spark-86ebdd5f-c606-4e5b-96b7-76cd82f1ae47/userFiles-a79e279c-4206-451d-94e5-2e60e1704697/fetchFileTemp4256037946700494685.tmp
[2025-11-02T05:24:39.855+0000] {spark_submit.py:491} INFO - 25/11/02 05:24:39 INFO Executor: Adding file:/tmp/spark-86ebdd5f-c606-4e5b-96b7-76cd82f1ae47/userFiles-a79e279c-4206-451d-94e5-2e60e1704697/hadoop-aws-3.3.4.jar to class loader default
[2025-11-02T05:24:39.856+0000] {spark_submit.py:491} INFO - 25/11/02 05:24:39 INFO Executor: Fetching spark://d3553ba1dd4a:46833/jars/aws-java-sdk-bundle-1.12.367.jar with timestamp 1762061079359
[2025-11-02T05:24:39.857+0000] {spark_submit.py:491} INFO - 25/11/02 05:24:39 INFO Utils: Fetching spark://d3553ba1dd4a:46833/jars/aws-java-sdk-bundle-1.12.367.jar to /tmp/spark-86ebdd5f-c606-4e5b-96b7-76cd82f1ae47/userFiles-a79e279c-4206-451d-94e5-2e60e1704697/fetchFileTemp1376953051409220012.tmp
[2025-11-02T05:24:40.652+0000] {spark_submit.py:491} INFO - 25/11/02 05:24:40 INFO Executor: Adding file:/tmp/spark-86ebdd5f-c606-4e5b-96b7-76cd82f1ae47/userFiles-a79e279c-4206-451d-94e5-2e60e1704697/aws-java-sdk-bundle-1.12.367.jar to class loader default
[2025-11-02T05:24:40.697+0000] {spark_submit.py:491} INFO - 25/11/02 05:24:40 INFO Utils: Successfully started service 'org.apache.spark.network.netty.NettyBlockTransferService' on port 39887.
[2025-11-02T05:24:40.698+0000] {spark_submit.py:491} INFO - 25/11/02 05:24:40 INFO NettyBlockTransferService: Server created on d3553ba1dd4a:39887
[2025-11-02T05:24:40.698+0000] {spark_submit.py:491} INFO - 25/11/02 05:24:40 INFO BlockManager: Using org.apache.spark.storage.RandomBlockReplicationPolicy for block replication policy
[2025-11-02T05:24:40.703+0000] {spark_submit.py:491} INFO - 25/11/02 05:24:40 INFO BlockManagerMaster: Registering BlockManager BlockManagerId(driver, d3553ba1dd4a, 39887, None)
[2025-11-02T05:24:40.705+0000] {spark_submit.py:491} INFO - 25/11/02 05:24:40 INFO BlockManagerMasterEndpoint: Registering block manager d3553ba1dd4a:39887 with 434.4 MiB RAM, BlockManagerId(driver, d3553ba1dd4a, 39887, None)
[2025-11-02T05:24:40.706+0000] {spark_submit.py:491} INFO - 25/11/02 05:24:40 INFO BlockManagerMaster: Registered BlockManager BlockManagerId(driver, d3553ba1dd4a, 39887, None)
[2025-11-02T05:24:40.709+0000] {spark_submit.py:491} INFO - 25/11/02 05:24:40 INFO BlockManager: Initialized BlockManager: BlockManagerId(driver, d3553ba1dd4a, 39887, None)
[2025-11-02T05:24:42.130+0000] {spark_submit.py:491} INFO - 25/11/02 05:24:42 WARN MetricsConfig: Cannot locate configuration: tried hadoop-metrics2-s3a-file-system.properties,hadoop-metrics2.properties
[2025-11-02T05:24:42.858+0000] {spark_submit.py:491} INFO - Created/verified weather table
[2025-11-02T05:24:42.859+0000] {spark_submit.py:491} INFO - Reading weather data from: /opt/***/data/weather/weather_data_20251102_05.json
[2025-11-02T05:24:44.197+0000] {spark_submit.py:491} INFO - Raw weather data count: 24
[2025-11-02T05:24:44.200+0000] {spark_submit.py:491} INFO - root
[2025-11-02T05:24:44.201+0000] {spark_submit.py:491} INFO - |-- timestamp: string (nullable = true)
[2025-11-02T05:24:44.201+0000] {spark_submit.py:491} INFO - |-- location: string (nullable = true)
[2025-11-02T05:24:44.202+0000] {spark_submit.py:491} INFO - |-- latitude: double (nullable = true)
[2025-11-02T05:24:44.202+0000] {spark_submit.py:491} INFO - |-- longitude: double (nullable = true)
[2025-11-02T05:24:44.202+0000] {spark_submit.py:491} INFO - |-- temperature_celsius: double (nullable = true)
[2025-11-02T05:24:44.203+0000] {spark_submit.py:491} INFO - |-- temperature_fahrenheit: double (nullable = true)
[2025-11-02T05:24:44.203+0000] {spark_submit.py:491} INFO - |-- humidity_percent: double (nullable = true)
[2025-11-02T05:24:44.204+0000] {spark_submit.py:491} INFO - |-- pressure_hpa: double (nullable = true)
[2025-11-02T05:24:44.204+0000] {spark_submit.py:491} INFO - |-- wind_speed_kmh: double (nullable = true)
[2025-11-02T05:24:44.204+0000] {spark_submit.py:491} INFO - |-- weather_condition: string (nullable = true)
[2025-11-02T05:24:44.204+0000] {spark_submit.py:491} INFO - |-- visibility_km: double (nullable = true)
[2025-11-02T05:24:44.204+0000] {spark_submit.py:491} INFO - |-- uv_index: double (nullable = true)
[2025-11-02T05:24:44.204+0000] {spark_submit.py:491} INFO - |-- hour: integer (nullable = true)
[2025-11-02T05:24:44.204+0000] {spark_submit.py:491} INFO - |-- day_of_week: integer (nullable = true)
[2025-11-02T05:24:44.204+0000] {spark_submit.py:491} INFO - |-- is_weekend: boolean (nullable = true)
[2025-11-02T05:24:44.204+0000] {spark_submit.py:491} INFO - 
[2025-11-02T05:24:44.475+0000] {spark_submit.py:491} INFO - Processed weather data count: 24
[2025-11-02T05:24:45.588+0000] {spark_submit.py:491} INFO - Successfully wrote weather data to Iceberg table
[2025-11-02T05:24:46.820+0000] {spark_submit.py:491} INFO - +------------+-----------------+------------------+-----------------+--------------------+
[2025-11-02T05:24:46.821+0000] {spark_submit.py:491} INFO - |weather_date|       avg_temp_c|      avg_humidity|   avg_wind_speed|          conditions|
[2025-11-02T05:24:46.821+0000] {spark_submit.py:491} INFO - +------------+-----------------+------------------+-----------------+--------------------+
[2025-11-02T05:24:46.821+0000] {spark_submit.py:491} INFO - |  2025-11-02|           23.295|             55.35|2.566666666666667|     [clear, cloudy]|
[2025-11-02T05:24:46.821+0000] {spark_submit.py:491} INFO - |  2025-11-01|14.82611111111111|59.294444444444444|6.711111111111113|[clear, snow, rai...|
[2025-11-02T05:24:46.822+0000] {spark_submit.py:491} INFO - +------------+-----------------+------------------+-----------------+--------------------+
[2025-11-02T05:24:46.822+0000] {spark_submit.py:491} INFO - 
[2025-11-02T05:24:46.822+0000] {spark_submit.py:491} INFO - Weather ETL job completed successfully!
[2025-11-02T05:24:47.800+0000] {taskinstance.py:1398} INFO - Marking task as SUCCESS. dag_id=nyc_weather_etl, task_id=spark_process_weather_to_iceberg, execution_date=20251102T042433, start_date=20251102T052436, end_date=20251102T052447
[2025-11-02T05:24:47.842+0000] {local_task_job_runner.py:228} INFO - Task exited with return code 0
[2025-11-02T05:24:47.850+0000] {taskinstance.py:2776} INFO - 0 downstream tasks scheduled from follow-on schedule check
