[2025-10-11T04:38:12.704+0000] {taskinstance.py:1157} INFO - Dependencies all met for dep_context=non-requeueable deps ti=<TaskInstance: nyc_weather_etl.check_bucket_task manual__2025-10-11T04:38:09.325284+00:00 [queued]>
[2025-10-11T04:38:12.707+0000] {taskinstance.py:1157} INFO - Dependencies all met for dep_context=requeueable deps ti=<TaskInstance: nyc_weather_etl.check_bucket_task manual__2025-10-11T04:38:09.325284+00:00 [queued]>
[2025-10-11T04:38:12.707+0000] {taskinstance.py:1359} INFO - Starting attempt 1 of 1
[2025-10-11T04:38:12.711+0000] {taskinstance.py:1380} INFO - Executing <Task(PythonOperator): check_bucket_task> on 2025-10-11 04:38:09.325284+00:00
[2025-10-11T04:38:12.713+0000] {standard_task_runner.py:57} INFO - Started process 1531 to run task
[2025-10-11T04:38:12.714+0000] {standard_task_runner.py:84} INFO - Running: ['***', 'tasks', 'run', 'nyc_weather_etl', 'check_bucket_task', 'manual__2025-10-11T04:38:09.325284+00:00', '--job-id', '413', '--raw', '--subdir', 'DAGS_FOLDER/nyc_weather_etl.py', '--cfg-path', '/tmp/tmposkfbp2t']
[2025-10-11T04:38:12.715+0000] {standard_task_runner.py:85} INFO - Job 413: Subtask check_bucket_task
[2025-10-11T04:38:12.734+0000] {task_command.py:415} INFO - Running <TaskInstance: nyc_weather_etl.check_bucket_task manual__2025-10-11T04:38:09.325284+00:00 [running]> on host b40be2a595bb
[2025-10-11T04:38:12.827+0000] {taskinstance.py:1660} INFO - Exporting env vars: AIRFLOW_CTX_DAG_OWNER='data-engineering' AIRFLOW_CTX_DAG_ID='nyc_weather_etl' AIRFLOW_CTX_TASK_ID='check_bucket_task' AIRFLOW_CTX_EXECUTION_DATE='2025-10-11T04:38:09.325284+00:00' AIRFLOW_CTX_TRY_NUMBER='1' AIRFLOW_CTX_DAG_RUN_ID='manual__2025-10-11T04:38:09.325284+00:00'
[2025-10-11T04:38:12.877+0000] {logging_mixin.py:151} INFO - Lỗi khi kiểm tra MinIO bucket: Bucket 'lakehouse' không tồn tại. Các bucket hiện có: []
[2025-10-11T04:38:12.878+0000] {taskinstance.py:1935} ERROR - Task failed with exception
Traceback (most recent call last):
  File "/home/airflow/.local/lib/python3.8/site-packages/airflow/operators/python.py", line 192, in execute
    return_value = self.execute_callable()
  File "/home/airflow/.local/lib/python3.8/site-packages/airflow/operators/python.py", line 209, in execute_callable
    return self.python_callable(*self.op_args, **self.op_kwargs)
  File "/opt/airflow/dags/nyc_weather_etl.py", line 188, in check_minio_bucket
    raise ValueError(f"Bucket 'lakehouse' không tồn tại. Các bucket hiện có: {bucket_names}")
ValueError: Bucket 'lakehouse' không tồn tại. Các bucket hiện có: []
[2025-10-11T04:38:12.884+0000] {taskinstance.py:1398} INFO - Marking task as FAILED. dag_id=nyc_weather_etl, task_id=check_bucket_task, execution_date=20251011T043809, start_date=20251011T043812, end_date=20251011T043812
[2025-10-11T04:38:12.887+0000] {standard_task_runner.py:104} ERROR - Failed to execute job 413 for task check_bucket_task (Bucket 'lakehouse' không tồn tại. Các bucket hiện có: []; 1531)
[2025-10-11T04:38:12.896+0000] {local_task_job_runner.py:228} INFO - Task exited with return code 1
[2025-10-11T04:38:12.906+0000] {taskinstance.py:2776} INFO - 0 downstream tasks scheduled from follow-on schedule check
