[2025-10-28T13:07:39.924+0000] {taskinstance.py:1157} INFO - Dependencies all met for dep_context=non-requeueable deps ti=<TaskInstance: nyc_weather_etl.spark_process_weather_to_iceberg scheduled__2025-10-28T12:07:11.081232+00:00 [queued]>
[2025-10-28T13:07:39.928+0000] {taskinstance.py:1157} INFO - Dependencies all met for dep_context=requeueable deps ti=<TaskInstance: nyc_weather_etl.spark_process_weather_to_iceberg scheduled__2025-10-28T12:07:11.081232+00:00 [queued]>
[2025-10-28T13:07:39.928+0000] {taskinstance.py:1359} INFO - Starting attempt 1 of 1
[2025-10-28T13:07:39.935+0000] {taskinstance.py:1380} INFO - Executing <Task(SparkSubmitOperator): spark_process_weather_to_iceberg> on 2025-10-28 12:07:11.081232+00:00
[2025-10-28T13:07:39.938+0000] {standard_task_runner.py:57} INFO - Started process 282 to run task
[2025-10-28T13:07:39.939+0000] {standard_task_runner.py:84} INFO - Running: ['***', 'tasks', 'run', 'nyc_weather_etl', 'spark_process_weather_to_iceberg', 'scheduled__2025-10-28T12:07:11.081232+00:00', '--job-id', '5', '--raw', '--subdir', 'DAGS_FOLDER/nyc_weather_etl.py', '--cfg-path', '/tmp/tmpty3dzzp3']
[2025-10-28T13:07:39.941+0000] {standard_task_runner.py:85} INFO - Job 5: Subtask spark_process_weather_to_iceberg
[2025-10-28T13:07:40.049+0000] {task_command.py:415} INFO - Running <TaskInstance: nyc_weather_etl.spark_process_weather_to_iceberg scheduled__2025-10-28T12:07:11.081232+00:00 [running]> on host c6c4842a6e7c
[2025-10-28T13:07:40.084+0000] {taskinstance.py:1660} INFO - Exporting env vars: AIRFLOW_CTX_DAG_OWNER='data-engineering' AIRFLOW_CTX_DAG_ID='nyc_weather_etl' AIRFLOW_CTX_TASK_ID='spark_process_weather_to_iceberg' AIRFLOW_CTX_EXECUTION_DATE='2025-10-28T12:07:11.081232+00:00' AIRFLOW_CTX_TRY_NUMBER='1' AIRFLOW_CTX_DAG_RUN_ID='scheduled__2025-10-28T12:07:11.081232+00:00'
[2025-10-28T13:07:40.084+0000] {base.py:73} INFO - Using connection ID 'spark_default' for task execution.
[2025-10-28T13:07:40.085+0000] {spark_submit.py:340} INFO - Spark-Submit cmd: /opt/bitnami/spark/bin/spark-submit --master spark-master:7077 --conf spark.master=spark://spark-master:7077 --conf spark.sql.catalog.spark_catalog=org.apache.iceberg.spark.SparkSessionCatalog --conf spark.sql.catalog.spark_catalog.type=hive --conf spark.sql.catalog.iceberg=org.apache.iceberg.spark.SparkCatalog --conf spark.sql.catalog.iceberg.type=hadoop --conf spark.sql.catalog.iceberg.warehouse=s3a://lakehouse/warehouse --conf spark.sql.extensions=org.apache.iceberg.spark.extensions.IcebergSparkSessionExtensions --conf spark.hadoop.fs.s3a.endpoint=http://minio:9000 --conf spark.hadoop.fs.s3a.access.key=admin --conf spark.hadoop.fs.s3a.secret.key=****** --conf spark.hadoop.fs.s3a.path.style.access=true --conf spark.hadoop.fs.s3a.impl=org.apache.hadoop.fs.s3a.S3AFileSystem --jars /opt/***/jars/iceberg-spark-runtime-3.5_2.12-1.4.2.jar,/opt/***/jars/aws-java-sdk-bundle-1.12.367.jar,/opt/***/jars/hadoop-aws-3.3.4.jar --name arrow-spark /opt/***/dags/spark_jobs/weather_to_iceberg.py /opt/***/data/weather/weather_data_20251028_13.json
[2025-10-28T13:07:41.085+0000] {spark_submit.py:491} INFO - 25/10/28 13:07:41 WARN NativeCodeLoader: Unable to load native-hadoop library for your platform... using builtin-java classes where applicable
[2025-10-28T13:07:41.871+0000] {spark_submit.py:491} INFO - 25/10/28 13:07:41 INFO SparkContext: Running Spark version 3.5.1
[2025-10-28T13:07:41.872+0000] {spark_submit.py:491} INFO - 25/10/28 13:07:41 INFO SparkContext: OS info Linux, 6.10.14-linuxkit, aarch64
[2025-10-28T13:07:41.872+0000] {spark_submit.py:491} INFO - 25/10/28 13:07:41 INFO SparkContext: Java version 11.0.28
[2025-10-28T13:07:41.885+0000] {spark_submit.py:491} INFO - 25/10/28 13:07:41 INFO ResourceUtils: ==============================================================
[2025-10-28T13:07:41.885+0000] {spark_submit.py:491} INFO - 25/10/28 13:07:41 INFO ResourceUtils: No custom resources configured for spark.driver.
[2025-10-28T13:07:41.885+0000] {spark_submit.py:491} INFO - 25/10/28 13:07:41 INFO ResourceUtils: ==============================================================
[2025-10-28T13:07:41.886+0000] {spark_submit.py:491} INFO - 25/10/28 13:07:41 INFO SparkContext: Submitted application: Weather to Iceberg ETL
[2025-10-28T13:07:41.895+0000] {spark_submit.py:491} INFO - 25/10/28 13:07:41 INFO ResourceProfile: Default ResourceProfile created, executor resources: Map(cores -> name: cores, amount: 1, script: , vendor: , memory -> name: memory, amount: 1024, script: , vendor: , offHeap -> name: offHeap, amount: 0, script: , vendor: ), task resources: Map(cpus -> name: cpus, amount: 1.0)
[2025-10-28T13:07:41.900+0000] {spark_submit.py:491} INFO - 25/10/28 13:07:41 INFO ResourceProfile: Limiting resource is cpu
[2025-10-28T13:07:41.900+0000] {spark_submit.py:491} INFO - 25/10/28 13:07:41 INFO ResourceProfileManager: Added ResourceProfile id: 0
[2025-10-28T13:07:41.928+0000] {spark_submit.py:491} INFO - 25/10/28 13:07:41 INFO SecurityManager: Changing view acls to: ***
[2025-10-28T13:07:41.928+0000] {spark_submit.py:491} INFO - 25/10/28 13:07:41 INFO SecurityManager: Changing modify acls to: ***
[2025-10-28T13:07:41.928+0000] {spark_submit.py:491} INFO - 25/10/28 13:07:41 INFO SecurityManager: Changing view acls groups to:
[2025-10-28T13:07:41.929+0000] {spark_submit.py:491} INFO - 25/10/28 13:07:41 INFO SecurityManager: Changing modify acls groups to:
[2025-10-28T13:07:41.929+0000] {spark_submit.py:491} INFO - 25/10/28 13:07:41 INFO SecurityManager: SecurityManager: authentication disabled; ui acls disabled; users with view permissions: ***; groups with view permissions: EMPTY; users with modify permissions: ***; groups with modify permissions: EMPTY
[2025-10-28T13:07:42.020+0000] {spark_submit.py:491} INFO - 25/10/28 13:07:42 INFO Utils: Successfully started service 'sparkDriver' on port 46497.
[2025-10-28T13:07:42.034+0000] {spark_submit.py:491} INFO - 25/10/28 13:07:42 INFO SparkEnv: Registering MapOutputTracker
[2025-10-28T13:07:42.049+0000] {spark_submit.py:491} INFO - 25/10/28 13:07:42 INFO SparkEnv: Registering BlockManagerMaster
[2025-10-28T13:07:42.060+0000] {spark_submit.py:491} INFO - 25/10/28 13:07:42 INFO BlockManagerMasterEndpoint: Using org.apache.spark.storage.DefaultTopologyMapper for getting topology information
[2025-10-28T13:07:42.061+0000] {spark_submit.py:491} INFO - 25/10/28 13:07:42 INFO BlockManagerMasterEndpoint: BlockManagerMasterEndpoint up
[2025-10-28T13:07:42.062+0000] {spark_submit.py:491} INFO - 25/10/28 13:07:42 INFO SparkEnv: Registering BlockManagerMasterHeartbeat
[2025-10-28T13:07:42.073+0000] {spark_submit.py:491} INFO - 25/10/28 13:07:42 INFO DiskBlockManager: Created local directory at /tmp/blockmgr-82cbcc16-0c78-4aa6-901e-e503f3e57fc8
[2025-10-28T13:07:42.079+0000] {spark_submit.py:491} INFO - 25/10/28 13:07:42 INFO MemoryStore: MemoryStore started with capacity 434.4 MiB
[2025-10-28T13:07:42.085+0000] {spark_submit.py:491} INFO - 25/10/28 13:07:42 INFO SparkEnv: Registering OutputCommitCoordinator
[2025-10-28T13:07:42.165+0000] {spark_submit.py:491} INFO - 25/10/28 13:07:42 INFO JettyUtils: Start Jetty 0.0.0.0:4040 for SparkUI
[2025-10-28T13:07:42.188+0000] {spark_submit.py:491} INFO - 25/10/28 13:07:42 WARN Utils: Service 'SparkUI' could not bind on port 4040. Attempting port 4041.
[2025-10-28T13:07:42.192+0000] {spark_submit.py:491} INFO - 25/10/28 13:07:42 INFO Utils: Successfully started service 'SparkUI' on port 4041.
[2025-10-28T13:07:42.228+0000] {spark_submit.py:491} INFO - 25/10/28 13:07:42 INFO SparkContext: Added JAR file:///opt/***/jars/iceberg-spark-runtime-3.5_2.12-1.4.2.jar at spark://c6c4842a6e7c:46497/jars/iceberg-spark-runtime-3.5_2.12-1.4.2.jar with timestamp 1761656861867
[2025-10-28T13:07:42.228+0000] {spark_submit.py:491} INFO - 25/10/28 13:07:42 INFO SparkContext: Added JAR file:///opt/***/jars/aws-java-sdk-bundle-1.12.367.jar at spark://c6c4842a6e7c:46497/jars/aws-java-sdk-bundle-1.12.367.jar with timestamp 1761656861867
[2025-10-28T13:07:42.229+0000] {spark_submit.py:491} INFO - 25/10/28 13:07:42 INFO SparkContext: Added JAR file:///opt/***/jars/hadoop-aws-3.3.4.jar at spark://c6c4842a6e7c:46497/jars/hadoop-aws-3.3.4.jar with timestamp 1761656861867
[2025-10-28T13:07:42.259+0000] {spark_submit.py:491} INFO - 25/10/28 13:07:42 INFO Executor: Starting executor ID driver on host c6c4842a6e7c
[2025-10-28T13:07:42.260+0000] {spark_submit.py:491} INFO - 25/10/28 13:07:42 INFO Executor: OS info Linux, 6.10.14-linuxkit, aarch64
[2025-10-28T13:07:42.267+0000] {spark_submit.py:491} INFO - 25/10/28 13:07:42 INFO Executor: Java version 11.0.28
[2025-10-28T13:07:42.270+0000] {spark_submit.py:491} INFO - 25/10/28 13:07:42 INFO Executor: Starting executor with user classpath (userClassPathFirst = false): ''
[2025-10-28T13:07:42.270+0000] {spark_submit.py:491} INFO - 25/10/28 13:07:42 INFO Executor: Created or updated repl class loader org.apache.spark.util.MutableURLClassLoader@49ea804a for default.
[2025-10-28T13:07:42.276+0000] {spark_submit.py:491} INFO - 25/10/28 13:07:42 INFO Executor: Fetching spark://c6c4842a6e7c:46497/jars/hadoop-aws-3.3.4.jar with timestamp 1761656861867
[2025-10-28T13:07:42.303+0000] {spark_submit.py:491} INFO - 25/10/28 13:07:42 INFO TransportClientFactory: Successfully created connection to c6c4842a6e7c/172.18.0.9:46497 after 13 ms (0 ms spent in bootstraps)
[2025-10-28T13:07:42.306+0000] {spark_submit.py:491} INFO - 25/10/28 13:07:42 INFO Utils: Fetching spark://c6c4842a6e7c:46497/jars/hadoop-aws-3.3.4.jar to /tmp/spark-b160a9a3-13a4-40cf-9186-6bd469a61503/userFiles-0098191b-460b-405c-adfc-2daf21862b1d/fetchFileTemp5854617085390283103.tmp
[2025-10-28T13:07:42.326+0000] {spark_submit.py:491} INFO - 25/10/28 13:07:42 INFO Executor: Adding file:/tmp/spark-b160a9a3-13a4-40cf-9186-6bd469a61503/userFiles-0098191b-460b-405c-adfc-2daf21862b1d/hadoop-aws-3.3.4.jar to class loader default
[2025-10-28T13:07:42.326+0000] {spark_submit.py:491} INFO - 25/10/28 13:07:42 INFO Executor: Fetching spark://c6c4842a6e7c:46497/jars/aws-java-sdk-bundle-1.12.367.jar with timestamp 1761656861867
[2025-10-28T13:07:42.327+0000] {spark_submit.py:491} INFO - 25/10/28 13:07:42 INFO Utils: Fetching spark://c6c4842a6e7c:46497/jars/aws-java-sdk-bundle-1.12.367.jar to /tmp/spark-b160a9a3-13a4-40cf-9186-6bd469a61503/userFiles-0098191b-460b-405c-adfc-2daf21862b1d/fetchFileTemp15057339895603315996.tmp
[2025-10-28T13:07:42.951+0000] {spark_submit.py:491} INFO - 25/10/28 13:07:42 INFO Executor: Adding file:/tmp/spark-b160a9a3-13a4-40cf-9186-6bd469a61503/userFiles-0098191b-460b-405c-adfc-2daf21862b1d/aws-java-sdk-bundle-1.12.367.jar to class loader default
[2025-10-28T13:07:42.952+0000] {spark_submit.py:491} INFO - 25/10/28 13:07:42 INFO Executor: Fetching spark://c6c4842a6e7c:46497/jars/iceberg-spark-runtime-3.5_2.12-1.4.2.jar with timestamp 1761656861867
[2025-10-28T13:07:42.953+0000] {spark_submit.py:491} INFO - 25/10/28 13:07:42 INFO Utils: Fetching spark://c6c4842a6e7c:46497/jars/iceberg-spark-runtime-3.5_2.12-1.4.2.jar to /tmp/spark-b160a9a3-13a4-40cf-9186-6bd469a61503/userFiles-0098191b-460b-405c-adfc-2daf21862b1d/fetchFileTemp16456972116043566385.tmp
[2025-10-28T13:07:43.022+0000] {spark_submit.py:491} INFO - 25/10/28 13:07:43 INFO Executor: Adding file:/tmp/spark-b160a9a3-13a4-40cf-9186-6bd469a61503/userFiles-0098191b-460b-405c-adfc-2daf21862b1d/iceberg-spark-runtime-3.5_2.12-1.4.2.jar to class loader default
[2025-10-28T13:07:43.028+0000] {spark_submit.py:491} INFO - 25/10/28 13:07:43 INFO Utils: Successfully started service 'org.apache.spark.network.netty.NettyBlockTransferService' on port 36967.
[2025-10-28T13:07:43.028+0000] {spark_submit.py:491} INFO - 25/10/28 13:07:43 INFO NettyBlockTransferService: Server created on c6c4842a6e7c:36967
[2025-10-28T13:07:43.029+0000] {spark_submit.py:491} INFO - 25/10/28 13:07:43 INFO BlockManager: Using org.apache.spark.storage.RandomBlockReplicationPolicy for block replication policy
[2025-10-28T13:07:43.031+0000] {spark_submit.py:491} INFO - 25/10/28 13:07:43 INFO BlockManagerMaster: Registering BlockManager BlockManagerId(driver, c6c4842a6e7c, 36967, None)
[2025-10-28T13:07:43.033+0000] {spark_submit.py:491} INFO - 25/10/28 13:07:43 INFO BlockManagerMasterEndpoint: Registering block manager c6c4842a6e7c:36967 with 434.4 MiB RAM, BlockManagerId(driver, c6c4842a6e7c, 36967, None)
[2025-10-28T13:07:43.034+0000] {spark_submit.py:491} INFO - 25/10/28 13:07:43 INFO BlockManagerMaster: Registered BlockManager BlockManagerId(driver, c6c4842a6e7c, 36967, None)
[2025-10-28T13:07:43.035+0000] {spark_submit.py:491} INFO - 25/10/28 13:07:43 INFO BlockManager: Initialized BlockManager: BlockManagerId(driver, c6c4842a6e7c, 36967, None)
[2025-10-28T13:07:43.307+0000] {spark_submit.py:491} INFO - Bucket lakehouse created successfully.
[2025-10-28T13:07:44.431+0000] {spark_submit.py:491} INFO - 25/10/28 13:07:44 WARN MetricsConfig: Cannot locate configuration: tried hadoop-metrics2-s3a-file-system.properties,hadoop-metrics2.properties
[2025-10-28T13:07:45.264+0000] {spark_submit.py:491} INFO - Created/verified weather table
[2025-10-28T13:07:45.264+0000] {spark_submit.py:491} INFO - Reading weather data from: /opt/***/data/weather/weather_data_20251028_13.json
[2025-10-28T13:07:46.557+0000] {spark_submit.py:491} INFO - Raw weather data count: 24
[2025-10-28T13:07:46.559+0000] {spark_submit.py:491} INFO - root
[2025-10-28T13:07:46.561+0000] {spark_submit.py:491} INFO - |-- timestamp: string (nullable = true)
[2025-10-28T13:07:46.561+0000] {spark_submit.py:491} INFO - |-- location: string (nullable = true)
[2025-10-28T13:07:46.561+0000] {spark_submit.py:491} INFO - |-- latitude: double (nullable = true)
[2025-10-28T13:07:46.562+0000] {spark_submit.py:491} INFO - |-- longitude: double (nullable = true)
[2025-10-28T13:07:46.562+0000] {spark_submit.py:491} INFO - |-- temperature_celsius: double (nullable = true)
[2025-10-28T13:07:46.570+0000] {spark_submit.py:491} INFO - |-- temperature_fahrenheit: double (nullable = true)
[2025-10-28T13:07:46.570+0000] {spark_submit.py:491} INFO - |-- humidity_percent: double (nullable = true)
[2025-10-28T13:07:46.570+0000] {spark_submit.py:491} INFO - |-- pressure_hpa: double (nullable = true)
[2025-10-28T13:07:46.570+0000] {spark_submit.py:491} INFO - |-- wind_speed_kmh: double (nullable = true)
[2025-10-28T13:07:46.570+0000] {spark_submit.py:491} INFO - |-- weather_condition: string (nullable = true)
[2025-10-28T13:07:46.571+0000] {spark_submit.py:491} INFO - |-- visibility_km: double (nullable = true)
[2025-10-28T13:07:46.571+0000] {spark_submit.py:491} INFO - |-- uv_index: double (nullable = true)
[2025-10-28T13:07:46.571+0000] {spark_submit.py:491} INFO - |-- hour: integer (nullable = true)
[2025-10-28T13:07:46.571+0000] {spark_submit.py:491} INFO - |-- day_of_week: integer (nullable = true)
[2025-10-28T13:07:46.571+0000] {spark_submit.py:491} INFO - |-- is_weekend: boolean (nullable = true)
[2025-10-28T13:07:46.571+0000] {spark_submit.py:491} INFO - 
[2025-10-28T13:07:46.821+0000] {spark_submit.py:491} INFO - Processed weather data count: 24
[2025-10-28T13:07:47.860+0000] {spark_submit.py:491} INFO - Successfully wrote weather data to Iceberg table
[2025-10-28T13:07:48.984+0000] {spark_submit.py:491} INFO - +------------+------------------+------------+-----------------+--------------------+
[2025-10-28T13:07:48.985+0000] {spark_submit.py:491} INFO - |weather_date|        avg_temp_c|avg_humidity|   avg_wind_speed|          conditions|
[2025-10-28T13:07:48.985+0000] {spark_submit.py:491} INFO - +------------+------------------+------------+-----------------+--------------------+
[2025-10-28T13:07:48.985+0000] {spark_submit.py:491} INFO - |  2025-10-28|13.639285714285714|        67.9|7.992857142857143|[clear, snow, rai...|
[2025-10-28T13:07:48.985+0000] {spark_submit.py:491} INFO - |  2025-10-27|14.352999999999998|       71.75|7.040000000000001|[clear, snow, rai...|
[2025-10-28T13:07:48.985+0000] {spark_submit.py:491} INFO - +------------+------------------+------------+-----------------+--------------------+
[2025-10-28T13:07:48.985+0000] {spark_submit.py:491} INFO - 
[2025-10-28T13:07:48.985+0000] {spark_submit.py:491} INFO - Weather ETL job completed successfully!
[2025-10-28T13:07:49.178+0000] {taskinstance.py:1398} INFO - Marking task as SUCCESS. dag_id=nyc_weather_etl, task_id=spark_process_weather_to_iceberg, execution_date=20251028T120711, start_date=20251028T130739, end_date=20251028T130749
[2025-10-28T13:07:49.193+0000] {local_task_job_runner.py:228} INFO - Task exited with return code 0
[2025-10-28T13:07:49.200+0000] {taskinstance.py:2776} INFO - 0 downstream tasks scheduled from follow-on schedule check
