[2025-10-27T05:21:42.164+0000] {taskinstance.py:1157} INFO - Dependencies all met for dep_context=non-requeueable deps ti=<TaskInstance: nyc_weather_etl.spark_process_weather_to_iceberg scheduled__2025-10-26T11:34:42.579660+00:00 [queued]>
[2025-10-27T05:21:42.187+0000] {taskinstance.py:1157} INFO - Dependencies all met for dep_context=requeueable deps ti=<TaskInstance: nyc_weather_etl.spark_process_weather_to_iceberg scheduled__2025-10-26T11:34:42.579660+00:00 [queued]>
[2025-10-27T05:21:42.189+0000] {taskinstance.py:1359} INFO - Starting attempt 1 of 1
[2025-10-27T05:21:42.218+0000] {taskinstance.py:1380} INFO - Executing <Task(SparkSubmitOperator): spark_process_weather_to_iceberg> on 2025-10-26 11:34:42.579660+00:00
[2025-10-27T05:21:42.220+0000] {standard_task_runner.py:57} INFO - Started process 9785 to run task
[2025-10-27T05:21:42.227+0000] {standard_task_runner.py:84} INFO - Running: ['***', 'tasks', 'run', 'nyc_weather_etl', 'spark_process_weather_to_iceberg', 'scheduled__2025-10-26T11:34:42.579660+00:00', '--job-id', '682', '--raw', '--subdir', 'DAGS_FOLDER/nyc_weather_etl.py', '--cfg-path', '/tmp/tmp_gcdp1av']
[2025-10-27T05:21:42.233+0000] {standard_task_runner.py:85} INFO - Job 682: Subtask spark_process_weather_to_iceberg
[2025-10-27T05:21:42.300+0000] {task_command.py:415} INFO - Running <TaskInstance: nyc_weather_etl.spark_process_weather_to_iceberg scheduled__2025-10-26T11:34:42.579660+00:00 [running]> on host b40be2a595bb
[2025-10-27T05:21:42.495+0000] {taskinstance.py:1660} INFO - Exporting env vars: AIRFLOW_CTX_DAG_OWNER='data-engineering' AIRFLOW_CTX_DAG_ID='nyc_weather_etl' AIRFLOW_CTX_TASK_ID='spark_process_weather_to_iceberg' AIRFLOW_CTX_EXECUTION_DATE='2025-10-26T11:34:42.579660+00:00' AIRFLOW_CTX_TRY_NUMBER='1' AIRFLOW_CTX_DAG_RUN_ID='scheduled__2025-10-26T11:34:42.579660+00:00'
[2025-10-27T05:21:42.503+0000] {base.py:73} INFO - Using connection ID 'spark_default' for task execution.
[2025-10-27T05:21:42.504+0000] {spark_submit.py:340} INFO - Spark-Submit cmd: /opt/bitnami/spark/bin/spark-submit --master spark://spark-master:7077 --conf spark.master=spark://spark-master:7077 --conf spark.sql.catalog.spark_catalog=org.apache.iceberg.spark.SparkSessionCatalog --conf spark.sql.catalog.spark_catalog.type=hive --conf spark.sql.catalog.iceberg=org.apache.iceberg.spark.SparkCatalog --conf spark.sql.catalog.iceberg.type=hadoop --conf spark.sql.catalog.iceberg.warehouse=s3a://lakehouse/warehouse --conf spark.sql.extensions=org.apache.iceberg.spark.extensions.IcebergSparkSessionExtensions --conf spark.hadoop.fs.s3a.endpoint=http://minio:9000 --conf spark.hadoop.fs.s3a.access.key=admin --conf spark.hadoop.fs.s3a.secret.key=****** --conf spark.hadoop.fs.s3a.path.style.access=true --conf spark.hadoop.fs.s3a.impl=org.apache.hadoop.fs.s3a.S3AFileSystem --jars /opt/***/jars/iceberg-spark-runtime-3.5_2.12-1.4.2.jar,/opt/***/jars/aws-java-sdk-bundle-1.12.367.jar,/opt/***/jars/hadoop-aws-3.3.4.jar --name arrow-spark --queue default /opt/***/dags/spark_jobs/weather_to_iceberg.py /opt/***/data/weather/weather_data_20251008_06.json
[2025-10-27T05:21:44.791+0000] {spark_submit.py:491} INFO - 25/10/27 05:21:44 WARN NativeCodeLoader: Unable to load native-hadoop library for your platform... using builtin-java classes where applicable
[2025-10-27T05:21:45.894+0000] {spark_submit.py:491} INFO - 25/10/27 05:21:45 INFO SparkContext: Running Spark version 3.5.1
[2025-10-27T05:21:45.894+0000] {spark_submit.py:491} INFO - 25/10/27 05:21:45 INFO SparkContext: OS info Linux, 6.10.14-linuxkit, aarch64
[2025-10-27T05:21:45.895+0000] {spark_submit.py:491} INFO - 25/10/27 05:21:45 INFO SparkContext: Java version 11.0.28
[2025-10-27T05:21:45.926+0000] {spark_submit.py:491} INFO - 25/10/27 05:21:45 INFO ResourceUtils: ==============================================================
[2025-10-27T05:21:45.927+0000] {spark_submit.py:491} INFO - 25/10/27 05:21:45 INFO ResourceUtils: No custom resources configured for spark.driver.
[2025-10-27T05:21:45.927+0000] {spark_submit.py:491} INFO - 25/10/27 05:21:45 INFO ResourceUtils: ==============================================================
[2025-10-27T05:21:45.928+0000] {spark_submit.py:491} INFO - 25/10/27 05:21:45 INFO SparkContext: Submitted application: Weather to Iceberg ETL
[2025-10-27T05:21:45.953+0000] {spark_submit.py:491} INFO - 25/10/27 05:21:45 INFO ResourceProfile: Default ResourceProfile created, executor resources: Map(cores -> name: cores, amount: 1, script: , vendor: , memory -> name: memory, amount: 1024, script: , vendor: , offHeap -> name: offHeap, amount: 0, script: , vendor: ), task resources: Map(cpus -> name: cpus, amount: 1.0)
[2025-10-27T05:21:45.965+0000] {spark_submit.py:491} INFO - 25/10/27 05:21:45 INFO ResourceProfile: Limiting resource is cpu
[2025-10-27T05:21:45.966+0000] {spark_submit.py:491} INFO - 25/10/27 05:21:45 INFO ResourceProfileManager: Added ResourceProfile id: 0
[2025-10-27T05:21:46.024+0000] {spark_submit.py:491} INFO - 25/10/27 05:21:46 INFO SecurityManager: Changing view acls to: ***
[2025-10-27T05:21:46.025+0000] {spark_submit.py:491} INFO - 25/10/27 05:21:46 INFO SecurityManager: Changing modify acls to: ***
[2025-10-27T05:21:46.026+0000] {spark_submit.py:491} INFO - 25/10/27 05:21:46 INFO SecurityManager: Changing view acls groups to:
[2025-10-27T05:21:46.026+0000] {spark_submit.py:491} INFO - 25/10/27 05:21:46 INFO SecurityManager: Changing modify acls groups to:
[2025-10-27T05:21:46.026+0000] {spark_submit.py:491} INFO - 25/10/27 05:21:46 INFO SecurityManager: SecurityManager: authentication disabled; ui acls disabled; users with view permissions: ***; groups with view permissions: EMPTY; users with modify permissions: ***; groups with modify permissions: EMPTY
[2025-10-27T05:21:46.195+0000] {spark_submit.py:491} INFO - 25/10/27 05:21:46 INFO Utils: Successfully started service 'sparkDriver' on port 37417.
[2025-10-27T05:21:46.245+0000] {spark_submit.py:491} INFO - 25/10/27 05:21:46 INFO SparkEnv: Registering MapOutputTracker
[2025-10-27T05:21:46.285+0000] {spark_submit.py:491} INFO - 25/10/27 05:21:46 INFO SparkEnv: Registering BlockManagerMaster
[2025-10-27T05:21:46.303+0000] {spark_submit.py:491} INFO - 25/10/27 05:21:46 INFO BlockManagerMasterEndpoint: Using org.apache.spark.storage.DefaultTopologyMapper for getting topology information
[2025-10-27T05:21:46.304+0000] {spark_submit.py:491} INFO - 25/10/27 05:21:46 INFO BlockManagerMasterEndpoint: BlockManagerMasterEndpoint up
[2025-10-27T05:21:46.306+0000] {spark_submit.py:491} INFO - 25/10/27 05:21:46 INFO SparkEnv: Registering BlockManagerMasterHeartbeat
[2025-10-27T05:21:46.318+0000] {spark_submit.py:491} INFO - 25/10/27 05:21:46 INFO DiskBlockManager: Created local directory at /tmp/blockmgr-61d62280-18c4-48ce-aefe-a9dd180e2030
[2025-10-27T05:21:46.324+0000] {spark_submit.py:491} INFO - 25/10/27 05:21:46 INFO MemoryStore: MemoryStore started with capacity 434.4 MiB
[2025-10-27T05:21:46.335+0000] {spark_submit.py:491} INFO - 25/10/27 05:21:46 INFO SparkEnv: Registering OutputCommitCoordinator
[2025-10-27T05:21:46.415+0000] {spark_submit.py:491} INFO - 25/10/27 05:21:46 INFO JettyUtils: Start Jetty 0.0.0.0:4040 for SparkUI
[2025-10-27T05:21:46.442+0000] {spark_submit.py:491} INFO - 25/10/27 05:21:46 WARN Utils: Service 'SparkUI' could not bind on port 4040. Attempting port 4041.
[2025-10-27T05:21:46.448+0000] {spark_submit.py:491} INFO - 25/10/27 05:21:46 INFO Utils: Successfully started service 'SparkUI' on port 4041.
[2025-10-27T05:21:46.490+0000] {spark_submit.py:491} INFO - 25/10/27 05:21:46 INFO SparkContext: Added JAR file:///opt/***/jars/iceberg-spark-runtime-3.5_2.12-1.4.2.jar at spark://b40be2a595bb:37417/jars/iceberg-spark-runtime-3.5_2.12-1.4.2.jar with timestamp 1761542505882
[2025-10-27T05:21:46.494+0000] {spark_submit.py:491} INFO - 25/10/27 05:21:46 INFO SparkContext: Added JAR file:///opt/***/jars/aws-java-sdk-bundle-1.12.367.jar at spark://b40be2a595bb:37417/jars/aws-java-sdk-bundle-1.12.367.jar with timestamp 1761542505882
[2025-10-27T05:21:46.495+0000] {spark_submit.py:491} INFO - 25/10/27 05:21:46 INFO SparkContext: Added JAR file:///opt/***/jars/hadoop-aws-3.3.4.jar at spark://b40be2a595bb:37417/jars/hadoop-aws-3.3.4.jar with timestamp 1761542505882
[2025-10-27T05:21:46.562+0000] {spark_submit.py:491} INFO - 25/10/27 05:21:46 INFO Executor: Starting executor ID driver on host b40be2a595bb
[2025-10-27T05:21:46.563+0000] {spark_submit.py:491} INFO - 25/10/27 05:21:46 INFO Executor: OS info Linux, 6.10.14-linuxkit, aarch64
[2025-10-27T05:21:46.563+0000] {spark_submit.py:491} INFO - 25/10/27 05:21:46 INFO Executor: Java version 11.0.28
[2025-10-27T05:21:46.563+0000] {spark_submit.py:491} INFO - 25/10/27 05:21:46 INFO Executor: Starting executor with user classpath (userClassPathFirst = false): ''
[2025-10-27T05:21:46.564+0000] {spark_submit.py:491} INFO - 25/10/27 05:21:46 INFO Executor: Created or updated repl class loader org.apache.spark.util.MutableURLClassLoader@60bdc9f2 for default.
[2025-10-27T05:21:46.573+0000] {spark_submit.py:491} INFO - 25/10/27 05:21:46 INFO Executor: Fetching spark://b40be2a595bb:37417/jars/aws-java-sdk-bundle-1.12.367.jar with timestamp 1761542505882
[2025-10-27T05:21:46.608+0000] {spark_submit.py:491} INFO - 25/10/27 05:21:46 INFO TransportClientFactory: Successfully created connection to b40be2a595bb/172.18.0.5:37417 after 20 ms (0 ms spent in bootstraps)
[2025-10-27T05:21:46.628+0000] {spark_submit.py:491} INFO - 25/10/27 05:21:46 INFO Utils: Fetching spark://b40be2a595bb:37417/jars/aws-java-sdk-bundle-1.12.367.jar to /tmp/spark-6492d298-4bcb-4248-93a8-c6eb600b329f/userFiles-03cdf64b-3ace-47e8-ba3b-759ea49936ea/fetchFileTemp13535835815797452236.tmp
[2025-10-27T05:21:47.960+0000] {spark_submit.py:491} INFO - 25/10/27 05:21:47 INFO Executor: Adding file:/tmp/spark-6492d298-4bcb-4248-93a8-c6eb600b329f/userFiles-03cdf64b-3ace-47e8-ba3b-759ea49936ea/aws-java-sdk-bundle-1.12.367.jar to class loader default
[2025-10-27T05:21:47.964+0000] {spark_submit.py:491} INFO - 25/10/27 05:21:47 INFO Executor: Fetching spark://b40be2a595bb:37417/jars/iceberg-spark-runtime-3.5_2.12-1.4.2.jar with timestamp 1761542505882
[2025-10-27T05:21:47.964+0000] {spark_submit.py:491} INFO - 25/10/27 05:21:47 INFO Utils: Fetching spark://b40be2a595bb:37417/jars/iceberg-spark-runtime-3.5_2.12-1.4.2.jar to /tmp/spark-6492d298-4bcb-4248-93a8-c6eb600b329f/userFiles-03cdf64b-3ace-47e8-ba3b-759ea49936ea/fetchFileTemp6102673188782371987.tmp
[2025-10-27T05:21:48.036+0000] {spark_submit.py:491} INFO - 25/10/27 05:21:48 INFO Executor: Adding file:/tmp/spark-6492d298-4bcb-4248-93a8-c6eb600b329f/userFiles-03cdf64b-3ace-47e8-ba3b-759ea49936ea/iceberg-spark-runtime-3.5_2.12-1.4.2.jar to class loader default
[2025-10-27T05:21:48.036+0000] {spark_submit.py:491} INFO - 25/10/27 05:21:48 INFO Executor: Fetching spark://b40be2a595bb:37417/jars/hadoop-aws-3.3.4.jar with timestamp 1761542505882
[2025-10-27T05:21:48.037+0000] {spark_submit.py:491} INFO - 25/10/27 05:21:48 INFO Utils: Fetching spark://b40be2a595bb:37417/jars/hadoop-aws-3.3.4.jar to /tmp/spark-6492d298-4bcb-4248-93a8-c6eb600b329f/userFiles-03cdf64b-3ace-47e8-ba3b-759ea49936ea/fetchFileTemp12578730905674000567.tmp
[2025-10-27T05:21:48.046+0000] {spark_submit.py:491} INFO - 25/10/27 05:21:48 INFO Executor: Adding file:/tmp/spark-6492d298-4bcb-4248-93a8-c6eb600b329f/userFiles-03cdf64b-3ace-47e8-ba3b-759ea49936ea/hadoop-aws-3.3.4.jar to class loader default
[2025-10-27T05:21:48.060+0000] {spark_submit.py:491} INFO - 25/10/27 05:21:48 INFO Utils: Successfully started service 'org.apache.spark.network.netty.NettyBlockTransferService' on port 34805.
[2025-10-27T05:21:48.060+0000] {spark_submit.py:491} INFO - 25/10/27 05:21:48 INFO NettyBlockTransferService: Server created on b40be2a595bb:34805
[2025-10-27T05:21:48.060+0000] {spark_submit.py:491} INFO - 25/10/27 05:21:48 INFO BlockManager: Using org.apache.spark.storage.RandomBlockReplicationPolicy for block replication policy
[2025-10-27T05:21:48.073+0000] {spark_submit.py:491} INFO - 25/10/27 05:21:48 INFO BlockManagerMaster: Registering BlockManager BlockManagerId(driver, b40be2a595bb, 34805, None)
[2025-10-27T05:21:48.075+0000] {spark_submit.py:491} INFO - 25/10/27 05:21:48 INFO BlockManagerMasterEndpoint: Registering block manager b40be2a595bb:34805 with 434.4 MiB RAM, BlockManagerId(driver, b40be2a595bb, 34805, None)
[2025-10-27T05:21:48.077+0000] {spark_submit.py:491} INFO - 25/10/27 05:21:48 INFO BlockManagerMaster: Registered BlockManager BlockManagerId(driver, b40be2a595bb, 34805, None)
[2025-10-27T05:21:48.077+0000] {spark_submit.py:491} INFO - 25/10/27 05:21:48 INFO BlockManager: Initialized BlockManager: BlockManagerId(driver, b40be2a595bb, 34805, None)
[2025-10-27T05:21:50.518+0000] {spark_submit.py:491} INFO - 25/10/27 05:21:50 WARN MetricsConfig: Cannot locate configuration: tried hadoop-metrics2-s3a-file-system.properties,hadoop-metrics2.properties
[2025-10-27T05:21:51.861+0000] {spark_submit.py:491} INFO - Created/verified weather table
[2025-10-27T05:21:51.861+0000] {spark_submit.py:491} INFO - Reading weather data from: /opt/***/data/weather/weather_data_20251008_06.json
[2025-10-27T05:21:54.246+0000] {spark_submit.py:491} INFO - Raw weather data count: 24
[2025-10-27T05:21:54.246+0000] {spark_submit.py:491} INFO - root
[2025-10-27T05:21:54.246+0000] {spark_submit.py:491} INFO - |-- timestamp: string (nullable = true)
[2025-10-27T05:21:54.246+0000] {spark_submit.py:491} INFO - |-- location: string (nullable = true)
[2025-10-27T05:21:54.247+0000] {spark_submit.py:491} INFO - |-- latitude: double (nullable = true)
[2025-10-27T05:21:54.247+0000] {spark_submit.py:491} INFO - |-- longitude: double (nullable = true)
[2025-10-27T05:21:54.247+0000] {spark_submit.py:491} INFO - |-- temperature_celsius: double (nullable = true)
[2025-10-27T05:21:54.247+0000] {spark_submit.py:491} INFO - |-- temperature_fahrenheit: double (nullable = true)
[2025-10-27T05:21:54.247+0000] {spark_submit.py:491} INFO - |-- humidity_percent: double (nullable = true)
[2025-10-27T05:21:54.247+0000] {spark_submit.py:491} INFO - |-- pressure_hpa: double (nullable = true)
[2025-10-27T05:21:54.247+0000] {spark_submit.py:491} INFO - |-- wind_speed_kmh: double (nullable = true)
[2025-10-27T05:21:54.247+0000] {spark_submit.py:491} INFO - |-- weather_condition: string (nullable = true)
[2025-10-27T05:21:54.247+0000] {spark_submit.py:491} INFO - |-- visibility_km: double (nullable = true)
[2025-10-27T05:21:54.247+0000] {spark_submit.py:491} INFO - |-- uv_index: double (nullable = true)
[2025-10-27T05:21:54.247+0000] {spark_submit.py:491} INFO - |-- hour: integer (nullable = true)
[2025-10-27T05:21:54.247+0000] {spark_submit.py:491} INFO - |-- day_of_week: integer (nullable = true)
[2025-10-27T05:21:54.247+0000] {spark_submit.py:491} INFO - |-- is_weekend: boolean (nullable = true)
[2025-10-27T05:21:54.247+0000] {spark_submit.py:491} INFO - 
[2025-10-27T05:21:54.835+0000] {spark_submit.py:491} INFO - Processed weather data count: 24
[2025-10-27T05:21:56.954+0000] {spark_submit.py:491} INFO - Successfully wrote weather data to Iceberg table
[2025-10-27T05:21:59.253+0000] {spark_submit.py:491} INFO - +------------+------------------+------------------+-----------------+--------------------+
[2025-10-27T05:21:59.253+0000] {spark_submit.py:491} INFO - |weather_date|        avg_temp_c|      avg_humidity|   avg_wind_speed|          conditions|
[2025-10-27T05:21:59.253+0000] {spark_submit.py:491} INFO - +------------+------------------+------------------+-----------------+--------------------+
[2025-10-27T05:21:59.253+0000] {spark_submit.py:491} INFO - |  2025-10-08|14.865714285714287|55.285714285714285|9.157142857142857|[clear, snow, clo...|
[2025-10-27T05:21:59.253+0000] {spark_submit.py:491} INFO - |  2025-10-07|16.545882352941174|61.094117647058816|7.899999999999999|[clear, snow, rai...|
[2025-10-27T05:21:59.253+0000] {spark_submit.py:491} INFO - +------------+------------------+------------------+-----------------+--------------------+
[2025-10-27T05:21:59.254+0000] {spark_submit.py:491} INFO - 
[2025-10-27T05:21:59.254+0000] {spark_submit.py:491} INFO - Weather ETL job completed successfully!
[2025-10-27T05:22:00.458+0000] {taskinstance.py:1398} INFO - Marking task as SUCCESS. dag_id=nyc_weather_etl, task_id=spark_process_weather_to_iceberg, execution_date=20251026T113442, start_date=20251027T052142, end_date=20251027T052200
[2025-10-27T05:22:00.504+0000] {local_task_job_runner.py:228} INFO - Task exited with return code 0
[2025-10-27T05:22:00.514+0000] {taskinstance.py:2776} INFO - 0 downstream tasks scheduled from follow-on schedule check
