[2025-10-27T06:44:03.015+0000] {taskinstance.py:1157} INFO - Dependencies all met for dep_context=non-requeueable deps ti=<TaskInstance: nyc_weather_etl.spark_process_location_to_iceberg manual__2025-10-27T06:44:00.659958+00:00 [queued]>
[2025-10-27T06:44:03.023+0000] {taskinstance.py:1157} INFO - Dependencies all met for dep_context=requeueable deps ti=<TaskInstance: nyc_weather_etl.spark_process_location_to_iceberg manual__2025-10-27T06:44:00.659958+00:00 [queued]>
[2025-10-27T06:44:03.024+0000] {taskinstance.py:1359} INFO - Starting attempt 1 of 1
[2025-10-27T06:44:03.030+0000] {taskinstance.py:1380} INFO - Executing <Task(SparkSubmitOperator): spark_process_location_to_iceberg> on 2025-10-27 06:44:00.659958+00:00
[2025-10-27T06:44:03.033+0000] {standard_task_runner.py:57} INFO - Started process 19120 to run task
[2025-10-27T06:44:03.038+0000] {standard_task_runner.py:84} INFO - Running: ['***', 'tasks', 'run', 'nyc_weather_etl', 'spark_process_location_to_iceberg', 'manual__2025-10-27T06:44:00.659958+00:00', '--job-id', '706', '--raw', '--subdir', 'DAGS_FOLDER/nyc_weather_etl.py', '--cfg-path', '/tmp/tmp1pilnoop']
[2025-10-27T06:44:03.040+0000] {standard_task_runner.py:85} INFO - Job 706: Subtask spark_process_location_to_iceberg
[2025-10-27T06:44:03.075+0000] {task_command.py:415} INFO - Running <TaskInstance: nyc_weather_etl.spark_process_location_to_iceberg manual__2025-10-27T06:44:00.659958+00:00 [running]> on host b40be2a595bb
[2025-10-27T06:44:03.224+0000] {taskinstance.py:1660} INFO - Exporting env vars: AIRFLOW_CTX_DAG_OWNER='data-engineering' AIRFLOW_CTX_DAG_ID='nyc_weather_etl' AIRFLOW_CTX_TASK_ID='spark_process_location_to_iceberg' AIRFLOW_CTX_EXECUTION_DATE='2025-10-27T06:44:00.659958+00:00' AIRFLOW_CTX_TRY_NUMBER='1' AIRFLOW_CTX_DAG_RUN_ID='manual__2025-10-27T06:44:00.659958+00:00'
[2025-10-27T06:44:03.228+0000] {base.py:73} INFO - Using connection ID 'spark_default' for task execution.
[2025-10-27T06:44:03.229+0000] {spark_submit.py:340} INFO - Spark-Submit cmd: /opt/bitnami/spark/bin/spark-submit --master spark://spark-master:7077 --conf spark.master=spark://spark-master:7077 --conf spark.sql.catalog.spark_catalog=org.apache.iceberg.spark.SparkSessionCatalog --conf spark.sql.catalog.spark_catalog.type=hive --conf spark.sql.catalog.iceberg=org.apache.iceberg.spark.SparkCatalog --conf spark.sql.catalog.iceberg.type=hadoop --conf spark.sql.catalog.iceberg.warehouse=s3a://lakehouse/warehouse --conf spark.sql.extensions=org.apache.iceberg.spark.extensions.IcebergSparkSessionExtensions --conf spark.hadoop.fs.s3a.endpoint=http://minio:9000 --conf spark.hadoop.fs.s3a.access.key=admin --conf spark.hadoop.fs.s3a.secret.key=****** --conf spark.hadoop.fs.s3a.path.style.access=true --conf spark.hadoop.fs.s3a.impl=org.apache.hadoop.fs.s3a.S3AFileSystem --jars /opt/***/jars/iceberg-spark-runtime-3.5_2.12-1.4.2.jar,/opt/***/jars/aws-java-sdk-bundle-1.12.367.jar,/opt/***/jars/hadoop-aws-3.3.4.jar --name arrow-spark --queue default /opt/***/dags/spark_jobs/location_to_iceberg.py /opt/***/data/locations/nyc_taxi_zones.json
[2025-10-27T06:44:04.069+0000] {spark_submit.py:491} INFO - 25/10/27 06:44:04 WARN NativeCodeLoader: Unable to load native-hadoop library for your platform... using builtin-java classes where applicable
[2025-10-27T06:44:04.649+0000] {spark_submit.py:491} INFO - 25/10/27 06:44:04 INFO SparkContext: Running Spark version 3.5.1
[2025-10-27T06:44:04.650+0000] {spark_submit.py:491} INFO - 25/10/27 06:44:04 INFO SparkContext: OS info Linux, 6.10.14-linuxkit, aarch64
[2025-10-27T06:44:04.650+0000] {spark_submit.py:491} INFO - 25/10/27 06:44:04 INFO SparkContext: Java version 11.0.28
[2025-10-27T06:44:04.661+0000] {spark_submit.py:491} INFO - 25/10/27 06:44:04 INFO ResourceUtils: ==============================================================
[2025-10-27T06:44:04.661+0000] {spark_submit.py:491} INFO - 25/10/27 06:44:04 INFO ResourceUtils: No custom resources configured for spark.driver.
[2025-10-27T06:44:04.661+0000] {spark_submit.py:491} INFO - 25/10/27 06:44:04 INFO ResourceUtils: ==============================================================
[2025-10-27T06:44:04.661+0000] {spark_submit.py:491} INFO - 25/10/27 06:44:04 INFO SparkContext: Submitted application: Location to Iceberg ETL
[2025-10-27T06:44:04.678+0000] {spark_submit.py:491} INFO - 25/10/27 06:44:04 INFO ResourceProfile: Default ResourceProfile created, executor resources: Map(cores -> name: cores, amount: 1, script: , vendor: , memory -> name: memory, amount: 1024, script: , vendor: , offHeap -> name: offHeap, amount: 0, script: , vendor: ), task resources: Map(cpus -> name: cpus, amount: 1.0)
[2025-10-27T06:44:04.682+0000] {spark_submit.py:491} INFO - 25/10/27 06:44:04 INFO ResourceProfile: Limiting resource is cpu
[2025-10-27T06:44:04.684+0000] {spark_submit.py:491} INFO - 25/10/27 06:44:04 INFO ResourceProfileManager: Added ResourceProfile id: 0
[2025-10-27T06:44:04.710+0000] {spark_submit.py:491} INFO - 25/10/27 06:44:04 INFO SecurityManager: Changing view acls to: ***
[2025-10-27T06:44:04.710+0000] {spark_submit.py:491} INFO - 25/10/27 06:44:04 INFO SecurityManager: Changing modify acls to: ***
[2025-10-27T06:44:04.711+0000] {spark_submit.py:491} INFO - 25/10/27 06:44:04 INFO SecurityManager: Changing view acls groups to:
[2025-10-27T06:44:04.711+0000] {spark_submit.py:491} INFO - 25/10/27 06:44:04 INFO SecurityManager: Changing modify acls groups to:
[2025-10-27T06:44:04.711+0000] {spark_submit.py:491} INFO - 25/10/27 06:44:04 INFO SecurityManager: SecurityManager: authentication disabled; ui acls disabled; users with view permissions: ***; groups with view permissions: EMPTY; users with modify permissions: ***; groups with modify permissions: EMPTY
[2025-10-27T06:44:04.808+0000] {spark_submit.py:491} INFO - 25/10/27 06:44:04 INFO Utils: Successfully started service 'sparkDriver' on port 42517.
[2025-10-27T06:44:04.822+0000] {spark_submit.py:491} INFO - 25/10/27 06:44:04 INFO SparkEnv: Registering MapOutputTracker
[2025-10-27T06:44:04.839+0000] {spark_submit.py:491} INFO - 25/10/27 06:44:04 INFO SparkEnv: Registering BlockManagerMaster
[2025-10-27T06:44:04.852+0000] {spark_submit.py:491} INFO - 25/10/27 06:44:04 INFO BlockManagerMasterEndpoint: Using org.apache.spark.storage.DefaultTopologyMapper for getting topology information
[2025-10-27T06:44:04.852+0000] {spark_submit.py:491} INFO - 25/10/27 06:44:04 INFO BlockManagerMasterEndpoint: BlockManagerMasterEndpoint up
[2025-10-27T06:44:04.854+0000] {spark_submit.py:491} INFO - 25/10/27 06:44:04 INFO SparkEnv: Registering BlockManagerMasterHeartbeat
[2025-10-27T06:44:04.866+0000] {spark_submit.py:491} INFO - 25/10/27 06:44:04 INFO DiskBlockManager: Created local directory at /tmp/blockmgr-d45fe5c0-2d41-4d18-820f-4a4da654535c
[2025-10-27T06:44:04.872+0000] {spark_submit.py:491} INFO - 25/10/27 06:44:04 INFO MemoryStore: MemoryStore started with capacity 434.4 MiB
[2025-10-27T06:44:04.878+0000] {spark_submit.py:491} INFO - 25/10/27 06:44:04 INFO SparkEnv: Registering OutputCommitCoordinator
[2025-10-27T06:44:04.933+0000] {spark_submit.py:491} INFO - 25/10/27 06:44:04 INFO JettyUtils: Start Jetty 0.0.0.0:4040 for SparkUI
[2025-10-27T06:44:04.959+0000] {spark_submit.py:491} INFO - 25/10/27 06:44:04 INFO Utils: Successfully started service 'SparkUI' on port 4040.
[2025-10-27T06:44:04.975+0000] {spark_submit.py:491} INFO - 25/10/27 06:44:04 INFO SparkContext: Added JAR file:///opt/***/jars/iceberg-spark-runtime-3.5_2.12-1.4.2.jar at spark://b40be2a595bb:42517/jars/iceberg-spark-runtime-3.5_2.12-1.4.2.jar with timestamp 1761547444645
[2025-10-27T06:44:04.976+0000] {spark_submit.py:491} INFO - 25/10/27 06:44:04 INFO SparkContext: Added JAR file:///opt/***/jars/aws-java-sdk-bundle-1.12.367.jar at spark://b40be2a595bb:42517/jars/aws-java-sdk-bundle-1.12.367.jar with timestamp 1761547444645
[2025-10-27T06:44:04.976+0000] {spark_submit.py:491} INFO - 25/10/27 06:44:04 INFO SparkContext: Added JAR file:///opt/***/jars/hadoop-aws-3.3.4.jar at spark://b40be2a595bb:42517/jars/hadoop-aws-3.3.4.jar with timestamp 1761547444645
[2025-10-27T06:44:05.002+0000] {spark_submit.py:491} INFO - 25/10/27 06:44:05 INFO Executor: Starting executor ID driver on host b40be2a595bb
[2025-10-27T06:44:05.002+0000] {spark_submit.py:491} INFO - 25/10/27 06:44:05 INFO Executor: OS info Linux, 6.10.14-linuxkit, aarch64
[2025-10-27T06:44:05.002+0000] {spark_submit.py:491} INFO - 25/10/27 06:44:05 INFO Executor: Java version 11.0.28
[2025-10-27T06:44:05.004+0000] {spark_submit.py:491} INFO - 25/10/27 06:44:05 INFO Executor: Starting executor with user classpath (userClassPathFirst = false): ''
[2025-10-27T06:44:05.004+0000] {spark_submit.py:491} INFO - 25/10/27 06:44:05 INFO Executor: Created or updated repl class loader org.apache.spark.util.MutableURLClassLoader@78adbbcc for default.
[2025-10-27T06:44:05.008+0000] {spark_submit.py:491} INFO - 25/10/27 06:44:05 INFO Executor: Fetching spark://b40be2a595bb:42517/jars/aws-java-sdk-bundle-1.12.367.jar with timestamp 1761547444645
[2025-10-27T06:44:05.031+0000] {spark_submit.py:491} INFO - 25/10/27 06:44:05 INFO TransportClientFactory: Successfully created connection to b40be2a595bb/172.18.0.5:42517 after 11 ms (0 ms spent in bootstraps)
[2025-10-27T06:44:05.035+0000] {spark_submit.py:491} INFO - 25/10/27 06:44:05 INFO Utils: Fetching spark://b40be2a595bb:42517/jars/aws-java-sdk-bundle-1.12.367.jar to /tmp/spark-8b885ab5-d6fc-4a76-8862-0bb4a0f55c1d/userFiles-53633ea0-946b-4b4d-9432-a447af51aa78/fetchFileTemp10794704797161006557.tmp
[2025-10-27T06:44:05.657+0000] {spark_submit.py:491} INFO - 25/10/27 06:44:05 INFO Executor: Adding file:/tmp/spark-8b885ab5-d6fc-4a76-8862-0bb4a0f55c1d/userFiles-53633ea0-946b-4b4d-9432-a447af51aa78/aws-java-sdk-bundle-1.12.367.jar to class loader default
[2025-10-27T06:44:05.658+0000] {spark_submit.py:491} INFO - 25/10/27 06:44:05 INFO Executor: Fetching spark://b40be2a595bb:42517/jars/hadoop-aws-3.3.4.jar with timestamp 1761547444645
[2025-10-27T06:44:05.658+0000] {spark_submit.py:491} INFO - 25/10/27 06:44:05 INFO Utils: Fetching spark://b40be2a595bb:42517/jars/hadoop-aws-3.3.4.jar to /tmp/spark-8b885ab5-d6fc-4a76-8862-0bb4a0f55c1d/userFiles-53633ea0-946b-4b4d-9432-a447af51aa78/fetchFileTemp8198317566913038226.tmp
[2025-10-27T06:44:05.669+0000] {spark_submit.py:491} INFO - 25/10/27 06:44:05 INFO Executor: Adding file:/tmp/spark-8b885ab5-d6fc-4a76-8862-0bb4a0f55c1d/userFiles-53633ea0-946b-4b4d-9432-a447af51aa78/hadoop-aws-3.3.4.jar to class loader default
[2025-10-27T06:44:05.669+0000] {spark_submit.py:491} INFO - 25/10/27 06:44:05 INFO Executor: Fetching spark://b40be2a595bb:42517/jars/iceberg-spark-runtime-3.5_2.12-1.4.2.jar with timestamp 1761547444645
[2025-10-27T06:44:05.669+0000] {spark_submit.py:491} INFO - 25/10/27 06:44:05 INFO Utils: Fetching spark://b40be2a595bb:42517/jars/iceberg-spark-runtime-3.5_2.12-1.4.2.jar to /tmp/spark-8b885ab5-d6fc-4a76-8862-0bb4a0f55c1d/userFiles-53633ea0-946b-4b4d-9432-a447af51aa78/fetchFileTemp18164640924171472722.tmp
[2025-10-27T06:44:05.754+0000] {spark_submit.py:491} INFO - 25/10/27 06:44:05 INFO Executor: Adding file:/tmp/spark-8b885ab5-d6fc-4a76-8862-0bb4a0f55c1d/userFiles-53633ea0-946b-4b4d-9432-a447af51aa78/iceberg-spark-runtime-3.5_2.12-1.4.2.jar to class loader default
[2025-10-27T06:44:05.761+0000] {spark_submit.py:491} INFO - 25/10/27 06:44:05 INFO Utils: Successfully started service 'org.apache.spark.network.netty.NettyBlockTransferService' on port 37165.
[2025-10-27T06:44:05.762+0000] {spark_submit.py:491} INFO - 25/10/27 06:44:05 INFO NettyBlockTransferService: Server created on b40be2a595bb:37165
[2025-10-27T06:44:05.764+0000] {spark_submit.py:491} INFO - 25/10/27 06:44:05 INFO BlockManager: Using org.apache.spark.storage.RandomBlockReplicationPolicy for block replication policy
[2025-10-27T06:44:05.769+0000] {spark_submit.py:491} INFO - 25/10/27 06:44:05 INFO BlockManagerMaster: Registering BlockManager BlockManagerId(driver, b40be2a595bb, 37165, None)
[2025-10-27T06:44:05.771+0000] {spark_submit.py:491} INFO - 25/10/27 06:44:05 INFO BlockManagerMasterEndpoint: Registering block manager b40be2a595bb:37165 with 434.4 MiB RAM, BlockManagerId(driver, b40be2a595bb, 37165, None)
[2025-10-27T06:44:05.772+0000] {spark_submit.py:491} INFO - 25/10/27 06:44:05 INFO BlockManagerMaster: Registered BlockManager BlockManagerId(driver, b40be2a595bb, 37165, None)
[2025-10-27T06:44:05.776+0000] {spark_submit.py:491} INFO - 25/10/27 06:44:05 INFO BlockManager: Initialized BlockManager: BlockManagerId(driver, b40be2a595bb, 37165, None)
[2025-10-27T06:44:07.183+0000] {spark_submit.py:491} INFO - 25/10/27 06:44:07 WARN MetricsConfig: Cannot locate configuration: tried hadoop-metrics2-s3a-file-system.properties,hadoop-metrics2.properties
[2025-10-27T06:44:07.940+0000] {spark_submit.py:491} INFO - Created/verified taxi zones table
[2025-10-27T06:44:07.940+0000] {spark_submit.py:491} INFO - Reading location data from: /opt/***/data/locations/nyc_taxi_zones.json
[2025-10-27T06:44:09.042+0000] {spark_submit.py:491} INFO - Raw location data count: 16
[2025-10-27T06:44:09.043+0000] {spark_submit.py:491} INFO - root
[2025-10-27T06:44:09.046+0000] {spark_submit.py:491} INFO - |-- borough: string (nullable = true)
[2025-10-27T06:44:09.046+0000] {spark_submit.py:491} INFO - |-- created_at: string (nullable = true)
[2025-10-27T06:44:09.046+0000] {spark_submit.py:491} INFO - |-- is_business_district: boolean (nullable = true)
[2025-10-27T06:44:09.046+0000] {spark_submit.py:491} INFO - |-- is_tourist_area: boolean (nullable = true)
[2025-10-27T06:44:09.046+0000] {spark_submit.py:491} INFO - |-- lat: double (nullable = true)
[2025-10-27T06:44:09.046+0000] {spark_submit.py:491} INFO - |-- location_id: long (nullable = true)
[2025-10-27T06:44:09.046+0000] {spark_submit.py:491} INFO - |-- lon: double (nullable = true)
[2025-10-27T06:44:09.046+0000] {spark_submit.py:491} INFO - |-- zone: string (nullable = true)
[2025-10-27T06:44:09.046+0000] {spark_submit.py:491} INFO - |-- zone_type: string (nullable = true)
[2025-10-27T06:44:09.046+0000] {spark_submit.py:491} INFO - 
[2025-10-27T06:44:09.186+0000] {spark_submit.py:491} INFO - Processed location data count: 16
[2025-10-27T06:44:10.218+0000] {spark_submit.py:491} INFO - Successfully wrote location data to Iceberg table
[2025-10-27T06:44:11.280+0000] {spark_submit.py:491} INFO - +---------+----------+-------------+--------------+
[2025-10-27T06:44:11.281+0000] {spark_submit.py:491} INFO - |  borough|zone_count|tourist_zones|business_zones|
[2025-10-27T06:44:11.281+0000] {spark_submit.py:491} INFO - +---------+----------+-------------+--------------+
[2025-10-27T06:44:11.281+0000] {spark_submit.py:491} INFO - |Manhattan|        13|            4|             3|
[2025-10-27T06:44:11.282+0000] {spark_submit.py:491} INFO - |   Queens|         2|            0|             0|
[2025-10-27T06:44:11.282+0000] {spark_submit.py:491} INFO - | Brooklyn|         1|            0|             0|
[2025-10-27T06:44:11.282+0000] {spark_submit.py:491} INFO - +---------+----------+-------------+--------------+
[2025-10-27T06:44:11.282+0000] {spark_submit.py:491} INFO - 
[2025-10-27T06:44:11.282+0000] {spark_submit.py:491} INFO - Location ETL job completed successfully!
[2025-10-27T06:44:12.198+0000] {taskinstance.py:1398} INFO - Marking task as SUCCESS. dag_id=nyc_weather_etl, task_id=spark_process_location_to_iceberg, execution_date=20251027T064400, start_date=20251027T064403, end_date=20251027T064412
[2025-10-27T06:44:12.228+0000] {local_task_job_runner.py:228} INFO - Task exited with return code 0
[2025-10-27T06:44:12.237+0000] {taskinstance.py:2776} INFO - 0 downstream tasks scheduled from follow-on schedule check
