[2025-11-03T02:54:16.743+0000] {taskinstance.py:1157} INFO - Dependencies all met for dep_context=non-requeueable deps ti=<TaskInstance: nyc_weather_etl.spark_process_location_to_iceberg manual__2025-11-03T02:54:14.063694+00:00 [queued]>
[2025-11-03T02:54:16.748+0000] {taskinstance.py:1157} INFO - Dependencies all met for dep_context=requeueable deps ti=<TaskInstance: nyc_weather_etl.spark_process_location_to_iceberg manual__2025-11-03T02:54:14.063694+00:00 [queued]>
[2025-11-03T02:54:16.748+0000] {taskinstance.py:1359} INFO - Starting attempt 1 of 1
[2025-11-03T02:54:16.753+0000] {taskinstance.py:1380} INFO - Executing <Task(SparkSubmitOperator): spark_process_location_to_iceberg> on 2025-11-03 02:54:14.063694+00:00
[2025-11-03T02:54:16.755+0000] {standard_task_runner.py:57} INFO - Started process 2166 to run task
[2025-11-03T02:54:16.757+0000] {standard_task_runner.py:84} INFO - Running: ['***', 'tasks', 'run', 'nyc_weather_etl', 'spark_process_location_to_iceberg', 'manual__2025-11-03T02:54:14.063694+00:00', '--job-id', '63', '--raw', '--subdir', 'DAGS_FOLDER/nyc_weather_etl.py', '--cfg-path', '/tmp/tmpym0tga5q']
[2025-11-03T02:54:16.760+0000] {standard_task_runner.py:85} INFO - Job 63: Subtask spark_process_location_to_iceberg
[2025-11-03T02:54:16.782+0000] {task_command.py:415} INFO - Running <TaskInstance: nyc_weather_etl.spark_process_location_to_iceberg manual__2025-11-03T02:54:14.063694+00:00 [running]> on host ec57452a9f33
[2025-11-03T02:54:16.915+0000] {taskinstance.py:1660} INFO - Exporting env vars: AIRFLOW_CTX_DAG_OWNER='data-engineering' AIRFLOW_CTX_DAG_ID='nyc_weather_etl' AIRFLOW_CTX_TASK_ID='spark_process_location_to_iceberg' AIRFLOW_CTX_EXECUTION_DATE='2025-11-03T02:54:14.063694+00:00' AIRFLOW_CTX_TRY_NUMBER='1' AIRFLOW_CTX_DAG_RUN_ID='manual__2025-11-03T02:54:14.063694+00:00'
[2025-11-03T02:54:16.916+0000] {base.py:73} INFO - Using connection ID 'spark_default' for task execution.
[2025-11-03T02:54:16.917+0000] {spark_submit.py:340} INFO - Spark-Submit cmd: /opt/bitnami/spark/bin/spark-submit --master spark-master:7077 --conf spark.master=spark://spark-master:7077 --conf spark.sql.catalog.spark_catalog=org.apache.iceberg.spark.SparkSessionCatalog --conf spark.sql.catalog.spark_catalog.type=hive --conf spark.sql.catalog.iceberg=org.apache.iceberg.spark.SparkCatalog --conf spark.sql.catalog.iceberg.type=hadoop --conf spark.sql.catalog.iceberg.warehouse=s3a://lakehouse/warehouse --conf spark.sql.extensions=org.apache.iceberg.spark.extensions.IcebergSparkSessionExtensions --conf spark.hadoop.fs.s3a.endpoint=http://minio:9000 --conf spark.hadoop.fs.s3a.access.key=admin --conf spark.hadoop.fs.s3a.secret.key=****** --conf spark.hadoop.fs.s3a.path.style.access=true --conf spark.hadoop.fs.s3a.impl=org.apache.hadoop.fs.s3a.S3AFileSystem --jars /opt/***/jars/iceberg-spark-runtime-3.5_2.12-1.4.2.jar,/opt/***/jars/aws-java-sdk-bundle-1.12.367.jar,/opt/***/jars/hadoop-aws-3.3.4.jar --name arrow-spark /opt/***/dags/spark_jobs/location_to_iceberg.py /opt/***/data/locations/nyc_taxi_zones.json
[2025-11-03T02:54:17.710+0000] {spark_submit.py:491} INFO - 25/11/03 02:54:17 WARN NativeCodeLoader: Unable to load native-hadoop library for your platform... using builtin-java classes where applicable
[2025-11-03T02:54:18.248+0000] {spark_submit.py:491} INFO - 25/11/03 02:54:18 INFO SparkContext: Running Spark version 3.5.1
[2025-11-03T02:54:18.250+0000] {spark_submit.py:491} INFO - 25/11/03 02:54:18 INFO SparkContext: OS info Linux, 6.10.14-linuxkit, aarch64
[2025-11-03T02:54:18.251+0000] {spark_submit.py:491} INFO - 25/11/03 02:54:18 INFO SparkContext: Java version 11.0.28
[2025-11-03T02:54:18.259+0000] {spark_submit.py:491} INFO - 25/11/03 02:54:18 INFO ResourceUtils: ==============================================================
[2025-11-03T02:54:18.260+0000] {spark_submit.py:491} INFO - 25/11/03 02:54:18 INFO ResourceUtils: No custom resources configured for spark.driver.
[2025-11-03T02:54:18.260+0000] {spark_submit.py:491} INFO - 25/11/03 02:54:18 INFO ResourceUtils: ==============================================================
[2025-11-03T02:54:18.260+0000] {spark_submit.py:491} INFO - 25/11/03 02:54:18 INFO SparkContext: Submitted application: Location to Iceberg ETL
[2025-11-03T02:54:18.267+0000] {spark_submit.py:491} INFO - 25/11/03 02:54:18 INFO ResourceProfile: Default ResourceProfile created, executor resources: Map(cores -> name: cores, amount: 1, script: , vendor: , memory -> name: memory, amount: 1024, script: , vendor: , offHeap -> name: offHeap, amount: 0, script: , vendor: ), task resources: Map(cpus -> name: cpus, amount: 1.0)
[2025-11-03T02:54:18.272+0000] {spark_submit.py:491} INFO - 25/11/03 02:54:18 INFO ResourceProfile: Limiting resource is cpu
[2025-11-03T02:54:18.272+0000] {spark_submit.py:491} INFO - 25/11/03 02:54:18 INFO ResourceProfileManager: Added ResourceProfile id: 0
[2025-11-03T02:54:18.305+0000] {spark_submit.py:491} INFO - 25/11/03 02:54:18 INFO SecurityManager: Changing view acls to: ***
[2025-11-03T02:54:18.306+0000] {spark_submit.py:491} INFO - 25/11/03 02:54:18 INFO SecurityManager: Changing modify acls to: ***
[2025-11-03T02:54:18.306+0000] {spark_submit.py:491} INFO - 25/11/03 02:54:18 INFO SecurityManager: Changing view acls groups to:
[2025-11-03T02:54:18.306+0000] {spark_submit.py:491} INFO - 25/11/03 02:54:18 INFO SecurityManager: Changing modify acls groups to:
[2025-11-03T02:54:18.306+0000] {spark_submit.py:491} INFO - 25/11/03 02:54:18 INFO SecurityManager: SecurityManager: authentication disabled; ui acls disabled; users with view permissions: ***; groups with view permissions: EMPTY; users with modify permissions: ***; groups with modify permissions: EMPTY
[2025-11-03T02:54:18.411+0000] {spark_submit.py:491} INFO - 25/11/03 02:54:18 INFO Utils: Successfully started service 'sparkDriver' on port 35135.
[2025-11-03T02:54:18.428+0000] {spark_submit.py:491} INFO - 25/11/03 02:54:18 INFO SparkEnv: Registering MapOutputTracker
[2025-11-03T02:54:18.447+0000] {spark_submit.py:491} INFO - 25/11/03 02:54:18 INFO SparkEnv: Registering BlockManagerMaster
[2025-11-03T02:54:18.456+0000] {spark_submit.py:491} INFO - 25/11/03 02:54:18 INFO BlockManagerMasterEndpoint: Using org.apache.spark.storage.DefaultTopologyMapper for getting topology information
[2025-11-03T02:54:18.457+0000] {spark_submit.py:491} INFO - 25/11/03 02:54:18 INFO BlockManagerMasterEndpoint: BlockManagerMasterEndpoint up
[2025-11-03T02:54:18.458+0000] {spark_submit.py:491} INFO - 25/11/03 02:54:18 INFO SparkEnv: Registering BlockManagerMasterHeartbeat
[2025-11-03T02:54:18.471+0000] {spark_submit.py:491} INFO - 25/11/03 02:54:18 INFO DiskBlockManager: Created local directory at /tmp/blockmgr-6aa7fd65-86ce-49ee-9199-5b521e3179ff
[2025-11-03T02:54:18.477+0000] {spark_submit.py:491} INFO - 25/11/03 02:54:18 INFO MemoryStore: MemoryStore started with capacity 434.4 MiB
[2025-11-03T02:54:18.483+0000] {spark_submit.py:491} INFO - 25/11/03 02:54:18 INFO SparkEnv: Registering OutputCommitCoordinator
[2025-11-03T02:54:18.536+0000] {spark_submit.py:491} INFO - 25/11/03 02:54:18 INFO JettyUtils: Start Jetty 0.0.0.0:4040 for SparkUI
[2025-11-03T02:54:18.563+0000] {spark_submit.py:491} INFO - 25/11/03 02:54:18 INFO Utils: Successfully started service 'SparkUI' on port 4040.
[2025-11-03T02:54:18.583+0000] {spark_submit.py:491} INFO - 25/11/03 02:54:18 INFO SparkContext: Added JAR file:///opt/***/jars/iceberg-spark-runtime-3.5_2.12-1.4.2.jar at spark://ec57452a9f33:35135/jars/iceberg-spark-runtime-3.5_2.12-1.4.2.jar with timestamp 1762138458244
[2025-11-03T02:54:18.583+0000] {spark_submit.py:491} INFO - 25/11/03 02:54:18 INFO SparkContext: Added JAR file:///opt/***/jars/aws-java-sdk-bundle-1.12.367.jar at spark://ec57452a9f33:35135/jars/aws-java-sdk-bundle-1.12.367.jar with timestamp 1762138458244
[2025-11-03T02:54:18.585+0000] {spark_submit.py:491} INFO - 25/11/03 02:54:18 INFO SparkContext: Added JAR file:///opt/***/jars/hadoop-aws-3.3.4.jar at spark://ec57452a9f33:35135/jars/hadoop-aws-3.3.4.jar with timestamp 1762138458244
[2025-11-03T02:54:18.615+0000] {spark_submit.py:491} INFO - 25/11/03 02:54:18 INFO Executor: Starting executor ID driver on host ec57452a9f33
[2025-11-03T02:54:18.616+0000] {spark_submit.py:491} INFO - 25/11/03 02:54:18 INFO Executor: OS info Linux, 6.10.14-linuxkit, aarch64
[2025-11-03T02:54:18.616+0000] {spark_submit.py:491} INFO - 25/11/03 02:54:18 INFO Executor: Java version 11.0.28
[2025-11-03T02:54:18.618+0000] {spark_submit.py:491} INFO - 25/11/03 02:54:18 INFO Executor: Starting executor with user classpath (userClassPathFirst = false): ''
[2025-11-03T02:54:18.618+0000] {spark_submit.py:491} INFO - 25/11/03 02:54:18 INFO Executor: Created or updated repl class loader org.apache.spark.util.MutableURLClassLoader@7bf52de for default.
[2025-11-03T02:54:18.628+0000] {spark_submit.py:491} INFO - 25/11/03 02:54:18 INFO Executor: Fetching spark://ec57452a9f33:35135/jars/iceberg-spark-runtime-3.5_2.12-1.4.2.jar with timestamp 1762138458244
[2025-11-03T02:54:18.653+0000] {spark_submit.py:491} INFO - 25/11/03 02:54:18 INFO TransportClientFactory: Successfully created connection to ec57452a9f33/172.18.0.4:35135 after 13 ms (0 ms spent in bootstraps)
[2025-11-03T02:54:18.658+0000] {spark_submit.py:491} INFO - 25/11/03 02:54:18 INFO Utils: Fetching spark://ec57452a9f33:35135/jars/iceberg-spark-runtime-3.5_2.12-1.4.2.jar to /tmp/spark-d4af5896-5c6f-453a-aaca-65ac6e6d2e0d/userFiles-92523f3d-edbf-4438-9505-2a5b7755303f/fetchFileTemp1803642353421810329.tmp
[2025-11-03T02:54:18.756+0000] {spark_submit.py:491} INFO - 25/11/03 02:54:18 INFO Executor: Adding file:/tmp/spark-d4af5896-5c6f-453a-aaca-65ac6e6d2e0d/userFiles-92523f3d-edbf-4438-9505-2a5b7755303f/iceberg-spark-runtime-3.5_2.12-1.4.2.jar to class loader default
[2025-11-03T02:54:18.756+0000] {spark_submit.py:491} INFO - 25/11/03 02:54:18 INFO Executor: Fetching spark://ec57452a9f33:35135/jars/aws-java-sdk-bundle-1.12.367.jar with timestamp 1762138458244
[2025-11-03T02:54:18.757+0000] {spark_submit.py:491} INFO - 25/11/03 02:54:18 INFO Utils: Fetching spark://ec57452a9f33:35135/jars/aws-java-sdk-bundle-1.12.367.jar to /tmp/spark-d4af5896-5c6f-453a-aaca-65ac6e6d2e0d/userFiles-92523f3d-edbf-4438-9505-2a5b7755303f/fetchFileTemp2811487316619023927.tmp
[2025-11-03T02:54:19.291+0000] {spark_submit.py:491} INFO - 25/11/03 02:54:19 INFO Executor: Adding file:/tmp/spark-d4af5896-5c6f-453a-aaca-65ac6e6d2e0d/userFiles-92523f3d-edbf-4438-9505-2a5b7755303f/aws-java-sdk-bundle-1.12.367.jar to class loader default
[2025-11-03T02:54:19.292+0000] {spark_submit.py:491} INFO - 25/11/03 02:54:19 INFO Executor: Fetching spark://ec57452a9f33:35135/jars/hadoop-aws-3.3.4.jar with timestamp 1762138458244
[2025-11-03T02:54:19.293+0000] {spark_submit.py:491} INFO - 25/11/03 02:54:19 INFO Utils: Fetching spark://ec57452a9f33:35135/jars/hadoop-aws-3.3.4.jar to /tmp/spark-d4af5896-5c6f-453a-aaca-65ac6e6d2e0d/userFiles-92523f3d-edbf-4438-9505-2a5b7755303f/fetchFileTemp15985719977451020766.tmp
[2025-11-03T02:54:19.317+0000] {spark_submit.py:491} INFO - 25/11/03 02:54:19 INFO Executor: Adding file:/tmp/spark-d4af5896-5c6f-453a-aaca-65ac6e6d2e0d/userFiles-92523f3d-edbf-4438-9505-2a5b7755303f/hadoop-aws-3.3.4.jar to class loader default
[2025-11-03T02:54:19.327+0000] {spark_submit.py:491} INFO - 25/11/03 02:54:19 INFO Utils: Successfully started service 'org.apache.spark.network.netty.NettyBlockTransferService' on port 38483.
[2025-11-03T02:54:19.328+0000] {spark_submit.py:491} INFO - 25/11/03 02:54:19 INFO NettyBlockTransferService: Server created on ec57452a9f33:38483
[2025-11-03T02:54:19.329+0000] {spark_submit.py:491} INFO - 25/11/03 02:54:19 INFO BlockManager: Using org.apache.spark.storage.RandomBlockReplicationPolicy for block replication policy
[2025-11-03T02:54:19.332+0000] {spark_submit.py:491} INFO - 25/11/03 02:54:19 INFO BlockManagerMaster: Registering BlockManager BlockManagerId(driver, ec57452a9f33, 38483, None)
[2025-11-03T02:54:19.335+0000] {spark_submit.py:491} INFO - 25/11/03 02:54:19 INFO BlockManagerMasterEndpoint: Registering block manager ec57452a9f33:38483 with 434.4 MiB RAM, BlockManagerId(driver, ec57452a9f33, 38483, None)
[2025-11-03T02:54:19.336+0000] {spark_submit.py:491} INFO - 25/11/03 02:54:19 INFO BlockManagerMaster: Registered BlockManager BlockManagerId(driver, ec57452a9f33, 38483, None)
[2025-11-03T02:54:19.339+0000] {spark_submit.py:491} INFO - 25/11/03 02:54:19 INFO BlockManager: Initialized BlockManager: BlockManagerId(driver, ec57452a9f33, 38483, None)
[2025-11-03T02:54:20.605+0000] {spark_submit.py:491} INFO - 25/11/03 02:54:20 WARN MetricsConfig: Cannot locate configuration: tried hadoop-metrics2-s3a-file-system.properties,hadoop-metrics2.properties
[2025-11-03T02:54:21.276+0000] {spark_submit.py:491} INFO - Created/verified taxi zones table
[2025-11-03T02:54:21.276+0000] {spark_submit.py:491} INFO - Reading location data from: /opt/***/data/locations/nyc_taxi_zones.json
[2025-11-03T02:54:22.595+0000] {spark_submit.py:491} INFO - Raw location data count: 16
[2025-11-03T02:54:22.597+0000] {spark_submit.py:491} INFO - root
[2025-11-03T02:54:22.597+0000] {spark_submit.py:491} INFO - |-- borough: string (nullable = true)
[2025-11-03T02:54:22.597+0000] {spark_submit.py:491} INFO - |-- created_at: string (nullable = true)
[2025-11-03T02:54:22.597+0000] {spark_submit.py:491} INFO - |-- is_business_district: boolean (nullable = true)
[2025-11-03T02:54:22.598+0000] {spark_submit.py:491} INFO - |-- is_tourist_area: boolean (nullable = true)
[2025-11-03T02:54:22.598+0000] {spark_submit.py:491} INFO - |-- lat: double (nullable = true)
[2025-11-03T02:54:22.598+0000] {spark_submit.py:491} INFO - |-- location_id: long (nullable = true)
[2025-11-03T02:54:22.598+0000] {spark_submit.py:491} INFO - |-- lon: double (nullable = true)
[2025-11-03T02:54:22.598+0000] {spark_submit.py:491} INFO - |-- zone: string (nullable = true)
[2025-11-03T02:54:22.598+0000] {spark_submit.py:491} INFO - |-- zone_type: string (nullable = true)
[2025-11-03T02:54:22.598+0000] {spark_submit.py:491} INFO - 
[2025-11-03T02:54:22.804+0000] {spark_submit.py:491} INFO - Processed location data count: 16
[2025-11-03T02:54:24.098+0000] {spark_submit.py:491} INFO - Successfully wrote location data to Iceberg table
[2025-11-03T02:54:25.371+0000] {spark_submit.py:491} INFO - +---------+----------+-------------+--------------+
[2025-11-03T02:54:25.371+0000] {spark_submit.py:491} INFO - |  borough|zone_count|tourist_zones|business_zones|
[2025-11-03T02:54:25.372+0000] {spark_submit.py:491} INFO - +---------+----------+-------------+--------------+
[2025-11-03T02:54:25.372+0000] {spark_submit.py:491} INFO - |Manhattan|        13|            4|             3|
[2025-11-03T02:54:25.372+0000] {spark_submit.py:491} INFO - |   Queens|         2|            0|             0|
[2025-11-03T02:54:25.372+0000] {spark_submit.py:491} INFO - | Brooklyn|         1|            0|             0|
[2025-11-03T02:54:25.373+0000] {spark_submit.py:491} INFO - +---------+----------+-------------+--------------+
[2025-11-03T02:54:25.375+0000] {spark_submit.py:491} INFO - 
[2025-11-03T02:54:25.375+0000] {spark_submit.py:491} INFO - Location ETL job completed successfully!
[2025-11-03T02:54:26.051+0000] {taskinstance.py:1398} INFO - Marking task as SUCCESS. dag_id=nyc_weather_etl, task_id=spark_process_location_to_iceberg, execution_date=20251103T025414, start_date=20251103T025416, end_date=20251103T025426
[2025-11-03T02:54:26.092+0000] {local_task_job_runner.py:228} INFO - Task exited with return code 0
[2025-11-03T02:54:26.101+0000] {taskinstance.py:2776} INFO - 0 downstream tasks scheduled from follow-on schedule check
