[2025-10-29T12:20:13.757+0000] {taskinstance.py:1157} INFO - Dependencies all met for dep_context=non-requeueable deps ti=<TaskInstance: nyc_weather_etl.spark_process_location_to_iceberg scheduled__2025-10-29T11:20:10.843578+00:00 [queued]>
[2025-10-29T12:20:13.760+0000] {taskinstance.py:1157} INFO - Dependencies all met for dep_context=requeueable deps ti=<TaskInstance: nyc_weather_etl.spark_process_location_to_iceberg scheduled__2025-10-29T11:20:10.843578+00:00 [queued]>
[2025-10-29T12:20:13.760+0000] {taskinstance.py:1359} INFO - Starting attempt 1 of 1
[2025-10-29T12:20:13.820+0000] {taskinstance.py:1380} INFO - Executing <Task(SparkSubmitOperator): spark_process_location_to_iceberg> on 2025-10-29 11:20:10.843578+00:00
[2025-10-29T12:20:13.822+0000] {standard_task_runner.py:57} INFO - Started process 36745 to run task
[2025-10-29T12:20:13.824+0000] {standard_task_runner.py:84} INFO - Running: ['***', 'tasks', 'run', 'nyc_weather_etl', 'spark_process_location_to_iceberg', 'scheduled__2025-10-29T11:20:10.843578+00:00', '--job-id', '62', '--raw', '--subdir', 'DAGS_FOLDER/nyc_weather_etl.py', '--cfg-path', '/tmp/tmps98hvl6c']
[2025-10-29T12:20:13.825+0000] {standard_task_runner.py:85} INFO - Job 62: Subtask spark_process_location_to_iceberg
[2025-10-29T12:20:13.844+0000] {task_command.py:415} INFO - Running <TaskInstance: nyc_weather_etl.spark_process_location_to_iceberg scheduled__2025-10-29T11:20:10.843578+00:00 [running]> on host 11a5c523951d
[2025-10-29T12:20:13.877+0000] {taskinstance.py:1660} INFO - Exporting env vars: AIRFLOW_CTX_DAG_OWNER='data-engineering' AIRFLOW_CTX_DAG_ID='nyc_weather_etl' AIRFLOW_CTX_TASK_ID='spark_process_location_to_iceberg' AIRFLOW_CTX_EXECUTION_DATE='2025-10-29T11:20:10.843578+00:00' AIRFLOW_CTX_TRY_NUMBER='1' AIRFLOW_CTX_DAG_RUN_ID='scheduled__2025-10-29T11:20:10.843578+00:00'
[2025-10-29T12:20:13.878+0000] {base.py:73} INFO - Using connection ID 'spark_default' for task execution.
[2025-10-29T12:20:13.879+0000] {spark_submit.py:340} INFO - Spark-Submit cmd: /opt/bitnami/spark/bin/spark-submit --master spark-master:7077 --conf spark.master=spark://spark-master:7077 --conf spark.sql.catalog.spark_catalog=org.apache.iceberg.spark.SparkSessionCatalog --conf spark.sql.catalog.spark_catalog.type=hive --conf spark.sql.catalog.iceberg=org.apache.iceberg.spark.SparkCatalog --conf spark.sql.catalog.iceberg.type=hadoop --conf spark.sql.catalog.iceberg.warehouse=s3a://lakehouse/warehouse --conf spark.sql.extensions=org.apache.iceberg.spark.extensions.IcebergSparkSessionExtensions --conf spark.hadoop.fs.s3a.endpoint=http://minio:9000 --conf spark.hadoop.fs.s3a.access.key=admin --conf spark.hadoop.fs.s3a.secret.key=****** --conf spark.hadoop.fs.s3a.path.style.access=true --conf spark.hadoop.fs.s3a.impl=org.apache.hadoop.fs.s3a.S3AFileSystem --jars /opt/***/jars/iceberg-spark-runtime-3.5_2.12-1.4.2.jar,/opt/***/jars/aws-java-sdk-bundle-1.12.367.jar,/opt/***/jars/hadoop-aws-3.3.4.jar --name arrow-spark /opt/***/dags/spark_jobs/location_to_iceberg.py /opt/***/data/locations/nyc_taxi_zones.json
[2025-10-29T12:20:14.805+0000] {spark_submit.py:491} INFO - 25/10/29 12:20:14 WARN NativeCodeLoader: Unable to load native-hadoop library for your platform... using builtin-java classes where applicable
[2025-10-29T12:20:15.410+0000] {spark_submit.py:491} INFO - 25/10/29 12:20:15 INFO SparkContext: Running Spark version 3.5.1
[2025-10-29T12:20:15.410+0000] {spark_submit.py:491} INFO - 25/10/29 12:20:15 INFO SparkContext: OS info Linux, 6.10.14-linuxkit, aarch64
[2025-10-29T12:20:15.410+0000] {spark_submit.py:491} INFO - 25/10/29 12:20:15 INFO SparkContext: Java version 11.0.28
[2025-10-29T12:20:15.422+0000] {spark_submit.py:491} INFO - 25/10/29 12:20:15 INFO ResourceUtils: ==============================================================
[2025-10-29T12:20:15.422+0000] {spark_submit.py:491} INFO - 25/10/29 12:20:15 INFO ResourceUtils: No custom resources configured for spark.driver.
[2025-10-29T12:20:15.423+0000] {spark_submit.py:491} INFO - 25/10/29 12:20:15 INFO ResourceUtils: ==============================================================
[2025-10-29T12:20:15.423+0000] {spark_submit.py:491} INFO - 25/10/29 12:20:15 INFO SparkContext: Submitted application: Location to Iceberg ETL
[2025-10-29T12:20:15.434+0000] {spark_submit.py:491} INFO - 25/10/29 12:20:15 INFO ResourceProfile: Default ResourceProfile created, executor resources: Map(cores -> name: cores, amount: 1, script: , vendor: , memory -> name: memory, amount: 1024, script: , vendor: , offHeap -> name: offHeap, amount: 0, script: , vendor: ), task resources: Map(cpus -> name: cpus, amount: 1.0)
[2025-10-29T12:20:15.439+0000] {spark_submit.py:491} INFO - 25/10/29 12:20:15 INFO ResourceProfile: Limiting resource is cpu
[2025-10-29T12:20:15.440+0000] {spark_submit.py:491} INFO - 25/10/29 12:20:15 INFO ResourceProfileManager: Added ResourceProfile id: 0
[2025-10-29T12:20:15.500+0000] {spark_submit.py:491} INFO - 25/10/29 12:20:15 INFO SecurityManager: Changing view acls to: ***
[2025-10-29T12:20:15.500+0000] {spark_submit.py:491} INFO - 25/10/29 12:20:15 INFO SecurityManager: Changing modify acls to: ***
[2025-10-29T12:20:15.501+0000] {spark_submit.py:491} INFO - 25/10/29 12:20:15 INFO SecurityManager: Changing view acls groups to:
[2025-10-29T12:20:15.502+0000] {spark_submit.py:491} INFO - 25/10/29 12:20:15 INFO SecurityManager: Changing modify acls groups to:
[2025-10-29T12:20:15.502+0000] {spark_submit.py:491} INFO - 25/10/29 12:20:15 INFO SecurityManager: SecurityManager: authentication disabled; ui acls disabled; users with view permissions: ***; groups with view permissions: EMPTY; users with modify permissions: ***; groups with modify permissions: EMPTY
[2025-10-29T12:20:15.613+0000] {spark_submit.py:491} INFO - 25/10/29 12:20:15 INFO Utils: Successfully started service 'sparkDriver' on port 41489.
[2025-10-29T12:20:15.627+0000] {spark_submit.py:491} INFO - 25/10/29 12:20:15 INFO SparkEnv: Registering MapOutputTracker
[2025-10-29T12:20:15.652+0000] {spark_submit.py:491} INFO - 25/10/29 12:20:15 INFO SparkEnv: Registering BlockManagerMaster
[2025-10-29T12:20:15.665+0000] {spark_submit.py:491} INFO - 25/10/29 12:20:15 INFO BlockManagerMasterEndpoint: Using org.apache.spark.storage.DefaultTopologyMapper for getting topology information
[2025-10-29T12:20:15.665+0000] {spark_submit.py:491} INFO - 25/10/29 12:20:15 INFO BlockManagerMasterEndpoint: BlockManagerMasterEndpoint up
[2025-10-29T12:20:15.667+0000] {spark_submit.py:491} INFO - 25/10/29 12:20:15 INFO SparkEnv: Registering BlockManagerMasterHeartbeat
[2025-10-29T12:20:15.679+0000] {spark_submit.py:491} INFO - 25/10/29 12:20:15 INFO DiskBlockManager: Created local directory at /tmp/blockmgr-ccd30eff-d254-499c-a730-1678bc99429f
[2025-10-29T12:20:15.686+0000] {spark_submit.py:491} INFO - 25/10/29 12:20:15 INFO MemoryStore: MemoryStore started with capacity 434.4 MiB
[2025-10-29T12:20:15.696+0000] {spark_submit.py:491} INFO - 25/10/29 12:20:15 INFO SparkEnv: Registering OutputCommitCoordinator
[2025-10-29T12:20:15.751+0000] {spark_submit.py:491} INFO - 25/10/29 12:20:15 INFO JettyUtils: Start Jetty 0.0.0.0:4040 for SparkUI
[2025-10-29T12:20:15.776+0000] {spark_submit.py:491} INFO - 25/10/29 12:20:15 INFO Utils: Successfully started service 'SparkUI' on port 4040.
[2025-10-29T12:20:15.793+0000] {spark_submit.py:491} INFO - 25/10/29 12:20:15 INFO SparkContext: Added JAR file:///opt/***/jars/iceberg-spark-runtime-3.5_2.12-1.4.2.jar at spark://11a5c523951d:41489/jars/iceberg-spark-runtime-3.5_2.12-1.4.2.jar with timestamp 1761740415404
[2025-10-29T12:20:15.793+0000] {spark_submit.py:491} INFO - 25/10/29 12:20:15 INFO SparkContext: Added JAR file:///opt/***/jars/aws-java-sdk-bundle-1.12.367.jar at spark://11a5c523951d:41489/jars/aws-java-sdk-bundle-1.12.367.jar with timestamp 1761740415404
[2025-10-29T12:20:15.793+0000] {spark_submit.py:491} INFO - 25/10/29 12:20:15 INFO SparkContext: Added JAR file:///opt/***/jars/hadoop-aws-3.3.4.jar at spark://11a5c523951d:41489/jars/hadoop-aws-3.3.4.jar with timestamp 1761740415404
[2025-10-29T12:20:15.820+0000] {spark_submit.py:491} INFO - 25/10/29 12:20:15 INFO Executor: Starting executor ID driver on host 11a5c523951d
[2025-10-29T12:20:15.820+0000] {spark_submit.py:491} INFO - 25/10/29 12:20:15 INFO Executor: OS info Linux, 6.10.14-linuxkit, aarch64
[2025-10-29T12:20:15.820+0000] {spark_submit.py:491} INFO - 25/10/29 12:20:15 INFO Executor: Java version 11.0.28
[2025-10-29T12:20:15.822+0000] {spark_submit.py:491} INFO - 25/10/29 12:20:15 INFO Executor: Starting executor with user classpath (userClassPathFirst = false): ''
[2025-10-29T12:20:15.822+0000] {spark_submit.py:491} INFO - 25/10/29 12:20:15 INFO Executor: Created or updated repl class loader org.apache.spark.util.MutableURLClassLoader@155e8834 for default.
[2025-10-29T12:20:15.828+0000] {spark_submit.py:491} INFO - 25/10/29 12:20:15 INFO Executor: Fetching spark://11a5c523951d:41489/jars/hadoop-aws-3.3.4.jar with timestamp 1761740415404
[2025-10-29T12:20:15.851+0000] {spark_submit.py:491} INFO - 25/10/29 12:20:15 INFO TransportClientFactory: Successfully created connection to 11a5c523951d/172.18.0.15:41489 after 11 ms (0 ms spent in bootstraps)
[2025-10-29T12:20:15.853+0000] {spark_submit.py:491} INFO - 25/10/29 12:20:15 INFO Utils: Fetching spark://11a5c523951d:41489/jars/hadoop-aws-3.3.4.jar to /tmp/spark-5aa6a5f4-d924-4c8d-9ed1-51382cbaa05d/userFiles-62df5e5a-405d-4c2a-a714-d4243baa8201/fetchFileTemp4508323973326810052.tmp
[2025-10-29T12:20:15.872+0000] {spark_submit.py:491} INFO - 25/10/29 12:20:15 INFO Executor: Adding file:/tmp/spark-5aa6a5f4-d924-4c8d-9ed1-51382cbaa05d/userFiles-62df5e5a-405d-4c2a-a714-d4243baa8201/hadoop-aws-3.3.4.jar to class loader default
[2025-10-29T12:20:15.872+0000] {spark_submit.py:491} INFO - 25/10/29 12:20:15 INFO Executor: Fetching spark://11a5c523951d:41489/jars/aws-java-sdk-bundle-1.12.367.jar with timestamp 1761740415404
[2025-10-29T12:20:15.873+0000] {spark_submit.py:491} INFO - 25/10/29 12:20:15 INFO Utils: Fetching spark://11a5c523951d:41489/jars/aws-java-sdk-bundle-1.12.367.jar to /tmp/spark-5aa6a5f4-d924-4c8d-9ed1-51382cbaa05d/userFiles-62df5e5a-405d-4c2a-a714-d4243baa8201/fetchFileTemp13303209706585176761.tmp
[2025-10-29T12:20:16.478+0000] {spark_submit.py:491} INFO - 25/10/29 12:20:16 INFO Executor: Adding file:/tmp/spark-5aa6a5f4-d924-4c8d-9ed1-51382cbaa05d/userFiles-62df5e5a-405d-4c2a-a714-d4243baa8201/aws-java-sdk-bundle-1.12.367.jar to class loader default
[2025-10-29T12:20:16.479+0000] {spark_submit.py:491} INFO - 25/10/29 12:20:16 INFO Executor: Fetching spark://11a5c523951d:41489/jars/iceberg-spark-runtime-3.5_2.12-1.4.2.jar with timestamp 1761740415404
[2025-10-29T12:20:16.479+0000] {spark_submit.py:491} INFO - 25/10/29 12:20:16 INFO Utils: Fetching spark://11a5c523951d:41489/jars/iceberg-spark-runtime-3.5_2.12-1.4.2.jar to /tmp/spark-5aa6a5f4-d924-4c8d-9ed1-51382cbaa05d/userFiles-62df5e5a-405d-4c2a-a714-d4243baa8201/fetchFileTemp8175575022261328442.tmp
[2025-10-29T12:20:16.617+0000] {spark_submit.py:491} INFO - 25/10/29 12:20:16 INFO Executor: Adding file:/tmp/spark-5aa6a5f4-d924-4c8d-9ed1-51382cbaa05d/userFiles-62df5e5a-405d-4c2a-a714-d4243baa8201/iceberg-spark-runtime-3.5_2.12-1.4.2.jar to class loader default
[2025-10-29T12:20:16.626+0000] {spark_submit.py:491} INFO - 25/10/29 12:20:16 INFO Utils: Successfully started service 'org.apache.spark.network.netty.NettyBlockTransferService' on port 41183.
[2025-10-29T12:20:16.626+0000] {spark_submit.py:491} INFO - 25/10/29 12:20:16 INFO NettyBlockTransferService: Server created on 11a5c523951d:41183
[2025-10-29T12:20:16.629+0000] {spark_submit.py:491} INFO - 25/10/29 12:20:16 INFO BlockManager: Using org.apache.spark.storage.RandomBlockReplicationPolicy for block replication policy
[2025-10-29T12:20:16.631+0000] {spark_submit.py:491} INFO - 25/10/29 12:20:16 INFO BlockManagerMaster: Registering BlockManager BlockManagerId(driver, 11a5c523951d, 41183, None)
[2025-10-29T12:20:16.633+0000] {spark_submit.py:491} INFO - 25/10/29 12:20:16 INFO BlockManagerMasterEndpoint: Registering block manager 11a5c523951d:41183 with 434.4 MiB RAM, BlockManagerId(driver, 11a5c523951d, 41183, None)
[2025-10-29T12:20:16.634+0000] {spark_submit.py:491} INFO - 25/10/29 12:20:16 INFO BlockManagerMaster: Registered BlockManager BlockManagerId(driver, 11a5c523951d, 41183, None)
[2025-10-29T12:20:16.634+0000] {spark_submit.py:491} INFO - 25/10/29 12:20:16 INFO BlockManager: Initialized BlockManager: BlockManagerId(driver, 11a5c523951d, 41183, None)
[2025-10-29T12:20:17.953+0000] {spark_submit.py:491} INFO - 25/10/29 12:20:17 WARN MetricsConfig: Cannot locate configuration: tried hadoop-metrics2-s3a-file-system.properties,hadoop-metrics2.properties
[2025-10-29T12:20:18.605+0000] {spark_submit.py:491} INFO - Created/verified taxi zones table
[2025-10-29T12:20:18.605+0000] {spark_submit.py:491} INFO - Reading location data from: /opt/***/data/locations/nyc_taxi_zones.json
[2025-10-29T12:20:19.872+0000] {spark_submit.py:491} INFO - Raw location data count: 16
[2025-10-29T12:20:19.878+0000] {spark_submit.py:491} INFO - root
[2025-10-29T12:20:19.878+0000] {spark_submit.py:491} INFO - |-- borough: string (nullable = true)
[2025-10-29T12:20:19.882+0000] {spark_submit.py:491} INFO - |-- created_at: string (nullable = true)
[2025-10-29T12:20:19.882+0000] {spark_submit.py:491} INFO - |-- is_business_district: boolean (nullable = true)
[2025-10-29T12:20:19.882+0000] {spark_submit.py:491} INFO - |-- is_tourist_area: boolean (nullable = true)
[2025-10-29T12:20:19.882+0000] {spark_submit.py:491} INFO - |-- lat: double (nullable = true)
[2025-10-29T12:20:19.883+0000] {spark_submit.py:491} INFO - |-- location_id: long (nullable = true)
[2025-10-29T12:20:19.883+0000] {spark_submit.py:491} INFO - |-- lon: double (nullable = true)
[2025-10-29T12:20:19.883+0000] {spark_submit.py:491} INFO - |-- zone: string (nullable = true)
[2025-10-29T12:20:19.883+0000] {spark_submit.py:491} INFO - |-- zone_type: string (nullable = true)
[2025-10-29T12:20:19.883+0000] {spark_submit.py:491} INFO - 
[2025-10-29T12:20:20.069+0000] {spark_submit.py:491} INFO - Processed location data count: 16
[2025-10-29T12:20:21.309+0000] {spark_submit.py:491} INFO - Successfully wrote location data to Iceberg table
[2025-10-29T12:20:22.335+0000] {spark_submit.py:491} INFO - +---------+----------+-------------+--------------+
[2025-10-29T12:20:22.335+0000] {spark_submit.py:491} INFO - |  borough|zone_count|tourist_zones|business_zones|
[2025-10-29T12:20:22.335+0000] {spark_submit.py:491} INFO - +---------+----------+-------------+--------------+
[2025-10-29T12:20:22.335+0000] {spark_submit.py:491} INFO - |Manhattan|        13|            4|             3|
[2025-10-29T12:20:22.335+0000] {spark_submit.py:491} INFO - |   Queens|         2|            0|             0|
[2025-10-29T12:20:22.335+0000] {spark_submit.py:491} INFO - | Brooklyn|         1|            0|             0|
[2025-10-29T12:20:22.336+0000] {spark_submit.py:491} INFO - +---------+----------+-------------+--------------+
[2025-10-29T12:20:22.336+0000] {spark_submit.py:491} INFO - 
[2025-10-29T12:20:22.336+0000] {spark_submit.py:491} INFO - Location ETL job completed successfully!
[2025-10-29T12:20:23.285+0000] {taskinstance.py:1398} INFO - Marking task as SUCCESS. dag_id=nyc_weather_etl, task_id=spark_process_location_to_iceberg, execution_date=20251029T112010, start_date=20251029T122013, end_date=20251029T122023
[2025-10-29T12:20:23.326+0000] {local_task_job_runner.py:228} INFO - Task exited with return code 0
[2025-10-29T12:20:23.335+0000] {taskinstance.py:2776} INFO - 0 downstream tasks scheduled from follow-on schedule check
