[2025-10-31T06:52:42.156+0000] {taskinstance.py:1157} INFO - Dependencies all met for dep_context=non-requeueable deps ti=<TaskInstance: nyc_weather_etl.spark_process_weather_to_iceberg manual__2025-10-31T06:52:38.974923+00:00 [queued]>
[2025-10-31T06:52:42.160+0000] {taskinstance.py:1157} INFO - Dependencies all met for dep_context=requeueable deps ti=<TaskInstance: nyc_weather_etl.spark_process_weather_to_iceberg manual__2025-10-31T06:52:38.974923+00:00 [queued]>
[2025-10-31T06:52:42.161+0000] {taskinstance.py:1359} INFO - Starting attempt 1 of 1
[2025-10-31T06:52:42.220+0000] {taskinstance.py:1380} INFO - Executing <Task(SparkSubmitOperator): spark_process_weather_to_iceberg> on 2025-10-31 06:52:38.974923+00:00
[2025-10-31T06:52:42.222+0000] {standard_task_runner.py:57} INFO - Started process 831 to run task
[2025-10-31T06:52:42.224+0000] {standard_task_runner.py:84} INFO - Running: ['***', 'tasks', 'run', 'nyc_weather_etl', 'spark_process_weather_to_iceberg', 'manual__2025-10-31T06:52:38.974923+00:00', '--job-id', '74', '--raw', '--subdir', 'DAGS_FOLDER/nyc_weather_etl.py', '--cfg-path', '/tmp/tmpq06ds3dn']
[2025-10-31T06:52:42.225+0000] {standard_task_runner.py:85} INFO - Job 74: Subtask spark_process_weather_to_iceberg
[2025-10-31T06:52:42.245+0000] {task_command.py:415} INFO - Running <TaskInstance: nyc_weather_etl.spark_process_weather_to_iceberg manual__2025-10-31T06:52:38.974923+00:00 [running]> on host d3553ba1dd4a
[2025-10-31T06:52:42.285+0000] {taskinstance.py:1660} INFO - Exporting env vars: AIRFLOW_CTX_DAG_OWNER='data-engineering' AIRFLOW_CTX_DAG_ID='nyc_weather_etl' AIRFLOW_CTX_TASK_ID='spark_process_weather_to_iceberg' AIRFLOW_CTX_EXECUTION_DATE='2025-10-31T06:52:38.974923+00:00' AIRFLOW_CTX_TRY_NUMBER='1' AIRFLOW_CTX_DAG_RUN_ID='manual__2025-10-31T06:52:38.974923+00:00'
[2025-10-31T06:52:42.286+0000] {base.py:73} INFO - Using connection ID 'spark_default' for task execution.
[2025-10-31T06:52:42.288+0000] {spark_submit.py:340} INFO - Spark-Submit cmd: /opt/bitnami/spark/bin/spark-submit --master spark-master:7077 --conf spark.master=spark://spark-master:7077 --conf spark.sql.catalog.spark_catalog=org.apache.iceberg.spark.SparkSessionCatalog --conf spark.sql.catalog.spark_catalog.type=hive --conf spark.sql.catalog.iceberg=org.apache.iceberg.spark.SparkCatalog --conf spark.sql.catalog.iceberg.type=hadoop --conf spark.sql.catalog.iceberg.warehouse=s3a://lakehouse/warehouse --conf spark.sql.extensions=org.apache.iceberg.spark.extensions.IcebergSparkSessionExtensions --conf spark.hadoop.fs.s3a.endpoint=http://minio:9000 --conf spark.hadoop.fs.s3a.access.key=admin --conf spark.hadoop.fs.s3a.secret.key=****** --conf spark.hadoop.fs.s3a.path.style.access=true --conf spark.hadoop.fs.s3a.impl=org.apache.hadoop.fs.s3a.S3AFileSystem --jars /opt/***/jars/iceberg-spark-runtime-3.5_2.12-1.4.2.jar,/opt/***/jars/aws-java-sdk-bundle-1.12.367.jar,/opt/***/jars/hadoop-aws-3.3.4.jar --name arrow-spark /opt/***/dags/spark_jobs/weather_to_iceberg.py /opt/***/data/weather/weather_data_20251031_06.json
[2025-10-31T06:52:43.122+0000] {spark_submit.py:491} INFO - 25/10/31 06:52:43 WARN NativeCodeLoader: Unable to load native-hadoop library for your platform... using builtin-java classes where applicable
[2025-10-31T06:52:43.800+0000] {spark_submit.py:491} INFO - 25/10/31 06:52:43 INFO SparkContext: Running Spark version 3.5.1
[2025-10-31T06:52:43.801+0000] {spark_submit.py:491} INFO - 25/10/31 06:52:43 INFO SparkContext: OS info Linux, 6.10.14-linuxkit, aarch64
[2025-10-31T06:52:43.801+0000] {spark_submit.py:491} INFO - 25/10/31 06:52:43 INFO SparkContext: Java version 11.0.28
[2025-10-31T06:52:43.814+0000] {spark_submit.py:491} INFO - 25/10/31 06:52:43 INFO ResourceUtils: ==============================================================
[2025-10-31T06:52:43.814+0000] {spark_submit.py:491} INFO - 25/10/31 06:52:43 INFO ResourceUtils: No custom resources configured for spark.driver.
[2025-10-31T06:52:43.814+0000] {spark_submit.py:491} INFO - 25/10/31 06:52:43 INFO ResourceUtils: ==============================================================
[2025-10-31T06:52:43.814+0000] {spark_submit.py:491} INFO - 25/10/31 06:52:43 INFO SparkContext: Submitted application: Weather to Iceberg ETL
[2025-10-31T06:52:43.824+0000] {spark_submit.py:491} INFO - 25/10/31 06:52:43 INFO ResourceProfile: Default ResourceProfile created, executor resources: Map(cores -> name: cores, amount: 1, script: , vendor: , memory -> name: memory, amount: 1024, script: , vendor: , offHeap -> name: offHeap, amount: 0, script: , vendor: ), task resources: Map(cpus -> name: cpus, amount: 1.0)
[2025-10-31T06:52:43.829+0000] {spark_submit.py:491} INFO - 25/10/31 06:52:43 INFO ResourceProfile: Limiting resource is cpu
[2025-10-31T06:52:43.829+0000] {spark_submit.py:491} INFO - 25/10/31 06:52:43 INFO ResourceProfileManager: Added ResourceProfile id: 0
[2025-10-31T06:52:43.858+0000] {spark_submit.py:491} INFO - 25/10/31 06:52:43 INFO SecurityManager: Changing view acls to: ***
[2025-10-31T06:52:43.859+0000] {spark_submit.py:491} INFO - 25/10/31 06:52:43 INFO SecurityManager: Changing modify acls to: ***
[2025-10-31T06:52:43.859+0000] {spark_submit.py:491} INFO - 25/10/31 06:52:43 INFO SecurityManager: Changing view acls groups to:
[2025-10-31T06:52:43.859+0000] {spark_submit.py:491} INFO - 25/10/31 06:52:43 INFO SecurityManager: Changing modify acls groups to:
[2025-10-31T06:52:43.859+0000] {spark_submit.py:491} INFO - 25/10/31 06:52:43 INFO SecurityManager: SecurityManager: authentication disabled; ui acls disabled; users with view permissions: ***; groups with view permissions: EMPTY; users with modify permissions: ***; groups with modify permissions: EMPTY
[2025-10-31T06:52:43.965+0000] {spark_submit.py:491} INFO - 25/10/31 06:52:43 INFO Utils: Successfully started service 'sparkDriver' on port 34501.
[2025-10-31T06:52:43.979+0000] {spark_submit.py:491} INFO - 25/10/31 06:52:43 INFO SparkEnv: Registering MapOutputTracker
[2025-10-31T06:52:43.992+0000] {spark_submit.py:491} INFO - 25/10/31 06:52:43 INFO SparkEnv: Registering BlockManagerMaster
[2025-10-31T06:52:44.002+0000] {spark_submit.py:491} INFO - 25/10/31 06:52:44 INFO BlockManagerMasterEndpoint: Using org.apache.spark.storage.DefaultTopologyMapper for getting topology information
[2025-10-31T06:52:44.002+0000] {spark_submit.py:491} INFO - 25/10/31 06:52:44 INFO BlockManagerMasterEndpoint: BlockManagerMasterEndpoint up
[2025-10-31T06:52:44.003+0000] {spark_submit.py:491} INFO - 25/10/31 06:52:44 INFO SparkEnv: Registering BlockManagerMasterHeartbeat
[2025-10-31T06:52:44.015+0000] {spark_submit.py:491} INFO - 25/10/31 06:52:44 INFO DiskBlockManager: Created local directory at /tmp/blockmgr-6b7e4ff5-b66a-4864-9f3a-aa6d424a5294
[2025-10-31T06:52:44.021+0000] {spark_submit.py:491} INFO - 25/10/31 06:52:44 INFO MemoryStore: MemoryStore started with capacity 434.4 MiB
[2025-10-31T06:52:44.029+0000] {spark_submit.py:491} INFO - 25/10/31 06:52:44 INFO SparkEnv: Registering OutputCommitCoordinator
[2025-10-31T06:52:44.087+0000] {spark_submit.py:491} INFO - 25/10/31 06:52:44 INFO JettyUtils: Start Jetty 0.0.0.0:4040 for SparkUI
[2025-10-31T06:52:44.109+0000] {spark_submit.py:491} INFO - 25/10/31 06:52:44 WARN Utils: Service 'SparkUI' could not bind on port 4040. Attempting port 4041.
[2025-10-31T06:52:44.114+0000] {spark_submit.py:491} INFO - 25/10/31 06:52:44 INFO Utils: Successfully started service 'SparkUI' on port 4041.
[2025-10-31T06:52:44.132+0000] {spark_submit.py:491} INFO - 25/10/31 06:52:44 INFO SparkContext: Added JAR file:///opt/***/jars/iceberg-spark-runtime-3.5_2.12-1.4.2.jar at spark://d3553ba1dd4a:34501/jars/iceberg-spark-runtime-3.5_2.12-1.4.2.jar with timestamp 1761893563794
[2025-10-31T06:52:44.132+0000] {spark_submit.py:491} INFO - 25/10/31 06:52:44 INFO SparkContext: Added JAR file:///opt/***/jars/aws-java-sdk-bundle-1.12.367.jar at spark://d3553ba1dd4a:34501/jars/aws-java-sdk-bundle-1.12.367.jar with timestamp 1761893563794
[2025-10-31T06:52:44.132+0000] {spark_submit.py:491} INFO - 25/10/31 06:52:44 INFO SparkContext: Added JAR file:///opt/***/jars/hadoop-aws-3.3.4.jar at spark://d3553ba1dd4a:34501/jars/hadoop-aws-3.3.4.jar with timestamp 1761893563794
[2025-10-31T06:52:44.169+0000] {spark_submit.py:491} INFO - 25/10/31 06:52:44 INFO Executor: Starting executor ID driver on host d3553ba1dd4a
[2025-10-31T06:52:44.170+0000] {spark_submit.py:491} INFO - 25/10/31 06:52:44 INFO Executor: OS info Linux, 6.10.14-linuxkit, aarch64
[2025-10-31T06:52:44.171+0000] {spark_submit.py:491} INFO - 25/10/31 06:52:44 INFO Executor: Java version 11.0.28
[2025-10-31T06:52:44.188+0000] {spark_submit.py:491} INFO - 25/10/31 06:52:44 INFO Executor: Starting executor with user classpath (userClassPathFirst = false): ''
[2025-10-31T06:52:44.189+0000] {spark_submit.py:491} INFO - 25/10/31 06:52:44 INFO Executor: Created or updated repl class loader org.apache.spark.util.MutableURLClassLoader@16f4eca2 for default.
[2025-10-31T06:52:44.199+0000] {spark_submit.py:491} INFO - 25/10/31 06:52:44 INFO Executor: Fetching spark://d3553ba1dd4a:34501/jars/hadoop-aws-3.3.4.jar with timestamp 1761893563794
[2025-10-31T06:52:44.231+0000] {spark_submit.py:491} INFO - 25/10/31 06:52:44 INFO TransportClientFactory: Successfully created connection to d3553ba1dd4a/172.18.0.14:34501 after 14 ms (0 ms spent in bootstraps)
[2025-10-31T06:52:44.237+0000] {spark_submit.py:491} INFO - 25/10/31 06:52:44 INFO Utils: Fetching spark://d3553ba1dd4a:34501/jars/hadoop-aws-3.3.4.jar to /tmp/spark-60452fba-b475-4c84-8ed4-9c2b00e03b38/userFiles-b9905304-6fda-4d7c-94b1-f125f7f29be7/fetchFileTemp15315847412916423263.tmp
[2025-10-31T06:52:44.257+0000] {spark_submit.py:491} INFO - 25/10/31 06:52:44 INFO Executor: Adding file:/tmp/spark-60452fba-b475-4c84-8ed4-9c2b00e03b38/userFiles-b9905304-6fda-4d7c-94b1-f125f7f29be7/hadoop-aws-3.3.4.jar to class loader default
[2025-10-31T06:52:44.257+0000] {spark_submit.py:491} INFO - 25/10/31 06:52:44 INFO Executor: Fetching spark://d3553ba1dd4a:34501/jars/iceberg-spark-runtime-3.5_2.12-1.4.2.jar with timestamp 1761893563794
[2025-10-31T06:52:44.258+0000] {spark_submit.py:491} INFO - 25/10/31 06:52:44 INFO Utils: Fetching spark://d3553ba1dd4a:34501/jars/iceberg-spark-runtime-3.5_2.12-1.4.2.jar to /tmp/spark-60452fba-b475-4c84-8ed4-9c2b00e03b38/userFiles-b9905304-6fda-4d7c-94b1-f125f7f29be7/fetchFileTemp17753470051244073326.tmp
[2025-10-31T06:52:44.306+0000] {spark_submit.py:491} INFO - 25/10/31 06:52:44 INFO Executor: Adding file:/tmp/spark-60452fba-b475-4c84-8ed4-9c2b00e03b38/userFiles-b9905304-6fda-4d7c-94b1-f125f7f29be7/iceberg-spark-runtime-3.5_2.12-1.4.2.jar to class loader default
[2025-10-31T06:52:44.307+0000] {spark_submit.py:491} INFO - 25/10/31 06:52:44 INFO Executor: Fetching spark://d3553ba1dd4a:34501/jars/aws-java-sdk-bundle-1.12.367.jar with timestamp 1761893563794
[2025-10-31T06:52:44.307+0000] {spark_submit.py:491} INFO - 25/10/31 06:52:44 INFO Utils: Fetching spark://d3553ba1dd4a:34501/jars/aws-java-sdk-bundle-1.12.367.jar to /tmp/spark-60452fba-b475-4c84-8ed4-9c2b00e03b38/userFiles-b9905304-6fda-4d7c-94b1-f125f7f29be7/fetchFileTemp2962845387029004390.tmp
[2025-10-31T06:52:44.952+0000] {spark_submit.py:491} INFO - 25/10/31 06:52:44 INFO Executor: Adding file:/tmp/spark-60452fba-b475-4c84-8ed4-9c2b00e03b38/userFiles-b9905304-6fda-4d7c-94b1-f125f7f29be7/aws-java-sdk-bundle-1.12.367.jar to class loader default
[2025-10-31T06:52:44.958+0000] {spark_submit.py:491} INFO - 25/10/31 06:52:44 INFO Utils: Successfully started service 'org.apache.spark.network.netty.NettyBlockTransferService' on port 43849.
[2025-10-31T06:52:44.958+0000] {spark_submit.py:491} INFO - 25/10/31 06:52:44 INFO NettyBlockTransferService: Server created on d3553ba1dd4a:43849
[2025-10-31T06:52:44.959+0000] {spark_submit.py:491} INFO - 25/10/31 06:52:44 INFO BlockManager: Using org.apache.spark.storage.RandomBlockReplicationPolicy for block replication policy
[2025-10-31T06:52:44.962+0000] {spark_submit.py:491} INFO - 25/10/31 06:52:44 INFO BlockManagerMaster: Registering BlockManager BlockManagerId(driver, d3553ba1dd4a, 43849, None)
[2025-10-31T06:52:44.964+0000] {spark_submit.py:491} INFO - 25/10/31 06:52:44 INFO BlockManagerMasterEndpoint: Registering block manager d3553ba1dd4a:43849 with 434.4 MiB RAM, BlockManagerId(driver, d3553ba1dd4a, 43849, None)
[2025-10-31T06:52:44.966+0000] {spark_submit.py:491} INFO - 25/10/31 06:52:44 INFO BlockManagerMaster: Registered BlockManager BlockManagerId(driver, d3553ba1dd4a, 43849, None)
[2025-10-31T06:52:44.966+0000] {spark_submit.py:491} INFO - 25/10/31 06:52:44 INFO BlockManager: Initialized BlockManager: BlockManagerId(driver, d3553ba1dd4a, 43849, None)
[2025-10-31T06:52:46.390+0000] {spark_submit.py:491} INFO - 25/10/31 06:52:46 WARN MetricsConfig: Cannot locate configuration: tried hadoop-metrics2-s3a-file-system.properties,hadoop-metrics2.properties
[2025-10-31T06:52:47.095+0000] {spark_submit.py:491} INFO - Created/verified weather table
[2025-10-31T06:52:47.095+0000] {spark_submit.py:491} INFO - Reading weather data from: /opt/***/data/weather/weather_data_20251031_06.json
[2025-10-31T06:52:48.299+0000] {spark_submit.py:491} INFO - Raw weather data count: 24
[2025-10-31T06:52:48.299+0000] {spark_submit.py:491} INFO - root
[2025-10-31T06:52:48.299+0000] {spark_submit.py:491} INFO - |-- timestamp: string (nullable = true)
[2025-10-31T06:52:48.299+0000] {spark_submit.py:491} INFO - |-- location: string (nullable = true)
[2025-10-31T06:52:48.300+0000] {spark_submit.py:491} INFO - |-- latitude: double (nullable = true)
[2025-10-31T06:52:48.301+0000] {spark_submit.py:491} INFO - |-- longitude: double (nullable = true)
[2025-10-31T06:52:48.301+0000] {spark_submit.py:491} INFO - |-- temperature_celsius: double (nullable = true)
[2025-10-31T06:52:48.301+0000] {spark_submit.py:491} INFO - |-- temperature_fahrenheit: double (nullable = true)
[2025-10-31T06:52:48.301+0000] {spark_submit.py:491} INFO - |-- humidity_percent: double (nullable = true)
[2025-10-31T06:52:48.301+0000] {spark_submit.py:491} INFO - |-- pressure_hpa: double (nullable = true)
[2025-10-31T06:52:48.301+0000] {spark_submit.py:491} INFO - |-- wind_speed_kmh: double (nullable = true)
[2025-10-31T06:52:48.302+0000] {spark_submit.py:491} INFO - |-- weather_condition: string (nullable = true)
[2025-10-31T06:52:48.302+0000] {spark_submit.py:491} INFO - |-- visibility_km: double (nullable = true)
[2025-10-31T06:52:48.302+0000] {spark_submit.py:491} INFO - |-- uv_index: double (nullable = true)
[2025-10-31T06:52:48.302+0000] {spark_submit.py:491} INFO - |-- hour: integer (nullable = true)
[2025-10-31T06:52:48.302+0000] {spark_submit.py:491} INFO - |-- day_of_week: integer (nullable = true)
[2025-10-31T06:52:48.302+0000] {spark_submit.py:491} INFO - |-- is_weekend: boolean (nullable = true)
[2025-10-31T06:52:48.302+0000] {spark_submit.py:491} INFO - 
[2025-10-31T06:52:48.585+0000] {spark_submit.py:491} INFO - Processed weather data count: 24
[2025-10-31T06:52:49.944+0000] {spark_submit.py:491} INFO - Successfully wrote weather data to Iceberg table
[2025-10-31T06:52:51.152+0000] {spark_submit.py:491} INFO - +------------+------------------+-----------------+-----------------+--------------------+
[2025-10-31T06:52:51.153+0000] {spark_submit.py:491} INFO - |weather_date|        avg_temp_c|     avg_humidity|   avg_wind_speed|          conditions|
[2025-10-31T06:52:51.153+0000] {spark_submit.py:491} INFO - +------------+------------------+-----------------+-----------------+--------------------+
[2025-10-31T06:52:51.153+0000] {spark_submit.py:491} INFO - |  2025-10-31|            17.095|60.28571428571428|7.385714285714286|[clear, snow, rai...|
[2025-10-31T06:52:51.153+0000] {spark_submit.py:491} INFO - |  2025-10-30|16.245294117647056|58.88823529411764|6.991176470588236|[clear, snow, rai...|
[2025-10-31T06:52:51.153+0000] {spark_submit.py:491} INFO - +------------+------------------+-----------------+-----------------+--------------------+
[2025-10-31T06:52:51.153+0000] {spark_submit.py:491} INFO - 
[2025-10-31T06:52:51.154+0000] {spark_submit.py:491} INFO - Weather ETL job completed successfully!
[2025-10-31T06:52:52.076+0000] {taskinstance.py:1398} INFO - Marking task as SUCCESS. dag_id=nyc_weather_etl, task_id=spark_process_weather_to_iceberg, execution_date=20251031T065238, start_date=20251031T065242, end_date=20251031T065252
[2025-10-31T06:52:52.105+0000] {local_task_job_runner.py:228} INFO - Task exited with return code 0
[2025-10-31T06:52:52.114+0000] {taskinstance.py:2776} INFO - 0 downstream tasks scheduled from follow-on schedule check
