[2025-11-02T05:53:03.023+0000] {taskinstance.py:1157} INFO - Dependencies all met for dep_context=non-requeueable deps ti=<TaskInstance: nyc_weather_etl.spark_process_location_to_iceberg manual__2025-11-02T05:52:59.540105+00:00 [queued]>
[2025-11-02T05:53:03.027+0000] {taskinstance.py:1157} INFO - Dependencies all met for dep_context=requeueable deps ti=<TaskInstance: nyc_weather_etl.spark_process_location_to_iceberg manual__2025-11-02T05:52:59.540105+00:00 [queued]>
[2025-11-02T05:53:03.027+0000] {taskinstance.py:1359} INFO - Starting attempt 1 of 1
[2025-11-02T05:53:03.032+0000] {taskinstance.py:1380} INFO - Executing <Task(SparkSubmitOperator): spark_process_location_to_iceberg> on 2025-11-02 05:52:59.540105+00:00
[2025-11-02T05:53:03.035+0000] {standard_task_runner.py:57} INFO - Started process 3319 to run task
[2025-11-02T05:53:03.036+0000] {standard_task_runner.py:84} INFO - Running: ['***', 'tasks', 'run', 'nyc_weather_etl', 'spark_process_location_to_iceberg', 'manual__2025-11-02T05:52:59.540105+00:00', '--job-id', '93', '--raw', '--subdir', 'DAGS_FOLDER/nyc_weather_etl.py', '--cfg-path', '/tmp/tmpzig6s0ou']
[2025-11-02T05:53:03.037+0000] {standard_task_runner.py:85} INFO - Job 93: Subtask spark_process_location_to_iceberg
[2025-11-02T05:53:03.058+0000] {task_command.py:415} INFO - Running <TaskInstance: nyc_weather_etl.spark_process_location_to_iceberg manual__2025-11-02T05:52:59.540105+00:00 [running]> on host d3553ba1dd4a
[2025-11-02T05:53:03.194+0000] {taskinstance.py:1660} INFO - Exporting env vars: AIRFLOW_CTX_DAG_OWNER='data-engineering' AIRFLOW_CTX_DAG_ID='nyc_weather_etl' AIRFLOW_CTX_TASK_ID='spark_process_location_to_iceberg' AIRFLOW_CTX_EXECUTION_DATE='2025-11-02T05:52:59.540105+00:00' AIRFLOW_CTX_TRY_NUMBER='1' AIRFLOW_CTX_DAG_RUN_ID='manual__2025-11-02T05:52:59.540105+00:00'
[2025-11-02T05:53:03.195+0000] {base.py:73} INFO - Using connection ID 'spark_default' for task execution.
[2025-11-02T05:53:03.196+0000] {spark_submit.py:340} INFO - Spark-Submit cmd: /opt/bitnami/spark/bin/spark-submit --master spark-master:7077 --conf spark.master=spark://spark-master:7077 --conf spark.sql.catalog.spark_catalog=org.apache.iceberg.spark.SparkSessionCatalog --conf spark.sql.catalog.spark_catalog.type=hive --conf spark.sql.catalog.iceberg=org.apache.iceberg.spark.SparkCatalog --conf spark.sql.catalog.iceberg.type=hadoop --conf spark.sql.catalog.iceberg.warehouse=s3a://lakehouse/warehouse --conf spark.sql.extensions=org.apache.iceberg.spark.extensions.IcebergSparkSessionExtensions --conf spark.hadoop.fs.s3a.endpoint=http://minio:9000 --conf spark.hadoop.fs.s3a.access.key=admin --conf spark.hadoop.fs.s3a.secret.key=****** --conf spark.hadoop.fs.s3a.path.style.access=true --conf spark.hadoop.fs.s3a.impl=org.apache.hadoop.fs.s3a.S3AFileSystem --jars /opt/***/jars/iceberg-spark-runtime-3.5_2.12-1.4.2.jar,/opt/***/jars/aws-java-sdk-bundle-1.12.367.jar,/opt/***/jars/hadoop-aws-3.3.4.jar --name arrow-spark /opt/***/dags/spark_jobs/location_to_iceberg.py /opt/***/data/locations/nyc_taxi_zones.json
[2025-11-02T05:53:03.990+0000] {spark_submit.py:491} INFO - 25/11/02 05:53:03 WARN NativeCodeLoader: Unable to load native-hadoop library for your platform... using builtin-java classes where applicable
[2025-11-02T05:53:04.559+0000] {spark_submit.py:491} INFO - 25/11/02 05:53:04 INFO SparkContext: Running Spark version 3.5.1
[2025-11-02T05:53:04.559+0000] {spark_submit.py:491} INFO - 25/11/02 05:53:04 INFO SparkContext: OS info Linux, 6.10.14-linuxkit, aarch64
[2025-11-02T05:53:04.559+0000] {spark_submit.py:491} INFO - 25/11/02 05:53:04 INFO SparkContext: Java version 11.0.28
[2025-11-02T05:53:04.569+0000] {spark_submit.py:491} INFO - 25/11/02 05:53:04 INFO ResourceUtils: ==============================================================
[2025-11-02T05:53:04.570+0000] {spark_submit.py:491} INFO - 25/11/02 05:53:04 INFO ResourceUtils: No custom resources configured for spark.driver.
[2025-11-02T05:53:04.570+0000] {spark_submit.py:491} INFO - 25/11/02 05:53:04 INFO ResourceUtils: ==============================================================
[2025-11-02T05:53:04.570+0000] {spark_submit.py:491} INFO - 25/11/02 05:53:04 INFO SparkContext: Submitted application: Location to Iceberg ETL
[2025-11-02T05:53:04.577+0000] {spark_submit.py:491} INFO - 25/11/02 05:53:04 INFO ResourceProfile: Default ResourceProfile created, executor resources: Map(cores -> name: cores, amount: 1, script: , vendor: , memory -> name: memory, amount: 1024, script: , vendor: , offHeap -> name: offHeap, amount: 0, script: , vendor: ), task resources: Map(cpus -> name: cpus, amount: 1.0)
[2025-11-02T05:53:04.582+0000] {spark_submit.py:491} INFO - 25/11/02 05:53:04 INFO ResourceProfile: Limiting resource is cpu
[2025-11-02T05:53:04.583+0000] {spark_submit.py:491} INFO - 25/11/02 05:53:04 INFO ResourceProfileManager: Added ResourceProfile id: 0
[2025-11-02T05:53:04.615+0000] {spark_submit.py:491} INFO - 25/11/02 05:53:04 INFO SecurityManager: Changing view acls to: ***
[2025-11-02T05:53:04.618+0000] {spark_submit.py:491} INFO - 25/11/02 05:53:04 INFO SecurityManager: Changing modify acls to: ***
[2025-11-02T05:53:04.618+0000] {spark_submit.py:491} INFO - 25/11/02 05:53:04 INFO SecurityManager: Changing view acls groups to:
[2025-11-02T05:53:04.618+0000] {spark_submit.py:491} INFO - 25/11/02 05:53:04 INFO SecurityManager: Changing modify acls groups to:
[2025-11-02T05:53:04.619+0000] {spark_submit.py:491} INFO - 25/11/02 05:53:04 INFO SecurityManager: SecurityManager: authentication disabled; ui acls disabled; users with view permissions: ***; groups with view permissions: EMPTY; users with modify permissions: ***; groups with modify permissions: EMPTY
[2025-11-02T05:53:04.743+0000] {spark_submit.py:491} INFO - 25/11/02 05:53:04 INFO Utils: Successfully started service 'sparkDriver' on port 46415.
[2025-11-02T05:53:04.757+0000] {spark_submit.py:491} INFO - 25/11/02 05:53:04 INFO SparkEnv: Registering MapOutputTracker
[2025-11-02T05:53:04.774+0000] {spark_submit.py:491} INFO - 25/11/02 05:53:04 INFO SparkEnv: Registering BlockManagerMaster
[2025-11-02T05:53:04.789+0000] {spark_submit.py:491} INFO - 25/11/02 05:53:04 INFO BlockManagerMasterEndpoint: Using org.apache.spark.storage.DefaultTopologyMapper for getting topology information
[2025-11-02T05:53:04.789+0000] {spark_submit.py:491} INFO - 25/11/02 05:53:04 INFO BlockManagerMasterEndpoint: BlockManagerMasterEndpoint up
[2025-11-02T05:53:04.792+0000] {spark_submit.py:491} INFO - 25/11/02 05:53:04 INFO SparkEnv: Registering BlockManagerMasterHeartbeat
[2025-11-02T05:53:04.805+0000] {spark_submit.py:491} INFO - 25/11/02 05:53:04 INFO DiskBlockManager: Created local directory at /tmp/blockmgr-95fac86e-bde7-4884-aad4-24ca91ca5727
[2025-11-02T05:53:04.812+0000] {spark_submit.py:491} INFO - 25/11/02 05:53:04 INFO MemoryStore: MemoryStore started with capacity 434.4 MiB
[2025-11-02T05:53:04.820+0000] {spark_submit.py:491} INFO - 25/11/02 05:53:04 INFO SparkEnv: Registering OutputCommitCoordinator
[2025-11-02T05:53:04.889+0000] {spark_submit.py:491} INFO - 25/11/02 05:53:04 INFO JettyUtils: Start Jetty 0.0.0.0:4040 for SparkUI
[2025-11-02T05:53:04.918+0000] {spark_submit.py:491} INFO - 25/11/02 05:53:04 INFO Utils: Successfully started service 'SparkUI' on port 4040.
[2025-11-02T05:53:04.935+0000] {spark_submit.py:491} INFO - 25/11/02 05:53:04 INFO SparkContext: Added JAR file:///opt/***/jars/iceberg-spark-runtime-3.5_2.12-1.4.2.jar at spark://d3553ba1dd4a:46415/jars/iceberg-spark-runtime-3.5_2.12-1.4.2.jar with timestamp 1762062784554
[2025-11-02T05:53:04.935+0000] {spark_submit.py:491} INFO - 25/11/02 05:53:04 INFO SparkContext: Added JAR file:///opt/***/jars/aws-java-sdk-bundle-1.12.367.jar at spark://d3553ba1dd4a:46415/jars/aws-java-sdk-bundle-1.12.367.jar with timestamp 1762062784554
[2025-11-02T05:53:04.935+0000] {spark_submit.py:491} INFO - 25/11/02 05:53:04 INFO SparkContext: Added JAR file:///opt/***/jars/hadoop-aws-3.3.4.jar at spark://d3553ba1dd4a:46415/jars/hadoop-aws-3.3.4.jar with timestamp 1762062784554
[2025-11-02T05:53:04.966+0000] {spark_submit.py:491} INFO - 25/11/02 05:53:04 INFO Executor: Starting executor ID driver on host d3553ba1dd4a
[2025-11-02T05:53:04.966+0000] {spark_submit.py:491} INFO - 25/11/02 05:53:04 INFO Executor: OS info Linux, 6.10.14-linuxkit, aarch64
[2025-11-02T05:53:04.966+0000] {spark_submit.py:491} INFO - 25/11/02 05:53:04 INFO Executor: Java version 11.0.28
[2025-11-02T05:53:04.969+0000] {spark_submit.py:491} INFO - 25/11/02 05:53:04 INFO Executor: Starting executor with user classpath (userClassPathFirst = false): ''
[2025-11-02T05:53:04.970+0000] {spark_submit.py:491} INFO - 25/11/02 05:53:04 INFO Executor: Created or updated repl class loader org.apache.spark.util.MutableURLClassLoader@7bf52de for default.
[2025-11-02T05:53:04.980+0000] {spark_submit.py:491} INFO - 25/11/02 05:53:04 INFO Executor: Fetching spark://d3553ba1dd4a:46415/jars/iceberg-spark-runtime-3.5_2.12-1.4.2.jar with timestamp 1762062784554
[2025-11-02T05:53:05.005+0000] {spark_submit.py:491} INFO - 25/11/02 05:53:05 INFO TransportClientFactory: Successfully created connection to d3553ba1dd4a/172.18.0.5:46415 after 12 ms (0 ms spent in bootstraps)
[2025-11-02T05:53:05.010+0000] {spark_submit.py:491} INFO - 25/11/02 05:53:05 INFO Utils: Fetching spark://d3553ba1dd4a:46415/jars/iceberg-spark-runtime-3.5_2.12-1.4.2.jar to /tmp/spark-e0f12be6-8b40-476d-9f56-4dfd9cb1e8f3/userFiles-60089730-54c9-47fc-b6e6-a47c4e4ae086/fetchFileTemp14746441744510335031.tmp
[2025-11-02T05:53:05.102+0000] {spark_submit.py:491} INFO - 25/11/02 05:53:05 INFO Executor: Adding file:/tmp/spark-e0f12be6-8b40-476d-9f56-4dfd9cb1e8f3/userFiles-60089730-54c9-47fc-b6e6-a47c4e4ae086/iceberg-spark-runtime-3.5_2.12-1.4.2.jar to class loader default
[2025-11-02T05:53:05.102+0000] {spark_submit.py:491} INFO - 25/11/02 05:53:05 INFO Executor: Fetching spark://d3553ba1dd4a:46415/jars/aws-java-sdk-bundle-1.12.367.jar with timestamp 1762062784554
[2025-11-02T05:53:05.103+0000] {spark_submit.py:491} INFO - 25/11/02 05:53:05 INFO Utils: Fetching spark://d3553ba1dd4a:46415/jars/aws-java-sdk-bundle-1.12.367.jar to /tmp/spark-e0f12be6-8b40-476d-9f56-4dfd9cb1e8f3/userFiles-60089730-54c9-47fc-b6e6-a47c4e4ae086/fetchFileTemp1416594602162054374.tmp
[2025-11-02T05:53:05.823+0000] {spark_submit.py:491} INFO - 25/11/02 05:53:05 INFO Executor: Adding file:/tmp/spark-e0f12be6-8b40-476d-9f56-4dfd9cb1e8f3/userFiles-60089730-54c9-47fc-b6e6-a47c4e4ae086/aws-java-sdk-bundle-1.12.367.jar to class loader default
[2025-11-02T05:53:05.826+0000] {spark_submit.py:491} INFO - 25/11/02 05:53:05 INFO Executor: Fetching spark://d3553ba1dd4a:46415/jars/hadoop-aws-3.3.4.jar with timestamp 1762062784554
[2025-11-02T05:53:05.826+0000] {spark_submit.py:491} INFO - 25/11/02 05:53:05 INFO Utils: Fetching spark://d3553ba1dd4a:46415/jars/hadoop-aws-3.3.4.jar to /tmp/spark-e0f12be6-8b40-476d-9f56-4dfd9cb1e8f3/userFiles-60089730-54c9-47fc-b6e6-a47c4e4ae086/fetchFileTemp4552659087550734717.tmp
[2025-11-02T05:53:05.831+0000] {spark_submit.py:491} INFO - 25/11/02 05:53:05 INFO Executor: Adding file:/tmp/spark-e0f12be6-8b40-476d-9f56-4dfd9cb1e8f3/userFiles-60089730-54c9-47fc-b6e6-a47c4e4ae086/hadoop-aws-3.3.4.jar to class loader default
[2025-11-02T05:53:05.845+0000] {spark_submit.py:491} INFO - 25/11/02 05:53:05 INFO Utils: Successfully started service 'org.apache.spark.network.netty.NettyBlockTransferService' on port 35911.
[2025-11-02T05:53:05.846+0000] {spark_submit.py:491} INFO - 25/11/02 05:53:05 INFO NettyBlockTransferService: Server created on d3553ba1dd4a:35911
[2025-11-02T05:53:05.849+0000] {spark_submit.py:491} INFO - 25/11/02 05:53:05 INFO BlockManager: Using org.apache.spark.storage.RandomBlockReplicationPolicy for block replication policy
[2025-11-02T05:53:05.855+0000] {spark_submit.py:491} INFO - 25/11/02 05:53:05 INFO BlockManagerMaster: Registering BlockManager BlockManagerId(driver, d3553ba1dd4a, 35911, None)
[2025-11-02T05:53:05.860+0000] {spark_submit.py:491} INFO - 25/11/02 05:53:05 INFO BlockManagerMasterEndpoint: Registering block manager d3553ba1dd4a:35911 with 434.4 MiB RAM, BlockManagerId(driver, d3553ba1dd4a, 35911, None)
[2025-11-02T05:53:05.866+0000] {spark_submit.py:491} INFO - 25/11/02 05:53:05 INFO BlockManagerMaster: Registered BlockManager BlockManagerId(driver, d3553ba1dd4a, 35911, None)
[2025-11-02T05:53:05.867+0000] {spark_submit.py:491} INFO - 25/11/02 05:53:05 INFO BlockManager: Initialized BlockManager: BlockManagerId(driver, d3553ba1dd4a, 35911, None)
[2025-11-02T05:53:07.240+0000] {spark_submit.py:491} INFO - 25/11/02 05:53:07 WARN MetricsConfig: Cannot locate configuration: tried hadoop-metrics2-s3a-file-system.properties,hadoop-metrics2.properties
[2025-11-02T05:53:07.905+0000] {spark_submit.py:491} INFO - Created/verified taxi zones table
[2025-11-02T05:53:07.905+0000] {spark_submit.py:491} INFO - Reading location data from: /opt/***/data/locations/nyc_taxi_zones.json
[2025-11-02T05:53:09.080+0000] {spark_submit.py:491} INFO - Raw location data count: 16
[2025-11-02T05:53:09.081+0000] {spark_submit.py:491} INFO - root
[2025-11-02T05:53:09.081+0000] {spark_submit.py:491} INFO - |-- borough: string (nullable = true)
[2025-11-02T05:53:09.081+0000] {spark_submit.py:491} INFO - |-- created_at: string (nullable = true)
[2025-11-02T05:53:09.081+0000] {spark_submit.py:491} INFO - |-- is_business_district: boolean (nullable = true)
[2025-11-02T05:53:09.081+0000] {spark_submit.py:491} INFO - |-- is_tourist_area: boolean (nullable = true)
[2025-11-02T05:53:09.081+0000] {spark_submit.py:491} INFO - |-- lat: double (nullable = true)
[2025-11-02T05:53:09.081+0000] {spark_submit.py:491} INFO - |-- location_id: long (nullable = true)
[2025-11-02T05:53:09.081+0000] {spark_submit.py:491} INFO - |-- lon: double (nullable = true)
[2025-11-02T05:53:09.082+0000] {spark_submit.py:491} INFO - |-- zone: string (nullable = true)
[2025-11-02T05:53:09.082+0000] {spark_submit.py:491} INFO - |-- zone_type: string (nullable = true)
[2025-11-02T05:53:09.082+0000] {spark_submit.py:491} INFO - 
[2025-11-02T05:53:09.318+0000] {spark_submit.py:491} INFO - Processed location data count: 16
[2025-11-02T05:53:10.627+0000] {spark_submit.py:491} INFO - Successfully wrote location data to Iceberg table
[2025-11-02T05:53:11.974+0000] {spark_submit.py:491} INFO - +---------+----------+-------------+--------------+
[2025-11-02T05:53:11.975+0000] {spark_submit.py:491} INFO - |  borough|zone_count|tourist_zones|business_zones|
[2025-11-02T05:53:11.976+0000] {spark_submit.py:491} INFO - +---------+----------+-------------+--------------+
[2025-11-02T05:53:11.976+0000] {spark_submit.py:491} INFO - |Manhattan|        13|            4|             3|
[2025-11-02T05:53:11.976+0000] {spark_submit.py:491} INFO - |   Queens|         2|            0|             0|
[2025-11-02T05:53:11.977+0000] {spark_submit.py:491} INFO - | Brooklyn|         1|            0|             0|
[2025-11-02T05:53:11.977+0000] {spark_submit.py:491} INFO - +---------+----------+-------------+--------------+
[2025-11-02T05:53:11.977+0000] {spark_submit.py:491} INFO - 
[2025-11-02T05:53:11.977+0000] {spark_submit.py:491} INFO - Location ETL job completed successfully!
[2025-11-02T05:53:12.588+0000] {taskinstance.py:1398} INFO - Marking task as SUCCESS. dag_id=nyc_weather_etl, task_id=spark_process_location_to_iceberg, execution_date=20251102T055259, start_date=20251102T055303, end_date=20251102T055312
[2025-11-02T05:53:12.617+0000] {local_task_job_runner.py:228} INFO - Task exited with return code 0
[2025-11-02T05:53:12.626+0000] {taskinstance.py:2776} INFO - 0 downstream tasks scheduled from follow-on schedule check
