[2025-10-28T13:07:58.659+0000] {taskinstance.py:1157} INFO - Dependencies all met for dep_context=non-requeueable deps ti=<TaskInstance: nyc_taxi_iceberg_etl.get_latest_date scheduled__2025-10-28T07:07:41.684472+00:00 [queued]>
[2025-10-28T13:07:58.664+0000] {taskinstance.py:1157} INFO - Dependencies all met for dep_context=requeueable deps ti=<TaskInstance: nyc_taxi_iceberg_etl.get_latest_date scheduled__2025-10-28T07:07:41.684472+00:00 [queued]>
[2025-10-28T13:07:58.664+0000] {taskinstance.py:1359} INFO - Starting attempt 1 of 1
[2025-10-28T13:07:58.673+0000] {taskinstance.py:1380} INFO - Executing <Task(PythonOperator): get_latest_date> on 2025-10-28 07:07:41.684472+00:00
[2025-10-28T13:07:58.676+0000] {standard_task_runner.py:57} INFO - Started process 1139 to run task
[2025-10-28T13:07:58.678+0000] {standard_task_runner.py:84} INFO - Running: ['***', 'tasks', 'run', 'nyc_taxi_iceberg_etl', 'get_latest_date', 'scheduled__2025-10-28T07:07:41.684472+00:00', '--job-id', '12', '--raw', '--subdir', 'DAGS_FOLDER/nyc_taxi_iceberg_etl.py', '--cfg-path', '/tmp/tmp8nih0rfw']
[2025-10-28T13:07:58.681+0000] {standard_task_runner.py:85} INFO - Job 12: Subtask get_latest_date
[2025-10-28T13:07:58.801+0000] {task_command.py:415} INFO - Running <TaskInstance: nyc_taxi_iceberg_etl.get_latest_date scheduled__2025-10-28T07:07:41.684472+00:00 [running]> on host c6c4842a6e7c
[2025-10-28T13:07:58.835+0000] {taskinstance.py:1660} INFO - Exporting env vars: AIRFLOW_CTX_DAG_OWNER='data-engineering' AIRFLOW_CTX_DAG_ID='nyc_taxi_iceberg_etl' AIRFLOW_CTX_TASK_ID='get_latest_date' AIRFLOW_CTX_EXECUTION_DATE='2025-10-28T07:07:41.684472+00:00' AIRFLOW_CTX_TRY_NUMBER='1' AIRFLOW_CTX_DAG_RUN_ID='scheduled__2025-10-28T07:07:41.684472+00:00'
[2025-10-28T13:07:58.836+0000] {crypto.py:82} WARNING - empty cryptography key - values will not be stored encrypted.
[2025-10-28T13:07:58.836+0000] {base.py:73} INFO - Using connection ID '***_default' for task execution.
[2025-10-28T13:07:58.840+0000] {sql.py:418} INFO - Running statement: 
    CREATE TABLE IF NOT EXISTS public.etl_control (
        table_name VARCHAR(255) PRIMARY KEY,
        last_processed_date TIMESTAMP,
        last_updated TIMESTAMP DEFAULT CURRENT_TIMESTAMP
    );
    , parameters: None
[2025-10-28T13:07:58.846+0000] {base.py:73} INFO - Using connection ID '***_default' for task execution.
[2025-10-28T13:07:58.849+0000] {sql.py:418} INFO - Running statement: 
        SELECT last_processed_date 
        FROM public.etl_control 
        WHERE table_name = 'nyc_taxi_trips'
    , parameters: None
[2025-10-28T13:07:58.850+0000] {sql.py:427} INFO - Rows affected: 0
[2025-10-28T13:07:58.851+0000] {base.py:73} INFO - Using connection ID '***_default' for task execution.
[2025-10-28T13:07:58.855+0000] {sql.py:418} INFO - Running statement: 
            INSERT INTO public.etl_control (table_name, last_processed_date)
            VALUES ('nyc_taxi_trips', %s)
            ON CONFLICT (table_name) 
            DO UPDATE SET last_processed_date = EXCLUDED.last_processed_date
        , parameters: (datetime.datetime(2025, 9, 28, 13, 7, 58, 851458),)
[2025-10-28T13:07:58.856+0000] {sql.py:427} INFO - Rows affected: 1
[2025-10-28T13:07:58.865+0000] {python.py:194} INFO - Done. Returned value was: 2025-09-28T13:07:58.851458
[2025-10-28T13:07:58.879+0000] {taskinstance.py:1398} INFO - Marking task as SUCCESS. dag_id=nyc_taxi_iceberg_etl, task_id=get_latest_date, execution_date=20251028T070741, start_date=20251028T130758, end_date=20251028T130758
[2025-10-28T13:07:58.908+0000] {local_task_job_runner.py:228} INFO - Task exited with return code 0
[2025-10-28T13:07:59.003+0000] {taskinstance.py:2776} INFO - 1 downstream tasks scheduled from follow-on schedule check
