[2025-10-11T04:26:27.443+0000] {processor.py:157} INFO - Started process (PID=239) to work on /opt/airflow/dags/comprehensive_analytics_pipeline.py
[2025-10-11T04:26:27.446+0000] {processor.py:829} INFO - Processing file /opt/airflow/dags/comprehensive_analytics_pipeline.py for tasks to queue
[2025-10-11T04:26:27.448+0000] {logging_mixin.py:151} INFO - [2025-10-11T04:26:27.447+0000] {dagbag.py:539} INFO - Filling up the DagBag from /opt/airflow/dags/comprehensive_analytics_pipeline.py
[2025-10-11T04:26:27.459+0000] {processor.py:839} INFO - DAG(s) dict_keys(['comprehensive_analytics_pipeline']) retrieved from /opt/airflow/dags/comprehensive_analytics_pipeline.py
[2025-10-11T04:26:27.501+0000] {logging_mixin.py:151} INFO - [2025-10-11T04:26:27.501+0000] {security.py:708} INFO - Not syncing DAG-level permissions for DAG 'DAG:comprehensive_analytics_pipeline' as access control is unset.
[2025-10-11T04:26:27.501+0000] {logging_mixin.py:151} INFO - [2025-10-11T04:26:27.501+0000] {dag.py:2915} INFO - Sync 1 DAGs
[2025-10-11T04:26:27.509+0000] {logging_mixin.py:151} INFO - [2025-10-11T04:26:27.509+0000] {dag.py:3696} INFO - Setting next_dagrun for comprehensive_analytics_pipeline to 2025-10-11T02:26:27.509308+00:00, run_after=2025-10-11T04:26:27.509308+00:00
[2025-10-11T04:26:27.519+0000] {processor.py:179} INFO - Processing /opt/airflow/dags/comprehensive_analytics_pipeline.py took 0.078 seconds
[2025-10-11T04:26:58.196+0000] {processor.py:157} INFO - Started process (PID=506) to work on /opt/airflow/dags/comprehensive_analytics_pipeline.py
[2025-10-11T04:26:58.197+0000] {processor.py:829} INFO - Processing file /opt/airflow/dags/comprehensive_analytics_pipeline.py for tasks to queue
[2025-10-11T04:26:58.198+0000] {logging_mixin.py:151} INFO - [2025-10-11T04:26:58.198+0000] {dagbag.py:539} INFO - Filling up the DagBag from /opt/airflow/dags/comprehensive_analytics_pipeline.py
[2025-10-11T04:26:58.208+0000] {processor.py:839} INFO - DAG(s) dict_keys(['comprehensive_analytics_pipeline']) retrieved from /opt/airflow/dags/comprehensive_analytics_pipeline.py
[2025-10-11T04:26:58.220+0000] {logging_mixin.py:151} INFO - [2025-10-11T04:26:58.220+0000] {dag.py:2915} INFO - Sync 1 DAGs
[2025-10-11T04:26:58.229+0000] {logging_mixin.py:151} INFO - [2025-10-11T04:26:58.229+0000] {dag.py:3696} INFO - Setting next_dagrun for comprehensive_analytics_pipeline to 2025-10-11T02:26:58.229387+00:00, run_after=2025-10-11T04:26:58.229387+00:00
[2025-10-11T04:26:58.240+0000] {processor.py:179} INFO - Processing /opt/airflow/dags/comprehensive_analytics_pipeline.py took 0.045 seconds
[2025-10-11T04:27:28.729+0000] {processor.py:157} INFO - Started process (PID=551) to work on /opt/airflow/dags/comprehensive_analytics_pipeline.py
[2025-10-11T04:27:28.730+0000] {processor.py:829} INFO - Processing file /opt/airflow/dags/comprehensive_analytics_pipeline.py for tasks to queue
[2025-10-11T04:27:28.731+0000] {logging_mixin.py:151} INFO - [2025-10-11T04:27:28.730+0000] {dagbag.py:539} INFO - Filling up the DagBag from /opt/airflow/dags/comprehensive_analytics_pipeline.py
[2025-10-11T04:27:28.740+0000] {processor.py:839} INFO - DAG(s) dict_keys(['comprehensive_analytics_pipeline']) retrieved from /opt/airflow/dags/comprehensive_analytics_pipeline.py
[2025-10-11T04:27:28.750+0000] {logging_mixin.py:151} INFO - [2025-10-11T04:27:28.750+0000] {dag.py:2915} INFO - Sync 1 DAGs
[2025-10-11T04:27:28.761+0000] {logging_mixin.py:151} INFO - [2025-10-11T04:27:28.760+0000] {dag.py:3696} INFO - Setting next_dagrun for comprehensive_analytics_pipeline to 2025-10-11T02:27:28.760864+00:00, run_after=2025-10-11T04:27:28.760864+00:00
[2025-10-11T04:27:28.770+0000] {processor.py:179} INFO - Processing /opt/airflow/dags/comprehensive_analytics_pipeline.py took 0.042 seconds
[2025-10-11T04:27:59.208+0000] {processor.py:157} INFO - Started process (PID=596) to work on /opt/airflow/dags/comprehensive_analytics_pipeline.py
[2025-10-11T04:27:59.209+0000] {processor.py:829} INFO - Processing file /opt/airflow/dags/comprehensive_analytics_pipeline.py for tasks to queue
[2025-10-11T04:27:59.210+0000] {logging_mixin.py:151} INFO - [2025-10-11T04:27:59.210+0000] {dagbag.py:539} INFO - Filling up the DagBag from /opt/airflow/dags/comprehensive_analytics_pipeline.py
[2025-10-11T04:27:59.220+0000] {processor.py:839} INFO - DAG(s) dict_keys(['comprehensive_analytics_pipeline']) retrieved from /opt/airflow/dags/comprehensive_analytics_pipeline.py
[2025-10-11T04:27:59.232+0000] {logging_mixin.py:151} INFO - [2025-10-11T04:27:59.231+0000] {dag.py:2915} INFO - Sync 1 DAGs
[2025-10-11T04:27:59.241+0000] {logging_mixin.py:151} INFO - [2025-10-11T04:27:59.241+0000] {dag.py:3696} INFO - Setting next_dagrun for comprehensive_analytics_pipeline to 2025-10-11T02:27:59.241488+00:00, run_after=2025-10-11T04:27:59.241488+00:00
[2025-10-11T04:27:59.251+0000] {processor.py:179} INFO - Processing /opt/airflow/dags/comprehensive_analytics_pipeline.py took 0.044 seconds
[2025-10-11T04:28:29.698+0000] {processor.py:157} INFO - Started process (PID=641) to work on /opt/airflow/dags/comprehensive_analytics_pipeline.py
[2025-10-11T04:28:29.699+0000] {processor.py:829} INFO - Processing file /opt/airflow/dags/comprehensive_analytics_pipeline.py for tasks to queue
[2025-10-11T04:28:29.700+0000] {logging_mixin.py:151} INFO - [2025-10-11T04:28:29.700+0000] {dagbag.py:539} INFO - Filling up the DagBag from /opt/airflow/dags/comprehensive_analytics_pipeline.py
[2025-10-11T04:28:29.711+0000] {processor.py:839} INFO - DAG(s) dict_keys(['comprehensive_analytics_pipeline']) retrieved from /opt/airflow/dags/comprehensive_analytics_pipeline.py
[2025-10-11T04:28:29.721+0000] {logging_mixin.py:151} INFO - [2025-10-11T04:28:29.721+0000] {dag.py:2915} INFO - Sync 1 DAGs
[2025-10-11T04:28:29.729+0000] {logging_mixin.py:151} INFO - [2025-10-11T04:28:29.729+0000] {dag.py:3696} INFO - Setting next_dagrun for comprehensive_analytics_pipeline to 2025-10-11T02:28:29.729274+00:00, run_after=2025-10-11T04:28:29.729274+00:00
[2025-10-11T04:28:29.736+0000] {processor.py:179} INFO - Processing /opt/airflow/dags/comprehensive_analytics_pipeline.py took 0.040 seconds
[2025-10-11T04:29:00.335+0000] {processor.py:157} INFO - Started process (PID=686) to work on /opt/airflow/dags/comprehensive_analytics_pipeline.py
[2025-10-11T04:29:00.336+0000] {processor.py:829} INFO - Processing file /opt/airflow/dags/comprehensive_analytics_pipeline.py for tasks to queue
[2025-10-11T04:29:00.337+0000] {logging_mixin.py:151} INFO - [2025-10-11T04:29:00.337+0000] {dagbag.py:539} INFO - Filling up the DagBag from /opt/airflow/dags/comprehensive_analytics_pipeline.py
[2025-10-11T04:29:00.349+0000] {processor.py:839} INFO - DAG(s) dict_keys(['comprehensive_analytics_pipeline']) retrieved from /opt/airflow/dags/comprehensive_analytics_pipeline.py
[2025-10-11T04:29:00.363+0000] {logging_mixin.py:151} INFO - [2025-10-11T04:29:00.362+0000] {dag.py:2915} INFO - Sync 1 DAGs
[2025-10-11T04:29:00.372+0000] {logging_mixin.py:151} INFO - [2025-10-11T04:29:00.371+0000] {dag.py:3696} INFO - Setting next_dagrun for comprehensive_analytics_pipeline to 2025-10-11T02:29:00.371836+00:00, run_after=2025-10-11T04:29:00.371836+00:00
[2025-10-11T04:29:00.380+0000] {processor.py:179} INFO - Processing /opt/airflow/dags/comprehensive_analytics_pipeline.py took 0.047 seconds
[2025-10-11T04:29:30.904+0000] {processor.py:157} INFO - Started process (PID=731) to work on /opt/airflow/dags/comprehensive_analytics_pipeline.py
[2025-10-11T04:29:30.905+0000] {processor.py:829} INFO - Processing file /opt/airflow/dags/comprehensive_analytics_pipeline.py for tasks to queue
[2025-10-11T04:29:30.907+0000] {logging_mixin.py:151} INFO - [2025-10-11T04:29:30.907+0000] {dagbag.py:539} INFO - Filling up the DagBag from /opt/airflow/dags/comprehensive_analytics_pipeline.py
[2025-10-11T04:29:30.917+0000] {processor.py:839} INFO - DAG(s) dict_keys(['comprehensive_analytics_pipeline']) retrieved from /opt/airflow/dags/comprehensive_analytics_pipeline.py
[2025-10-11T04:29:30.934+0000] {logging_mixin.py:151} INFO - [2025-10-11T04:29:30.934+0000] {dag.py:2915} INFO - Sync 1 DAGs
[2025-10-11T04:29:30.943+0000] {logging_mixin.py:151} INFO - [2025-10-11T04:29:30.943+0000] {dag.py:3696} INFO - Setting next_dagrun for comprehensive_analytics_pipeline to 2025-10-11T02:29:30.943576+00:00, run_after=2025-10-11T04:29:30.943576+00:00
[2025-10-11T04:29:30.951+0000] {processor.py:179} INFO - Processing /opt/airflow/dags/comprehensive_analytics_pipeline.py took 0.048 seconds
[2025-10-11T04:30:01.478+0000] {processor.py:157} INFO - Started process (PID=776) to work on /opt/airflow/dags/comprehensive_analytics_pipeline.py
[2025-10-11T04:30:01.479+0000] {processor.py:829} INFO - Processing file /opt/airflow/dags/comprehensive_analytics_pipeline.py for tasks to queue
[2025-10-11T04:30:01.480+0000] {logging_mixin.py:151} INFO - [2025-10-11T04:30:01.480+0000] {dagbag.py:539} INFO - Filling up the DagBag from /opt/airflow/dags/comprehensive_analytics_pipeline.py
[2025-10-11T04:30:01.490+0000] {processor.py:839} INFO - DAG(s) dict_keys(['comprehensive_analytics_pipeline']) retrieved from /opt/airflow/dags/comprehensive_analytics_pipeline.py
[2025-10-11T04:30:01.502+0000] {logging_mixin.py:151} INFO - [2025-10-11T04:30:01.502+0000] {dag.py:2915} INFO - Sync 1 DAGs
[2025-10-11T04:30:01.510+0000] {logging_mixin.py:151} INFO - [2025-10-11T04:30:01.510+0000] {dag.py:3696} INFO - Setting next_dagrun for comprehensive_analytics_pipeline to 2025-10-11T02:30:01.510399+00:00, run_after=2025-10-11T04:30:01.510399+00:00
[2025-10-11T04:30:01.517+0000] {processor.py:179} INFO - Processing /opt/airflow/dags/comprehensive_analytics_pipeline.py took 0.040 seconds
[2025-10-11T04:30:31.989+0000] {processor.py:157} INFO - Started process (PID=821) to work on /opt/airflow/dags/comprehensive_analytics_pipeline.py
[2025-10-11T04:30:31.990+0000] {processor.py:829} INFO - Processing file /opt/airflow/dags/comprehensive_analytics_pipeline.py for tasks to queue
[2025-10-11T04:30:31.991+0000] {logging_mixin.py:151} INFO - [2025-10-11T04:30:31.990+0000] {dagbag.py:539} INFO - Filling up the DagBag from /opt/airflow/dags/comprehensive_analytics_pipeline.py
[2025-10-11T04:30:31.998+0000] {processor.py:839} INFO - DAG(s) dict_keys(['comprehensive_analytics_pipeline']) retrieved from /opt/airflow/dags/comprehensive_analytics_pipeline.py
[2025-10-11T04:30:32.009+0000] {logging_mixin.py:151} INFO - [2025-10-11T04:30:32.009+0000] {dag.py:2915} INFO - Sync 1 DAGs
[2025-10-11T04:30:32.017+0000] {logging_mixin.py:151} INFO - [2025-10-11T04:30:32.017+0000] {dag.py:3696} INFO - Setting next_dagrun for comprehensive_analytics_pipeline to 2025-10-11T02:30:32.017369+00:00, run_after=2025-10-11T04:30:32.017369+00:00
[2025-10-11T04:30:32.023+0000] {processor.py:179} INFO - Processing /opt/airflow/dags/comprehensive_analytics_pipeline.py took 0.036 seconds
[2025-10-11T04:31:02.572+0000] {processor.py:157} INFO - Started process (PID=866) to work on /opt/airflow/dags/comprehensive_analytics_pipeline.py
[2025-10-11T04:31:02.572+0000] {processor.py:829} INFO - Processing file /opt/airflow/dags/comprehensive_analytics_pipeline.py for tasks to queue
[2025-10-11T04:31:02.574+0000] {logging_mixin.py:151} INFO - [2025-10-11T04:31:02.573+0000] {dagbag.py:539} INFO - Filling up the DagBag from /opt/airflow/dags/comprehensive_analytics_pipeline.py
[2025-10-11T04:31:02.583+0000] {processor.py:839} INFO - DAG(s) dict_keys(['comprehensive_analytics_pipeline']) retrieved from /opt/airflow/dags/comprehensive_analytics_pipeline.py
[2025-10-11T04:31:02.594+0000] {logging_mixin.py:151} INFO - [2025-10-11T04:31:02.593+0000] {dag.py:2915} INFO - Sync 1 DAGs
[2025-10-11T04:31:02.603+0000] {logging_mixin.py:151} INFO - [2025-10-11T04:31:02.603+0000] {dag.py:3696} INFO - Setting next_dagrun for comprehensive_analytics_pipeline to 2025-10-11T02:31:02.602958+00:00, run_after=2025-10-11T04:31:02.602958+00:00
[2025-10-11T04:31:02.615+0000] {processor.py:179} INFO - Processing /opt/airflow/dags/comprehensive_analytics_pipeline.py took 0.045 seconds
[2025-10-11T04:31:33.163+0000] {processor.py:157} INFO - Started process (PID=911) to work on /opt/airflow/dags/comprehensive_analytics_pipeline.py
[2025-10-11T04:31:33.164+0000] {processor.py:829} INFO - Processing file /opt/airflow/dags/comprehensive_analytics_pipeline.py for tasks to queue
[2025-10-11T04:31:33.165+0000] {logging_mixin.py:151} INFO - [2025-10-11T04:31:33.165+0000] {dagbag.py:539} INFO - Filling up the DagBag from /opt/airflow/dags/comprehensive_analytics_pipeline.py
[2025-10-11T04:31:33.173+0000] {processor.py:839} INFO - DAG(s) dict_keys(['comprehensive_analytics_pipeline']) retrieved from /opt/airflow/dags/comprehensive_analytics_pipeline.py
[2025-10-11T04:31:33.185+0000] {logging_mixin.py:151} INFO - [2025-10-11T04:31:33.185+0000] {dag.py:2915} INFO - Sync 1 DAGs
[2025-10-11T04:31:33.195+0000] {logging_mixin.py:151} INFO - [2025-10-11T04:31:33.195+0000] {dag.py:3696} INFO - Setting next_dagrun for comprehensive_analytics_pipeline to 2025-10-11T02:31:33.195048+00:00, run_after=2025-10-11T04:31:33.195048+00:00
[2025-10-11T04:31:33.205+0000] {processor.py:179} INFO - Processing /opt/airflow/dags/comprehensive_analytics_pipeline.py took 0.044 seconds
[2025-10-11T04:32:03.936+0000] {processor.py:157} INFO - Started process (PID=964) to work on /opt/airflow/dags/comprehensive_analytics_pipeline.py
[2025-10-11T04:32:03.936+0000] {processor.py:829} INFO - Processing file /opt/airflow/dags/comprehensive_analytics_pipeline.py for tasks to queue
[2025-10-11T04:32:03.937+0000] {logging_mixin.py:151} INFO - [2025-10-11T04:32:03.937+0000] {dagbag.py:539} INFO - Filling up the DagBag from /opt/airflow/dags/comprehensive_analytics_pipeline.py
[2025-10-11T04:32:03.946+0000] {processor.py:839} INFO - DAG(s) dict_keys(['comprehensive_analytics_pipeline']) retrieved from /opt/airflow/dags/comprehensive_analytics_pipeline.py
[2025-10-11T04:32:03.959+0000] {logging_mixin.py:151} INFO - [2025-10-11T04:32:03.959+0000] {dag.py:2915} INFO - Sync 1 DAGs
[2025-10-11T04:32:03.968+0000] {logging_mixin.py:151} INFO - [2025-10-11T04:32:03.967+0000] {dag.py:3696} INFO - Setting next_dagrun for comprehensive_analytics_pipeline to 2025-10-11T02:32:03.967757+00:00, run_after=2025-10-11T04:32:03.967757+00:00
[2025-10-11T04:32:03.974+0000] {processor.py:179} INFO - Processing /opt/airflow/dags/comprehensive_analytics_pipeline.py took 0.040 seconds
[2025-10-11T04:32:34.474+0000] {processor.py:157} INFO - Started process (PID=1009) to work on /opt/airflow/dags/comprehensive_analytics_pipeline.py
[2025-10-11T04:32:34.475+0000] {processor.py:829} INFO - Processing file /opt/airflow/dags/comprehensive_analytics_pipeline.py for tasks to queue
[2025-10-11T04:32:34.476+0000] {logging_mixin.py:151} INFO - [2025-10-11T04:32:34.476+0000] {dagbag.py:539} INFO - Filling up the DagBag from /opt/airflow/dags/comprehensive_analytics_pipeline.py
[2025-10-11T04:32:34.486+0000] {processor.py:839} INFO - DAG(s) dict_keys(['comprehensive_analytics_pipeline']) retrieved from /opt/airflow/dags/comprehensive_analytics_pipeline.py
[2025-10-11T04:32:34.505+0000] {logging_mixin.py:151} INFO - [2025-10-11T04:32:34.505+0000] {dag.py:2915} INFO - Sync 1 DAGs
[2025-10-11T04:32:34.517+0000] {logging_mixin.py:151} INFO - [2025-10-11T04:32:34.517+0000] {dag.py:3696} INFO - Setting next_dagrun for comprehensive_analytics_pipeline to 2025-10-11T02:32:34.517629+00:00, run_after=2025-10-11T04:32:34.517629+00:00
[2025-10-11T04:32:34.536+0000] {processor.py:179} INFO - Processing /opt/airflow/dags/comprehensive_analytics_pipeline.py took 0.063 seconds
[2025-10-11T04:33:05.068+0000] {processor.py:157} INFO - Started process (PID=1054) to work on /opt/airflow/dags/comprehensive_analytics_pipeline.py
[2025-10-11T04:33:05.069+0000] {processor.py:829} INFO - Processing file /opt/airflow/dags/comprehensive_analytics_pipeline.py for tasks to queue
[2025-10-11T04:33:05.070+0000] {logging_mixin.py:151} INFO - [2025-10-11T04:33:05.070+0000] {dagbag.py:539} INFO - Filling up the DagBag from /opt/airflow/dags/comprehensive_analytics_pipeline.py
[2025-10-11T04:33:05.085+0000] {processor.py:839} INFO - DAG(s) dict_keys(['comprehensive_analytics_pipeline']) retrieved from /opt/airflow/dags/comprehensive_analytics_pipeline.py
[2025-10-11T04:33:05.111+0000] {logging_mixin.py:151} INFO - [2025-10-11T04:33:05.111+0000] {dag.py:2915} INFO - Sync 1 DAGs
[2025-10-11T04:33:05.121+0000] {logging_mixin.py:151} INFO - [2025-10-11T04:33:05.121+0000] {dag.py:3696} INFO - Setting next_dagrun for comprehensive_analytics_pipeline to 2025-10-11T02:33:05.121413+00:00, run_after=2025-10-11T04:33:05.121413+00:00
[2025-10-11T04:33:05.129+0000] {processor.py:179} INFO - Processing /opt/airflow/dags/comprehensive_analytics_pipeline.py took 0.064 seconds
[2025-10-11T04:33:35.628+0000] {processor.py:157} INFO - Started process (PID=1099) to work on /opt/airflow/dags/comprehensive_analytics_pipeline.py
[2025-10-11T04:33:35.629+0000] {processor.py:829} INFO - Processing file /opt/airflow/dags/comprehensive_analytics_pipeline.py for tasks to queue
[2025-10-11T04:33:35.630+0000] {logging_mixin.py:151} INFO - [2025-10-11T04:33:35.629+0000] {dagbag.py:539} INFO - Filling up the DagBag from /opt/airflow/dags/comprehensive_analytics_pipeline.py
[2025-10-11T04:33:35.639+0000] {processor.py:839} INFO - DAG(s) dict_keys(['comprehensive_analytics_pipeline']) retrieved from /opt/airflow/dags/comprehensive_analytics_pipeline.py
[2025-10-11T04:33:35.655+0000] {logging_mixin.py:151} INFO - [2025-10-11T04:33:35.654+0000] {dag.py:2915} INFO - Sync 1 DAGs
[2025-10-11T04:33:35.663+0000] {logging_mixin.py:151} INFO - [2025-10-11T04:33:35.663+0000] {dag.py:3696} INFO - Setting next_dagrun for comprehensive_analytics_pipeline to 2025-10-11T02:33:35.662913+00:00, run_after=2025-10-11T04:33:35.662913+00:00
[2025-10-11T04:33:35.669+0000] {processor.py:179} INFO - Processing /opt/airflow/dags/comprehensive_analytics_pipeline.py took 0.043 seconds
[2025-10-11T04:34:06.138+0000] {processor.py:157} INFO - Started process (PID=1142) to work on /opt/airflow/dags/comprehensive_analytics_pipeline.py
[2025-10-11T04:34:06.138+0000] {processor.py:829} INFO - Processing file /opt/airflow/dags/comprehensive_analytics_pipeline.py for tasks to queue
[2025-10-11T04:34:06.139+0000] {logging_mixin.py:151} INFO - [2025-10-11T04:34:06.139+0000] {dagbag.py:539} INFO - Filling up the DagBag from /opt/airflow/dags/comprehensive_analytics_pipeline.py
[2025-10-11T04:34:06.146+0000] {processor.py:839} INFO - DAG(s) dict_keys(['comprehensive_analytics_pipeline']) retrieved from /opt/airflow/dags/comprehensive_analytics_pipeline.py
[2025-10-11T04:34:06.155+0000] {logging_mixin.py:151} INFO - [2025-10-11T04:34:06.155+0000] {dag.py:2915} INFO - Sync 1 DAGs
[2025-10-11T04:34:06.163+0000] {logging_mixin.py:151} INFO - [2025-10-11T04:34:06.163+0000] {dag.py:3696} INFO - Setting next_dagrun for comprehensive_analytics_pipeline to 2025-10-11T02:34:06.163564+00:00, run_after=2025-10-11T04:34:06.163564+00:00
[2025-10-11T04:34:06.172+0000] {processor.py:179} INFO - Processing /opt/airflow/dags/comprehensive_analytics_pipeline.py took 0.036 seconds
[2025-10-11T04:34:36.707+0000] {processor.py:157} INFO - Started process (PID=1189) to work on /opt/airflow/dags/comprehensive_analytics_pipeline.py
[2025-10-11T04:34:36.707+0000] {processor.py:829} INFO - Processing file /opt/airflow/dags/comprehensive_analytics_pipeline.py for tasks to queue
[2025-10-11T04:34:36.709+0000] {logging_mixin.py:151} INFO - [2025-10-11T04:34:36.709+0000] {dagbag.py:539} INFO - Filling up the DagBag from /opt/airflow/dags/comprehensive_analytics_pipeline.py
[2025-10-11T04:34:36.716+0000] {processor.py:839} INFO - DAG(s) dict_keys(['comprehensive_analytics_pipeline']) retrieved from /opt/airflow/dags/comprehensive_analytics_pipeline.py
[2025-10-11T04:34:36.730+0000] {logging_mixin.py:151} INFO - [2025-10-11T04:34:36.730+0000] {dag.py:2915} INFO - Sync 1 DAGs
[2025-10-11T04:34:36.739+0000] {logging_mixin.py:151} INFO - [2025-10-11T04:34:36.739+0000] {dag.py:3696} INFO - Setting next_dagrun for comprehensive_analytics_pipeline to 2025-10-11T02:34:36.739275+00:00, run_after=2025-10-11T04:34:36.739275+00:00
[2025-10-11T04:34:36.746+0000] {processor.py:179} INFO - Processing /opt/airflow/dags/comprehensive_analytics_pipeline.py took 0.040 seconds
[2025-10-11T04:35:07.235+0000] {processor.py:157} INFO - Started process (PID=1234) to work on /opt/airflow/dags/comprehensive_analytics_pipeline.py
[2025-10-11T04:35:07.235+0000] {processor.py:829} INFO - Processing file /opt/airflow/dags/comprehensive_analytics_pipeline.py for tasks to queue
[2025-10-11T04:35:07.236+0000] {logging_mixin.py:151} INFO - [2025-10-11T04:35:07.236+0000] {dagbag.py:539} INFO - Filling up the DagBag from /opt/airflow/dags/comprehensive_analytics_pipeline.py
[2025-10-11T04:35:07.246+0000] {processor.py:839} INFO - DAG(s) dict_keys(['comprehensive_analytics_pipeline']) retrieved from /opt/airflow/dags/comprehensive_analytics_pipeline.py
[2025-10-11T04:35:07.262+0000] {logging_mixin.py:151} INFO - [2025-10-11T04:35:07.261+0000] {dag.py:2915} INFO - Sync 1 DAGs
[2025-10-11T04:35:07.270+0000] {logging_mixin.py:151} INFO - [2025-10-11T04:35:07.270+0000] {dag.py:3696} INFO - Setting next_dagrun for comprehensive_analytics_pipeline to 2025-10-11T02:35:07.270442+00:00, run_after=2025-10-11T04:35:07.270442+00:00
[2025-10-11T04:35:07.279+0000] {processor.py:179} INFO - Processing /opt/airflow/dags/comprehensive_analytics_pipeline.py took 0.045 seconds
[2025-10-11T04:35:37.748+0000] {processor.py:157} INFO - Started process (PID=1279) to work on /opt/airflow/dags/comprehensive_analytics_pipeline.py
[2025-10-11T04:35:37.748+0000] {processor.py:829} INFO - Processing file /opt/airflow/dags/comprehensive_analytics_pipeline.py for tasks to queue
[2025-10-11T04:35:37.749+0000] {logging_mixin.py:151} INFO - [2025-10-11T04:35:37.749+0000] {dagbag.py:539} INFO - Filling up the DagBag from /opt/airflow/dags/comprehensive_analytics_pipeline.py
[2025-10-11T04:35:37.758+0000] {processor.py:839} INFO - DAG(s) dict_keys(['comprehensive_analytics_pipeline']) retrieved from /opt/airflow/dags/comprehensive_analytics_pipeline.py
[2025-10-11T04:35:37.769+0000] {logging_mixin.py:151} INFO - [2025-10-11T04:35:37.769+0000] {dag.py:2915} INFO - Sync 1 DAGs
[2025-10-11T04:35:37.777+0000] {logging_mixin.py:151} INFO - [2025-10-11T04:35:37.777+0000] {dag.py:3696} INFO - Setting next_dagrun for comprehensive_analytics_pipeline to 2025-10-11T02:35:37.777444+00:00, run_after=2025-10-11T04:35:37.777444+00:00
[2025-10-11T04:35:37.784+0000] {processor.py:179} INFO - Processing /opt/airflow/dags/comprehensive_analytics_pipeline.py took 0.038 seconds
[2025-10-11T04:36:08.282+0000] {processor.py:157} INFO - Started process (PID=1323) to work on /opt/airflow/dags/comprehensive_analytics_pipeline.py
[2025-10-11T04:36:08.282+0000] {processor.py:829} INFO - Processing file /opt/airflow/dags/comprehensive_analytics_pipeline.py for tasks to queue
[2025-10-11T04:36:08.283+0000] {logging_mixin.py:151} INFO - [2025-10-11T04:36:08.283+0000] {dagbag.py:539} INFO - Filling up the DagBag from /opt/airflow/dags/comprehensive_analytics_pipeline.py
[2025-10-11T04:36:08.292+0000] {processor.py:839} INFO - DAG(s) dict_keys(['comprehensive_analytics_pipeline']) retrieved from /opt/airflow/dags/comprehensive_analytics_pipeline.py
[2025-10-11T04:36:08.303+0000] {logging_mixin.py:151} INFO - [2025-10-11T04:36:08.303+0000] {dag.py:2915} INFO - Sync 1 DAGs
[2025-10-11T04:36:08.311+0000] {logging_mixin.py:151} INFO - [2025-10-11T04:36:08.310+0000] {dag.py:3696} INFO - Setting next_dagrun for comprehensive_analytics_pipeline to 2025-10-11T02:36:08.310863+00:00, run_after=2025-10-11T04:36:08.310863+00:00
[2025-10-11T04:36:08.317+0000] {processor.py:179} INFO - Processing /opt/airflow/dags/comprehensive_analytics_pipeline.py took 0.037 seconds
[2025-10-11T04:36:38.803+0000] {processor.py:157} INFO - Started process (PID=1366) to work on /opt/airflow/dags/comprehensive_analytics_pipeline.py
[2025-10-11T04:36:38.803+0000] {processor.py:829} INFO - Processing file /opt/airflow/dags/comprehensive_analytics_pipeline.py for tasks to queue
[2025-10-11T04:36:38.805+0000] {logging_mixin.py:151} INFO - [2025-10-11T04:36:38.805+0000] {dagbag.py:539} INFO - Filling up the DagBag from /opt/airflow/dags/comprehensive_analytics_pipeline.py
[2025-10-11T04:36:38.813+0000] {processor.py:839} INFO - DAG(s) dict_keys(['comprehensive_analytics_pipeline']) retrieved from /opt/airflow/dags/comprehensive_analytics_pipeline.py
[2025-10-11T04:36:38.824+0000] {logging_mixin.py:151} INFO - [2025-10-11T04:36:38.824+0000] {dag.py:2915} INFO - Sync 1 DAGs
[2025-10-11T04:36:38.832+0000] {logging_mixin.py:151} INFO - [2025-10-11T04:36:38.832+0000] {dag.py:3696} INFO - Setting next_dagrun for comprehensive_analytics_pipeline to 2025-10-11T02:36:38.832225+00:00, run_after=2025-10-11T04:36:38.832225+00:00
[2025-10-11T04:36:38.838+0000] {processor.py:179} INFO - Processing /opt/airflow/dags/comprehensive_analytics_pipeline.py took 0.037 seconds
[2025-10-11T04:37:09.390+0000] {processor.py:157} INFO - Started process (PID=1413) to work on /opt/airflow/dags/comprehensive_analytics_pipeline.py
[2025-10-11T04:37:09.390+0000] {processor.py:829} INFO - Processing file /opt/airflow/dags/comprehensive_analytics_pipeline.py for tasks to queue
[2025-10-11T04:37:09.392+0000] {logging_mixin.py:151} INFO - [2025-10-11T04:37:09.391+0000] {dagbag.py:539} INFO - Filling up the DagBag from /opt/airflow/dags/comprehensive_analytics_pipeline.py
[2025-10-11T04:37:09.401+0000] {processor.py:839} INFO - DAG(s) dict_keys(['comprehensive_analytics_pipeline']) retrieved from /opt/airflow/dags/comprehensive_analytics_pipeline.py
[2025-10-11T04:37:09.411+0000] {logging_mixin.py:151} INFO - [2025-10-11T04:37:09.410+0000] {dag.py:2915} INFO - Sync 1 DAGs
[2025-10-11T04:37:09.421+0000] {logging_mixin.py:151} INFO - [2025-10-11T04:37:09.421+0000] {dag.py:3696} INFO - Setting next_dagrun for comprehensive_analytics_pipeline to 2025-10-11T02:37:09.421206+00:00, run_after=2025-10-11T04:37:09.421206+00:00
[2025-10-11T04:37:09.428+0000] {processor.py:179} INFO - Processing /opt/airflow/dags/comprehensive_analytics_pipeline.py took 0.040 seconds
[2025-10-11T04:37:39.932+0000] {processor.py:157} INFO - Started process (PID=1458) to work on /opt/airflow/dags/comprehensive_analytics_pipeline.py
[2025-10-11T04:37:39.933+0000] {processor.py:829} INFO - Processing file /opt/airflow/dags/comprehensive_analytics_pipeline.py for tasks to queue
[2025-10-11T04:37:39.934+0000] {logging_mixin.py:151} INFO - [2025-10-11T04:37:39.934+0000] {dagbag.py:539} INFO - Filling up the DagBag from /opt/airflow/dags/comprehensive_analytics_pipeline.py
[2025-10-11T04:37:39.942+0000] {processor.py:839} INFO - DAG(s) dict_keys(['comprehensive_analytics_pipeline']) retrieved from /opt/airflow/dags/comprehensive_analytics_pipeline.py
[2025-10-11T04:37:39.951+0000] {logging_mixin.py:151} INFO - [2025-10-11T04:37:39.951+0000] {dag.py:2915} INFO - Sync 1 DAGs
[2025-10-11T04:37:39.960+0000] {logging_mixin.py:151} INFO - [2025-10-11T04:37:39.959+0000] {dag.py:3696} INFO - Setting next_dagrun for comprehensive_analytics_pipeline to 2025-10-11T02:37:39.959805+00:00, run_after=2025-10-11T04:37:39.959805+00:00
[2025-10-11T04:37:39.966+0000] {processor.py:179} INFO - Processing /opt/airflow/dags/comprehensive_analytics_pipeline.py took 0.035 seconds
[2025-10-11T04:38:10.393+0000] {processor.py:157} INFO - Started process (PID=1507) to work on /opt/airflow/dags/comprehensive_analytics_pipeline.py
[2025-10-11T04:38:10.394+0000] {processor.py:829} INFO - Processing file /opt/airflow/dags/comprehensive_analytics_pipeline.py for tasks to queue
[2025-10-11T04:38:10.395+0000] {logging_mixin.py:151} INFO - [2025-10-11T04:38:10.395+0000] {dagbag.py:539} INFO - Filling up the DagBag from /opt/airflow/dags/comprehensive_analytics_pipeline.py
[2025-10-11T04:38:10.408+0000] {processor.py:839} INFO - DAG(s) dict_keys(['comprehensive_analytics_pipeline']) retrieved from /opt/airflow/dags/comprehensive_analytics_pipeline.py
[2025-10-11T04:38:10.422+0000] {logging_mixin.py:151} INFO - [2025-10-11T04:38:10.422+0000] {dag.py:2915} INFO - Sync 1 DAGs
[2025-10-11T04:38:10.433+0000] {logging_mixin.py:151} INFO - [2025-10-11T04:38:10.432+0000] {dag.py:3696} INFO - Setting next_dagrun for comprehensive_analytics_pipeline to 2025-10-11T02:38:10.432810+00:00, run_after=2025-10-11T04:38:10.432810+00:00
[2025-10-11T04:38:10.441+0000] {processor.py:179} INFO - Processing /opt/airflow/dags/comprehensive_analytics_pipeline.py took 0.049 seconds
[2025-10-11T04:38:40.976+0000] {processor.py:157} INFO - Started process (PID=1560) to work on /opt/airflow/dags/comprehensive_analytics_pipeline.py
[2025-10-11T04:38:40.976+0000] {processor.py:829} INFO - Processing file /opt/airflow/dags/comprehensive_analytics_pipeline.py for tasks to queue
[2025-10-11T04:38:40.977+0000] {logging_mixin.py:151} INFO - [2025-10-11T04:38:40.977+0000] {dagbag.py:539} INFO - Filling up the DagBag from /opt/airflow/dags/comprehensive_analytics_pipeline.py
[2025-10-11T04:38:40.985+0000] {processor.py:839} INFO - DAG(s) dict_keys(['comprehensive_analytics_pipeline']) retrieved from /opt/airflow/dags/comprehensive_analytics_pipeline.py
[2025-10-11T04:38:40.997+0000] {logging_mixin.py:151} INFO - [2025-10-11T04:38:40.997+0000] {dag.py:2915} INFO - Sync 1 DAGs
[2025-10-11T04:38:41.008+0000] {logging_mixin.py:151} INFO - [2025-10-11T04:38:41.008+0000] {dag.py:3696} INFO - Setting next_dagrun for comprehensive_analytics_pipeline to 2025-10-11T02:38:41.008301+00:00, run_after=2025-10-11T04:38:41.008301+00:00
[2025-10-11T04:38:41.015+0000] {processor.py:179} INFO - Processing /opt/airflow/dags/comprehensive_analytics_pipeline.py took 0.041 seconds
[2025-10-11T04:39:11.498+0000] {processor.py:157} INFO - Started process (PID=1605) to work on /opt/airflow/dags/comprehensive_analytics_pipeline.py
[2025-10-11T04:39:11.498+0000] {processor.py:829} INFO - Processing file /opt/airflow/dags/comprehensive_analytics_pipeline.py for tasks to queue
[2025-10-11T04:39:11.499+0000] {logging_mixin.py:151} INFO - [2025-10-11T04:39:11.499+0000] {dagbag.py:539} INFO - Filling up the DagBag from /opt/airflow/dags/comprehensive_analytics_pipeline.py
[2025-10-11T04:39:11.508+0000] {processor.py:839} INFO - DAG(s) dict_keys(['comprehensive_analytics_pipeline']) retrieved from /opt/airflow/dags/comprehensive_analytics_pipeline.py
[2025-10-11T04:39:11.520+0000] {logging_mixin.py:151} INFO - [2025-10-11T04:39:11.520+0000] {dag.py:2915} INFO - Sync 1 DAGs
[2025-10-11T04:39:11.529+0000] {logging_mixin.py:151} INFO - [2025-10-11T04:39:11.529+0000] {dag.py:3696} INFO - Setting next_dagrun for comprehensive_analytics_pipeline to 2025-10-11T02:39:11.529185+00:00, run_after=2025-10-11T04:39:11.529185+00:00
[2025-10-11T04:39:11.536+0000] {processor.py:179} INFO - Processing /opt/airflow/dags/comprehensive_analytics_pipeline.py took 0.040 seconds
[2025-10-11T04:39:42.030+0000] {processor.py:157} INFO - Started process (PID=1650) to work on /opt/airflow/dags/comprehensive_analytics_pipeline.py
[2025-10-11T04:39:42.030+0000] {processor.py:829} INFO - Processing file /opt/airflow/dags/comprehensive_analytics_pipeline.py for tasks to queue
[2025-10-11T04:39:42.031+0000] {logging_mixin.py:151} INFO - [2025-10-11T04:39:42.031+0000] {dagbag.py:539} INFO - Filling up the DagBag from /opt/airflow/dags/comprehensive_analytics_pipeline.py
[2025-10-11T04:39:42.039+0000] {processor.py:839} INFO - DAG(s) dict_keys(['comprehensive_analytics_pipeline']) retrieved from /opt/airflow/dags/comprehensive_analytics_pipeline.py
[2025-10-11T04:39:42.049+0000] {logging_mixin.py:151} INFO - [2025-10-11T04:39:42.049+0000] {dag.py:2915} INFO - Sync 1 DAGs
[2025-10-11T04:39:42.058+0000] {logging_mixin.py:151} INFO - [2025-10-11T04:39:42.057+0000] {dag.py:3696} INFO - Setting next_dagrun for comprehensive_analytics_pipeline to 2025-10-11T02:39:42.057820+00:00, run_after=2025-10-11T04:39:42.057820+00:00
[2025-10-11T04:39:42.065+0000] {processor.py:179} INFO - Processing /opt/airflow/dags/comprehensive_analytics_pipeline.py took 0.037 seconds
[2025-10-11T04:40:12.747+0000] {processor.py:157} INFO - Started process (PID=1693) to work on /opt/airflow/dags/comprehensive_analytics_pipeline.py
[2025-10-11T04:40:12.747+0000] {processor.py:829} INFO - Processing file /opt/airflow/dags/comprehensive_analytics_pipeline.py for tasks to queue
[2025-10-11T04:40:12.748+0000] {logging_mixin.py:151} INFO - [2025-10-11T04:40:12.748+0000] {dagbag.py:539} INFO - Filling up the DagBag from /opt/airflow/dags/comprehensive_analytics_pipeline.py
[2025-10-11T04:40:12.756+0000] {processor.py:839} INFO - DAG(s) dict_keys(['comprehensive_analytics_pipeline']) retrieved from /opt/airflow/dags/comprehensive_analytics_pipeline.py
[2025-10-11T04:40:12.765+0000] {logging_mixin.py:151} INFO - [2025-10-11T04:40:12.765+0000] {dag.py:2915} INFO - Sync 1 DAGs
[2025-10-11T04:40:12.773+0000] {logging_mixin.py:151} INFO - [2025-10-11T04:40:12.773+0000] {dag.py:3696} INFO - Setting next_dagrun for comprehensive_analytics_pipeline to 2025-10-11T02:40:12.773718+00:00, run_after=2025-10-11T04:40:12.773718+00:00
[2025-10-11T04:40:12.783+0000] {processor.py:179} INFO - Processing /opt/airflow/dags/comprehensive_analytics_pipeline.py took 0.038 seconds
[2025-10-11T04:40:43.300+0000] {processor.py:157} INFO - Started process (PID=1740) to work on /opt/airflow/dags/comprehensive_analytics_pipeline.py
[2025-10-11T04:40:43.301+0000] {processor.py:829} INFO - Processing file /opt/airflow/dags/comprehensive_analytics_pipeline.py for tasks to queue
[2025-10-11T04:40:43.302+0000] {logging_mixin.py:151} INFO - [2025-10-11T04:40:43.302+0000] {dagbag.py:539} INFO - Filling up the DagBag from /opt/airflow/dags/comprehensive_analytics_pipeline.py
[2025-10-11T04:40:43.310+0000] {processor.py:839} INFO - DAG(s) dict_keys(['comprehensive_analytics_pipeline']) retrieved from /opt/airflow/dags/comprehensive_analytics_pipeline.py
[2025-10-11T04:40:43.319+0000] {logging_mixin.py:151} INFO - [2025-10-11T04:40:43.319+0000] {dag.py:2915} INFO - Sync 1 DAGs
[2025-10-11T04:40:43.327+0000] {logging_mixin.py:151} INFO - [2025-10-11T04:40:43.327+0000] {dag.py:3696} INFO - Setting next_dagrun for comprehensive_analytics_pipeline to 2025-10-11T02:40:43.327319+00:00, run_after=2025-10-11T04:40:43.327319+00:00
[2025-10-11T04:40:43.334+0000] {processor.py:179} INFO - Processing /opt/airflow/dags/comprehensive_analytics_pipeline.py took 0.035 seconds
[2025-10-11T04:41:13.850+0000] {processor.py:157} INFO - Started process (PID=1785) to work on /opt/airflow/dags/comprehensive_analytics_pipeline.py
[2025-10-11T04:41:13.850+0000] {processor.py:829} INFO - Processing file /opt/airflow/dags/comprehensive_analytics_pipeline.py for tasks to queue
[2025-10-11T04:41:13.852+0000] {logging_mixin.py:151} INFO - [2025-10-11T04:41:13.852+0000] {dagbag.py:539} INFO - Filling up the DagBag from /opt/airflow/dags/comprehensive_analytics_pipeline.py
[2025-10-11T04:41:13.862+0000] {processor.py:839} INFO - DAG(s) dict_keys(['comprehensive_analytics_pipeline']) retrieved from /opt/airflow/dags/comprehensive_analytics_pipeline.py
[2025-10-11T04:41:13.875+0000] {logging_mixin.py:151} INFO - [2025-10-11T04:41:13.875+0000] {dag.py:2915} INFO - Sync 1 DAGs
[2025-10-11T04:41:13.883+0000] {logging_mixin.py:151} INFO - [2025-10-11T04:41:13.883+0000] {dag.py:3696} INFO - Setting next_dagrun for comprehensive_analytics_pipeline to 2025-10-11T02:41:13.883429+00:00, run_after=2025-10-11T04:41:13.883429+00:00
[2025-10-11T04:41:13.889+0000] {processor.py:179} INFO - Processing /opt/airflow/dags/comprehensive_analytics_pipeline.py took 0.041 seconds
[2025-10-11T04:41:44.430+0000] {processor.py:157} INFO - Started process (PID=1831) to work on /opt/airflow/dags/comprehensive_analytics_pipeline.py
[2025-10-11T04:41:44.430+0000] {processor.py:829} INFO - Processing file /opt/airflow/dags/comprehensive_analytics_pipeline.py for tasks to queue
[2025-10-11T04:41:44.431+0000] {logging_mixin.py:151} INFO - [2025-10-11T04:41:44.431+0000] {dagbag.py:539} INFO - Filling up the DagBag from /opt/airflow/dags/comprehensive_analytics_pipeline.py
[2025-10-11T04:41:44.440+0000] {processor.py:839} INFO - DAG(s) dict_keys(['comprehensive_analytics_pipeline']) retrieved from /opt/airflow/dags/comprehensive_analytics_pipeline.py
[2025-10-11T04:41:44.453+0000] {logging_mixin.py:151} INFO - [2025-10-11T04:41:44.453+0000] {dag.py:2915} INFO - Sync 1 DAGs
[2025-10-11T04:41:44.460+0000] {logging_mixin.py:151} INFO - [2025-10-11T04:41:44.460+0000] {dag.py:3696} INFO - Setting next_dagrun for comprehensive_analytics_pipeline to 2025-10-11T02:41:44.460789+00:00, run_after=2025-10-11T04:41:44.460789+00:00
[2025-10-11T04:41:44.466+0000] {processor.py:179} INFO - Processing /opt/airflow/dags/comprehensive_analytics_pipeline.py took 0.038 seconds
[2025-10-11T04:42:14.985+0000] {processor.py:157} INFO - Started process (PID=1876) to work on /opt/airflow/dags/comprehensive_analytics_pipeline.py
[2025-10-11T04:42:14.985+0000] {processor.py:829} INFO - Processing file /opt/airflow/dags/comprehensive_analytics_pipeline.py for tasks to queue
[2025-10-11T04:42:14.986+0000] {logging_mixin.py:151} INFO - [2025-10-11T04:42:14.986+0000] {dagbag.py:539} INFO - Filling up the DagBag from /opt/airflow/dags/comprehensive_analytics_pipeline.py
[2025-10-11T04:42:14.995+0000] {processor.py:839} INFO - DAG(s) dict_keys(['comprehensive_analytics_pipeline']) retrieved from /opt/airflow/dags/comprehensive_analytics_pipeline.py
[2025-10-11T04:42:15.011+0000] {logging_mixin.py:151} INFO - [2025-10-11T04:42:15.011+0000] {dag.py:2915} INFO - Sync 1 DAGs
[2025-10-11T04:42:15.020+0000] {logging_mixin.py:151} INFO - [2025-10-11T04:42:15.020+0000] {dag.py:3696} INFO - Setting next_dagrun for comprehensive_analytics_pipeline to 2025-10-11T02:42:15.020177+00:00, run_after=2025-10-11T04:42:15.020177+00:00
[2025-10-11T04:42:15.026+0000] {processor.py:179} INFO - Processing /opt/airflow/dags/comprehensive_analytics_pipeline.py took 0.043 seconds
[2025-10-11T04:42:45.450+0000] {processor.py:157} INFO - Started process (PID=1919) to work on /opt/airflow/dags/comprehensive_analytics_pipeline.py
[2025-10-11T04:42:45.452+0000] {processor.py:829} INFO - Processing file /opt/airflow/dags/comprehensive_analytics_pipeline.py for tasks to queue
[2025-10-11T04:42:45.455+0000] {logging_mixin.py:151} INFO - [2025-10-11T04:42:45.454+0000] {dagbag.py:539} INFO - Filling up the DagBag from /opt/airflow/dags/comprehensive_analytics_pipeline.py
[2025-10-11T04:42:45.462+0000] {processor.py:839} INFO - DAG(s) dict_keys(['comprehensive_analytics_pipeline']) retrieved from /opt/airflow/dags/comprehensive_analytics_pipeline.py
[2025-10-11T04:42:45.474+0000] {logging_mixin.py:151} INFO - [2025-10-11T04:42:45.474+0000] {dag.py:2915} INFO - Sync 1 DAGs
[2025-10-11T04:42:45.484+0000] {logging_mixin.py:151} INFO - [2025-10-11T04:42:45.484+0000] {dag.py:3696} INFO - Setting next_dagrun for comprehensive_analytics_pipeline to 2025-10-11T02:42:45.484501+00:00, run_after=2025-10-11T04:42:45.484501+00:00
[2025-10-11T04:42:45.492+0000] {processor.py:179} INFO - Processing /opt/airflow/dags/comprehensive_analytics_pipeline.py took 0.043 seconds
[2025-10-11T04:58:38.106+0000] {processor.py:157} INFO - Started process (PID=1964) to work on /opt/airflow/dags/comprehensive_analytics_pipeline.py
[2025-10-11T04:58:38.106+0000] {processor.py:829} INFO - Processing file /opt/airflow/dags/comprehensive_analytics_pipeline.py for tasks to queue
[2025-10-11T04:58:38.107+0000] {logging_mixin.py:151} INFO - [2025-10-11T04:58:38.107+0000] {dagbag.py:539} INFO - Filling up the DagBag from /opt/airflow/dags/comprehensive_analytics_pipeline.py
[2025-10-11T04:58:38.116+0000] {processor.py:839} INFO - DAG(s) dict_keys(['comprehensive_analytics_pipeline']) retrieved from /opt/airflow/dags/comprehensive_analytics_pipeline.py
[2025-10-11T04:58:38.128+0000] {logging_mixin.py:151} INFO - [2025-10-11T04:58:38.128+0000] {dag.py:2915} INFO - Sync 1 DAGs
[2025-10-11T04:58:38.136+0000] {logging_mixin.py:151} INFO - [2025-10-11T04:58:38.136+0000] {dag.py:3696} INFO - Setting next_dagrun for comprehensive_analytics_pipeline to 2025-10-11T02:58:38.136493+00:00, run_after=2025-10-11T04:58:38.136493+00:00
[2025-10-11T04:58:38.147+0000] {processor.py:179} INFO - Processing /opt/airflow/dags/comprehensive_analytics_pipeline.py took 0.043 seconds
[2025-10-11T04:59:08.813+0000] {processor.py:157} INFO - Started process (PID=2011) to work on /opt/airflow/dags/comprehensive_analytics_pipeline.py
[2025-10-11T04:59:08.813+0000] {processor.py:829} INFO - Processing file /opt/airflow/dags/comprehensive_analytics_pipeline.py for tasks to queue
[2025-10-11T04:59:08.814+0000] {logging_mixin.py:151} INFO - [2025-10-11T04:59:08.814+0000] {dagbag.py:539} INFO - Filling up the DagBag from /opt/airflow/dags/comprehensive_analytics_pipeline.py
[2025-10-11T04:59:08.822+0000] {processor.py:839} INFO - DAG(s) dict_keys(['comprehensive_analytics_pipeline']) retrieved from /opt/airflow/dags/comprehensive_analytics_pipeline.py
[2025-10-11T04:59:08.832+0000] {logging_mixin.py:151} INFO - [2025-10-11T04:59:08.832+0000] {dag.py:2915} INFO - Sync 1 DAGs
[2025-10-11T04:59:08.840+0000] {logging_mixin.py:151} INFO - [2025-10-11T04:59:08.840+0000] {dag.py:3696} INFO - Setting next_dagrun for comprehensive_analytics_pipeline to 2025-10-11T02:59:08.840590+00:00, run_after=2025-10-11T04:59:08.840590+00:00
[2025-10-11T04:59:08.846+0000] {processor.py:179} INFO - Processing /opt/airflow/dags/comprehensive_analytics_pipeline.py took 0.035 seconds
[2025-10-11T05:16:18.433+0000] {processor.py:157} INFO - Started process (PID=2058) to work on /opt/airflow/dags/comprehensive_analytics_pipeline.py
[2025-10-11T05:16:18.434+0000] {processor.py:829} INFO - Processing file /opt/airflow/dags/comprehensive_analytics_pipeline.py for tasks to queue
[2025-10-11T05:16:18.434+0000] {logging_mixin.py:151} INFO - [2025-10-11T05:16:18.434+0000] {dagbag.py:539} INFO - Filling up the DagBag from /opt/airflow/dags/comprehensive_analytics_pipeline.py
[2025-10-11T05:16:18.443+0000] {processor.py:839} INFO - DAG(s) dict_keys(['comprehensive_analytics_pipeline']) retrieved from /opt/airflow/dags/comprehensive_analytics_pipeline.py
[2025-10-11T05:16:18.453+0000] {logging_mixin.py:151} INFO - [2025-10-11T05:16:18.453+0000] {dag.py:2915} INFO - Sync 1 DAGs
[2025-10-11T05:16:18.462+0000] {logging_mixin.py:151} INFO - [2025-10-11T05:16:18.462+0000] {dag.py:3696} INFO - Setting next_dagrun for comprehensive_analytics_pipeline to 2025-10-11T03:16:18.462077+00:00, run_after=2025-10-11T05:16:18.462077+00:00
[2025-10-11T05:16:18.469+0000] {processor.py:179} INFO - Processing /opt/airflow/dags/comprehensive_analytics_pipeline.py took 0.038 seconds
[2025-10-11T05:16:49.174+0000] {processor.py:157} INFO - Started process (PID=2103) to work on /opt/airflow/dags/comprehensive_analytics_pipeline.py
[2025-10-11T05:16:49.174+0000] {processor.py:829} INFO - Processing file /opt/airflow/dags/comprehensive_analytics_pipeline.py for tasks to queue
[2025-10-11T05:16:49.175+0000] {logging_mixin.py:151} INFO - [2025-10-11T05:16:49.175+0000] {dagbag.py:539} INFO - Filling up the DagBag from /opt/airflow/dags/comprehensive_analytics_pipeline.py
[2025-10-11T05:16:49.183+0000] {processor.py:839} INFO - DAG(s) dict_keys(['comprehensive_analytics_pipeline']) retrieved from /opt/airflow/dags/comprehensive_analytics_pipeline.py
[2025-10-11T05:16:49.192+0000] {logging_mixin.py:151} INFO - [2025-10-11T05:16:49.192+0000] {dag.py:2915} INFO - Sync 1 DAGs
[2025-10-11T05:16:49.200+0000] {logging_mixin.py:151} INFO - [2025-10-11T05:16:49.200+0000] {dag.py:3696} INFO - Setting next_dagrun for comprehensive_analytics_pipeline to 2025-10-11T03:16:49.199929+00:00, run_after=2025-10-11T05:16:49.199929+00:00
[2025-10-11T05:16:49.205+0000] {processor.py:179} INFO - Processing /opt/airflow/dags/comprehensive_analytics_pipeline.py took 0.033 seconds
[2025-10-11T05:33:38.731+0000] {processor.py:157} INFO - Started process (PID=2150) to work on /opt/airflow/dags/comprehensive_analytics_pipeline.py
[2025-10-11T05:33:38.732+0000] {processor.py:829} INFO - Processing file /opt/airflow/dags/comprehensive_analytics_pipeline.py for tasks to queue
[2025-10-11T05:33:38.734+0000] {logging_mixin.py:151} INFO - [2025-10-11T05:33:38.734+0000] {dagbag.py:539} INFO - Filling up the DagBag from /opt/airflow/dags/comprehensive_analytics_pipeline.py
[2025-10-11T05:33:38.743+0000] {processor.py:839} INFO - DAG(s) dict_keys(['comprehensive_analytics_pipeline']) retrieved from /opt/airflow/dags/comprehensive_analytics_pipeline.py
[2025-10-11T05:33:38.755+0000] {logging_mixin.py:151} INFO - [2025-10-11T05:33:38.755+0000] {dag.py:2915} INFO - Sync 1 DAGs
[2025-10-11T05:33:38.765+0000] {logging_mixin.py:151} INFO - [2025-10-11T05:33:38.765+0000] {dag.py:3696} INFO - Setting next_dagrun for comprehensive_analytics_pipeline to 2025-10-11T03:33:38.765304+00:00, run_after=2025-10-11T05:33:38.765304+00:00
[2025-10-11T05:33:38.777+0000] {processor.py:179} INFO - Processing /opt/airflow/dags/comprehensive_analytics_pipeline.py took 0.048 seconds
[2025-10-11T05:34:09.488+0000] {processor.py:157} INFO - Started process (PID=2205) to work on /opt/airflow/dags/comprehensive_analytics_pipeline.py
[2025-10-11T05:34:09.489+0000] {processor.py:829} INFO - Processing file /opt/airflow/dags/comprehensive_analytics_pipeline.py for tasks to queue
[2025-10-11T05:34:09.489+0000] {logging_mixin.py:151} INFO - [2025-10-11T05:34:09.489+0000] {dagbag.py:539} INFO - Filling up the DagBag from /opt/airflow/dags/comprehensive_analytics_pipeline.py
[2025-10-11T05:34:09.497+0000] {processor.py:839} INFO - DAG(s) dict_keys(['comprehensive_analytics_pipeline']) retrieved from /opt/airflow/dags/comprehensive_analytics_pipeline.py
[2025-10-11T05:34:09.507+0000] {logging_mixin.py:151} INFO - [2025-10-11T05:34:09.507+0000] {dag.py:2915} INFO - Sync 1 DAGs
[2025-10-11T05:34:09.515+0000] {logging_mixin.py:151} INFO - [2025-10-11T05:34:09.515+0000] {dag.py:3696} INFO - Setting next_dagrun for comprehensive_analytics_pipeline to 2025-10-11T03:34:09.514937+00:00, run_after=2025-10-11T05:34:09.514937+00:00
[2025-10-11T05:34:09.520+0000] {processor.py:179} INFO - Processing /opt/airflow/dags/comprehensive_analytics_pipeline.py took 0.034 seconds
[2025-10-11T05:34:40.070+0000] {processor.py:157} INFO - Started process (PID=2250) to work on /opt/airflow/dags/comprehensive_analytics_pipeline.py
[2025-10-11T05:34:40.070+0000] {processor.py:829} INFO - Processing file /opt/airflow/dags/comprehensive_analytics_pipeline.py for tasks to queue
[2025-10-11T05:34:40.071+0000] {logging_mixin.py:151} INFO - [2025-10-11T05:34:40.071+0000] {dagbag.py:539} INFO - Filling up the DagBag from /opt/airflow/dags/comprehensive_analytics_pipeline.py
[2025-10-11T05:34:40.079+0000] {processor.py:839} INFO - DAG(s) dict_keys(['comprehensive_analytics_pipeline']) retrieved from /opt/airflow/dags/comprehensive_analytics_pipeline.py
[2025-10-11T05:34:40.088+0000] {logging_mixin.py:151} INFO - [2025-10-11T05:34:40.088+0000] {dag.py:2915} INFO - Sync 1 DAGs
[2025-10-11T05:34:40.096+0000] {logging_mixin.py:151} INFO - [2025-10-11T05:34:40.096+0000] {dag.py:3696} INFO - Setting next_dagrun for comprehensive_analytics_pipeline to 2025-10-11T03:34:40.096729+00:00, run_after=2025-10-11T05:34:40.096729+00:00
[2025-10-11T05:34:40.102+0000] {processor.py:179} INFO - Processing /opt/airflow/dags/comprehensive_analytics_pipeline.py took 0.034 seconds
[2025-10-11T05:35:10.685+0000] {processor.py:157} INFO - Started process (PID=2295) to work on /opt/airflow/dags/comprehensive_analytics_pipeline.py
[2025-10-11T05:35:10.685+0000] {processor.py:829} INFO - Processing file /opt/airflow/dags/comprehensive_analytics_pipeline.py for tasks to queue
[2025-10-11T05:35:10.686+0000] {logging_mixin.py:151} INFO - [2025-10-11T05:35:10.686+0000] {dagbag.py:539} INFO - Filling up the DagBag from /opt/airflow/dags/comprehensive_analytics_pipeline.py
[2025-10-11T05:35:10.694+0000] {processor.py:839} INFO - DAG(s) dict_keys(['comprehensive_analytics_pipeline']) retrieved from /opt/airflow/dags/comprehensive_analytics_pipeline.py
[2025-10-11T05:35:10.704+0000] {logging_mixin.py:151} INFO - [2025-10-11T05:35:10.704+0000] {dag.py:2915} INFO - Sync 1 DAGs
[2025-10-11T05:35:10.712+0000] {logging_mixin.py:151} INFO - [2025-10-11T05:35:10.712+0000] {dag.py:3696} INFO - Setting next_dagrun for comprehensive_analytics_pipeline to 2025-10-11T03:35:10.712108+00:00, run_after=2025-10-11T05:35:10.712108+00:00
[2025-10-11T05:35:10.718+0000] {processor.py:179} INFO - Processing /opt/airflow/dags/comprehensive_analytics_pipeline.py took 0.034 seconds
[2025-10-11T06:40:45.147+0000] {processor.py:157} INFO - Started process (PID=2344) to work on /opt/airflow/dags/comprehensive_analytics_pipeline.py
[2025-10-11T06:40:45.148+0000] {processor.py:829} INFO - Processing file /opt/airflow/dags/comprehensive_analytics_pipeline.py for tasks to queue
[2025-10-11T06:40:45.149+0000] {logging_mixin.py:151} INFO - [2025-10-11T06:40:45.149+0000] {dagbag.py:539} INFO - Filling up the DagBag from /opt/airflow/dags/comprehensive_analytics_pipeline.py
[2025-10-11T06:40:45.185+0000] {processor.py:839} INFO - DAG(s) dict_keys(['comprehensive_analytics_pipeline']) retrieved from /opt/airflow/dags/comprehensive_analytics_pipeline.py
[2025-10-11T06:40:45.218+0000] {logging_mixin.py:151} INFO - [2025-10-11T06:40:45.217+0000] {dag.py:2915} INFO - Sync 1 DAGs
[2025-10-11T06:40:45.254+0000] {logging_mixin.py:151} INFO - [2025-10-11T06:40:45.253+0000] {dag.py:3696} INFO - Setting next_dagrun for comprehensive_analytics_pipeline to 2025-10-11T04:40:45.253727+00:00, run_after=2025-10-11T06:40:45.253727+00:00
[2025-10-11T06:40:45.285+0000] {processor.py:179} INFO - Processing /opt/airflow/dags/comprehensive_analytics_pipeline.py took 0.141 seconds
[2025-10-11T08:04:24.395+0000] {processor.py:157} INFO - Started process (PID=2407) to work on /opt/airflow/dags/comprehensive_analytics_pipeline.py
[2025-10-11T08:04:24.396+0000] {processor.py:829} INFO - Processing file /opt/airflow/dags/comprehensive_analytics_pipeline.py for tasks to queue
[2025-10-11T08:04:24.398+0000] {logging_mixin.py:151} INFO - [2025-10-11T08:04:24.398+0000] {dagbag.py:539} INFO - Filling up the DagBag from /opt/airflow/dags/comprehensive_analytics_pipeline.py
[2025-10-11T08:04:24.425+0000] {processor.py:839} INFO - DAG(s) dict_keys(['comprehensive_analytics_pipeline']) retrieved from /opt/airflow/dags/comprehensive_analytics_pipeline.py
[2025-10-11T08:04:24.456+0000] {logging_mixin.py:151} INFO - [2025-10-11T08:04:24.456+0000] {dag.py:2915} INFO - Sync 1 DAGs
[2025-10-11T08:04:24.473+0000] {logging_mixin.py:151} INFO - [2025-10-11T08:04:24.473+0000] {dag.py:3696} INFO - Setting next_dagrun for comprehensive_analytics_pipeline to 2025-10-11T06:04:24.473078+00:00, run_after=2025-10-11T08:04:24.473078+00:00
[2025-10-11T08:04:24.499+0000] {processor.py:179} INFO - Processing /opt/airflow/dags/comprehensive_analytics_pipeline.py took 0.106 seconds
[2025-10-11T09:36:57.881+0000] {processor.py:157} INFO - Started process (PID=2462) to work on /opt/airflow/dags/comprehensive_analytics_pipeline.py
[2025-10-11T09:36:57.882+0000] {processor.py:829} INFO - Processing file /opt/airflow/dags/comprehensive_analytics_pipeline.py for tasks to queue
[2025-10-11T09:36:57.886+0000] {logging_mixin.py:151} INFO - [2025-10-11T09:36:57.885+0000] {dagbag.py:539} INFO - Filling up the DagBag from /opt/airflow/dags/comprehensive_analytics_pipeline.py
[2025-10-11T09:36:57.919+0000] {processor.py:839} INFO - DAG(s) dict_keys(['comprehensive_analytics_pipeline']) retrieved from /opt/airflow/dags/comprehensive_analytics_pipeline.py
[2025-10-11T09:36:57.961+0000] {logging_mixin.py:151} INFO - [2025-10-11T09:36:57.960+0000] {dag.py:2915} INFO - Sync 1 DAGs
[2025-10-11T09:36:57.998+0000] {logging_mixin.py:151} INFO - [2025-10-11T09:36:57.997+0000] {dag.py:3696} INFO - Setting next_dagrun for comprehensive_analytics_pipeline to 2025-10-11T07:36:57.997369+00:00, run_after=2025-10-11T09:36:57.997369+00:00
[2025-10-11T09:36:58.031+0000] {processor.py:179} INFO - Processing /opt/airflow/dags/comprehensive_analytics_pipeline.py took 0.155 seconds
[2025-10-11T10:37:44.476+0000] {processor.py:157} INFO - Started process (PID=2531) to work on /opt/airflow/dags/comprehensive_analytics_pipeline.py
[2025-10-11T10:37:44.477+0000] {processor.py:829} INFO - Processing file /opt/airflow/dags/comprehensive_analytics_pipeline.py for tasks to queue
[2025-10-11T10:37:44.478+0000] {logging_mixin.py:151} INFO - [2025-10-11T10:37:44.478+0000] {dagbag.py:539} INFO - Filling up the DagBag from /opt/airflow/dags/comprehensive_analytics_pipeline.py
[2025-10-11T10:37:44.491+0000] {processor.py:839} INFO - DAG(s) dict_keys(['comprehensive_analytics_pipeline']) retrieved from /opt/airflow/dags/comprehensive_analytics_pipeline.py
[2025-10-11T10:37:44.507+0000] {logging_mixin.py:151} INFO - [2025-10-11T10:37:44.507+0000] {dag.py:2915} INFO - Sync 1 DAGs
[2025-10-11T10:37:44.520+0000] {logging_mixin.py:151} INFO - [2025-10-11T10:37:44.520+0000] {dag.py:3696} INFO - Setting next_dagrun for comprehensive_analytics_pipeline to 2025-10-11T08:37:44.519980+00:00, run_after=2025-10-11T10:37:44.519980+00:00
[2025-10-11T10:37:44.531+0000] {processor.py:179} INFO - Processing /opt/airflow/dags/comprehensive_analytics_pipeline.py took 0.057 seconds
[2025-10-11T11:38:53.107+0000] {processor.py:157} INFO - Started process (PID=2582) to work on /opt/airflow/dags/comprehensive_analytics_pipeline.py
[2025-10-11T11:38:53.108+0000] {processor.py:829} INFO - Processing file /opt/airflow/dags/comprehensive_analytics_pipeline.py for tasks to queue
[2025-10-11T11:38:53.109+0000] {logging_mixin.py:151} INFO - [2025-10-11T11:38:53.109+0000] {dagbag.py:539} INFO - Filling up the DagBag from /opt/airflow/dags/comprehensive_analytics_pipeline.py
[2025-10-11T11:38:53.123+0000] {processor.py:839} INFO - DAG(s) dict_keys(['comprehensive_analytics_pipeline']) retrieved from /opt/airflow/dags/comprehensive_analytics_pipeline.py
[2025-10-11T11:38:53.137+0000] {logging_mixin.py:151} INFO - [2025-10-11T11:38:53.137+0000] {dag.py:2915} INFO - Sync 1 DAGs
[2025-10-11T11:38:53.149+0000] {logging_mixin.py:151} INFO - [2025-10-11T11:38:53.149+0000] {dag.py:3696} INFO - Setting next_dagrun for comprehensive_analytics_pipeline to 2025-10-11T09:38:53.149391+00:00, run_after=2025-10-11T11:38:53.149391+00:00
[2025-10-11T11:38:53.158+0000] {processor.py:179} INFO - Processing /opt/airflow/dags/comprehensive_analytics_pipeline.py took 0.053 seconds
[2025-10-11T13:37:14.684+0000] {processor.py:157} INFO - Started process (PID=2639) to work on /opt/airflow/dags/comprehensive_analytics_pipeline.py
[2025-10-11T13:37:14.685+0000] {processor.py:829} INFO - Processing file /opt/airflow/dags/comprehensive_analytics_pipeline.py for tasks to queue
[2025-10-11T13:37:14.686+0000] {logging_mixin.py:151} INFO - [2025-10-11T13:37:14.686+0000] {dagbag.py:539} INFO - Filling up the DagBag from /opt/airflow/dags/comprehensive_analytics_pipeline.py
[2025-10-11T13:37:14.697+0000] {processor.py:839} INFO - DAG(s) dict_keys(['comprehensive_analytics_pipeline']) retrieved from /opt/airflow/dags/comprehensive_analytics_pipeline.py
[2025-10-11T13:37:14.711+0000] {logging_mixin.py:151} INFO - [2025-10-11T13:37:14.710+0000] {dag.py:2915} INFO - Sync 1 DAGs
[2025-10-11T13:37:14.722+0000] {logging_mixin.py:151} INFO - [2025-10-11T13:37:14.722+0000] {dag.py:3696} INFO - Setting next_dagrun for comprehensive_analytics_pipeline to 2025-10-11T11:37:14.722005+00:00, run_after=2025-10-11T13:37:14.722005+00:00
[2025-10-11T13:37:14.730+0000] {processor.py:179} INFO - Processing /opt/airflow/dags/comprehensive_analytics_pipeline.py took 0.048 seconds
[2025-10-11T14:29:21.518+0000] {processor.py:157} INFO - Started process (PID=2696) to work on /opt/airflow/dags/comprehensive_analytics_pipeline.py
[2025-10-11T14:29:21.519+0000] {processor.py:829} INFO - Processing file /opt/airflow/dags/comprehensive_analytics_pipeline.py for tasks to queue
[2025-10-11T14:29:21.520+0000] {logging_mixin.py:151} INFO - [2025-10-11T14:29:21.520+0000] {dagbag.py:539} INFO - Filling up the DagBag from /opt/airflow/dags/comprehensive_analytics_pipeline.py
[2025-10-11T14:29:21.532+0000] {processor.py:839} INFO - DAG(s) dict_keys(['comprehensive_analytics_pipeline']) retrieved from /opt/airflow/dags/comprehensive_analytics_pipeline.py
[2025-10-11T14:29:21.551+0000] {logging_mixin.py:151} INFO - [2025-10-11T14:29:21.550+0000] {dag.py:2915} INFO - Sync 1 DAGs
[2025-10-11T14:29:21.566+0000] {logging_mixin.py:151} INFO - [2025-10-11T14:29:21.566+0000] {dag.py:3696} INFO - Setting next_dagrun for comprehensive_analytics_pipeline to 2025-10-11T12:29:21.565825+00:00, run_after=2025-10-11T14:29:21.565825+00:00
[2025-10-11T14:29:21.578+0000] {processor.py:179} INFO - Processing /opt/airflow/dags/comprehensive_analytics_pipeline.py took 0.062 seconds
[2025-10-11T14:47:57.431+0000] {processor.py:157} INFO - Started process (PID=2741) to work on /opt/airflow/dags/comprehensive_analytics_pipeline.py
[2025-10-11T14:47:57.431+0000] {processor.py:829} INFO - Processing file /opt/airflow/dags/comprehensive_analytics_pipeline.py for tasks to queue
[2025-10-11T14:47:57.433+0000] {logging_mixin.py:151} INFO - [2025-10-11T14:47:57.432+0000] {dagbag.py:539} INFO - Filling up the DagBag from /opt/airflow/dags/comprehensive_analytics_pipeline.py
[2025-10-11T14:47:57.443+0000] {processor.py:839} INFO - DAG(s) dict_keys(['comprehensive_analytics_pipeline']) retrieved from /opt/airflow/dags/comprehensive_analytics_pipeline.py
[2025-10-11T14:47:57.458+0000] {logging_mixin.py:151} INFO - [2025-10-11T14:47:57.458+0000] {dag.py:2915} INFO - Sync 1 DAGs
[2025-10-11T14:47:57.470+0000] {logging_mixin.py:151} INFO - [2025-10-11T14:47:57.470+0000] {dag.py:3696} INFO - Setting next_dagrun for comprehensive_analytics_pipeline to 2025-10-11T12:47:57.470003+00:00, run_after=2025-10-11T14:47:57.470003+00:00
[2025-10-11T14:47:57.479+0000] {processor.py:179} INFO - Processing /opt/airflow/dags/comprehensive_analytics_pipeline.py took 0.050 seconds
[2025-10-11T16:49:48.274+0000] {processor.py:157} INFO - Started process (PID=2800) to work on /opt/airflow/dags/comprehensive_analytics_pipeline.py
[2025-10-11T16:49:48.275+0000] {processor.py:829} INFO - Processing file /opt/airflow/dags/comprehensive_analytics_pipeline.py for tasks to queue
[2025-10-11T16:49:48.276+0000] {logging_mixin.py:151} INFO - [2025-10-11T16:49:48.276+0000] {dagbag.py:539} INFO - Filling up the DagBag from /opt/airflow/dags/comprehensive_analytics_pipeline.py
[2025-10-11T16:49:48.288+0000] {processor.py:839} INFO - DAG(s) dict_keys(['comprehensive_analytics_pipeline']) retrieved from /opt/airflow/dags/comprehensive_analytics_pipeline.py
[2025-10-11T16:49:48.305+0000] {logging_mixin.py:151} INFO - [2025-10-11T16:49:48.305+0000] {dag.py:2915} INFO - Sync 1 DAGs
[2025-10-11T16:49:48.319+0000] {logging_mixin.py:151} INFO - [2025-10-11T16:49:48.319+0000] {dag.py:3696} INFO - Setting next_dagrun for comprehensive_analytics_pipeline to 2025-10-11T14:49:48.319103+00:00, run_after=2025-10-11T16:49:48.319103+00:00
[2025-10-11T16:49:48.336+0000] {processor.py:179} INFO - Processing /opt/airflow/dags/comprehensive_analytics_pipeline.py took 0.065 seconds
[2025-10-11T17:50:48.858+0000] {processor.py:157} INFO - Started process (PID=2868) to work on /opt/airflow/dags/comprehensive_analytics_pipeline.py
[2025-10-11T17:50:48.858+0000] {processor.py:829} INFO - Processing file /opt/airflow/dags/comprehensive_analytics_pipeline.py for tasks to queue
[2025-10-11T17:50:48.859+0000] {logging_mixin.py:151} INFO - [2025-10-11T17:50:48.859+0000] {dagbag.py:539} INFO - Filling up the DagBag from /opt/airflow/dags/comprehensive_analytics_pipeline.py
[2025-10-11T17:50:48.872+0000] {processor.py:839} INFO - DAG(s) dict_keys(['comprehensive_analytics_pipeline']) retrieved from /opt/airflow/dags/comprehensive_analytics_pipeline.py
[2025-10-11T17:50:48.886+0000] {logging_mixin.py:151} INFO - [2025-10-11T17:50:48.886+0000] {dag.py:2915} INFO - Sync 1 DAGs
[2025-10-11T17:50:48.897+0000] {logging_mixin.py:151} INFO - [2025-10-11T17:50:48.897+0000] {dag.py:3696} INFO - Setting next_dagrun for comprehensive_analytics_pipeline to 2025-10-11T15:50:48.897704+00:00, run_after=2025-10-11T17:50:48.897704+00:00
[2025-10-11T17:50:48.910+0000] {processor.py:179} INFO - Processing /opt/airflow/dags/comprehensive_analytics_pipeline.py took 0.055 seconds
[2025-10-11T18:41:07.536+0000] {processor.py:157} INFO - Started process (PID=2926) to work on /opt/airflow/dags/comprehensive_analytics_pipeline.py
[2025-10-11T18:41:07.536+0000] {processor.py:829} INFO - Processing file /opt/airflow/dags/comprehensive_analytics_pipeline.py for tasks to queue
[2025-10-11T18:41:07.537+0000] {logging_mixin.py:151} INFO - [2025-10-11T18:41:07.537+0000] {dagbag.py:539} INFO - Filling up the DagBag from /opt/airflow/dags/comprehensive_analytics_pipeline.py
[2025-10-11T18:41:07.548+0000] {processor.py:839} INFO - DAG(s) dict_keys(['comprehensive_analytics_pipeline']) retrieved from /opt/airflow/dags/comprehensive_analytics_pipeline.py
[2025-10-11T18:41:07.561+0000] {logging_mixin.py:151} INFO - [2025-10-11T18:41:07.561+0000] {dag.py:2915} INFO - Sync 1 DAGs
[2025-10-11T18:41:07.573+0000] {logging_mixin.py:151} INFO - [2025-10-11T18:41:07.573+0000] {dag.py:3696} INFO - Setting next_dagrun for comprehensive_analytics_pipeline to 2025-10-11T16:41:07.573215+00:00, run_after=2025-10-11T18:41:07.573215+00:00
[2025-10-11T18:41:07.581+0000] {processor.py:179} INFO - Processing /opt/airflow/dags/comprehensive_analytics_pipeline.py took 0.048 seconds
[2025-10-11T22:07:03.201+0000] {processor.py:157} INFO - Started process (PID=2977) to work on /opt/airflow/dags/comprehensive_analytics_pipeline.py
[2025-10-11T22:07:03.202+0000] {processor.py:829} INFO - Processing file /opt/airflow/dags/comprehensive_analytics_pipeline.py for tasks to queue
[2025-10-11T22:07:03.204+0000] {logging_mixin.py:151} INFO - [2025-10-11T22:07:03.204+0000] {dagbag.py:539} INFO - Filling up the DagBag from /opt/airflow/dags/comprehensive_analytics_pipeline.py
[2025-10-11T22:07:03.219+0000] {processor.py:839} INFO - DAG(s) dict_keys(['comprehensive_analytics_pipeline']) retrieved from /opt/airflow/dags/comprehensive_analytics_pipeline.py
[2025-10-11T22:07:03.239+0000] {logging_mixin.py:151} INFO - [2025-10-11T22:07:03.239+0000] {dag.py:2915} INFO - Sync 1 DAGs
[2025-10-11T22:07:03.255+0000] {logging_mixin.py:151} INFO - [2025-10-11T22:07:03.255+0000] {dag.py:3696} INFO - Setting next_dagrun for comprehensive_analytics_pipeline to 2025-10-11T20:07:03.255360+00:00, run_after=2025-10-11T22:07:03.255360+00:00
[2025-10-11T22:07:03.269+0000] {processor.py:179} INFO - Processing /opt/airflow/dags/comprehensive_analytics_pipeline.py took 0.071 seconds
[2025-10-11T23:54:40.614+0000] {processor.py:157} INFO - Started process (PID=3046) to work on /opt/airflow/dags/comprehensive_analytics_pipeline.py
[2025-10-11T23:54:40.614+0000] {processor.py:829} INFO - Processing file /opt/airflow/dags/comprehensive_analytics_pipeline.py for tasks to queue
[2025-10-11T23:54:40.617+0000] {logging_mixin.py:151} INFO - [2025-10-11T23:54:40.617+0000] {dagbag.py:539} INFO - Filling up the DagBag from /opt/airflow/dags/comprehensive_analytics_pipeline.py
[2025-10-11T23:54:40.635+0000] {processor.py:839} INFO - DAG(s) dict_keys(['comprehensive_analytics_pipeline']) retrieved from /opt/airflow/dags/comprehensive_analytics_pipeline.py
[2025-10-11T23:54:40.667+0000] {logging_mixin.py:151} INFO - [2025-10-11T23:54:40.667+0000] {dag.py:2915} INFO - Sync 1 DAGs
[2025-10-11T23:54:40.699+0000] {logging_mixin.py:151} INFO - [2025-10-11T23:54:40.699+0000] {dag.py:3696} INFO - Setting next_dagrun for comprehensive_analytics_pipeline to 2025-10-11T21:54:40.699436+00:00, run_after=2025-10-11T23:54:40.699436+00:00
[2025-10-11T23:54:40.719+0000] {processor.py:179} INFO - Processing /opt/airflow/dags/comprehensive_analytics_pipeline.py took 0.109 seconds
