[2025-10-11T04:26:26.865+0000] {processor.py:157} INFO - Started process (PID=220) to work on /opt/airflow/dags/nyc_weather_etl.py
[2025-10-11T04:26:26.866+0000] {processor.py:829} INFO - Processing file /opt/airflow/dags/nyc_weather_etl.py for tasks to queue
[2025-10-11T04:26:26.867+0000] {logging_mixin.py:151} INFO - [2025-10-11T04:26:26.866+0000] {dagbag.py:539} INFO - Filling up the DagBag from /opt/airflow/dags/nyc_weather_etl.py
[2025-10-11T04:26:27.442+0000] {processor.py:839} INFO - DAG(s) dict_keys(['nyc_weather_etl']) retrieved from /opt/airflow/dags/nyc_weather_etl.py
[2025-10-11T04:26:27.547+0000] {logging_mixin.py:151} INFO - [2025-10-11T04:26:27.547+0000] {security.py:708} INFO - Not syncing DAG-level permissions for DAG 'DAG:nyc_weather_etl' as access control is unset.
[2025-10-11T04:26:27.549+0000] {logging_mixin.py:151} INFO - [2025-10-11T04:26:27.549+0000] {dag.py:2915} INFO - Sync 1 DAGs
[2025-10-11T04:26:27.561+0000] {logging_mixin.py:151} INFO - [2025-10-11T04:26:27.560+0000] {dag.py:3696} INFO - Setting next_dagrun for nyc_weather_etl to 2025-10-11T03:26:27.560771+00:00, run_after=2025-10-11T04:26:27.560771+00:00
[2025-10-11T04:26:27.569+0000] {processor.py:179} INFO - Processing /opt/airflow/dags/nyc_weather_etl.py took 0.706 seconds
[2025-10-11T04:26:58.043+0000] {processor.py:157} INFO - Started process (PID=487) to work on /opt/airflow/dags/nyc_weather_etl.py
[2025-10-11T04:26:58.043+0000] {processor.py:829} INFO - Processing file /opt/airflow/dags/nyc_weather_etl.py for tasks to queue
[2025-10-11T04:26:58.045+0000] {logging_mixin.py:151} INFO - [2025-10-11T04:26:58.045+0000] {dagbag.py:539} INFO - Filling up the DagBag from /opt/airflow/dags/nyc_weather_etl.py
[2025-10-11T04:26:58.170+0000] {processor.py:839} INFO - DAG(s) dict_keys(['nyc_weather_etl']) retrieved from /opt/airflow/dags/nyc_weather_etl.py
[2025-10-11T04:26:58.187+0000] {logging_mixin.py:151} INFO - [2025-10-11T04:26:58.187+0000] {dag.py:2915} INFO - Sync 1 DAGs
[2025-10-11T04:26:58.198+0000] {logging_mixin.py:151} INFO - [2025-10-11T04:26:58.198+0000] {dag.py:3696} INFO - Setting next_dagrun for nyc_weather_etl to 2025-10-11T04:26:27.560771+00:00, run_after=2025-10-11T05:26:27.560771+00:00
[2025-10-11T04:26:58.210+0000] {processor.py:179} INFO - Processing /opt/airflow/dags/nyc_weather_etl.py took 0.170 seconds
[2025-10-11T04:27:28.578+0000] {processor.py:157} INFO - Started process (PID=532) to work on /opt/airflow/dags/nyc_weather_etl.py
[2025-10-11T04:27:28.578+0000] {processor.py:829} INFO - Processing file /opt/airflow/dags/nyc_weather_etl.py for tasks to queue
[2025-10-11T04:27:28.580+0000] {logging_mixin.py:151} INFO - [2025-10-11T04:27:28.580+0000] {dagbag.py:539} INFO - Filling up the DagBag from /opt/airflow/dags/nyc_weather_etl.py
[2025-10-11T04:27:28.697+0000] {processor.py:839} INFO - DAG(s) dict_keys(['nyc_weather_etl']) retrieved from /opt/airflow/dags/nyc_weather_etl.py
[2025-10-11T04:27:28.710+0000] {logging_mixin.py:151} INFO - [2025-10-11T04:27:28.710+0000] {dag.py:2915} INFO - Sync 1 DAGs
[2025-10-11T04:27:28.724+0000] {logging_mixin.py:151} INFO - [2025-10-11T04:27:28.724+0000] {dag.py:3696} INFO - Setting next_dagrun for nyc_weather_etl to 2025-10-11T04:26:27.560771+00:00, run_after=2025-10-11T05:26:27.560771+00:00
[2025-10-11T04:27:28.733+0000] {processor.py:179} INFO - Processing /opt/airflow/dags/nyc_weather_etl.py took 0.158 seconds
[2025-10-11T04:27:59.067+0000] {processor.py:157} INFO - Started process (PID=577) to work on /opt/airflow/dags/nyc_weather_etl.py
[2025-10-11T04:27:59.068+0000] {processor.py:829} INFO - Processing file /opt/airflow/dags/nyc_weather_etl.py for tasks to queue
[2025-10-11T04:27:59.069+0000] {logging_mixin.py:151} INFO - [2025-10-11T04:27:59.069+0000] {dagbag.py:539} INFO - Filling up the DagBag from /opt/airflow/dags/nyc_weather_etl.py
[2025-10-11T04:27:59.182+0000] {processor.py:839} INFO - DAG(s) dict_keys(['nyc_weather_etl']) retrieved from /opt/airflow/dags/nyc_weather_etl.py
[2025-10-11T04:27:59.197+0000] {logging_mixin.py:151} INFO - [2025-10-11T04:27:59.196+0000] {dag.py:2915} INFO - Sync 1 DAGs
[2025-10-11T04:27:59.205+0000] {logging_mixin.py:151} INFO - [2025-10-11T04:27:59.205+0000] {dag.py:3696} INFO - Setting next_dagrun for nyc_weather_etl to 2025-10-11T04:26:27.560771+00:00, run_after=2025-10-11T05:26:27.560771+00:00
[2025-10-11T04:27:59.214+0000] {processor.py:179} INFO - Processing /opt/airflow/dags/nyc_weather_etl.py took 0.149 seconds
[2025-10-11T04:28:29.551+0000] {processor.py:157} INFO - Started process (PID=622) to work on /opt/airflow/dags/nyc_weather_etl.py
[2025-10-11T04:28:29.551+0000] {processor.py:829} INFO - Processing file /opt/airflow/dags/nyc_weather_etl.py for tasks to queue
[2025-10-11T04:28:29.552+0000] {logging_mixin.py:151} INFO - [2025-10-11T04:28:29.552+0000] {dagbag.py:539} INFO - Filling up the DagBag from /opt/airflow/dags/nyc_weather_etl.py
[2025-10-11T04:28:29.662+0000] {processor.py:839} INFO - DAG(s) dict_keys(['nyc_weather_etl']) retrieved from /opt/airflow/dags/nyc_weather_etl.py
[2025-10-11T04:28:29.675+0000] {logging_mixin.py:151} INFO - [2025-10-11T04:28:29.675+0000] {dag.py:2915} INFO - Sync 1 DAGs
[2025-10-11T04:28:29.683+0000] {logging_mixin.py:151} INFO - [2025-10-11T04:28:29.683+0000] {dag.py:3696} INFO - Setting next_dagrun for nyc_weather_etl to 2025-10-11T04:26:27.560771+00:00, run_after=2025-10-11T05:26:27.560771+00:00
[2025-10-11T04:28:29.759+0000] {processor.py:179} INFO - Processing /opt/airflow/dags/nyc_weather_etl.py took 0.210 seconds
[2025-10-11T04:29:00.184+0000] {processor.py:157} INFO - Started process (PID=667) to work on /opt/airflow/dags/nyc_weather_etl.py
[2025-10-11T04:29:00.185+0000] {processor.py:829} INFO - Processing file /opt/airflow/dags/nyc_weather_etl.py for tasks to queue
[2025-10-11T04:29:00.187+0000] {logging_mixin.py:151} INFO - [2025-10-11T04:29:00.187+0000] {dagbag.py:539} INFO - Filling up the DagBag from /opt/airflow/dags/nyc_weather_etl.py
[2025-10-11T04:29:00.320+0000] {processor.py:839} INFO - DAG(s) dict_keys(['nyc_weather_etl']) retrieved from /opt/airflow/dags/nyc_weather_etl.py
[2025-10-11T04:29:00.335+0000] {logging_mixin.py:151} INFO - [2025-10-11T04:29:00.334+0000] {dag.py:2915} INFO - Sync 1 DAGs
[2025-10-11T04:29:00.343+0000] {logging_mixin.py:151} INFO - [2025-10-11T04:29:00.343+0000] {dag.py:3696} INFO - Setting next_dagrun for nyc_weather_etl to 2025-10-11T04:26:27.560771+00:00, run_after=2025-10-11T05:26:27.560771+00:00
[2025-10-11T04:29:00.354+0000] {processor.py:179} INFO - Processing /opt/airflow/dags/nyc_weather_etl.py took 0.173 seconds
[2025-10-11T04:29:30.747+0000] {processor.py:157} INFO - Started process (PID=712) to work on /opt/airflow/dags/nyc_weather_etl.py
[2025-10-11T04:29:30.748+0000] {processor.py:829} INFO - Processing file /opt/airflow/dags/nyc_weather_etl.py for tasks to queue
[2025-10-11T04:29:30.749+0000] {logging_mixin.py:151} INFO - [2025-10-11T04:29:30.749+0000] {dagbag.py:539} INFO - Filling up the DagBag from /opt/airflow/dags/nyc_weather_etl.py
[2025-10-11T04:29:30.862+0000] {processor.py:839} INFO - DAG(s) dict_keys(['nyc_weather_etl']) retrieved from /opt/airflow/dags/nyc_weather_etl.py
[2025-10-11T04:29:30.878+0000] {logging_mixin.py:151} INFO - [2025-10-11T04:29:30.877+0000] {dag.py:2915} INFO - Sync 1 DAGs
[2025-10-11T04:29:30.976+0000] {logging_mixin.py:151} INFO - [2025-10-11T04:29:30.976+0000] {dag.py:3696} INFO - Setting next_dagrun for nyc_weather_etl to 2025-10-11T04:26:27.560771+00:00, run_after=2025-10-11T05:26:27.560771+00:00
[2025-10-11T04:29:30.988+0000] {processor.py:179} INFO - Processing /opt/airflow/dags/nyc_weather_etl.py took 0.243 seconds
[2025-10-11T04:30:01.336+0000] {processor.py:157} INFO - Started process (PID=757) to work on /opt/airflow/dags/nyc_weather_etl.py
[2025-10-11T04:30:01.337+0000] {processor.py:829} INFO - Processing file /opt/airflow/dags/nyc_weather_etl.py for tasks to queue
[2025-10-11T04:30:01.338+0000] {logging_mixin.py:151} INFO - [2025-10-11T04:30:01.338+0000] {dagbag.py:539} INFO - Filling up the DagBag from /opt/airflow/dags/nyc_weather_etl.py
[2025-10-11T04:30:01.455+0000] {processor.py:839} INFO - DAG(s) dict_keys(['nyc_weather_etl']) retrieved from /opt/airflow/dags/nyc_weather_etl.py
[2025-10-11T04:30:01.470+0000] {logging_mixin.py:151} INFO - [2025-10-11T04:30:01.470+0000] {dag.py:2915} INFO - Sync 1 DAGs
[2025-10-11T04:30:01.477+0000] {logging_mixin.py:151} INFO - [2025-10-11T04:30:01.477+0000] {dag.py:3696} INFO - Setting next_dagrun for nyc_weather_etl to 2025-10-11T04:26:27.560771+00:00, run_after=2025-10-11T05:26:27.560771+00:00
[2025-10-11T04:30:01.491+0000] {processor.py:179} INFO - Processing /opt/airflow/dags/nyc_weather_etl.py took 0.157 seconds
[2025-10-11T04:30:31.845+0000] {processor.py:157} INFO - Started process (PID=802) to work on /opt/airflow/dags/nyc_weather_etl.py
[2025-10-11T04:30:31.846+0000] {processor.py:829} INFO - Processing file /opt/airflow/dags/nyc_weather_etl.py for tasks to queue
[2025-10-11T04:30:31.847+0000] {logging_mixin.py:151} INFO - [2025-10-11T04:30:31.847+0000] {dagbag.py:539} INFO - Filling up the DagBag from /opt/airflow/dags/nyc_weather_etl.py
[2025-10-11T04:30:31.963+0000] {processor.py:839} INFO - DAG(s) dict_keys(['nyc_weather_etl']) retrieved from /opt/airflow/dags/nyc_weather_etl.py
[2025-10-11T04:30:31.975+0000] {logging_mixin.py:151} INFO - [2025-10-11T04:30:31.975+0000] {dag.py:2915} INFO - Sync 1 DAGs
[2025-10-11T04:30:32.050+0000] {logging_mixin.py:151} INFO - [2025-10-11T04:30:32.050+0000] {dag.py:3696} INFO - Setting next_dagrun for nyc_weather_etl to 2025-10-11T04:26:27.560771+00:00, run_after=2025-10-11T05:26:27.560771+00:00
[2025-10-11T04:30:32.057+0000] {processor.py:179} INFO - Processing /opt/airflow/dags/nyc_weather_etl.py took 0.215 seconds
[2025-10-11T04:31:02.435+0000] {processor.py:157} INFO - Started process (PID=847) to work on /opt/airflow/dags/nyc_weather_etl.py
[2025-10-11T04:31:02.436+0000] {processor.py:829} INFO - Processing file /opt/airflow/dags/nyc_weather_etl.py for tasks to queue
[2025-10-11T04:31:02.437+0000] {logging_mixin.py:151} INFO - [2025-10-11T04:31:02.437+0000] {dagbag.py:539} INFO - Filling up the DagBag from /opt/airflow/dags/nyc_weather_etl.py
[2025-10-11T04:31:02.550+0000] {processor.py:839} INFO - DAG(s) dict_keys(['nyc_weather_etl']) retrieved from /opt/airflow/dags/nyc_weather_etl.py
[2025-10-11T04:31:02.563+0000] {logging_mixin.py:151} INFO - [2025-10-11T04:31:02.562+0000] {dag.py:2915} INFO - Sync 1 DAGs
[2025-10-11T04:31:02.571+0000] {logging_mixin.py:151} INFO - [2025-10-11T04:31:02.571+0000] {dag.py:3696} INFO - Setting next_dagrun for nyc_weather_etl to 2025-10-11T04:26:27.560771+00:00, run_after=2025-10-11T05:26:27.560771+00:00
[2025-10-11T04:31:02.585+0000] {processor.py:179} INFO - Processing /opt/airflow/dags/nyc_weather_etl.py took 0.152 seconds
[2025-10-11T04:31:33.000+0000] {processor.py:157} INFO - Started process (PID=892) to work on /opt/airflow/dags/nyc_weather_etl.py
[2025-10-11T04:31:33.001+0000] {processor.py:829} INFO - Processing file /opt/airflow/dags/nyc_weather_etl.py for tasks to queue
[2025-10-11T04:31:33.002+0000] {logging_mixin.py:151} INFO - [2025-10-11T04:31:33.002+0000] {dagbag.py:539} INFO - Filling up the DagBag from /opt/airflow/dags/nyc_weather_etl.py
[2025-10-11T04:31:33.134+0000] {processor.py:839} INFO - DAG(s) dict_keys(['nyc_weather_etl']) retrieved from /opt/airflow/dags/nyc_weather_etl.py
[2025-10-11T04:31:33.230+0000] {logging_mixin.py:151} INFO - [2025-10-11T04:31:33.230+0000] {dag.py:2915} INFO - Sync 1 DAGs
[2025-10-11T04:31:33.243+0000] {logging_mixin.py:151} INFO - [2025-10-11T04:31:33.242+0000] {dag.py:3696} INFO - Setting next_dagrun for nyc_weather_etl to 2025-10-11T04:26:27.560771+00:00, run_after=2025-10-11T05:26:27.560771+00:00
[2025-10-11T04:31:33.249+0000] {processor.py:179} INFO - Processing /opt/airflow/dags/nyc_weather_etl.py took 0.252 seconds
[2025-10-11T04:31:45.510+0000] {processor.py:157} INFO - Started process (PID=930) to work on /opt/airflow/dags/nyc_weather_etl.py
[2025-10-11T04:31:45.510+0000] {processor.py:829} INFO - Processing file /opt/airflow/dags/nyc_weather_etl.py for tasks to queue
[2025-10-11T04:31:45.512+0000] {logging_mixin.py:151} INFO - [2025-10-11T04:31:45.511+0000] {dagbag.py:539} INFO - Filling up the DagBag from /opt/airflow/dags/nyc_weather_etl.py
[2025-10-11T04:31:45.629+0000] {processor.py:839} INFO - DAG(s) dict_keys(['nyc_weather_etl']) retrieved from /opt/airflow/dags/nyc_weather_etl.py
[2025-10-11T04:31:45.640+0000] {logging_mixin.py:151} INFO - [2025-10-11T04:31:45.640+0000] {dag.py:2915} INFO - Sync 1 DAGs
[2025-10-11T04:31:45.647+0000] {logging_mixin.py:151} INFO - [2025-10-11T04:31:45.647+0000] {dag.py:3696} INFO - Setting next_dagrun for nyc_weather_etl to 2025-10-11T04:26:27.560771+00:00, run_after=2025-10-11T05:26:27.560771+00:00
[2025-10-11T04:31:45.719+0000] {processor.py:179} INFO - Processing /opt/airflow/dags/nyc_weather_etl.py took 0.212 seconds
[2025-10-11T04:31:57.593+0000] {processor.py:157} INFO - Started process (PID=936) to work on /opt/airflow/dags/nyc_weather_etl.py
[2025-10-11T04:31:57.593+0000] {processor.py:829} INFO - Processing file /opt/airflow/dags/nyc_weather_etl.py for tasks to queue
[2025-10-11T04:31:57.595+0000] {logging_mixin.py:151} INFO - [2025-10-11T04:31:57.594+0000] {dagbag.py:539} INFO - Filling up the DagBag from /opt/airflow/dags/nyc_weather_etl.py
[2025-10-11T04:31:57.702+0000] {processor.py:839} INFO - DAG(s) dict_keys(['nyc_weather_etl']) retrieved from /opt/airflow/dags/nyc_weather_etl.py
[2025-10-11T04:31:57.714+0000] {logging_mixin.py:151} INFO - [2025-10-11T04:31:57.714+0000] {dag.py:2915} INFO - Sync 1 DAGs
[2025-10-11T04:31:57.789+0000] {logging_mixin.py:151} INFO - [2025-10-11T04:31:57.789+0000] {dag.py:3696} INFO - Setting next_dagrun for nyc_weather_etl to 2025-10-11T04:26:27.560771+00:00, run_after=2025-10-11T05:26:27.560771+00:00
[2025-10-11T04:31:57.795+0000] {processor.py:179} INFO - Processing /opt/airflow/dags/nyc_weather_etl.py took 0.204 seconds
[2025-10-11T04:32:28.320+0000] {processor.py:157} INFO - Started process (PID=988) to work on /opt/airflow/dags/nyc_weather_etl.py
[2025-10-11T04:32:28.320+0000] {processor.py:829} INFO - Processing file /opt/airflow/dags/nyc_weather_etl.py for tasks to queue
[2025-10-11T04:32:28.322+0000] {logging_mixin.py:151} INFO - [2025-10-11T04:32:28.321+0000] {dagbag.py:539} INFO - Filling up the DagBag from /opt/airflow/dags/nyc_weather_etl.py
[2025-10-11T04:32:28.481+0000] {processor.py:839} INFO - DAG(s) dict_keys(['nyc_weather_etl']) retrieved from /opt/airflow/dags/nyc_weather_etl.py
[2025-10-11T04:32:28.491+0000] {logging_mixin.py:151} INFO - [2025-10-11T04:32:28.491+0000] {dag.py:2915} INFO - Sync 1 DAGs
[2025-10-11T04:32:28.497+0000] {logging_mixin.py:151} INFO - [2025-10-11T04:32:28.497+0000] {dag.py:3696} INFO - Setting next_dagrun for nyc_weather_etl to 2025-10-11T04:26:27.560771+00:00, run_after=2025-10-11T05:26:27.560771+00:00
[2025-10-11T04:32:28.502+0000] {processor.py:179} INFO - Processing /opt/airflow/dags/nyc_weather_etl.py took 0.184 seconds
[2025-10-11T04:32:58.839+0000] {processor.py:157} INFO - Started process (PID=1033) to work on /opt/airflow/dags/nyc_weather_etl.py
[2025-10-11T04:32:58.840+0000] {processor.py:829} INFO - Processing file /opt/airflow/dags/nyc_weather_etl.py for tasks to queue
[2025-10-11T04:32:58.842+0000] {logging_mixin.py:151} INFO - [2025-10-11T04:32:58.842+0000] {dagbag.py:539} INFO - Filling up the DagBag from /opt/airflow/dags/nyc_weather_etl.py
[2025-10-11T04:32:58.953+0000] {processor.py:839} INFO - DAG(s) dict_keys(['nyc_weather_etl']) retrieved from /opt/airflow/dags/nyc_weather_etl.py
[2025-10-11T04:32:58.964+0000] {logging_mixin.py:151} INFO - [2025-10-11T04:32:58.964+0000] {dag.py:2915} INFO - Sync 1 DAGs
[2025-10-11T04:32:59.029+0000] {logging_mixin.py:151} INFO - [2025-10-11T04:32:59.029+0000] {dag.py:3696} INFO - Setting next_dagrun for nyc_weather_etl to 2025-10-11T04:26:27.560771+00:00, run_after=2025-10-11T05:26:27.560771+00:00
[2025-10-11T04:32:59.034+0000] {processor.py:179} INFO - Processing /opt/airflow/dags/nyc_weather_etl.py took 0.198 seconds
[2025-10-11T04:33:29.491+0000] {processor.py:157} INFO - Started process (PID=1078) to work on /opt/airflow/dags/nyc_weather_etl.py
[2025-10-11T04:33:29.492+0000] {processor.py:829} INFO - Processing file /opt/airflow/dags/nyc_weather_etl.py for tasks to queue
[2025-10-11T04:33:29.494+0000] {logging_mixin.py:151} INFO - [2025-10-11T04:33:29.493+0000] {dagbag.py:539} INFO - Filling up the DagBag from /opt/airflow/dags/nyc_weather_etl.py
[2025-10-11T04:33:29.689+0000] {processor.py:839} INFO - DAG(s) dict_keys(['nyc_weather_etl']) retrieved from /opt/airflow/dags/nyc_weather_etl.py
[2025-10-11T04:33:29.700+0000] {logging_mixin.py:151} INFO - [2025-10-11T04:33:29.699+0000] {dag.py:2915} INFO - Sync 1 DAGs
[2025-10-11T04:33:29.706+0000] {logging_mixin.py:151} INFO - [2025-10-11T04:33:29.706+0000] {dag.py:3696} INFO - Setting next_dagrun for nyc_weather_etl to 2025-10-11T04:26:27.560771+00:00, run_after=2025-10-11T05:26:27.560771+00:00
[2025-10-11T04:33:29.713+0000] {processor.py:179} INFO - Processing /opt/airflow/dags/nyc_weather_etl.py took 0.224 seconds
[2025-10-11T04:34:00.023+0000] {processor.py:157} INFO - Started process (PID=1123) to work on /opt/airflow/dags/nyc_weather_etl.py
[2025-10-11T04:34:00.024+0000] {processor.py:829} INFO - Processing file /opt/airflow/dags/nyc_weather_etl.py for tasks to queue
[2025-10-11T04:34:00.026+0000] {logging_mixin.py:151} INFO - [2025-10-11T04:34:00.026+0000] {dagbag.py:539} INFO - Filling up the DagBag from /opt/airflow/dags/nyc_weather_etl.py
[2025-10-11T04:34:00.134+0000] {processor.py:839} INFO - DAG(s) dict_keys(['nyc_weather_etl']) retrieved from /opt/airflow/dags/nyc_weather_etl.py
[2025-10-11T04:34:00.203+0000] {logging_mixin.py:151} INFO - [2025-10-11T04:34:00.202+0000] {dag.py:2915} INFO - Sync 1 DAGs
[2025-10-11T04:34:00.209+0000] {logging_mixin.py:151} INFO - [2025-10-11T04:34:00.209+0000] {dag.py:3696} INFO - Setting next_dagrun for nyc_weather_etl to 2025-10-11T04:26:27.560771+00:00, run_after=2025-10-11T05:26:27.560771+00:00
[2025-10-11T04:34:00.215+0000] {processor.py:179} INFO - Processing /opt/airflow/dags/nyc_weather_etl.py took 0.194 seconds
[2025-10-11T04:34:30.560+0000] {processor.py:157} INFO - Started process (PID=1168) to work on /opt/airflow/dags/nyc_weather_etl.py
[2025-10-11T04:34:30.560+0000] {processor.py:829} INFO - Processing file /opt/airflow/dags/nyc_weather_etl.py for tasks to queue
[2025-10-11T04:34:30.562+0000] {logging_mixin.py:151} INFO - [2025-10-11T04:34:30.562+0000] {dagbag.py:539} INFO - Filling up the DagBag from /opt/airflow/dags/nyc_weather_etl.py
[2025-10-11T04:34:30.735+0000] {processor.py:839} INFO - DAG(s) dict_keys(['nyc_weather_etl']) retrieved from /opt/airflow/dags/nyc_weather_etl.py
[2025-10-11T04:34:30.745+0000] {logging_mixin.py:151} INFO - [2025-10-11T04:34:30.745+0000] {dag.py:2915} INFO - Sync 1 DAGs
[2025-10-11T04:34:30.752+0000] {logging_mixin.py:151} INFO - [2025-10-11T04:34:30.752+0000] {dag.py:3696} INFO - Setting next_dagrun for nyc_weather_etl to 2025-10-11T04:26:27.560771+00:00, run_after=2025-10-11T05:26:27.560771+00:00
[2025-10-11T04:34:30.757+0000] {processor.py:179} INFO - Processing /opt/airflow/dags/nyc_weather_etl.py took 0.200 seconds
[2025-10-11T04:35:01.083+0000] {processor.py:157} INFO - Started process (PID=1213) to work on /opt/airflow/dags/nyc_weather_etl.py
[2025-10-11T04:35:01.084+0000] {processor.py:829} INFO - Processing file /opt/airflow/dags/nyc_weather_etl.py for tasks to queue
[2025-10-11T04:35:01.085+0000] {logging_mixin.py:151} INFO - [2025-10-11T04:35:01.085+0000] {dagbag.py:539} INFO - Filling up the DagBag from /opt/airflow/dags/nyc_weather_etl.py
[2025-10-11T04:35:01.252+0000] {processor.py:839} INFO - DAG(s) dict_keys(['nyc_weather_etl']) retrieved from /opt/airflow/dags/nyc_weather_etl.py
[2025-10-11T04:35:01.262+0000] {logging_mixin.py:151} INFO - [2025-10-11T04:35:01.261+0000] {dag.py:2915} INFO - Sync 1 DAGs
[2025-10-11T04:35:01.268+0000] {logging_mixin.py:151} INFO - [2025-10-11T04:35:01.268+0000] {dag.py:3696} INFO - Setting next_dagrun for nyc_weather_etl to 2025-10-11T04:26:27.560771+00:00, run_after=2025-10-11T05:26:27.560771+00:00
[2025-10-11T04:35:01.274+0000] {processor.py:179} INFO - Processing /opt/airflow/dags/nyc_weather_etl.py took 0.193 seconds
[2025-10-11T04:35:31.618+0000] {processor.py:157} INFO - Started process (PID=1258) to work on /opt/airflow/dags/nyc_weather_etl.py
[2025-10-11T04:35:31.619+0000] {processor.py:829} INFO - Processing file /opt/airflow/dags/nyc_weather_etl.py for tasks to queue
[2025-10-11T04:35:31.621+0000] {logging_mixin.py:151} INFO - [2025-10-11T04:35:31.621+0000] {dagbag.py:539} INFO - Filling up the DagBag from /opt/airflow/dags/nyc_weather_etl.py
[2025-10-11T04:35:31.792+0000] {processor.py:839} INFO - DAG(s) dict_keys(['nyc_weather_etl']) retrieved from /opt/airflow/dags/nyc_weather_etl.py
[2025-10-11T04:35:31.802+0000] {logging_mixin.py:151} INFO - [2025-10-11T04:35:31.802+0000] {dag.py:2915} INFO - Sync 1 DAGs
[2025-10-11T04:35:31.809+0000] {logging_mixin.py:151} INFO - [2025-10-11T04:35:31.809+0000] {dag.py:3696} INFO - Setting next_dagrun for nyc_weather_etl to 2025-10-11T04:26:27.560771+00:00, run_after=2025-10-11T05:26:27.560771+00:00
[2025-10-11T04:35:31.815+0000] {processor.py:179} INFO - Processing /opt/airflow/dags/nyc_weather_etl.py took 0.199 seconds
[2025-10-11T04:36:02.133+0000] {processor.py:157} INFO - Started process (PID=1302) to work on /opt/airflow/dags/nyc_weather_etl.py
[2025-10-11T04:36:02.134+0000] {processor.py:829} INFO - Processing file /opt/airflow/dags/nyc_weather_etl.py for tasks to queue
[2025-10-11T04:36:02.135+0000] {logging_mixin.py:151} INFO - [2025-10-11T04:36:02.135+0000] {dagbag.py:539} INFO - Filling up the DagBag from /opt/airflow/dags/nyc_weather_etl.py
[2025-10-11T04:36:02.320+0000] {processor.py:839} INFO - DAG(s) dict_keys(['nyc_weather_etl']) retrieved from /opt/airflow/dags/nyc_weather_etl.py
[2025-10-11T04:36:02.330+0000] {logging_mixin.py:151} INFO - [2025-10-11T04:36:02.330+0000] {dag.py:2915} INFO - Sync 1 DAGs
[2025-10-11T04:36:02.336+0000] {logging_mixin.py:151} INFO - [2025-10-11T04:36:02.336+0000] {dag.py:3696} INFO - Setting next_dagrun for nyc_weather_etl to 2025-10-11T04:26:27.560771+00:00, run_after=2025-10-11T05:26:27.560771+00:00
[2025-10-11T04:36:02.344+0000] {processor.py:179} INFO - Processing /opt/airflow/dags/nyc_weather_etl.py took 0.214 seconds
[2025-10-11T04:36:32.695+0000] {processor.py:157} INFO - Started process (PID=1347) to work on /opt/airflow/dags/nyc_weather_etl.py
[2025-10-11T04:36:32.696+0000] {processor.py:829} INFO - Processing file /opt/airflow/dags/nyc_weather_etl.py for tasks to queue
[2025-10-11T04:36:32.698+0000] {logging_mixin.py:151} INFO - [2025-10-11T04:36:32.698+0000] {dagbag.py:539} INFO - Filling up the DagBag from /opt/airflow/dags/nyc_weather_etl.py
[2025-10-11T04:36:32.869+0000] {processor.py:839} INFO - DAG(s) dict_keys(['nyc_weather_etl']) retrieved from /opt/airflow/dags/nyc_weather_etl.py
[2025-10-11T04:36:32.879+0000] {logging_mixin.py:151} INFO - [2025-10-11T04:36:32.878+0000] {dag.py:2915} INFO - Sync 1 DAGs
[2025-10-11T04:36:32.886+0000] {logging_mixin.py:151} INFO - [2025-10-11T04:36:32.886+0000] {dag.py:3696} INFO - Setting next_dagrun for nyc_weather_etl to 2025-10-11T04:26:27.560771+00:00, run_after=2025-10-11T05:26:27.560771+00:00
[2025-10-11T04:36:32.892+0000] {processor.py:179} INFO - Processing /opt/airflow/dags/nyc_weather_etl.py took 0.199 seconds
[2025-10-11T04:37:03.236+0000] {processor.py:157} INFO - Started process (PID=1392) to work on /opt/airflow/dags/nyc_weather_etl.py
[2025-10-11T04:37:03.237+0000] {processor.py:829} INFO - Processing file /opt/airflow/dags/nyc_weather_etl.py for tasks to queue
[2025-10-11T04:37:03.238+0000] {logging_mixin.py:151} INFO - [2025-10-11T04:37:03.238+0000] {dagbag.py:539} INFO - Filling up the DagBag from /opt/airflow/dags/nyc_weather_etl.py
[2025-10-11T04:37:03.413+0000] {processor.py:839} INFO - DAG(s) dict_keys(['nyc_weather_etl']) retrieved from /opt/airflow/dags/nyc_weather_etl.py
[2025-10-11T04:37:03.422+0000] {logging_mixin.py:151} INFO - [2025-10-11T04:37:03.422+0000] {dag.py:2915} INFO - Sync 1 DAGs
[2025-10-11T04:37:03.428+0000] {logging_mixin.py:151} INFO - [2025-10-11T04:37:03.428+0000] {dag.py:3696} INFO - Setting next_dagrun for nyc_weather_etl to 2025-10-11T04:26:27.560771+00:00, run_after=2025-10-11T05:26:27.560771+00:00
[2025-10-11T04:37:03.434+0000] {processor.py:179} INFO - Processing /opt/airflow/dags/nyc_weather_etl.py took 0.200 seconds
[2025-10-11T04:37:33.786+0000] {processor.py:157} INFO - Started process (PID=1437) to work on /opt/airflow/dags/nyc_weather_etl.py
[2025-10-11T04:37:33.787+0000] {processor.py:829} INFO - Processing file /opt/airflow/dags/nyc_weather_etl.py for tasks to queue
[2025-10-11T04:37:33.788+0000] {logging_mixin.py:151} INFO - [2025-10-11T04:37:33.788+0000] {dagbag.py:539} INFO - Filling up the DagBag from /opt/airflow/dags/nyc_weather_etl.py
[2025-10-11T04:37:33.952+0000] {processor.py:839} INFO - DAG(s) dict_keys(['nyc_weather_etl']) retrieved from /opt/airflow/dags/nyc_weather_etl.py
[2025-10-11T04:37:33.961+0000] {logging_mixin.py:151} INFO - [2025-10-11T04:37:33.961+0000] {dag.py:2915} INFO - Sync 1 DAGs
[2025-10-11T04:37:33.968+0000] {logging_mixin.py:151} INFO - [2025-10-11T04:37:33.968+0000] {dag.py:3696} INFO - Setting next_dagrun for nyc_weather_etl to 2025-10-11T04:26:27.560771+00:00, run_after=2025-10-11T05:26:27.560771+00:00
[2025-10-11T04:37:33.973+0000] {processor.py:179} INFO - Processing /opt/airflow/dags/nyc_weather_etl.py took 0.190 seconds
[2025-10-11T04:37:59.267+0000] {processor.py:157} INFO - Started process (PID=1482) to work on /opt/airflow/dags/nyc_weather_etl.py
[2025-10-11T04:37:59.268+0000] {processor.py:829} INFO - Processing file /opt/airflow/dags/nyc_weather_etl.py for tasks to queue
[2025-10-11T04:37:59.268+0000] {logging_mixin.py:151} INFO - [2025-10-11T04:37:59.268+0000] {dagbag.py:539} INFO - Filling up the DagBag from /opt/airflow/dags/nyc_weather_etl.py
[2025-10-11T04:37:59.424+0000] {processor.py:839} INFO - DAG(s) dict_keys(['nyc_weather_etl']) retrieved from /opt/airflow/dags/nyc_weather_etl.py
[2025-10-11T04:37:59.433+0000] {logging_mixin.py:151} INFO - [2025-10-11T04:37:59.433+0000] {dag.py:2915} INFO - Sync 1 DAGs
[2025-10-11T04:37:59.439+0000] {logging_mixin.py:151} INFO - [2025-10-11T04:37:59.439+0000] {dag.py:3696} INFO - Setting next_dagrun for nyc_weather_etl to 2025-10-11T04:26:27.560771+00:00, run_after=2025-10-11T05:26:27.560771+00:00
[2025-10-11T04:37:59.445+0000] {processor.py:179} INFO - Processing /opt/airflow/dags/nyc_weather_etl.py took 0.179 seconds
[2025-10-11T04:38:29.822+0000] {processor.py:157} INFO - Started process (PID=1539) to work on /opt/airflow/dags/nyc_weather_etl.py
[2025-10-11T04:38:29.822+0000] {processor.py:829} INFO - Processing file /opt/airflow/dags/nyc_weather_etl.py for tasks to queue
[2025-10-11T04:38:29.824+0000] {logging_mixin.py:151} INFO - [2025-10-11T04:38:29.824+0000] {dagbag.py:539} INFO - Filling up the DagBag from /opt/airflow/dags/nyc_weather_etl.py
[2025-10-11T04:38:30.019+0000] {processor.py:839} INFO - DAG(s) dict_keys(['nyc_weather_etl']) retrieved from /opt/airflow/dags/nyc_weather_etl.py
[2025-10-11T04:38:30.028+0000] {logging_mixin.py:151} INFO - [2025-10-11T04:38:30.028+0000] {dag.py:2915} INFO - Sync 1 DAGs
[2025-10-11T04:38:30.035+0000] {logging_mixin.py:151} INFO - [2025-10-11T04:38:30.034+0000] {dag.py:3696} INFO - Setting next_dagrun for nyc_weather_etl to 2025-10-11T04:26:27.560771+00:00, run_after=2025-10-11T05:26:27.560771+00:00
[2025-10-11T04:38:30.040+0000] {processor.py:179} INFO - Processing /opt/airflow/dags/nyc_weather_etl.py took 0.222 seconds
[2025-10-11T04:39:00.334+0000] {processor.py:157} INFO - Started process (PID=1584) to work on /opt/airflow/dags/nyc_weather_etl.py
[2025-10-11T04:39:00.334+0000] {processor.py:829} INFO - Processing file /opt/airflow/dags/nyc_weather_etl.py for tasks to queue
[2025-10-11T04:39:00.335+0000] {logging_mixin.py:151} INFO - [2025-10-11T04:39:00.335+0000] {dagbag.py:539} INFO - Filling up the DagBag from /opt/airflow/dags/nyc_weather_etl.py
[2025-10-11T04:39:00.483+0000] {processor.py:839} INFO - DAG(s) dict_keys(['nyc_weather_etl']) retrieved from /opt/airflow/dags/nyc_weather_etl.py
[2025-10-11T04:39:00.493+0000] {logging_mixin.py:151} INFO - [2025-10-11T04:39:00.493+0000] {dag.py:2915} INFO - Sync 1 DAGs
[2025-10-11T04:39:00.500+0000] {logging_mixin.py:151} INFO - [2025-10-11T04:39:00.499+0000] {dag.py:3696} INFO - Setting next_dagrun for nyc_weather_etl to 2025-10-11T04:26:27.560771+00:00, run_after=2025-10-11T05:26:27.560771+00:00
[2025-10-11T04:39:00.505+0000] {processor.py:179} INFO - Processing /opt/airflow/dags/nyc_weather_etl.py took 0.173 seconds
[2025-10-11T04:39:30.846+0000] {processor.py:157} INFO - Started process (PID=1629) to work on /opt/airflow/dags/nyc_weather_etl.py
[2025-10-11T04:39:30.846+0000] {processor.py:829} INFO - Processing file /opt/airflow/dags/nyc_weather_etl.py for tasks to queue
[2025-10-11T04:39:30.847+0000] {logging_mixin.py:151} INFO - [2025-10-11T04:39:30.847+0000] {dagbag.py:539} INFO - Filling up the DagBag from /opt/airflow/dags/nyc_weather_etl.py
[2025-10-11T04:39:31.001+0000] {processor.py:839} INFO - DAG(s) dict_keys(['nyc_weather_etl']) retrieved from /opt/airflow/dags/nyc_weather_etl.py
[2025-10-11T04:39:31.010+0000] {logging_mixin.py:151} INFO - [2025-10-11T04:39:31.010+0000] {dag.py:2915} INFO - Sync 1 DAGs
[2025-10-11T04:39:31.016+0000] {logging_mixin.py:151} INFO - [2025-10-11T04:39:31.016+0000] {dag.py:3696} INFO - Setting next_dagrun for nyc_weather_etl to 2025-10-11T04:26:27.560771+00:00, run_after=2025-10-11T05:26:27.560771+00:00
[2025-10-11T04:39:31.023+0000] {processor.py:179} INFO - Processing /opt/airflow/dags/nyc_weather_etl.py took 0.178 seconds
[2025-10-11T04:40:01.396+0000] {processor.py:157} INFO - Started process (PID=1674) to work on /opt/airflow/dags/nyc_weather_etl.py
[2025-10-11T04:40:01.397+0000] {processor.py:829} INFO - Processing file /opt/airflow/dags/nyc_weather_etl.py for tasks to queue
[2025-10-11T04:40:01.398+0000] {logging_mixin.py:151} INFO - [2025-10-11T04:40:01.397+0000] {dagbag.py:539} INFO - Filling up the DagBag from /opt/airflow/dags/nyc_weather_etl.py
[2025-10-11T04:40:07.812+0000] {processor.py:839} INFO - DAG(s) dict_keys(['nyc_weather_etl']) retrieved from /opt/airflow/dags/nyc_weather_etl.py
[2025-10-11T04:40:07.822+0000] {logging_mixin.py:151} INFO - [2025-10-11T04:40:07.822+0000] {dag.py:2915} INFO - Sync 1 DAGs
[2025-10-11T04:40:07.828+0000] {logging_mixin.py:151} INFO - [2025-10-11T04:40:07.828+0000] {dag.py:3696} INFO - Setting next_dagrun for nyc_weather_etl to 2025-10-11T04:26:27.560771+00:00, run_after=2025-10-11T05:26:27.560771+00:00
[2025-10-11T04:40:07.834+0000] {processor.py:179} INFO - Processing /opt/airflow/dags/nyc_weather_etl.py took 0.200 seconds
[2025-10-11T04:40:38.151+0000] {processor.py:157} INFO - Started process (PID=1719) to work on /opt/airflow/dags/nyc_weather_etl.py
[2025-10-11T04:40:38.152+0000] {processor.py:829} INFO - Processing file /opt/airflow/dags/nyc_weather_etl.py for tasks to queue
[2025-10-11T04:40:38.154+0000] {logging_mixin.py:151} INFO - [2025-10-11T04:40:38.154+0000] {dagbag.py:539} INFO - Filling up the DagBag from /opt/airflow/dags/nyc_weather_etl.py
[2025-10-11T04:40:38.316+0000] {processor.py:839} INFO - DAG(s) dict_keys(['nyc_weather_etl']) retrieved from /opt/airflow/dags/nyc_weather_etl.py
[2025-10-11T04:40:38.326+0000] {logging_mixin.py:151} INFO - [2025-10-11T04:40:38.325+0000] {dag.py:2915} INFO - Sync 1 DAGs
[2025-10-11T04:40:38.332+0000] {logging_mixin.py:151} INFO - [2025-10-11T04:40:38.332+0000] {dag.py:3696} INFO - Setting next_dagrun for nyc_weather_etl to 2025-10-11T04:26:27.560771+00:00, run_after=2025-10-11T05:26:27.560771+00:00
[2025-10-11T04:40:38.337+0000] {processor.py:179} INFO - Processing /opt/airflow/dags/nyc_weather_etl.py took 0.188 seconds
[2025-10-11T04:41:08.705+0000] {processor.py:157} INFO - Started process (PID=1764) to work on /opt/airflow/dags/nyc_weather_etl.py
[2025-10-11T04:41:08.706+0000] {processor.py:829} INFO - Processing file /opt/airflow/dags/nyc_weather_etl.py for tasks to queue
[2025-10-11T04:41:08.707+0000] {logging_mixin.py:151} INFO - [2025-10-11T04:41:08.707+0000] {dagbag.py:539} INFO - Filling up the DagBag from /opt/airflow/dags/nyc_weather_etl.py
[2025-10-11T04:41:08.872+0000] {processor.py:839} INFO - DAG(s) dict_keys(['nyc_weather_etl']) retrieved from /opt/airflow/dags/nyc_weather_etl.py
[2025-10-11T04:41:08.881+0000] {logging_mixin.py:151} INFO - [2025-10-11T04:41:08.881+0000] {dag.py:2915} INFO - Sync 1 DAGs
[2025-10-11T04:41:08.887+0000] {logging_mixin.py:151} INFO - [2025-10-11T04:41:08.887+0000] {dag.py:3696} INFO - Setting next_dagrun for nyc_weather_etl to 2025-10-11T04:26:27.560771+00:00, run_after=2025-10-11T05:26:27.560771+00:00
[2025-10-11T04:41:08.893+0000] {processor.py:179} INFO - Processing /opt/airflow/dags/nyc_weather_etl.py took 0.190 seconds
[2025-10-11T04:41:39.277+0000] {processor.py:157} INFO - Started process (PID=1810) to work on /opt/airflow/dags/nyc_weather_etl.py
[2025-10-11T04:41:39.278+0000] {processor.py:829} INFO - Processing file /opt/airflow/dags/nyc_weather_etl.py for tasks to queue
[2025-10-11T04:41:39.279+0000] {logging_mixin.py:151} INFO - [2025-10-11T04:41:39.279+0000] {dagbag.py:539} INFO - Filling up the DagBag from /opt/airflow/dags/nyc_weather_etl.py
[2025-10-11T04:41:39.449+0000] {processor.py:839} INFO - DAG(s) dict_keys(['nyc_weather_etl']) retrieved from /opt/airflow/dags/nyc_weather_etl.py
[2025-10-11T04:41:39.460+0000] {logging_mixin.py:151} INFO - [2025-10-11T04:41:39.460+0000] {dag.py:2915} INFO - Sync 1 DAGs
[2025-10-11T04:41:39.467+0000] {logging_mixin.py:151} INFO - [2025-10-11T04:41:39.467+0000] {dag.py:3696} INFO - Setting next_dagrun for nyc_weather_etl to 2025-10-11T04:26:27.560771+00:00, run_after=2025-10-11T05:26:27.560771+00:00
[2025-10-11T04:41:39.473+0000] {processor.py:179} INFO - Processing /opt/airflow/dags/nyc_weather_etl.py took 0.197 seconds
[2025-10-11T04:42:09.847+0000] {processor.py:157} INFO - Started process (PID=1855) to work on /opt/airflow/dags/nyc_weather_etl.py
[2025-10-11T04:42:09.847+0000] {processor.py:829} INFO - Processing file /opt/airflow/dags/nyc_weather_etl.py for tasks to queue
[2025-10-11T04:42:09.849+0000] {logging_mixin.py:151} INFO - [2025-10-11T04:42:09.849+0000] {dagbag.py:539} INFO - Filling up the DagBag from /opt/airflow/dags/nyc_weather_etl.py
[2025-10-11T04:42:10.012+0000] {processor.py:839} INFO - DAG(s) dict_keys(['nyc_weather_etl']) retrieved from /opt/airflow/dags/nyc_weather_etl.py
[2025-10-11T04:42:10.021+0000] {logging_mixin.py:151} INFO - [2025-10-11T04:42:10.021+0000] {dag.py:2915} INFO - Sync 1 DAGs
[2025-10-11T04:42:10.028+0000] {logging_mixin.py:151} INFO - [2025-10-11T04:42:10.028+0000] {dag.py:3696} INFO - Setting next_dagrun for nyc_weather_etl to 2025-10-11T04:26:27.560771+00:00, run_after=2025-10-11T05:26:27.560771+00:00
[2025-10-11T04:42:10.033+0000] {processor.py:179} INFO - Processing /opt/airflow/dags/nyc_weather_etl.py took 0.189 seconds
[2025-10-11T04:42:40.369+0000] {processor.py:157} INFO - Started process (PID=1900) to work on /opt/airflow/dags/nyc_weather_etl.py
[2025-10-11T04:42:40.370+0000] {processor.py:829} INFO - Processing file /opt/airflow/dags/nyc_weather_etl.py for tasks to queue
[2025-10-11T04:42:40.371+0000] {logging_mixin.py:151} INFO - [2025-10-11T04:42:40.371+0000] {dagbag.py:539} INFO - Filling up the DagBag from /opt/airflow/dags/nyc_weather_etl.py
[2025-10-11T04:42:40.533+0000] {processor.py:839} INFO - DAG(s) dict_keys(['nyc_weather_etl']) retrieved from /opt/airflow/dags/nyc_weather_etl.py
[2025-10-11T04:42:40.542+0000] {logging_mixin.py:151} INFO - [2025-10-11T04:42:40.542+0000] {dag.py:2915} INFO - Sync 1 DAGs
[2025-10-11T04:42:40.548+0000] {logging_mixin.py:151} INFO - [2025-10-11T04:42:40.548+0000] {dag.py:3696} INFO - Setting next_dagrun for nyc_weather_etl to 2025-10-11T04:26:27.560771+00:00, run_after=2025-10-11T05:26:27.560771+00:00
[2025-10-11T04:42:40.553+0000] {processor.py:179} INFO - Processing /opt/airflow/dags/nyc_weather_etl.py took 0.186 seconds
[2025-10-11T04:58:37.939+0000] {processor.py:157} INFO - Started process (PID=1945) to work on /opt/airflow/dags/nyc_weather_etl.py
[2025-10-11T04:58:37.941+0000] {processor.py:829} INFO - Processing file /opt/airflow/dags/nyc_weather_etl.py for tasks to queue
[2025-10-11T04:58:37.944+0000] {logging_mixin.py:151} INFO - [2025-10-11T04:58:37.944+0000] {dagbag.py:539} INFO - Filling up the DagBag from /opt/airflow/dags/nyc_weather_etl.py
[2025-10-11T04:58:38.143+0000] {processor.py:839} INFO - DAG(s) dict_keys(['nyc_weather_etl']) retrieved from /opt/airflow/dags/nyc_weather_etl.py
[2025-10-11T04:58:38.157+0000] {logging_mixin.py:151} INFO - [2025-10-11T04:58:38.157+0000] {dag.py:2915} INFO - Sync 1 DAGs
[2025-10-11T04:58:38.168+0000] {logging_mixin.py:151} INFO - [2025-10-11T04:58:38.168+0000] {dag.py:3696} INFO - Setting next_dagrun for nyc_weather_etl to 2025-10-11T04:26:27.560771+00:00, run_after=2025-10-11T05:26:27.560771+00:00
[2025-10-11T04:58:38.177+0000] {processor.py:179} INFO - Processing /opt/airflow/dags/nyc_weather_etl.py took 0.240 seconds
[2025-10-11T04:59:08.676+0000] {processor.py:157} INFO - Started process (PID=1992) to work on /opt/airflow/dags/nyc_weather_etl.py
[2025-10-11T04:59:08.677+0000] {processor.py:829} INFO - Processing file /opt/airflow/dags/nyc_weather_etl.py for tasks to queue
[2025-10-11T04:59:08.678+0000] {logging_mixin.py:151} INFO - [2025-10-11T04:59:08.678+0000] {dagbag.py:539} INFO - Filling up the DagBag from /opt/airflow/dags/nyc_weather_etl.py
[2025-10-11T04:59:08.863+0000] {processor.py:839} INFO - DAG(s) dict_keys(['nyc_weather_etl']) retrieved from /opt/airflow/dags/nyc_weather_etl.py
[2025-10-11T04:59:08.874+0000] {logging_mixin.py:151} INFO - [2025-10-11T04:59:08.873+0000] {dag.py:2915} INFO - Sync 1 DAGs
[2025-10-11T04:59:08.881+0000] {logging_mixin.py:151} INFO - [2025-10-11T04:59:08.880+0000] {dag.py:3696} INFO - Setting next_dagrun for nyc_weather_etl to 2025-10-11T04:26:27.560771+00:00, run_after=2025-10-11T05:26:27.560771+00:00
[2025-10-11T04:59:08.888+0000] {processor.py:179} INFO - Processing /opt/airflow/dags/nyc_weather_etl.py took 0.214 seconds
[2025-10-11T05:16:18.274+0000] {processor.py:157} INFO - Started process (PID=2039) to work on /opt/airflow/dags/nyc_weather_etl.py
[2025-10-11T05:16:18.275+0000] {processor.py:829} INFO - Processing file /opt/airflow/dags/nyc_weather_etl.py for tasks to queue
[2025-10-11T05:16:18.276+0000] {logging_mixin.py:151} INFO - [2025-10-11T05:16:18.276+0000] {dagbag.py:539} INFO - Filling up the DagBag from /opt/airflow/dags/nyc_weather_etl.py
[2025-10-11T05:16:18.485+0000] {processor.py:839} INFO - DAG(s) dict_keys(['nyc_weather_etl']) retrieved from /opt/airflow/dags/nyc_weather_etl.py
[2025-10-11T05:16:18.512+0000] {logging_mixin.py:151} INFO - [2025-10-11T05:16:18.511+0000] {dag.py:2915} INFO - Sync 1 DAGs
[2025-10-11T05:16:18.523+0000] {logging_mixin.py:151} INFO - [2025-10-11T05:16:18.523+0000] {dag.py:3696} INFO - Setting next_dagrun for nyc_weather_etl to 2025-10-11T04:26:27.560771+00:00, run_after=2025-10-11T05:26:27.560771+00:00
[2025-10-11T05:16:18.531+0000] {processor.py:179} INFO - Processing /opt/airflow/dags/nyc_weather_etl.py took 0.258 seconds
[2025-10-11T05:16:49.034+0000] {processor.py:157} INFO - Started process (PID=2084) to work on /opt/airflow/dags/nyc_weather_etl.py
[2025-10-11T05:16:49.034+0000] {processor.py:829} INFO - Processing file /opt/airflow/dags/nyc_weather_etl.py for tasks to queue
[2025-10-11T05:16:49.036+0000] {logging_mixin.py:151} INFO - [2025-10-11T05:16:49.036+0000] {dagbag.py:539} INFO - Filling up the DagBag from /opt/airflow/dags/nyc_weather_etl.py
[2025-10-11T05:16:49.219+0000] {processor.py:839} INFO - DAG(s) dict_keys(['nyc_weather_etl']) retrieved from /opt/airflow/dags/nyc_weather_etl.py
[2025-10-11T05:16:49.232+0000] {logging_mixin.py:151} INFO - [2025-10-11T05:16:49.232+0000] {dag.py:2915} INFO - Sync 1 DAGs
[2025-10-11T05:16:49.239+0000] {logging_mixin.py:151} INFO - [2025-10-11T05:16:49.239+0000] {dag.py:3696} INFO - Setting next_dagrun for nyc_weather_etl to 2025-10-11T04:26:27.560771+00:00, run_after=2025-10-11T05:26:27.560771+00:00
[2025-10-11T05:16:49.245+0000] {processor.py:179} INFO - Processing /opt/airflow/dags/nyc_weather_etl.py took 0.214 seconds
[2025-10-11T05:33:38.535+0000] {processor.py:157} INFO - Started process (PID=2129) to work on /opt/airflow/dags/nyc_weather_etl.py
[2025-10-11T05:33:38.536+0000] {processor.py:829} INFO - Processing file /opt/airflow/dags/nyc_weather_etl.py for tasks to queue
[2025-10-11T05:33:38.537+0000] {logging_mixin.py:151} INFO - [2025-10-11T05:33:38.537+0000] {dagbag.py:539} INFO - Filling up the DagBag from /opt/airflow/dags/nyc_weather_etl.py
[2025-10-11T05:33:38.750+0000] {processor.py:839} INFO - DAG(s) dict_keys(['nyc_weather_etl']) retrieved from /opt/airflow/dags/nyc_weather_etl.py
[2025-10-11T05:33:38.765+0000] {logging_mixin.py:151} INFO - [2025-10-11T05:33:38.765+0000] {dag.py:2915} INFO - Sync 1 DAGs
[2025-10-11T05:33:38.783+0000] {processor.py:179} INFO - Processing /opt/airflow/dags/nyc_weather_etl.py took 0.249 seconds
[2025-10-11T05:34:09.350+0000] {processor.py:157} INFO - Started process (PID=2186) to work on /opt/airflow/dags/nyc_weather_etl.py
[2025-10-11T05:34:09.350+0000] {processor.py:829} INFO - Processing file /opt/airflow/dags/nyc_weather_etl.py for tasks to queue
[2025-10-11T05:34:09.352+0000] {logging_mixin.py:151} INFO - [2025-10-11T05:34:09.352+0000] {dagbag.py:539} INFO - Filling up the DagBag from /opt/airflow/dags/nyc_weather_etl.py
[2025-10-11T05:34:09.534+0000] {processor.py:839} INFO - DAG(s) dict_keys(['nyc_weather_etl']) retrieved from /opt/airflow/dags/nyc_weather_etl.py
[2025-10-11T05:34:09.550+0000] {logging_mixin.py:151} INFO - [2025-10-11T05:34:09.549+0000] {dag.py:2915} INFO - Sync 1 DAGs
[2025-10-11T05:34:09.557+0000] {logging_mixin.py:151} INFO - [2025-10-11T05:34:09.557+0000] {dag.py:3696} INFO - Setting next_dagrun for nyc_weather_etl to 2025-10-11T05:26:27.560771+00:00, run_after=2025-10-11T06:26:27.560771+00:00
[2025-10-11T05:34:09.562+0000] {processor.py:179} INFO - Processing /opt/airflow/dags/nyc_weather_etl.py took 0.215 seconds
[2025-10-11T05:34:39.923+0000] {processor.py:157} INFO - Started process (PID=2231) to work on /opt/airflow/dags/nyc_weather_etl.py
[2025-10-11T05:34:39.924+0000] {processor.py:829} INFO - Processing file /opt/airflow/dags/nyc_weather_etl.py for tasks to queue
[2025-10-11T05:34:39.925+0000] {logging_mixin.py:151} INFO - [2025-10-11T05:34:39.925+0000] {dagbag.py:539} INFO - Filling up the DagBag from /opt/airflow/dags/nyc_weather_etl.py
[2025-10-11T05:34:40.118+0000] {processor.py:839} INFO - DAG(s) dict_keys(['nyc_weather_etl']) retrieved from /opt/airflow/dags/nyc_weather_etl.py
[2025-10-11T05:34:40.134+0000] {logging_mixin.py:151} INFO - [2025-10-11T05:34:40.133+0000] {dag.py:2915} INFO - Sync 1 DAGs
[2025-10-11T05:34:40.143+0000] {logging_mixin.py:151} INFO - [2025-10-11T05:34:40.142+0000] {dag.py:3696} INFO - Setting next_dagrun for nyc_weather_etl to 2025-10-11T05:26:27.560771+00:00, run_after=2025-10-11T06:26:27.560771+00:00
[2025-10-11T05:34:40.157+0000] {processor.py:179} INFO - Processing /opt/airflow/dags/nyc_weather_etl.py took 0.236 seconds
[2025-10-11T05:35:10.542+0000] {processor.py:157} INFO - Started process (PID=2276) to work on /opt/airflow/dags/nyc_weather_etl.py
[2025-10-11T05:35:10.543+0000] {processor.py:829} INFO - Processing file /opt/airflow/dags/nyc_weather_etl.py for tasks to queue
[2025-10-11T05:35:10.544+0000] {logging_mixin.py:151} INFO - [2025-10-11T05:35:10.544+0000] {dagbag.py:539} INFO - Filling up the DagBag from /opt/airflow/dags/nyc_weather_etl.py
[2025-10-11T05:35:10.729+0000] {processor.py:839} INFO - DAG(s) dict_keys(['nyc_weather_etl']) retrieved from /opt/airflow/dags/nyc_weather_etl.py
[2025-10-11T05:35:10.742+0000] {logging_mixin.py:151} INFO - [2025-10-11T05:35:10.741+0000] {dag.py:2915} INFO - Sync 1 DAGs
[2025-10-11T05:35:10.748+0000] {logging_mixin.py:151} INFO - [2025-10-11T05:35:10.748+0000] {dag.py:3696} INFO - Setting next_dagrun for nyc_weather_etl to 2025-10-11T05:26:27.560771+00:00, run_after=2025-10-11T06:26:27.560771+00:00
[2025-10-11T05:35:10.754+0000] {processor.py:179} INFO - Processing /opt/airflow/dags/nyc_weather_etl.py took 0.215 seconds
[2025-10-11T06:40:44.825+0000] {processor.py:157} INFO - Started process (PID=2323) to work on /opt/airflow/dags/nyc_weather_etl.py
[2025-10-11T06:40:44.826+0000] {processor.py:829} INFO - Processing file /opt/airflow/dags/nyc_weather_etl.py for tasks to queue
[2025-10-11T06:40:44.829+0000] {logging_mixin.py:151} INFO - [2025-10-11T06:40:44.828+0000] {dagbag.py:539} INFO - Filling up the DagBag from /opt/airflow/dags/nyc_weather_etl.py
[2025-10-11T06:40:45.160+0000] {processor.py:839} INFO - DAG(s) dict_keys(['nyc_weather_etl']) retrieved from /opt/airflow/dags/nyc_weather_etl.py
[2025-10-11T06:40:45.189+0000] {logging_mixin.py:151} INFO - [2025-10-11T06:40:45.189+0000] {dag.py:2915} INFO - Sync 1 DAGs
[2025-10-11T06:40:45.238+0000] {processor.py:179} INFO - Processing /opt/airflow/dags/nyc_weather_etl.py took 0.416 seconds
[2025-10-11T08:04:24.001+0000] {processor.py:157} INFO - Started process (PID=2384) to work on /opt/airflow/dags/nyc_weather_etl.py
[2025-10-11T08:04:24.002+0000] {processor.py:829} INFO - Processing file /opt/airflow/dags/nyc_weather_etl.py for tasks to queue
[2025-10-11T08:04:24.005+0000] {logging_mixin.py:151} INFO - [2025-10-11T08:04:24.004+0000] {dagbag.py:539} INFO - Filling up the DagBag from /opt/airflow/dags/nyc_weather_etl.py
[2025-10-11T08:04:24.340+0000] {processor.py:839} INFO - DAG(s) dict_keys(['nyc_weather_etl']) retrieved from /opt/airflow/dags/nyc_weather_etl.py
[2025-10-11T08:04:24.356+0000] {logging_mixin.py:151} INFO - [2025-10-11T08:04:24.355+0000] {dag.py:2915} INFO - Sync 1 DAGs
[2025-10-11T08:04:24.380+0000] {processor.py:179} INFO - Processing /opt/airflow/dags/nyc_weather_etl.py took 0.381 seconds
[2025-10-11T09:36:56.880+0000] {processor.py:157} INFO - Started process (PID=2439) to work on /opt/airflow/dags/nyc_weather_etl.py
[2025-10-11T09:36:56.893+0000] {processor.py:829} INFO - Processing file /opt/airflow/dags/nyc_weather_etl.py for tasks to queue
[2025-10-11T09:36:56.913+0000] {logging_mixin.py:151} INFO - [2025-10-11T09:36:56.911+0000] {dagbag.py:539} INFO - Filling up the DagBag from /opt/airflow/dags/nyc_weather_etl.py
[2025-10-11T09:36:57.992+0000] {processor.py:839} INFO - DAG(s) dict_keys(['nyc_weather_etl']) retrieved from /opt/airflow/dags/nyc_weather_etl.py
[2025-10-11T09:36:58.037+0000] {logging_mixin.py:151} INFO - [2025-10-11T09:36:58.036+0000] {dag.py:2915} INFO - Sync 1 DAGs
[2025-10-11T09:36:58.102+0000] {processor.py:179} INFO - Processing /opt/airflow/dags/nyc_weather_etl.py took 1.228 seconds
[2025-10-11T10:37:44.115+0000] {processor.py:157} INFO - Started process (PID=2510) to work on /opt/airflow/dags/nyc_weather_etl.py
[2025-10-11T10:37:44.116+0000] {processor.py:829} INFO - Processing file /opt/airflow/dags/nyc_weather_etl.py for tasks to queue
[2025-10-11T10:37:44.122+0000] {logging_mixin.py:151} INFO - [2025-10-11T10:37:44.122+0000] {dagbag.py:539} INFO - Filling up the DagBag from /opt/airflow/dags/nyc_weather_etl.py
[2025-10-11T10:37:44.488+0000] {processor.py:839} INFO - DAG(s) dict_keys(['nyc_weather_etl']) retrieved from /opt/airflow/dags/nyc_weather_etl.py
[2025-10-11T10:37:44.508+0000] {logging_mixin.py:151} INFO - [2025-10-11T10:37:44.508+0000] {dag.py:2915} INFO - Sync 1 DAGs
[2025-10-11T10:37:44.535+0000] {processor.py:179} INFO - Processing /opt/airflow/dags/nyc_weather_etl.py took 0.423 seconds
[2025-10-11T11:38:52.900+0000] {processor.py:157} INFO - Started process (PID=2563) to work on /opt/airflow/dags/nyc_weather_etl.py
[2025-10-11T11:38:52.900+0000] {processor.py:829} INFO - Processing file /opt/airflow/dags/nyc_weather_etl.py for tasks to queue
[2025-10-11T11:38:52.902+0000] {logging_mixin.py:151} INFO - [2025-10-11T11:38:52.902+0000] {dagbag.py:539} INFO - Filling up the DagBag from /opt/airflow/dags/nyc_weather_etl.py
[2025-10-11T11:38:53.182+0000] {processor.py:839} INFO - DAG(s) dict_keys(['nyc_weather_etl']) retrieved from /opt/airflow/dags/nyc_weather_etl.py
[2025-10-11T11:38:53.201+0000] {logging_mixin.py:151} INFO - [2025-10-11T11:38:53.201+0000] {dag.py:2915} INFO - Sync 1 DAGs
[2025-10-11T11:38:53.236+0000] {processor.py:179} INFO - Processing /opt/airflow/dags/nyc_weather_etl.py took 0.339 seconds
[2025-10-11T13:37:14.489+0000] {processor.py:157} INFO - Started process (PID=2620) to work on /opt/airflow/dags/nyc_weather_etl.py
[2025-10-11T13:37:14.490+0000] {processor.py:829} INFO - Processing file /opt/airflow/dags/nyc_weather_etl.py for tasks to queue
[2025-10-11T13:37:14.492+0000] {logging_mixin.py:151} INFO - [2025-10-11T13:37:14.492+0000] {dagbag.py:539} INFO - Filling up the DagBag from /opt/airflow/dags/nyc_weather_etl.py
[2025-10-11T13:37:14.751+0000] {processor.py:839} INFO - DAG(s) dict_keys(['nyc_weather_etl']) retrieved from /opt/airflow/dags/nyc_weather_etl.py
[2025-10-11T13:37:14.769+0000] {logging_mixin.py:151} INFO - [2025-10-11T13:37:14.768+0000] {dag.py:2915} INFO - Sync 1 DAGs
[2025-10-11T13:37:14.779+0000] {logging_mixin.py:151} INFO - [2025-10-11T13:37:14.779+0000] {dag.py:3696} INFO - Setting next_dagrun for nyc_weather_etl to 2025-10-11T12:37:14.779277+00:00, run_after=2025-10-11T13:37:14.779277+00:00
[2025-10-11T13:37:14.788+0000] {processor.py:179} INFO - Processing /opt/airflow/dags/nyc_weather_etl.py took 0.301 seconds
[2025-10-11T14:29:21.299+0000] {processor.py:157} INFO - Started process (PID=2677) to work on /opt/airflow/dags/nyc_weather_etl.py
[2025-10-11T14:29:21.300+0000] {processor.py:829} INFO - Processing file /opt/airflow/dags/nyc_weather_etl.py for tasks to queue
[2025-10-11T14:29:21.302+0000] {logging_mixin.py:151} INFO - [2025-10-11T14:29:21.302+0000] {dagbag.py:539} INFO - Filling up the DagBag from /opt/airflow/dags/nyc_weather_etl.py
[2025-10-11T14:29:21.593+0000] {processor.py:839} INFO - DAG(s) dict_keys(['nyc_weather_etl']) retrieved from /opt/airflow/dags/nyc_weather_etl.py
[2025-10-11T14:29:21.622+0000] {logging_mixin.py:151} INFO - [2025-10-11T14:29:21.621+0000] {dag.py:2915} INFO - Sync 1 DAGs
[2025-10-11T14:29:21.647+0000] {logging_mixin.py:151} INFO - [2025-10-11T14:29:21.647+0000] {dag.py:3696} INFO - Setting next_dagrun for nyc_weather_etl to 2025-10-11T13:37:14.779277+00:00, run_after=2025-10-11T14:37:14.779277+00:00
[2025-10-11T14:29:21.663+0000] {processor.py:179} INFO - Processing /opt/airflow/dags/nyc_weather_etl.py took 0.366 seconds
[2025-10-11T14:47:57.238+0000] {processor.py:157} INFO - Started process (PID=2722) to work on /opt/airflow/dags/nyc_weather_etl.py
[2025-10-11T14:47:57.239+0000] {processor.py:829} INFO - Processing file /opt/airflow/dags/nyc_weather_etl.py for tasks to queue
[2025-10-11T14:47:57.240+0000] {logging_mixin.py:151} INFO - [2025-10-11T14:47:57.240+0000] {dagbag.py:539} INFO - Filling up the DagBag from /opt/airflow/dags/nyc_weather_etl.py
[2025-10-11T14:47:57.491+0000] {processor.py:839} INFO - DAG(s) dict_keys(['nyc_weather_etl']) retrieved from /opt/airflow/dags/nyc_weather_etl.py
[2025-10-11T14:47:57.512+0000] {logging_mixin.py:151} INFO - [2025-10-11T14:47:57.511+0000] {dag.py:2915} INFO - Sync 1 DAGs
[2025-10-11T14:47:57.522+0000] {logging_mixin.py:151} INFO - [2025-10-11T14:47:57.522+0000] {dag.py:3696} INFO - Setting next_dagrun for nyc_weather_etl to 2025-10-11T13:47:57.522075+00:00, run_after=2025-10-11T14:47:57.522075+00:00
[2025-10-11T14:47:57.531+0000] {processor.py:179} INFO - Processing /opt/airflow/dags/nyc_weather_etl.py took 0.295 seconds
[2025-10-11T16:49:47.995+0000] {processor.py:157} INFO - Started process (PID=2779) to work on /opt/airflow/dags/nyc_weather_etl.py
[2025-10-11T16:49:47.996+0000] {processor.py:829} INFO - Processing file /opt/airflow/dags/nyc_weather_etl.py for tasks to queue
[2025-10-11T16:49:47.998+0000] {logging_mixin.py:151} INFO - [2025-10-11T16:49:47.998+0000] {dagbag.py:539} INFO - Filling up the DagBag from /opt/airflow/dags/nyc_weather_etl.py
[2025-10-11T16:49:48.359+0000] {processor.py:839} INFO - DAG(s) dict_keys(['nyc_weather_etl']) retrieved from /opt/airflow/dags/nyc_weather_etl.py
[2025-10-11T16:49:48.390+0000] {logging_mixin.py:151} INFO - [2025-10-11T16:49:48.389+0000] {dag.py:2915} INFO - Sync 1 DAGs
[2025-10-11T16:49:48.412+0000] {processor.py:179} INFO - Processing /opt/airflow/dags/nyc_weather_etl.py took 0.419 seconds
[2025-10-11T17:50:48.665+0000] {processor.py:157} INFO - Started process (PID=2848) to work on /opt/airflow/dags/nyc_weather_etl.py
[2025-10-11T17:50:48.666+0000] {processor.py:829} INFO - Processing file /opt/airflow/dags/nyc_weather_etl.py for tasks to queue
[2025-10-11T17:50:48.667+0000] {logging_mixin.py:151} INFO - [2025-10-11T17:50:48.667+0000] {dagbag.py:539} INFO - Filling up the DagBag from /opt/airflow/dags/nyc_weather_etl.py
[2025-10-11T17:50:48.930+0000] {processor.py:839} INFO - DAG(s) dict_keys(['nyc_weather_etl']) retrieved from /opt/airflow/dags/nyc_weather_etl.py
[2025-10-11T17:50:48.973+0000] {logging_mixin.py:151} INFO - [2025-10-11T17:50:48.973+0000] {dag.py:2915} INFO - Sync 1 DAGs
[2025-10-11T17:50:48.997+0000] {processor.py:179} INFO - Processing /opt/airflow/dags/nyc_weather_etl.py took 0.334 seconds
[2025-10-11T18:41:07.352+0000] {processor.py:157} INFO - Started process (PID=2907) to work on /opt/airflow/dags/nyc_weather_etl.py
[2025-10-11T18:41:07.353+0000] {processor.py:829} INFO - Processing file /opt/airflow/dags/nyc_weather_etl.py for tasks to queue
[2025-10-11T18:41:07.354+0000] {logging_mixin.py:151} INFO - [2025-10-11T18:41:07.354+0000] {dagbag.py:539} INFO - Filling up the DagBag from /opt/airflow/dags/nyc_weather_etl.py
[2025-10-11T18:41:07.599+0000] {processor.py:839} INFO - DAG(s) dict_keys(['nyc_weather_etl']) retrieved from /opt/airflow/dags/nyc_weather_etl.py
[2025-10-11T18:41:07.619+0000] {logging_mixin.py:151} INFO - [2025-10-11T18:41:07.619+0000] {dag.py:2915} INFO - Sync 1 DAGs
[2025-10-11T18:41:07.631+0000] {logging_mixin.py:151} INFO - [2025-10-11T18:41:07.630+0000] {dag.py:3696} INFO - Setting next_dagrun for nyc_weather_etl to 2025-10-11T17:49:51.288131+00:00, run_after=2025-10-11T18:49:51.288131+00:00
[2025-10-11T18:41:07.641+0000] {processor.py:179} INFO - Processing /opt/airflow/dags/nyc_weather_etl.py took 0.291 seconds
[2025-10-11T22:07:02.914+0000] {processor.py:157} INFO - Started process (PID=2956) to work on /opt/airflow/dags/nyc_weather_etl.py
[2025-10-11T22:07:02.915+0000] {processor.py:829} INFO - Processing file /opt/airflow/dags/nyc_weather_etl.py for tasks to queue
[2025-10-11T22:07:02.917+0000] {logging_mixin.py:151} INFO - [2025-10-11T22:07:02.917+0000] {dagbag.py:539} INFO - Filling up the DagBag from /opt/airflow/dags/nyc_weather_etl.py
[2025-10-11T22:07:03.277+0000] {processor.py:839} INFO - DAG(s) dict_keys(['nyc_weather_etl']) retrieved from /opt/airflow/dags/nyc_weather_etl.py
[2025-10-11T22:07:03.299+0000] {logging_mixin.py:151} INFO - [2025-10-11T22:07:03.298+0000] {dag.py:2915} INFO - Sync 1 DAGs
[2025-10-11T22:07:03.326+0000] {processor.py:179} INFO - Processing /opt/airflow/dags/nyc_weather_etl.py took 0.415 seconds
[2025-10-11T23:54:40.298+0000] {processor.py:157} INFO - Started process (PID=3025) to work on /opt/airflow/dags/nyc_weather_etl.py
[2025-10-11T23:54:40.299+0000] {processor.py:829} INFO - Processing file /opt/airflow/dags/nyc_weather_etl.py for tasks to queue
[2025-10-11T23:54:40.301+0000] {logging_mixin.py:151} INFO - [2025-10-11T23:54:40.301+0000] {dagbag.py:539} INFO - Filling up the DagBag from /opt/airflow/dags/nyc_weather_etl.py
[2025-10-11T23:54:40.702+0000] {processor.py:839} INFO - DAG(s) dict_keys(['nyc_weather_etl']) retrieved from /opt/airflow/dags/nyc_weather_etl.py
[2025-10-11T23:54:40.731+0000] {logging_mixin.py:151} INFO - [2025-10-11T23:54:40.730+0000] {dag.py:2915} INFO - Sync 1 DAGs
[2025-10-11T23:54:40.768+0000] {processor.py:179} INFO - Processing /opt/airflow/dags/nyc_weather_etl.py took 0.473 seconds
