[2025-10-11T04:26:27.582+0000] {processor.py:157} INFO - Started process (PID=257) to work on /opt/airflow/dags/nyc_taxi_iceberg_etl.py
[2025-10-11T04:26:27.583+0000] {processor.py:829} INFO - Processing file /opt/airflow/dags/nyc_taxi_iceberg_etl.py for tasks to queue
[2025-10-11T04:26:27.584+0000] {logging_mixin.py:151} INFO - [2025-10-11T04:26:27.583+0000] {dagbag.py:539} INFO - Filling up the DagBag from /opt/airflow/dags/nyc_taxi_iceberg_etl.py
[2025-10-11T04:26:27.704+0000] {processor.py:839} INFO - DAG(s) dict_keys(['nyc_taxi_iceberg_etl']) retrieved from /opt/airflow/dags/nyc_taxi_iceberg_etl.py
[2025-10-11T04:26:27.886+0000] {logging_mixin.py:151} INFO - [2025-10-11T04:26:27.886+0000] {security.py:708} INFO - Not syncing DAG-level permissions for DAG 'DAG:nyc_taxi_iceberg_etl' as access control is unset.
[2025-10-11T04:26:27.886+0000] {logging_mixin.py:151} INFO - [2025-10-11T04:26:27.886+0000] {dag.py:2915} INFO - Sync 1 DAGs
[2025-10-11T04:26:27.897+0000] {logging_mixin.py:151} INFO - [2025-10-11T04:26:27.897+0000] {dag.py:3696} INFO - Setting next_dagrun for nyc_taxi_iceberg_etl to 2025-10-10T22:26:27.897345+00:00, run_after=2025-10-11T04:26:27.897345+00:00
[2025-10-11T04:26:27.908+0000] {processor.py:179} INFO - Processing /opt/airflow/dags/nyc_taxi_iceberg_etl.py took 0.328 seconds
[2025-10-11T04:26:58.251+0000] {processor.py:157} INFO - Started process (PID=516) to work on /opt/airflow/dags/nyc_taxi_iceberg_etl.py
[2025-10-11T04:26:58.252+0000] {processor.py:829} INFO - Processing file /opt/airflow/dags/nyc_taxi_iceberg_etl.py for tasks to queue
[2025-10-11T04:26:58.253+0000] {logging_mixin.py:151} INFO - [2025-10-11T04:26:58.252+0000] {dagbag.py:539} INFO - Filling up the DagBag from /opt/airflow/dags/nyc_taxi_iceberg_etl.py
[2025-10-11T04:26:58.354+0000] {processor.py:839} INFO - DAG(s) dict_keys(['nyc_taxi_iceberg_etl']) retrieved from /opt/airflow/dags/nyc_taxi_iceberg_etl.py
[2025-10-11T04:26:58.370+0000] {logging_mixin.py:151} INFO - [2025-10-11T04:26:58.370+0000] {dag.py:2915} INFO - Sync 1 DAGs
[2025-10-11T04:26:58.379+0000] {logging_mixin.py:151} INFO - [2025-10-11T04:26:58.379+0000] {dag.py:3696} INFO - Setting next_dagrun for nyc_taxi_iceberg_etl to 2025-10-10T22:26:58.379253+00:00, run_after=2025-10-11T04:26:58.379253+00:00
[2025-10-11T04:26:58.385+0000] {processor.py:179} INFO - Processing /opt/airflow/dags/nyc_taxi_iceberg_etl.py took 0.135 seconds
[2025-10-11T04:27:28.782+0000] {processor.py:157} INFO - Started process (PID=561) to work on /opt/airflow/dags/nyc_taxi_iceberg_etl.py
[2025-10-11T04:27:28.783+0000] {processor.py:829} INFO - Processing file /opt/airflow/dags/nyc_taxi_iceberg_etl.py for tasks to queue
[2025-10-11T04:27:28.784+0000] {logging_mixin.py:151} INFO - [2025-10-11T04:27:28.784+0000] {dagbag.py:539} INFO - Filling up the DagBag from /opt/airflow/dags/nyc_taxi_iceberg_etl.py
[2025-10-11T04:27:28.884+0000] {processor.py:839} INFO - DAG(s) dict_keys(['nyc_taxi_iceberg_etl']) retrieved from /opt/airflow/dags/nyc_taxi_iceberg_etl.py
[2025-10-11T04:27:28.898+0000] {logging_mixin.py:151} INFO - [2025-10-11T04:27:28.898+0000] {dag.py:2915} INFO - Sync 1 DAGs
[2025-10-11T04:27:28.971+0000] {logging_mixin.py:151} INFO - [2025-10-11T04:27:28.971+0000] {dag.py:3696} INFO - Setting next_dagrun for nyc_taxi_iceberg_etl to 2025-10-10T22:27:28.971678+00:00, run_after=2025-10-11T04:27:28.971678+00:00
[2025-10-11T04:27:28.977+0000] {processor.py:179} INFO - Processing /opt/airflow/dags/nyc_taxi_iceberg_etl.py took 0.196 seconds
[2025-10-11T04:27:59.266+0000] {processor.py:157} INFO - Started process (PID=607) to work on /opt/airflow/dags/nyc_taxi_iceberg_etl.py
[2025-10-11T04:27:59.267+0000] {processor.py:829} INFO - Processing file /opt/airflow/dags/nyc_taxi_iceberg_etl.py for tasks to queue
[2025-10-11T04:27:59.268+0000] {logging_mixin.py:151} INFO - [2025-10-11T04:27:59.268+0000] {dagbag.py:539} INFO - Filling up the DagBag from /opt/airflow/dags/nyc_taxi_iceberg_etl.py
[2025-10-11T04:27:59.391+0000] {processor.py:839} INFO - DAG(s) dict_keys(['nyc_taxi_iceberg_etl']) retrieved from /opt/airflow/dags/nyc_taxi_iceberg_etl.py
[2025-10-11T04:27:59.406+0000] {logging_mixin.py:151} INFO - [2025-10-11T04:27:59.406+0000] {dag.py:2915} INFO - Sync 1 DAGs
[2025-10-11T04:27:59.415+0000] {logging_mixin.py:151} INFO - [2025-10-11T04:27:59.415+0000] {dag.py:3696} INFO - Setting next_dagrun for nyc_taxi_iceberg_etl to 2025-10-10T22:27:59.415577+00:00, run_after=2025-10-11T04:27:59.415577+00:00
[2025-10-11T04:27:59.424+0000] {processor.py:179} INFO - Processing /opt/airflow/dags/nyc_taxi_iceberg_etl.py took 0.160 seconds
[2025-10-11T04:28:29.774+0000] {processor.py:157} INFO - Started process (PID=651) to work on /opt/airflow/dags/nyc_taxi_iceberg_etl.py
[2025-10-11T04:28:29.774+0000] {processor.py:829} INFO - Processing file /opt/airflow/dags/nyc_taxi_iceberg_etl.py for tasks to queue
[2025-10-11T04:28:29.775+0000] {logging_mixin.py:151} INFO - [2025-10-11T04:28:29.775+0000] {dagbag.py:539} INFO - Filling up the DagBag from /opt/airflow/dags/nyc_taxi_iceberg_etl.py
[2025-10-11T04:28:29.873+0000] {processor.py:839} INFO - DAG(s) dict_keys(['nyc_taxi_iceberg_etl']) retrieved from /opt/airflow/dags/nyc_taxi_iceberg_etl.py
[2025-10-11T04:28:29.889+0000] {logging_mixin.py:151} INFO - [2025-10-11T04:28:29.889+0000] {dag.py:2915} INFO - Sync 1 DAGs
[2025-10-11T04:28:29.966+0000] {logging_mixin.py:151} INFO - [2025-10-11T04:28:29.965+0000] {dag.py:3696} INFO - Setting next_dagrun for nyc_taxi_iceberg_etl to 2025-10-10T22:28:29.965894+00:00, run_after=2025-10-11T04:28:29.965894+00:00
[2025-10-11T04:28:29.971+0000] {processor.py:179} INFO - Processing /opt/airflow/dags/nyc_taxi_iceberg_etl.py took 0.199 seconds
[2025-10-11T04:29:00.396+0000] {processor.py:157} INFO - Started process (PID=696) to work on /opt/airflow/dags/nyc_taxi_iceberg_etl.py
[2025-10-11T04:29:00.397+0000] {processor.py:829} INFO - Processing file /opt/airflow/dags/nyc_taxi_iceberg_etl.py for tasks to queue
[2025-10-11T04:29:00.398+0000] {logging_mixin.py:151} INFO - [2025-10-11T04:29:00.398+0000] {dagbag.py:539} INFO - Filling up the DagBag from /opt/airflow/dags/nyc_taxi_iceberg_etl.py
[2025-10-11T04:29:00.499+0000] {processor.py:839} INFO - DAG(s) dict_keys(['nyc_taxi_iceberg_etl']) retrieved from /opt/airflow/dags/nyc_taxi_iceberg_etl.py
[2025-10-11T04:29:00.513+0000] {logging_mixin.py:151} INFO - [2025-10-11T04:29:00.513+0000] {dag.py:2915} INFO - Sync 1 DAGs
[2025-10-11T04:29:00.521+0000] {logging_mixin.py:151} INFO - [2025-10-11T04:29:00.521+0000] {dag.py:3696} INFO - Setting next_dagrun for nyc_taxi_iceberg_etl to 2025-10-10T22:29:00.521272+00:00, run_after=2025-10-11T04:29:00.521272+00:00
[2025-10-11T04:29:00.527+0000] {processor.py:179} INFO - Processing /opt/airflow/dags/nyc_taxi_iceberg_etl.py took 0.132 seconds
[2025-10-11T04:29:31.002+0000] {processor.py:157} INFO - Started process (PID=742) to work on /opt/airflow/dags/nyc_taxi_iceberg_etl.py
[2025-10-11T04:29:31.002+0000] {processor.py:829} INFO - Processing file /opt/airflow/dags/nyc_taxi_iceberg_etl.py for tasks to queue
[2025-10-11T04:29:31.003+0000] {logging_mixin.py:151} INFO - [2025-10-11T04:29:31.003+0000] {dagbag.py:539} INFO - Filling up the DagBag from /opt/airflow/dags/nyc_taxi_iceberg_etl.py
[2025-10-11T04:29:31.105+0000] {processor.py:839} INFO - DAG(s) dict_keys(['nyc_taxi_iceberg_etl']) retrieved from /opt/airflow/dags/nyc_taxi_iceberg_etl.py
[2025-10-11T04:29:31.125+0000] {logging_mixin.py:151} INFO - [2025-10-11T04:29:31.125+0000] {dag.py:2915} INFO - Sync 1 DAGs
[2025-10-11T04:29:31.134+0000] {logging_mixin.py:151} INFO - [2025-10-11T04:29:31.133+0000] {dag.py:3696} INFO - Setting next_dagrun for nyc_taxi_iceberg_etl to 2025-10-10T22:29:31.133863+00:00, run_after=2025-10-11T04:29:31.133863+00:00
[2025-10-11T04:29:31.140+0000] {processor.py:179} INFO - Processing /opt/airflow/dags/nyc_taxi_iceberg_etl.py took 0.140 seconds
[2025-10-11T04:30:01.535+0000] {processor.py:157} INFO - Started process (PID=786) to work on /opt/airflow/dags/nyc_taxi_iceberg_etl.py
[2025-10-11T04:30:01.535+0000] {processor.py:829} INFO - Processing file /opt/airflow/dags/nyc_taxi_iceberg_etl.py for tasks to queue
[2025-10-11T04:30:01.536+0000] {logging_mixin.py:151} INFO - [2025-10-11T04:30:01.536+0000] {dagbag.py:539} INFO - Filling up the DagBag from /opt/airflow/dags/nyc_taxi_iceberg_etl.py
[2025-10-11T04:30:01.631+0000] {processor.py:839} INFO - DAG(s) dict_keys(['nyc_taxi_iceberg_etl']) retrieved from /opt/airflow/dags/nyc_taxi_iceberg_etl.py
[2025-10-11T04:30:01.644+0000] {logging_mixin.py:151} INFO - [2025-10-11T04:30:01.644+0000] {dag.py:2915} INFO - Sync 1 DAGs
[2025-10-11T04:30:01.652+0000] {logging_mixin.py:151} INFO - [2025-10-11T04:30:01.652+0000] {dag.py:3696} INFO - Setting next_dagrun for nyc_taxi_iceberg_etl to 2025-10-10T22:30:01.652114+00:00, run_after=2025-10-11T04:30:01.652114+00:00
[2025-10-11T04:30:01.658+0000] {processor.py:179} INFO - Processing /opt/airflow/dags/nyc_taxi_iceberg_etl.py took 0.125 seconds
[2025-10-11T04:30:32.074+0000] {processor.py:157} INFO - Started process (PID=832) to work on /opt/airflow/dags/nyc_taxi_iceberg_etl.py
[2025-10-11T04:30:32.074+0000] {processor.py:829} INFO - Processing file /opt/airflow/dags/nyc_taxi_iceberg_etl.py for tasks to queue
[2025-10-11T04:30:32.075+0000] {logging_mixin.py:151} INFO - [2025-10-11T04:30:32.075+0000] {dagbag.py:539} INFO - Filling up the DagBag from /opt/airflow/dags/nyc_taxi_iceberg_etl.py
[2025-10-11T04:30:32.171+0000] {processor.py:839} INFO - DAG(s) dict_keys(['nyc_taxi_iceberg_etl']) retrieved from /opt/airflow/dags/nyc_taxi_iceberg_etl.py
[2025-10-11T04:30:32.258+0000] {logging_mixin.py:151} INFO - [2025-10-11T04:30:32.258+0000] {dag.py:2915} INFO - Sync 1 DAGs
[2025-10-11T04:30:32.264+0000] {logging_mixin.py:151} INFO - [2025-10-11T04:30:32.264+0000] {dag.py:3696} INFO - Setting next_dagrun for nyc_taxi_iceberg_etl to 2025-10-10T22:30:32.264852+00:00, run_after=2025-10-11T04:30:32.264852+00:00
[2025-10-11T04:30:32.269+0000] {processor.py:179} INFO - Processing /opt/airflow/dags/nyc_taxi_iceberg_etl.py took 0.197 seconds
[2025-10-11T04:31:02.632+0000] {processor.py:157} INFO - Started process (PID=876) to work on /opt/airflow/dags/nyc_taxi_iceberg_etl.py
[2025-10-11T04:31:02.633+0000] {processor.py:829} INFO - Processing file /opt/airflow/dags/nyc_taxi_iceberg_etl.py for tasks to queue
[2025-10-11T04:31:02.634+0000] {logging_mixin.py:151} INFO - [2025-10-11T04:31:02.634+0000] {dagbag.py:539} INFO - Filling up the DagBag from /opt/airflow/dags/nyc_taxi_iceberg_etl.py
[2025-10-11T04:31:02.744+0000] {processor.py:839} INFO - DAG(s) dict_keys(['nyc_taxi_iceberg_etl']) retrieved from /opt/airflow/dags/nyc_taxi_iceberg_etl.py
[2025-10-11T04:31:02.755+0000] {logging_mixin.py:151} INFO - [2025-10-11T04:31:02.755+0000] {dag.py:2915} INFO - Sync 1 DAGs
[2025-10-11T04:31:02.821+0000] {logging_mixin.py:151} INFO - [2025-10-11T04:31:02.821+0000] {dag.py:3696} INFO - Setting next_dagrun for nyc_taxi_iceberg_etl to 2025-10-10T22:31:02.821601+00:00, run_after=2025-10-11T04:31:02.821601+00:00
[2025-10-11T04:31:02.827+0000] {processor.py:179} INFO - Processing /opt/airflow/dags/nyc_taxi_iceberg_etl.py took 0.197 seconds
[2025-10-11T04:31:33.263+0000] {processor.py:157} INFO - Started process (PID=922) to work on /opt/airflow/dags/nyc_taxi_iceberg_etl.py
[2025-10-11T04:31:33.263+0000] {processor.py:829} INFO - Processing file /opt/airflow/dags/nyc_taxi_iceberg_etl.py for tasks to queue
[2025-10-11T04:31:33.264+0000] {logging_mixin.py:151} INFO - [2025-10-11T04:31:33.264+0000] {dagbag.py:539} INFO - Filling up the DagBag from /opt/airflow/dags/nyc_taxi_iceberg_etl.py
[2025-10-11T04:31:33.370+0000] {processor.py:839} INFO - DAG(s) dict_keys(['nyc_taxi_iceberg_etl']) retrieved from /opt/airflow/dags/nyc_taxi_iceberg_etl.py
[2025-10-11T04:31:33.391+0000] {logging_mixin.py:151} INFO - [2025-10-11T04:31:33.391+0000] {dag.py:2915} INFO - Sync 1 DAGs
[2025-10-11T04:31:33.399+0000] {logging_mixin.py:151} INFO - [2025-10-11T04:31:33.399+0000] {dag.py:3696} INFO - Setting next_dagrun for nyc_taxi_iceberg_etl to 2025-10-10T22:31:33.399604+00:00, run_after=2025-10-11T04:31:33.399604+00:00
[2025-10-11T04:31:33.406+0000] {processor.py:179} INFO - Processing /opt/airflow/dags/nyc_taxi_iceberg_etl.py took 0.145 seconds
[2025-10-11T04:32:03.985+0000] {processor.py:157} INFO - Started process (PID=973) to work on /opt/airflow/dags/nyc_taxi_iceberg_etl.py
[2025-10-11T04:32:03.985+0000] {processor.py:829} INFO - Processing file /opt/airflow/dags/nyc_taxi_iceberg_etl.py for tasks to queue
[2025-10-11T04:32:03.986+0000] {logging_mixin.py:151} INFO - [2025-10-11T04:32:03.986+0000] {dagbag.py:539} INFO - Filling up the DagBag from /opt/airflow/dags/nyc_taxi_iceberg_etl.py
[2025-10-11T04:32:04.084+0000] {processor.py:839} INFO - DAG(s) dict_keys(['nyc_taxi_iceberg_etl']) retrieved from /opt/airflow/dags/nyc_taxi_iceberg_etl.py
[2025-10-11T04:32:04.175+0000] {logging_mixin.py:151} INFO - [2025-10-11T04:32:04.175+0000] {dag.py:2915} INFO - Sync 1 DAGs
[2025-10-11T04:32:04.181+0000] {logging_mixin.py:151} INFO - [2025-10-11T04:32:04.181+0000] {dag.py:3696} INFO - Setting next_dagrun for nyc_taxi_iceberg_etl to 2025-10-10T22:32:04.181441+00:00, run_after=2025-10-11T04:32:04.181441+00:00
[2025-10-11T04:32:04.187+0000] {processor.py:179} INFO - Processing /opt/airflow/dags/nyc_taxi_iceberg_etl.py took 0.204 seconds
[2025-10-11T04:32:34.547+0000] {processor.py:157} INFO - Started process (PID=1018) to work on /opt/airflow/dags/nyc_taxi_iceberg_etl.py
[2025-10-11T04:32:34.548+0000] {processor.py:829} INFO - Processing file /opt/airflow/dags/nyc_taxi_iceberg_etl.py for tasks to queue
[2025-10-11T04:32:34.549+0000] {logging_mixin.py:151} INFO - [2025-10-11T04:32:34.549+0000] {dagbag.py:539} INFO - Filling up the DagBag from /opt/airflow/dags/nyc_taxi_iceberg_etl.py
[2025-10-11T04:32:34.713+0000] {processor.py:839} INFO - DAG(s) dict_keys(['nyc_taxi_iceberg_etl']) retrieved from /opt/airflow/dags/nyc_taxi_iceberg_etl.py
[2025-10-11T04:32:34.722+0000] {logging_mixin.py:151} INFO - [2025-10-11T04:32:34.721+0000] {dag.py:2915} INFO - Sync 1 DAGs
[2025-10-11T04:32:34.728+0000] {logging_mixin.py:151} INFO - [2025-10-11T04:32:34.728+0000] {dag.py:3696} INFO - Setting next_dagrun for nyc_taxi_iceberg_etl to 2025-10-10T22:32:34.728568+00:00, run_after=2025-10-11T04:32:34.728568+00:00
[2025-10-11T04:32:34.733+0000] {processor.py:179} INFO - Processing /opt/airflow/dags/nyc_taxi_iceberg_etl.py took 0.187 seconds
[2025-10-11T04:33:05.145+0000] {processor.py:157} INFO - Started process (PID=1063) to work on /opt/airflow/dags/nyc_taxi_iceberg_etl.py
[2025-10-11T04:33:05.146+0000] {processor.py:829} INFO - Processing file /opt/airflow/dags/nyc_taxi_iceberg_etl.py for tasks to queue
[2025-10-11T04:33:05.147+0000] {logging_mixin.py:151} INFO - [2025-10-11T04:33:05.147+0000] {dagbag.py:539} INFO - Filling up the DagBag from /opt/airflow/dags/nyc_taxi_iceberg_etl.py
[2025-10-11T04:33:05.275+0000] {processor.py:839} INFO - DAG(s) dict_keys(['nyc_taxi_iceberg_etl']) retrieved from /opt/airflow/dags/nyc_taxi_iceberg_etl.py
[2025-10-11T04:33:05.366+0000] {logging_mixin.py:151} INFO - [2025-10-11T04:33:05.366+0000] {dag.py:2915} INFO - Sync 1 DAGs
[2025-10-11T04:33:05.372+0000] {logging_mixin.py:151} INFO - [2025-10-11T04:33:05.372+0000] {dag.py:3696} INFO - Setting next_dagrun for nyc_taxi_iceberg_etl to 2025-10-10T22:33:05.372632+00:00, run_after=2025-10-11T04:33:05.372632+00:00
[2025-10-11T04:33:05.378+0000] {processor.py:179} INFO - Processing /opt/airflow/dags/nyc_taxi_iceberg_etl.py took 0.235 seconds
[2025-10-11T04:33:35.681+0000] {processor.py:157} INFO - Started process (PID=1108) to work on /opt/airflow/dags/nyc_taxi_iceberg_etl.py
[2025-10-11T04:33:35.682+0000] {processor.py:829} INFO - Processing file /opt/airflow/dags/nyc_taxi_iceberg_etl.py for tasks to queue
[2025-10-11T04:33:35.682+0000] {logging_mixin.py:151} INFO - [2025-10-11T04:33:35.682+0000] {dagbag.py:539} INFO - Filling up the DagBag from /opt/airflow/dags/nyc_taxi_iceberg_etl.py
[2025-10-11T04:33:35.857+0000] {processor.py:839} INFO - DAG(s) dict_keys(['nyc_taxi_iceberg_etl']) retrieved from /opt/airflow/dags/nyc_taxi_iceberg_etl.py
[2025-10-11T04:33:35.867+0000] {logging_mixin.py:151} INFO - [2025-10-11T04:33:35.867+0000] {dag.py:2915} INFO - Sync 1 DAGs
[2025-10-11T04:33:35.874+0000] {logging_mixin.py:151} INFO - [2025-10-11T04:33:35.874+0000] {dag.py:3696} INFO - Setting next_dagrun for nyc_taxi_iceberg_etl to 2025-10-10T22:33:35.874380+00:00, run_after=2025-10-11T04:33:35.874380+00:00
[2025-10-11T04:33:35.879+0000] {processor.py:179} INFO - Processing /opt/airflow/dags/nyc_taxi_iceberg_etl.py took 0.200 seconds
[2025-10-11T04:34:06.183+0000] {processor.py:157} INFO - Started process (PID=1152) to work on /opt/airflow/dags/nyc_taxi_iceberg_etl.py
[2025-10-11T04:34:06.184+0000] {processor.py:829} INFO - Processing file /opt/airflow/dags/nyc_taxi_iceberg_etl.py for tasks to queue
[2025-10-11T04:34:06.185+0000] {logging_mixin.py:151} INFO - [2025-10-11T04:34:06.185+0000] {dagbag.py:539} INFO - Filling up the DagBag from /opt/airflow/dags/nyc_taxi_iceberg_etl.py
[2025-10-11T04:34:06.348+0000] {processor.py:839} INFO - DAG(s) dict_keys(['nyc_taxi_iceberg_etl']) retrieved from /opt/airflow/dags/nyc_taxi_iceberg_etl.py
[2025-10-11T04:34:06.360+0000] {logging_mixin.py:151} INFO - [2025-10-11T04:34:06.360+0000] {dag.py:2915} INFO - Sync 1 DAGs
[2025-10-11T04:34:06.368+0000] {logging_mixin.py:151} INFO - [2025-10-11T04:34:06.368+0000] {dag.py:3696} INFO - Setting next_dagrun for nyc_taxi_iceberg_etl to 2025-10-10T22:34:06.368373+00:00, run_after=2025-10-11T04:34:06.368373+00:00
[2025-10-11T04:34:06.373+0000] {processor.py:179} INFO - Processing /opt/airflow/dags/nyc_taxi_iceberg_etl.py took 0.191 seconds
[2025-10-11T04:34:36.757+0000] {processor.py:157} INFO - Started process (PID=1198) to work on /opt/airflow/dags/nyc_taxi_iceberg_etl.py
[2025-10-11T04:34:36.758+0000] {processor.py:829} INFO - Processing file /opt/airflow/dags/nyc_taxi_iceberg_etl.py for tasks to queue
[2025-10-11T04:34:36.758+0000] {logging_mixin.py:151} INFO - [2025-10-11T04:34:36.758+0000] {dagbag.py:539} INFO - Filling up the DagBag from /opt/airflow/dags/nyc_taxi_iceberg_etl.py
[2025-10-11T04:34:36.940+0000] {processor.py:839} INFO - DAG(s) dict_keys(['nyc_taxi_iceberg_etl']) retrieved from /opt/airflow/dags/nyc_taxi_iceberg_etl.py
[2025-10-11T04:34:36.949+0000] {logging_mixin.py:151} INFO - [2025-10-11T04:34:36.949+0000] {dag.py:2915} INFO - Sync 1 DAGs
[2025-10-11T04:34:36.956+0000] {logging_mixin.py:151} INFO - [2025-10-11T04:34:36.956+0000] {dag.py:3696} INFO - Setting next_dagrun for nyc_taxi_iceberg_etl to 2025-10-10T22:34:36.956476+00:00, run_after=2025-10-11T04:34:36.956476+00:00
[2025-10-11T04:34:36.961+0000] {processor.py:179} INFO - Processing /opt/airflow/dags/nyc_taxi_iceberg_etl.py took 0.206 seconds
[2025-10-11T04:35:07.295+0000] {processor.py:157} INFO - Started process (PID=1243) to work on /opt/airflow/dags/nyc_taxi_iceberg_etl.py
[2025-10-11T04:35:07.296+0000] {processor.py:829} INFO - Processing file /opt/airflow/dags/nyc_taxi_iceberg_etl.py for tasks to queue
[2025-10-11T04:35:07.297+0000] {logging_mixin.py:151} INFO - [2025-10-11T04:35:07.297+0000] {dagbag.py:539} INFO - Filling up the DagBag from /opt/airflow/dags/nyc_taxi_iceberg_etl.py
[2025-10-11T04:35:07.467+0000] {processor.py:839} INFO - DAG(s) dict_keys(['nyc_taxi_iceberg_etl']) retrieved from /opt/airflow/dags/nyc_taxi_iceberg_etl.py
[2025-10-11T04:35:07.476+0000] {logging_mixin.py:151} INFO - [2025-10-11T04:35:07.476+0000] {dag.py:2915} INFO - Sync 1 DAGs
[2025-10-11T04:35:07.483+0000] {logging_mixin.py:151} INFO - [2025-10-11T04:35:07.483+0000] {dag.py:3696} INFO - Setting next_dagrun for nyc_taxi_iceberg_etl to 2025-10-10T22:35:07.483041+00:00, run_after=2025-10-11T04:35:07.483041+00:00
[2025-10-11T04:35:07.488+0000] {processor.py:179} INFO - Processing /opt/airflow/dags/nyc_taxi_iceberg_etl.py took 0.195 seconds
[2025-10-11T04:35:37.799+0000] {processor.py:157} INFO - Started process (PID=1288) to work on /opt/airflow/dags/nyc_taxi_iceberg_etl.py
[2025-10-11T04:35:37.799+0000] {processor.py:829} INFO - Processing file /opt/airflow/dags/nyc_taxi_iceberg_etl.py for tasks to queue
[2025-10-11T04:35:37.800+0000] {logging_mixin.py:151} INFO - [2025-10-11T04:35:37.800+0000] {dagbag.py:539} INFO - Filling up the DagBag from /opt/airflow/dags/nyc_taxi_iceberg_etl.py
[2025-10-11T04:35:37.972+0000] {processor.py:839} INFO - DAG(s) dict_keys(['nyc_taxi_iceberg_etl']) retrieved from /opt/airflow/dags/nyc_taxi_iceberg_etl.py
[2025-10-11T04:35:37.981+0000] {logging_mixin.py:151} INFO - [2025-10-11T04:35:37.981+0000] {dag.py:2915} INFO - Sync 1 DAGs
[2025-10-11T04:35:37.987+0000] {logging_mixin.py:151} INFO - [2025-10-11T04:35:37.987+0000] {dag.py:3696} INFO - Setting next_dagrun for nyc_taxi_iceberg_etl to 2025-10-10T22:35:37.987607+00:00, run_after=2025-10-11T04:35:37.987607+00:00
[2025-10-11T04:35:37.992+0000] {processor.py:179} INFO - Processing /opt/airflow/dags/nyc_taxi_iceberg_etl.py took 0.195 seconds
[2025-10-11T04:36:08.328+0000] {processor.py:157} INFO - Started process (PID=1332) to work on /opt/airflow/dags/nyc_taxi_iceberg_etl.py
[2025-10-11T04:36:08.328+0000] {processor.py:829} INFO - Processing file /opt/airflow/dags/nyc_taxi_iceberg_etl.py for tasks to queue
[2025-10-11T04:36:08.329+0000] {logging_mixin.py:151} INFO - [2025-10-11T04:36:08.329+0000] {dagbag.py:539} INFO - Filling up the DagBag from /opt/airflow/dags/nyc_taxi_iceberg_etl.py
[2025-10-11T04:36:08.499+0000] {processor.py:839} INFO - DAG(s) dict_keys(['nyc_taxi_iceberg_etl']) retrieved from /opt/airflow/dags/nyc_taxi_iceberg_etl.py
[2025-10-11T04:36:08.509+0000] {logging_mixin.py:151} INFO - [2025-10-11T04:36:08.508+0000] {dag.py:2915} INFO - Sync 1 DAGs
[2025-10-11T04:36:08.515+0000] {logging_mixin.py:151} INFO - [2025-10-11T04:36:08.515+0000] {dag.py:3696} INFO - Setting next_dagrun for nyc_taxi_iceberg_etl to 2025-10-10T22:36:08.515759+00:00, run_after=2025-10-11T04:36:08.515759+00:00
[2025-10-11T04:36:08.521+0000] {processor.py:179} INFO - Processing /opt/airflow/dags/nyc_taxi_iceberg_etl.py took 0.194 seconds
[2025-10-11T04:36:38.854+0000] {processor.py:157} INFO - Started process (PID=1376) to work on /opt/airflow/dags/nyc_taxi_iceberg_etl.py
[2025-10-11T04:36:38.855+0000] {processor.py:829} INFO - Processing file /opt/airflow/dags/nyc_taxi_iceberg_etl.py for tasks to queue
[2025-10-11T04:36:38.857+0000] {logging_mixin.py:151} INFO - [2025-10-11T04:36:38.857+0000] {dagbag.py:539} INFO - Filling up the DagBag from /opt/airflow/dags/nyc_taxi_iceberg_etl.py
[2025-10-11T04:36:39.041+0000] {processor.py:839} INFO - DAG(s) dict_keys(['nyc_taxi_iceberg_etl']) retrieved from /opt/airflow/dags/nyc_taxi_iceberg_etl.py
[2025-10-11T04:36:39.056+0000] {logging_mixin.py:151} INFO - [2025-10-11T04:36:39.056+0000] {dag.py:2915} INFO - Sync 1 DAGs
[2025-10-11T04:36:39.064+0000] {logging_mixin.py:151} INFO - [2025-10-11T04:36:39.064+0000] {dag.py:3696} INFO - Setting next_dagrun for nyc_taxi_iceberg_etl to 2025-10-10T22:36:39.064174+00:00, run_after=2025-10-11T04:36:39.064174+00:00
[2025-10-11T04:36:39.070+0000] {processor.py:179} INFO - Processing /opt/airflow/dags/nyc_taxi_iceberg_etl.py took 0.218 seconds
[2025-10-11T04:37:09.446+0000] {processor.py:157} INFO - Started process (PID=1422) to work on /opt/airflow/dags/nyc_taxi_iceberg_etl.py
[2025-10-11T04:37:09.447+0000] {processor.py:829} INFO - Processing file /opt/airflow/dags/nyc_taxi_iceberg_etl.py for tasks to queue
[2025-10-11T04:37:09.448+0000] {logging_mixin.py:151} INFO - [2025-10-11T04:37:09.448+0000] {dagbag.py:539} INFO - Filling up the DagBag from /opt/airflow/dags/nyc_taxi_iceberg_etl.py
[2025-10-11T04:37:09.632+0000] {processor.py:839} INFO - DAG(s) dict_keys(['nyc_taxi_iceberg_etl']) retrieved from /opt/airflow/dags/nyc_taxi_iceberg_etl.py
[2025-10-11T04:37:09.642+0000] {logging_mixin.py:151} INFO - [2025-10-11T04:37:09.642+0000] {dag.py:2915} INFO - Sync 1 DAGs
[2025-10-11T04:37:09.650+0000] {logging_mixin.py:151} INFO - [2025-10-11T04:37:09.650+0000] {dag.py:3696} INFO - Setting next_dagrun for nyc_taxi_iceberg_etl to 2025-10-10T22:37:09.649947+00:00, run_after=2025-10-11T04:37:09.649947+00:00
[2025-10-11T04:37:09.656+0000] {processor.py:179} INFO - Processing /opt/airflow/dags/nyc_taxi_iceberg_etl.py took 0.212 seconds
[2025-10-11T04:37:39.977+0000] {processor.py:157} INFO - Started process (PID=1467) to work on /opt/airflow/dags/nyc_taxi_iceberg_etl.py
[2025-10-11T04:37:39.977+0000] {processor.py:829} INFO - Processing file /opt/airflow/dags/nyc_taxi_iceberg_etl.py for tasks to queue
[2025-10-11T04:37:39.978+0000] {logging_mixin.py:151} INFO - [2025-10-11T04:37:39.978+0000] {dagbag.py:539} INFO - Filling up the DagBag from /opt/airflow/dags/nyc_taxi_iceberg_etl.py
[2025-10-11T04:37:40.142+0000] {processor.py:839} INFO - DAG(s) dict_keys(['nyc_taxi_iceberg_etl']) retrieved from /opt/airflow/dags/nyc_taxi_iceberg_etl.py
[2025-10-11T04:37:40.151+0000] {logging_mixin.py:151} INFO - [2025-10-11T04:37:40.151+0000] {dag.py:2915} INFO - Sync 1 DAGs
[2025-10-11T04:37:40.157+0000] {logging_mixin.py:151} INFO - [2025-10-11T04:37:40.157+0000] {dag.py:3696} INFO - Setting next_dagrun for nyc_taxi_iceberg_etl to 2025-10-10T22:37:40.157827+00:00, run_after=2025-10-11T04:37:40.157827+00:00
[2025-10-11T04:37:40.162+0000] {processor.py:179} INFO - Processing /opt/airflow/dags/nyc_taxi_iceberg_etl.py took 0.187 seconds
[2025-10-11T04:38:10.454+0000] {processor.py:157} INFO - Started process (PID=1517) to work on /opt/airflow/dags/nyc_taxi_iceberg_etl.py
[2025-10-11T04:38:10.455+0000] {processor.py:829} INFO - Processing file /opt/airflow/dags/nyc_taxi_iceberg_etl.py for tasks to queue
[2025-10-11T04:38:10.456+0000] {logging_mixin.py:151} INFO - [2025-10-11T04:38:10.456+0000] {dagbag.py:539} INFO - Filling up the DagBag from /opt/airflow/dags/nyc_taxi_iceberg_etl.py
[2025-10-11T04:38:10.664+0000] {processor.py:839} INFO - DAG(s) dict_keys(['nyc_taxi_iceberg_etl']) retrieved from /opt/airflow/dags/nyc_taxi_iceberg_etl.py
[2025-10-11T04:38:10.678+0000] {logging_mixin.py:151} INFO - [2025-10-11T04:38:10.678+0000] {dag.py:2915} INFO - Sync 1 DAGs
[2025-10-11T04:38:10.687+0000] {logging_mixin.py:151} INFO - [2025-10-11T04:38:10.687+0000] {dag.py:3696} INFO - Setting next_dagrun for nyc_taxi_iceberg_etl to 2025-10-10T22:38:10.687146+00:00, run_after=2025-10-11T04:38:10.687146+00:00
[2025-10-11T04:38:10.693+0000] {processor.py:179} INFO - Processing /opt/airflow/dags/nyc_taxi_iceberg_etl.py took 0.242 seconds
[2025-10-11T04:38:41.026+0000] {processor.py:157} INFO - Started process (PID=1569) to work on /opt/airflow/dags/nyc_taxi_iceberg_etl.py
[2025-10-11T04:38:41.027+0000] {processor.py:829} INFO - Processing file /opt/airflow/dags/nyc_taxi_iceberg_etl.py for tasks to queue
[2025-10-11T04:38:41.028+0000] {logging_mixin.py:151} INFO - [2025-10-11T04:38:41.027+0000] {dagbag.py:539} INFO - Filling up the DagBag from /opt/airflow/dags/nyc_taxi_iceberg_etl.py
[2025-10-11T04:38:41.194+0000] {processor.py:839} INFO - DAG(s) dict_keys(['nyc_taxi_iceberg_etl']) retrieved from /opt/airflow/dags/nyc_taxi_iceberg_etl.py
[2025-10-11T04:38:41.203+0000] {logging_mixin.py:151} INFO - [2025-10-11T04:38:41.203+0000] {dag.py:2915} INFO - Sync 1 DAGs
[2025-10-11T04:38:41.210+0000] {logging_mixin.py:151} INFO - [2025-10-11T04:38:41.209+0000] {dag.py:3696} INFO - Setting next_dagrun for nyc_taxi_iceberg_etl to 2025-10-10T22:38:41.209900+00:00, run_after=2025-10-11T04:38:41.209900+00:00
[2025-10-11T04:38:41.217+0000] {processor.py:179} INFO - Processing /opt/airflow/dags/nyc_taxi_iceberg_etl.py took 0.192 seconds
[2025-10-11T04:39:11.547+0000] {processor.py:157} INFO - Started process (PID=1614) to work on /opt/airflow/dags/nyc_taxi_iceberg_etl.py
[2025-10-11T04:39:11.548+0000] {processor.py:829} INFO - Processing file /opt/airflow/dags/nyc_taxi_iceberg_etl.py for tasks to queue
[2025-10-11T04:39:11.548+0000] {logging_mixin.py:151} INFO - [2025-10-11T04:39:11.548+0000] {dagbag.py:539} INFO - Filling up the DagBag from /opt/airflow/dags/nyc_taxi_iceberg_etl.py
[2025-10-11T04:39:11.719+0000] {processor.py:839} INFO - DAG(s) dict_keys(['nyc_taxi_iceberg_etl']) retrieved from /opt/airflow/dags/nyc_taxi_iceberg_etl.py
[2025-10-11T04:39:11.729+0000] {logging_mixin.py:151} INFO - [2025-10-11T04:39:11.729+0000] {dag.py:2915} INFO - Sync 1 DAGs
[2025-10-11T04:39:11.735+0000] {logging_mixin.py:151} INFO - [2025-10-11T04:39:11.735+0000] {dag.py:3696} INFO - Setting next_dagrun for nyc_taxi_iceberg_etl to 2025-10-10T22:39:11.735679+00:00, run_after=2025-10-11T04:39:11.735679+00:00
[2025-10-11T04:39:11.741+0000] {processor.py:179} INFO - Processing /opt/airflow/dags/nyc_taxi_iceberg_etl.py took 0.195 seconds
[2025-10-11T04:39:42.077+0000] {processor.py:157} INFO - Started process (PID=1659) to work on /opt/airflow/dags/nyc_taxi_iceberg_etl.py
[2025-10-11T04:39:42.078+0000] {processor.py:829} INFO - Processing file /opt/airflow/dags/nyc_taxi_iceberg_etl.py for tasks to queue
[2025-10-11T04:39:42.079+0000] {logging_mixin.py:151} INFO - [2025-10-11T04:39:42.078+0000] {dagbag.py:539} INFO - Filling up the DagBag from /opt/airflow/dags/nyc_taxi_iceberg_etl.py
[2025-10-11T04:39:42.249+0000] {processor.py:839} INFO - DAG(s) dict_keys(['nyc_taxi_iceberg_etl']) retrieved from /opt/airflow/dags/nyc_taxi_iceberg_etl.py
[2025-10-11T04:39:42.259+0000] {logging_mixin.py:151} INFO - [2025-10-11T04:39:42.259+0000] {dag.py:2915} INFO - Sync 1 DAGs
[2025-10-11T04:39:42.266+0000] {logging_mixin.py:151} INFO - [2025-10-11T04:39:42.265+0000] {dag.py:3696} INFO - Setting next_dagrun for nyc_taxi_iceberg_etl to 2025-10-10T22:39:42.265825+00:00, run_after=2025-10-11T04:39:42.265825+00:00
[2025-10-11T04:39:42.270+0000] {processor.py:179} INFO - Processing /opt/airflow/dags/nyc_taxi_iceberg_etl.py took 0.195 seconds
[2025-10-11T04:40:12.799+0000] {processor.py:157} INFO - Started process (PID=1703) to work on /opt/airflow/dags/nyc_taxi_iceberg_etl.py
[2025-10-11T04:40:12.799+0000] {processor.py:829} INFO - Processing file /opt/airflow/dags/nyc_taxi_iceberg_etl.py for tasks to queue
[2025-10-11T04:40:12.800+0000] {logging_mixin.py:151} INFO - [2025-10-11T04:40:12.800+0000] {dagbag.py:539} INFO - Filling up the DagBag from /opt/airflow/dags/nyc_taxi_iceberg_etl.py
[2025-10-11T04:40:12.962+0000] {processor.py:839} INFO - DAG(s) dict_keys(['nyc_taxi_iceberg_etl']) retrieved from /opt/airflow/dags/nyc_taxi_iceberg_etl.py
[2025-10-11T04:40:12.971+0000] {logging_mixin.py:151} INFO - [2025-10-11T04:40:12.971+0000] {dag.py:2915} INFO - Sync 1 DAGs
[2025-10-11T04:40:12.979+0000] {logging_mixin.py:151} INFO - [2025-10-11T04:40:12.979+0000] {dag.py:3696} INFO - Setting next_dagrun for nyc_taxi_iceberg_etl to 2025-10-10T22:40:12.979041+00:00, run_after=2025-10-11T04:40:12.979041+00:00
[2025-10-11T04:40:12.985+0000] {processor.py:179} INFO - Processing /opt/airflow/dags/nyc_taxi_iceberg_etl.py took 0.188 seconds
[2025-10-11T04:40:43.344+0000] {processor.py:157} INFO - Started process (PID=1749) to work on /opt/airflow/dags/nyc_taxi_iceberg_etl.py
[2025-10-11T04:40:43.345+0000] {processor.py:829} INFO - Processing file /opt/airflow/dags/nyc_taxi_iceberg_etl.py for tasks to queue
[2025-10-11T04:40:43.346+0000] {logging_mixin.py:151} INFO - [2025-10-11T04:40:43.346+0000] {dagbag.py:539} INFO - Filling up the DagBag from /opt/airflow/dags/nyc_taxi_iceberg_etl.py
[2025-10-11T04:40:43.514+0000] {processor.py:839} INFO - DAG(s) dict_keys(['nyc_taxi_iceberg_etl']) retrieved from /opt/airflow/dags/nyc_taxi_iceberg_etl.py
[2025-10-11T04:40:43.524+0000] {logging_mixin.py:151} INFO - [2025-10-11T04:40:43.524+0000] {dag.py:2915} INFO - Sync 1 DAGs
[2025-10-11T04:40:43.530+0000] {logging_mixin.py:151} INFO - [2025-10-11T04:40:43.530+0000] {dag.py:3696} INFO - Setting next_dagrun for nyc_taxi_iceberg_etl to 2025-10-10T22:40:43.530274+00:00, run_after=2025-10-11T04:40:43.530274+00:00
[2025-10-11T04:40:43.535+0000] {processor.py:179} INFO - Processing /opt/airflow/dags/nyc_taxi_iceberg_etl.py took 0.193 seconds
[2025-10-11T04:41:13.900+0000] {processor.py:157} INFO - Started process (PID=1794) to work on /opt/airflow/dags/nyc_taxi_iceberg_etl.py
[2025-10-11T04:41:13.900+0000] {processor.py:829} INFO - Processing file /opt/airflow/dags/nyc_taxi_iceberg_etl.py for tasks to queue
[2025-10-11T04:41:13.901+0000] {logging_mixin.py:151} INFO - [2025-10-11T04:41:13.901+0000] {dagbag.py:539} INFO - Filling up the DagBag from /opt/airflow/dags/nyc_taxi_iceberg_etl.py
[2025-10-11T04:41:14.061+0000] {processor.py:839} INFO - DAG(s) dict_keys(['nyc_taxi_iceberg_etl']) retrieved from /opt/airflow/dags/nyc_taxi_iceberg_etl.py
[2025-10-11T04:41:14.071+0000] {logging_mixin.py:151} INFO - [2025-10-11T04:41:14.071+0000] {dag.py:2915} INFO - Sync 1 DAGs
[2025-10-11T04:41:14.078+0000] {logging_mixin.py:151} INFO - [2025-10-11T04:41:14.078+0000] {dag.py:3696} INFO - Setting next_dagrun for nyc_taxi_iceberg_etl to 2025-10-10T22:41:14.077982+00:00, run_after=2025-10-11T04:41:14.077982+00:00
[2025-10-11T04:41:14.083+0000] {processor.py:179} INFO - Processing /opt/airflow/dags/nyc_taxi_iceberg_etl.py took 0.184 seconds
[2025-10-11T04:41:44.477+0000] {processor.py:157} INFO - Started process (PID=1840) to work on /opt/airflow/dags/nyc_taxi_iceberg_etl.py
[2025-10-11T04:41:44.477+0000] {processor.py:829} INFO - Processing file /opt/airflow/dags/nyc_taxi_iceberg_etl.py for tasks to queue
[2025-10-11T04:41:44.478+0000] {logging_mixin.py:151} INFO - [2025-10-11T04:41:44.478+0000] {dagbag.py:539} INFO - Filling up the DagBag from /opt/airflow/dags/nyc_taxi_iceberg_etl.py
[2025-10-11T04:41:44.637+0000] {processor.py:839} INFO - DAG(s) dict_keys(['nyc_taxi_iceberg_etl']) retrieved from /opt/airflow/dags/nyc_taxi_iceberg_etl.py
[2025-10-11T04:41:44.647+0000] {logging_mixin.py:151} INFO - [2025-10-11T04:41:44.647+0000] {dag.py:2915} INFO - Sync 1 DAGs
[2025-10-11T04:41:44.653+0000] {logging_mixin.py:151} INFO - [2025-10-11T04:41:44.653+0000] {dag.py:3696} INFO - Setting next_dagrun for nyc_taxi_iceberg_etl to 2025-10-10T22:41:44.653155+00:00, run_after=2025-10-11T04:41:44.653155+00:00
[2025-10-11T04:41:44.658+0000] {processor.py:179} INFO - Processing /opt/airflow/dags/nyc_taxi_iceberg_etl.py took 0.183 seconds
[2025-10-11T04:42:15.038+0000] {processor.py:157} INFO - Started process (PID=1885) to work on /opt/airflow/dags/nyc_taxi_iceberg_etl.py
[2025-10-11T04:42:15.039+0000] {processor.py:829} INFO - Processing file /opt/airflow/dags/nyc_taxi_iceberg_etl.py for tasks to queue
[2025-10-11T04:42:15.039+0000] {logging_mixin.py:151} INFO - [2025-10-11T04:42:15.039+0000] {dagbag.py:539} INFO - Filling up the DagBag from /opt/airflow/dags/nyc_taxi_iceberg_etl.py
[2025-10-11T04:42:15.207+0000] {processor.py:839} INFO - DAG(s) dict_keys(['nyc_taxi_iceberg_etl']) retrieved from /opt/airflow/dags/nyc_taxi_iceberg_etl.py
[2025-10-11T04:42:15.216+0000] {logging_mixin.py:151} INFO - [2025-10-11T04:42:15.216+0000] {dag.py:2915} INFO - Sync 1 DAGs
[2025-10-11T04:42:15.222+0000] {logging_mixin.py:151} INFO - [2025-10-11T04:42:15.222+0000] {dag.py:3696} INFO - Setting next_dagrun for nyc_taxi_iceberg_etl to 2025-10-10T22:42:15.222607+00:00, run_after=2025-10-11T04:42:15.222607+00:00
[2025-10-11T04:42:15.228+0000] {processor.py:179} INFO - Processing /opt/airflow/dags/nyc_taxi_iceberg_etl.py took 0.191 seconds
[2025-10-11T04:42:45.682+0000] {processor.py:157} INFO - Started process (PID=1932) to work on /opt/airflow/dags/nyc_taxi_iceberg_etl.py
[2025-10-11T04:42:45.682+0000] {processor.py:829} INFO - Processing file /opt/airflow/dags/nyc_taxi_iceberg_etl.py for tasks to queue
[2025-10-11T04:42:45.683+0000] {logging_mixin.py:151} INFO - [2025-10-11T04:42:45.683+0000] {dagbag.py:539} INFO - Filling up the DagBag from /opt/airflow/dags/nyc_taxi_iceberg_etl.py
[2025-10-11T04:42:45.831+0000] {processor.py:839} INFO - DAG(s) dict_keys(['nyc_taxi_iceberg_etl']) retrieved from /opt/airflow/dags/nyc_taxi_iceberg_etl.py
[2025-10-11T04:42:45.840+0000] {logging_mixin.py:151} INFO - [2025-10-11T04:42:45.840+0000] {dag.py:2915} INFO - Sync 1 DAGs
[2025-10-11T04:42:45.846+0000] {logging_mixin.py:151} INFO - [2025-10-11T04:42:45.846+0000] {dag.py:3696} INFO - Setting next_dagrun for nyc_taxi_iceberg_etl to 2025-10-10T22:42:45.846237+00:00, run_after=2025-10-11T04:42:45.846237+00:00
[2025-10-11T04:42:45.852+0000] {processor.py:179} INFO - Processing /opt/airflow/dags/nyc_taxi_iceberg_etl.py took 0.172 seconds
[2025-10-11T04:58:38.199+0000] {processor.py:157} INFO - Started process (PID=1974) to work on /opt/airflow/dags/nyc_taxi_iceberg_etl.py
[2025-10-11T04:58:38.200+0000] {processor.py:829} INFO - Processing file /opt/airflow/dags/nyc_taxi_iceberg_etl.py for tasks to queue
[2025-10-11T04:58:38.203+0000] {logging_mixin.py:151} INFO - [2025-10-11T04:58:38.203+0000] {dagbag.py:539} INFO - Filling up the DagBag from /opt/airflow/dags/nyc_taxi_iceberg_etl.py
[2025-10-11T04:58:38.398+0000] {processor.py:839} INFO - DAG(s) dict_keys(['nyc_taxi_iceberg_etl']) retrieved from /opt/airflow/dags/nyc_taxi_iceberg_etl.py
[2025-10-11T04:58:38.424+0000] {logging_mixin.py:151} INFO - [2025-10-11T04:58:38.424+0000] {dag.py:2915} INFO - Sync 1 DAGs
[2025-10-11T04:58:38.432+0000] {logging_mixin.py:151} INFO - [2025-10-11T04:58:38.432+0000] {dag.py:3696} INFO - Setting next_dagrun for nyc_taxi_iceberg_etl to 2025-10-10T22:58:38.432114+00:00, run_after=2025-10-11T04:58:38.432114+00:00
[2025-10-11T04:58:38.438+0000] {processor.py:179} INFO - Processing /opt/airflow/dags/nyc_taxi_iceberg_etl.py took 0.240 seconds
[2025-10-11T04:59:08.904+0000] {processor.py:157} INFO - Started process (PID=2022) to work on /opt/airflow/dags/nyc_taxi_iceberg_etl.py
[2025-10-11T04:59:08.904+0000] {processor.py:829} INFO - Processing file /opt/airflow/dags/nyc_taxi_iceberg_etl.py for tasks to queue
[2025-10-11T04:59:08.905+0000] {logging_mixin.py:151} INFO - [2025-10-11T04:59:08.905+0000] {dagbag.py:539} INFO - Filling up the DagBag from /opt/airflow/dags/nyc_taxi_iceberg_etl.py
[2025-10-11T04:59:09.072+0000] {processor.py:839} INFO - DAG(s) dict_keys(['nyc_taxi_iceberg_etl']) retrieved from /opt/airflow/dags/nyc_taxi_iceberg_etl.py
[2025-10-11T04:59:09.080+0000] {logging_mixin.py:151} INFO - [2025-10-11T04:59:09.080+0000] {dag.py:2915} INFO - Sync 1 DAGs
[2025-10-11T04:59:09.087+0000] {logging_mixin.py:151} INFO - [2025-10-11T04:59:09.087+0000] {dag.py:3696} INFO - Setting next_dagrun for nyc_taxi_iceberg_etl to 2025-10-10T22:59:09.087601+00:00, run_after=2025-10-11T04:59:09.087601+00:00
[2025-10-11T04:59:09.092+0000] {processor.py:179} INFO - Processing /opt/airflow/dags/nyc_taxi_iceberg_etl.py took 0.190 seconds
[2025-10-11T05:16:18.563+0000] {processor.py:157} INFO - Started process (PID=2069) to work on /opt/airflow/dags/nyc_taxi_iceberg_etl.py
[2025-10-11T05:16:18.564+0000] {processor.py:829} INFO - Processing file /opt/airflow/dags/nyc_taxi_iceberg_etl.py for tasks to queue
[2025-10-11T05:16:18.566+0000] {logging_mixin.py:151} INFO - [2025-10-11T05:16:18.566+0000] {dagbag.py:539} INFO - Filling up the DagBag from /opt/airflow/dags/nyc_taxi_iceberg_etl.py
[2025-10-11T05:16:18.782+0000] {processor.py:839} INFO - DAG(s) dict_keys(['nyc_taxi_iceberg_etl']) retrieved from /opt/airflow/dags/nyc_taxi_iceberg_etl.py
[2025-10-11T05:16:18.793+0000] {logging_mixin.py:151} INFO - [2025-10-11T05:16:18.793+0000] {dag.py:2915} INFO - Sync 1 DAGs
[2025-10-11T05:16:18.800+0000] {logging_mixin.py:151} INFO - [2025-10-11T05:16:18.800+0000] {dag.py:3696} INFO - Setting next_dagrun for nyc_taxi_iceberg_etl to 2025-10-10T23:16:18.800285+00:00, run_after=2025-10-11T05:16:18.800285+00:00
[2025-10-11T05:16:18.807+0000] {processor.py:179} INFO - Processing /opt/airflow/dags/nyc_taxi_iceberg_etl.py took 0.246 seconds
[2025-10-11T05:16:49.259+0000] {processor.py:157} INFO - Started process (PID=2114) to work on /opt/airflow/dags/nyc_taxi_iceberg_etl.py
[2025-10-11T05:16:49.260+0000] {processor.py:829} INFO - Processing file /opt/airflow/dags/nyc_taxi_iceberg_etl.py for tasks to queue
[2025-10-11T05:16:49.261+0000] {logging_mixin.py:151} INFO - [2025-10-11T05:16:49.261+0000] {dagbag.py:539} INFO - Filling up the DagBag from /opt/airflow/dags/nyc_taxi_iceberg_etl.py
[2025-10-11T05:16:49.421+0000] {processor.py:839} INFO - DAG(s) dict_keys(['nyc_taxi_iceberg_etl']) retrieved from /opt/airflow/dags/nyc_taxi_iceberg_etl.py
[2025-10-11T05:16:49.431+0000] {logging_mixin.py:151} INFO - [2025-10-11T05:16:49.431+0000] {dag.py:2915} INFO - Sync 1 DAGs
[2025-10-11T05:16:49.437+0000] {logging_mixin.py:151} INFO - [2025-10-11T05:16:49.437+0000] {dag.py:3696} INFO - Setting next_dagrun for nyc_taxi_iceberg_etl to 2025-10-10T23:16:49.437390+00:00, run_after=2025-10-11T05:16:49.437390+00:00
[2025-10-11T05:16:49.442+0000] {processor.py:179} INFO - Processing /opt/airflow/dags/nyc_taxi_iceberg_etl.py took 0.184 seconds
[2025-10-11T05:33:38.814+0000] {processor.py:157} INFO - Started process (PID=2160) to work on /opt/airflow/dags/nyc_taxi_iceberg_etl.py
[2025-10-11T05:33:38.814+0000] {processor.py:829} INFO - Processing file /opt/airflow/dags/nyc_taxi_iceberg_etl.py for tasks to queue
[2025-10-11T05:33:38.819+0000] {logging_mixin.py:151} INFO - [2025-10-11T05:33:38.819+0000] {dagbag.py:539} INFO - Filling up the DagBag from /opt/airflow/dags/nyc_taxi_iceberg_etl.py
[2025-10-11T05:33:39.041+0000] {processor.py:839} INFO - DAG(s) dict_keys(['nyc_taxi_iceberg_etl']) retrieved from /opt/airflow/dags/nyc_taxi_iceberg_etl.py
[2025-10-11T05:33:39.060+0000] {logging_mixin.py:151} INFO - [2025-10-11T05:33:39.059+0000] {dag.py:2915} INFO - Sync 1 DAGs
[2025-10-11T05:33:39.075+0000] {logging_mixin.py:151} INFO - [2025-10-11T05:33:39.074+0000] {dag.py:3696} INFO - Setting next_dagrun for nyc_taxi_iceberg_etl to 2025-10-10T23:33:39.074780+00:00, run_after=2025-10-11T05:33:39.074780+00:00
[2025-10-11T05:33:39.085+0000] {processor.py:179} INFO - Processing /opt/airflow/dags/nyc_taxi_iceberg_etl.py took 0.274 seconds
[2025-10-11T05:34:09.575+0000] {processor.py:157} INFO - Started process (PID=2216) to work on /opt/airflow/dags/nyc_taxi_iceberg_etl.py
[2025-10-11T05:34:09.576+0000] {processor.py:829} INFO - Processing file /opt/airflow/dags/nyc_taxi_iceberg_etl.py for tasks to queue
[2025-10-11T05:34:09.577+0000] {logging_mixin.py:151} INFO - [2025-10-11T05:34:09.576+0000] {dagbag.py:539} INFO - Filling up the DagBag from /opt/airflow/dags/nyc_taxi_iceberg_etl.py
[2025-10-11T05:34:09.737+0000] {processor.py:839} INFO - DAG(s) dict_keys(['nyc_taxi_iceberg_etl']) retrieved from /opt/airflow/dags/nyc_taxi_iceberg_etl.py
[2025-10-11T05:34:09.746+0000] {logging_mixin.py:151} INFO - [2025-10-11T05:34:09.746+0000] {dag.py:2915} INFO - Sync 1 DAGs
[2025-10-11T05:34:09.752+0000] {logging_mixin.py:151} INFO - [2025-10-11T05:34:09.752+0000] {dag.py:3696} INFO - Setting next_dagrun for nyc_taxi_iceberg_etl to 2025-10-10T23:34:09.752745+00:00, run_after=2025-10-11T05:34:09.752745+00:00
[2025-10-11T05:34:09.758+0000] {processor.py:179} INFO - Processing /opt/airflow/dags/nyc_taxi_iceberg_etl.py took 0.184 seconds
[2025-10-11T05:34:40.172+0000] {processor.py:157} INFO - Started process (PID=2261) to work on /opt/airflow/dags/nyc_taxi_iceberg_etl.py
[2025-10-11T05:34:40.172+0000] {processor.py:829} INFO - Processing file /opt/airflow/dags/nyc_taxi_iceberg_etl.py for tasks to queue
[2025-10-11T05:34:40.173+0000] {logging_mixin.py:151} INFO - [2025-10-11T05:34:40.173+0000] {dagbag.py:539} INFO - Filling up the DagBag from /opt/airflow/dags/nyc_taxi_iceberg_etl.py
[2025-10-11T05:34:40.336+0000] {processor.py:839} INFO - DAG(s) dict_keys(['nyc_taxi_iceberg_etl']) retrieved from /opt/airflow/dags/nyc_taxi_iceberg_etl.py
[2025-10-11T05:34:40.345+0000] {logging_mixin.py:151} INFO - [2025-10-11T05:34:40.345+0000] {dag.py:2915} INFO - Sync 1 DAGs
[2025-10-11T05:34:40.352+0000] {logging_mixin.py:151} INFO - [2025-10-11T05:34:40.352+0000] {dag.py:3696} INFO - Setting next_dagrun for nyc_taxi_iceberg_etl to 2025-10-10T23:34:40.351954+00:00, run_after=2025-10-11T05:34:40.351954+00:00
[2025-10-11T05:34:40.357+0000] {processor.py:179} INFO - Processing /opt/airflow/dags/nyc_taxi_iceberg_etl.py took 0.186 seconds
[2025-10-11T05:35:10.768+0000] {processor.py:157} INFO - Started process (PID=2306) to work on /opt/airflow/dags/nyc_taxi_iceberg_etl.py
[2025-10-11T05:35:10.769+0000] {processor.py:829} INFO - Processing file /opt/airflow/dags/nyc_taxi_iceberg_etl.py for tasks to queue
[2025-10-11T05:35:10.770+0000] {logging_mixin.py:151} INFO - [2025-10-11T05:35:10.770+0000] {dagbag.py:539} INFO - Filling up the DagBag from /opt/airflow/dags/nyc_taxi_iceberg_etl.py
[2025-10-11T05:35:10.937+0000] {processor.py:839} INFO - DAG(s) dict_keys(['nyc_taxi_iceberg_etl']) retrieved from /opt/airflow/dags/nyc_taxi_iceberg_etl.py
[2025-10-11T05:35:10.947+0000] {logging_mixin.py:151} INFO - [2025-10-11T05:35:10.947+0000] {dag.py:2915} INFO - Sync 1 DAGs
[2025-10-11T05:35:10.953+0000] {logging_mixin.py:151} INFO - [2025-10-11T05:35:10.953+0000] {dag.py:3696} INFO - Setting next_dagrun for nyc_taxi_iceberg_etl to 2025-10-10T23:35:10.953802+00:00, run_after=2025-10-11T05:35:10.953802+00:00
[2025-10-11T05:35:10.960+0000] {processor.py:179} INFO - Processing /opt/airflow/dags/nyc_taxi_iceberg_etl.py took 0.193 seconds
[2025-10-11T06:40:45.345+0000] {processor.py:157} INFO - Started process (PID=2354) to work on /opt/airflow/dags/nyc_taxi_iceberg_etl.py
[2025-10-11T06:40:45.347+0000] {processor.py:829} INFO - Processing file /opt/airflow/dags/nyc_taxi_iceberg_etl.py for tasks to queue
[2025-10-11T06:40:45.356+0000] {logging_mixin.py:151} INFO - [2025-10-11T06:40:45.356+0000] {dagbag.py:539} INFO - Filling up the DagBag from /opt/airflow/dags/nyc_taxi_iceberg_etl.py
[2025-10-11T06:40:45.821+0000] {processor.py:839} INFO - DAG(s) dict_keys(['nyc_taxi_iceberg_etl']) retrieved from /opt/airflow/dags/nyc_taxi_iceberg_etl.py
[2025-10-11T06:40:45.865+0000] {logging_mixin.py:151} INFO - [2025-10-11T06:40:45.864+0000] {dag.py:2915} INFO - Sync 1 DAGs
[2025-10-11T06:40:45.891+0000] {logging_mixin.py:151} INFO - [2025-10-11T06:40:45.891+0000] {dag.py:3696} INFO - Setting next_dagrun for nyc_taxi_iceberg_etl to 2025-10-11T00:40:45.890981+00:00, run_after=2025-10-11T06:40:45.890981+00:00
[2025-10-11T06:40:45.926+0000] {processor.py:179} INFO - Processing /opt/airflow/dags/nyc_taxi_iceberg_etl.py took 0.587 seconds
[2025-10-11T08:04:24.528+0000] {processor.py:157} INFO - Started process (PID=2416) to work on /opt/airflow/dags/nyc_taxi_iceberg_etl.py
[2025-10-11T08:04:24.528+0000] {processor.py:829} INFO - Processing file /opt/airflow/dags/nyc_taxi_iceberg_etl.py for tasks to queue
[2025-10-11T08:04:24.530+0000] {logging_mixin.py:151} INFO - [2025-10-11T08:04:24.530+0000] {dagbag.py:539} INFO - Filling up the DagBag from /opt/airflow/dags/nyc_taxi_iceberg_etl.py
[2025-10-11T08:04:24.797+0000] {processor.py:839} INFO - DAG(s) dict_keys(['nyc_taxi_iceberg_etl']) retrieved from /opt/airflow/dags/nyc_taxi_iceberg_etl.py
[2025-10-11T08:04:24.820+0000] {logging_mixin.py:151} INFO - [2025-10-11T08:04:24.820+0000] {dag.py:2915} INFO - Sync 1 DAGs
[2025-10-11T08:04:24.832+0000] {logging_mixin.py:151} INFO - [2025-10-11T08:04:24.832+0000] {dag.py:3696} INFO - Setting next_dagrun for nyc_taxi_iceberg_etl to 2025-10-11T02:04:24.832330+00:00, run_after=2025-10-11T08:04:24.832330+00:00
[2025-10-11T08:04:24.841+0000] {processor.py:179} INFO - Processing /opt/airflow/dags/nyc_taxi_iceberg_etl.py took 0.317 seconds
[2025-10-11T09:36:58.290+0000] {processor.py:157} INFO - Started process (PID=2472) to work on /opt/airflow/dags/nyc_taxi_iceberg_etl.py
[2025-10-11T09:36:58.295+0000] {processor.py:829} INFO - Processing file /opt/airflow/dags/nyc_taxi_iceberg_etl.py for tasks to queue
[2025-10-11T09:36:58.305+0000] {logging_mixin.py:151} INFO - [2025-10-11T09:36:58.304+0000] {dagbag.py:539} INFO - Filling up the DagBag from /opt/airflow/dags/nyc_taxi_iceberg_etl.py
[2025-10-11T09:36:59.034+0000] {processor.py:839} INFO - DAG(s) dict_keys(['nyc_taxi_iceberg_etl']) retrieved from /opt/airflow/dags/nyc_taxi_iceberg_etl.py
[2025-10-11T09:36:59.064+0000] {logging_mixin.py:151} INFO - [2025-10-11T09:36:59.064+0000] {dag.py:2915} INFO - Sync 1 DAGs
[2025-10-11T09:36:59.081+0000] {logging_mixin.py:151} INFO - [2025-10-11T09:36:59.080+0000] {dag.py:3696} INFO - Setting next_dagrun for nyc_taxi_iceberg_etl to 2025-10-11T03:36:59.080605+00:00, run_after=2025-10-11T09:36:59.080605+00:00
[2025-10-11T09:36:59.096+0000] {processor.py:179} INFO - Processing /opt/airflow/dags/nyc_taxi_iceberg_etl.py took 0.813 seconds
[2025-10-11T10:37:44.913+0000] {processor.py:157} INFO - Started process (PID=2545) to work on /opt/airflow/dags/nyc_taxi_iceberg_etl.py
[2025-10-11T10:37:44.914+0000] {processor.py:829} INFO - Processing file /opt/airflow/dags/nyc_taxi_iceberg_etl.py for tasks to queue
[2025-10-11T10:37:44.916+0000] {logging_mixin.py:151} INFO - [2025-10-11T10:37:44.916+0000] {dagbag.py:539} INFO - Filling up the DagBag from /opt/airflow/dags/nyc_taxi_iceberg_etl.py
[2025-10-11T10:37:45.236+0000] {processor.py:839} INFO - DAG(s) dict_keys(['nyc_taxi_iceberg_etl']) retrieved from /opt/airflow/dags/nyc_taxi_iceberg_etl.py
[2025-10-11T10:37:45.266+0000] {logging_mixin.py:151} INFO - [2025-10-11T10:37:45.265+0000] {dag.py:2915} INFO - Sync 1 DAGs
[2025-10-11T10:37:45.282+0000] {logging_mixin.py:151} INFO - [2025-10-11T10:37:45.281+0000] {dag.py:3696} INFO - Setting next_dagrun for nyc_taxi_iceberg_etl to 2025-10-11T04:37:45.281739+00:00, run_after=2025-10-11T10:37:45.281739+00:00
[2025-10-11T10:37:45.301+0000] {processor.py:179} INFO - Processing /opt/airflow/dags/nyc_taxi_iceberg_etl.py took 0.391 seconds
[2025-10-11T11:38:53.267+0000] {processor.py:157} INFO - Started process (PID=2595) to work on /opt/airflow/dags/nyc_taxi_iceberg_etl.py
[2025-10-11T11:38:53.268+0000] {processor.py:829} INFO - Processing file /opt/airflow/dags/nyc_taxi_iceberg_etl.py for tasks to queue
[2025-10-11T11:38:53.270+0000] {logging_mixin.py:151} INFO - [2025-10-11T11:38:53.269+0000] {dagbag.py:539} INFO - Filling up the DagBag from /opt/airflow/dags/nyc_taxi_iceberg_etl.py
[2025-10-11T11:38:53.590+0000] {processor.py:839} INFO - DAG(s) dict_keys(['nyc_taxi_iceberg_etl']) retrieved from /opt/airflow/dags/nyc_taxi_iceberg_etl.py
[2025-10-11T11:38:53.617+0000] {logging_mixin.py:151} INFO - [2025-10-11T11:38:53.617+0000] {dag.py:2915} INFO - Sync 1 DAGs
[2025-10-11T11:38:53.634+0000] {logging_mixin.py:151} INFO - [2025-10-11T11:38:53.634+0000] {dag.py:3696} INFO - Setting next_dagrun for nyc_taxi_iceberg_etl to 2025-10-11T05:38:53.634027+00:00, run_after=2025-10-11T11:38:53.634027+00:00
[2025-10-11T11:38:53.651+0000] {processor.py:179} INFO - Processing /opt/airflow/dags/nyc_taxi_iceberg_etl.py took 0.388 seconds
[2025-10-11T13:37:14.810+0000] {processor.py:157} INFO - Started process (PID=2650) to work on /opt/airflow/dags/nyc_taxi_iceberg_etl.py
[2025-10-11T13:37:14.811+0000] {processor.py:829} INFO - Processing file /opt/airflow/dags/nyc_taxi_iceberg_etl.py for tasks to queue
[2025-10-11T13:37:14.812+0000] {logging_mixin.py:151} INFO - [2025-10-11T13:37:14.812+0000] {dagbag.py:539} INFO - Filling up the DagBag from /opt/airflow/dags/nyc_taxi_iceberg_etl.py
[2025-10-11T13:37:15.079+0000] {processor.py:839} INFO - DAG(s) dict_keys(['nyc_taxi_iceberg_etl']) retrieved from /opt/airflow/dags/nyc_taxi_iceberg_etl.py
[2025-10-11T13:37:15.094+0000] {logging_mixin.py:151} INFO - [2025-10-11T13:37:15.094+0000] {dag.py:2915} INFO - Sync 1 DAGs
[2025-10-11T13:37:15.106+0000] {logging_mixin.py:151} INFO - [2025-10-11T13:37:15.106+0000] {dag.py:3696} INFO - Setting next_dagrun for nyc_taxi_iceberg_etl to 2025-10-11T07:37:15.106206+00:00, run_after=2025-10-11T13:37:15.106206+00:00
[2025-10-11T13:37:15.114+0000] {processor.py:179} INFO - Processing /opt/airflow/dags/nyc_taxi_iceberg_etl.py took 0.306 seconds
[2025-10-11T14:29:21.689+0000] {processor.py:157} INFO - Started process (PID=2707) to work on /opt/airflow/dags/nyc_taxi_iceberg_etl.py
[2025-10-11T14:29:21.690+0000] {processor.py:829} INFO - Processing file /opt/airflow/dags/nyc_taxi_iceberg_etl.py for tasks to queue
[2025-10-11T14:29:21.692+0000] {logging_mixin.py:151} INFO - [2025-10-11T14:29:21.691+0000] {dagbag.py:539} INFO - Filling up the DagBag from /opt/airflow/dags/nyc_taxi_iceberg_etl.py
[2025-10-11T14:29:22.051+0000] {processor.py:839} INFO - DAG(s) dict_keys(['nyc_taxi_iceberg_etl']) retrieved from /opt/airflow/dags/nyc_taxi_iceberg_etl.py
[2025-10-11T14:29:22.073+0000] {logging_mixin.py:151} INFO - [2025-10-11T14:29:22.073+0000] {dag.py:2915} INFO - Sync 1 DAGs
[2025-10-11T14:29:22.088+0000] {logging_mixin.py:151} INFO - [2025-10-11T14:29:22.088+0000] {dag.py:3696} INFO - Setting next_dagrun for nyc_taxi_iceberg_etl to 2025-10-11T08:29:22.087782+00:00, run_after=2025-10-11T14:29:22.087782+00:00
[2025-10-11T14:29:22.101+0000] {processor.py:179} INFO - Processing /opt/airflow/dags/nyc_taxi_iceberg_etl.py took 0.415 seconds
[2025-10-11T14:47:57.549+0000] {processor.py:157} INFO - Started process (PID=2752) to work on /opt/airflow/dags/nyc_taxi_iceberg_etl.py
[2025-10-11T14:47:57.550+0000] {processor.py:829} INFO - Processing file /opt/airflow/dags/nyc_taxi_iceberg_etl.py for tasks to queue
[2025-10-11T14:47:57.551+0000] {logging_mixin.py:151} INFO - [2025-10-11T14:47:57.551+0000] {dagbag.py:539} INFO - Filling up the DagBag from /opt/airflow/dags/nyc_taxi_iceberg_etl.py
[2025-10-11T14:47:57.856+0000] {processor.py:839} INFO - DAG(s) dict_keys(['nyc_taxi_iceberg_etl']) retrieved from /opt/airflow/dags/nyc_taxi_iceberg_etl.py
[2025-10-11T14:47:57.872+0000] {logging_mixin.py:151} INFO - [2025-10-11T14:47:57.872+0000] {dag.py:2915} INFO - Sync 1 DAGs
[2025-10-11T14:47:57.884+0000] {logging_mixin.py:151} INFO - [2025-10-11T14:47:57.884+0000] {dag.py:3696} INFO - Setting next_dagrun for nyc_taxi_iceberg_etl to 2025-10-11T08:47:57.884233+00:00, run_after=2025-10-11T14:47:57.884233+00:00
[2025-10-11T14:47:57.893+0000] {processor.py:179} INFO - Processing /opt/airflow/dags/nyc_taxi_iceberg_etl.py took 0.346 seconds
[2025-10-11T16:49:48.451+0000] {processor.py:157} INFO - Started process (PID=2813) to work on /opt/airflow/dags/nyc_taxi_iceberg_etl.py
[2025-10-11T16:49:48.452+0000] {processor.py:829} INFO - Processing file /opt/airflow/dags/nyc_taxi_iceberg_etl.py for tasks to queue
[2025-10-11T16:49:48.454+0000] {logging_mixin.py:151} INFO - [2025-10-11T16:49:48.453+0000] {dagbag.py:539} INFO - Filling up the DagBag from /opt/airflow/dags/nyc_taxi_iceberg_etl.py
[2025-10-11T16:49:48.756+0000] {processor.py:839} INFO - DAG(s) dict_keys(['nyc_taxi_iceberg_etl']) retrieved from /opt/airflow/dags/nyc_taxi_iceberg_etl.py
[2025-10-11T16:49:48.772+0000] {logging_mixin.py:151} INFO - [2025-10-11T16:49:48.772+0000] {dag.py:2915} INFO - Sync 1 DAGs
[2025-10-11T16:49:48.784+0000] {logging_mixin.py:151} INFO - [2025-10-11T16:49:48.784+0000] {dag.py:3696} INFO - Setting next_dagrun for nyc_taxi_iceberg_etl to 2025-10-11T10:49:48.784523+00:00, run_after=2025-10-11T16:49:48.784523+00:00
[2025-10-11T16:49:48.793+0000] {processor.py:179} INFO - Processing /opt/airflow/dags/nyc_taxi_iceberg_etl.py took 0.344 seconds
[2025-10-11T17:50:49.033+0000] {processor.py:157} INFO - Started process (PID=2880) to work on /opt/airflow/dags/nyc_taxi_iceberg_etl.py
[2025-10-11T17:50:49.035+0000] {processor.py:829} INFO - Processing file /opt/airflow/dags/nyc_taxi_iceberg_etl.py for tasks to queue
[2025-10-11T17:50:49.040+0000] {logging_mixin.py:151} INFO - [2025-10-11T17:50:49.040+0000] {dagbag.py:539} INFO - Filling up the DagBag from /opt/airflow/dags/nyc_taxi_iceberg_etl.py
[2025-10-11T17:50:49.317+0000] {processor.py:839} INFO - DAG(s) dict_keys(['nyc_taxi_iceberg_etl']) retrieved from /opt/airflow/dags/nyc_taxi_iceberg_etl.py
[2025-10-11T17:50:49.336+0000] {logging_mixin.py:151} INFO - [2025-10-11T17:50:49.336+0000] {dag.py:2915} INFO - Sync 1 DAGs
[2025-10-11T17:50:49.349+0000] {logging_mixin.py:151} INFO - [2025-10-11T17:50:49.349+0000] {dag.py:3696} INFO - Setting next_dagrun for nyc_taxi_iceberg_etl to 2025-10-11T11:50:49.349087+00:00, run_after=2025-10-11T17:50:49.349087+00:00
[2025-10-11T17:50:49.371+0000] {processor.py:179} INFO - Processing /opt/airflow/dags/nyc_taxi_iceberg_etl.py took 0.340 seconds
[2025-10-11T18:41:07.663+0000] {processor.py:157} INFO - Started process (PID=2937) to work on /opt/airflow/dags/nyc_taxi_iceberg_etl.py
[2025-10-11T18:41:07.664+0000] {processor.py:829} INFO - Processing file /opt/airflow/dags/nyc_taxi_iceberg_etl.py for tasks to queue
[2025-10-11T18:41:07.665+0000] {logging_mixin.py:151} INFO - [2025-10-11T18:41:07.665+0000] {dagbag.py:539} INFO - Filling up the DagBag from /opt/airflow/dags/nyc_taxi_iceberg_etl.py
[2025-10-11T18:41:07.931+0000] {processor.py:839} INFO - DAG(s) dict_keys(['nyc_taxi_iceberg_etl']) retrieved from /opt/airflow/dags/nyc_taxi_iceberg_etl.py
[2025-10-11T18:41:07.947+0000] {logging_mixin.py:151} INFO - [2025-10-11T18:41:07.947+0000] {dag.py:2915} INFO - Sync 1 DAGs
[2025-10-11T18:41:07.959+0000] {logging_mixin.py:151} INFO - [2025-10-11T18:41:07.959+0000] {dag.py:3696} INFO - Setting next_dagrun for nyc_taxi_iceberg_etl to 2025-10-11T12:41:07.958863+00:00, run_after=2025-10-11T18:41:07.958863+00:00
[2025-10-11T18:41:07.968+0000] {processor.py:179} INFO - Processing /opt/airflow/dags/nyc_taxi_iceberg_etl.py took 0.307 seconds
[2025-10-11T22:07:03.357+0000] {processor.py:157} INFO - Started process (PID=2987) to work on /opt/airflow/dags/nyc_taxi_iceberg_etl.py
[2025-10-11T22:07:03.358+0000] {processor.py:829} INFO - Processing file /opt/airflow/dags/nyc_taxi_iceberg_etl.py for tasks to queue
[2025-10-11T22:07:03.360+0000] {logging_mixin.py:151} INFO - [2025-10-11T22:07:03.360+0000] {dagbag.py:539} INFO - Filling up the DagBag from /opt/airflow/dags/nyc_taxi_iceberg_etl.py
[2025-10-11T22:07:03.702+0000] {processor.py:839} INFO - DAG(s) dict_keys(['nyc_taxi_iceberg_etl']) retrieved from /opt/airflow/dags/nyc_taxi_iceberg_etl.py
[2025-10-11T22:07:03.723+0000] {logging_mixin.py:151} INFO - [2025-10-11T22:07:03.722+0000] {dag.py:2915} INFO - Sync 1 DAGs
[2025-10-11T22:07:03.737+0000] {logging_mixin.py:151} INFO - [2025-10-11T22:07:03.737+0000] {dag.py:3696} INFO - Setting next_dagrun for nyc_taxi_iceberg_etl to 2025-10-11T16:07:03.737345+00:00, run_after=2025-10-11T22:07:03.737345+00:00
[2025-10-11T22:07:03.752+0000] {processor.py:179} INFO - Processing /opt/airflow/dags/nyc_taxi_iceberg_etl.py took 0.397 seconds
[2025-10-11T23:54:40.798+0000] {processor.py:157} INFO - Started process (PID=3056) to work on /opt/airflow/dags/nyc_taxi_iceberg_etl.py
[2025-10-11T23:54:40.799+0000] {processor.py:829} INFO - Processing file /opt/airflow/dags/nyc_taxi_iceberg_etl.py for tasks to queue
[2025-10-11T23:54:40.800+0000] {logging_mixin.py:151} INFO - [2025-10-11T23:54:40.800+0000] {dagbag.py:539} INFO - Filling up the DagBag from /opt/airflow/dags/nyc_taxi_iceberg_etl.py
[2025-10-11T23:54:41.121+0000] {processor.py:839} INFO - DAG(s) dict_keys(['nyc_taxi_iceberg_etl']) retrieved from /opt/airflow/dags/nyc_taxi_iceberg_etl.py
[2025-10-11T23:54:41.147+0000] {logging_mixin.py:151} INFO - [2025-10-11T23:54:41.147+0000] {dag.py:2915} INFO - Sync 1 DAGs
[2025-10-11T23:54:41.163+0000] {logging_mixin.py:151} INFO - [2025-10-11T23:54:41.162+0000] {dag.py:3696} INFO - Setting next_dagrun for nyc_taxi_iceberg_etl to 2025-10-11T17:54:41.162684+00:00, run_after=2025-10-11T23:54:41.162684+00:00
[2025-10-11T23:54:41.174+0000] {processor.py:179} INFO - Processing /opt/airflow/dags/nyc_taxi_iceberg_etl.py took 0.379 seconds
