[2025-10-11T04:26:27.532+0000] {processor.py:157} INFO - Started process (PID=244) to work on /opt/airflow/dags/simple_nyc_taxi_etl.py
[2025-10-11T04:26:27.532+0000] {processor.py:829} INFO - Processing file /opt/airflow/dags/simple_nyc_taxi_etl.py for tasks to queue
[2025-10-11T04:26:27.533+0000] {logging_mixin.py:151} INFO - [2025-10-11T04:26:27.533+0000] {dagbag.py:539} INFO - Filling up the DagBag from /opt/airflow/dags/simple_nyc_taxi_etl.py
[2025-10-11T04:26:27.648+0000] {processor.py:839} INFO - DAG(s) dict_keys(['simple_nyc_taxi_etl']) retrieved from /opt/airflow/dags/simple_nyc_taxi_etl.py
[2025-10-11T04:26:27.858+0000] {logging_mixin.py:151} INFO - [2025-10-11T04:26:27.858+0000] {security.py:708} INFO - Not syncing DAG-level permissions for DAG 'DAG:simple_nyc_taxi_etl' as access control is unset.
[2025-10-11T04:26:27.858+0000] {logging_mixin.py:151} INFO - [2025-10-11T04:26:27.858+0000] {dag.py:2915} INFO - Sync 1 DAGs
[2025-10-11T04:26:27.866+0000] {logging_mixin.py:151} INFO - [2025-10-11T04:26:27.866+0000] {dag.py:3696} INFO - Setting next_dagrun for simple_nyc_taxi_etl to 2025-10-10T22:26:27.866617+00:00, run_after=2025-10-11T04:26:27.866617+00:00
[2025-10-11T04:26:27.875+0000] {processor.py:179} INFO - Processing /opt/airflow/dags/simple_nyc_taxi_etl.py took 0.345 seconds
[2025-10-11T04:26:58.225+0000] {processor.py:157} INFO - Started process (PID=511) to work on /opt/airflow/dags/simple_nyc_taxi_etl.py
[2025-10-11T04:26:58.226+0000] {processor.py:829} INFO - Processing file /opt/airflow/dags/simple_nyc_taxi_etl.py for tasks to queue
[2025-10-11T04:26:58.227+0000] {logging_mixin.py:151} INFO - [2025-10-11T04:26:58.227+0000] {dagbag.py:539} INFO - Filling up the DagBag from /opt/airflow/dags/simple_nyc_taxi_etl.py
[2025-10-11T04:26:58.333+0000] {processor.py:839} INFO - DAG(s) dict_keys(['simple_nyc_taxi_etl']) retrieved from /opt/airflow/dags/simple_nyc_taxi_etl.py
[2025-10-11T04:26:58.349+0000] {logging_mixin.py:151} INFO - [2025-10-11T04:26:58.348+0000] {dag.py:2915} INFO - Sync 1 DAGs
[2025-10-11T04:26:58.358+0000] {logging_mixin.py:151} INFO - [2025-10-11T04:26:58.357+0000] {dag.py:3696} INFO - Setting next_dagrun for simple_nyc_taxi_etl to 2025-10-10T22:26:58.357815+00:00, run_after=2025-10-11T04:26:58.357815+00:00
[2025-10-11T04:26:58.368+0000] {processor.py:179} INFO - Processing /opt/airflow/dags/simple_nyc_taxi_etl.py took 0.144 seconds
[2025-10-11T04:27:28.746+0000] {processor.py:157} INFO - Started process (PID=556) to work on /opt/airflow/dags/simple_nyc_taxi_etl.py
[2025-10-11T04:27:28.749+0000] {processor.py:829} INFO - Processing file /opt/airflow/dags/simple_nyc_taxi_etl.py for tasks to queue
[2025-10-11T04:27:28.751+0000] {logging_mixin.py:151} INFO - [2025-10-11T04:27:28.750+0000] {dagbag.py:539} INFO - Filling up the DagBag from /opt/airflow/dags/simple_nyc_taxi_etl.py
[2025-10-11T04:27:28.858+0000] {processor.py:839} INFO - DAG(s) dict_keys(['simple_nyc_taxi_etl']) retrieved from /opt/airflow/dags/simple_nyc_taxi_etl.py
[2025-10-11T04:27:28.872+0000] {logging_mixin.py:151} INFO - [2025-10-11T04:27:28.872+0000] {dag.py:2915} INFO - Sync 1 DAGs
[2025-10-11T04:27:28.879+0000] {logging_mixin.py:151} INFO - [2025-10-11T04:27:28.879+0000] {dag.py:3696} INFO - Setting next_dagrun for simple_nyc_taxi_etl to 2025-10-10T22:27:28.879467+00:00, run_after=2025-10-11T04:27:28.879467+00:00
[2025-10-11T04:27:28.888+0000] {processor.py:179} INFO - Processing /opt/airflow/dags/simple_nyc_taxi_etl.py took 0.143 seconds
[2025-10-11T04:27:59.230+0000] {processor.py:157} INFO - Started process (PID=601) to work on /opt/airflow/dags/simple_nyc_taxi_etl.py
[2025-10-11T04:27:59.231+0000] {processor.py:829} INFO - Processing file /opt/airflow/dags/simple_nyc_taxi_etl.py for tasks to queue
[2025-10-11T04:27:59.232+0000] {logging_mixin.py:151} INFO - [2025-10-11T04:27:59.232+0000] {dagbag.py:539} INFO - Filling up the DagBag from /opt/airflow/dags/simple_nyc_taxi_etl.py
[2025-10-11T04:27:59.350+0000] {processor.py:839} INFO - DAG(s) dict_keys(['simple_nyc_taxi_etl']) retrieved from /opt/airflow/dags/simple_nyc_taxi_etl.py
[2025-10-11T04:27:59.364+0000] {logging_mixin.py:151} INFO - [2025-10-11T04:27:59.364+0000] {dag.py:2915} INFO - Sync 1 DAGs
[2025-10-11T04:27:59.371+0000] {logging_mixin.py:151} INFO - [2025-10-11T04:27:59.371+0000] {dag.py:3696} INFO - Setting next_dagrun for simple_nyc_taxi_etl to 2025-10-10T22:27:59.371426+00:00, run_after=2025-10-11T04:27:59.371426+00:00
[2025-10-11T04:27:59.377+0000] {processor.py:179} INFO - Processing /opt/airflow/dags/simple_nyc_taxi_etl.py took 0.149 seconds
[2025-10-11T04:28:29.747+0000] {processor.py:157} INFO - Started process (PID=646) to work on /opt/airflow/dags/simple_nyc_taxi_etl.py
[2025-10-11T04:28:29.747+0000] {processor.py:829} INFO - Processing file /opt/airflow/dags/simple_nyc_taxi_etl.py for tasks to queue
[2025-10-11T04:28:29.748+0000] {logging_mixin.py:151} INFO - [2025-10-11T04:28:29.748+0000] {dagbag.py:539} INFO - Filling up the DagBag from /opt/airflow/dags/simple_nyc_taxi_etl.py
[2025-10-11T04:28:29.849+0000] {processor.py:839} INFO - DAG(s) dict_keys(['simple_nyc_taxi_etl']) retrieved from /opt/airflow/dags/simple_nyc_taxi_etl.py
[2025-10-11T04:28:29.861+0000] {logging_mixin.py:151} INFO - [2025-10-11T04:28:29.861+0000] {dag.py:2915} INFO - Sync 1 DAGs
[2025-10-11T04:28:29.939+0000] {logging_mixin.py:151} INFO - [2025-10-11T04:28:29.939+0000] {dag.py:3696} INFO - Setting next_dagrun for simple_nyc_taxi_etl to 2025-10-10T22:28:29.869659+00:00, run_after=2025-10-11T04:28:29.869659+00:00
[2025-10-11T04:28:29.947+0000] {processor.py:179} INFO - Processing /opt/airflow/dags/simple_nyc_taxi_etl.py took 0.202 seconds
[2025-10-11T04:29:00.368+0000] {processor.py:157} INFO - Started process (PID=691) to work on /opt/airflow/dags/simple_nyc_taxi_etl.py
[2025-10-11T04:29:00.369+0000] {processor.py:829} INFO - Processing file /opt/airflow/dags/simple_nyc_taxi_etl.py for tasks to queue
[2025-10-11T04:29:00.370+0000] {logging_mixin.py:151} INFO - [2025-10-11T04:29:00.370+0000] {dagbag.py:539} INFO - Filling up the DagBag from /opt/airflow/dags/simple_nyc_taxi_etl.py
[2025-10-11T04:29:00.470+0000] {processor.py:839} INFO - DAG(s) dict_keys(['simple_nyc_taxi_etl']) retrieved from /opt/airflow/dags/simple_nyc_taxi_etl.py
[2025-10-11T04:29:00.489+0000] {logging_mixin.py:151} INFO - [2025-10-11T04:29:00.489+0000] {dag.py:2915} INFO - Sync 1 DAGs
[2025-10-11T04:29:00.496+0000] {logging_mixin.py:151} INFO - [2025-10-11T04:29:00.496+0000] {dag.py:3696} INFO - Setting next_dagrun for simple_nyc_taxi_etl to 2025-10-10T22:29:00.496339+00:00, run_after=2025-10-11T04:29:00.496339+00:00
[2025-10-11T04:29:00.504+0000] {processor.py:179} INFO - Processing /opt/airflow/dags/simple_nyc_taxi_etl.py took 0.137 seconds
[2025-10-11T04:29:30.970+0000] {processor.py:157} INFO - Started process (PID=736) to work on /opt/airflow/dags/simple_nyc_taxi_etl.py
[2025-10-11T04:29:30.971+0000] {processor.py:829} INFO - Processing file /opt/airflow/dags/simple_nyc_taxi_etl.py for tasks to queue
[2025-10-11T04:29:30.972+0000] {logging_mixin.py:151} INFO - [2025-10-11T04:29:30.972+0000] {dagbag.py:539} INFO - Filling up the DagBag from /opt/airflow/dags/simple_nyc_taxi_etl.py
[2025-10-11T04:29:31.074+0000] {processor.py:839} INFO - DAG(s) dict_keys(['simple_nyc_taxi_etl']) retrieved from /opt/airflow/dags/simple_nyc_taxi_etl.py
[2025-10-11T04:29:31.089+0000] {logging_mixin.py:151} INFO - [2025-10-11T04:29:31.089+0000] {dag.py:2915} INFO - Sync 1 DAGs
[2025-10-11T04:29:31.165+0000] {logging_mixin.py:151} INFO - [2025-10-11T04:29:31.165+0000] {dag.py:3696} INFO - Setting next_dagrun for simple_nyc_taxi_etl to 2025-10-10T22:29:31.164951+00:00, run_after=2025-10-11T04:29:31.164951+00:00
[2025-10-11T04:29:31.170+0000] {processor.py:179} INFO - Processing /opt/airflow/dags/simple_nyc_taxi_etl.py took 0.201 seconds
[2025-10-11T04:30:01.503+0000] {processor.py:157} INFO - Started process (PID=781) to work on /opt/airflow/dags/simple_nyc_taxi_etl.py
[2025-10-11T04:30:01.506+0000] {processor.py:829} INFO - Processing file /opt/airflow/dags/simple_nyc_taxi_etl.py for tasks to queue
[2025-10-11T04:30:01.507+0000] {logging_mixin.py:151} INFO - [2025-10-11T04:30:01.506+0000] {dagbag.py:539} INFO - Filling up the DagBag from /opt/airflow/dags/simple_nyc_taxi_etl.py
[2025-10-11T04:30:01.611+0000] {processor.py:839} INFO - DAG(s) dict_keys(['simple_nyc_taxi_etl']) retrieved from /opt/airflow/dags/simple_nyc_taxi_etl.py
[2025-10-11T04:30:01.628+0000] {logging_mixin.py:151} INFO - [2025-10-11T04:30:01.627+0000] {dag.py:2915} INFO - Sync 1 DAGs
[2025-10-11T04:30:01.636+0000] {logging_mixin.py:151} INFO - [2025-10-11T04:30:01.636+0000] {dag.py:3696} INFO - Setting next_dagrun for simple_nyc_taxi_etl to 2025-10-10T22:30:01.636409+00:00, run_after=2025-10-11T04:30:01.636409+00:00
[2025-10-11T04:30:01.643+0000] {processor.py:179} INFO - Processing /opt/airflow/dags/simple_nyc_taxi_etl.py took 0.141 seconds
[2025-10-11T04:30:32.034+0000] {processor.py:157} INFO - Started process (PID=826) to work on /opt/airflow/dags/simple_nyc_taxi_etl.py
[2025-10-11T04:30:32.035+0000] {processor.py:829} INFO - Processing file /opt/airflow/dags/simple_nyc_taxi_etl.py for tasks to queue
[2025-10-11T04:30:32.036+0000] {logging_mixin.py:151} INFO - [2025-10-11T04:30:32.036+0000] {dagbag.py:539} INFO - Filling up the DagBag from /opt/airflow/dags/simple_nyc_taxi_etl.py
[2025-10-11T04:30:32.136+0000] {processor.py:839} INFO - DAG(s) dict_keys(['simple_nyc_taxi_etl']) retrieved from /opt/airflow/dags/simple_nyc_taxi_etl.py
[2025-10-11T04:30:32.157+0000] {logging_mixin.py:151} INFO - [2025-10-11T04:30:32.157+0000] {dag.py:2915} INFO - Sync 1 DAGs
[2025-10-11T04:30:32.231+0000] {logging_mixin.py:151} INFO - [2025-10-11T04:30:32.231+0000] {dag.py:3696} INFO - Setting next_dagrun for simple_nyc_taxi_etl to 2025-10-10T22:30:32.231572+00:00, run_after=2025-10-11T04:30:32.231572+00:00
[2025-10-11T04:30:32.237+0000] {processor.py:179} INFO - Processing /opt/airflow/dags/simple_nyc_taxi_etl.py took 0.204 seconds
[2025-10-11T04:31:02.600+0000] {processor.py:157} INFO - Started process (PID=871) to work on /opt/airflow/dags/simple_nyc_taxi_etl.py
[2025-10-11T04:31:02.601+0000] {processor.py:829} INFO - Processing file /opt/airflow/dags/simple_nyc_taxi_etl.py for tasks to queue
[2025-10-11T04:31:02.602+0000] {logging_mixin.py:151} INFO - [2025-10-11T04:31:02.602+0000] {dagbag.py:539} INFO - Filling up the DagBag from /opt/airflow/dags/simple_nyc_taxi_etl.py
[2025-10-11T04:31:02.712+0000] {processor.py:839} INFO - DAG(s) dict_keys(['simple_nyc_taxi_etl']) retrieved from /opt/airflow/dags/simple_nyc_taxi_etl.py
[2025-10-11T04:31:02.726+0000] {logging_mixin.py:151} INFO - [2025-10-11T04:31:02.726+0000] {dag.py:2915} INFO - Sync 1 DAGs
[2025-10-11T04:31:02.735+0000] {logging_mixin.py:151} INFO - [2025-10-11T04:31:02.735+0000] {dag.py:3696} INFO - Setting next_dagrun for simple_nyc_taxi_etl to 2025-10-10T22:31:02.735627+00:00, run_after=2025-10-11T04:31:02.735627+00:00
[2025-10-11T04:31:02.743+0000] {processor.py:179} INFO - Processing /opt/airflow/dags/simple_nyc_taxi_etl.py took 0.144 seconds
[2025-10-11T04:31:33.217+0000] {processor.py:157} INFO - Started process (PID=916) to work on /opt/airflow/dags/simple_nyc_taxi_etl.py
[2025-10-11T04:31:33.218+0000] {processor.py:829} INFO - Processing file /opt/airflow/dags/simple_nyc_taxi_etl.py for tasks to queue
[2025-10-11T04:31:33.219+0000] {logging_mixin.py:151} INFO - [2025-10-11T04:31:33.218+0000] {dagbag.py:539} INFO - Filling up the DagBag from /opt/airflow/dags/simple_nyc_taxi_etl.py
[2025-10-11T04:31:33.329+0000] {processor.py:839} INFO - DAG(s) dict_keys(['simple_nyc_taxi_etl']) retrieved from /opt/airflow/dags/simple_nyc_taxi_etl.py
[2025-10-11T04:31:33.425+0000] {logging_mixin.py:151} INFO - [2025-10-11T04:31:33.424+0000] {dag.py:2915} INFO - Sync 1 DAGs
[2025-10-11T04:31:33.431+0000] {logging_mixin.py:151} INFO - [2025-10-11T04:31:33.431+0000] {dag.py:3696} INFO - Setting next_dagrun for simple_nyc_taxi_etl to 2025-10-10T22:31:33.431472+00:00, run_after=2025-10-11T04:31:33.431472+00:00
[2025-10-11T04:31:33.437+0000] {processor.py:179} INFO - Processing /opt/airflow/dags/simple_nyc_taxi_etl.py took 0.221 seconds
[2025-10-11T04:32:03.936+0000] {processor.py:157} INFO - Started process (PID=967) to work on /opt/airflow/dags/simple_nyc_taxi_etl.py
[2025-10-11T04:32:03.937+0000] {processor.py:829} INFO - Processing file /opt/airflow/dags/simple_nyc_taxi_etl.py for tasks to queue
[2025-10-11T04:32:03.938+0000] {logging_mixin.py:151} INFO - [2025-10-11T04:32:03.938+0000] {dagbag.py:539} INFO - Filling up the DagBag from /opt/airflow/dags/simple_nyc_taxi_etl.py
[2025-10-11T04:32:04.042+0000] {processor.py:839} INFO - DAG(s) dict_keys(['simple_nyc_taxi_etl']) retrieved from /opt/airflow/dags/simple_nyc_taxi_etl.py
[2025-10-11T04:32:04.054+0000] {logging_mixin.py:151} INFO - [2025-10-11T04:32:04.054+0000] {dag.py:2915} INFO - Sync 1 DAGs
[2025-10-11T04:32:04.127+0000] {logging_mixin.py:151} INFO - [2025-10-11T04:32:04.127+0000] {dag.py:3696} INFO - Setting next_dagrun for simple_nyc_taxi_etl to 2025-10-10T22:32:04.126967+00:00, run_after=2025-10-11T04:32:04.126967+00:00
[2025-10-11T04:32:04.133+0000] {processor.py:179} INFO - Processing /opt/airflow/dags/simple_nyc_taxi_etl.py took 0.198 seconds
[2025-10-11T04:32:34.476+0000] {processor.py:157} INFO - Started process (PID=1012) to work on /opt/airflow/dags/simple_nyc_taxi_etl.py
[2025-10-11T04:32:34.476+0000] {processor.py:829} INFO - Processing file /opt/airflow/dags/simple_nyc_taxi_etl.py for tasks to queue
[2025-10-11T04:32:34.478+0000] {logging_mixin.py:151} INFO - [2025-10-11T04:32:34.478+0000] {dagbag.py:539} INFO - Filling up the DagBag from /opt/airflow/dags/simple_nyc_taxi_etl.py
[2025-10-11T04:32:34.644+0000] {processor.py:839} INFO - DAG(s) dict_keys(['simple_nyc_taxi_etl']) retrieved from /opt/airflow/dags/simple_nyc_taxi_etl.py
[2025-10-11T04:32:34.660+0000] {logging_mixin.py:151} INFO - [2025-10-11T04:32:34.660+0000] {dag.py:2915} INFO - Sync 1 DAGs
[2025-10-11T04:32:34.667+0000] {logging_mixin.py:151} INFO - [2025-10-11T04:32:34.667+0000] {dag.py:3696} INFO - Setting next_dagrun for simple_nyc_taxi_etl to 2025-10-10T22:32:34.667590+00:00, run_after=2025-10-11T04:32:34.667590+00:00
[2025-10-11T04:32:34.673+0000] {processor.py:179} INFO - Processing /opt/airflow/dags/simple_nyc_taxi_etl.py took 0.199 seconds
[2025-10-11T04:33:05.072+0000] {processor.py:157} INFO - Started process (PID=1057) to work on /opt/airflow/dags/simple_nyc_taxi_etl.py
[2025-10-11T04:33:05.073+0000] {processor.py:829} INFO - Processing file /opt/airflow/dags/simple_nyc_taxi_etl.py for tasks to queue
[2025-10-11T04:33:05.074+0000] {logging_mixin.py:151} INFO - [2025-10-11T04:33:05.074+0000] {dagbag.py:539} INFO - Filling up the DagBag from /opt/airflow/dags/simple_nyc_taxi_etl.py
[2025-10-11T04:33:05.203+0000] {processor.py:839} INFO - DAG(s) dict_keys(['simple_nyc_taxi_etl']) retrieved from /opt/airflow/dags/simple_nyc_taxi_etl.py
[2025-10-11T04:33:05.323+0000] {logging_mixin.py:151} INFO - [2025-10-11T04:33:05.323+0000] {dag.py:2915} INFO - Sync 1 DAGs
[2025-10-11T04:33:05.333+0000] {logging_mixin.py:151} INFO - [2025-10-11T04:33:05.332+0000] {dag.py:3696} INFO - Setting next_dagrun for simple_nyc_taxi_etl to 2025-10-10T22:33:05.332883+00:00, run_after=2025-10-11T04:33:05.332883+00:00
[2025-10-11T04:33:05.339+0000] {processor.py:179} INFO - Processing /opt/airflow/dags/simple_nyc_taxi_etl.py took 0.270 seconds
[2025-10-11T04:33:35.629+0000] {processor.py:157} INFO - Started process (PID=1102) to work on /opt/airflow/dags/simple_nyc_taxi_etl.py
[2025-10-11T04:33:35.630+0000] {processor.py:829} INFO - Processing file /opt/airflow/dags/simple_nyc_taxi_etl.py for tasks to queue
[2025-10-11T04:33:35.632+0000] {logging_mixin.py:151} INFO - [2025-10-11T04:33:35.631+0000] {dagbag.py:539} INFO - Filling up the DagBag from /opt/airflow/dags/simple_nyc_taxi_etl.py
[2025-10-11T04:33:35.816+0000] {processor.py:839} INFO - DAG(s) dict_keys(['simple_nyc_taxi_etl']) retrieved from /opt/airflow/dags/simple_nyc_taxi_etl.py
[2025-10-11T04:33:35.833+0000] {logging_mixin.py:151} INFO - [2025-10-11T04:33:35.833+0000] {dag.py:2915} INFO - Sync 1 DAGs
[2025-10-11T04:33:35.841+0000] {logging_mixin.py:151} INFO - [2025-10-11T04:33:35.841+0000] {dag.py:3696} INFO - Setting next_dagrun for simple_nyc_taxi_etl to 2025-10-10T22:33:35.841447+00:00, run_after=2025-10-11T04:33:35.841447+00:00
[2025-10-11T04:33:35.849+0000] {processor.py:179} INFO - Processing /opt/airflow/dags/simple_nyc_taxi_etl.py took 0.221 seconds
[2025-10-11T04:34:06.169+0000] {processor.py:157} INFO - Started process (PID=1147) to work on /opt/airflow/dags/simple_nyc_taxi_etl.py
[2025-10-11T04:34:06.170+0000] {processor.py:829} INFO - Processing file /opt/airflow/dags/simple_nyc_taxi_etl.py for tasks to queue
[2025-10-11T04:34:06.172+0000] {logging_mixin.py:151} INFO - [2025-10-11T04:34:06.171+0000] {dagbag.py:539} INFO - Filling up the DagBag from /opt/airflow/dags/simple_nyc_taxi_etl.py
[2025-10-11T04:34:06.269+0000] {processor.py:839} INFO - DAG(s) dict_keys(['simple_nyc_taxi_etl']) retrieved from /opt/airflow/dags/simple_nyc_taxi_etl.py
[2025-10-11T04:34:06.349+0000] {logging_mixin.py:151} INFO - [2025-10-11T04:34:06.349+0000] {dag.py:2915} INFO - Sync 1 DAGs
[2025-10-11T04:34:06.358+0000] {logging_mixin.py:151} INFO - [2025-10-11T04:34:06.357+0000] {dag.py:3696} INFO - Setting next_dagrun for simple_nyc_taxi_etl to 2025-10-10T22:34:06.357857+00:00, run_after=2025-10-11T04:34:06.357857+00:00
[2025-10-11T04:34:06.364+0000] {processor.py:179} INFO - Processing /opt/airflow/dags/simple_nyc_taxi_etl.py took 0.196 seconds
[2025-10-11T04:34:36.708+0000] {processor.py:157} INFO - Started process (PID=1192) to work on /opt/airflow/dags/simple_nyc_taxi_etl.py
[2025-10-11T04:34:36.708+0000] {processor.py:829} INFO - Processing file /opt/airflow/dags/simple_nyc_taxi_etl.py for tasks to queue
[2025-10-11T04:34:36.709+0000] {logging_mixin.py:151} INFO - [2025-10-11T04:34:36.709+0000] {dagbag.py:539} INFO - Filling up the DagBag from /opt/airflow/dags/simple_nyc_taxi_etl.py
[2025-10-11T04:34:36.890+0000] {processor.py:839} INFO - DAG(s) dict_keys(['simple_nyc_taxi_etl']) retrieved from /opt/airflow/dags/simple_nyc_taxi_etl.py
[2025-10-11T04:34:36.901+0000] {logging_mixin.py:151} INFO - [2025-10-11T04:34:36.901+0000] {dag.py:2915} INFO - Sync 1 DAGs
[2025-10-11T04:34:36.910+0000] {logging_mixin.py:151} INFO - [2025-10-11T04:34:36.910+0000] {dag.py:3696} INFO - Setting next_dagrun for simple_nyc_taxi_etl to 2025-10-10T22:34:36.910064+00:00, run_after=2025-10-11T04:34:36.910064+00:00
[2025-10-11T04:34:36.916+0000] {processor.py:179} INFO - Processing /opt/airflow/dags/simple_nyc_taxi_etl.py took 0.210 seconds
[2025-10-11T04:35:07.236+0000] {processor.py:157} INFO - Started process (PID=1237) to work on /opt/airflow/dags/simple_nyc_taxi_etl.py
[2025-10-11T04:35:07.237+0000] {processor.py:829} INFO - Processing file /opt/airflow/dags/simple_nyc_taxi_etl.py for tasks to queue
[2025-10-11T04:35:07.237+0000] {logging_mixin.py:151} INFO - [2025-10-11T04:35:07.237+0000] {dagbag.py:539} INFO - Filling up the DagBag from /opt/airflow/dags/simple_nyc_taxi_etl.py
[2025-10-11T04:35:07.407+0000] {processor.py:839} INFO - DAG(s) dict_keys(['simple_nyc_taxi_etl']) retrieved from /opt/airflow/dags/simple_nyc_taxi_etl.py
[2025-10-11T04:35:07.422+0000] {logging_mixin.py:151} INFO - [2025-10-11T04:35:07.422+0000] {dag.py:2915} INFO - Sync 1 DAGs
[2025-10-11T04:35:07.430+0000] {logging_mixin.py:151} INFO - [2025-10-11T04:35:07.429+0000] {dag.py:3696} INFO - Setting next_dagrun for simple_nyc_taxi_etl to 2025-10-10T22:35:07.429927+00:00, run_after=2025-10-11T04:35:07.429927+00:00
[2025-10-11T04:35:07.436+0000] {processor.py:179} INFO - Processing /opt/airflow/dags/simple_nyc_taxi_etl.py took 0.201 seconds
[2025-10-11T04:35:37.749+0000] {processor.py:157} INFO - Started process (PID=1282) to work on /opt/airflow/dags/simple_nyc_taxi_etl.py
[2025-10-11T04:35:37.750+0000] {processor.py:829} INFO - Processing file /opt/airflow/dags/simple_nyc_taxi_etl.py for tasks to queue
[2025-10-11T04:35:37.751+0000] {logging_mixin.py:151} INFO - [2025-10-11T04:35:37.751+0000] {dagbag.py:539} INFO - Filling up the DagBag from /opt/airflow/dags/simple_nyc_taxi_etl.py
[2025-10-11T04:35:37.925+0000] {processor.py:839} INFO - DAG(s) dict_keys(['simple_nyc_taxi_etl']) retrieved from /opt/airflow/dags/simple_nyc_taxi_etl.py
[2025-10-11T04:35:37.936+0000] {logging_mixin.py:151} INFO - [2025-10-11T04:35:37.936+0000] {dag.py:2915} INFO - Sync 1 DAGs
[2025-10-11T04:35:37.944+0000] {logging_mixin.py:151} INFO - [2025-10-11T04:35:37.944+0000] {dag.py:3696} INFO - Setting next_dagrun for simple_nyc_taxi_etl to 2025-10-10T22:35:37.944145+00:00, run_after=2025-10-11T04:35:37.944145+00:00
[2025-10-11T04:35:37.950+0000] {processor.py:179} INFO - Processing /opt/airflow/dags/simple_nyc_taxi_etl.py took 0.202 seconds
[2025-10-11T04:36:08.283+0000] {processor.py:157} INFO - Started process (PID=1326) to work on /opt/airflow/dags/simple_nyc_taxi_etl.py
[2025-10-11T04:36:08.283+0000] {processor.py:829} INFO - Processing file /opt/airflow/dags/simple_nyc_taxi_etl.py for tasks to queue
[2025-10-11T04:36:08.285+0000] {logging_mixin.py:151} INFO - [2025-10-11T04:36:08.285+0000] {dagbag.py:539} INFO - Filling up the DagBag from /opt/airflow/dags/simple_nyc_taxi_etl.py
[2025-10-11T04:36:08.452+0000] {processor.py:839} INFO - DAG(s) dict_keys(['simple_nyc_taxi_etl']) retrieved from /opt/airflow/dags/simple_nyc_taxi_etl.py
[2025-10-11T04:36:08.464+0000] {logging_mixin.py:151} INFO - [2025-10-11T04:36:08.464+0000] {dag.py:2915} INFO - Sync 1 DAGs
[2025-10-11T04:36:08.471+0000] {logging_mixin.py:151} INFO - [2025-10-11T04:36:08.471+0000] {dag.py:3696} INFO - Setting next_dagrun for simple_nyc_taxi_etl to 2025-10-10T22:36:08.471548+00:00, run_after=2025-10-11T04:36:08.471548+00:00
[2025-10-11T04:36:08.479+0000] {processor.py:179} INFO - Processing /opt/airflow/dags/simple_nyc_taxi_etl.py took 0.197 seconds
[2025-10-11T04:36:38.843+0000] {processor.py:157} INFO - Started process (PID=1371) to work on /opt/airflow/dags/simple_nyc_taxi_etl.py
[2025-10-11T04:36:38.844+0000] {processor.py:829} INFO - Processing file /opt/airflow/dags/simple_nyc_taxi_etl.py for tasks to queue
[2025-10-11T04:36:38.846+0000] {logging_mixin.py:151} INFO - [2025-10-11T04:36:38.845+0000] {dagbag.py:539} INFO - Filling up the DagBag from /opt/airflow/dags/simple_nyc_taxi_etl.py
[2025-10-11T04:36:39.024+0000] {processor.py:839} INFO - DAG(s) dict_keys(['simple_nyc_taxi_etl']) retrieved from /opt/airflow/dags/simple_nyc_taxi_etl.py
[2025-10-11T04:36:39.036+0000] {logging_mixin.py:151} INFO - [2025-10-11T04:36:39.036+0000] {dag.py:2915} INFO - Sync 1 DAGs
[2025-10-11T04:36:39.043+0000] {logging_mixin.py:151} INFO - [2025-10-11T04:36:39.043+0000] {dag.py:3696} INFO - Setting next_dagrun for simple_nyc_taxi_etl to 2025-10-10T22:36:39.043810+00:00, run_after=2025-10-11T04:36:39.043810+00:00
[2025-10-11T04:36:39.051+0000] {processor.py:179} INFO - Processing /opt/airflow/dags/simple_nyc_taxi_etl.py took 0.209 seconds
[2025-10-11T04:37:09.390+0000] {processor.py:157} INFO - Started process (PID=1416) to work on /opt/airflow/dags/simple_nyc_taxi_etl.py
[2025-10-11T04:37:09.391+0000] {processor.py:829} INFO - Processing file /opt/airflow/dags/simple_nyc_taxi_etl.py for tasks to queue
[2025-10-11T04:37:09.392+0000] {logging_mixin.py:151} INFO - [2025-10-11T04:37:09.392+0000] {dagbag.py:539} INFO - Filling up the DagBag from /opt/airflow/dags/simple_nyc_taxi_etl.py
[2025-10-11T04:37:09.579+0000] {processor.py:839} INFO - DAG(s) dict_keys(['simple_nyc_taxi_etl']) retrieved from /opt/airflow/dags/simple_nyc_taxi_etl.py
[2025-10-11T04:37:09.591+0000] {logging_mixin.py:151} INFO - [2025-10-11T04:37:09.591+0000] {dag.py:2915} INFO - Sync 1 DAGs
[2025-10-11T04:37:09.599+0000] {logging_mixin.py:151} INFO - [2025-10-11T04:37:09.599+0000] {dag.py:3696} INFO - Setting next_dagrun for simple_nyc_taxi_etl to 2025-10-10T22:37:09.599386+00:00, run_after=2025-10-11T04:37:09.599386+00:00
[2025-10-11T04:37:09.606+0000] {processor.py:179} INFO - Processing /opt/airflow/dags/simple_nyc_taxi_etl.py took 0.217 seconds
[2025-10-11T04:37:39.934+0000] {processor.py:157} INFO - Started process (PID=1461) to work on /opt/airflow/dags/simple_nyc_taxi_etl.py
[2025-10-11T04:37:39.934+0000] {processor.py:829} INFO - Processing file /opt/airflow/dags/simple_nyc_taxi_etl.py for tasks to queue
[2025-10-11T04:37:39.935+0000] {logging_mixin.py:151} INFO - [2025-10-11T04:37:39.935+0000] {dagbag.py:539} INFO - Filling up the DagBag from /opt/airflow/dags/simple_nyc_taxi_etl.py
[2025-10-11T04:37:40.105+0000] {processor.py:839} INFO - DAG(s) dict_keys(['simple_nyc_taxi_etl']) retrieved from /opt/airflow/dags/simple_nyc_taxi_etl.py
[2025-10-11T04:37:40.116+0000] {logging_mixin.py:151} INFO - [2025-10-11T04:37:40.116+0000] {dag.py:2915} INFO - Sync 1 DAGs
[2025-10-11T04:37:40.125+0000] {logging_mixin.py:151} INFO - [2025-10-11T04:37:40.125+0000] {dag.py:3696} INFO - Setting next_dagrun for simple_nyc_taxi_etl to 2025-10-10T22:37:40.125074+00:00, run_after=2025-10-11T04:37:40.125074+00:00
[2025-10-11T04:37:40.131+0000] {processor.py:179} INFO - Processing /opt/airflow/dags/simple_nyc_taxi_etl.py took 0.199 seconds
[2025-10-11T04:38:10.441+0000] {processor.py:157} INFO - Started process (PID=1512) to work on /opt/airflow/dags/simple_nyc_taxi_etl.py
[2025-10-11T04:38:10.442+0000] {processor.py:829} INFO - Processing file /opt/airflow/dags/simple_nyc_taxi_etl.py for tasks to queue
[2025-10-11T04:38:10.442+0000] {logging_mixin.py:151} INFO - [2025-10-11T04:38:10.442+0000] {dagbag.py:539} INFO - Filling up the DagBag from /opt/airflow/dags/simple_nyc_taxi_etl.py
[2025-10-11T04:38:10.649+0000] {processor.py:839} INFO - DAG(s) dict_keys(['simple_nyc_taxi_etl']) retrieved from /opt/airflow/dags/simple_nyc_taxi_etl.py
[2025-10-11T04:38:10.659+0000] {logging_mixin.py:151} INFO - [2025-10-11T04:38:10.659+0000] {dag.py:2915} INFO - Sync 1 DAGs
[2025-10-11T04:38:10.667+0000] {logging_mixin.py:151} INFO - [2025-10-11T04:38:10.667+0000] {dag.py:3696} INFO - Setting next_dagrun for simple_nyc_taxi_etl to 2025-10-10T22:38:10.667116+00:00, run_after=2025-10-11T04:38:10.667116+00:00
[2025-10-11T04:38:10.676+0000] {processor.py:179} INFO - Processing /opt/airflow/dags/simple_nyc_taxi_etl.py took 0.237 seconds
[2025-10-11T04:38:40.977+0000] {processor.py:157} INFO - Started process (PID=1563) to work on /opt/airflow/dags/simple_nyc_taxi_etl.py
[2025-10-11T04:38:40.977+0000] {processor.py:829} INFO - Processing file /opt/airflow/dags/simple_nyc_taxi_etl.py for tasks to queue
[2025-10-11T04:38:40.979+0000] {logging_mixin.py:151} INFO - [2025-10-11T04:38:40.979+0000] {dagbag.py:539} INFO - Filling up the DagBag from /opt/airflow/dags/simple_nyc_taxi_etl.py
[2025-10-11T04:38:41.160+0000] {processor.py:839} INFO - DAG(s) dict_keys(['simple_nyc_taxi_etl']) retrieved from /opt/airflow/dags/simple_nyc_taxi_etl.py
[2025-10-11T04:38:41.172+0000] {logging_mixin.py:151} INFO - [2025-10-11T04:38:41.172+0000] {dag.py:2915} INFO - Sync 1 DAGs
[2025-10-11T04:38:41.179+0000] {logging_mixin.py:151} INFO - [2025-10-11T04:38:41.179+0000] {dag.py:3696} INFO - Setting next_dagrun for simple_nyc_taxi_etl to 2025-10-10T22:38:41.179440+00:00, run_after=2025-10-11T04:38:41.179440+00:00
[2025-10-11T04:38:41.186+0000] {processor.py:179} INFO - Processing /opt/airflow/dags/simple_nyc_taxi_etl.py took 0.210 seconds
[2025-10-11T04:39:11.498+0000] {processor.py:157} INFO - Started process (PID=1608) to work on /opt/airflow/dags/simple_nyc_taxi_etl.py
[2025-10-11T04:39:11.499+0000] {processor.py:829} INFO - Processing file /opt/airflow/dags/simple_nyc_taxi_etl.py for tasks to queue
[2025-10-11T04:39:11.500+0000] {logging_mixin.py:151} INFO - [2025-10-11T04:39:11.500+0000] {dagbag.py:539} INFO - Filling up the DagBag from /opt/airflow/dags/simple_nyc_taxi_etl.py
[2025-10-11T04:39:11.672+0000] {processor.py:839} INFO - DAG(s) dict_keys(['simple_nyc_taxi_etl']) retrieved from /opt/airflow/dags/simple_nyc_taxi_etl.py
[2025-10-11T04:39:11.683+0000] {logging_mixin.py:151} INFO - [2025-10-11T04:39:11.683+0000] {dag.py:2915} INFO - Sync 1 DAGs
[2025-10-11T04:39:11.692+0000] {logging_mixin.py:151} INFO - [2025-10-11T04:39:11.692+0000] {dag.py:3696} INFO - Setting next_dagrun for simple_nyc_taxi_etl to 2025-10-10T22:39:11.692080+00:00, run_after=2025-10-11T04:39:11.692080+00:00
[2025-10-11T04:39:11.698+0000] {processor.py:179} INFO - Processing /opt/airflow/dags/simple_nyc_taxi_etl.py took 0.201 seconds
[2025-10-11T04:39:42.031+0000] {processor.py:157} INFO - Started process (PID=1653) to work on /opt/airflow/dags/simple_nyc_taxi_etl.py
[2025-10-11T04:39:42.031+0000] {processor.py:829} INFO - Processing file /opt/airflow/dags/simple_nyc_taxi_etl.py for tasks to queue
[2025-10-11T04:39:42.034+0000] {logging_mixin.py:151} INFO - [2025-10-11T04:39:42.034+0000] {dagbag.py:539} INFO - Filling up the DagBag from /opt/airflow/dags/simple_nyc_taxi_etl.py
[2025-10-11T04:39:42.216+0000] {processor.py:839} INFO - DAG(s) dict_keys(['simple_nyc_taxi_etl']) retrieved from /opt/airflow/dags/simple_nyc_taxi_etl.py
[2025-10-11T04:39:42.228+0000] {logging_mixin.py:151} INFO - [2025-10-11T04:39:42.228+0000] {dag.py:2915} INFO - Sync 1 DAGs
[2025-10-11T04:39:42.236+0000] {logging_mixin.py:151} INFO - [2025-10-11T04:39:42.236+0000] {dag.py:3696} INFO - Setting next_dagrun for simple_nyc_taxi_etl to 2025-10-10T22:39:42.236694+00:00, run_after=2025-10-11T04:39:42.236694+00:00
[2025-10-11T04:39:42.245+0000] {processor.py:179} INFO - Processing /opt/airflow/dags/simple_nyc_taxi_etl.py took 0.215 seconds
[2025-10-11T04:40:12.780+0000] {processor.py:157} INFO - Started process (PID=1698) to work on /opt/airflow/dags/simple_nyc_taxi_etl.py
[2025-10-11T04:40:12.781+0000] {processor.py:829} INFO - Processing file /opt/airflow/dags/simple_nyc_taxi_etl.py for tasks to queue
[2025-10-11T04:40:12.781+0000] {logging_mixin.py:151} INFO - [2025-10-11T04:40:12.781+0000] {dagbag.py:539} INFO - Filling up the DagBag from /opt/airflow/dags/simple_nyc_taxi_etl.py
[2025-10-11T04:40:12.949+0000] {processor.py:839} INFO - DAG(s) dict_keys(['simple_nyc_taxi_etl']) retrieved from /opt/airflow/dags/simple_nyc_taxi_etl.py
[2025-10-11T04:40:12.960+0000] {logging_mixin.py:151} INFO - [2025-10-11T04:40:12.960+0000] {dag.py:2915} INFO - Sync 1 DAGs
[2025-10-11T04:40:12.968+0000] {logging_mixin.py:151} INFO - [2025-10-11T04:40:12.968+0000] {dag.py:3696} INFO - Setting next_dagrun for simple_nyc_taxi_etl to 2025-10-10T22:40:12.968771+00:00, run_after=2025-10-11T04:40:12.968771+00:00
[2025-10-11T04:40:12.975+0000] {processor.py:179} INFO - Processing /opt/airflow/dags/simple_nyc_taxi_etl.py took 0.196 seconds
[2025-10-11T04:40:43.301+0000] {processor.py:157} INFO - Started process (PID=1743) to work on /opt/airflow/dags/simple_nyc_taxi_etl.py
[2025-10-11T04:40:43.302+0000] {processor.py:829} INFO - Processing file /opt/airflow/dags/simple_nyc_taxi_etl.py for tasks to queue
[2025-10-11T04:40:43.302+0000] {logging_mixin.py:151} INFO - [2025-10-11T04:40:43.302+0000] {dagbag.py:539} INFO - Filling up the DagBag from /opt/airflow/dags/simple_nyc_taxi_etl.py
[2025-10-11T04:40:43.477+0000] {processor.py:839} INFO - DAG(s) dict_keys(['simple_nyc_taxi_etl']) retrieved from /opt/airflow/dags/simple_nyc_taxi_etl.py
[2025-10-11T04:40:43.487+0000] {logging_mixin.py:151} INFO - [2025-10-11T04:40:43.487+0000] {dag.py:2915} INFO - Sync 1 DAGs
[2025-10-11T04:40:43.494+0000] {logging_mixin.py:151} INFO - [2025-10-11T04:40:43.494+0000] {dag.py:3696} INFO - Setting next_dagrun for simple_nyc_taxi_etl to 2025-10-10T22:40:43.494429+00:00, run_after=2025-10-11T04:40:43.494429+00:00
[2025-10-11T04:40:43.501+0000] {processor.py:179} INFO - Processing /opt/airflow/dags/simple_nyc_taxi_etl.py took 0.201 seconds
[2025-10-11T04:41:13.851+0000] {processor.py:157} INFO - Started process (PID=1788) to work on /opt/airflow/dags/simple_nyc_taxi_etl.py
[2025-10-11T04:41:13.851+0000] {processor.py:829} INFO - Processing file /opt/airflow/dags/simple_nyc_taxi_etl.py for tasks to queue
[2025-10-11T04:41:13.853+0000] {logging_mixin.py:151} INFO - [2025-10-11T04:41:13.853+0000] {dagbag.py:539} INFO - Filling up the DagBag from /opt/airflow/dags/simple_nyc_taxi_etl.py
[2025-10-11T04:41:14.022+0000] {processor.py:839} INFO - DAG(s) dict_keys(['simple_nyc_taxi_etl']) retrieved from /opt/airflow/dags/simple_nyc_taxi_etl.py
[2025-10-11T04:41:14.041+0000] {logging_mixin.py:151} INFO - [2025-10-11T04:41:14.041+0000] {dag.py:2915} INFO - Sync 1 DAGs
[2025-10-11T04:41:14.051+0000] {logging_mixin.py:151} INFO - [2025-10-11T04:41:14.051+0000] {dag.py:3696} INFO - Setting next_dagrun for simple_nyc_taxi_etl to 2025-10-10T22:41:14.051065+00:00, run_after=2025-10-11T04:41:14.051065+00:00
[2025-10-11T04:41:14.057+0000] {processor.py:179} INFO - Processing /opt/airflow/dags/simple_nyc_taxi_etl.py took 0.208 seconds
[2025-10-11T04:41:44.431+0000] {processor.py:157} INFO - Started process (PID=1834) to work on /opt/airflow/dags/simple_nyc_taxi_etl.py
[2025-10-11T04:41:44.431+0000] {processor.py:829} INFO - Processing file /opt/airflow/dags/simple_nyc_taxi_etl.py for tasks to queue
[2025-10-11T04:41:44.433+0000] {logging_mixin.py:151} INFO - [2025-10-11T04:41:44.433+0000] {dagbag.py:539} INFO - Filling up the DagBag from /opt/airflow/dags/simple_nyc_taxi_etl.py
[2025-10-11T04:41:44.601+0000] {processor.py:839} INFO - DAG(s) dict_keys(['simple_nyc_taxi_etl']) retrieved from /opt/airflow/dags/simple_nyc_taxi_etl.py
[2025-10-11T04:41:44.614+0000] {logging_mixin.py:151} INFO - [2025-10-11T04:41:44.614+0000] {dag.py:2915} INFO - Sync 1 DAGs
[2025-10-11T04:41:44.621+0000] {logging_mixin.py:151} INFO - [2025-10-11T04:41:44.621+0000] {dag.py:3696} INFO - Setting next_dagrun for simple_nyc_taxi_etl to 2025-10-10T22:41:44.621247+00:00, run_after=2025-10-11T04:41:44.621247+00:00
[2025-10-11T04:41:44.634+0000] {processor.py:179} INFO - Processing /opt/airflow/dags/simple_nyc_taxi_etl.py took 0.205 seconds
[2025-10-11T04:42:14.986+0000] {processor.py:157} INFO - Started process (PID=1879) to work on /opt/airflow/dags/simple_nyc_taxi_etl.py
[2025-10-11T04:42:14.987+0000] {processor.py:829} INFO - Processing file /opt/airflow/dags/simple_nyc_taxi_etl.py for tasks to queue
[2025-10-11T04:42:14.989+0000] {logging_mixin.py:151} INFO - [2025-10-11T04:42:14.989+0000] {dagbag.py:539} INFO - Filling up the DagBag from /opt/airflow/dags/simple_nyc_taxi_etl.py
[2025-10-11T04:42:15.170+0000] {processor.py:839} INFO - DAG(s) dict_keys(['simple_nyc_taxi_etl']) retrieved from /opt/airflow/dags/simple_nyc_taxi_etl.py
[2025-10-11T04:42:15.181+0000] {logging_mixin.py:151} INFO - [2025-10-11T04:42:15.181+0000] {dag.py:2915} INFO - Sync 1 DAGs
[2025-10-11T04:42:15.189+0000] {logging_mixin.py:151} INFO - [2025-10-11T04:42:15.189+0000] {dag.py:3696} INFO - Setting next_dagrun for simple_nyc_taxi_etl to 2025-10-10T22:42:15.189345+00:00, run_after=2025-10-11T04:42:15.189345+00:00
[2025-10-11T04:42:15.195+0000] {processor.py:179} INFO - Processing /opt/airflow/dags/simple_nyc_taxi_etl.py took 0.211 seconds
[2025-10-11T04:42:45.501+0000] {processor.py:157} INFO - Started process (PID=1926) to work on /opt/airflow/dags/simple_nyc_taxi_etl.py
[2025-10-11T04:42:45.502+0000] {processor.py:829} INFO - Processing file /opt/airflow/dags/simple_nyc_taxi_etl.py for tasks to queue
[2025-10-11T04:42:45.502+0000] {logging_mixin.py:151} INFO - [2025-10-11T04:42:45.502+0000] {dagbag.py:539} INFO - Filling up the DagBag from /opt/airflow/dags/simple_nyc_taxi_etl.py
[2025-10-11T04:42:45.647+0000] {processor.py:839} INFO - DAG(s) dict_keys(['simple_nyc_taxi_etl']) retrieved from /opt/airflow/dags/simple_nyc_taxi_etl.py
[2025-10-11T04:42:45.656+0000] {logging_mixin.py:151} INFO - [2025-10-11T04:42:45.656+0000] {dag.py:2915} INFO - Sync 1 DAGs
[2025-10-11T04:42:45.662+0000] {logging_mixin.py:151} INFO - [2025-10-11T04:42:45.662+0000] {dag.py:3696} INFO - Setting next_dagrun for simple_nyc_taxi_etl to 2025-10-10T22:42:45.662593+00:00, run_after=2025-10-11T04:42:45.662593+00:00
[2025-10-11T04:42:45.668+0000] {processor.py:179} INFO - Processing /opt/airflow/dags/simple_nyc_taxi_etl.py took 0.169 seconds
[2025-10-11T04:58:38.166+0000] {processor.py:157} INFO - Started process (PID=1969) to work on /opt/airflow/dags/simple_nyc_taxi_etl.py
[2025-10-11T04:58:38.167+0000] {processor.py:829} INFO - Processing file /opt/airflow/dags/simple_nyc_taxi_etl.py for tasks to queue
[2025-10-11T04:58:38.169+0000] {logging_mixin.py:151} INFO - [2025-10-11T04:58:38.169+0000] {dagbag.py:539} INFO - Filling up the DagBag from /opt/airflow/dags/simple_nyc_taxi_etl.py
[2025-10-11T04:58:38.373+0000] {processor.py:839} INFO - DAG(s) dict_keys(['simple_nyc_taxi_etl']) retrieved from /opt/airflow/dags/simple_nyc_taxi_etl.py
[2025-10-11T04:58:38.386+0000] {logging_mixin.py:151} INFO - [2025-10-11T04:58:38.386+0000] {dag.py:2915} INFO - Sync 1 DAGs
[2025-10-11T04:58:38.395+0000] {logging_mixin.py:151} INFO - [2025-10-11T04:58:38.395+0000] {dag.py:3696} INFO - Setting next_dagrun for simple_nyc_taxi_etl to 2025-10-10T22:58:38.394966+00:00, run_after=2025-10-11T04:58:38.394966+00:00
[2025-10-11T04:58:38.419+0000] {processor.py:179} INFO - Processing /opt/airflow/dags/simple_nyc_taxi_etl.py took 0.256 seconds
[2025-10-11T04:59:08.857+0000] {processor.py:157} INFO - Started process (PID=2016) to work on /opt/airflow/dags/simple_nyc_taxi_etl.py
[2025-10-11T04:59:08.857+0000] {processor.py:829} INFO - Processing file /opt/airflow/dags/simple_nyc_taxi_etl.py for tasks to queue
[2025-10-11T04:59:08.858+0000] {logging_mixin.py:151} INFO - [2025-10-11T04:59:08.858+0000] {dagbag.py:539} INFO - Filling up the DagBag from /opt/airflow/dags/simple_nyc_taxi_etl.py
[2025-10-11T04:59:09.030+0000] {processor.py:839} INFO - DAG(s) dict_keys(['simple_nyc_taxi_etl']) retrieved from /opt/airflow/dags/simple_nyc_taxi_etl.py
[2025-10-11T04:59:09.039+0000] {logging_mixin.py:151} INFO - [2025-10-11T04:59:09.039+0000] {dag.py:2915} INFO - Sync 1 DAGs
[2025-10-11T04:59:09.046+0000] {logging_mixin.py:151} INFO - [2025-10-11T04:59:09.046+0000] {dag.py:3696} INFO - Setting next_dagrun for simple_nyc_taxi_etl to 2025-10-10T22:59:09.046585+00:00, run_after=2025-10-11T04:59:09.046585+00:00
[2025-10-11T04:59:09.053+0000] {processor.py:179} INFO - Processing /opt/airflow/dags/simple_nyc_taxi_etl.py took 0.197 seconds
[2025-10-11T05:16:18.484+0000] {processor.py:157} INFO - Started process (PID=2063) to work on /opt/airflow/dags/simple_nyc_taxi_etl.py
[2025-10-11T05:16:18.485+0000] {processor.py:829} INFO - Processing file /opt/airflow/dags/simple_nyc_taxi_etl.py for tasks to queue
[2025-10-11T05:16:18.486+0000] {logging_mixin.py:151} INFO - [2025-10-11T05:16:18.486+0000] {dagbag.py:539} INFO - Filling up the DagBag from /opt/airflow/dags/simple_nyc_taxi_etl.py
[2025-10-11T05:16:18.717+0000] {processor.py:839} INFO - DAG(s) dict_keys(['simple_nyc_taxi_etl']) retrieved from /opt/airflow/dags/simple_nyc_taxi_etl.py
[2025-10-11T05:16:18.728+0000] {logging_mixin.py:151} INFO - [2025-10-11T05:16:18.728+0000] {dag.py:2915} INFO - Sync 1 DAGs
[2025-10-11T05:16:18.738+0000] {logging_mixin.py:151} INFO - [2025-10-11T05:16:18.738+0000] {dag.py:3696} INFO - Setting next_dagrun for simple_nyc_taxi_etl to 2025-10-10T23:16:18.738224+00:00, run_after=2025-10-11T05:16:18.738224+00:00
[2025-10-11T05:16:18.753+0000] {processor.py:179} INFO - Processing /opt/airflow/dags/simple_nyc_taxi_etl.py took 0.272 seconds
[2025-10-11T05:16:49.216+0000] {processor.py:157} INFO - Started process (PID=2108) to work on /opt/airflow/dags/simple_nyc_taxi_etl.py
[2025-10-11T05:16:49.216+0000] {processor.py:829} INFO - Processing file /opt/airflow/dags/simple_nyc_taxi_etl.py for tasks to queue
[2025-10-11T05:16:49.217+0000] {logging_mixin.py:151} INFO - [2025-10-11T05:16:49.217+0000] {dagbag.py:539} INFO - Filling up the DagBag from /opt/airflow/dags/simple_nyc_taxi_etl.py
[2025-10-11T05:16:49.386+0000] {processor.py:839} INFO - DAG(s) dict_keys(['simple_nyc_taxi_etl']) retrieved from /opt/airflow/dags/simple_nyc_taxi_etl.py
[2025-10-11T05:16:49.396+0000] {logging_mixin.py:151} INFO - [2025-10-11T05:16:49.396+0000] {dag.py:2915} INFO - Sync 1 DAGs
[2025-10-11T05:16:49.403+0000] {logging_mixin.py:151} INFO - [2025-10-11T05:16:49.403+0000] {dag.py:3696} INFO - Setting next_dagrun for simple_nyc_taxi_etl to 2025-10-10T23:16:49.403450+00:00, run_after=2025-10-11T05:16:49.403450+00:00
[2025-10-11T05:16:49.409+0000] {processor.py:179} INFO - Processing /opt/airflow/dags/simple_nyc_taxi_etl.py took 0.195 seconds
[2025-10-11T05:33:38.800+0000] {processor.py:157} INFO - Started process (PID=2157) to work on /opt/airflow/dags/simple_nyc_taxi_etl.py
[2025-10-11T05:33:38.804+0000] {processor.py:829} INFO - Processing file /opt/airflow/dags/simple_nyc_taxi_etl.py for tasks to queue
[2025-10-11T05:33:38.806+0000] {logging_mixin.py:151} INFO - [2025-10-11T05:33:38.806+0000] {dagbag.py:539} INFO - Filling up the DagBag from /opt/airflow/dags/simple_nyc_taxi_etl.py
[2025-10-11T05:33:39.028+0000] {processor.py:839} INFO - DAG(s) dict_keys(['simple_nyc_taxi_etl']) retrieved from /opt/airflow/dags/simple_nyc_taxi_etl.py
[2025-10-11T05:33:39.044+0000] {logging_mixin.py:151} INFO - [2025-10-11T05:33:39.044+0000] {dag.py:2915} INFO - Sync 1 DAGs
[2025-10-11T05:33:39.063+0000] {logging_mixin.py:151} INFO - [2025-10-11T05:33:39.063+0000] {dag.py:3696} INFO - Setting next_dagrun for simple_nyc_taxi_etl to 2025-10-10T23:33:39.063086+00:00, run_after=2025-10-11T05:33:39.063086+00:00
[2025-10-11T05:33:39.075+0000] {processor.py:179} INFO - Processing /opt/airflow/dags/simple_nyc_taxi_etl.py took 0.277 seconds
[2025-10-11T05:34:09.531+0000] {processor.py:157} INFO - Started process (PID=2210) to work on /opt/airflow/dags/simple_nyc_taxi_etl.py
[2025-10-11T05:34:09.531+0000] {processor.py:829} INFO - Processing file /opt/airflow/dags/simple_nyc_taxi_etl.py for tasks to queue
[2025-10-11T05:34:09.532+0000] {logging_mixin.py:151} INFO - [2025-10-11T05:34:09.532+0000] {dagbag.py:539} INFO - Filling up the DagBag from /opt/airflow/dags/simple_nyc_taxi_etl.py
[2025-10-11T05:34:09.700+0000] {processor.py:839} INFO - DAG(s) dict_keys(['simple_nyc_taxi_etl']) retrieved from /opt/airflow/dags/simple_nyc_taxi_etl.py
[2025-10-11T05:34:09.712+0000] {logging_mixin.py:151} INFO - [2025-10-11T05:34:09.712+0000] {dag.py:2915} INFO - Sync 1 DAGs
[2025-10-11T05:34:09.719+0000] {logging_mixin.py:151} INFO - [2025-10-11T05:34:09.719+0000] {dag.py:3696} INFO - Setting next_dagrun for simple_nyc_taxi_etl to 2025-10-10T23:34:09.719576+00:00, run_after=2025-10-11T05:34:09.719576+00:00
[2025-10-11T05:34:09.725+0000] {processor.py:179} INFO - Processing /opt/airflow/dags/simple_nyc_taxi_etl.py took 0.196 seconds
[2025-10-11T05:34:40.113+0000] {processor.py:157} INFO - Started process (PID=2255) to work on /opt/airflow/dags/simple_nyc_taxi_etl.py
[2025-10-11T05:34:40.113+0000] {processor.py:829} INFO - Processing file /opt/airflow/dags/simple_nyc_taxi_etl.py for tasks to queue
[2025-10-11T05:34:40.114+0000] {logging_mixin.py:151} INFO - [2025-10-11T05:34:40.114+0000] {dagbag.py:539} INFO - Filling up the DagBag from /opt/airflow/dags/simple_nyc_taxi_etl.py
[2025-10-11T05:34:40.288+0000] {processor.py:839} INFO - DAG(s) dict_keys(['simple_nyc_taxi_etl']) retrieved from /opt/airflow/dags/simple_nyc_taxi_etl.py
[2025-10-11T05:34:40.304+0000] {logging_mixin.py:151} INFO - [2025-10-11T05:34:40.304+0000] {dag.py:2915} INFO - Sync 1 DAGs
[2025-10-11T05:34:40.311+0000] {logging_mixin.py:151} INFO - [2025-10-11T05:34:40.311+0000] {dag.py:3696} INFO - Setting next_dagrun for simple_nyc_taxi_etl to 2025-10-10T23:34:40.311454+00:00, run_after=2025-10-11T05:34:40.311454+00:00
[2025-10-11T05:34:40.318+0000] {processor.py:179} INFO - Processing /opt/airflow/dags/simple_nyc_taxi_etl.py took 0.206 seconds
[2025-10-11T05:35:10.728+0000] {processor.py:157} INFO - Started process (PID=2300) to work on /opt/airflow/dags/simple_nyc_taxi_etl.py
[2025-10-11T05:35:10.728+0000] {processor.py:829} INFO - Processing file /opt/airflow/dags/simple_nyc_taxi_etl.py for tasks to queue
[2025-10-11T05:35:10.730+0000] {logging_mixin.py:151} INFO - [2025-10-11T05:35:10.730+0000] {dagbag.py:539} INFO - Filling up the DagBag from /opt/airflow/dags/simple_nyc_taxi_etl.py
[2025-10-11T05:35:10.905+0000] {processor.py:839} INFO - DAG(s) dict_keys(['simple_nyc_taxi_etl']) retrieved from /opt/airflow/dags/simple_nyc_taxi_etl.py
[2025-10-11T05:35:10.916+0000] {logging_mixin.py:151} INFO - [2025-10-11T05:35:10.916+0000] {dag.py:2915} INFO - Sync 1 DAGs
[2025-10-11T05:35:10.923+0000] {logging_mixin.py:151} INFO - [2025-10-11T05:35:10.923+0000] {dag.py:3696} INFO - Setting next_dagrun for simple_nyc_taxi_etl to 2025-10-10T23:35:10.923701+00:00, run_after=2025-10-11T05:35:10.923701+00:00
[2025-10-11T05:35:10.930+0000] {processor.py:179} INFO - Processing /opt/airflow/dags/simple_nyc_taxi_etl.py took 0.204 seconds
[2025-10-11T06:40:45.276+0000] {processor.py:157} INFO - Started process (PID=2349) to work on /opt/airflow/dags/simple_nyc_taxi_etl.py
[2025-10-11T06:40:45.277+0000] {processor.py:829} INFO - Processing file /opt/airflow/dags/simple_nyc_taxi_etl.py for tasks to queue
[2025-10-11T06:40:45.279+0000] {logging_mixin.py:151} INFO - [2025-10-11T06:40:45.279+0000] {dagbag.py:539} INFO - Filling up the DagBag from /opt/airflow/dags/simple_nyc_taxi_etl.py
[2025-10-11T06:40:45.798+0000] {processor.py:839} INFO - DAG(s) dict_keys(['simple_nyc_taxi_etl']) retrieved from /opt/airflow/dags/simple_nyc_taxi_etl.py
[2025-10-11T06:40:45.826+0000] {logging_mixin.py:151} INFO - [2025-10-11T06:40:45.826+0000] {dag.py:2915} INFO - Sync 1 DAGs
[2025-10-11T06:40:45.856+0000] {logging_mixin.py:151} INFO - [2025-10-11T06:40:45.855+0000] {dag.py:3696} INFO - Setting next_dagrun for simple_nyc_taxi_etl to 2025-10-11T00:40:45.854795+00:00, run_after=2025-10-11T06:40:45.854795+00:00
[2025-10-11T06:40:45.886+0000] {processor.py:179} INFO - Processing /opt/airflow/dags/simple_nyc_taxi_etl.py took 0.615 seconds
[2025-10-11T08:04:24.410+0000] {processor.py:157} INFO - Started process (PID=2410) to work on /opt/airflow/dags/simple_nyc_taxi_etl.py
[2025-10-11T08:04:24.412+0000] {processor.py:829} INFO - Processing file /opt/airflow/dags/simple_nyc_taxi_etl.py for tasks to queue
[2025-10-11T08:04:24.414+0000] {logging_mixin.py:151} INFO - [2025-10-11T08:04:24.414+0000] {dagbag.py:539} INFO - Filling up the DagBag from /opt/airflow/dags/simple_nyc_taxi_etl.py
[2025-10-11T08:04:24.704+0000] {processor.py:839} INFO - DAG(s) dict_keys(['simple_nyc_taxi_etl']) retrieved from /opt/airflow/dags/simple_nyc_taxi_etl.py
[2025-10-11T08:04:24.724+0000] {logging_mixin.py:151} INFO - [2025-10-11T08:04:24.724+0000] {dag.py:2915} INFO - Sync 1 DAGs
[2025-10-11T08:04:24.735+0000] {logging_mixin.py:151} INFO - [2025-10-11T08:04:24.735+0000] {dag.py:3696} INFO - Setting next_dagrun for simple_nyc_taxi_etl to 2025-10-11T02:04:24.735403+00:00, run_after=2025-10-11T08:04:24.735403+00:00
[2025-10-11T08:04:24.746+0000] {processor.py:179} INFO - Processing /opt/airflow/dags/simple_nyc_taxi_etl.py took 0.337 seconds
[2025-10-11T09:36:58.087+0000] {processor.py:157} INFO - Started process (PID=2467) to work on /opt/airflow/dags/simple_nyc_taxi_etl.py
[2025-10-11T09:36:58.089+0000] {processor.py:829} INFO - Processing file /opt/airflow/dags/simple_nyc_taxi_etl.py for tasks to queue
[2025-10-11T09:36:58.092+0000] {logging_mixin.py:151} INFO - [2025-10-11T09:36:58.091+0000] {dagbag.py:539} INFO - Filling up the DagBag from /opt/airflow/dags/simple_nyc_taxi_etl.py
[2025-10-11T09:36:58.993+0000] {processor.py:839} INFO - DAG(s) dict_keys(['simple_nyc_taxi_etl']) retrieved from /opt/airflow/dags/simple_nyc_taxi_etl.py
[2025-10-11T09:36:59.017+0000] {logging_mixin.py:151} INFO - [2025-10-11T09:36:59.016+0000] {dag.py:2915} INFO - Sync 1 DAGs
[2025-10-11T09:36:59.033+0000] {logging_mixin.py:151} INFO - [2025-10-11T09:36:59.032+0000] {dag.py:3696} INFO - Setting next_dagrun for simple_nyc_taxi_etl to 2025-10-11T03:36:59.032783+00:00, run_after=2025-10-11T09:36:59.032783+00:00
[2025-10-11T09:36:59.055+0000] {processor.py:179} INFO - Processing /opt/airflow/dags/simple_nyc_taxi_etl.py took 0.973 seconds
[2025-10-11T10:37:44.550+0000] {processor.py:157} INFO - Started process (PID=2538) to work on /opt/airflow/dags/simple_nyc_taxi_etl.py
[2025-10-11T10:37:44.551+0000] {processor.py:829} INFO - Processing file /opt/airflow/dags/simple_nyc_taxi_etl.py for tasks to queue
[2025-10-11T10:37:44.553+0000] {logging_mixin.py:151} INFO - [2025-10-11T10:37:44.552+0000] {dagbag.py:539} INFO - Filling up the DagBag from /opt/airflow/dags/simple_nyc_taxi_etl.py
[2025-10-11T10:37:44.837+0000] {processor.py:839} INFO - DAG(s) dict_keys(['simple_nyc_taxi_etl']) retrieved from /opt/airflow/dags/simple_nyc_taxi_etl.py
[2025-10-11T10:37:44.855+0000] {logging_mixin.py:151} INFO - [2025-10-11T10:37:44.855+0000] {dag.py:2915} INFO - Sync 1 DAGs
[2025-10-11T10:37:44.872+0000] {logging_mixin.py:151} INFO - [2025-10-11T10:37:44.872+0000] {dag.py:3696} INFO - Setting next_dagrun for simple_nyc_taxi_etl to 2025-10-11T04:37:44.872403+00:00, run_after=2025-10-11T10:37:44.872403+00:00
[2025-10-11T10:37:44.885+0000] {processor.py:179} INFO - Processing /opt/airflow/dags/simple_nyc_taxi_etl.py took 0.337 seconds
[2025-10-11T11:38:53.179+0000] {processor.py:157} INFO - Started process (PID=2589) to work on /opt/airflow/dags/simple_nyc_taxi_etl.py
[2025-10-11T11:38:53.180+0000] {processor.py:829} INFO - Processing file /opt/airflow/dags/simple_nyc_taxi_etl.py for tasks to queue
[2025-10-11T11:38:53.182+0000] {logging_mixin.py:151} INFO - [2025-10-11T11:38:53.182+0000] {dagbag.py:539} INFO - Filling up the DagBag from /opt/airflow/dags/simple_nyc_taxi_etl.py
[2025-10-11T11:38:53.490+0000] {processor.py:839} INFO - DAG(s) dict_keys(['simple_nyc_taxi_etl']) retrieved from /opt/airflow/dags/simple_nyc_taxi_etl.py
[2025-10-11T11:38:53.507+0000] {logging_mixin.py:151} INFO - [2025-10-11T11:38:53.507+0000] {dag.py:2915} INFO - Sync 1 DAGs
[2025-10-11T11:38:53.521+0000] {logging_mixin.py:151} INFO - [2025-10-11T11:38:53.521+0000] {dag.py:3696} INFO - Setting next_dagrun for simple_nyc_taxi_etl to 2025-10-11T05:38:53.521585+00:00, run_after=2025-10-11T11:38:53.521585+00:00
[2025-10-11T11:38:53.537+0000] {processor.py:179} INFO - Processing /opt/airflow/dags/simple_nyc_taxi_etl.py took 0.361 seconds
[2025-10-11T13:37:14.745+0000] {processor.py:157} INFO - Started process (PID=2644) to work on /opt/airflow/dags/simple_nyc_taxi_etl.py
[2025-10-11T13:37:14.746+0000] {processor.py:829} INFO - Processing file /opt/airflow/dags/simple_nyc_taxi_etl.py for tasks to queue
[2025-10-11T13:37:14.747+0000] {logging_mixin.py:151} INFO - [2025-10-11T13:37:14.747+0000] {dagbag.py:539} INFO - Filling up the DagBag from /opt/airflow/dags/simple_nyc_taxi_etl.py
[2025-10-11T13:37:15.016+0000] {processor.py:839} INFO - DAG(s) dict_keys(['simple_nyc_taxi_etl']) retrieved from /opt/airflow/dags/simple_nyc_taxi_etl.py
[2025-10-11T13:37:15.037+0000] {logging_mixin.py:151} INFO - [2025-10-11T13:37:15.037+0000] {dag.py:2915} INFO - Sync 1 DAGs
[2025-10-11T13:37:15.048+0000] {logging_mixin.py:151} INFO - [2025-10-11T13:37:15.048+0000] {dag.py:3696} INFO - Setting next_dagrun for simple_nyc_taxi_etl to 2025-10-11T07:37:15.048163+00:00, run_after=2025-10-11T13:37:15.048163+00:00
[2025-10-11T13:37:15.058+0000] {processor.py:179} INFO - Processing /opt/airflow/dags/simple_nyc_taxi_etl.py took 0.316 seconds
[2025-10-11T14:29:21.598+0000] {processor.py:157} INFO - Started process (PID=2701) to work on /opt/airflow/dags/simple_nyc_taxi_etl.py
[2025-10-11T14:29:21.598+0000] {processor.py:829} INFO - Processing file /opt/airflow/dags/simple_nyc_taxi_etl.py for tasks to queue
[2025-10-11T14:29:21.600+0000] {logging_mixin.py:151} INFO - [2025-10-11T14:29:21.600+0000] {dagbag.py:539} INFO - Filling up the DagBag from /opt/airflow/dags/simple_nyc_taxi_etl.py
[2025-10-11T14:29:21.945+0000] {processor.py:839} INFO - DAG(s) dict_keys(['simple_nyc_taxi_etl']) retrieved from /opt/airflow/dags/simple_nyc_taxi_etl.py
[2025-10-11T14:29:21.984+0000] {logging_mixin.py:151} INFO - [2025-10-11T14:29:21.984+0000] {dag.py:2915} INFO - Sync 1 DAGs
[2025-10-11T14:29:22.007+0000] {logging_mixin.py:151} INFO - [2025-10-11T14:29:22.006+0000] {dag.py:3696} INFO - Setting next_dagrun for simple_nyc_taxi_etl to 2025-10-11T08:29:22.006817+00:00, run_after=2025-10-11T14:29:22.006817+00:00
[2025-10-11T14:29:22.022+0000] {processor.py:179} INFO - Processing /opt/airflow/dags/simple_nyc_taxi_etl.py took 0.427 seconds
[2025-10-11T14:47:57.492+0000] {processor.py:157} INFO - Started process (PID=2746) to work on /opt/airflow/dags/simple_nyc_taxi_etl.py
[2025-10-11T14:47:57.494+0000] {processor.py:829} INFO - Processing file /opt/airflow/dags/simple_nyc_taxi_etl.py for tasks to queue
[2025-10-11T14:47:57.495+0000] {logging_mixin.py:151} INFO - [2025-10-11T14:47:57.495+0000] {dagbag.py:539} INFO - Filling up the DagBag from /opt/airflow/dags/simple_nyc_taxi_etl.py
[2025-10-11T14:47:57.794+0000] {processor.py:839} INFO - DAG(s) dict_keys(['simple_nyc_taxi_etl']) retrieved from /opt/airflow/dags/simple_nyc_taxi_etl.py
[2025-10-11T14:47:57.815+0000] {logging_mixin.py:151} INFO - [2025-10-11T14:47:57.815+0000] {dag.py:2915} INFO - Sync 1 DAGs
[2025-10-11T14:47:57.827+0000] {logging_mixin.py:151} INFO - [2025-10-11T14:47:57.827+0000] {dag.py:3696} INFO - Setting next_dagrun for simple_nyc_taxi_etl to 2025-10-11T08:47:57.827093+00:00, run_after=2025-10-11T14:47:57.827093+00:00
[2025-10-11T14:47:57.839+0000] {processor.py:179} INFO - Processing /opt/airflow/dags/simple_nyc_taxi_etl.py took 0.349 seconds
[2025-10-11T16:49:48.361+0000] {processor.py:157} INFO - Started process (PID=2805) to work on /opt/airflow/dags/simple_nyc_taxi_etl.py
[2025-10-11T16:49:48.362+0000] {processor.py:829} INFO - Processing file /opt/airflow/dags/simple_nyc_taxi_etl.py for tasks to queue
[2025-10-11T16:49:48.364+0000] {logging_mixin.py:151} INFO - [2025-10-11T16:49:48.364+0000] {dagbag.py:539} INFO - Filling up the DagBag from /opt/airflow/dags/simple_nyc_taxi_etl.py
[2025-10-11T16:49:48.673+0000] {processor.py:839} INFO - DAG(s) dict_keys(['simple_nyc_taxi_etl']) retrieved from /opt/airflow/dags/simple_nyc_taxi_etl.py
[2025-10-11T16:49:48.692+0000] {logging_mixin.py:151} INFO - [2025-10-11T16:49:48.691+0000] {dag.py:2915} INFO - Sync 1 DAGs
[2025-10-11T16:49:48.706+0000] {logging_mixin.py:151} INFO - [2025-10-11T16:49:48.705+0000] {dag.py:3696} INFO - Setting next_dagrun for simple_nyc_taxi_etl to 2025-10-11T10:49:48.705879+00:00, run_after=2025-10-11T16:49:48.705879+00:00
[2025-10-11T16:49:48.722+0000] {processor.py:179} INFO - Processing /opt/airflow/dags/simple_nyc_taxi_etl.py took 0.363 seconds
[2025-10-11T17:50:48.940+0000] {processor.py:157} INFO - Started process (PID=2874) to work on /opt/airflow/dags/simple_nyc_taxi_etl.py
[2025-10-11T17:50:48.943+0000] {processor.py:829} INFO - Processing file /opt/airflow/dags/simple_nyc_taxi_etl.py for tasks to queue
[2025-10-11T17:50:48.945+0000] {logging_mixin.py:151} INFO - [2025-10-11T17:50:48.945+0000] {dagbag.py:539} INFO - Filling up the DagBag from /opt/airflow/dags/simple_nyc_taxi_etl.py
[2025-10-11T17:50:49.232+0000] {processor.py:839} INFO - DAG(s) dict_keys(['simple_nyc_taxi_etl']) retrieved from /opt/airflow/dags/simple_nyc_taxi_etl.py
[2025-10-11T17:50:49.264+0000] {logging_mixin.py:151} INFO - [2025-10-11T17:50:49.264+0000] {dag.py:2915} INFO - Sync 1 DAGs
[2025-10-11T17:50:49.283+0000] {logging_mixin.py:151} INFO - [2025-10-11T17:50:49.283+0000] {dag.py:3696} INFO - Setting next_dagrun for simple_nyc_taxi_etl to 2025-10-11T11:50:49.282905+00:00, run_after=2025-10-11T17:50:49.282905+00:00
[2025-10-11T17:50:49.303+0000] {processor.py:179} INFO - Processing /opt/airflow/dags/simple_nyc_taxi_etl.py took 0.365 seconds
[2025-10-11T18:41:07.594+0000] {processor.py:157} INFO - Started process (PID=2931) to work on /opt/airflow/dags/simple_nyc_taxi_etl.py
[2025-10-11T18:41:07.595+0000] {processor.py:829} INFO - Processing file /opt/airflow/dags/simple_nyc_taxi_etl.py for tasks to queue
[2025-10-11T18:41:07.596+0000] {logging_mixin.py:151} INFO - [2025-10-11T18:41:07.596+0000] {dagbag.py:539} INFO - Filling up the DagBag from /opt/airflow/dags/simple_nyc_taxi_etl.py
[2025-10-11T18:41:07.860+0000] {processor.py:839} INFO - DAG(s) dict_keys(['simple_nyc_taxi_etl']) retrieved from /opt/airflow/dags/simple_nyc_taxi_etl.py
[2025-10-11T18:41:07.884+0000] {logging_mixin.py:151} INFO - [2025-10-11T18:41:07.884+0000] {dag.py:2915} INFO - Sync 1 DAGs
[2025-10-11T18:41:07.895+0000] {logging_mixin.py:151} INFO - [2025-10-11T18:41:07.895+0000] {dag.py:3696} INFO - Setting next_dagrun for simple_nyc_taxi_etl to 2025-10-11T12:41:07.895592+00:00, run_after=2025-10-11T18:41:07.895592+00:00
[2025-10-11T18:41:07.907+0000] {processor.py:179} INFO - Processing /opt/airflow/dags/simple_nyc_taxi_etl.py took 0.314 seconds
[2025-10-11T22:07:03.291+0000] {processor.py:157} INFO - Started process (PID=2982) to work on /opt/airflow/dags/simple_nyc_taxi_etl.py
[2025-10-11T22:07:03.292+0000] {processor.py:829} INFO - Processing file /opt/airflow/dags/simple_nyc_taxi_etl.py for tasks to queue
[2025-10-11T22:07:03.294+0000] {logging_mixin.py:151} INFO - [2025-10-11T22:07:03.294+0000] {dagbag.py:539} INFO - Filling up the DagBag from /opt/airflow/dags/simple_nyc_taxi_etl.py
[2025-10-11T22:07:03.622+0000] {processor.py:839} INFO - DAG(s) dict_keys(['simple_nyc_taxi_etl']) retrieved from /opt/airflow/dags/simple_nyc_taxi_etl.py
[2025-10-11T22:07:03.644+0000] {logging_mixin.py:151} INFO - [2025-10-11T22:07:03.644+0000] {dag.py:2915} INFO - Sync 1 DAGs
[2025-10-11T22:07:03.659+0000] {logging_mixin.py:151} INFO - [2025-10-11T22:07:03.658+0000] {dag.py:3696} INFO - Setting next_dagrun for simple_nyc_taxi_etl to 2025-10-11T16:07:03.658731+00:00, run_after=2025-10-11T22:07:03.658731+00:00
[2025-10-11T22:07:03.672+0000] {processor.py:179} INFO - Processing /opt/airflow/dags/simple_nyc_taxi_etl.py took 0.384 seconds
[2025-10-11T23:54:40.745+0000] {processor.py:157} INFO - Started process (PID=3051) to work on /opt/airflow/dags/simple_nyc_taxi_etl.py
[2025-10-11T23:54:40.746+0000] {processor.py:829} INFO - Processing file /opt/airflow/dags/simple_nyc_taxi_etl.py for tasks to queue
[2025-10-11T23:54:40.748+0000] {logging_mixin.py:151} INFO - [2025-10-11T23:54:40.748+0000] {dagbag.py:539} INFO - Filling up the DagBag from /opt/airflow/dags/simple_nyc_taxi_etl.py
[2025-10-11T23:54:41.087+0000] {processor.py:839} INFO - DAG(s) dict_keys(['simple_nyc_taxi_etl']) retrieved from /opt/airflow/dags/simple_nyc_taxi_etl.py
[2025-10-11T23:54:41.106+0000] {logging_mixin.py:151} INFO - [2025-10-11T23:54:41.106+0000] {dag.py:2915} INFO - Sync 1 DAGs
[2025-10-11T23:54:41.121+0000] {logging_mixin.py:151} INFO - [2025-10-11T23:54:41.121+0000] {dag.py:3696} INFO - Setting next_dagrun for simple_nyc_taxi_etl to 2025-10-11T17:54:41.121584+00:00, run_after=2025-10-11T23:54:41.121584+00:00
[2025-10-11T23:54:41.140+0000] {processor.py:179} INFO - Processing /opt/airflow/dags/simple_nyc_taxi_etl.py took 0.397 seconds
