[2025-11-03T04:14:03.471+0000] {taskinstance.py:1157} INFO - Dependencies all met for dep_context=non-requeueable deps ti=<TaskInstance: nyc_weather_etl.spark_process_weather_to_iceberg manual__2025-11-03T04:14:01.073279+00:00 [queued]>
[2025-11-03T04:14:03.474+0000] {taskinstance.py:1157} INFO - Dependencies all met for dep_context=requeueable deps ti=<TaskInstance: nyc_weather_etl.spark_process_weather_to_iceberg manual__2025-11-03T04:14:01.073279+00:00 [queued]>
[2025-11-03T04:14:03.474+0000] {taskinstance.py:1359} INFO - Starting attempt 1 of 1
[2025-11-03T04:14:03.480+0000] {taskinstance.py:1380} INFO - Executing <Task(SparkSubmitOperator): spark_process_weather_to_iceberg> on 2025-11-03 04:14:01.073279+00:00
[2025-11-03T04:14:03.483+0000] {standard_task_runner.py:57} INFO - Started process 14760 to run task
[2025-11-03T04:14:03.484+0000] {standard_task_runner.py:84} INFO - Running: ['***', 'tasks', 'run', 'nyc_weather_etl', 'spark_process_weather_to_iceberg', 'manual__2025-11-03T04:14:01.073279+00:00', '--job-id', '131', '--raw', '--subdir', 'DAGS_FOLDER/nyc_weather_etl.py', '--cfg-path', '/tmp/tmpdu1i74w_']
[2025-11-03T04:14:03.486+0000] {standard_task_runner.py:85} INFO - Job 131: Subtask spark_process_weather_to_iceberg
[2025-11-03T04:14:03.505+0000] {task_command.py:415} INFO - Running <TaskInstance: nyc_weather_etl.spark_process_weather_to_iceberg manual__2025-11-03T04:14:01.073279+00:00 [running]> on host ec57452a9f33
[2025-11-03T04:14:03.631+0000] {taskinstance.py:1660} INFO - Exporting env vars: AIRFLOW_CTX_DAG_OWNER='data-engineering' AIRFLOW_CTX_DAG_ID='nyc_weather_etl' AIRFLOW_CTX_TASK_ID='spark_process_weather_to_iceberg' AIRFLOW_CTX_EXECUTION_DATE='2025-11-03T04:14:01.073279+00:00' AIRFLOW_CTX_TRY_NUMBER='1' AIRFLOW_CTX_DAG_RUN_ID='manual__2025-11-03T04:14:01.073279+00:00'
[2025-11-03T04:14:03.632+0000] {base.py:73} INFO - Using connection ID 'spark_default' for task execution.
[2025-11-03T04:14:03.633+0000] {spark_submit.py:340} INFO - Spark-Submit cmd: /opt/bitnami/spark/bin/spark-submit --master spark-master:7077 --conf spark.master=spark://spark-master:7077 --conf spark.sql.catalog.spark_catalog=org.apache.iceberg.spark.SparkSessionCatalog --conf spark.sql.catalog.spark_catalog.type=hive --conf spark.sql.catalog.iceberg=org.apache.iceberg.spark.SparkCatalog --conf spark.sql.catalog.iceberg.type=hadoop --conf spark.sql.catalog.iceberg.warehouse=s3a://lakehouse/warehouse --conf spark.sql.extensions=org.apache.iceberg.spark.extensions.IcebergSparkSessionExtensions --conf spark.hadoop.fs.s3a.endpoint=http://minio:9000 --conf spark.hadoop.fs.s3a.access.key=admin --conf spark.hadoop.fs.s3a.secret.key=****** --conf spark.hadoop.fs.s3a.path.style.access=true --conf spark.hadoop.fs.s3a.impl=org.apache.hadoop.fs.s3a.S3AFileSystem --jars /opt/***/jars/iceberg-spark-runtime-3.5_2.12-1.4.2.jar,/opt/***/jars/aws-java-sdk-bundle-1.12.367.jar,/opt/***/jars/hadoop-aws-3.3.4.jar --name arrow-spark /opt/***/dags/spark_jobs/weather_to_iceberg.py /opt/***/data/weather/weather_data_20251103_04.json
[2025-11-03T04:14:04.487+0000] {spark_submit.py:491} INFO - 25/11/03 04:14:04 WARN NativeCodeLoader: Unable to load native-hadoop library for your platform... using builtin-java classes where applicable
[2025-11-03T04:14:05.159+0000] {spark_submit.py:491} INFO - 25/11/03 04:14:05 INFO SparkContext: Running Spark version 3.5.1
[2025-11-03T04:14:05.159+0000] {spark_submit.py:491} INFO - 25/11/03 04:14:05 INFO SparkContext: OS info Linux, 6.10.14-linuxkit, aarch64
[2025-11-03T04:14:05.159+0000] {spark_submit.py:491} INFO - 25/11/03 04:14:05 INFO SparkContext: Java version 11.0.28
[2025-11-03T04:14:05.177+0000] {spark_submit.py:491} INFO - 25/11/03 04:14:05 INFO ResourceUtils: ==============================================================
[2025-11-03T04:14:05.177+0000] {spark_submit.py:491} INFO - 25/11/03 04:14:05 INFO ResourceUtils: No custom resources configured for spark.driver.
[2025-11-03T04:14:05.177+0000] {spark_submit.py:491} INFO - 25/11/03 04:14:05 INFO ResourceUtils: ==============================================================
[2025-11-03T04:14:05.178+0000] {spark_submit.py:491} INFO - 25/11/03 04:14:05 INFO SparkContext: Submitted application: Weather to Iceberg ETL
[2025-11-03T04:14:05.191+0000] {spark_submit.py:491} INFO - 25/11/03 04:14:05 INFO ResourceProfile: Default ResourceProfile created, executor resources: Map(cores -> name: cores, amount: 1, script: , vendor: , memory -> name: memory, amount: 1024, script: , vendor: , offHeap -> name: offHeap, amount: 0, script: , vendor: ), task resources: Map(cpus -> name: cpus, amount: 1.0)
[2025-11-03T04:14:05.195+0000] {spark_submit.py:491} INFO - 25/11/03 04:14:05 INFO ResourceProfile: Limiting resource is cpu
[2025-11-03T04:14:05.195+0000] {spark_submit.py:491} INFO - 25/11/03 04:14:05 INFO ResourceProfileManager: Added ResourceProfile id: 0
[2025-11-03T04:14:05.228+0000] {spark_submit.py:491} INFO - 25/11/03 04:14:05 INFO SecurityManager: Changing view acls to: ***
[2025-11-03T04:14:05.228+0000] {spark_submit.py:491} INFO - 25/11/03 04:14:05 INFO SecurityManager: Changing modify acls to: ***
[2025-11-03T04:14:05.229+0000] {spark_submit.py:491} INFO - 25/11/03 04:14:05 INFO SecurityManager: Changing view acls groups to:
[2025-11-03T04:14:05.229+0000] {spark_submit.py:491} INFO - 25/11/03 04:14:05 INFO SecurityManager: Changing modify acls groups to:
[2025-11-03T04:14:05.230+0000] {spark_submit.py:491} INFO - 25/11/03 04:14:05 INFO SecurityManager: SecurityManager: authentication disabled; ui acls disabled; users with view permissions: ***; groups with view permissions: EMPTY; users with modify permissions: ***; groups with modify permissions: EMPTY
[2025-11-03T04:14:05.345+0000] {spark_submit.py:491} INFO - 25/11/03 04:14:05 INFO Utils: Successfully started service 'sparkDriver' on port 46083.
[2025-11-03T04:14:05.366+0000] {spark_submit.py:491} INFO - 25/11/03 04:14:05 INFO SparkEnv: Registering MapOutputTracker
[2025-11-03T04:14:05.382+0000] {spark_submit.py:491} INFO - 25/11/03 04:14:05 INFO SparkEnv: Registering BlockManagerMaster
[2025-11-03T04:14:05.392+0000] {spark_submit.py:491} INFO - 25/11/03 04:14:05 INFO BlockManagerMasterEndpoint: Using org.apache.spark.storage.DefaultTopologyMapper for getting topology information
[2025-11-03T04:14:05.392+0000] {spark_submit.py:491} INFO - 25/11/03 04:14:05 INFO BlockManagerMasterEndpoint: BlockManagerMasterEndpoint up
[2025-11-03T04:14:05.394+0000] {spark_submit.py:491} INFO - 25/11/03 04:14:05 INFO SparkEnv: Registering BlockManagerMasterHeartbeat
[2025-11-03T04:14:05.403+0000] {spark_submit.py:491} INFO - 25/11/03 04:14:05 INFO DiskBlockManager: Created local directory at /tmp/blockmgr-eff7efe6-8a9b-45ea-9996-9d2f7c47f4aa
[2025-11-03T04:14:05.409+0000] {spark_submit.py:491} INFO - 25/11/03 04:14:05 INFO MemoryStore: MemoryStore started with capacity 434.4 MiB
[2025-11-03T04:14:05.416+0000] {spark_submit.py:491} INFO - 25/11/03 04:14:05 INFO SparkEnv: Registering OutputCommitCoordinator
[2025-11-03T04:14:05.484+0000] {spark_submit.py:491} INFO - 25/11/03 04:14:05 INFO JettyUtils: Start Jetty 0.0.0.0:4040 for SparkUI
[2025-11-03T04:14:05.512+0000] {spark_submit.py:491} INFO - 25/11/03 04:14:05 WARN Utils: Service 'SparkUI' could not bind on port 4040. Attempting port 4041.
[2025-11-03T04:14:05.516+0000] {spark_submit.py:491} INFO - 25/11/03 04:14:05 INFO Utils: Successfully started service 'SparkUI' on port 4041.
[2025-11-03T04:14:05.537+0000] {spark_submit.py:491} INFO - 25/11/03 04:14:05 INFO SparkContext: Added JAR file:///opt/***/jars/iceberg-spark-runtime-3.5_2.12-1.4.2.jar at spark://ec57452a9f33:46083/jars/iceberg-spark-runtime-3.5_2.12-1.4.2.jar with timestamp 1762143245154
[2025-11-03T04:14:05.537+0000] {spark_submit.py:491} INFO - 25/11/03 04:14:05 INFO SparkContext: Added JAR file:///opt/***/jars/aws-java-sdk-bundle-1.12.367.jar at spark://ec57452a9f33:46083/jars/aws-java-sdk-bundle-1.12.367.jar with timestamp 1762143245154
[2025-11-03T04:14:05.537+0000] {spark_submit.py:491} INFO - 25/11/03 04:14:05 INFO SparkContext: Added JAR file:///opt/***/jars/hadoop-aws-3.3.4.jar at spark://ec57452a9f33:46083/jars/hadoop-aws-3.3.4.jar with timestamp 1762143245154
[2025-11-03T04:14:05.579+0000] {spark_submit.py:491} INFO - 25/11/03 04:14:05 INFO Executor: Starting executor ID driver on host ec57452a9f33
[2025-11-03T04:14:05.580+0000] {spark_submit.py:491} INFO - 25/11/03 04:14:05 INFO Executor: OS info Linux, 6.10.14-linuxkit, aarch64
[2025-11-03T04:14:05.580+0000] {spark_submit.py:491} INFO - 25/11/03 04:14:05 INFO Executor: Java version 11.0.28
[2025-11-03T04:14:05.582+0000] {spark_submit.py:491} INFO - 25/11/03 04:14:05 INFO Executor: Starting executor with user classpath (userClassPathFirst = false): ''
[2025-11-03T04:14:05.582+0000] {spark_submit.py:491} INFO - 25/11/03 04:14:05 INFO Executor: Created or updated repl class loader org.apache.spark.util.MutableURLClassLoader@6a90e181 for default.
[2025-11-03T04:14:05.591+0000] {spark_submit.py:491} INFO - 25/11/03 04:14:05 INFO Executor: Fetching spark://ec57452a9f33:46083/jars/iceberg-spark-runtime-3.5_2.12-1.4.2.jar with timestamp 1762143245154
[2025-11-03T04:14:05.623+0000] {spark_submit.py:491} INFO - 25/11/03 04:14:05 INFO TransportClientFactory: Successfully created connection to ec57452a9f33/172.18.0.4:46083 after 17 ms (0 ms spent in bootstraps)
[2025-11-03T04:14:05.626+0000] {spark_submit.py:491} INFO - 25/11/03 04:14:05 INFO Utils: Fetching spark://ec57452a9f33:46083/jars/iceberg-spark-runtime-3.5_2.12-1.4.2.jar to /tmp/spark-a07db038-092a-4031-be71-6ddb68221398/userFiles-855968d0-d51c-4262-a710-78ddcb31dc57/fetchFileTemp6897478151719695283.tmp
[2025-11-03T04:14:05.705+0000] {spark_submit.py:491} INFO - 25/11/03 04:14:05 INFO Executor: Adding file:/tmp/spark-a07db038-092a-4031-be71-6ddb68221398/userFiles-855968d0-d51c-4262-a710-78ddcb31dc57/iceberg-spark-runtime-3.5_2.12-1.4.2.jar to class loader default
[2025-11-03T04:14:05.705+0000] {spark_submit.py:491} INFO - 25/11/03 04:14:05 INFO Executor: Fetching spark://ec57452a9f33:46083/jars/aws-java-sdk-bundle-1.12.367.jar with timestamp 1762143245154
[2025-11-03T04:14:05.705+0000] {spark_submit.py:491} INFO - 25/11/03 04:14:05 INFO Utils: Fetching spark://ec57452a9f33:46083/jars/aws-java-sdk-bundle-1.12.367.jar to /tmp/spark-a07db038-092a-4031-be71-6ddb68221398/userFiles-855968d0-d51c-4262-a710-78ddcb31dc57/fetchFileTemp17107134257965088935.tmp
[2025-11-03T04:14:06.116+0000] {spark_submit.py:491} INFO - 25/11/03 04:14:06 INFO Executor: Adding file:/tmp/spark-a07db038-092a-4031-be71-6ddb68221398/userFiles-855968d0-d51c-4262-a710-78ddcb31dc57/aws-java-sdk-bundle-1.12.367.jar to class loader default
[2025-11-03T04:14:06.120+0000] {spark_submit.py:491} INFO - 25/11/03 04:14:06 INFO Executor: Fetching spark://ec57452a9f33:46083/jars/hadoop-aws-3.3.4.jar with timestamp 1762143245154
[2025-11-03T04:14:06.121+0000] {spark_submit.py:491} INFO - 25/11/03 04:14:06 INFO Utils: Fetching spark://ec57452a9f33:46083/jars/hadoop-aws-3.3.4.jar to /tmp/spark-a07db038-092a-4031-be71-6ddb68221398/userFiles-855968d0-d51c-4262-a710-78ddcb31dc57/fetchFileTemp8494288553938685600.tmp
[2025-11-03T04:14:06.128+0000] {spark_submit.py:491} INFO - 25/11/03 04:14:06 INFO Executor: Adding file:/tmp/spark-a07db038-092a-4031-be71-6ddb68221398/userFiles-855968d0-d51c-4262-a710-78ddcb31dc57/hadoop-aws-3.3.4.jar to class loader default
[2025-11-03T04:14:06.136+0000] {spark_submit.py:491} INFO - 25/11/03 04:14:06 INFO Utils: Successfully started service 'org.apache.spark.network.netty.NettyBlockTransferService' on port 33447.
[2025-11-03T04:14:06.141+0000] {spark_submit.py:491} INFO - 25/11/03 04:14:06 INFO NettyBlockTransferService: Server created on ec57452a9f33:33447
[2025-11-03T04:14:06.141+0000] {spark_submit.py:491} INFO - 25/11/03 04:14:06 INFO BlockManager: Using org.apache.spark.storage.RandomBlockReplicationPolicy for block replication policy
[2025-11-03T04:14:06.142+0000] {spark_submit.py:491} INFO - 25/11/03 04:14:06 INFO BlockManagerMaster: Registering BlockManager BlockManagerId(driver, ec57452a9f33, 33447, None)
[2025-11-03T04:14:06.142+0000] {spark_submit.py:491} INFO - 25/11/03 04:14:06 INFO BlockManagerMasterEndpoint: Registering block manager ec57452a9f33:33447 with 434.4 MiB RAM, BlockManagerId(driver, ec57452a9f33, 33447, None)
[2025-11-03T04:14:06.144+0000] {spark_submit.py:491} INFO - 25/11/03 04:14:06 INFO BlockManagerMaster: Registered BlockManager BlockManagerId(driver, ec57452a9f33, 33447, None)
[2025-11-03T04:14:06.144+0000] {spark_submit.py:491} INFO - 25/11/03 04:14:06 INFO BlockManager: Initialized BlockManager: BlockManagerId(driver, ec57452a9f33, 33447, None)
[2025-11-03T04:14:07.679+0000] {spark_submit.py:491} INFO - 25/11/03 04:14:07 WARN MetricsConfig: Cannot locate configuration: tried hadoop-metrics2-s3a-file-system.properties,hadoop-metrics2.properties
[2025-11-03T04:14:08.444+0000] {spark_submit.py:491} INFO - Created/verified weather table
[2025-11-03T04:14:08.445+0000] {spark_submit.py:491} INFO - Reading weather data from: /opt/***/data/weather/weather_data_20251103_04.json
[2025-11-03T04:14:09.673+0000] {spark_submit.py:491} INFO - Raw weather data count: 24
[2025-11-03T04:14:09.673+0000] {spark_submit.py:491} INFO - root
[2025-11-03T04:14:09.674+0000] {spark_submit.py:491} INFO - |-- timestamp: string (nullable = true)
[2025-11-03T04:14:09.674+0000] {spark_submit.py:491} INFO - |-- location: string (nullable = true)
[2025-11-03T04:14:09.674+0000] {spark_submit.py:491} INFO - |-- latitude: double (nullable = true)
[2025-11-03T04:14:09.674+0000] {spark_submit.py:491} INFO - |-- longitude: double (nullable = true)
[2025-11-03T04:14:09.674+0000] {spark_submit.py:491} INFO - |-- temperature_celsius: double (nullable = true)
[2025-11-03T04:14:09.674+0000] {spark_submit.py:491} INFO - |-- temperature_fahrenheit: double (nullable = true)
[2025-11-03T04:14:09.674+0000] {spark_submit.py:491} INFO - |-- humidity_percent: double (nullable = true)
[2025-11-03T04:14:09.674+0000] {spark_submit.py:491} INFO - |-- pressure_hpa: double (nullable = true)
[2025-11-03T04:14:09.674+0000] {spark_submit.py:491} INFO - |-- wind_speed_kmh: double (nullable = true)
[2025-11-03T04:14:09.674+0000] {spark_submit.py:491} INFO - |-- weather_condition: string (nullable = true)
[2025-11-03T04:14:09.675+0000] {spark_submit.py:491} INFO - |-- visibility_km: double (nullable = true)
[2025-11-03T04:14:09.675+0000] {spark_submit.py:491} INFO - |-- uv_index: double (nullable = true)
[2025-11-03T04:14:09.675+0000] {spark_submit.py:491} INFO - |-- hour: integer (nullable = true)
[2025-11-03T04:14:09.675+0000] {spark_submit.py:491} INFO - |-- day_of_week: integer (nullable = true)
[2025-11-03T04:14:09.675+0000] {spark_submit.py:491} INFO - |-- is_weekend: boolean (nullable = true)
[2025-11-03T04:14:09.675+0000] {spark_submit.py:491} INFO - 
[2025-11-03T04:14:09.949+0000] {spark_submit.py:491} INFO - Processed weather data count: 24
[2025-11-03T04:14:11.071+0000] {spark_submit.py:491} INFO - Successfully wrote weather data to Iceberg table
[2025-11-03T04:14:12.510+0000] {spark_submit.py:491} INFO - +------------+------------------+-----------------+------------------+--------------------+
[2025-11-03T04:14:12.510+0000] {spark_submit.py:491} INFO - |weather_date|        avg_temp_c|     avg_humidity|    avg_wind_speed|          conditions|
[2025-11-03T04:14:12.510+0000] {spark_submit.py:491} INFO - +------------+------------------+-----------------+------------------+--------------------+
[2025-11-03T04:14:12.510+0000] {spark_submit.py:491} INFO - |  2025-11-03|16.223714285714287|60.79142857142857|6.0685714285714285|[clear, snow, rai...|
[2025-11-03T04:14:12.511+0000] {spark_submit.py:491} INFO - |  2025-11-02| 17.97254143646409| 64.2243093922652| 7.596685082872925|[clear, snow, rai...|
[2025-11-03T04:14:12.511+0000] {spark_submit.py:491} INFO - +------------+------------------+-----------------+------------------+--------------------+
[2025-11-03T04:14:12.511+0000] {spark_submit.py:491} INFO - 
[2025-11-03T04:14:12.511+0000] {spark_submit.py:491} INFO - Weather ETL job completed successfully!
[2025-11-03T04:14:13.307+0000] {taskinstance.py:1398} INFO - Marking task as SUCCESS. dag_id=nyc_weather_etl, task_id=spark_process_weather_to_iceberg, execution_date=20251103T041401, start_date=20251103T041403, end_date=20251103T041413
[2025-11-03T04:14:13.327+0000] {local_task_job_runner.py:228} INFO - Task exited with return code 0
[2025-11-03T04:14:13.337+0000] {taskinstance.py:2776} INFO - 0 downstream tasks scheduled from follow-on schedule check
