[2025-10-12T10:44:30.386+0000] {taskinstance.py:1157} INFO - Dependencies all met for dep_context=non-requeueable deps ti=<TaskInstance: nyc_weather_etl.check_bucket_task scheduled__2025-10-12T09:44:27.021319+00:00 [queued]>
[2025-10-12T10:44:30.391+0000] {taskinstance.py:1157} INFO - Dependencies all met for dep_context=requeueable deps ti=<TaskInstance: nyc_weather_etl.check_bucket_task scheduled__2025-10-12T09:44:27.021319+00:00 [queued]>
[2025-10-12T10:44:30.391+0000] {taskinstance.py:1359} INFO - Starting attempt 1 of 1
[2025-10-12T10:44:30.397+0000] {taskinstance.py:1380} INFO - Executing <Task(PythonOperator): check_bucket_task> on 2025-10-12 09:44:27.021319+00:00
[2025-10-12T10:44:30.400+0000] {standard_task_runner.py:57} INFO - Started process 3888 to run task
[2025-10-12T10:44:30.402+0000] {standard_task_runner.py:84} INFO - Running: ['***', 'tasks', 'run', 'nyc_weather_etl', 'check_bucket_task', 'scheduled__2025-10-12T09:44:27.021319+00:00', '--job-id', '505', '--raw', '--subdir', 'DAGS_FOLDER/nyc_weather_etl.py', '--cfg-path', '/tmp/tmp8_c9_ft5']
[2025-10-12T10:44:30.404+0000] {standard_task_runner.py:85} INFO - Job 505: Subtask check_bucket_task
[2025-10-12T10:44:30.433+0000] {task_command.py:415} INFO - Running <TaskInstance: nyc_weather_etl.check_bucket_task scheduled__2025-10-12T09:44:27.021319+00:00 [running]> on host b40be2a595bb
[2025-10-12T10:44:30.610+0000] {taskinstance.py:1660} INFO - Exporting env vars: AIRFLOW_CTX_DAG_OWNER='data-engineering' AIRFLOW_CTX_DAG_ID='nyc_weather_etl' AIRFLOW_CTX_TASK_ID='check_bucket_task' AIRFLOW_CTX_EXECUTION_DATE='2025-10-12T09:44:27.021319+00:00' AIRFLOW_CTX_TRY_NUMBER='1' AIRFLOW_CTX_DAG_RUN_ID='scheduled__2025-10-12T09:44:27.021319+00:00'
[2025-10-12T10:44:30.697+0000] {logging_mixin.py:151} INFO - Lỗi khi kiểm tra MinIO bucket: Bucket 'lakehouse' không tồn tại. Các bucket hiện có: []
[2025-10-12T10:44:30.698+0000] {taskinstance.py:1935} ERROR - Task failed with exception
Traceback (most recent call last):
  File "/home/airflow/.local/lib/python3.8/site-packages/airflow/operators/python.py", line 192, in execute
    return_value = self.execute_callable()
  File "/home/airflow/.local/lib/python3.8/site-packages/airflow/operators/python.py", line 209, in execute_callable
    return self.python_callable(*self.op_args, **self.op_kwargs)
  File "/opt/airflow/dags/nyc_weather_etl.py", line 188, in check_minio_bucket
    raise ValueError(f"Bucket 'lakehouse' không tồn tại. Các bucket hiện có: {bucket_names}")
ValueError: Bucket 'lakehouse' không tồn tại. Các bucket hiện có: []
[2025-10-12T10:44:30.704+0000] {taskinstance.py:1398} INFO - Marking task as FAILED. dag_id=nyc_weather_etl, task_id=check_bucket_task, execution_date=20251012T094427, start_date=20251012T104430, end_date=20251012T104430
[2025-10-12T10:44:30.709+0000] {standard_task_runner.py:104} ERROR - Failed to execute job 505 for task check_bucket_task (Bucket 'lakehouse' không tồn tại. Các bucket hiện có: []; 3888)
[2025-10-12T10:44:30.752+0000] {local_task_job_runner.py:228} INFO - Task exited with return code 1
[2025-10-12T10:44:30.767+0000] {taskinstance.py:2776} INFO - 0 downstream tasks scheduled from follow-on schedule check
