[2025-11-02T13:53:54.087+0000] {taskinstance.py:1157} INFO - Dependencies all met for dep_context=non-requeueable deps ti=<TaskInstance: nyc_weather_etl.spark_process_weather_to_iceberg scheduled__2025-11-02T12:53:50.843133+00:00 [queued]>
[2025-11-02T13:53:54.091+0000] {taskinstance.py:1157} INFO - Dependencies all met for dep_context=requeueable deps ti=<TaskInstance: nyc_weather_etl.spark_process_weather_to_iceberg scheduled__2025-11-02T12:53:50.843133+00:00 [queued]>
[2025-11-02T13:53:54.092+0000] {taskinstance.py:1359} INFO - Starting attempt 1 of 1
[2025-11-02T13:53:54.150+0000] {taskinstance.py:1380} INFO - Executing <Task(SparkSubmitOperator): spark_process_weather_to_iceberg> on 2025-11-02 12:53:50.843133+00:00
[2025-11-02T13:53:54.153+0000] {standard_task_runner.py:57} INFO - Started process 8650 to run task
[2025-11-02T13:53:54.154+0000] {standard_task_runner.py:84} INFO - Running: ['***', 'tasks', 'run', 'nyc_weather_etl', 'spark_process_weather_to_iceberg', 'scheduled__2025-11-02T12:53:50.843133+00:00', '--job-id', '36', '--raw', '--subdir', 'DAGS_FOLDER/nyc_weather_etl.py', '--cfg-path', '/tmp/tmpn1cdj3qq']
[2025-11-02T13:53:54.156+0000] {standard_task_runner.py:85} INFO - Job 36: Subtask spark_process_weather_to_iceberg
[2025-11-02T13:53:54.177+0000] {task_command.py:415} INFO - Running <TaskInstance: nyc_weather_etl.spark_process_weather_to_iceberg scheduled__2025-11-02T12:53:50.843133+00:00 [running]> on host ec57452a9f33
[2025-11-02T13:53:54.222+0000] {taskinstance.py:1660} INFO - Exporting env vars: AIRFLOW_CTX_DAG_OWNER='data-engineering' AIRFLOW_CTX_DAG_ID='nyc_weather_etl' AIRFLOW_CTX_TASK_ID='spark_process_weather_to_iceberg' AIRFLOW_CTX_EXECUTION_DATE='2025-11-02T12:53:50.843133+00:00' AIRFLOW_CTX_TRY_NUMBER='1' AIRFLOW_CTX_DAG_RUN_ID='scheduled__2025-11-02T12:53:50.843133+00:00'
[2025-11-02T13:53:54.223+0000] {base.py:73} INFO - Using connection ID 'spark_default' for task execution.
[2025-11-02T13:53:54.224+0000] {spark_submit.py:340} INFO - Spark-Submit cmd: /opt/bitnami/spark/bin/spark-submit --master spark-master:7077 --conf spark.master=spark://spark-master:7077 --conf spark.sql.catalog.spark_catalog=org.apache.iceberg.spark.SparkSessionCatalog --conf spark.sql.catalog.spark_catalog.type=hive --conf spark.sql.catalog.iceberg=org.apache.iceberg.spark.SparkCatalog --conf spark.sql.catalog.iceberg.type=hadoop --conf spark.sql.catalog.iceberg.warehouse=s3a://lakehouse/warehouse --conf spark.sql.extensions=org.apache.iceberg.spark.extensions.IcebergSparkSessionExtensions --conf spark.hadoop.fs.s3a.endpoint=http://minio:9000 --conf spark.hadoop.fs.s3a.access.key=admin --conf spark.hadoop.fs.s3a.secret.key=****** --conf spark.hadoop.fs.s3a.path.style.access=true --conf spark.hadoop.fs.s3a.impl=org.apache.hadoop.fs.s3a.S3AFileSystem --jars /opt/***/jars/iceberg-spark-runtime-3.5_2.12-1.4.2.jar,/opt/***/jars/aws-java-sdk-bundle-1.12.367.jar,/opt/***/jars/hadoop-aws-3.3.4.jar --name arrow-spark /opt/***/dags/spark_jobs/weather_to_iceberg.py /opt/***/data/weather/weather_data_20251102_13.json
[2025-11-02T13:53:55.088+0000] {spark_submit.py:491} INFO - 25/11/02 13:53:55 WARN NativeCodeLoader: Unable to load native-hadoop library for your platform... using builtin-java classes where applicable
[2025-11-02T13:53:55.767+0000] {spark_submit.py:491} INFO - 25/11/02 13:53:55 INFO SparkContext: Running Spark version 3.5.1
[2025-11-02T13:53:55.770+0000] {spark_submit.py:491} INFO - 25/11/02 13:53:55 INFO SparkContext: OS info Linux, 6.10.14-linuxkit, aarch64
[2025-11-02T13:53:55.770+0000] {spark_submit.py:491} INFO - 25/11/02 13:53:55 INFO SparkContext: Java version 11.0.28
[2025-11-02T13:53:55.780+0000] {spark_submit.py:491} INFO - 25/11/02 13:53:55 INFO ResourceUtils: ==============================================================
[2025-11-02T13:53:55.780+0000] {spark_submit.py:491} INFO - 25/11/02 13:53:55 INFO ResourceUtils: No custom resources configured for spark.driver.
[2025-11-02T13:53:55.781+0000] {spark_submit.py:491} INFO - 25/11/02 13:53:55 INFO ResourceUtils: ==============================================================
[2025-11-02T13:53:55.783+0000] {spark_submit.py:491} INFO - 25/11/02 13:53:55 INFO SparkContext: Submitted application: Weather to Iceberg ETL
[2025-11-02T13:53:55.792+0000] {spark_submit.py:491} INFO - 25/11/02 13:53:55 INFO ResourceProfile: Default ResourceProfile created, executor resources: Map(cores -> name: cores, amount: 1, script: , vendor: , memory -> name: memory, amount: 1024, script: , vendor: , offHeap -> name: offHeap, amount: 0, script: , vendor: ), task resources: Map(cpus -> name: cpus, amount: 1.0)
[2025-11-02T13:53:55.796+0000] {spark_submit.py:491} INFO - 25/11/02 13:53:55 INFO ResourceProfile: Limiting resource is cpu
[2025-11-02T13:53:55.797+0000] {spark_submit.py:491} INFO - 25/11/02 13:53:55 INFO ResourceProfileManager: Added ResourceProfile id: 0
[2025-11-02T13:53:55.828+0000] {spark_submit.py:491} INFO - 25/11/02 13:53:55 INFO SecurityManager: Changing view acls to: ***
[2025-11-02T13:53:55.829+0000] {spark_submit.py:491} INFO - 25/11/02 13:53:55 INFO SecurityManager: Changing modify acls to: ***
[2025-11-02T13:53:55.829+0000] {spark_submit.py:491} INFO - 25/11/02 13:53:55 INFO SecurityManager: Changing view acls groups to:
[2025-11-02T13:53:55.829+0000] {spark_submit.py:491} INFO - 25/11/02 13:53:55 INFO SecurityManager: Changing modify acls groups to:
[2025-11-02T13:53:55.829+0000] {spark_submit.py:491} INFO - 25/11/02 13:53:55 INFO SecurityManager: SecurityManager: authentication disabled; ui acls disabled; users with view permissions: ***; groups with view permissions: EMPTY; users with modify permissions: ***; groups with modify permissions: EMPTY
[2025-11-02T13:53:55.932+0000] {spark_submit.py:491} INFO - 25/11/02 13:53:55 INFO Utils: Successfully started service 'sparkDriver' on port 37559.
[2025-11-02T13:53:55.945+0000] {spark_submit.py:491} INFO - 25/11/02 13:53:55 INFO SparkEnv: Registering MapOutputTracker
[2025-11-02T13:53:55.961+0000] {spark_submit.py:491} INFO - 25/11/02 13:53:55 INFO SparkEnv: Registering BlockManagerMaster
[2025-11-02T13:53:55.970+0000] {spark_submit.py:491} INFO - 25/11/02 13:53:55 INFO BlockManagerMasterEndpoint: Using org.apache.spark.storage.DefaultTopologyMapper for getting topology information
[2025-11-02T13:53:55.970+0000] {spark_submit.py:491} INFO - 25/11/02 13:53:55 INFO BlockManagerMasterEndpoint: BlockManagerMasterEndpoint up
[2025-11-02T13:53:55.972+0000] {spark_submit.py:491} INFO - 25/11/02 13:53:55 INFO SparkEnv: Registering BlockManagerMasterHeartbeat
[2025-11-02T13:53:55.982+0000] {spark_submit.py:491} INFO - 25/11/02 13:53:55 INFO DiskBlockManager: Created local directory at /tmp/blockmgr-1bb1a663-0bc1-4f72-9099-db5350ed64dc
[2025-11-02T13:53:55.987+0000] {spark_submit.py:491} INFO - 25/11/02 13:53:55 INFO MemoryStore: MemoryStore started with capacity 434.4 MiB
[2025-11-02T13:53:55.993+0000] {spark_submit.py:491} INFO - 25/11/02 13:53:55 INFO SparkEnv: Registering OutputCommitCoordinator
[2025-11-02T13:53:56.049+0000] {spark_submit.py:491} INFO - 25/11/02 13:53:56 INFO JettyUtils: Start Jetty 0.0.0.0:4040 for SparkUI
[2025-11-02T13:53:56.075+0000] {spark_submit.py:491} INFO - 25/11/02 13:53:56 WARN Utils: Service 'SparkUI' could not bind on port 4040. Attempting port 4041.
[2025-11-02T13:53:56.080+0000] {spark_submit.py:491} INFO - 25/11/02 13:53:56 INFO Utils: Successfully started service 'SparkUI' on port 4041.
[2025-11-02T13:53:56.100+0000] {spark_submit.py:491} INFO - 25/11/02 13:53:56 INFO SparkContext: Added JAR file:///opt/***/jars/iceberg-spark-runtime-3.5_2.12-1.4.2.jar at spark://ec57452a9f33:37559/jars/iceberg-spark-runtime-3.5_2.12-1.4.2.jar with timestamp 1762091635763
[2025-11-02T13:53:56.100+0000] {spark_submit.py:491} INFO - 25/11/02 13:53:56 INFO SparkContext: Added JAR file:///opt/***/jars/aws-java-sdk-bundle-1.12.367.jar at spark://ec57452a9f33:37559/jars/aws-java-sdk-bundle-1.12.367.jar with timestamp 1762091635763
[2025-11-02T13:53:56.101+0000] {spark_submit.py:491} INFO - 25/11/02 13:53:56 INFO SparkContext: Added JAR file:///opt/***/jars/hadoop-aws-3.3.4.jar at spark://ec57452a9f33:37559/jars/hadoop-aws-3.3.4.jar with timestamp 1762091635763
[2025-11-02T13:53:56.134+0000] {spark_submit.py:491} INFO - 25/11/02 13:53:56 INFO Executor: Starting executor ID driver on host ec57452a9f33
[2025-11-02T13:53:56.134+0000] {spark_submit.py:491} INFO - 25/11/02 13:53:56 INFO Executor: OS info Linux, 6.10.14-linuxkit, aarch64
[2025-11-02T13:53:56.134+0000] {spark_submit.py:491} INFO - 25/11/02 13:53:56 INFO Executor: Java version 11.0.28
[2025-11-02T13:53:56.136+0000] {spark_submit.py:491} INFO - 25/11/02 13:53:56 INFO Executor: Starting executor with user classpath (userClassPathFirst = false): ''
[2025-11-02T13:53:56.136+0000] {spark_submit.py:491} INFO - 25/11/02 13:53:56 INFO Executor: Created or updated repl class loader org.apache.spark.util.MutableURLClassLoader@44e86d9 for default.
[2025-11-02T13:53:56.142+0000] {spark_submit.py:491} INFO - 25/11/02 13:53:56 INFO Executor: Fetching spark://ec57452a9f33:37559/jars/hadoop-aws-3.3.4.jar with timestamp 1762091635763
[2025-11-02T13:53:56.176+0000] {spark_submit.py:491} INFO - 25/11/02 13:53:56 INFO TransportClientFactory: Successfully created connection to ec57452a9f33/172.18.0.14:37559 after 14 ms (0 ms spent in bootstraps)
[2025-11-02T13:53:56.180+0000] {spark_submit.py:491} INFO - 25/11/02 13:53:56 INFO Utils: Fetching spark://ec57452a9f33:37559/jars/hadoop-aws-3.3.4.jar to /tmp/spark-719514eb-eafc-42f2-ace7-e87cbce22290/userFiles-375c0040-a415-4dd2-9cd5-a30b4fbc95d1/fetchFileTemp1539300418288644614.tmp
[2025-11-02T13:53:56.198+0000] {spark_submit.py:491} INFO - 25/11/02 13:53:56 INFO Executor: Adding file:/tmp/spark-719514eb-eafc-42f2-ace7-e87cbce22290/userFiles-375c0040-a415-4dd2-9cd5-a30b4fbc95d1/hadoop-aws-3.3.4.jar to class loader default
[2025-11-02T13:53:56.199+0000] {spark_submit.py:491} INFO - 25/11/02 13:53:56 INFO Executor: Fetching spark://ec57452a9f33:37559/jars/iceberg-spark-runtime-3.5_2.12-1.4.2.jar with timestamp 1762091635763
[2025-11-02T13:53:56.200+0000] {spark_submit.py:491} INFO - 25/11/02 13:53:56 INFO Utils: Fetching spark://ec57452a9f33:37559/jars/iceberg-spark-runtime-3.5_2.12-1.4.2.jar to /tmp/spark-719514eb-eafc-42f2-ace7-e87cbce22290/userFiles-375c0040-a415-4dd2-9cd5-a30b4fbc95d1/fetchFileTemp4763210105974226285.tmp
[2025-11-02T13:53:56.246+0000] {spark_submit.py:491} INFO - 25/11/02 13:53:56 INFO Executor: Adding file:/tmp/spark-719514eb-eafc-42f2-ace7-e87cbce22290/userFiles-375c0040-a415-4dd2-9cd5-a30b4fbc95d1/iceberg-spark-runtime-3.5_2.12-1.4.2.jar to class loader default
[2025-11-02T13:53:56.247+0000] {spark_submit.py:491} INFO - 25/11/02 13:53:56 INFO Executor: Fetching spark://ec57452a9f33:37559/jars/aws-java-sdk-bundle-1.12.367.jar with timestamp 1762091635763
[2025-11-02T13:53:56.247+0000] {spark_submit.py:491} INFO - 25/11/02 13:53:56 INFO Utils: Fetching spark://ec57452a9f33:37559/jars/aws-java-sdk-bundle-1.12.367.jar to /tmp/spark-719514eb-eafc-42f2-ace7-e87cbce22290/userFiles-375c0040-a415-4dd2-9cd5-a30b4fbc95d1/fetchFileTemp3056303688575942738.tmp
[2025-11-02T13:53:56.667+0000] {spark_submit.py:491} INFO - 25/11/02 13:53:56 INFO Executor: Adding file:/tmp/spark-719514eb-eafc-42f2-ace7-e87cbce22290/userFiles-375c0040-a415-4dd2-9cd5-a30b4fbc95d1/aws-java-sdk-bundle-1.12.367.jar to class loader default
[2025-11-02T13:53:56.675+0000] {spark_submit.py:491} INFO - 25/11/02 13:53:56 INFO Utils: Successfully started service 'org.apache.spark.network.netty.NettyBlockTransferService' on port 42951.
[2025-11-02T13:53:56.676+0000] {spark_submit.py:491} INFO - 25/11/02 13:53:56 INFO NettyBlockTransferService: Server created on ec57452a9f33:42951
[2025-11-02T13:53:56.676+0000] {spark_submit.py:491} INFO - 25/11/02 13:53:56 INFO BlockManager: Using org.apache.spark.storage.RandomBlockReplicationPolicy for block replication policy
[2025-11-02T13:53:56.680+0000] {spark_submit.py:491} INFO - 25/11/02 13:53:56 INFO BlockManagerMaster: Registering BlockManager BlockManagerId(driver, ec57452a9f33, 42951, None)
[2025-11-02T13:53:56.682+0000] {spark_submit.py:491} INFO - 25/11/02 13:53:56 INFO BlockManagerMasterEndpoint: Registering block manager ec57452a9f33:42951 with 434.4 MiB RAM, BlockManagerId(driver, ec57452a9f33, 42951, None)
[2025-11-02T13:53:56.682+0000] {spark_submit.py:491} INFO - 25/11/02 13:53:56 INFO BlockManagerMaster: Registered BlockManager BlockManagerId(driver, ec57452a9f33, 42951, None)
[2025-11-02T13:53:56.683+0000] {spark_submit.py:491} INFO - 25/11/02 13:53:56 INFO BlockManager: Initialized BlockManager: BlockManagerId(driver, ec57452a9f33, 42951, None)
[2025-11-02T13:53:58.005+0000] {spark_submit.py:491} INFO - 25/11/02 13:53:58 WARN MetricsConfig: Cannot locate configuration: tried hadoop-metrics2-s3a-file-system.properties,hadoop-metrics2.properties
[2025-11-02T13:53:58.621+0000] {spark_submit.py:491} INFO - Created/verified weather table
[2025-11-02T13:53:58.621+0000] {spark_submit.py:491} INFO - Reading weather data from: /opt/***/data/weather/weather_data_20251102_13.json
[2025-11-02T13:53:59.763+0000] {spark_submit.py:491} INFO - Raw weather data count: 24
[2025-11-02T13:53:59.764+0000] {spark_submit.py:491} INFO - root
[2025-11-02T13:53:59.764+0000] {spark_submit.py:491} INFO - |-- timestamp: string (nullable = true)
[2025-11-02T13:53:59.764+0000] {spark_submit.py:491} INFO - |-- location: string (nullable = true)
[2025-11-02T13:53:59.764+0000] {spark_submit.py:491} INFO - |-- latitude: double (nullable = true)
[2025-11-02T13:53:59.764+0000] {spark_submit.py:491} INFO - |-- longitude: double (nullable = true)
[2025-11-02T13:53:59.764+0000] {spark_submit.py:491} INFO - |-- temperature_celsius: double (nullable = true)
[2025-11-02T13:53:59.764+0000] {spark_submit.py:491} INFO - |-- temperature_fahrenheit: double (nullable = true)
[2025-11-02T13:53:59.764+0000] {spark_submit.py:491} INFO - |-- humidity_percent: double (nullable = true)
[2025-11-02T13:53:59.764+0000] {spark_submit.py:491} INFO - |-- pressure_hpa: double (nullable = true)
[2025-11-02T13:53:59.764+0000] {spark_submit.py:491} INFO - |-- wind_speed_kmh: double (nullable = true)
[2025-11-02T13:53:59.764+0000] {spark_submit.py:491} INFO - |-- weather_condition: string (nullable = true)
[2025-11-02T13:53:59.764+0000] {spark_submit.py:491} INFO - |-- visibility_km: double (nullable = true)
[2025-11-02T13:53:59.764+0000] {spark_submit.py:491} INFO - |-- uv_index: double (nullable = true)
[2025-11-02T13:53:59.764+0000] {spark_submit.py:491} INFO - |-- hour: integer (nullable = true)
[2025-11-02T13:53:59.765+0000] {spark_submit.py:491} INFO - |-- day_of_week: integer (nullable = true)
[2025-11-02T13:53:59.765+0000] {spark_submit.py:491} INFO - |-- is_weekend: boolean (nullable = true)
[2025-11-02T13:53:59.765+0000] {spark_submit.py:491} INFO - 
[2025-11-02T13:53:59.989+0000] {spark_submit.py:491} INFO - Processed weather data count: 24
[2025-11-02T13:54:01.278+0000] {spark_submit.py:491} INFO - Successfully wrote weather data to Iceberg table
[2025-11-02T13:54:02.506+0000] {spark_submit.py:491} INFO - +------------+----------+------------------+-----------------+--------------------+
[2025-11-02T13:54:02.506+0000] {spark_submit.py:491} INFO - |weather_date|avg_temp_c|      avg_humidity|   avg_wind_speed|          conditions|
[2025-11-02T13:54:02.507+0000] {spark_submit.py:491} INFO - +------------+----------+------------------+-----------------+--------------------+
[2025-11-02T13:54:02.507+0000] {spark_submit.py:491} INFO - |  2025-11-02|  16.42625| 60.65999999999999|7.484999999999999|[clear, snow, rai...|
[2025-11-02T13:54:02.507+0000] {spark_submit.py:491} INFO - |  2025-11-01| 16.780625|58.368750000000006|            6.775|[clear, snow, rai...|
[2025-11-02T13:54:02.507+0000] {spark_submit.py:491} INFO - +------------+----------+------------------+-----------------+--------------------+
[2025-11-02T13:54:02.507+0000] {spark_submit.py:491} INFO - 
[2025-11-02T13:54:02.507+0000] {spark_submit.py:491} INFO - Weather ETL job completed successfully!
[2025-11-02T13:54:03.409+0000] {taskinstance.py:1398} INFO - Marking task as SUCCESS. dag_id=nyc_weather_etl, task_id=spark_process_weather_to_iceberg, execution_date=20251102T125350, start_date=20251102T135354, end_date=20251102T135403
[2025-11-02T13:54:03.448+0000] {local_task_job_runner.py:228} INFO - Task exited with return code 0
[2025-11-02T13:54:03.456+0000] {taskinstance.py:2776} INFO - 0 downstream tasks scheduled from follow-on schedule check
