[2025-10-16T06:38:46.957+0000] {taskinstance.py:1157} INFO - Dependencies all met for dep_context=non-requeueable deps ti=<TaskInstance: nyc_weather_etl.spark_process_weather_to_iceberg scheduled__2025-10-16T05:38:43.302003+00:00 [queued]>
[2025-10-16T06:38:46.966+0000] {taskinstance.py:1157} INFO - Dependencies all met for dep_context=requeueable deps ti=<TaskInstance: nyc_weather_etl.spark_process_weather_to_iceberg scheduled__2025-10-16T05:38:43.302003+00:00 [queued]>
[2025-10-16T06:38:46.967+0000] {taskinstance.py:1359} INFO - Starting attempt 1 of 1
[2025-10-16T06:38:46.976+0000] {taskinstance.py:1380} INFO - Executing <Task(SparkSubmitOperator): spark_process_weather_to_iceberg> on 2025-10-16 05:38:43.302003+00:00
[2025-10-16T06:38:46.979+0000] {standard_task_runner.py:57} INFO - Started process 496 to run task
[2025-10-16T06:38:46.981+0000] {standard_task_runner.py:84} INFO - Running: ['***', 'tasks', 'run', 'nyc_weather_etl', 'spark_process_weather_to_iceberg', 'scheduled__2025-10-16T05:38:43.302003+00:00', '--job-id', '587', '--raw', '--subdir', 'DAGS_FOLDER/nyc_weather_etl.py', '--cfg-path', '/tmp/tmpe4ic5w7p']
[2025-10-16T06:38:46.982+0000] {standard_task_runner.py:85} INFO - Job 587: Subtask spark_process_weather_to_iceberg
[2025-10-16T06:38:47.018+0000] {task_command.py:415} INFO - Running <TaskInstance: nyc_weather_etl.spark_process_weather_to_iceberg scheduled__2025-10-16T05:38:43.302003+00:00 [running]> on host b40be2a595bb
[2025-10-16T06:38:47.182+0000] {taskinstance.py:1660} INFO - Exporting env vars: AIRFLOW_CTX_DAG_OWNER='data-engineering' AIRFLOW_CTX_DAG_ID='nyc_weather_etl' AIRFLOW_CTX_TASK_ID='spark_process_weather_to_iceberg' AIRFLOW_CTX_EXECUTION_DATE='2025-10-16T05:38:43.302003+00:00' AIRFLOW_CTX_TRY_NUMBER='1' AIRFLOW_CTX_DAG_RUN_ID='scheduled__2025-10-16T05:38:43.302003+00:00'
[2025-10-16T06:38:47.191+0000] {base.py:73} INFO - Using connection ID 'spark_default' for task execution.
[2025-10-16T06:38:47.192+0000] {spark_submit.py:340} INFO - Spark-Submit cmd: /opt/bitnami/spark/bin/spark-submit --master spark://spark-master:7077 --conf spark.master=spark://spark-master:7077 --conf spark.sql.catalog.spark_catalog=org.apache.iceberg.spark.SparkSessionCatalog --conf spark.sql.catalog.spark_catalog.type=hive --conf spark.sql.catalog.iceberg=org.apache.iceberg.spark.SparkCatalog --conf spark.sql.catalog.iceberg.type=hadoop --conf spark.sql.catalog.iceberg.warehouse=s3a://lakehouse/warehouse --conf spark.sql.extensions=org.apache.iceberg.spark.extensions.IcebergSparkSessionExtensions --conf spark.hadoop.fs.s3a.endpoint=http://minio:9000 --conf spark.hadoop.fs.s3a.access.key=admin --conf spark.hadoop.fs.s3a.secret.key=****** --conf spark.hadoop.fs.s3a.path.style.access=true --conf spark.hadoop.fs.s3a.impl=org.apache.hadoop.fs.s3a.S3AFileSystem --jars /opt/***/jars/iceberg-spark-runtime-3.5_2.12-1.4.2.jar,/opt/***/jars/aws-java-sdk-bundle-1.12.367.jar,/opt/***/jars/hadoop-aws-3.3.4.jar --name arrow-spark --queue default /opt/***/dags/spark_jobs/weather_to_iceberg.py /opt/***/data/weather/weather_data_20251008_06.json
[2025-10-16T06:38:48.781+0000] {spark_submit.py:491} INFO - 25/10/16 06:38:48 WARN NativeCodeLoader: Unable to load native-hadoop library for your platform... using builtin-java classes where applicable
[2025-10-16T06:38:49.837+0000] {spark_submit.py:491} INFO - 25/10/16 06:38:49 INFO SparkContext: Running Spark version 3.5.1
[2025-10-16T06:38:49.838+0000] {spark_submit.py:491} INFO - 25/10/16 06:38:49 INFO SparkContext: OS info Linux, 6.10.14-linuxkit, aarch64
[2025-10-16T06:38:49.838+0000] {spark_submit.py:491} INFO - 25/10/16 06:38:49 INFO SparkContext: Java version 11.0.28
[2025-10-16T06:38:49.856+0000] {spark_submit.py:491} INFO - 25/10/16 06:38:49 INFO ResourceUtils: ==============================================================
[2025-10-16T06:38:49.857+0000] {spark_submit.py:491} INFO - 25/10/16 06:38:49 INFO ResourceUtils: No custom resources configured for spark.driver.
[2025-10-16T06:38:49.859+0000] {spark_submit.py:491} INFO - 25/10/16 06:38:49 INFO ResourceUtils: ==============================================================
[2025-10-16T06:38:49.859+0000] {spark_submit.py:491} INFO - 25/10/16 06:38:49 INFO SparkContext: Submitted application: Weather to Iceberg ETL
[2025-10-16T06:38:49.866+0000] {spark_submit.py:491} INFO - 25/10/16 06:38:49 INFO ResourceProfile: Default ResourceProfile created, executor resources: Map(cores -> name: cores, amount: 1, script: , vendor: , memory -> name: memory, amount: 1024, script: , vendor: , offHeap -> name: offHeap, amount: 0, script: , vendor: ), task resources: Map(cpus -> name: cpus, amount: 1.0)
[2025-10-16T06:38:49.874+0000] {spark_submit.py:491} INFO - 25/10/16 06:38:49 INFO ResourceProfile: Limiting resource is cpu
[2025-10-16T06:38:49.876+0000] {spark_submit.py:491} INFO - 25/10/16 06:38:49 INFO ResourceProfileManager: Added ResourceProfile id: 0
[2025-10-16T06:38:49.959+0000] {spark_submit.py:491} INFO - 25/10/16 06:38:49 INFO SecurityManager: Changing view acls to: ***
[2025-10-16T06:38:49.964+0000] {spark_submit.py:491} INFO - 25/10/16 06:38:49 INFO SecurityManager: Changing modify acls to: ***
[2025-10-16T06:38:49.964+0000] {spark_submit.py:491} INFO - 25/10/16 06:38:49 INFO SecurityManager: Changing view acls groups to:
[2025-10-16T06:38:49.964+0000] {spark_submit.py:491} INFO - 25/10/16 06:38:49 INFO SecurityManager: Changing modify acls groups to:
[2025-10-16T06:38:49.964+0000] {spark_submit.py:491} INFO - 25/10/16 06:38:49 INFO SecurityManager: SecurityManager: authentication disabled; ui acls disabled; users with view permissions: ***; groups with view permissions: EMPTY; users with modify permissions: ***; groups with modify permissions: EMPTY
[2025-10-16T06:38:50.202+0000] {spark_submit.py:491} INFO - 25/10/16 06:38:50 INFO Utils: Successfully started service 'sparkDriver' on port 41889.
[2025-10-16T06:38:50.268+0000] {spark_submit.py:491} INFO - 25/10/16 06:38:50 INFO SparkEnv: Registering MapOutputTracker
[2025-10-16T06:38:50.313+0000] {spark_submit.py:491} INFO - 25/10/16 06:38:50 INFO SparkEnv: Registering BlockManagerMaster
[2025-10-16T06:38:50.339+0000] {spark_submit.py:491} INFO - 25/10/16 06:38:50 INFO BlockManagerMasterEndpoint: Using org.apache.spark.storage.DefaultTopologyMapper for getting topology information
[2025-10-16T06:38:50.340+0000] {spark_submit.py:491} INFO - 25/10/16 06:38:50 INFO BlockManagerMasterEndpoint: BlockManagerMasterEndpoint up
[2025-10-16T06:38:50.345+0000] {spark_submit.py:491} INFO - 25/10/16 06:38:50 INFO SparkEnv: Registering BlockManagerMasterHeartbeat
[2025-10-16T06:38:50.370+0000] {spark_submit.py:491} INFO - 25/10/16 06:38:50 INFO DiskBlockManager: Created local directory at /tmp/blockmgr-83839fe1-9e45-4ab4-995e-e2da0c3fb3a2
[2025-10-16T06:38:50.392+0000] {spark_submit.py:491} INFO - 25/10/16 06:38:50 INFO MemoryStore: MemoryStore started with capacity 434.4 MiB
[2025-10-16T06:38:50.407+0000] {spark_submit.py:491} INFO - 25/10/16 06:38:50 INFO SparkEnv: Registering OutputCommitCoordinator
[2025-10-16T06:38:50.489+0000] {spark_submit.py:491} INFO - 25/10/16 06:38:50 INFO JettyUtils: Start Jetty 0.0.0.0:4040 for SparkUI
[2025-10-16T06:38:50.535+0000] {spark_submit.py:491} INFO - 25/10/16 06:38:50 INFO Utils: Successfully started service 'SparkUI' on port 4040.
[2025-10-16T06:38:50.559+0000] {spark_submit.py:491} INFO - 25/10/16 06:38:50 INFO SparkContext: Added JAR file:///opt/***/jars/iceberg-spark-runtime-3.5_2.12-1.4.2.jar at spark://b40be2a595bb:41889/jars/iceberg-spark-runtime-3.5_2.12-1.4.2.jar with timestamp 1760596729827
[2025-10-16T06:38:50.560+0000] {spark_submit.py:491} INFO - 25/10/16 06:38:50 INFO SparkContext: Added JAR file:///opt/***/jars/aws-java-sdk-bundle-1.12.367.jar at spark://b40be2a595bb:41889/jars/aws-java-sdk-bundle-1.12.367.jar with timestamp 1760596729827
[2025-10-16T06:38:50.560+0000] {spark_submit.py:491} INFO - 25/10/16 06:38:50 INFO SparkContext: Added JAR file:///opt/***/jars/hadoop-aws-3.3.4.jar at spark://b40be2a595bb:41889/jars/hadoop-aws-3.3.4.jar with timestamp 1760596729827
[2025-10-16T06:38:50.591+0000] {spark_submit.py:491} INFO - 25/10/16 06:38:50 INFO Executor: Starting executor ID driver on host b40be2a595bb
[2025-10-16T06:38:50.592+0000] {spark_submit.py:491} INFO - 25/10/16 06:38:50 INFO Executor: OS info Linux, 6.10.14-linuxkit, aarch64
[2025-10-16T06:38:50.592+0000] {spark_submit.py:491} INFO - 25/10/16 06:38:50 INFO Executor: Java version 11.0.28
[2025-10-16T06:38:50.595+0000] {spark_submit.py:491} INFO - 25/10/16 06:38:50 INFO Executor: Starting executor with user classpath (userClassPathFirst = false): ''
[2025-10-16T06:38:50.595+0000] {spark_submit.py:491} INFO - 25/10/16 06:38:50 INFO Executor: Created or updated repl class loader org.apache.spark.util.MutableURLClassLoader@28ace3c7 for default.
[2025-10-16T06:38:50.602+0000] {spark_submit.py:491} INFO - 25/10/16 06:38:50 INFO Executor: Fetching spark://b40be2a595bb:41889/jars/iceberg-spark-runtime-3.5_2.12-1.4.2.jar with timestamp 1760596729827
[2025-10-16T06:38:50.630+0000] {spark_submit.py:491} INFO - 25/10/16 06:38:50 INFO TransportClientFactory: Successfully created connection to b40be2a595bb/172.18.0.3:41889 after 13 ms (0 ms spent in bootstraps)
[2025-10-16T06:38:50.634+0000] {spark_submit.py:491} INFO - 25/10/16 06:38:50 INFO Utils: Fetching spark://b40be2a595bb:41889/jars/iceberg-spark-runtime-3.5_2.12-1.4.2.jar to /tmp/spark-33d25482-0b1b-4f1f-aa0b-4324bf81fa26/userFiles-82596325-1a9b-4b2a-b02a-efd7cf085923/fetchFileTemp13941618693425518065.tmp
[2025-10-16T06:38:50.700+0000] {spark_submit.py:491} INFO - 25/10/16 06:38:50 INFO Executor: Adding file:/tmp/spark-33d25482-0b1b-4f1f-aa0b-4324bf81fa26/userFiles-82596325-1a9b-4b2a-b02a-efd7cf085923/iceberg-spark-runtime-3.5_2.12-1.4.2.jar to class loader default
[2025-10-16T06:38:50.701+0000] {spark_submit.py:491} INFO - 25/10/16 06:38:50 INFO Executor: Fetching spark://b40be2a595bb:41889/jars/aws-java-sdk-bundle-1.12.367.jar with timestamp 1760596729827
[2025-10-16T06:38:50.701+0000] {spark_submit.py:491} INFO - 25/10/16 06:38:50 INFO Utils: Fetching spark://b40be2a595bb:41889/jars/aws-java-sdk-bundle-1.12.367.jar to /tmp/spark-33d25482-0b1b-4f1f-aa0b-4324bf81fa26/userFiles-82596325-1a9b-4b2a-b02a-efd7cf085923/fetchFileTemp8663426821835576663.tmp
[2025-10-16T06:38:51.102+0000] {spark_submit.py:491} INFO - 25/10/16 06:38:51 INFO Executor: Adding file:/tmp/spark-33d25482-0b1b-4f1f-aa0b-4324bf81fa26/userFiles-82596325-1a9b-4b2a-b02a-efd7cf085923/aws-java-sdk-bundle-1.12.367.jar to class loader default
[2025-10-16T06:38:51.102+0000] {spark_submit.py:491} INFO - 25/10/16 06:38:51 INFO Executor: Fetching spark://b40be2a595bb:41889/jars/hadoop-aws-3.3.4.jar with timestamp 1760596729827
[2025-10-16T06:38:51.103+0000] {spark_submit.py:491} INFO - 25/10/16 06:38:51 INFO Utils: Fetching spark://b40be2a595bb:41889/jars/hadoop-aws-3.3.4.jar to /tmp/spark-33d25482-0b1b-4f1f-aa0b-4324bf81fa26/userFiles-82596325-1a9b-4b2a-b02a-efd7cf085923/fetchFileTemp3442914236836904877.tmp
[2025-10-16T06:38:51.108+0000] {spark_submit.py:491} INFO - 25/10/16 06:38:51 INFO Executor: Adding file:/tmp/spark-33d25482-0b1b-4f1f-aa0b-4324bf81fa26/userFiles-82596325-1a9b-4b2a-b02a-efd7cf085923/hadoop-aws-3.3.4.jar to class loader default
[2025-10-16T06:38:51.114+0000] {spark_submit.py:491} INFO - 25/10/16 06:38:51 INFO Utils: Successfully started service 'org.apache.spark.network.netty.NettyBlockTransferService' on port 45947.
[2025-10-16T06:38:51.114+0000] {spark_submit.py:491} INFO - 25/10/16 06:38:51 INFO NettyBlockTransferService: Server created on b40be2a595bb:45947
[2025-10-16T06:38:51.115+0000] {spark_submit.py:491} INFO - 25/10/16 06:38:51 INFO BlockManager: Using org.apache.spark.storage.RandomBlockReplicationPolicy for block replication policy
[2025-10-16T06:38:51.123+0000] {spark_submit.py:491} INFO - 25/10/16 06:38:51 INFO BlockManagerMaster: Registering BlockManager BlockManagerId(driver, b40be2a595bb, 45947, None)
[2025-10-16T06:38:51.123+0000] {spark_submit.py:491} INFO - 25/10/16 06:38:51 INFO BlockManagerMasterEndpoint: Registering block manager b40be2a595bb:45947 with 434.4 MiB RAM, BlockManagerId(driver, b40be2a595bb, 45947, None)
[2025-10-16T06:38:51.125+0000] {spark_submit.py:491} INFO - 25/10/16 06:38:51 INFO BlockManagerMaster: Registered BlockManager BlockManagerId(driver, b40be2a595bb, 45947, None)
[2025-10-16T06:38:51.126+0000] {spark_submit.py:491} INFO - 25/10/16 06:38:51 INFO BlockManager: Initialized BlockManager: BlockManagerId(driver, b40be2a595bb, 45947, None)
[2025-10-16T06:38:52.603+0000] {spark_submit.py:491} INFO - 25/10/16 06:38:52 WARN MetricsConfig: Cannot locate configuration: tried hadoop-metrics2-s3a-file-system.properties,hadoop-metrics2.properties
[2025-10-16T06:38:53.278+0000] {spark_submit.py:491} INFO - Created/verified weather table
[2025-10-16T06:38:53.279+0000] {spark_submit.py:491} INFO - Reading weather data from: /opt/***/data/weather/weather_data_20251008_06.json
[2025-10-16T06:38:53.407+0000] {spark_submit.py:491} INFO - Error in weather ETL job: [CANNOT_ACCEPT_OBJECT_IN_TYPE] `DoubleType()` can not accept object `0` in type `int`.
[2025-10-16T06:38:53.746+0000] {spark_submit.py:491} INFO - Traceback (most recent call last):
[2025-10-16T06:38:53.746+0000] {spark_submit.py:491} INFO - File "/opt/***/dags/spark_jobs/weather_to_iceberg.py", line 194, in <module>
[2025-10-16T06:38:53.746+0000] {spark_submit.py:491} INFO - main()
[2025-10-16T06:38:53.747+0000] {spark_submit.py:491} INFO - File "/opt/***/dags/spark_jobs/weather_to_iceberg.py", line 183, in main
[2025-10-16T06:38:53.747+0000] {spark_submit.py:491} INFO - process_weather_data(spark, input_path)
[2025-10-16T06:38:53.747+0000] {spark_submit.py:491} INFO - File "/opt/***/dags/spark_jobs/weather_to_iceberg.py", line 127, in process_weather_data
[2025-10-16T06:38:53.747+0000] {spark_submit.py:491} INFO - df = spark.createDataFrame(weather_data, schema=weather_schema)
[2025-10-16T06:38:53.747+0000] {spark_submit.py:491} INFO - File "/opt/bitnami/spark/python/lib/pyspark.zip/pyspark/sql/session.py", line 1443, in createDataFrame
[2025-10-16T06:38:53.747+0000] {spark_submit.py:491} INFO - File "/opt/bitnami/spark/python/lib/pyspark.zip/pyspark/sql/session.py", line 1485, in _create_dataframe
[2025-10-16T06:38:53.747+0000] {spark_submit.py:491} INFO - File "/opt/bitnami/spark/python/lib/pyspark.zip/pyspark/sql/session.py", line 1090, in _createFromLocal
[2025-10-16T06:38:53.747+0000] {spark_submit.py:491} INFO - File "/opt/bitnami/spark/python/lib/pyspark.zip/pyspark/sql/session.py", line 1459, in prepare
[2025-10-16T06:38:53.748+0000] {spark_submit.py:491} INFO - File "/opt/bitnami/spark/python/lib/pyspark.zip/pyspark/sql/types.py", line 2187, in verify
[2025-10-16T06:38:53.748+0000] {spark_submit.py:491} INFO - File "/opt/bitnami/spark/python/lib/pyspark.zip/pyspark/sql/types.py", line 2147, in verify_struct
[2025-10-16T06:38:53.748+0000] {spark_submit.py:491} INFO - File "/opt/bitnami/spark/python/lib/pyspark.zip/pyspark/sql/types.py", line 2187, in verify
[2025-10-16T06:38:53.748+0000] {spark_submit.py:491} INFO - File "/opt/bitnami/spark/python/lib/pyspark.zip/pyspark/sql/types.py", line 2181, in verify_default
[2025-10-16T06:38:53.748+0000] {spark_submit.py:491} INFO - File "/opt/bitnami/spark/python/lib/pyspark.zip/pyspark/sql/types.py", line 2006, in verify_acceptable_types
[2025-10-16T06:38:53.748+0000] {spark_submit.py:491} INFO - pyspark.errors.exceptions.base.PySparkTypeError: [CANNOT_ACCEPT_OBJECT_IN_TYPE] `DoubleType()` can not accept object `0` in type `int`.
[2025-10-16T06:38:53.844+0000] {taskinstance.py:1935} ERROR - Task failed with exception
Traceback (most recent call last):
  File "/home/airflow/.local/lib/python3.8/site-packages/airflow/providers/apache/spark/operators/spark_submit.py", line 156, in execute
    self._hook.submit(self._application)
  File "/home/airflow/.local/lib/python3.8/site-packages/airflow/providers/apache/spark/hooks/spark_submit.py", line 422, in submit
    raise AirflowException(
airflow.exceptions.AirflowException: Cannot execute: /opt/bitnami/spark/bin/spark-submit --master spark://spark-master:7077 --conf spark.master=spark://spark-master:7077 --conf spark.sql.catalog.spark_catalog=org.apache.iceberg.spark.SparkSessionCatalog --conf spark.sql.catalog.spark_catalog.type=hive --conf spark.sql.catalog.iceberg=org.apache.iceberg.spark.SparkCatalog --conf spark.sql.catalog.iceberg.type=hadoop --conf spark.sql.catalog.iceberg.warehouse=s3a://lakehouse/warehouse --conf spark.sql.extensions=org.apache.iceberg.spark.extensions.IcebergSparkSessionExtensions --conf spark.hadoop.fs.s3a.endpoint=http://minio:9000 --conf spark.hadoop.fs.s3a.access.key=admin --conf spark.hadoop.fs.s3a.secret.key=****** --conf spark.hadoop.fs.s3a.path.style.access=true --conf spark.hadoop.fs.s3a.impl=org.apache.hadoop.fs.s3a.S3AFileSystem --jars /opt/***/jars/iceberg-spark-runtime-3.5_2.12-1.4.2.jar,/opt/***/jars/aws-java-sdk-bundle-1.12.367.jar,/opt/***/jars/hadoop-aws-3.3.4.jar --name arrow-spark --queue default /opt/***/dags/spark_jobs/weather_to_iceberg.py /opt/***/data/weather/weather_data_20251008_06.json. Error code is: 1.
[2025-10-16T06:38:53.846+0000] {taskinstance.py:1398} INFO - Marking task as FAILED. dag_id=nyc_weather_etl, task_id=spark_process_weather_to_iceberg, execution_date=20251016T053843, start_date=20251016T063846, end_date=20251016T063853
[2025-10-16T06:38:53.856+0000] {standard_task_runner.py:104} ERROR - Failed to execute job 587 for task spark_process_weather_to_iceberg (Cannot execute: /opt/bitnami/spark/bin/spark-submit --master spark://spark-master:7077 --conf spark.master=spark://spark-master:7077 --conf spark.sql.catalog.spark_catalog=org.apache.iceberg.spark.SparkSessionCatalog --conf spark.sql.catalog.spark_catalog.type=hive --conf spark.sql.catalog.iceberg=org.apache.iceberg.spark.SparkCatalog --conf spark.sql.catalog.iceberg.type=hadoop --conf spark.sql.catalog.iceberg.warehouse=s3a://lakehouse/warehouse --conf spark.sql.extensions=org.apache.iceberg.spark.extensions.IcebergSparkSessionExtensions --conf spark.hadoop.fs.s3a.endpoint=http://minio:9000 --conf spark.hadoop.fs.s3a.access.key=admin --conf spark.hadoop.fs.s3a.secret.key=****** --conf spark.hadoop.fs.s3a.path.style.access=true --conf spark.hadoop.fs.s3a.impl=org.apache.hadoop.fs.s3a.S3AFileSystem --jars /opt/***/jars/iceberg-spark-runtime-3.5_2.12-1.4.2.jar,/opt/***/jars/aws-java-sdk-bundle-1.12.367.jar,/opt/***/jars/hadoop-aws-3.3.4.jar --name arrow-spark --queue default /opt/***/dags/spark_jobs/weather_to_iceberg.py /opt/***/data/weather/weather_data_20251008_06.json. Error code is: 1.; 496)
[2025-10-16T06:38:53.887+0000] {local_task_job_runner.py:228} INFO - Task exited with return code 1
[2025-10-16T06:38:53.896+0000] {taskinstance.py:2776} INFO - 0 downstream tasks scheduled from follow-on schedule check
