[2025-11-02T06:03:44.101+0000] {taskinstance.py:1157} INFO - Dependencies all met for dep_context=non-requeueable deps ti=<TaskInstance: nyc_taxi_iceberg_etl.get_latest_date manual__2025-11-02T06:03:42.895825+00:00 [queued]>
[2025-11-02T06:03:44.103+0000] {taskinstance.py:1157} INFO - Dependencies all met for dep_context=requeueable deps ti=<TaskInstance: nyc_taxi_iceberg_etl.get_latest_date manual__2025-11-02T06:03:42.895825+00:00 [queued]>
[2025-11-02T06:03:44.104+0000] {taskinstance.py:1359} INFO - Starting attempt 1 of 1
[2025-11-02T06:03:44.108+0000] {taskinstance.py:1380} INFO - Executing <Task(PythonOperator): get_latest_date> on 2025-11-02 06:03:42.895825+00:00
[2025-11-02T06:03:44.111+0000] {standard_task_runner.py:57} INFO - Started process 4782 to run task
[2025-11-02T06:03:44.113+0000] {standard_task_runner.py:84} INFO - Running: ['***', 'tasks', 'run', 'nyc_taxi_iceberg_etl', 'get_latest_date', 'manual__2025-11-02T06:03:42.895825+00:00', '--job-id', '96', '--raw', '--subdir', 'DAGS_FOLDER/nyc_taxi_iceberg_etl.py', '--cfg-path', '/tmp/tmp7gd1z0fo']
[2025-11-02T06:03:44.115+0000] {standard_task_runner.py:85} INFO - Job 96: Subtask get_latest_date
[2025-11-02T06:03:44.142+0000] {task_command.py:415} INFO - Running <TaskInstance: nyc_taxi_iceberg_etl.get_latest_date manual__2025-11-02T06:03:42.895825+00:00 [running]> on host d3553ba1dd4a
[2025-11-02T06:03:44.275+0000] {taskinstance.py:1660} INFO - Exporting env vars: AIRFLOW_CTX_DAG_OWNER='data-engineering' AIRFLOW_CTX_DAG_ID='nyc_taxi_iceberg_etl' AIRFLOW_CTX_TASK_ID='get_latest_date' AIRFLOW_CTX_EXECUTION_DATE='2025-11-02T06:03:42.895825+00:00' AIRFLOW_CTX_TRY_NUMBER='1' AIRFLOW_CTX_DAG_RUN_ID='manual__2025-11-02T06:03:42.895825+00:00'
[2025-11-02T06:03:44.276+0000] {crypto.py:82} WARNING - empty cryptography key - values will not be stored encrypted.
[2025-11-02T06:03:44.276+0000] {base.py:73} INFO - Using connection ID '***_default' for task execution.
[2025-11-02T06:03:44.279+0000] {sql.py:418} INFO - Running statement: 
    CREATE TABLE IF NOT EXISTS public.etl_control (
        table_name VARCHAR(255) PRIMARY KEY,
        last_processed_date TIMESTAMP,
        last_updated TIMESTAMP DEFAULT CURRENT_TIMESTAMP
    );
    , parameters: None
[2025-11-02T06:03:44.280+0000] {base.py:73} INFO - Using connection ID '***_default' for task execution.
[2025-11-02T06:03:44.282+0000] {sql.py:418} INFO - Running statement: 
        SELECT last_processed_date 
        FROM public.etl_control 
        WHERE table_name = 'nyc_taxi_trips'
    , parameters: None
[2025-11-02T06:03:44.284+0000] {sql.py:427} INFO - Rows affected: 1
[2025-11-02T06:03:44.290+0000] {python.py:194} INFO - Done. Returned value was: 2025-09-28T13:07:58.851458
[2025-11-02T06:03:44.298+0000] {taskinstance.py:1398} INFO - Marking task as SUCCESS. dag_id=nyc_taxi_iceberg_etl, task_id=get_latest_date, execution_date=20251102T060342, start_date=20251102T060344, end_date=20251102T060344
[2025-11-02T06:03:44.341+0000] {local_task_job_runner.py:228} INFO - Task exited with return code 0
[2025-11-02T06:03:44.353+0000] {taskinstance.py:2776} INFO - 1 downstream tasks scheduled from follow-on schedule check
