[2025-11-02T08:24:37.581+0000] {taskinstance.py:1157} INFO - Dependencies all met for dep_context=non-requeueable deps ti=<TaskInstance: nyc_weather_etl.spark_process_location_to_iceberg scheduled__2025-11-02T07:24:33.757123+00:00 [queued]>
[2025-11-02T08:24:37.585+0000] {taskinstance.py:1157} INFO - Dependencies all met for dep_context=requeueable deps ti=<TaskInstance: nyc_weather_etl.spark_process_location_to_iceberg scheduled__2025-11-02T07:24:33.757123+00:00 [queued]>
[2025-11-02T08:24:37.585+0000] {taskinstance.py:1359} INFO - Starting attempt 1 of 1
[2025-11-02T08:24:37.591+0000] {taskinstance.py:1380} INFO - Executing <Task(SparkSubmitOperator): spark_process_location_to_iceberg> on 2025-11-02 07:24:33.757123+00:00
[2025-11-02T08:24:37.593+0000] {standard_task_runner.py:57} INFO - Started process 18648 to run task
[2025-11-02T08:24:37.595+0000] {standard_task_runner.py:84} INFO - Running: ['***', 'tasks', 'run', 'nyc_weather_etl', 'spark_process_location_to_iceberg', 'scheduled__2025-11-02T07:24:33.757123+00:00', '--job-id', '132', '--raw', '--subdir', 'DAGS_FOLDER/nyc_weather_etl.py', '--cfg-path', '/tmp/tmpo3li660j']
[2025-11-02T08:24:37.597+0000] {standard_task_runner.py:85} INFO - Job 132: Subtask spark_process_location_to_iceberg
[2025-11-02T08:24:37.618+0000] {task_command.py:415} INFO - Running <TaskInstance: nyc_weather_etl.spark_process_location_to_iceberg scheduled__2025-11-02T07:24:33.757123+00:00 [running]> on host d3553ba1dd4a
[2025-11-02T08:24:37.724+0000] {taskinstance.py:1660} INFO - Exporting env vars: AIRFLOW_CTX_DAG_OWNER='data-engineering' AIRFLOW_CTX_DAG_ID='nyc_weather_etl' AIRFLOW_CTX_TASK_ID='spark_process_location_to_iceberg' AIRFLOW_CTX_EXECUTION_DATE='2025-11-02T07:24:33.757123+00:00' AIRFLOW_CTX_TRY_NUMBER='1' AIRFLOW_CTX_DAG_RUN_ID='scheduled__2025-11-02T07:24:33.757123+00:00'
[2025-11-02T08:24:37.725+0000] {base.py:73} INFO - Using connection ID 'spark_default' for task execution.
[2025-11-02T08:24:37.726+0000] {spark_submit.py:340} INFO - Spark-Submit cmd: /opt/bitnami/spark/bin/spark-submit --master spark-master:7077 --conf spark.master=spark://spark-master:7077 --conf spark.sql.catalog.spark_catalog=org.apache.iceberg.spark.SparkSessionCatalog --conf spark.sql.catalog.spark_catalog.type=hive --conf spark.sql.catalog.iceberg=org.apache.iceberg.spark.SparkCatalog --conf spark.sql.catalog.iceberg.type=hadoop --conf spark.sql.catalog.iceberg.warehouse=s3a://lakehouse/warehouse --conf spark.sql.extensions=org.apache.iceberg.spark.extensions.IcebergSparkSessionExtensions --conf spark.hadoop.fs.s3a.endpoint=http://minio:9000 --conf spark.hadoop.fs.s3a.access.key=admin --conf spark.hadoop.fs.s3a.secret.key=****** --conf spark.hadoop.fs.s3a.path.style.access=true --conf spark.hadoop.fs.s3a.impl=org.apache.hadoop.fs.s3a.S3AFileSystem --jars /opt/***/jars/iceberg-spark-runtime-3.5_2.12-1.4.2.jar,/opt/***/jars/aws-java-sdk-bundle-1.12.367.jar,/opt/***/jars/hadoop-aws-3.3.4.jar --name arrow-spark /opt/***/dags/spark_jobs/location_to_iceberg.py /opt/***/data/locations/nyc_taxi_zones.json
[2025-11-02T08:24:38.587+0000] {spark_submit.py:491} INFO - 25/11/02 08:24:38 WARN NativeCodeLoader: Unable to load native-hadoop library for your platform... using builtin-java classes where applicable
[2025-11-02T08:24:39.221+0000] {spark_submit.py:491} INFO - 25/11/02 08:24:39 INFO SparkContext: Running Spark version 3.5.1
[2025-11-02T08:24:39.221+0000] {spark_submit.py:491} INFO - 25/11/02 08:24:39 INFO SparkContext: OS info Linux, 6.10.14-linuxkit, aarch64
[2025-11-02T08:24:39.221+0000] {spark_submit.py:491} INFO - 25/11/02 08:24:39 INFO SparkContext: Java version 11.0.28
[2025-11-02T08:24:39.235+0000] {spark_submit.py:491} INFO - 25/11/02 08:24:39 INFO ResourceUtils: ==============================================================
[2025-11-02T08:24:39.235+0000] {spark_submit.py:491} INFO - 25/11/02 08:24:39 INFO ResourceUtils: No custom resources configured for spark.driver.
[2025-11-02T08:24:39.235+0000] {spark_submit.py:491} INFO - 25/11/02 08:24:39 INFO ResourceUtils: ==============================================================
[2025-11-02T08:24:39.237+0000] {spark_submit.py:491} INFO - 25/11/02 08:24:39 INFO SparkContext: Submitted application: Location to Iceberg ETL
[2025-11-02T08:24:39.245+0000] {spark_submit.py:491} INFO - 25/11/02 08:24:39 INFO ResourceProfile: Default ResourceProfile created, executor resources: Map(cores -> name: cores, amount: 1, script: , vendor: , memory -> name: memory, amount: 1024, script: , vendor: , offHeap -> name: offHeap, amount: 0, script: , vendor: ), task resources: Map(cpus -> name: cpus, amount: 1.0)
[2025-11-02T08:24:39.250+0000] {spark_submit.py:491} INFO - 25/11/02 08:24:39 INFO ResourceProfile: Limiting resource is cpu
[2025-11-02T08:24:39.250+0000] {spark_submit.py:491} INFO - 25/11/02 08:24:39 INFO ResourceProfileManager: Added ResourceProfile id: 0
[2025-11-02T08:24:39.280+0000] {spark_submit.py:491} INFO - 25/11/02 08:24:39 INFO SecurityManager: Changing view acls to: ***
[2025-11-02T08:24:39.281+0000] {spark_submit.py:491} INFO - 25/11/02 08:24:39 INFO SecurityManager: Changing modify acls to: ***
[2025-11-02T08:24:39.281+0000] {spark_submit.py:491} INFO - 25/11/02 08:24:39 INFO SecurityManager: Changing view acls groups to:
[2025-11-02T08:24:39.282+0000] {spark_submit.py:491} INFO - 25/11/02 08:24:39 INFO SecurityManager: Changing modify acls groups to:
[2025-11-02T08:24:39.282+0000] {spark_submit.py:491} INFO - 25/11/02 08:24:39 INFO SecurityManager: SecurityManager: authentication disabled; ui acls disabled; users with view permissions: ***; groups with view permissions: EMPTY; users with modify permissions: ***; groups with modify permissions: EMPTY
[2025-11-02T08:24:39.407+0000] {spark_submit.py:491} INFO - 25/11/02 08:24:39 INFO Utils: Successfully started service 'sparkDriver' on port 42061.
[2025-11-02T08:24:39.424+0000] {spark_submit.py:491} INFO - 25/11/02 08:24:39 INFO SparkEnv: Registering MapOutputTracker
[2025-11-02T08:24:39.437+0000] {spark_submit.py:491} INFO - 25/11/02 08:24:39 INFO SparkEnv: Registering BlockManagerMaster
[2025-11-02T08:24:39.446+0000] {spark_submit.py:491} INFO - 25/11/02 08:24:39 INFO BlockManagerMasterEndpoint: Using org.apache.spark.storage.DefaultTopologyMapper for getting topology information
[2025-11-02T08:24:39.446+0000] {spark_submit.py:491} INFO - 25/11/02 08:24:39 INFO BlockManagerMasterEndpoint: BlockManagerMasterEndpoint up
[2025-11-02T08:24:39.448+0000] {spark_submit.py:491} INFO - 25/11/02 08:24:39 INFO SparkEnv: Registering BlockManagerMasterHeartbeat
[2025-11-02T08:24:39.458+0000] {spark_submit.py:491} INFO - 25/11/02 08:24:39 INFO DiskBlockManager: Created local directory at /tmp/blockmgr-aa7f56ba-77a8-4253-b0b9-1e8ddf18408b
[2025-11-02T08:24:39.468+0000] {spark_submit.py:491} INFO - 25/11/02 08:24:39 INFO MemoryStore: MemoryStore started with capacity 434.4 MiB
[2025-11-02T08:24:39.474+0000] {spark_submit.py:491} INFO - 25/11/02 08:24:39 INFO SparkEnv: Registering OutputCommitCoordinator
[2025-11-02T08:24:39.532+0000] {spark_submit.py:491} INFO - 25/11/02 08:24:39 INFO JettyUtils: Start Jetty 0.0.0.0:4040 for SparkUI
[2025-11-02T08:24:39.564+0000] {spark_submit.py:491} INFO - 25/11/02 08:24:39 INFO Utils: Successfully started service 'SparkUI' on port 4040.
[2025-11-02T08:24:39.581+0000] {spark_submit.py:491} INFO - 25/11/02 08:24:39 INFO SparkContext: Added JAR file:///opt/***/jars/iceberg-spark-runtime-3.5_2.12-1.4.2.jar at spark://d3553ba1dd4a:42061/jars/iceberg-spark-runtime-3.5_2.12-1.4.2.jar with timestamp 1762071879216
[2025-11-02T08:24:39.582+0000] {spark_submit.py:491} INFO - 25/11/02 08:24:39 INFO SparkContext: Added JAR file:///opt/***/jars/aws-java-sdk-bundle-1.12.367.jar at spark://d3553ba1dd4a:42061/jars/aws-java-sdk-bundle-1.12.367.jar with timestamp 1762071879216
[2025-11-02T08:24:39.582+0000] {spark_submit.py:491} INFO - 25/11/02 08:24:39 INFO SparkContext: Added JAR file:///opt/***/jars/hadoop-aws-3.3.4.jar at spark://d3553ba1dd4a:42061/jars/hadoop-aws-3.3.4.jar with timestamp 1762071879216
[2025-11-02T08:24:39.615+0000] {spark_submit.py:491} INFO - 25/11/02 08:24:39 INFO Executor: Starting executor ID driver on host d3553ba1dd4a
[2025-11-02T08:24:39.615+0000] {spark_submit.py:491} INFO - 25/11/02 08:24:39 INFO Executor: OS info Linux, 6.10.14-linuxkit, aarch64
[2025-11-02T08:24:39.615+0000] {spark_submit.py:491} INFO - 25/11/02 08:24:39 INFO Executor: Java version 11.0.28
[2025-11-02T08:24:39.617+0000] {spark_submit.py:491} INFO - 25/11/02 08:24:39 INFO Executor: Starting executor with user classpath (userClassPathFirst = false): ''
[2025-11-02T08:24:39.617+0000] {spark_submit.py:491} INFO - 25/11/02 08:24:39 INFO Executor: Created or updated repl class loader org.apache.spark.util.MutableURLClassLoader@188a2e82 for default.
[2025-11-02T08:24:39.621+0000] {spark_submit.py:491} INFO - 25/11/02 08:24:39 INFO Executor: Fetching spark://d3553ba1dd4a:42061/jars/hadoop-aws-3.3.4.jar with timestamp 1762071879216
[2025-11-02T08:24:39.647+0000] {spark_submit.py:491} INFO - 25/11/02 08:24:39 INFO TransportClientFactory: Successfully created connection to d3553ba1dd4a/172.18.0.5:42061 after 12 ms (0 ms spent in bootstraps)
[2025-11-02T08:24:39.650+0000] {spark_submit.py:491} INFO - 25/11/02 08:24:39 INFO Utils: Fetching spark://d3553ba1dd4a:42061/jars/hadoop-aws-3.3.4.jar to /tmp/spark-b2d1e59d-6a73-438e-8fa4-db59eef9d543/userFiles-4fc298e1-d03c-4bea-8857-a6b13fe38aea/fetchFileTemp11139192227233062609.tmp
[2025-11-02T08:24:39.668+0000] {spark_submit.py:491} INFO - 25/11/02 08:24:39 INFO Executor: Adding file:/tmp/spark-b2d1e59d-6a73-438e-8fa4-db59eef9d543/userFiles-4fc298e1-d03c-4bea-8857-a6b13fe38aea/hadoop-aws-3.3.4.jar to class loader default
[2025-11-02T08:24:39.670+0000] {spark_submit.py:491} INFO - 25/11/02 08:24:39 INFO Executor: Fetching spark://d3553ba1dd4a:42061/jars/iceberg-spark-runtime-3.5_2.12-1.4.2.jar with timestamp 1762071879216
[2025-11-02T08:24:39.670+0000] {spark_submit.py:491} INFO - 25/11/02 08:24:39 INFO Utils: Fetching spark://d3553ba1dd4a:42061/jars/iceberg-spark-runtime-3.5_2.12-1.4.2.jar to /tmp/spark-b2d1e59d-6a73-438e-8fa4-db59eef9d543/userFiles-4fc298e1-d03c-4bea-8857-a6b13fe38aea/fetchFileTemp17012588859178100739.tmp
[2025-11-02T08:24:39.732+0000] {spark_submit.py:491} INFO - 25/11/02 08:24:39 INFO Executor: Adding file:/tmp/spark-b2d1e59d-6a73-438e-8fa4-db59eef9d543/userFiles-4fc298e1-d03c-4bea-8857-a6b13fe38aea/iceberg-spark-runtime-3.5_2.12-1.4.2.jar to class loader default
[2025-11-02T08:24:39.732+0000] {spark_submit.py:491} INFO - 25/11/02 08:24:39 INFO Executor: Fetching spark://d3553ba1dd4a:42061/jars/aws-java-sdk-bundle-1.12.367.jar with timestamp 1762071879216
[2025-11-02T08:24:39.732+0000] {spark_submit.py:491} INFO - 25/11/02 08:24:39 INFO Utils: Fetching spark://d3553ba1dd4a:42061/jars/aws-java-sdk-bundle-1.12.367.jar to /tmp/spark-b2d1e59d-6a73-438e-8fa4-db59eef9d543/userFiles-4fc298e1-d03c-4bea-8857-a6b13fe38aea/fetchFileTemp14197243120923187515.tmp
[2025-11-02T08:24:40.677+0000] {spark_submit.py:491} INFO - 25/11/02 08:24:40 INFO Executor: Adding file:/tmp/spark-b2d1e59d-6a73-438e-8fa4-db59eef9d543/userFiles-4fc298e1-d03c-4bea-8857-a6b13fe38aea/aws-java-sdk-bundle-1.12.367.jar to class loader default
[2025-11-02T08:24:40.684+0000] {spark_submit.py:491} INFO - 25/11/02 08:24:40 INFO Utils: Successfully started service 'org.apache.spark.network.netty.NettyBlockTransferService' on port 41161.
[2025-11-02T08:24:40.685+0000] {spark_submit.py:491} INFO - 25/11/02 08:24:40 INFO NettyBlockTransferService: Server created on d3553ba1dd4a:41161
[2025-11-02T08:24:40.686+0000] {spark_submit.py:491} INFO - 25/11/02 08:24:40 INFO BlockManager: Using org.apache.spark.storage.RandomBlockReplicationPolicy for block replication policy
[2025-11-02T08:24:40.692+0000] {spark_submit.py:491} INFO - 25/11/02 08:24:40 INFO BlockManagerMaster: Registering BlockManager BlockManagerId(driver, d3553ba1dd4a, 41161, None)
[2025-11-02T08:24:40.694+0000] {spark_submit.py:491} INFO - 25/11/02 08:24:40 INFO BlockManagerMasterEndpoint: Registering block manager d3553ba1dd4a:41161 with 434.4 MiB RAM, BlockManagerId(driver, d3553ba1dd4a, 41161, None)
[2025-11-02T08:24:40.695+0000] {spark_submit.py:491} INFO - 25/11/02 08:24:40 INFO BlockManagerMaster: Registered BlockManager BlockManagerId(driver, d3553ba1dd4a, 41161, None)
[2025-11-02T08:24:40.695+0000] {spark_submit.py:491} INFO - 25/11/02 08:24:40 INFO BlockManager: Initialized BlockManager: BlockManagerId(driver, d3553ba1dd4a, 41161, None)
[2025-11-02T08:24:41.935+0000] {spark_submit.py:491} INFO - 25/11/02 08:24:41 WARN MetricsConfig: Cannot locate configuration: tried hadoop-metrics2-s3a-file-system.properties,hadoop-metrics2.properties
[2025-11-02T08:24:42.596+0000] {spark_submit.py:491} INFO - Created/verified taxi zones table
[2025-11-02T08:24:42.599+0000] {spark_submit.py:491} INFO - Reading location data from: /opt/***/data/locations/nyc_taxi_zones.json
[2025-11-02T08:24:43.767+0000] {spark_submit.py:491} INFO - Raw location data count: 16
[2025-11-02T08:24:43.769+0000] {spark_submit.py:491} INFO - root
[2025-11-02T08:24:43.769+0000] {spark_submit.py:491} INFO - |-- borough: string (nullable = true)
[2025-11-02T08:24:43.769+0000] {spark_submit.py:491} INFO - |-- created_at: string (nullable = true)
[2025-11-02T08:24:43.769+0000] {spark_submit.py:491} INFO - |-- is_business_district: boolean (nullable = true)
[2025-11-02T08:24:43.769+0000] {spark_submit.py:491} INFO - |-- is_tourist_area: boolean (nullable = true)
[2025-11-02T08:24:43.769+0000] {spark_submit.py:491} INFO - |-- lat: double (nullable = true)
[2025-11-02T08:24:43.769+0000] {spark_submit.py:491} INFO - |-- location_id: long (nullable = true)
[2025-11-02T08:24:43.770+0000] {spark_submit.py:491} INFO - |-- lon: double (nullable = true)
[2025-11-02T08:24:43.770+0000] {spark_submit.py:491} INFO - |-- zone: string (nullable = true)
[2025-11-02T08:24:43.770+0000] {spark_submit.py:491} INFO - |-- zone_type: string (nullable = true)
[2025-11-02T08:24:43.770+0000] {spark_submit.py:491} INFO - 
[2025-11-02T08:24:43.958+0000] {spark_submit.py:491} INFO - Processed location data count: 16
[2025-11-02T08:24:45.291+0000] {spark_submit.py:491} INFO - Successfully wrote location data to Iceberg table
[2025-11-02T08:24:46.485+0000] {spark_submit.py:491} INFO - +---------+----------+-------------+--------------+
[2025-11-02T08:24:46.486+0000] {spark_submit.py:491} INFO - |  borough|zone_count|tourist_zones|business_zones|
[2025-11-02T08:24:46.486+0000] {spark_submit.py:491} INFO - +---------+----------+-------------+--------------+
[2025-11-02T08:24:46.486+0000] {spark_submit.py:491} INFO - |Manhattan|        13|            4|             3|
[2025-11-02T08:24:46.486+0000] {spark_submit.py:491} INFO - |   Queens|         2|            0|             0|
[2025-11-02T08:24:46.486+0000] {spark_submit.py:491} INFO - | Brooklyn|         1|            0|             0|
[2025-11-02T08:24:46.486+0000] {spark_submit.py:491} INFO - +---------+----------+-------------+--------------+
[2025-11-02T08:24:46.486+0000] {spark_submit.py:491} INFO - 
[2025-11-02T08:24:46.486+0000] {spark_submit.py:491} INFO - Location ETL job completed successfully!
[2025-11-02T08:24:47.277+0000] {taskinstance.py:1398} INFO - Marking task as SUCCESS. dag_id=nyc_weather_etl, task_id=spark_process_location_to_iceberg, execution_date=20251102T072433, start_date=20251102T082437, end_date=20251102T082447
[2025-11-02T08:24:47.323+0000] {local_task_job_runner.py:228} INFO - Task exited with return code 0
[2025-11-02T08:24:47.335+0000] {taskinstance.py:2776} INFO - 0 downstream tasks scheduled from follow-on schedule check
