[2025-10-26T10:34:45.581+0000] {taskinstance.py:1157} INFO - Dependencies all met for dep_context=non-requeueable deps ti=<TaskInstance: nyc_weather_etl.spark_process_location_to_iceberg scheduled__2025-10-26T09:34:42.579660+00:00 [queued]>
[2025-10-26T10:34:45.586+0000] {taskinstance.py:1157} INFO - Dependencies all met for dep_context=requeueable deps ti=<TaskInstance: nyc_weather_etl.spark_process_location_to_iceberg scheduled__2025-10-26T09:34:42.579660+00:00 [queued]>
[2025-10-26T10:34:45.587+0000] {taskinstance.py:1359} INFO - Starting attempt 1 of 1
[2025-10-26T10:34:45.594+0000] {taskinstance.py:1380} INFO - Executing <Task(SparkSubmitOperator): spark_process_location_to_iceberg> on 2025-10-26 09:34:42.579660+00:00
[2025-10-26T10:34:45.597+0000] {standard_task_runner.py:57} INFO - Started process 8294 to run task
[2025-10-26T10:34:45.599+0000] {standard_task_runner.py:84} INFO - Running: ['***', 'tasks', 'run', 'nyc_weather_etl', 'spark_process_location_to_iceberg', 'scheduled__2025-10-26T09:34:42.579660+00:00', '--job-id', '671', '--raw', '--subdir', 'DAGS_FOLDER/nyc_weather_etl.py', '--cfg-path', '/tmp/tmp4ohdamfl']
[2025-10-26T10:34:45.601+0000] {standard_task_runner.py:85} INFO - Job 671: Subtask spark_process_location_to_iceberg
[2025-10-26T10:34:45.628+0000] {task_command.py:415} INFO - Running <TaskInstance: nyc_weather_etl.spark_process_location_to_iceberg scheduled__2025-10-26T09:34:42.579660+00:00 [running]> on host b40be2a595bb
[2025-10-26T10:34:45.776+0000] {taskinstance.py:1660} INFO - Exporting env vars: AIRFLOW_CTX_DAG_OWNER='data-engineering' AIRFLOW_CTX_DAG_ID='nyc_weather_etl' AIRFLOW_CTX_TASK_ID='spark_process_location_to_iceberg' AIRFLOW_CTX_EXECUTION_DATE='2025-10-26T09:34:42.579660+00:00' AIRFLOW_CTX_TRY_NUMBER='1' AIRFLOW_CTX_DAG_RUN_ID='scheduled__2025-10-26T09:34:42.579660+00:00'
[2025-10-26T10:34:45.781+0000] {base.py:73} INFO - Using connection ID 'spark_default' for task execution.
[2025-10-26T10:34:45.783+0000] {spark_submit.py:340} INFO - Spark-Submit cmd: /opt/bitnami/spark/bin/spark-submit --master spark://spark-master:7077 --conf spark.master=spark://spark-master:7077 --conf spark.sql.catalog.spark_catalog=org.apache.iceberg.spark.SparkSessionCatalog --conf spark.sql.catalog.spark_catalog.type=hive --conf spark.sql.catalog.iceberg=org.apache.iceberg.spark.SparkCatalog --conf spark.sql.catalog.iceberg.type=hadoop --conf spark.sql.catalog.iceberg.warehouse=s3a://lakehouse/warehouse --conf spark.sql.extensions=org.apache.iceberg.spark.extensions.IcebergSparkSessionExtensions --conf spark.hadoop.fs.s3a.endpoint=http://minio:9000 --conf spark.hadoop.fs.s3a.access.key=admin --conf spark.hadoop.fs.s3a.secret.key=****** --conf spark.hadoop.fs.s3a.path.style.access=true --conf spark.hadoop.fs.s3a.impl=org.apache.hadoop.fs.s3a.S3AFileSystem --jars /opt/***/jars/iceberg-spark-runtime-3.5_2.12-1.4.2.jar,/opt/***/jars/aws-java-sdk-bundle-1.12.367.jar,/opt/***/jars/hadoop-aws-3.3.4.jar --name arrow-spark --queue default /opt/***/dags/spark_jobs/location_to_iceberg.py /opt/***/data/locations/nyc_taxi_zones.json
[2025-10-26T10:34:46.892+0000] {spark_submit.py:491} INFO - 25/10/26 10:34:46 WARN NativeCodeLoader: Unable to load native-hadoop library for your platform... using builtin-java classes where applicable
[2025-10-26T10:34:47.847+0000] {spark_submit.py:491} INFO - 25/10/26 10:34:47 INFO SparkContext: Running Spark version 3.5.1
[2025-10-26T10:34:47.850+0000] {spark_submit.py:491} INFO - 25/10/26 10:34:47 INFO SparkContext: OS info Linux, 6.10.14-linuxkit, aarch64
[2025-10-26T10:34:47.850+0000] {spark_submit.py:491} INFO - 25/10/26 10:34:47 INFO SparkContext: Java version 11.0.28
[2025-10-26T10:34:47.869+0000] {spark_submit.py:491} INFO - 25/10/26 10:34:47 INFO ResourceUtils: ==============================================================
[2025-10-26T10:34:47.870+0000] {spark_submit.py:491} INFO - 25/10/26 10:34:47 INFO ResourceUtils: No custom resources configured for spark.driver.
[2025-10-26T10:34:47.870+0000] {spark_submit.py:491} INFO - 25/10/26 10:34:47 INFO ResourceUtils: ==============================================================
[2025-10-26T10:34:47.871+0000] {spark_submit.py:491} INFO - 25/10/26 10:34:47 INFO SparkContext: Submitted application: Location to Iceberg ETL
[2025-10-26T10:34:47.885+0000] {spark_submit.py:491} INFO - 25/10/26 10:34:47 INFO ResourceProfile: Default ResourceProfile created, executor resources: Map(cores -> name: cores, amount: 1, script: , vendor: , memory -> name: memory, amount: 1024, script: , vendor: , offHeap -> name: offHeap, amount: 0, script: , vendor: ), task resources: Map(cpus -> name: cpus, amount: 1.0)
[2025-10-26T10:34:47.894+0000] {spark_submit.py:491} INFO - 25/10/26 10:34:47 INFO ResourceProfile: Limiting resource is cpu
[2025-10-26T10:34:47.895+0000] {spark_submit.py:491} INFO - 25/10/26 10:34:47 INFO ResourceProfileManager: Added ResourceProfile id: 0
[2025-10-26T10:34:47.953+0000] {spark_submit.py:491} INFO - 25/10/26 10:34:47 INFO SecurityManager: Changing view acls to: ***
[2025-10-26T10:34:47.954+0000] {spark_submit.py:491} INFO - 25/10/26 10:34:47 INFO SecurityManager: Changing modify acls to: ***
[2025-10-26T10:34:47.954+0000] {spark_submit.py:491} INFO - 25/10/26 10:34:47 INFO SecurityManager: Changing view acls groups to:
[2025-10-26T10:34:47.955+0000] {spark_submit.py:491} INFO - 25/10/26 10:34:47 INFO SecurityManager: Changing modify acls groups to:
[2025-10-26T10:34:47.955+0000] {spark_submit.py:491} INFO - 25/10/26 10:34:47 INFO SecurityManager: SecurityManager: authentication disabled; ui acls disabled; users with view permissions: ***; groups with view permissions: EMPTY; users with modify permissions: ***; groups with modify permissions: EMPTY
[2025-10-26T10:34:48.198+0000] {spark_submit.py:491} INFO - 25/10/26 10:34:48 INFO Utils: Successfully started service 'sparkDriver' on port 44399.
[2025-10-26T10:34:48.258+0000] {spark_submit.py:491} INFO - 25/10/26 10:34:48 INFO SparkEnv: Registering MapOutputTracker
[2025-10-26T10:34:48.323+0000] {spark_submit.py:491} INFO - 25/10/26 10:34:48 INFO SparkEnv: Registering BlockManagerMaster
[2025-10-26T10:34:48.394+0000] {spark_submit.py:491} INFO - 25/10/26 10:34:48 INFO BlockManagerMasterEndpoint: Using org.apache.spark.storage.DefaultTopologyMapper for getting topology information
[2025-10-26T10:34:48.399+0000] {spark_submit.py:491} INFO - 25/10/26 10:34:48 INFO BlockManagerMasterEndpoint: BlockManagerMasterEndpoint up
[2025-10-26T10:34:48.414+0000] {spark_submit.py:491} INFO - 25/10/26 10:34:48 INFO SparkEnv: Registering BlockManagerMasterHeartbeat
[2025-10-26T10:34:48.485+0000] {spark_submit.py:491} INFO - 25/10/26 10:34:48 INFO DiskBlockManager: Created local directory at /tmp/blockmgr-a703f5b5-4b16-4827-bfd6-a89b34a967fb
[2025-10-26T10:34:48.526+0000] {spark_submit.py:491} INFO - 25/10/26 10:34:48 INFO MemoryStore: MemoryStore started with capacity 434.4 MiB
[2025-10-26T10:34:48.559+0000] {spark_submit.py:491} INFO - 25/10/26 10:34:48 INFO SparkEnv: Registering OutputCommitCoordinator
[2025-10-26T10:34:48.923+0000] {spark_submit.py:491} INFO - 25/10/26 10:34:48 INFO JettyUtils: Start Jetty 0.0.0.0:4040 for SparkUI
[2025-10-26T10:34:49.149+0000] {spark_submit.py:491} INFO - 25/10/26 10:34:49 INFO Utils: Successfully started service 'SparkUI' on port 4040.
[2025-10-26T10:34:49.220+0000] {spark_submit.py:491} INFO - 25/10/26 10:34:49 INFO SparkContext: Added JAR file:///opt/***/jars/iceberg-spark-runtime-3.5_2.12-1.4.2.jar at spark://b40be2a595bb:44399/jars/iceberg-spark-runtime-3.5_2.12-1.4.2.jar with timestamp 1761474887838
[2025-10-26T10:34:49.231+0000] {spark_submit.py:491} INFO - 25/10/26 10:34:49 INFO SparkContext: Added JAR file:///opt/***/jars/aws-java-sdk-bundle-1.12.367.jar at spark://b40be2a595bb:44399/jars/aws-java-sdk-bundle-1.12.367.jar with timestamp 1761474887838
[2025-10-26T10:34:49.240+0000] {spark_submit.py:491} INFO - 25/10/26 10:34:49 INFO SparkContext: Added JAR file:///opt/***/jars/hadoop-aws-3.3.4.jar at spark://b40be2a595bb:44399/jars/hadoop-aws-3.3.4.jar with timestamp 1761474887838
[2025-10-26T10:34:49.377+0000] {spark_submit.py:491} INFO - 25/10/26 10:34:49 INFO Executor: Starting executor ID driver on host b40be2a595bb
[2025-10-26T10:34:49.385+0000] {spark_submit.py:491} INFO - 25/10/26 10:34:49 INFO Executor: OS info Linux, 6.10.14-linuxkit, aarch64
[2025-10-26T10:34:49.388+0000] {spark_submit.py:491} INFO - 25/10/26 10:34:49 INFO Executor: Java version 11.0.28
[2025-10-26T10:34:49.389+0000] {spark_submit.py:491} INFO - 25/10/26 10:34:49 INFO Executor: Starting executor with user classpath (userClassPathFirst = false): ''
[2025-10-26T10:34:49.396+0000] {spark_submit.py:491} INFO - 25/10/26 10:34:49 INFO Executor: Created or updated repl class loader org.apache.spark.util.MutableURLClassLoader@24fbe8c for default.
[2025-10-26T10:34:49.411+0000] {spark_submit.py:491} INFO - 25/10/26 10:34:49 INFO Executor: Fetching spark://b40be2a595bb:44399/jars/aws-java-sdk-bundle-1.12.367.jar with timestamp 1761474887838
[2025-10-26T10:34:49.528+0000] {spark_submit.py:491} INFO - 25/10/26 10:34:49 INFO TransportClientFactory: Successfully created connection to b40be2a595bb/172.18.0.5:44399 after 57 ms (0 ms spent in bootstraps)
[2025-10-26T10:34:49.558+0000] {spark_submit.py:491} INFO - 25/10/26 10:34:49 INFO Utils: Fetching spark://b40be2a595bb:44399/jars/aws-java-sdk-bundle-1.12.367.jar to /tmp/spark-d59920d3-1451-44dc-a7e4-03dc9e9bf034/userFiles-105305c5-fbd5-4f0a-928b-7ac65685a678/fetchFileTemp17445035418921370038.tmp
[2025-10-26T10:34:53.108+0000] {spark_submit.py:491} INFO - 25/10/26 10:34:53 INFO Executor: Adding file:/tmp/spark-d59920d3-1451-44dc-a7e4-03dc9e9bf034/userFiles-105305c5-fbd5-4f0a-928b-7ac65685a678/aws-java-sdk-bundle-1.12.367.jar to class loader default
[2025-10-26T10:34:53.110+0000] {spark_submit.py:491} INFO - 25/10/26 10:34:53 INFO Executor: Fetching spark://b40be2a595bb:44399/jars/iceberg-spark-runtime-3.5_2.12-1.4.2.jar with timestamp 1761474887838
[2025-10-26T10:34:53.111+0000] {spark_submit.py:491} INFO - 25/10/26 10:34:53 INFO Utils: Fetching spark://b40be2a595bb:44399/jars/iceberg-spark-runtime-3.5_2.12-1.4.2.jar to /tmp/spark-d59920d3-1451-44dc-a7e4-03dc9e9bf034/userFiles-105305c5-fbd5-4f0a-928b-7ac65685a678/fetchFileTemp11899336625819717378.tmp
[2025-10-26T10:34:53.512+0000] {spark_submit.py:491} INFO - 25/10/26 10:34:53 INFO Executor: Adding file:/tmp/spark-d59920d3-1451-44dc-a7e4-03dc9e9bf034/userFiles-105305c5-fbd5-4f0a-928b-7ac65685a678/iceberg-spark-runtime-3.5_2.12-1.4.2.jar to class loader default
[2025-10-26T10:34:53.514+0000] {spark_submit.py:491} INFO - 25/10/26 10:34:53 INFO Executor: Fetching spark://b40be2a595bb:44399/jars/hadoop-aws-3.3.4.jar with timestamp 1761474887838
[2025-10-26T10:34:53.514+0000] {spark_submit.py:491} INFO - 25/10/26 10:34:53 INFO Utils: Fetching spark://b40be2a595bb:44399/jars/hadoop-aws-3.3.4.jar to /tmp/spark-d59920d3-1451-44dc-a7e4-03dc9e9bf034/userFiles-105305c5-fbd5-4f0a-928b-7ac65685a678/fetchFileTemp10579539894870272900.tmp
[2025-10-26T10:34:53.539+0000] {spark_submit.py:491} INFO - 25/10/26 10:34:53 INFO Executor: Adding file:/tmp/spark-d59920d3-1451-44dc-a7e4-03dc9e9bf034/userFiles-105305c5-fbd5-4f0a-928b-7ac65685a678/hadoop-aws-3.3.4.jar to class loader default
[2025-10-26T10:34:53.570+0000] {spark_submit.py:491} INFO - 25/10/26 10:34:53 INFO Utils: Successfully started service 'org.apache.spark.network.netty.NettyBlockTransferService' on port 34775.
[2025-10-26T10:34:53.572+0000] {spark_submit.py:491} INFO - 25/10/26 10:34:53 INFO NettyBlockTransferService: Server created on b40be2a595bb:34775
[2025-10-26T10:34:53.576+0000] {spark_submit.py:491} INFO - 25/10/26 10:34:53 INFO BlockManager: Using org.apache.spark.storage.RandomBlockReplicationPolicy for block replication policy
[2025-10-26T10:34:53.602+0000] {spark_submit.py:491} INFO - 25/10/26 10:34:53 INFO BlockManagerMaster: Registering BlockManager BlockManagerId(driver, b40be2a595bb, 34775, None)
[2025-10-26T10:34:53.612+0000] {spark_submit.py:491} INFO - 25/10/26 10:34:53 INFO BlockManagerMasterEndpoint: Registering block manager b40be2a595bb:34775 with 434.4 MiB RAM, BlockManagerId(driver, b40be2a595bb, 34775, None)
[2025-10-26T10:34:53.616+0000] {spark_submit.py:491} INFO - 25/10/26 10:34:53 INFO BlockManagerMaster: Registered BlockManager BlockManagerId(driver, b40be2a595bb, 34775, None)
[2025-10-26T10:34:53.619+0000] {spark_submit.py:491} INFO - 25/10/26 10:34:53 INFO BlockManager: Initialized BlockManager: BlockManagerId(driver, b40be2a595bb, 34775, None)
[2025-10-26T10:34:59.157+0000] {spark_submit.py:491} INFO - 25/10/26 10:34:59 WARN MetricsConfig: Cannot locate configuration: tried hadoop-metrics2-s3a-file-system.properties,hadoop-metrics2.properties
[2025-10-26T10:35:01.517+0000] {spark_submit.py:491} INFO - Created/verified taxi zones table
[2025-10-26T10:35:01.518+0000] {spark_submit.py:491} INFO - Reading location data from: /opt/***/data/locations/nyc_taxi_zones.json
[2025-10-26T10:35:06.026+0000] {spark_submit.py:491} INFO - Raw location data count: 16
[2025-10-26T10:35:06.033+0000] {spark_submit.py:491} INFO - root
[2025-10-26T10:35:06.038+0000] {spark_submit.py:491} INFO - |-- borough: string (nullable = true)
[2025-10-26T10:35:06.045+0000] {spark_submit.py:491} INFO - |-- created_at: string (nullable = true)
[2025-10-26T10:35:06.049+0000] {spark_submit.py:491} INFO - |-- is_business_district: boolean (nullable = true)
[2025-10-26T10:35:06.049+0000] {spark_submit.py:491} INFO - |-- is_tourist_area: boolean (nullable = true)
[2025-10-26T10:35:06.051+0000] {spark_submit.py:491} INFO - |-- lat: double (nullable = true)
[2025-10-26T10:35:06.052+0000] {spark_submit.py:491} INFO - |-- location_id: long (nullable = true)
[2025-10-26T10:35:06.053+0000] {spark_submit.py:491} INFO - |-- lon: double (nullable = true)
[2025-10-26T10:35:06.056+0000] {spark_submit.py:491} INFO - |-- zone: string (nullable = true)
[2025-10-26T10:35:06.056+0000] {spark_submit.py:491} INFO - |-- zone_type: string (nullable = true)
[2025-10-26T10:35:06.057+0000] {spark_submit.py:491} INFO - 
[2025-10-26T10:35:06.671+0000] {spark_submit.py:491} INFO - Processed location data count: 16
[2025-10-26T10:35:11.035+0000] {spark_submit.py:491} INFO - Successfully wrote location data to Iceberg table
[2025-10-26T10:35:17.545+0000] {spark_submit.py:491} INFO - +---------+----------+-------------+--------------+
[2025-10-26T10:35:17.547+0000] {spark_submit.py:491} INFO - |  borough|zone_count|tourist_zones|business_zones|
[2025-10-26T10:35:17.548+0000] {spark_submit.py:491} INFO - +---------+----------+-------------+--------------+
[2025-10-26T10:35:17.548+0000] {spark_submit.py:491} INFO - |Manhattan|        13|            4|             3|
[2025-10-26T10:35:17.550+0000] {spark_submit.py:491} INFO - |   Queens|         2|            0|             0|
[2025-10-26T10:35:17.552+0000] {spark_submit.py:491} INFO - | Brooklyn|         1|            0|             0|
[2025-10-26T10:35:17.554+0000] {spark_submit.py:491} INFO - +---------+----------+-------------+--------------+
[2025-10-26T10:35:17.556+0000] {spark_submit.py:491} INFO - 
[2025-10-26T10:35:17.556+0000] {spark_submit.py:491} INFO - Location ETL job completed successfully!
[2025-10-26T10:35:18.814+0000] {taskinstance.py:1398} INFO - Marking task as SUCCESS. dag_id=nyc_weather_etl, task_id=spark_process_location_to_iceberg, execution_date=20251026T093442, start_date=20251026T103445, end_date=20251026T103518
[2025-10-26T10:35:18.861+0000] {local_task_job_runner.py:228} INFO - Task exited with return code 0
[2025-10-26T10:35:18.881+0000] {taskinstance.py:2776} INFO - 0 downstream tasks scheduled from follow-on schedule check
