[2025-11-02T06:24:36.507+0000] {taskinstance.py:1157} INFO - Dependencies all met for dep_context=non-requeueable deps ti=<TaskInstance: nyc_weather_etl.spark_process_weather_to_iceberg scheduled__2025-11-02T05:24:33.757123+00:00 [queued]>
[2025-11-02T06:24:36.511+0000] {taskinstance.py:1157} INFO - Dependencies all met for dep_context=requeueable deps ti=<TaskInstance: nyc_weather_etl.spark_process_weather_to_iceberg scheduled__2025-11-02T05:24:33.757123+00:00 [queued]>
[2025-11-02T06:24:36.512+0000] {taskinstance.py:1359} INFO - Starting attempt 1 of 1
[2025-11-02T06:24:36.518+0000] {taskinstance.py:1380} INFO - Executing <Task(SparkSubmitOperator): spark_process_weather_to_iceberg> on 2025-11-02 05:24:33.757123+00:00
[2025-11-02T06:24:36.522+0000] {standard_task_runner.py:57} INFO - Started process 6722 to run task
[2025-11-02T06:24:36.524+0000] {standard_task_runner.py:84} INFO - Running: ['***', 'tasks', 'run', 'nyc_weather_etl', 'spark_process_weather_to_iceberg', 'scheduled__2025-11-02T05:24:33.757123+00:00', '--job-id', '107', '--raw', '--subdir', 'DAGS_FOLDER/nyc_weather_etl.py', '--cfg-path', '/tmp/tmpw1r0iixj']
[2025-11-02T06:24:36.526+0000] {standard_task_runner.py:85} INFO - Job 107: Subtask spark_process_weather_to_iceberg
[2025-11-02T06:24:36.548+0000] {task_command.py:415} INFO - Running <TaskInstance: nyc_weather_etl.spark_process_weather_to_iceberg scheduled__2025-11-02T05:24:33.757123+00:00 [running]> on host d3553ba1dd4a
[2025-11-02T06:24:36.672+0000] {taskinstance.py:1660} INFO - Exporting env vars: AIRFLOW_CTX_DAG_OWNER='data-engineering' AIRFLOW_CTX_DAG_ID='nyc_weather_etl' AIRFLOW_CTX_TASK_ID='spark_process_weather_to_iceberg' AIRFLOW_CTX_EXECUTION_DATE='2025-11-02T05:24:33.757123+00:00' AIRFLOW_CTX_TRY_NUMBER='1' AIRFLOW_CTX_DAG_RUN_ID='scheduled__2025-11-02T05:24:33.757123+00:00'
[2025-11-02T06:24:36.673+0000] {base.py:73} INFO - Using connection ID 'spark_default' for task execution.
[2025-11-02T06:24:36.674+0000] {spark_submit.py:340} INFO - Spark-Submit cmd: /opt/bitnami/spark/bin/spark-submit --master spark-master:7077 --conf spark.master=spark://spark-master:7077 --conf spark.sql.catalog.spark_catalog=org.apache.iceberg.spark.SparkSessionCatalog --conf spark.sql.catalog.spark_catalog.type=hive --conf spark.sql.catalog.iceberg=org.apache.iceberg.spark.SparkCatalog --conf spark.sql.catalog.iceberg.type=hadoop --conf spark.sql.catalog.iceberg.warehouse=s3a://lakehouse/warehouse --conf spark.sql.extensions=org.apache.iceberg.spark.extensions.IcebergSparkSessionExtensions --conf spark.hadoop.fs.s3a.endpoint=http://minio:9000 --conf spark.hadoop.fs.s3a.access.key=admin --conf spark.hadoop.fs.s3a.secret.key=****** --conf spark.hadoop.fs.s3a.path.style.access=true --conf spark.hadoop.fs.s3a.impl=org.apache.hadoop.fs.s3a.S3AFileSystem --jars /opt/***/jars/iceberg-spark-runtime-3.5_2.12-1.4.2.jar,/opt/***/jars/aws-java-sdk-bundle-1.12.367.jar,/opt/***/jars/hadoop-aws-3.3.4.jar --name arrow-spark /opt/***/dags/spark_jobs/weather_to_iceberg.py /opt/***/data/weather/weather_data_20251102_06.json
[2025-11-02T06:24:37.458+0000] {spark_submit.py:491} INFO - 25/11/02 06:24:37 WARN NativeCodeLoader: Unable to load native-hadoop library for your platform... using builtin-java classes where applicable
[2025-11-02T06:24:38.149+0000] {spark_submit.py:491} INFO - 25/11/02 06:24:38 INFO SparkContext: Running Spark version 3.5.1
[2025-11-02T06:24:38.149+0000] {spark_submit.py:491} INFO - 25/11/02 06:24:38 INFO SparkContext: OS info Linux, 6.10.14-linuxkit, aarch64
[2025-11-02T06:24:38.149+0000] {spark_submit.py:491} INFO - 25/11/02 06:24:38 INFO SparkContext: Java version 11.0.28
[2025-11-02T06:24:38.160+0000] {spark_submit.py:491} INFO - 25/11/02 06:24:38 INFO ResourceUtils: ==============================================================
[2025-11-02T06:24:38.160+0000] {spark_submit.py:491} INFO - 25/11/02 06:24:38 INFO ResourceUtils: No custom resources configured for spark.driver.
[2025-11-02T06:24:38.161+0000] {spark_submit.py:491} INFO - 25/11/02 06:24:38 INFO ResourceUtils: ==============================================================
[2025-11-02T06:24:38.161+0000] {spark_submit.py:491} INFO - 25/11/02 06:24:38 INFO SparkContext: Submitted application: Weather to Iceberg ETL
[2025-11-02T06:24:38.168+0000] {spark_submit.py:491} INFO - 25/11/02 06:24:38 INFO ResourceProfile: Default ResourceProfile created, executor resources: Map(cores -> name: cores, amount: 1, script: , vendor: , memory -> name: memory, amount: 1024, script: , vendor: , offHeap -> name: offHeap, amount: 0, script: , vendor: ), task resources: Map(cpus -> name: cpus, amount: 1.0)
[2025-11-02T06:24:38.173+0000] {spark_submit.py:491} INFO - 25/11/02 06:24:38 INFO ResourceProfile: Limiting resource is cpu
[2025-11-02T06:24:38.173+0000] {spark_submit.py:491} INFO - 25/11/02 06:24:38 INFO ResourceProfileManager: Added ResourceProfile id: 0
[2025-11-02T06:24:38.207+0000] {spark_submit.py:491} INFO - 25/11/02 06:24:38 INFO SecurityManager: Changing view acls to: ***
[2025-11-02T06:24:38.208+0000] {spark_submit.py:491} INFO - 25/11/02 06:24:38 INFO SecurityManager: Changing modify acls to: ***
[2025-11-02T06:24:38.208+0000] {spark_submit.py:491} INFO - 25/11/02 06:24:38 INFO SecurityManager: Changing view acls groups to:
[2025-11-02T06:24:38.208+0000] {spark_submit.py:491} INFO - 25/11/02 06:24:38 INFO SecurityManager: Changing modify acls groups to:
[2025-11-02T06:24:38.209+0000] {spark_submit.py:491} INFO - 25/11/02 06:24:38 INFO SecurityManager: SecurityManager: authentication disabled; ui acls disabled; users with view permissions: ***; groups with view permissions: EMPTY; users with modify permissions: ***; groups with modify permissions: EMPTY
[2025-11-02T06:24:38.303+0000] {spark_submit.py:491} INFO - 25/11/02 06:24:38 INFO Utils: Successfully started service 'sparkDriver' on port 44897.
[2025-11-02T06:24:38.316+0000] {spark_submit.py:491} INFO - 25/11/02 06:24:38 INFO SparkEnv: Registering MapOutputTracker
[2025-11-02T06:24:38.329+0000] {spark_submit.py:491} INFO - 25/11/02 06:24:38 INFO SparkEnv: Registering BlockManagerMaster
[2025-11-02T06:24:38.339+0000] {spark_submit.py:491} INFO - 25/11/02 06:24:38 INFO BlockManagerMasterEndpoint: Using org.apache.spark.storage.DefaultTopologyMapper for getting topology information
[2025-11-02T06:24:38.339+0000] {spark_submit.py:491} INFO - 25/11/02 06:24:38 INFO BlockManagerMasterEndpoint: BlockManagerMasterEndpoint up
[2025-11-02T06:24:38.342+0000] {spark_submit.py:491} INFO - 25/11/02 06:24:38 INFO SparkEnv: Registering BlockManagerMasterHeartbeat
[2025-11-02T06:24:38.351+0000] {spark_submit.py:491} INFO - 25/11/02 06:24:38 INFO DiskBlockManager: Created local directory at /tmp/blockmgr-11813cf5-e85a-4a6e-b9cf-c35da9d7521c
[2025-11-02T06:24:38.359+0000] {spark_submit.py:491} INFO - 25/11/02 06:24:38 INFO MemoryStore: MemoryStore started with capacity 434.4 MiB
[2025-11-02T06:24:38.367+0000] {spark_submit.py:491} INFO - 25/11/02 06:24:38 INFO SparkEnv: Registering OutputCommitCoordinator
[2025-11-02T06:24:38.424+0000] {spark_submit.py:491} INFO - 25/11/02 06:24:38 INFO JettyUtils: Start Jetty 0.0.0.0:4040 for SparkUI
[2025-11-02T06:24:38.452+0000] {spark_submit.py:491} INFO - 25/11/02 06:24:38 WARN Utils: Service 'SparkUI' could not bind on port 4040. Attempting port 4041.
[2025-11-02T06:24:38.457+0000] {spark_submit.py:491} INFO - 25/11/02 06:24:38 INFO Utils: Successfully started service 'SparkUI' on port 4041.
[2025-11-02T06:24:38.480+0000] {spark_submit.py:491} INFO - 25/11/02 06:24:38 INFO SparkContext: Added JAR file:///opt/***/jars/iceberg-spark-runtime-3.5_2.12-1.4.2.jar at spark://d3553ba1dd4a:44897/jars/iceberg-spark-runtime-3.5_2.12-1.4.2.jar with timestamp 1762064678142
[2025-11-02T06:24:38.481+0000] {spark_submit.py:491} INFO - 25/11/02 06:24:38 INFO SparkContext: Added JAR file:///opt/***/jars/aws-java-sdk-bundle-1.12.367.jar at spark://d3553ba1dd4a:44897/jars/aws-java-sdk-bundle-1.12.367.jar with timestamp 1762064678142
[2025-11-02T06:24:38.482+0000] {spark_submit.py:491} INFO - 25/11/02 06:24:38 INFO SparkContext: Added JAR file:///opt/***/jars/hadoop-aws-3.3.4.jar at spark://d3553ba1dd4a:44897/jars/hadoop-aws-3.3.4.jar with timestamp 1762064678142
[2025-11-02T06:24:38.518+0000] {spark_submit.py:491} INFO - 25/11/02 06:24:38 INFO Executor: Starting executor ID driver on host d3553ba1dd4a
[2025-11-02T06:24:38.518+0000] {spark_submit.py:491} INFO - 25/11/02 06:24:38 INFO Executor: OS info Linux, 6.10.14-linuxkit, aarch64
[2025-11-02T06:24:38.518+0000] {spark_submit.py:491} INFO - 25/11/02 06:24:38 INFO Executor: Java version 11.0.28
[2025-11-02T06:24:38.521+0000] {spark_submit.py:491} INFO - 25/11/02 06:24:38 INFO Executor: Starting executor with user classpath (userClassPathFirst = false): ''
[2025-11-02T06:24:38.522+0000] {spark_submit.py:491} INFO - 25/11/02 06:24:38 INFO Executor: Created or updated repl class loader org.apache.spark.util.MutableURLClassLoader@2ee11cb3 for default.
[2025-11-02T06:24:38.527+0000] {spark_submit.py:491} INFO - 25/11/02 06:24:38 INFO Executor: Fetching spark://d3553ba1dd4a:44897/jars/hadoop-aws-3.3.4.jar with timestamp 1762064678142
[2025-11-02T06:24:38.559+0000] {spark_submit.py:491} INFO - 25/11/02 06:24:38 INFO TransportClientFactory: Successfully created connection to d3553ba1dd4a/172.18.0.5:44897 after 13 ms (0 ms spent in bootstraps)
[2025-11-02T06:24:38.562+0000] {spark_submit.py:491} INFO - 25/11/02 06:24:38 INFO Utils: Fetching spark://d3553ba1dd4a:44897/jars/hadoop-aws-3.3.4.jar to /tmp/spark-945e3202-964d-4c65-8bfa-197655279cbc/userFiles-a0bb8854-4ee7-4330-8ca9-e3b55927d30c/fetchFileTemp11131846841000419955.tmp
[2025-11-02T06:24:38.584+0000] {spark_submit.py:491} INFO - 25/11/02 06:24:38 INFO Executor: Adding file:/tmp/spark-945e3202-964d-4c65-8bfa-197655279cbc/userFiles-a0bb8854-4ee7-4330-8ca9-e3b55927d30c/hadoop-aws-3.3.4.jar to class loader default
[2025-11-02T06:24:38.585+0000] {spark_submit.py:491} INFO - 25/11/02 06:24:38 INFO Executor: Fetching spark://d3553ba1dd4a:44897/jars/iceberg-spark-runtime-3.5_2.12-1.4.2.jar with timestamp 1762064678142
[2025-11-02T06:24:38.585+0000] {spark_submit.py:491} INFO - 25/11/02 06:24:38 INFO Utils: Fetching spark://d3553ba1dd4a:44897/jars/iceberg-spark-runtime-3.5_2.12-1.4.2.jar to /tmp/spark-945e3202-964d-4c65-8bfa-197655279cbc/userFiles-a0bb8854-4ee7-4330-8ca9-e3b55927d30c/fetchFileTemp9572492427676729433.tmp
[2025-11-02T06:24:38.641+0000] {spark_submit.py:491} INFO - 25/11/02 06:24:38 INFO Executor: Adding file:/tmp/spark-945e3202-964d-4c65-8bfa-197655279cbc/userFiles-a0bb8854-4ee7-4330-8ca9-e3b55927d30c/iceberg-spark-runtime-3.5_2.12-1.4.2.jar to class loader default
[2025-11-02T06:24:38.642+0000] {spark_submit.py:491} INFO - 25/11/02 06:24:38 INFO Executor: Fetching spark://d3553ba1dd4a:44897/jars/aws-java-sdk-bundle-1.12.367.jar with timestamp 1762064678142
[2025-11-02T06:24:38.642+0000] {spark_submit.py:491} INFO - 25/11/02 06:24:38 INFO Utils: Fetching spark://d3553ba1dd4a:44897/jars/aws-java-sdk-bundle-1.12.367.jar to /tmp/spark-945e3202-964d-4c65-8bfa-197655279cbc/userFiles-a0bb8854-4ee7-4330-8ca9-e3b55927d30c/fetchFileTemp13203160588625182378.tmp
[2025-11-02T06:24:39.440+0000] {spark_submit.py:491} INFO - 25/11/02 06:24:39 INFO Executor: Adding file:/tmp/spark-945e3202-964d-4c65-8bfa-197655279cbc/userFiles-a0bb8854-4ee7-4330-8ca9-e3b55927d30c/aws-java-sdk-bundle-1.12.367.jar to class loader default
[2025-11-02T06:24:39.447+0000] {spark_submit.py:491} INFO - 25/11/02 06:24:39 INFO Utils: Successfully started service 'org.apache.spark.network.netty.NettyBlockTransferService' on port 42427.
[2025-11-02T06:24:39.448+0000] {spark_submit.py:491} INFO - 25/11/02 06:24:39 INFO NettyBlockTransferService: Server created on d3553ba1dd4a:42427
[2025-11-02T06:24:39.449+0000] {spark_submit.py:491} INFO - 25/11/02 06:24:39 INFO BlockManager: Using org.apache.spark.storage.RandomBlockReplicationPolicy for block replication policy
[2025-11-02T06:24:39.453+0000] {spark_submit.py:491} INFO - 25/11/02 06:24:39 INFO BlockManagerMaster: Registering BlockManager BlockManagerId(driver, d3553ba1dd4a, 42427, None)
[2025-11-02T06:24:39.455+0000] {spark_submit.py:491} INFO - 25/11/02 06:24:39 INFO BlockManagerMasterEndpoint: Registering block manager d3553ba1dd4a:42427 with 434.4 MiB RAM, BlockManagerId(driver, d3553ba1dd4a, 42427, None)
[2025-11-02T06:24:39.456+0000] {spark_submit.py:491} INFO - 25/11/02 06:24:39 INFO BlockManagerMaster: Registered BlockManager BlockManagerId(driver, d3553ba1dd4a, 42427, None)
[2025-11-02T06:24:39.457+0000] {spark_submit.py:491} INFO - 25/11/02 06:24:39 INFO BlockManager: Initialized BlockManager: BlockManagerId(driver, d3553ba1dd4a, 42427, None)
[2025-11-02T06:24:40.776+0000] {spark_submit.py:491} INFO - 25/11/02 06:24:40 WARN MetricsConfig: Cannot locate configuration: tried hadoop-metrics2-s3a-file-system.properties,hadoop-metrics2.properties
[2025-11-02T06:24:41.391+0000] {spark_submit.py:491} INFO - Created/verified weather table
[2025-11-02T06:24:41.391+0000] {spark_submit.py:491} INFO - Reading weather data from: /opt/***/data/weather/weather_data_20251102_06.json
[2025-11-02T06:24:42.644+0000] {spark_submit.py:491} INFO - Raw weather data count: 24
[2025-11-02T06:24:42.646+0000] {spark_submit.py:491} INFO - root
[2025-11-02T06:24:42.646+0000] {spark_submit.py:491} INFO - |-- timestamp: string (nullable = true)
[2025-11-02T06:24:42.647+0000] {spark_submit.py:491} INFO - |-- location: string (nullable = true)
[2025-11-02T06:24:42.647+0000] {spark_submit.py:491} INFO - |-- latitude: double (nullable = true)
[2025-11-02T06:24:42.647+0000] {spark_submit.py:491} INFO - |-- longitude: double (nullable = true)
[2025-11-02T06:24:42.647+0000] {spark_submit.py:491} INFO - |-- temperature_celsius: double (nullable = true)
[2025-11-02T06:24:42.648+0000] {spark_submit.py:491} INFO - |-- temperature_fahrenheit: double (nullable = true)
[2025-11-02T06:24:42.648+0000] {spark_submit.py:491} INFO - |-- humidity_percent: double (nullable = true)
[2025-11-02T06:24:42.648+0000] {spark_submit.py:491} INFO - |-- pressure_hpa: double (nullable = true)
[2025-11-02T06:24:42.648+0000] {spark_submit.py:491} INFO - |-- wind_speed_kmh: double (nullable = true)
[2025-11-02T06:24:42.648+0000] {spark_submit.py:491} INFO - |-- weather_condition: string (nullable = true)
[2025-11-02T06:24:42.648+0000] {spark_submit.py:491} INFO - |-- visibility_km: double (nullable = true)
[2025-11-02T06:24:42.648+0000] {spark_submit.py:491} INFO - |-- uv_index: double (nullable = true)
[2025-11-02T06:24:42.648+0000] {spark_submit.py:491} INFO - |-- hour: integer (nullable = true)
[2025-11-02T06:24:42.648+0000] {spark_submit.py:491} INFO - |-- day_of_week: integer (nullable = true)
[2025-11-02T06:24:42.648+0000] {spark_submit.py:491} INFO - |-- is_weekend: boolean (nullable = true)
[2025-11-02T06:24:42.648+0000] {spark_submit.py:491} INFO - 
[2025-11-02T06:24:42.923+0000] {spark_submit.py:491} INFO - Processed weather data count: 24
[2025-11-02T06:24:44.013+0000] {spark_submit.py:491} INFO - Successfully wrote weather data to Iceberg table
[2025-11-02T06:24:45.766+0000] {spark_submit.py:491} INFO - +------------+------------------+------------------+-----------------+--------------------+
[2025-11-02T06:24:45.768+0000] {spark_submit.py:491} INFO - |weather_date|        avg_temp_c|      avg_humidity|   avg_wind_speed|          conditions|
[2025-11-02T06:24:45.769+0000] {spark_submit.py:491} INFO - +------------+------------------+------------------+-----------------+--------------------+
[2025-11-02T06:24:45.769+0000] {spark_submit.py:491} INFO - |  2025-11-02| 19.44105263157895| 61.31052631578948|5.626315789473685|[clear, rain, clo...|
[2025-11-02T06:24:45.770+0000] {spark_submit.py:491} INFO - |  2025-11-01|15.711698113207548|63.035849056603766|7.124528301886791|[clear, snow, rai...|
[2025-11-02T06:24:45.770+0000] {spark_submit.py:491} INFO - +------------+------------------+------------------+-----------------+--------------------+
[2025-11-02T06:24:45.770+0000] {spark_submit.py:491} INFO - 
[2025-11-02T06:24:45.771+0000] {spark_submit.py:491} INFO - Weather ETL job completed successfully!
[2025-11-02T06:24:46.293+0000] {taskinstance.py:1398} INFO - Marking task as SUCCESS. dag_id=nyc_weather_etl, task_id=spark_process_weather_to_iceberg, execution_date=20251102T052433, start_date=20251102T062436, end_date=20251102T062446
[2025-11-02T06:24:46.348+0000] {local_task_job_runner.py:228} INFO - Task exited with return code 0
[2025-11-02T06:24:46.371+0000] {taskinstance.py:2776} INFO - 0 downstream tasks scheduled from follow-on schedule check
