[2025-10-31T07:51:49.854+0000] {taskinstance.py:1157} INFO - Dependencies all met for dep_context=non-requeueable deps ti=<TaskInstance: nyc_weather_etl.spark_process_location_to_iceberg scheduled__2025-10-31T06:51:47.519123+00:00 [queued]>
[2025-10-31T07:51:49.859+0000] {taskinstance.py:1157} INFO - Dependencies all met for dep_context=requeueable deps ti=<TaskInstance: nyc_weather_etl.spark_process_location_to_iceberg scheduled__2025-10-31T06:51:47.519123+00:00 [queued]>
[2025-10-31T07:51:49.859+0000] {taskinstance.py:1359} INFO - Starting attempt 1 of 1
[2025-10-31T07:51:49.919+0000] {taskinstance.py:1380} INFO - Executing <Task(SparkSubmitOperator): spark_process_location_to_iceberg> on 2025-10-31 06:51:47.519123+00:00
[2025-10-31T07:51:49.922+0000] {standard_task_runner.py:57} INFO - Started process 6572 to run task
[2025-10-31T07:51:49.923+0000] {standard_task_runner.py:84} INFO - Running: ['***', 'tasks', 'run', 'nyc_weather_etl', 'spark_process_location_to_iceberg', 'scheduled__2025-10-31T06:51:47.519123+00:00', '--job-id', '79', '--raw', '--subdir', 'DAGS_FOLDER/nyc_weather_etl.py', '--cfg-path', '/tmp/tmpkiskzjvy']
[2025-10-31T07:51:49.925+0000] {standard_task_runner.py:85} INFO - Job 79: Subtask spark_process_location_to_iceberg
[2025-10-31T07:51:49.947+0000] {task_command.py:415} INFO - Running <TaskInstance: nyc_weather_etl.spark_process_location_to_iceberg scheduled__2025-10-31T06:51:47.519123+00:00 [running]> on host d3553ba1dd4a
[2025-10-31T07:51:49.987+0000] {taskinstance.py:1660} INFO - Exporting env vars: AIRFLOW_CTX_DAG_OWNER='data-engineering' AIRFLOW_CTX_DAG_ID='nyc_weather_etl' AIRFLOW_CTX_TASK_ID='spark_process_location_to_iceberg' AIRFLOW_CTX_EXECUTION_DATE='2025-10-31T06:51:47.519123+00:00' AIRFLOW_CTX_TRY_NUMBER='1' AIRFLOW_CTX_DAG_RUN_ID='scheduled__2025-10-31T06:51:47.519123+00:00'
[2025-10-31T07:51:49.988+0000] {base.py:73} INFO - Using connection ID 'spark_default' for task execution.
[2025-10-31T07:51:49.989+0000] {spark_submit.py:340} INFO - Spark-Submit cmd: /opt/bitnami/spark/bin/spark-submit --master spark-master:7077 --conf spark.master=spark://spark-master:7077 --conf spark.sql.catalog.spark_catalog=org.apache.iceberg.spark.SparkSessionCatalog --conf spark.sql.catalog.spark_catalog.type=hive --conf spark.sql.catalog.iceberg=org.apache.iceberg.spark.SparkCatalog --conf spark.sql.catalog.iceberg.type=hadoop --conf spark.sql.catalog.iceberg.warehouse=s3a://lakehouse/warehouse --conf spark.sql.extensions=org.apache.iceberg.spark.extensions.IcebergSparkSessionExtensions --conf spark.hadoop.fs.s3a.endpoint=http://minio:9000 --conf spark.hadoop.fs.s3a.access.key=admin --conf spark.hadoop.fs.s3a.secret.key=****** --conf spark.hadoop.fs.s3a.path.style.access=true --conf spark.hadoop.fs.s3a.impl=org.apache.hadoop.fs.s3a.S3AFileSystem --jars /opt/***/jars/iceberg-spark-runtime-3.5_2.12-1.4.2.jar,/opt/***/jars/aws-java-sdk-bundle-1.12.367.jar,/opt/***/jars/hadoop-aws-3.3.4.jar --name arrow-spark /opt/***/dags/spark_jobs/location_to_iceberg.py /opt/***/data/locations/nyc_taxi_zones.json
[2025-10-31T07:51:50.853+0000] {spark_submit.py:491} INFO - 25/10/31 07:51:50 WARN NativeCodeLoader: Unable to load native-hadoop library for your platform... using builtin-java classes where applicable
[2025-10-31T07:51:51.405+0000] {spark_submit.py:491} INFO - 25/10/31 07:51:51 INFO SparkContext: Running Spark version 3.5.1
[2025-10-31T07:51:51.408+0000] {spark_submit.py:491} INFO - 25/10/31 07:51:51 INFO SparkContext: OS info Linux, 6.10.14-linuxkit, aarch64
[2025-10-31T07:51:51.408+0000] {spark_submit.py:491} INFO - 25/10/31 07:51:51 INFO SparkContext: Java version 11.0.28
[2025-10-31T07:51:51.415+0000] {spark_submit.py:491} INFO - 25/10/31 07:51:51 INFO ResourceUtils: ==============================================================
[2025-10-31T07:51:51.415+0000] {spark_submit.py:491} INFO - 25/10/31 07:51:51 INFO ResourceUtils: No custom resources configured for spark.driver.
[2025-10-31T07:51:51.416+0000] {spark_submit.py:491} INFO - 25/10/31 07:51:51 INFO ResourceUtils: ==============================================================
[2025-10-31T07:51:51.416+0000] {spark_submit.py:491} INFO - 25/10/31 07:51:51 INFO SparkContext: Submitted application: Location to Iceberg ETL
[2025-10-31T07:51:51.423+0000] {spark_submit.py:491} INFO - 25/10/31 07:51:51 INFO ResourceProfile: Default ResourceProfile created, executor resources: Map(cores -> name: cores, amount: 1, script: , vendor: , memory -> name: memory, amount: 1024, script: , vendor: , offHeap -> name: offHeap, amount: 0, script: , vendor: ), task resources: Map(cpus -> name: cpus, amount: 1.0)
[2025-10-31T07:51:51.430+0000] {spark_submit.py:491} INFO - 25/10/31 07:51:51 INFO ResourceProfile: Limiting resource is cpu
[2025-10-31T07:51:51.430+0000] {spark_submit.py:491} INFO - 25/10/31 07:51:51 INFO ResourceProfileManager: Added ResourceProfile id: 0
[2025-10-31T07:51:51.466+0000] {spark_submit.py:491} INFO - 25/10/31 07:51:51 INFO SecurityManager: Changing view acls to: ***
[2025-10-31T07:51:51.467+0000] {spark_submit.py:491} INFO - 25/10/31 07:51:51 INFO SecurityManager: Changing modify acls to: ***
[2025-10-31T07:51:51.467+0000] {spark_submit.py:491} INFO - 25/10/31 07:51:51 INFO SecurityManager: Changing view acls groups to:
[2025-10-31T07:51:51.467+0000] {spark_submit.py:491} INFO - 25/10/31 07:51:51 INFO SecurityManager: Changing modify acls groups to:
[2025-10-31T07:51:51.468+0000] {spark_submit.py:491} INFO - 25/10/31 07:51:51 INFO SecurityManager: SecurityManager: authentication disabled; ui acls disabled; users with view permissions: ***; groups with view permissions: EMPTY; users with modify permissions: ***; groups with modify permissions: EMPTY
[2025-10-31T07:51:51.590+0000] {spark_submit.py:491} INFO - 25/10/31 07:51:51 INFO Utils: Successfully started service 'sparkDriver' on port 43897.
[2025-10-31T07:51:51.607+0000] {spark_submit.py:491} INFO - 25/10/31 07:51:51 INFO SparkEnv: Registering MapOutputTracker
[2025-10-31T07:51:51.621+0000] {spark_submit.py:491} INFO - 25/10/31 07:51:51 INFO SparkEnv: Registering BlockManagerMaster
[2025-10-31T07:51:51.632+0000] {spark_submit.py:491} INFO - 25/10/31 07:51:51 INFO BlockManagerMasterEndpoint: Using org.apache.spark.storage.DefaultTopologyMapper for getting topology information
[2025-10-31T07:51:51.633+0000] {spark_submit.py:491} INFO - 25/10/31 07:51:51 INFO BlockManagerMasterEndpoint: BlockManagerMasterEndpoint up
[2025-10-31T07:51:51.634+0000] {spark_submit.py:491} INFO - 25/10/31 07:51:51 INFO SparkEnv: Registering BlockManagerMasterHeartbeat
[2025-10-31T07:51:51.646+0000] {spark_submit.py:491} INFO - 25/10/31 07:51:51 INFO DiskBlockManager: Created local directory at /tmp/blockmgr-28a6c706-7edd-471e-b7f8-1cc7ca5c72bf
[2025-10-31T07:51:51.652+0000] {spark_submit.py:491} INFO - 25/10/31 07:51:51 INFO MemoryStore: MemoryStore started with capacity 434.4 MiB
[2025-10-31T07:51:51.658+0000] {spark_submit.py:491} INFO - 25/10/31 07:51:51 INFO SparkEnv: Registering OutputCommitCoordinator
[2025-10-31T07:51:51.711+0000] {spark_submit.py:491} INFO - 25/10/31 07:51:51 INFO JettyUtils: Start Jetty 0.0.0.0:4040 for SparkUI
[2025-10-31T07:51:51.741+0000] {spark_submit.py:491} INFO - 25/10/31 07:51:51 INFO Utils: Successfully started service 'SparkUI' on port 4040.
[2025-10-31T07:51:51.758+0000] {spark_submit.py:491} INFO - 25/10/31 07:51:51 INFO SparkContext: Added JAR file:///opt/***/jars/iceberg-spark-runtime-3.5_2.12-1.4.2.jar at spark://d3553ba1dd4a:43897/jars/iceberg-spark-runtime-3.5_2.12-1.4.2.jar with timestamp 1761897111401
[2025-10-31T07:51:51.758+0000] {spark_submit.py:491} INFO - 25/10/31 07:51:51 INFO SparkContext: Added JAR file:///opt/***/jars/aws-java-sdk-bundle-1.12.367.jar at spark://d3553ba1dd4a:43897/jars/aws-java-sdk-bundle-1.12.367.jar with timestamp 1761897111401
[2025-10-31T07:51:51.758+0000] {spark_submit.py:491} INFO - 25/10/31 07:51:51 INFO SparkContext: Added JAR file:///opt/***/jars/hadoop-aws-3.3.4.jar at spark://d3553ba1dd4a:43897/jars/hadoop-aws-3.3.4.jar with timestamp 1761897111401
[2025-10-31T07:51:51.786+0000] {spark_submit.py:491} INFO - 25/10/31 07:51:51 INFO Executor: Starting executor ID driver on host d3553ba1dd4a
[2025-10-31T07:51:51.786+0000] {spark_submit.py:491} INFO - 25/10/31 07:51:51 INFO Executor: OS info Linux, 6.10.14-linuxkit, aarch64
[2025-10-31T07:51:51.786+0000] {spark_submit.py:491} INFO - 25/10/31 07:51:51 INFO Executor: Java version 11.0.28
[2025-10-31T07:51:51.789+0000] {spark_submit.py:491} INFO - 25/10/31 07:51:51 INFO Executor: Starting executor with user classpath (userClassPathFirst = false): ''
[2025-10-31T07:51:51.789+0000] {spark_submit.py:491} INFO - 25/10/31 07:51:51 INFO Executor: Created or updated repl class loader org.apache.spark.util.MutableURLClassLoader@59889d51 for default.
[2025-10-31T07:51:51.793+0000] {spark_submit.py:491} INFO - 25/10/31 07:51:51 INFO Executor: Fetching spark://d3553ba1dd4a:43897/jars/iceberg-spark-runtime-3.5_2.12-1.4.2.jar with timestamp 1761897111401
[2025-10-31T07:51:51.828+0000] {spark_submit.py:491} INFO - 25/10/31 07:51:51 INFO TransportClientFactory: Successfully created connection to d3553ba1dd4a/172.18.0.14:43897 after 12 ms (0 ms spent in bootstraps)
[2025-10-31T07:51:51.831+0000] {spark_submit.py:491} INFO - 25/10/31 07:51:51 INFO Utils: Fetching spark://d3553ba1dd4a:43897/jars/iceberg-spark-runtime-3.5_2.12-1.4.2.jar to /tmp/spark-aee8be5b-efd1-4c9b-b174-804e44f021ac/userFiles-e296e38f-2bae-4d46-b389-26bdbb1d665a/fetchFileTemp6882034603209668548.tmp
[2025-10-31T07:51:51.932+0000] {spark_submit.py:491} INFO - 25/10/31 07:51:51 INFO Executor: Adding file:/tmp/spark-aee8be5b-efd1-4c9b-b174-804e44f021ac/userFiles-e296e38f-2bae-4d46-b389-26bdbb1d665a/iceberg-spark-runtime-3.5_2.12-1.4.2.jar to class loader default
[2025-10-31T07:51:51.933+0000] {spark_submit.py:491} INFO - 25/10/31 07:51:51 INFO Executor: Fetching spark://d3553ba1dd4a:43897/jars/aws-java-sdk-bundle-1.12.367.jar with timestamp 1761897111401
[2025-10-31T07:51:51.933+0000] {spark_submit.py:491} INFO - 25/10/31 07:51:51 INFO Utils: Fetching spark://d3553ba1dd4a:43897/jars/aws-java-sdk-bundle-1.12.367.jar to /tmp/spark-aee8be5b-efd1-4c9b-b174-804e44f021ac/userFiles-e296e38f-2bae-4d46-b389-26bdbb1d665a/fetchFileTemp5427156260786555158.tmp
[2025-10-31T07:51:52.820+0000] {spark_submit.py:491} INFO - 25/10/31 07:51:52 INFO Executor: Adding file:/tmp/spark-aee8be5b-efd1-4c9b-b174-804e44f021ac/userFiles-e296e38f-2bae-4d46-b389-26bdbb1d665a/aws-java-sdk-bundle-1.12.367.jar to class loader default
[2025-10-31T07:51:52.821+0000] {spark_submit.py:491} INFO - 25/10/31 07:51:52 INFO Executor: Fetching spark://d3553ba1dd4a:43897/jars/hadoop-aws-3.3.4.jar with timestamp 1761897111401
[2025-10-31T07:51:52.822+0000] {spark_submit.py:491} INFO - 25/10/31 07:51:52 INFO Utils: Fetching spark://d3553ba1dd4a:43897/jars/hadoop-aws-3.3.4.jar to /tmp/spark-aee8be5b-efd1-4c9b-b174-804e44f021ac/userFiles-e296e38f-2bae-4d46-b389-26bdbb1d665a/fetchFileTemp17472858904062299671.tmp
[2025-10-31T07:51:52.825+0000] {spark_submit.py:491} INFO - 25/10/31 07:51:52 INFO Executor: Adding file:/tmp/spark-aee8be5b-efd1-4c9b-b174-804e44f021ac/userFiles-e296e38f-2bae-4d46-b389-26bdbb1d665a/hadoop-aws-3.3.4.jar to class loader default
[2025-10-31T07:51:52.831+0000] {spark_submit.py:491} INFO - 25/10/31 07:51:52 INFO Utils: Successfully started service 'org.apache.spark.network.netty.NettyBlockTransferService' on port 40883.
[2025-10-31T07:51:52.831+0000] {spark_submit.py:491} INFO - 25/10/31 07:51:52 INFO NettyBlockTransferService: Server created on d3553ba1dd4a:40883
[2025-10-31T07:51:52.832+0000] {spark_submit.py:491} INFO - 25/10/31 07:51:52 INFO BlockManager: Using org.apache.spark.storage.RandomBlockReplicationPolicy for block replication policy
[2025-10-31T07:51:52.835+0000] {spark_submit.py:491} INFO - 25/10/31 07:51:52 INFO BlockManagerMaster: Registering BlockManager BlockManagerId(driver, d3553ba1dd4a, 40883, None)
[2025-10-31T07:51:52.837+0000] {spark_submit.py:491} INFO - 25/10/31 07:51:52 INFO BlockManagerMasterEndpoint: Registering block manager d3553ba1dd4a:40883 with 434.4 MiB RAM, BlockManagerId(driver, d3553ba1dd4a, 40883, None)
[2025-10-31T07:51:52.838+0000] {spark_submit.py:491} INFO - 25/10/31 07:51:52 INFO BlockManagerMaster: Registered BlockManager BlockManagerId(driver, d3553ba1dd4a, 40883, None)
[2025-10-31T07:51:52.839+0000] {spark_submit.py:491} INFO - 25/10/31 07:51:52 INFO BlockManager: Initialized BlockManager: BlockManagerId(driver, d3553ba1dd4a, 40883, None)
[2025-10-31T07:51:54.386+0000] {spark_submit.py:491} INFO - 25/10/31 07:51:54 WARN MetricsConfig: Cannot locate configuration: tried hadoop-metrics2-s3a-file-system.properties,hadoop-metrics2.properties
[2025-10-31T07:51:55.201+0000] {spark_submit.py:491} INFO - Created/verified taxi zones table
[2025-10-31T07:51:55.201+0000] {spark_submit.py:491} INFO - Reading location data from: /opt/***/data/locations/nyc_taxi_zones.json
[2025-10-31T07:51:56.380+0000] {spark_submit.py:491} INFO - Raw location data count: 16
[2025-10-31T07:51:56.382+0000] {spark_submit.py:491} INFO - root
[2025-10-31T07:51:56.382+0000] {spark_submit.py:491} INFO - |-- borough: string (nullable = true)
[2025-10-31T07:51:56.382+0000] {spark_submit.py:491} INFO - |-- created_at: string (nullable = true)
[2025-10-31T07:51:56.382+0000] {spark_submit.py:491} INFO - |-- is_business_district: boolean (nullable = true)
[2025-10-31T07:51:56.382+0000] {spark_submit.py:491} INFO - |-- is_tourist_area: boolean (nullable = true)
[2025-10-31T07:51:56.385+0000] {spark_submit.py:491} INFO - |-- lat: double (nullable = true)
[2025-10-31T07:51:56.385+0000] {spark_submit.py:491} INFO - |-- location_id: long (nullable = true)
[2025-10-31T07:51:56.385+0000] {spark_submit.py:491} INFO - |-- lon: double (nullable = true)
[2025-10-31T07:51:56.385+0000] {spark_submit.py:491} INFO - |-- zone: string (nullable = true)
[2025-10-31T07:51:56.385+0000] {spark_submit.py:491} INFO - |-- zone_type: string (nullable = true)
[2025-10-31T07:51:56.385+0000] {spark_submit.py:491} INFO - 
[2025-10-31T07:51:56.563+0000] {spark_submit.py:491} INFO - Processed location data count: 16
[2025-10-31T07:51:57.787+0000] {spark_submit.py:491} INFO - Successfully wrote location data to Iceberg table
[2025-10-31T07:51:58.952+0000] {spark_submit.py:491} INFO - +---------+----------+-------------+--------------+
[2025-10-31T07:51:58.953+0000] {spark_submit.py:491} INFO - |  borough|zone_count|tourist_zones|business_zones|
[2025-10-31T07:51:58.954+0000] {spark_submit.py:491} INFO - +---------+----------+-------------+--------------+
[2025-10-31T07:51:58.954+0000] {spark_submit.py:491} INFO - |Manhattan|        13|            4|             3|
[2025-10-31T07:51:58.954+0000] {spark_submit.py:491} INFO - |   Queens|         2|            0|             0|
[2025-10-31T07:51:58.954+0000] {spark_submit.py:491} INFO - | Brooklyn|         1|            0|             0|
[2025-10-31T07:51:58.954+0000] {spark_submit.py:491} INFO - +---------+----------+-------------+--------------+
[2025-10-31T07:51:58.954+0000] {spark_submit.py:491} INFO - 
[2025-10-31T07:51:58.954+0000] {spark_submit.py:491} INFO - Location ETL job completed successfully!
[2025-10-31T07:51:59.754+0000] {taskinstance.py:1398} INFO - Marking task as SUCCESS. dag_id=nyc_weather_etl, task_id=spark_process_location_to_iceberg, execution_date=20251031T065147, start_date=20251031T075149, end_date=20251031T075159
[2025-10-31T07:51:59.789+0000] {local_task_job_runner.py:228} INFO - Task exited with return code 0
[2025-10-31T07:51:59.800+0000] {taskinstance.py:2776} INFO - 0 downstream tasks scheduled from follow-on schedule check
