[2025-11-03T04:53:18.434+0000] {taskinstance.py:1157} INFO - Dependencies all met for dep_context=non-requeueable deps ti=<TaskInstance: nyc_weather_etl.spark_process_weather_to_iceberg scheduled__2025-11-03T03:53:15.902171+00:00 [queued]>
[2025-11-03T04:53:18.438+0000] {taskinstance.py:1157} INFO - Dependencies all met for dep_context=requeueable deps ti=<TaskInstance: nyc_weather_etl.spark_process_weather_to_iceberg scheduled__2025-11-03T03:53:15.902171+00:00 [queued]>
[2025-11-03T04:53:18.438+0000] {taskinstance.py:1359} INFO - Starting attempt 1 of 1
[2025-11-03T04:53:18.443+0000] {taskinstance.py:1380} INFO - Executing <Task(SparkSubmitOperator): spark_process_weather_to_iceberg> on 2025-11-03 03:53:15.902171+00:00
[2025-11-03T04:53:18.446+0000] {standard_task_runner.py:57} INFO - Started process 20752 to run task
[2025-11-03T04:53:18.447+0000] {standard_task_runner.py:84} INFO - Running: ['***', 'tasks', 'run', 'nyc_weather_etl', 'spark_process_weather_to_iceberg', 'scheduled__2025-11-03T03:53:15.902171+00:00', '--job-id', '160', '--raw', '--subdir', 'DAGS_FOLDER/nyc_weather_etl.py', '--cfg-path', '/tmp/tmp5fzfdlrv']
[2025-11-03T04:53:18.450+0000] {standard_task_runner.py:85} INFO - Job 160: Subtask spark_process_weather_to_iceberg
[2025-11-03T04:53:18.470+0000] {task_command.py:415} INFO - Running <TaskInstance: nyc_weather_etl.spark_process_weather_to_iceberg scheduled__2025-11-03T03:53:15.902171+00:00 [running]> on host ec57452a9f33
[2025-11-03T04:53:18.600+0000] {taskinstance.py:1660} INFO - Exporting env vars: AIRFLOW_CTX_DAG_OWNER='data-engineering' AIRFLOW_CTX_DAG_ID='nyc_weather_etl' AIRFLOW_CTX_TASK_ID='spark_process_weather_to_iceberg' AIRFLOW_CTX_EXECUTION_DATE='2025-11-03T03:53:15.902171+00:00' AIRFLOW_CTX_TRY_NUMBER='1' AIRFLOW_CTX_DAG_RUN_ID='scheduled__2025-11-03T03:53:15.902171+00:00'
[2025-11-03T04:53:18.601+0000] {base.py:73} INFO - Using connection ID 'spark_default' for task execution.
[2025-11-03T04:53:18.602+0000] {spark_submit.py:340} INFO - Spark-Submit cmd: /opt/bitnami/spark/bin/spark-submit --master spark-master:7077 --conf spark.master=spark://spark-master:7077 --conf spark.sql.catalog.spark_catalog=org.apache.iceberg.spark.SparkSessionCatalog --conf spark.sql.catalog.spark_catalog.type=hive --conf spark.sql.catalog.iceberg=org.apache.iceberg.spark.SparkCatalog --conf spark.sql.catalog.iceberg.type=hadoop --conf spark.sql.catalog.iceberg.warehouse=s3a://lakehouse/warehouse --conf spark.sql.extensions=org.apache.iceberg.spark.extensions.IcebergSparkSessionExtensions --conf spark.hadoop.fs.s3a.endpoint=http://minio:9000 --conf spark.hadoop.fs.s3a.access.key=admin --conf spark.hadoop.fs.s3a.secret.key=****** --conf spark.hadoop.fs.s3a.path.style.access=true --conf spark.hadoop.fs.s3a.impl=org.apache.hadoop.fs.s3a.S3AFileSystem --jars /opt/***/jars/iceberg-spark-runtime-3.5_2.12-1.4.2.jar,/opt/***/jars/aws-java-sdk-bundle-1.12.367.jar,/opt/***/jars/hadoop-aws-3.3.4.jar --name arrow-spark /opt/***/dags/spark_jobs/weather_to_iceberg.py /opt/***/data/weather/weather_data_20251103_04.json
[2025-11-03T04:53:19.411+0000] {spark_submit.py:491} INFO - 25/11/03 04:53:19 WARN NativeCodeLoader: Unable to load native-hadoop library for your platform... using builtin-java classes where applicable
[2025-11-03T04:53:20.097+0000] {spark_submit.py:491} INFO - 25/11/03 04:53:20 INFO SparkContext: Running Spark version 3.5.1
[2025-11-03T04:53:20.097+0000] {spark_submit.py:491} INFO - 25/11/03 04:53:20 INFO SparkContext: OS info Linux, 6.10.14-linuxkit, aarch64
[2025-11-03T04:53:20.097+0000] {spark_submit.py:491} INFO - 25/11/03 04:53:20 INFO SparkContext: Java version 11.0.28
[2025-11-03T04:53:20.116+0000] {spark_submit.py:491} INFO - 25/11/03 04:53:20 INFO ResourceUtils: ==============================================================
[2025-11-03T04:53:20.116+0000] {spark_submit.py:491} INFO - 25/11/03 04:53:20 INFO ResourceUtils: No custom resources configured for spark.driver.
[2025-11-03T04:53:20.116+0000] {spark_submit.py:491} INFO - 25/11/03 04:53:20 INFO ResourceUtils: ==============================================================
[2025-11-03T04:53:20.116+0000] {spark_submit.py:491} INFO - 25/11/03 04:53:20 INFO SparkContext: Submitted application: Weather to Iceberg ETL
[2025-11-03T04:53:20.128+0000] {spark_submit.py:491} INFO - 25/11/03 04:53:20 INFO ResourceProfile: Default ResourceProfile created, executor resources: Map(cores -> name: cores, amount: 1, script: , vendor: , memory -> name: memory, amount: 1024, script: , vendor: , offHeap -> name: offHeap, amount: 0, script: , vendor: ), task resources: Map(cpus -> name: cpus, amount: 1.0)
[2025-11-03T04:53:20.132+0000] {spark_submit.py:491} INFO - 25/11/03 04:53:20 INFO ResourceProfile: Limiting resource is cpu
[2025-11-03T04:53:20.133+0000] {spark_submit.py:491} INFO - 25/11/03 04:53:20 INFO ResourceProfileManager: Added ResourceProfile id: 0
[2025-11-03T04:53:20.167+0000] {spark_submit.py:491} INFO - 25/11/03 04:53:20 INFO SecurityManager: Changing view acls to: ***
[2025-11-03T04:53:20.167+0000] {spark_submit.py:491} INFO - 25/11/03 04:53:20 INFO SecurityManager: Changing modify acls to: ***
[2025-11-03T04:53:20.167+0000] {spark_submit.py:491} INFO - 25/11/03 04:53:20 INFO SecurityManager: Changing view acls groups to:
[2025-11-03T04:53:20.169+0000] {spark_submit.py:491} INFO - 25/11/03 04:53:20 INFO SecurityManager: Changing modify acls groups to:
[2025-11-03T04:53:20.169+0000] {spark_submit.py:491} INFO - 25/11/03 04:53:20 INFO SecurityManager: SecurityManager: authentication disabled; ui acls disabled; users with view permissions: ***; groups with view permissions: EMPTY; users with modify permissions: ***; groups with modify permissions: EMPTY
[2025-11-03T04:53:20.276+0000] {spark_submit.py:491} INFO - 25/11/03 04:53:20 INFO Utils: Successfully started service 'sparkDriver' on port 41705.
[2025-11-03T04:53:20.293+0000] {spark_submit.py:491} INFO - 25/11/03 04:53:20 INFO SparkEnv: Registering MapOutputTracker
[2025-11-03T04:53:20.307+0000] {spark_submit.py:491} INFO - 25/11/03 04:53:20 INFO SparkEnv: Registering BlockManagerMaster
[2025-11-03T04:53:20.320+0000] {spark_submit.py:491} INFO - 25/11/03 04:53:20 INFO BlockManagerMasterEndpoint: Using org.apache.spark.storage.DefaultTopologyMapper for getting topology information
[2025-11-03T04:53:20.320+0000] {spark_submit.py:491} INFO - 25/11/03 04:53:20 INFO BlockManagerMasterEndpoint: BlockManagerMasterEndpoint up
[2025-11-03T04:53:20.322+0000] {spark_submit.py:491} INFO - 25/11/03 04:53:20 INFO SparkEnv: Registering BlockManagerMasterHeartbeat
[2025-11-03T04:53:20.339+0000] {spark_submit.py:491} INFO - 25/11/03 04:53:20 INFO DiskBlockManager: Created local directory at /tmp/blockmgr-fc7466fb-4aad-41d1-9cdb-0468857e25e6
[2025-11-03T04:53:20.345+0000] {spark_submit.py:491} INFO - 25/11/03 04:53:20 INFO MemoryStore: MemoryStore started with capacity 434.4 MiB
[2025-11-03T04:53:20.351+0000] {spark_submit.py:491} INFO - 25/11/03 04:53:20 INFO SparkEnv: Registering OutputCommitCoordinator
[2025-11-03T04:53:20.411+0000] {spark_submit.py:491} INFO - 25/11/03 04:53:20 INFO JettyUtils: Start Jetty 0.0.0.0:4040 for SparkUI
[2025-11-03T04:53:20.445+0000] {spark_submit.py:491} INFO - 25/11/03 04:53:20 WARN Utils: Service 'SparkUI' could not bind on port 4040. Attempting port 4041.
[2025-11-03T04:53:20.449+0000] {spark_submit.py:491} INFO - 25/11/03 04:53:20 INFO Utils: Successfully started service 'SparkUI' on port 4041.
[2025-11-03T04:53:20.467+0000] {spark_submit.py:491} INFO - 25/11/03 04:53:20 INFO SparkContext: Added JAR file:///opt/***/jars/iceberg-spark-runtime-3.5_2.12-1.4.2.jar at spark://ec57452a9f33:41705/jars/iceberg-spark-runtime-3.5_2.12-1.4.2.jar with timestamp 1762145600091
[2025-11-03T04:53:20.467+0000] {spark_submit.py:491} INFO - 25/11/03 04:53:20 INFO SparkContext: Added JAR file:///opt/***/jars/aws-java-sdk-bundle-1.12.367.jar at spark://ec57452a9f33:41705/jars/aws-java-sdk-bundle-1.12.367.jar with timestamp 1762145600091
[2025-11-03T04:53:20.467+0000] {spark_submit.py:491} INFO - 25/11/03 04:53:20 INFO SparkContext: Added JAR file:///opt/***/jars/hadoop-aws-3.3.4.jar at spark://ec57452a9f33:41705/jars/hadoop-aws-3.3.4.jar with timestamp 1762145600091
[2025-11-03T04:53:20.504+0000] {spark_submit.py:491} INFO - 25/11/03 04:53:20 INFO Executor: Starting executor ID driver on host ec57452a9f33
[2025-11-03T04:53:20.505+0000] {spark_submit.py:491} INFO - 25/11/03 04:53:20 INFO Executor: OS info Linux, 6.10.14-linuxkit, aarch64
[2025-11-03T04:53:20.508+0000] {spark_submit.py:491} INFO - 25/11/03 04:53:20 INFO Executor: Java version 11.0.28
[2025-11-03T04:53:20.511+0000] {spark_submit.py:491} INFO - 25/11/03 04:53:20 INFO Executor: Starting executor with user classpath (userClassPathFirst = false): ''
[2025-11-03T04:53:20.511+0000] {spark_submit.py:491} INFO - 25/11/03 04:53:20 INFO Executor: Created or updated repl class loader org.apache.spark.util.MutableURLClassLoader@65e04b70 for default.
[2025-11-03T04:53:20.517+0000] {spark_submit.py:491} INFO - 25/11/03 04:53:20 INFO Executor: Fetching spark://ec57452a9f33:41705/jars/aws-java-sdk-bundle-1.12.367.jar with timestamp 1762145600091
[2025-11-03T04:53:20.547+0000] {spark_submit.py:491} INFO - 25/11/03 04:53:20 INFO TransportClientFactory: Successfully created connection to ec57452a9f33/172.18.0.4:41705 after 15 ms (0 ms spent in bootstraps)
[2025-11-03T04:53:20.551+0000] {spark_submit.py:491} INFO - 25/11/03 04:53:20 INFO Utils: Fetching spark://ec57452a9f33:41705/jars/aws-java-sdk-bundle-1.12.367.jar to /tmp/spark-d3623eef-b0b4-4648-bec1-a4bc122563d0/userFiles-4217eb60-1ad3-46e7-862e-d5f2dc794195/fetchFileTemp1511821046763255355.tmp
[2025-11-03T04:53:21.040+0000] {spark_submit.py:491} INFO - 25/11/03 04:53:21 INFO Executor: Adding file:/tmp/spark-d3623eef-b0b4-4648-bec1-a4bc122563d0/userFiles-4217eb60-1ad3-46e7-862e-d5f2dc794195/aws-java-sdk-bundle-1.12.367.jar to class loader default
[2025-11-03T04:53:21.040+0000] {spark_submit.py:491} INFO - 25/11/03 04:53:21 INFO Executor: Fetching spark://ec57452a9f33:41705/jars/iceberg-spark-runtime-3.5_2.12-1.4.2.jar with timestamp 1762145600091
[2025-11-03T04:53:21.041+0000] {spark_submit.py:491} INFO - 25/11/03 04:53:21 INFO Utils: Fetching spark://ec57452a9f33:41705/jars/iceberg-spark-runtime-3.5_2.12-1.4.2.jar to /tmp/spark-d3623eef-b0b4-4648-bec1-a4bc122563d0/userFiles-4217eb60-1ad3-46e7-862e-d5f2dc794195/fetchFileTemp16262070196935426851.tmp
[2025-11-03T04:53:21.078+0000] {spark_submit.py:491} INFO - 25/11/03 04:53:21 INFO Executor: Adding file:/tmp/spark-d3623eef-b0b4-4648-bec1-a4bc122563d0/userFiles-4217eb60-1ad3-46e7-862e-d5f2dc794195/iceberg-spark-runtime-3.5_2.12-1.4.2.jar to class loader default
[2025-11-03T04:53:21.079+0000] {spark_submit.py:491} INFO - 25/11/03 04:53:21 INFO Executor: Fetching spark://ec57452a9f33:41705/jars/hadoop-aws-3.3.4.jar with timestamp 1762145600091
[2025-11-03T04:53:21.079+0000] {spark_submit.py:491} INFO - 25/11/03 04:53:21 INFO Utils: Fetching spark://ec57452a9f33:41705/jars/hadoop-aws-3.3.4.jar to /tmp/spark-d3623eef-b0b4-4648-bec1-a4bc122563d0/userFiles-4217eb60-1ad3-46e7-862e-d5f2dc794195/fetchFileTemp12971249587236637389.tmp
[2025-11-03T04:53:21.083+0000] {spark_submit.py:491} INFO - 25/11/03 04:53:21 INFO Executor: Adding file:/tmp/spark-d3623eef-b0b4-4648-bec1-a4bc122563d0/userFiles-4217eb60-1ad3-46e7-862e-d5f2dc794195/hadoop-aws-3.3.4.jar to class loader default
[2025-11-03T04:53:21.091+0000] {spark_submit.py:491} INFO - 25/11/03 04:53:21 INFO Utils: Successfully started service 'org.apache.spark.network.netty.NettyBlockTransferService' on port 34113.
[2025-11-03T04:53:21.092+0000] {spark_submit.py:491} INFO - 25/11/03 04:53:21 INFO NettyBlockTransferService: Server created on ec57452a9f33:34113
[2025-11-03T04:53:21.092+0000] {spark_submit.py:491} INFO - 25/11/03 04:53:21 INFO BlockManager: Using org.apache.spark.storage.RandomBlockReplicationPolicy for block replication policy
[2025-11-03T04:53:21.093+0000] {spark_submit.py:491} INFO - 25/11/03 04:53:21 INFO BlockManagerMaster: Registering BlockManager BlockManagerId(driver, ec57452a9f33, 34113, None)
[2025-11-03T04:53:21.096+0000] {spark_submit.py:491} INFO - 25/11/03 04:53:21 INFO BlockManagerMasterEndpoint: Registering block manager ec57452a9f33:34113 with 434.4 MiB RAM, BlockManagerId(driver, ec57452a9f33, 34113, None)
[2025-11-03T04:53:21.098+0000] {spark_submit.py:491} INFO - 25/11/03 04:53:21 INFO BlockManagerMaster: Registered BlockManager BlockManagerId(driver, ec57452a9f33, 34113, None)
[2025-11-03T04:53:21.098+0000] {spark_submit.py:491} INFO - 25/11/03 04:53:21 INFO BlockManager: Initialized BlockManager: BlockManagerId(driver, ec57452a9f33, 34113, None)
[2025-11-03T04:53:22.394+0000] {spark_submit.py:491} INFO - 25/11/03 04:53:22 WARN MetricsConfig: Cannot locate configuration: tried hadoop-metrics2-s3a-file-system.properties,hadoop-metrics2.properties
[2025-11-03T04:53:23.015+0000] {spark_submit.py:491} INFO - Created/verified weather table
[2025-11-03T04:53:23.015+0000] {spark_submit.py:491} INFO - Reading weather data from: /opt/***/data/weather/weather_data_20251103_04.json
[2025-11-03T04:53:24.217+0000] {spark_submit.py:491} INFO - Raw weather data count: 24
[2025-11-03T04:53:24.218+0000] {spark_submit.py:491} INFO - root
[2025-11-03T04:53:24.218+0000] {spark_submit.py:491} INFO - |-- timestamp: string (nullable = true)
[2025-11-03T04:53:24.218+0000] {spark_submit.py:491} INFO - |-- location: string (nullable = true)
[2025-11-03T04:53:24.218+0000] {spark_submit.py:491} INFO - |-- latitude: double (nullable = true)
[2025-11-03T04:53:24.218+0000] {spark_submit.py:491} INFO - |-- longitude: double (nullable = true)
[2025-11-03T04:53:24.218+0000] {spark_submit.py:491} INFO - |-- temperature_celsius: double (nullable = true)
[2025-11-03T04:53:24.218+0000] {spark_submit.py:491} INFO - |-- temperature_fahrenheit: double (nullable = true)
[2025-11-03T04:53:24.218+0000] {spark_submit.py:491} INFO - |-- humidity_percent: double (nullable = true)
[2025-11-03T04:53:24.220+0000] {spark_submit.py:491} INFO - |-- pressure_hpa: double (nullable = true)
[2025-11-03T04:53:24.220+0000] {spark_submit.py:491} INFO - |-- wind_speed_kmh: double (nullable = true)
[2025-11-03T04:53:24.220+0000] {spark_submit.py:491} INFO - |-- weather_condition: string (nullable = true)
[2025-11-03T04:53:24.220+0000] {spark_submit.py:491} INFO - |-- visibility_km: double (nullable = true)
[2025-11-03T04:53:24.220+0000] {spark_submit.py:491} INFO - |-- uv_index: double (nullable = true)
[2025-11-03T04:53:24.220+0000] {spark_submit.py:491} INFO - |-- hour: integer (nullable = true)
[2025-11-03T04:53:24.220+0000] {spark_submit.py:491} INFO - |-- day_of_week: integer (nullable = true)
[2025-11-03T04:53:24.220+0000] {spark_submit.py:491} INFO - |-- is_weekend: boolean (nullable = true)
[2025-11-03T04:53:24.220+0000] {spark_submit.py:491} INFO - 
[2025-11-03T04:53:24.484+0000] {spark_submit.py:491} INFO - Processed weather data count: 24
[2025-11-03T04:53:25.595+0000] {spark_submit.py:491} INFO - Successfully wrote weather data to Iceberg table
[2025-11-03T04:53:27.011+0000] {spark_submit.py:491} INFO - +------------+------------------+------------+-----------------+--------------------+
[2025-11-03T04:53:27.011+0000] {spark_submit.py:491} INFO - |weather_date|        avg_temp_c|avg_humidity|   avg_wind_speed|          conditions|
[2025-11-03T04:53:27.011+0000] {spark_submit.py:491} INFO - +------------+------------------+------------+-----------------+--------------------+
[2025-11-03T04:53:27.012+0000] {spark_submit.py:491} INFO - |  2025-11-03|16.649250000000002|      60.925|           6.4375|[clear, snow, rai...|
[2025-11-03T04:53:27.012+0000] {spark_submit.py:491} INFO - |  2025-11-02|17.917650000000002|     63.6075|7.452999999999999|[clear, snow, rai...|
[2025-11-03T04:53:27.012+0000] {spark_submit.py:491} INFO - +------------+------------------+------------+-----------------+--------------------+
[2025-11-03T04:53:27.012+0000] {spark_submit.py:491} INFO - 
[2025-11-03T04:53:27.012+0000] {spark_submit.py:491} INFO - Weather ETL job completed successfully!
[2025-11-03T04:53:27.822+0000] {taskinstance.py:1398} INFO - Marking task as SUCCESS. dag_id=nyc_weather_etl, task_id=spark_process_weather_to_iceberg, execution_date=20251103T035315, start_date=20251103T045318, end_date=20251103T045327
[2025-11-03T04:53:27.858+0000] {local_task_job_runner.py:228} INFO - Task exited with return code 0
[2025-11-03T04:53:27.866+0000] {taskinstance.py:2776} INFO - 0 downstream tasks scheduled from follow-on schedule check
