[2025-11-03T03:32:48.800+0000] {taskinstance.py:1157} INFO - Dependencies all met for dep_context=non-requeueable deps ti=<TaskInstance: comprehensive_analytics_pipeline.wait_for_taxi_data manual__2025-11-03T03:27:44.655295+00:00 [queued]>
[2025-11-03T03:32:48.804+0000] {taskinstance.py:1157} INFO - Dependencies all met for dep_context=requeueable deps ti=<TaskInstance: comprehensive_analytics_pipeline.wait_for_taxi_data manual__2025-11-03T03:27:44.655295+00:00 [queued]>
[2025-11-03T03:32:48.805+0000] {taskinstance.py:1359} INFO - Starting attempt 1 of 2
[2025-11-03T03:32:48.810+0000] {taskinstance.py:1380} INFO - Executing <Task(ExternalTaskSensor): wait_for_taxi_data> on 2025-11-03 03:27:44.655295+00:00
[2025-11-03T03:32:48.812+0000] {standard_task_runner.py:57} INFO - Started process 7667 to run task
[2025-11-03T03:32:48.814+0000] {standard_task_runner.py:84} INFO - Running: ['***', 'tasks', 'run', 'comprehensive_analytics_pipeline', 'wait_for_taxi_data', 'manual__2025-11-03T03:27:44.655295+00:00', '--job-id', '82', '--raw', '--subdir', 'DAGS_FOLDER/comprehensive_analytics_pipeline.py', '--cfg-path', '/tmp/tmplzhsli86']
[2025-11-03T03:32:48.816+0000] {standard_task_runner.py:85} INFO - Job 82: Subtask wait_for_taxi_data
[2025-11-03T03:32:48.836+0000] {task_command.py:415} INFO - Running <TaskInstance: comprehensive_analytics_pipeline.wait_for_taxi_data manual__2025-11-03T03:27:44.655295+00:00 [running]> on host ec57452a9f33
[2025-11-03T03:32:48.871+0000] {taskinstance.py:1660} INFO - Exporting env vars: AIRFLOW_CTX_DAG_OWNER='data-engineering' AIRFLOW_CTX_DAG_ID='comprehensive_analytics_pipeline' AIRFLOW_CTX_TASK_ID='wait_for_taxi_data' AIRFLOW_CTX_EXECUTION_DATE='2025-11-03T03:27:44.655295+00:00' AIRFLOW_CTX_TRY_NUMBER='1' AIRFLOW_CTX_DAG_RUN_ID='manual__2025-11-03T03:27:44.655295+00:00'
[2025-11-03T03:32:48.871+0000] {external_task.py:244} INFO - Poking for tasks ['spark_process_to_iceberg'] in dag nyc_taxi_iceberg_etl on 2025-11-03T03:27:44.655295+00:00 ... 
[2025-11-03T03:33:48.920+0000] {external_task.py:244} INFO - Poking for tasks ['spark_process_to_iceberg'] in dag nyc_taxi_iceberg_etl on 2025-11-03T03:27:44.655295+00:00 ... 
[2025-11-03T03:34:48.958+0000] {external_task.py:244} INFO - Poking for tasks ['spark_process_to_iceberg'] in dag nyc_taxi_iceberg_etl on 2025-11-03T03:27:44.655295+00:00 ... 
[2025-11-03T03:35:49.032+0000] {external_task.py:244} INFO - Poking for tasks ['spark_process_to_iceberg'] in dag nyc_taxi_iceberg_etl on 2025-11-03T03:27:44.655295+00:00 ... 
[2025-11-03T03:36:49.049+0000] {external_task.py:244} INFO - Poking for tasks ['spark_process_to_iceberg'] in dag nyc_taxi_iceberg_etl on 2025-11-03T03:27:44.655295+00:00 ... 
[2025-11-03T03:37:49.083+0000] {external_task.py:244} INFO - Poking for tasks ['spark_process_to_iceberg'] in dag nyc_taxi_iceberg_etl on 2025-11-03T03:27:44.655295+00:00 ... 
[2025-11-03T03:37:49.101+0000] {taskinstance.py:1935} ERROR - Task failed with exception
Traceback (most recent call last):
  File "/home/airflow/.local/lib/python3.8/site-packages/airflow/sensors/external_task.py", line 334, in execute
    super().execute(context)
  File "/home/airflow/.local/lib/python3.8/site-packages/airflow/sensors/base.py", line 274, in execute
    raise AirflowSensorTimeout(message)
airflow.exceptions.AirflowSensorTimeout: Sensor has timed out; run duration of 300.22736634600005 seconds exceeds the specified timeout of 300.0.
[2025-11-03T03:37:49.109+0000] {taskinstance.py:1398} INFO - Immediate failure requested. Marking task as FAILED. dag_id=comprehensive_analytics_pipeline, task_id=wait_for_taxi_data, execution_date=20251103T032744, start_date=20251103T033248, end_date=20251103T033749
[2025-11-03T03:37:49.117+0000] {standard_task_runner.py:104} ERROR - Failed to execute job 82 for task wait_for_taxi_data (Sensor has timed out; run duration of 300.22736634600005 seconds exceeds the specified timeout of 300.0.; 7667)
[2025-11-03T03:37:49.148+0000] {local_task_job_runner.py:228} INFO - Task exited with return code 1
[2025-11-03T03:37:49.166+0000] {taskinstance.py:2776} INFO - 0 downstream tasks scheduled from follow-on schedule check
