[2025-10-26T08:37:47.114+0000] {taskinstance.py:1157} INFO - Dependencies all met for dep_context=non-requeueable deps ti=<TaskInstance: nyc_weather_etl.spark_process_location_to_iceberg scheduled__2025-10-26T07:37:44.609647+00:00 [queued]>
[2025-10-26T08:37:47.118+0000] {taskinstance.py:1157} INFO - Dependencies all met for dep_context=requeueable deps ti=<TaskInstance: nyc_weather_etl.spark_process_location_to_iceberg scheduled__2025-10-26T07:37:44.609647+00:00 [queued]>
[2025-10-26T08:37:47.118+0000] {taskinstance.py:1359} INFO - Starting attempt 1 of 1
[2025-10-26T08:37:47.122+0000] {taskinstance.py:1380} INFO - Executing <Task(SparkSubmitOperator): spark_process_location_to_iceberg> on 2025-10-26 07:37:44.609647+00:00
[2025-10-26T08:37:47.126+0000] {standard_task_runner.py:57} INFO - Started process 6071 to run task
[2025-10-26T08:37:47.128+0000] {standard_task_runner.py:84} INFO - Running: ['***', 'tasks', 'run', 'nyc_weather_etl', 'spark_process_location_to_iceberg', 'scheduled__2025-10-26T07:37:44.609647+00:00', '--job-id', '666', '--raw', '--subdir', 'DAGS_FOLDER/nyc_weather_etl.py', '--cfg-path', '/tmp/tmpfwfb87c1']
[2025-10-26T08:37:47.129+0000] {standard_task_runner.py:85} INFO - Job 666: Subtask spark_process_location_to_iceberg
[2025-10-26T08:37:47.148+0000] {task_command.py:415} INFO - Running <TaskInstance: nyc_weather_etl.spark_process_location_to_iceberg scheduled__2025-10-26T07:37:44.609647+00:00 [running]> on host b40be2a595bb
[2025-10-26T08:37:47.263+0000] {taskinstance.py:1660} INFO - Exporting env vars: AIRFLOW_CTX_DAG_OWNER='data-engineering' AIRFLOW_CTX_DAG_ID='nyc_weather_etl' AIRFLOW_CTX_TASK_ID='spark_process_location_to_iceberg' AIRFLOW_CTX_EXECUTION_DATE='2025-10-26T07:37:44.609647+00:00' AIRFLOW_CTX_TRY_NUMBER='1' AIRFLOW_CTX_DAG_RUN_ID='scheduled__2025-10-26T07:37:44.609647+00:00'
[2025-10-26T08:37:47.267+0000] {base.py:73} INFO - Using connection ID 'spark_default' for task execution.
[2025-10-26T08:37:47.268+0000] {spark_submit.py:340} INFO - Spark-Submit cmd: /opt/bitnami/spark/bin/spark-submit --master spark://spark-master:7077 --conf spark.master=spark://spark-master:7077 --conf spark.sql.catalog.spark_catalog=org.apache.iceberg.spark.SparkSessionCatalog --conf spark.sql.catalog.spark_catalog.type=hive --conf spark.sql.catalog.iceberg=org.apache.iceberg.spark.SparkCatalog --conf spark.sql.catalog.iceberg.type=hadoop --conf spark.sql.catalog.iceberg.warehouse=s3a://lakehouse/warehouse --conf spark.sql.extensions=org.apache.iceberg.spark.extensions.IcebergSparkSessionExtensions --conf spark.hadoop.fs.s3a.endpoint=http://minio:9000 --conf spark.hadoop.fs.s3a.access.key=admin --conf spark.hadoop.fs.s3a.secret.key=****** --conf spark.hadoop.fs.s3a.path.style.access=true --conf spark.hadoop.fs.s3a.impl=org.apache.hadoop.fs.s3a.S3AFileSystem --jars /opt/***/jars/iceberg-spark-runtime-3.5_2.12-1.4.2.jar,/opt/***/jars/aws-java-sdk-bundle-1.12.367.jar,/opt/***/jars/hadoop-aws-3.3.4.jar --name arrow-spark --queue default /opt/***/dags/spark_jobs/location_to_iceberg.py /opt/***/data/locations/nyc_taxi_zones.json
[2025-10-26T08:37:48.047+0000] {spark_submit.py:491} INFO - 25/10/26 08:37:48 WARN NativeCodeLoader: Unable to load native-hadoop library for your platform... using builtin-java classes where applicable
[2025-10-26T08:37:48.605+0000] {spark_submit.py:491} INFO - 25/10/26 08:37:48 INFO SparkContext: Running Spark version 3.5.1
[2025-10-26T08:37:48.607+0000] {spark_submit.py:491} INFO - 25/10/26 08:37:48 INFO SparkContext: OS info Linux, 6.10.14-linuxkit, aarch64
[2025-10-26T08:37:48.607+0000] {spark_submit.py:491} INFO - 25/10/26 08:37:48 INFO SparkContext: Java version 11.0.28
[2025-10-26T08:37:48.617+0000] {spark_submit.py:491} INFO - 25/10/26 08:37:48 INFO ResourceUtils: ==============================================================
[2025-10-26T08:37:48.617+0000] {spark_submit.py:491} INFO - 25/10/26 08:37:48 INFO ResourceUtils: No custom resources configured for spark.driver.
[2025-10-26T08:37:48.617+0000] {spark_submit.py:491} INFO - 25/10/26 08:37:48 INFO ResourceUtils: ==============================================================
[2025-10-26T08:37:48.617+0000] {spark_submit.py:491} INFO - 25/10/26 08:37:48 INFO SparkContext: Submitted application: Location to Iceberg ETL
[2025-10-26T08:37:48.625+0000] {spark_submit.py:491} INFO - 25/10/26 08:37:48 INFO ResourceProfile: Default ResourceProfile created, executor resources: Map(cores -> name: cores, amount: 1, script: , vendor: , memory -> name: memory, amount: 1024, script: , vendor: , offHeap -> name: offHeap, amount: 0, script: , vendor: ), task resources: Map(cpus -> name: cpus, amount: 1.0)
[2025-10-26T08:37:48.630+0000] {spark_submit.py:491} INFO - 25/10/26 08:37:48 INFO ResourceProfile: Limiting resource is cpu
[2025-10-26T08:37:48.630+0000] {spark_submit.py:491} INFO - 25/10/26 08:37:48 INFO ResourceProfileManager: Added ResourceProfile id: 0
[2025-10-26T08:37:48.667+0000] {spark_submit.py:491} INFO - 25/10/26 08:37:48 INFO SecurityManager: Changing view acls to: ***
[2025-10-26T08:37:48.668+0000] {spark_submit.py:491} INFO - 25/10/26 08:37:48 INFO SecurityManager: Changing modify acls to: ***
[2025-10-26T08:37:48.669+0000] {spark_submit.py:491} INFO - 25/10/26 08:37:48 INFO SecurityManager: Changing view acls groups to:
[2025-10-26T08:37:48.669+0000] {spark_submit.py:491} INFO - 25/10/26 08:37:48 INFO SecurityManager: Changing modify acls groups to:
[2025-10-26T08:37:48.669+0000] {spark_submit.py:491} INFO - 25/10/26 08:37:48 INFO SecurityManager: SecurityManager: authentication disabled; ui acls disabled; users with view permissions: ***; groups with view permissions: EMPTY; users with modify permissions: ***; groups with modify permissions: EMPTY
[2025-10-26T08:37:48.773+0000] {spark_submit.py:491} INFO - 25/10/26 08:37:48 INFO Utils: Successfully started service 'sparkDriver' on port 41661.
[2025-10-26T08:37:48.792+0000] {spark_submit.py:491} INFO - 25/10/26 08:37:48 INFO SparkEnv: Registering MapOutputTracker
[2025-10-26T08:37:48.806+0000] {spark_submit.py:491} INFO - 25/10/26 08:37:48 INFO SparkEnv: Registering BlockManagerMaster
[2025-10-26T08:37:48.816+0000] {spark_submit.py:491} INFO - 25/10/26 08:37:48 INFO BlockManagerMasterEndpoint: Using org.apache.spark.storage.DefaultTopologyMapper for getting topology information
[2025-10-26T08:37:48.817+0000] {spark_submit.py:491} INFO - 25/10/26 08:37:48 INFO BlockManagerMasterEndpoint: BlockManagerMasterEndpoint up
[2025-10-26T08:37:48.818+0000] {spark_submit.py:491} INFO - 25/10/26 08:37:48 INFO SparkEnv: Registering BlockManagerMasterHeartbeat
[2025-10-26T08:37:48.829+0000] {spark_submit.py:491} INFO - 25/10/26 08:37:48 INFO DiskBlockManager: Created local directory at /tmp/blockmgr-ebf91dc8-be29-4496-987b-8b10550bf76c
[2025-10-26T08:37:48.835+0000] {spark_submit.py:491} INFO - 25/10/26 08:37:48 INFO MemoryStore: MemoryStore started with capacity 434.4 MiB
[2025-10-26T08:37:48.842+0000] {spark_submit.py:491} INFO - 25/10/26 08:37:48 INFO SparkEnv: Registering OutputCommitCoordinator
[2025-10-26T08:37:48.893+0000] {spark_submit.py:491} INFO - 25/10/26 08:37:48 INFO JettyUtils: Start Jetty 0.0.0.0:4040 for SparkUI
[2025-10-26T08:37:48.918+0000] {spark_submit.py:491} INFO - 25/10/26 08:37:48 INFO Utils: Successfully started service 'SparkUI' on port 4040.
[2025-10-26T08:37:48.935+0000] {spark_submit.py:491} INFO - 25/10/26 08:37:48 INFO SparkContext: Added JAR file:///opt/***/jars/iceberg-spark-runtime-3.5_2.12-1.4.2.jar at spark://b40be2a595bb:41661/jars/iceberg-spark-runtime-3.5_2.12-1.4.2.jar with timestamp 1761467868600
[2025-10-26T08:37:48.938+0000] {spark_submit.py:491} INFO - 25/10/26 08:37:48 INFO SparkContext: Added JAR file:///opt/***/jars/aws-java-sdk-bundle-1.12.367.jar at spark://b40be2a595bb:41661/jars/aws-java-sdk-bundle-1.12.367.jar with timestamp 1761467868600
[2025-10-26T08:37:48.938+0000] {spark_submit.py:491} INFO - 25/10/26 08:37:48 INFO SparkContext: Added JAR file:///opt/***/jars/hadoop-aws-3.3.4.jar at spark://b40be2a595bb:41661/jars/hadoop-aws-3.3.4.jar with timestamp 1761467868600
[2025-10-26T08:37:48.966+0000] {spark_submit.py:491} INFO - 25/10/26 08:37:48 INFO Executor: Starting executor ID driver on host b40be2a595bb
[2025-10-26T08:37:48.966+0000] {spark_submit.py:491} INFO - 25/10/26 08:37:48 INFO Executor: OS info Linux, 6.10.14-linuxkit, aarch64
[2025-10-26T08:37:48.966+0000] {spark_submit.py:491} INFO - 25/10/26 08:37:48 INFO Executor: Java version 11.0.28
[2025-10-26T08:37:48.968+0000] {spark_submit.py:491} INFO - 25/10/26 08:37:48 INFO Executor: Starting executor with user classpath (userClassPathFirst = false): ''
[2025-10-26T08:37:48.968+0000] {spark_submit.py:491} INFO - 25/10/26 08:37:48 INFO Executor: Created or updated repl class loader org.apache.spark.util.MutableURLClassLoader@1b6db901 for default.
[2025-10-26T08:37:48.973+0000] {spark_submit.py:491} INFO - 25/10/26 08:37:48 INFO Executor: Fetching spark://b40be2a595bb:41661/jars/aws-java-sdk-bundle-1.12.367.jar with timestamp 1761467868600
[2025-10-26T08:37:49.000+0000] {spark_submit.py:491} INFO - 25/10/26 08:37:49 INFO TransportClientFactory: Successfully created connection to b40be2a595bb/172.18.0.5:41661 after 14 ms (0 ms spent in bootstraps)
[2025-10-26T08:37:49.004+0000] {spark_submit.py:491} INFO - 25/10/26 08:37:49 INFO Utils: Fetching spark://b40be2a595bb:41661/jars/aws-java-sdk-bundle-1.12.367.jar to /tmp/spark-9d0249ef-1d29-4f95-8751-7835768c8c2c/userFiles-499e0247-1135-4112-801c-9e2048562a5e/fetchFileTemp17359710229488274418.tmp
[2025-10-26T08:37:49.584+0000] {spark_submit.py:491} INFO - 25/10/26 08:37:49 INFO Executor: Adding file:/tmp/spark-9d0249ef-1d29-4f95-8751-7835768c8c2c/userFiles-499e0247-1135-4112-801c-9e2048562a5e/aws-java-sdk-bundle-1.12.367.jar to class loader default
[2025-10-26T08:37:49.585+0000] {spark_submit.py:491} INFO - 25/10/26 08:37:49 INFO Executor: Fetching spark://b40be2a595bb:41661/jars/hadoop-aws-3.3.4.jar with timestamp 1761467868600
[2025-10-26T08:37:49.585+0000] {spark_submit.py:491} INFO - 25/10/26 08:37:49 INFO Utils: Fetching spark://b40be2a595bb:41661/jars/hadoop-aws-3.3.4.jar to /tmp/spark-9d0249ef-1d29-4f95-8751-7835768c8c2c/userFiles-499e0247-1135-4112-801c-9e2048562a5e/fetchFileTemp7994472036570271587.tmp
[2025-10-26T08:37:49.591+0000] {spark_submit.py:491} INFO - 25/10/26 08:37:49 INFO Executor: Adding file:/tmp/spark-9d0249ef-1d29-4f95-8751-7835768c8c2c/userFiles-499e0247-1135-4112-801c-9e2048562a5e/hadoop-aws-3.3.4.jar to class loader default
[2025-10-26T08:37:49.591+0000] {spark_submit.py:491} INFO - 25/10/26 08:37:49 INFO Executor: Fetching spark://b40be2a595bb:41661/jars/iceberg-spark-runtime-3.5_2.12-1.4.2.jar with timestamp 1761467868600
[2025-10-26T08:37:49.591+0000] {spark_submit.py:491} INFO - 25/10/26 08:37:49 INFO Utils: Fetching spark://b40be2a595bb:41661/jars/iceberg-spark-runtime-3.5_2.12-1.4.2.jar to /tmp/spark-9d0249ef-1d29-4f95-8751-7835768c8c2c/userFiles-499e0247-1135-4112-801c-9e2048562a5e/fetchFileTemp6875017239022001507.tmp
[2025-10-26T08:37:49.636+0000] {spark_submit.py:491} INFO - 25/10/26 08:37:49 INFO Executor: Adding file:/tmp/spark-9d0249ef-1d29-4f95-8751-7835768c8c2c/userFiles-499e0247-1135-4112-801c-9e2048562a5e/iceberg-spark-runtime-3.5_2.12-1.4.2.jar to class loader default
[2025-10-26T08:37:49.643+0000] {spark_submit.py:491} INFO - 25/10/26 08:37:49 INFO Utils: Successfully started service 'org.apache.spark.network.netty.NettyBlockTransferService' on port 38827.
[2025-10-26T08:37:49.644+0000] {spark_submit.py:491} INFO - 25/10/26 08:37:49 INFO NettyBlockTransferService: Server created on b40be2a595bb:38827
[2025-10-26T08:37:49.646+0000] {spark_submit.py:491} INFO - 25/10/26 08:37:49 INFO BlockManager: Using org.apache.spark.storage.RandomBlockReplicationPolicy for block replication policy
[2025-10-26T08:37:49.648+0000] {spark_submit.py:491} INFO - 25/10/26 08:37:49 INFO BlockManagerMaster: Registering BlockManager BlockManagerId(driver, b40be2a595bb, 38827, None)
[2025-10-26T08:37:49.649+0000] {spark_submit.py:491} INFO - 25/10/26 08:37:49 INFO BlockManagerMasterEndpoint: Registering block manager b40be2a595bb:38827 with 434.4 MiB RAM, BlockManagerId(driver, b40be2a595bb, 38827, None)
[2025-10-26T08:37:49.651+0000] {spark_submit.py:491} INFO - 25/10/26 08:37:49 INFO BlockManagerMaster: Registered BlockManager BlockManagerId(driver, b40be2a595bb, 38827, None)
[2025-10-26T08:37:49.654+0000] {spark_submit.py:491} INFO - 25/10/26 08:37:49 INFO BlockManager: Initialized BlockManager: BlockManagerId(driver, b40be2a595bb, 38827, None)
[2025-10-26T08:37:50.983+0000] {spark_submit.py:491} INFO - 25/10/26 08:37:50 WARN MetricsConfig: Cannot locate configuration: tried hadoop-metrics2-s3a-file-system.properties,hadoop-metrics2.properties
[2025-10-26T08:37:51.788+0000] {spark_submit.py:491} INFO - Created/verified taxi zones table
[2025-10-26T08:37:51.789+0000] {spark_submit.py:491} INFO - Reading location data from: /opt/***/data/locations/nyc_taxi_zones.json
[2025-10-26T08:37:52.936+0000] {spark_submit.py:491} INFO - Raw location data count: 16
[2025-10-26T08:37:52.940+0000] {spark_submit.py:491} INFO - root
[2025-10-26T08:37:52.941+0000] {spark_submit.py:491} INFO - |-- borough: string (nullable = true)
[2025-10-26T08:37:52.941+0000] {spark_submit.py:491} INFO - |-- created_at: string (nullable = true)
[2025-10-26T08:37:52.941+0000] {spark_submit.py:491} INFO - |-- is_business_district: boolean (nullable = true)
[2025-10-26T08:37:52.941+0000] {spark_submit.py:491} INFO - |-- is_tourist_area: boolean (nullable = true)
[2025-10-26T08:37:52.943+0000] {spark_submit.py:491} INFO - |-- lat: double (nullable = true)
[2025-10-26T08:37:52.943+0000] {spark_submit.py:491} INFO - |-- location_id: long (nullable = true)
[2025-10-26T08:37:52.943+0000] {spark_submit.py:491} INFO - |-- lon: double (nullable = true)
[2025-10-26T08:37:52.943+0000] {spark_submit.py:491} INFO - |-- zone: string (nullable = true)
[2025-10-26T08:37:52.943+0000] {spark_submit.py:491} INFO - |-- zone_type: string (nullable = true)
[2025-10-26T08:37:52.943+0000] {spark_submit.py:491} INFO - 
[2025-10-26T08:37:53.110+0000] {spark_submit.py:491} INFO - Processed location data count: 16
[2025-10-26T08:37:54.320+0000] {spark_submit.py:491} INFO - Successfully wrote location data to Iceberg table
[2025-10-26T08:37:55.438+0000] {spark_submit.py:491} INFO - +---------+----------+-------------+--------------+
[2025-10-26T08:37:55.439+0000] {spark_submit.py:491} INFO - |  borough|zone_count|tourist_zones|business_zones|
[2025-10-26T08:37:55.439+0000] {spark_submit.py:491} INFO - +---------+----------+-------------+--------------+
[2025-10-26T08:37:55.440+0000] {spark_submit.py:491} INFO - |Manhattan|        13|            4|             3|
[2025-10-26T08:37:55.441+0000] {spark_submit.py:491} INFO - |   Queens|         2|            0|             0|
[2025-10-26T08:37:55.441+0000] {spark_submit.py:491} INFO - | Brooklyn|         1|            0|             0|
[2025-10-26T08:37:55.441+0000] {spark_submit.py:491} INFO - +---------+----------+-------------+--------------+
[2025-10-26T08:37:55.441+0000] {spark_submit.py:491} INFO - 
[2025-10-26T08:37:55.441+0000] {spark_submit.py:491} INFO - Location ETL job completed successfully!
[2025-10-26T08:37:56.289+0000] {taskinstance.py:1398} INFO - Marking task as SUCCESS. dag_id=nyc_weather_etl, task_id=spark_process_location_to_iceberg, execution_date=20251026T073744, start_date=20251026T083747, end_date=20251026T083756
[2025-10-26T08:37:56.319+0000] {local_task_job_runner.py:228} INFO - Task exited with return code 0
[2025-10-26T08:37:56.330+0000] {taskinstance.py:2776} INFO - 0 downstream tasks scheduled from follow-on schedule check
