[2025-10-26T07:37:47.416+0000] {taskinstance.py:1157} INFO - Dependencies all met for dep_context=non-requeueable deps ti=<TaskInstance: nyc_weather_etl.spark_process_weather_to_iceberg scheduled__2025-10-26T06:37:44.609647+00:00 [queued]>
[2025-10-26T07:37:47.421+0000] {taskinstance.py:1157} INFO - Dependencies all met for dep_context=requeueable deps ti=<TaskInstance: nyc_weather_etl.spark_process_weather_to_iceberg scheduled__2025-10-26T06:37:44.609647+00:00 [queued]>
[2025-10-26T07:37:47.421+0000] {taskinstance.py:1359} INFO - Starting attempt 1 of 1
[2025-10-26T07:37:47.426+0000] {taskinstance.py:1380} INFO - Executing <Task(SparkSubmitOperator): spark_process_weather_to_iceberg> on 2025-10-26 06:37:44.609647+00:00
[2025-10-26T07:37:47.429+0000] {standard_task_runner.py:57} INFO - Started process 273 to run task
[2025-10-26T07:37:47.430+0000] {standard_task_runner.py:84} INFO - Running: ['***', 'tasks', 'run', 'nyc_weather_etl', 'spark_process_weather_to_iceberg', 'scheduled__2025-10-26T06:37:44.609647+00:00', '--job-id', '661', '--raw', '--subdir', 'DAGS_FOLDER/nyc_weather_etl.py', '--cfg-path', '/tmp/tmprkwuzkfa']
[2025-10-26T07:37:47.432+0000] {standard_task_runner.py:85} INFO - Job 661: Subtask spark_process_weather_to_iceberg
[2025-10-26T07:37:47.452+0000] {task_command.py:415} INFO - Running <TaskInstance: nyc_weather_etl.spark_process_weather_to_iceberg scheduled__2025-10-26T06:37:44.609647+00:00 [running]> on host b40be2a595bb
[2025-10-26T07:37:47.598+0000] {taskinstance.py:1660} INFO - Exporting env vars: AIRFLOW_CTX_DAG_OWNER='data-engineering' AIRFLOW_CTX_DAG_ID='nyc_weather_etl' AIRFLOW_CTX_TASK_ID='spark_process_weather_to_iceberg' AIRFLOW_CTX_EXECUTION_DATE='2025-10-26T06:37:44.609647+00:00' AIRFLOW_CTX_TRY_NUMBER='1' AIRFLOW_CTX_DAG_RUN_ID='scheduled__2025-10-26T06:37:44.609647+00:00'
[2025-10-26T07:37:47.603+0000] {base.py:73} INFO - Using connection ID 'spark_default' for task execution.
[2025-10-26T07:37:47.604+0000] {spark_submit.py:340} INFO - Spark-Submit cmd: /opt/bitnami/spark/bin/spark-submit --master spark://spark-master:7077 --conf spark.master=spark://spark-master:7077 --conf spark.sql.catalog.spark_catalog=org.apache.iceberg.spark.SparkSessionCatalog --conf spark.sql.catalog.spark_catalog.type=hive --conf spark.sql.catalog.iceberg=org.apache.iceberg.spark.SparkCatalog --conf spark.sql.catalog.iceberg.type=hadoop --conf spark.sql.catalog.iceberg.warehouse=s3a://lakehouse/warehouse --conf spark.sql.extensions=org.apache.iceberg.spark.extensions.IcebergSparkSessionExtensions --conf spark.hadoop.fs.s3a.endpoint=http://minio:9000 --conf spark.hadoop.fs.s3a.access.key=admin --conf spark.hadoop.fs.s3a.secret.key=****** --conf spark.hadoop.fs.s3a.path.style.access=true --conf spark.hadoop.fs.s3a.impl=org.apache.hadoop.fs.s3a.S3AFileSystem --jars /opt/***/jars/iceberg-spark-runtime-3.5_2.12-1.4.2.jar,/opt/***/jars/aws-java-sdk-bundle-1.12.367.jar,/opt/***/jars/hadoop-aws-3.3.4.jar --name arrow-spark --queue default /opt/***/dags/spark_jobs/weather_to_iceberg.py /opt/***/data/weather/weather_data_20251008_06.json
[2025-10-26T07:37:48.743+0000] {spark_submit.py:491} INFO - 25/10/26 07:37:48 WARN NativeCodeLoader: Unable to load native-hadoop library for your platform... using builtin-java classes where applicable
[2025-10-26T07:37:49.444+0000] {spark_submit.py:491} INFO - 25/10/26 07:37:49 INFO SparkContext: Running Spark version 3.5.1
[2025-10-26T07:37:49.448+0000] {spark_submit.py:491} INFO - 25/10/26 07:37:49 INFO SparkContext: OS info Linux, 6.10.14-linuxkit, aarch64
[2025-10-26T07:37:49.448+0000] {spark_submit.py:491} INFO - 25/10/26 07:37:49 INFO SparkContext: Java version 11.0.28
[2025-10-26T07:37:49.459+0000] {spark_submit.py:491} INFO - 25/10/26 07:37:49 INFO ResourceUtils: ==============================================================
[2025-10-26T07:37:49.459+0000] {spark_submit.py:491} INFO - 25/10/26 07:37:49 INFO ResourceUtils: No custom resources configured for spark.driver.
[2025-10-26T07:37:49.459+0000] {spark_submit.py:491} INFO - 25/10/26 07:37:49 INFO ResourceUtils: ==============================================================
[2025-10-26T07:37:49.459+0000] {spark_submit.py:491} INFO - 25/10/26 07:37:49 INFO SparkContext: Submitted application: Weather to Iceberg ETL
[2025-10-26T07:37:49.468+0000] {spark_submit.py:491} INFO - 25/10/26 07:37:49 INFO ResourceProfile: Default ResourceProfile created, executor resources: Map(cores -> name: cores, amount: 1, script: , vendor: , memory -> name: memory, amount: 1024, script: , vendor: , offHeap -> name: offHeap, amount: 0, script: , vendor: ), task resources: Map(cpus -> name: cpus, amount: 1.0)
[2025-10-26T07:37:49.473+0000] {spark_submit.py:491} INFO - 25/10/26 07:37:49 INFO ResourceProfile: Limiting resource is cpu
[2025-10-26T07:37:49.473+0000] {spark_submit.py:491} INFO - 25/10/26 07:37:49 INFO ResourceProfileManager: Added ResourceProfile id: 0
[2025-10-26T07:37:49.499+0000] {spark_submit.py:491} INFO - 25/10/26 07:37:49 INFO SecurityManager: Changing view acls to: ***
[2025-10-26T07:37:49.500+0000] {spark_submit.py:491} INFO - 25/10/26 07:37:49 INFO SecurityManager: Changing modify acls to: ***
[2025-10-26T07:37:49.500+0000] {spark_submit.py:491} INFO - 25/10/26 07:37:49 INFO SecurityManager: Changing view acls groups to:
[2025-10-26T07:37:49.500+0000] {spark_submit.py:491} INFO - 25/10/26 07:37:49 INFO SecurityManager: Changing modify acls groups to:
[2025-10-26T07:37:49.501+0000] {spark_submit.py:491} INFO - 25/10/26 07:37:49 INFO SecurityManager: SecurityManager: authentication disabled; ui acls disabled; users with view permissions: ***; groups with view permissions: EMPTY; users with modify permissions: ***; groups with modify permissions: EMPTY
[2025-10-26T07:37:49.596+0000] {spark_submit.py:491} INFO - 25/10/26 07:37:49 INFO Utils: Successfully started service 'sparkDriver' on port 40089.
[2025-10-26T07:37:49.609+0000] {spark_submit.py:491} INFO - 25/10/26 07:37:49 INFO SparkEnv: Registering MapOutputTracker
[2025-10-26T07:37:49.625+0000] {spark_submit.py:491} INFO - 25/10/26 07:37:49 INFO SparkEnv: Registering BlockManagerMaster
[2025-10-26T07:37:49.635+0000] {spark_submit.py:491} INFO - 25/10/26 07:37:49 INFO BlockManagerMasterEndpoint: Using org.apache.spark.storage.DefaultTopologyMapper for getting topology information
[2025-10-26T07:37:49.635+0000] {spark_submit.py:491} INFO - 25/10/26 07:37:49 INFO BlockManagerMasterEndpoint: BlockManagerMasterEndpoint up
[2025-10-26T07:37:49.637+0000] {spark_submit.py:491} INFO - 25/10/26 07:37:49 INFO SparkEnv: Registering BlockManagerMasterHeartbeat
[2025-10-26T07:37:49.647+0000] {spark_submit.py:491} INFO - 25/10/26 07:37:49 INFO DiskBlockManager: Created local directory at /tmp/blockmgr-e3d5fe68-0a19-4d06-977f-f7d75a082132
[2025-10-26T07:37:49.652+0000] {spark_submit.py:491} INFO - 25/10/26 07:37:49 INFO MemoryStore: MemoryStore started with capacity 434.4 MiB
[2025-10-26T07:37:49.659+0000] {spark_submit.py:491} INFO - 25/10/26 07:37:49 INFO SparkEnv: Registering OutputCommitCoordinator
[2025-10-26T07:37:49.713+0000] {spark_submit.py:491} INFO - 25/10/26 07:37:49 INFO JettyUtils: Start Jetty 0.0.0.0:4040 for SparkUI
[2025-10-26T07:37:49.738+0000] {spark_submit.py:491} INFO - 25/10/26 07:37:49 WARN Utils: Service 'SparkUI' could not bind on port 4040. Attempting port 4041.
[2025-10-26T07:37:49.743+0000] {spark_submit.py:491} INFO - 25/10/26 07:37:49 INFO Utils: Successfully started service 'SparkUI' on port 4041.
[2025-10-26T07:37:49.759+0000] {spark_submit.py:491} INFO - 25/10/26 07:37:49 INFO SparkContext: Added JAR file:///opt/***/jars/iceberg-spark-runtime-3.5_2.12-1.4.2.jar at spark://b40be2a595bb:40089/jars/iceberg-spark-runtime-3.5_2.12-1.4.2.jar with timestamp 1761464269439
[2025-10-26T07:37:49.759+0000] {spark_submit.py:491} INFO - 25/10/26 07:37:49 INFO SparkContext: Added JAR file:///opt/***/jars/aws-java-sdk-bundle-1.12.367.jar at spark://b40be2a595bb:40089/jars/aws-java-sdk-bundle-1.12.367.jar with timestamp 1761464269439
[2025-10-26T07:37:49.759+0000] {spark_submit.py:491} INFO - 25/10/26 07:37:49 INFO SparkContext: Added JAR file:///opt/***/jars/hadoop-aws-3.3.4.jar at spark://b40be2a595bb:40089/jars/hadoop-aws-3.3.4.jar with timestamp 1761464269439
[2025-10-26T07:37:49.804+0000] {spark_submit.py:491} INFO - 25/10/26 07:37:49 INFO Executor: Starting executor ID driver on host b40be2a595bb
[2025-10-26T07:37:49.804+0000] {spark_submit.py:491} INFO - 25/10/26 07:37:49 INFO Executor: OS info Linux, 6.10.14-linuxkit, aarch64
[2025-10-26T07:37:49.804+0000] {spark_submit.py:491} INFO - 25/10/26 07:37:49 INFO Executor: Java version 11.0.28
[2025-10-26T07:37:49.808+0000] {spark_submit.py:491} INFO - 25/10/26 07:37:49 INFO Executor: Starting executor with user classpath (userClassPathFirst = false): ''
[2025-10-26T07:37:49.808+0000] {spark_submit.py:491} INFO - 25/10/26 07:37:49 INFO Executor: Created or updated repl class loader org.apache.spark.util.MutableURLClassLoader@3ed7dad1 for default.
[2025-10-26T07:37:49.814+0000] {spark_submit.py:491} INFO - 25/10/26 07:37:49 INFO Executor: Fetching spark://b40be2a595bb:40089/jars/iceberg-spark-runtime-3.5_2.12-1.4.2.jar with timestamp 1761464269439
[2025-10-26T07:37:49.844+0000] {spark_submit.py:491} INFO - 25/10/26 07:37:49 INFO TransportClientFactory: Successfully created connection to b40be2a595bb/172.18.0.5:40089 after 13 ms (0 ms spent in bootstraps)
[2025-10-26T07:37:49.850+0000] {spark_submit.py:491} INFO - 25/10/26 07:37:49 INFO Utils: Fetching spark://b40be2a595bb:40089/jars/iceberg-spark-runtime-3.5_2.12-1.4.2.jar to /tmp/spark-3fb9e538-5044-438b-968f-a9853f3d01a7/userFiles-48878792-1768-4e1d-8e73-51aba49f2165/fetchFileTemp4575860344015817860.tmp
[2025-10-26T07:37:49.976+0000] {spark_submit.py:491} INFO - 25/10/26 07:37:49 INFO Executor: Adding file:/tmp/spark-3fb9e538-5044-438b-968f-a9853f3d01a7/userFiles-48878792-1768-4e1d-8e73-51aba49f2165/iceberg-spark-runtime-3.5_2.12-1.4.2.jar to class loader default
[2025-10-26T07:37:49.977+0000] {spark_submit.py:491} INFO - 25/10/26 07:37:49 INFO Executor: Fetching spark://b40be2a595bb:40089/jars/aws-java-sdk-bundle-1.12.367.jar with timestamp 1761464269439
[2025-10-26T07:37:49.977+0000] {spark_submit.py:491} INFO - 25/10/26 07:37:49 INFO Utils: Fetching spark://b40be2a595bb:40089/jars/aws-java-sdk-bundle-1.12.367.jar to /tmp/spark-3fb9e538-5044-438b-968f-a9853f3d01a7/userFiles-48878792-1768-4e1d-8e73-51aba49f2165/fetchFileTemp1604215846327734474.tmp
[2025-10-26T07:37:50.428+0000] {spark_submit.py:491} INFO - 25/10/26 07:37:50 INFO Executor: Adding file:/tmp/spark-3fb9e538-5044-438b-968f-a9853f3d01a7/userFiles-48878792-1768-4e1d-8e73-51aba49f2165/aws-java-sdk-bundle-1.12.367.jar to class loader default
[2025-10-26T07:37:50.429+0000] {spark_submit.py:491} INFO - 25/10/26 07:37:50 INFO Executor: Fetching spark://b40be2a595bb:40089/jars/hadoop-aws-3.3.4.jar with timestamp 1761464269439
[2025-10-26T07:37:50.430+0000] {spark_submit.py:491} INFO - 25/10/26 07:37:50 INFO Utils: Fetching spark://b40be2a595bb:40089/jars/hadoop-aws-3.3.4.jar to /tmp/spark-3fb9e538-5044-438b-968f-a9853f3d01a7/userFiles-48878792-1768-4e1d-8e73-51aba49f2165/fetchFileTemp3776479302788302428.tmp
[2025-10-26T07:37:50.434+0000] {spark_submit.py:491} INFO - 25/10/26 07:37:50 INFO Executor: Adding file:/tmp/spark-3fb9e538-5044-438b-968f-a9853f3d01a7/userFiles-48878792-1768-4e1d-8e73-51aba49f2165/hadoop-aws-3.3.4.jar to class loader default
[2025-10-26T07:37:50.445+0000] {spark_submit.py:491} INFO - 25/10/26 07:37:50 INFO Utils: Successfully started service 'org.apache.spark.network.netty.NettyBlockTransferService' on port 41937.
[2025-10-26T07:37:50.446+0000] {spark_submit.py:491} INFO - 25/10/26 07:37:50 INFO NettyBlockTransferService: Server created on b40be2a595bb:41937
[2025-10-26T07:37:50.449+0000] {spark_submit.py:491} INFO - 25/10/26 07:37:50 INFO BlockManager: Using org.apache.spark.storage.RandomBlockReplicationPolicy for block replication policy
[2025-10-26T07:37:50.456+0000] {spark_submit.py:491} INFO - 25/10/26 07:37:50 INFO BlockManagerMaster: Registering BlockManager BlockManagerId(driver, b40be2a595bb, 41937, None)
[2025-10-26T07:37:50.458+0000] {spark_submit.py:491} INFO - 25/10/26 07:37:50 INFO BlockManagerMasterEndpoint: Registering block manager b40be2a595bb:41937 with 434.4 MiB RAM, BlockManagerId(driver, b40be2a595bb, 41937, None)
[2025-10-26T07:37:50.459+0000] {spark_submit.py:491} INFO - 25/10/26 07:37:50 INFO BlockManagerMaster: Registered BlockManager BlockManagerId(driver, b40be2a595bb, 41937, None)
[2025-10-26T07:37:50.462+0000] {spark_submit.py:491} INFO - 25/10/26 07:37:50 INFO BlockManager: Initialized BlockManager: BlockManagerId(driver, b40be2a595bb, 41937, None)
[2025-10-26T07:37:52.059+0000] {spark_submit.py:491} INFO - 25/10/26 07:37:52 WARN MetricsConfig: Cannot locate configuration: tried hadoop-metrics2-s3a-file-system.properties,hadoop-metrics2.properties
[2025-10-26T07:37:52.760+0000] {spark_submit.py:491} INFO - Created/verified weather table
[2025-10-26T07:37:52.760+0000] {spark_submit.py:491} INFO - Reading weather data from: /opt/***/data/weather/weather_data_20251008_06.json
[2025-10-26T07:37:54.105+0000] {spark_submit.py:491} INFO - Raw weather data count: 24
[2025-10-26T07:37:54.106+0000] {spark_submit.py:491} INFO - root
[2025-10-26T07:37:54.107+0000] {spark_submit.py:491} INFO - |-- timestamp: string (nullable = true)
[2025-10-26T07:37:54.107+0000] {spark_submit.py:491} INFO - |-- location: string (nullable = true)
[2025-10-26T07:37:54.107+0000] {spark_submit.py:491} INFO - |-- latitude: double (nullable = true)
[2025-10-26T07:37:54.107+0000] {spark_submit.py:491} INFO - |-- longitude: double (nullable = true)
[2025-10-26T07:37:54.107+0000] {spark_submit.py:491} INFO - |-- temperature_celsius: double (nullable = true)
[2025-10-26T07:37:54.107+0000] {spark_submit.py:491} INFO - |-- temperature_fahrenheit: double (nullable = true)
[2025-10-26T07:37:54.107+0000] {spark_submit.py:491} INFO - |-- humidity_percent: double (nullable = true)
[2025-10-26T07:37:54.107+0000] {spark_submit.py:491} INFO - |-- pressure_hpa: double (nullable = true)
[2025-10-26T07:37:54.107+0000] {spark_submit.py:491} INFO - |-- wind_speed_kmh: double (nullable = true)
[2025-10-26T07:37:54.107+0000] {spark_submit.py:491} INFO - |-- weather_condition: string (nullable = true)
[2025-10-26T07:37:54.108+0000] {spark_submit.py:491} INFO - |-- visibility_km: double (nullable = true)
[2025-10-26T07:37:54.108+0000] {spark_submit.py:491} INFO - |-- uv_index: double (nullable = true)
[2025-10-26T07:37:54.108+0000] {spark_submit.py:491} INFO - |-- hour: integer (nullable = true)
[2025-10-26T07:37:54.108+0000] {spark_submit.py:491} INFO - |-- day_of_week: integer (nullable = true)
[2025-10-26T07:37:54.109+0000] {spark_submit.py:491} INFO - |-- is_weekend: boolean (nullable = true)
[2025-10-26T07:37:54.109+0000] {spark_submit.py:491} INFO - 
[2025-10-26T07:37:54.459+0000] {spark_submit.py:491} INFO - Processed weather data count: 24
[2025-10-26T07:37:55.606+0000] {spark_submit.py:491} INFO - Successfully wrote weather data to Iceberg table
[2025-10-26T07:37:56.833+0000] {spark_submit.py:491} INFO - +------------+------------------+------------------+-----------------+--------------------+
[2025-10-26T07:37:56.834+0000] {spark_submit.py:491} INFO - |weather_date|        avg_temp_c|      avg_humidity|   avg_wind_speed|          conditions|
[2025-10-26T07:37:56.834+0000] {spark_submit.py:491} INFO - +------------+------------------+------------------+-----------------+--------------------+
[2025-10-26T07:37:56.834+0000] {spark_submit.py:491} INFO - |  2025-10-08|14.865714285714287|55.285714285714285|9.157142857142857|[clear, snow, clo...|
[2025-10-26T07:37:56.834+0000] {spark_submit.py:491} INFO - |  2025-10-07|16.545882352941174|61.094117647058816|7.899999999999999|[clear, snow, rai...|
[2025-10-26T07:37:56.834+0000] {spark_submit.py:491} INFO - +------------+------------------+------------------+-----------------+--------------------+
[2025-10-26T07:37:56.834+0000] {spark_submit.py:491} INFO - 
[2025-10-26T07:37:56.834+0000] {spark_submit.py:491} INFO - Weather ETL job completed successfully!
[2025-10-26T07:37:57.809+0000] {taskinstance.py:1398} INFO - Marking task as SUCCESS. dag_id=nyc_weather_etl, task_id=spark_process_weather_to_iceberg, execution_date=20251026T063744, start_date=20251026T073747, end_date=20251026T073757
[2025-10-26T07:37:57.847+0000] {local_task_job_runner.py:228} INFO - Task exited with return code 0
[2025-10-26T07:37:57.855+0000] {taskinstance.py:2776} INFO - 0 downstream tasks scheduled from follow-on schedule check
