[2025-10-29T08:20:12.802+0000] {taskinstance.py:1157} INFO - Dependencies all met for dep_context=non-requeueable deps ti=<TaskInstance: nyc_weather_etl.spark_process_weather_to_iceberg scheduled__2025-10-29T07:20:10.843578+00:00 [queued]>
[2025-10-29T08:20:12.807+0000] {taskinstance.py:1157} INFO - Dependencies all met for dep_context=requeueable deps ti=<TaskInstance: nyc_weather_etl.spark_process_weather_to_iceberg scheduled__2025-10-29T07:20:10.843578+00:00 [queued]>
[2025-10-29T08:20:12.808+0000] {taskinstance.py:1359} INFO - Starting attempt 1 of 1
[2025-10-29T08:20:12.868+0000] {taskinstance.py:1380} INFO - Executing <Task(SparkSubmitOperator): spark_process_weather_to_iceberg> on 2025-10-29 07:20:10.843578+00:00
[2025-10-29T08:20:12.870+0000] {standard_task_runner.py:57} INFO - Started process 16252 to run task
[2025-10-29T08:20:12.872+0000] {standard_task_runner.py:84} INFO - Running: ['***', 'tasks', 'run', 'nyc_weather_etl', 'spark_process_weather_to_iceberg', 'scheduled__2025-10-29T07:20:10.843578+00:00', '--job-id', '39', '--raw', '--subdir', 'DAGS_FOLDER/nyc_weather_etl.py', '--cfg-path', '/tmp/tmphk7ke76n']
[2025-10-29T08:20:12.873+0000] {standard_task_runner.py:85} INFO - Job 39: Subtask spark_process_weather_to_iceberg
[2025-10-29T08:20:12.893+0000] {task_command.py:415} INFO - Running <TaskInstance: nyc_weather_etl.spark_process_weather_to_iceberg scheduled__2025-10-29T07:20:10.843578+00:00 [running]> on host 11a5c523951d
[2025-10-29T08:20:12.931+0000] {taskinstance.py:1660} INFO - Exporting env vars: AIRFLOW_CTX_DAG_OWNER='data-engineering' AIRFLOW_CTX_DAG_ID='nyc_weather_etl' AIRFLOW_CTX_TASK_ID='spark_process_weather_to_iceberg' AIRFLOW_CTX_EXECUTION_DATE='2025-10-29T07:20:10.843578+00:00' AIRFLOW_CTX_TRY_NUMBER='1' AIRFLOW_CTX_DAG_RUN_ID='scheduled__2025-10-29T07:20:10.843578+00:00'
[2025-10-29T08:20:12.932+0000] {base.py:73} INFO - Using connection ID 'spark_default' for task execution.
[2025-10-29T08:20:12.933+0000] {spark_submit.py:340} INFO - Spark-Submit cmd: /opt/bitnami/spark/bin/spark-submit --master spark-master:7077 --conf spark.master=spark://spark-master:7077 --conf spark.sql.catalog.spark_catalog=org.apache.iceberg.spark.SparkSessionCatalog --conf spark.sql.catalog.spark_catalog.type=hive --conf spark.sql.catalog.iceberg=org.apache.iceberg.spark.SparkCatalog --conf spark.sql.catalog.iceberg.type=hadoop --conf spark.sql.catalog.iceberg.warehouse=s3a://lakehouse/warehouse --conf spark.sql.extensions=org.apache.iceberg.spark.extensions.IcebergSparkSessionExtensions --conf spark.hadoop.fs.s3a.endpoint=http://minio:9000 --conf spark.hadoop.fs.s3a.access.key=admin --conf spark.hadoop.fs.s3a.secret.key=****** --conf spark.hadoop.fs.s3a.path.style.access=true --conf spark.hadoop.fs.s3a.impl=org.apache.hadoop.fs.s3a.S3AFileSystem --jars /opt/***/jars/iceberg-spark-runtime-3.5_2.12-1.4.2.jar,/opt/***/jars/aws-java-sdk-bundle-1.12.367.jar,/opt/***/jars/hadoop-aws-3.3.4.jar --name arrow-spark /opt/***/dags/spark_jobs/weather_to_iceberg.py /opt/***/data/weather/weather_data_20251029_08.json
[2025-10-29T08:20:13.712+0000] {spark_submit.py:491} INFO - 25/10/29 08:20:13 WARN NativeCodeLoader: Unable to load native-hadoop library for your platform... using builtin-java classes where applicable
[2025-10-29T08:20:14.357+0000] {spark_submit.py:491} INFO - 25/10/29 08:20:14 INFO SparkContext: Running Spark version 3.5.1
[2025-10-29T08:20:14.357+0000] {spark_submit.py:491} INFO - 25/10/29 08:20:14 INFO SparkContext: OS info Linux, 6.10.14-linuxkit, aarch64
[2025-10-29T08:20:14.357+0000] {spark_submit.py:491} INFO - 25/10/29 08:20:14 INFO SparkContext: Java version 11.0.28
[2025-10-29T08:20:14.373+0000] {spark_submit.py:491} INFO - 25/10/29 08:20:14 INFO ResourceUtils: ==============================================================
[2025-10-29T08:20:14.374+0000] {spark_submit.py:491} INFO - 25/10/29 08:20:14 INFO ResourceUtils: No custom resources configured for spark.driver.
[2025-10-29T08:20:14.374+0000] {spark_submit.py:491} INFO - 25/10/29 08:20:14 INFO ResourceUtils: ==============================================================
[2025-10-29T08:20:14.374+0000] {spark_submit.py:491} INFO - 25/10/29 08:20:14 INFO SparkContext: Submitted application: Weather to Iceberg ETL
[2025-10-29T08:20:14.383+0000] {spark_submit.py:491} INFO - 25/10/29 08:20:14 INFO ResourceProfile: Default ResourceProfile created, executor resources: Map(cores -> name: cores, amount: 1, script: , vendor: , memory -> name: memory, amount: 1024, script: , vendor: , offHeap -> name: offHeap, amount: 0, script: , vendor: ), task resources: Map(cpus -> name: cpus, amount: 1.0)
[2025-10-29T08:20:14.390+0000] {spark_submit.py:491} INFO - 25/10/29 08:20:14 INFO ResourceProfile: Limiting resource is cpu
[2025-10-29T08:20:14.390+0000] {spark_submit.py:491} INFO - 25/10/29 08:20:14 INFO ResourceProfileManager: Added ResourceProfile id: 0
[2025-10-29T08:20:14.425+0000] {spark_submit.py:491} INFO - 25/10/29 08:20:14 INFO SecurityManager: Changing view acls to: ***
[2025-10-29T08:20:14.425+0000] {spark_submit.py:491} INFO - 25/10/29 08:20:14 INFO SecurityManager: Changing modify acls to: ***
[2025-10-29T08:20:14.425+0000] {spark_submit.py:491} INFO - 25/10/29 08:20:14 INFO SecurityManager: Changing view acls groups to:
[2025-10-29T08:20:14.425+0000] {spark_submit.py:491} INFO - 25/10/29 08:20:14 INFO SecurityManager: Changing modify acls groups to:
[2025-10-29T08:20:14.426+0000] {spark_submit.py:491} INFO - 25/10/29 08:20:14 INFO SecurityManager: SecurityManager: authentication disabled; ui acls disabled; users with view permissions: ***; groups with view permissions: EMPTY; users with modify permissions: ***; groups with modify permissions: EMPTY
[2025-10-29T08:20:14.532+0000] {spark_submit.py:491} INFO - 25/10/29 08:20:14 INFO Utils: Successfully started service 'sparkDriver' on port 45979.
[2025-10-29T08:20:14.544+0000] {spark_submit.py:491} INFO - 25/10/29 08:20:14 INFO SparkEnv: Registering MapOutputTracker
[2025-10-29T08:20:14.560+0000] {spark_submit.py:491} INFO - 25/10/29 08:20:14 INFO SparkEnv: Registering BlockManagerMaster
[2025-10-29T08:20:14.571+0000] {spark_submit.py:491} INFO - 25/10/29 08:20:14 INFO BlockManagerMasterEndpoint: Using org.apache.spark.storage.DefaultTopologyMapper for getting topology information
[2025-10-29T08:20:14.571+0000] {spark_submit.py:491} INFO - 25/10/29 08:20:14 INFO BlockManagerMasterEndpoint: BlockManagerMasterEndpoint up
[2025-10-29T08:20:14.572+0000] {spark_submit.py:491} INFO - 25/10/29 08:20:14 INFO SparkEnv: Registering BlockManagerMasterHeartbeat
[2025-10-29T08:20:14.583+0000] {spark_submit.py:491} INFO - 25/10/29 08:20:14 INFO DiskBlockManager: Created local directory at /tmp/blockmgr-4cefb7f7-b72d-4e58-a4a3-abf81911b305
[2025-10-29T08:20:14.591+0000] {spark_submit.py:491} INFO - 25/10/29 08:20:14 INFO MemoryStore: MemoryStore started with capacity 434.4 MiB
[2025-10-29T08:20:14.598+0000] {spark_submit.py:491} INFO - 25/10/29 08:20:14 INFO SparkEnv: Registering OutputCommitCoordinator
[2025-10-29T08:20:14.653+0000] {spark_submit.py:491} INFO - 25/10/29 08:20:14 INFO JettyUtils: Start Jetty 0.0.0.0:4040 for SparkUI
[2025-10-29T08:20:14.676+0000] {spark_submit.py:491} INFO - 25/10/29 08:20:14 WARN Utils: Service 'SparkUI' could not bind on port 4040. Attempting port 4041.
[2025-10-29T08:20:14.680+0000] {spark_submit.py:491} INFO - 25/10/29 08:20:14 INFO Utils: Successfully started service 'SparkUI' on port 4041.
[2025-10-29T08:20:14.696+0000] {spark_submit.py:491} INFO - 25/10/29 08:20:14 INFO SparkContext: Added JAR file:///opt/***/jars/iceberg-spark-runtime-3.5_2.12-1.4.2.jar at spark://11a5c523951d:45979/jars/iceberg-spark-runtime-3.5_2.12-1.4.2.jar with timestamp 1761726014351
[2025-10-29T08:20:14.696+0000] {spark_submit.py:491} INFO - 25/10/29 08:20:14 INFO SparkContext: Added JAR file:///opt/***/jars/aws-java-sdk-bundle-1.12.367.jar at spark://11a5c523951d:45979/jars/aws-java-sdk-bundle-1.12.367.jar with timestamp 1761726014351
[2025-10-29T08:20:14.696+0000] {spark_submit.py:491} INFO - 25/10/29 08:20:14 INFO SparkContext: Added JAR file:///opt/***/jars/hadoop-aws-3.3.4.jar at spark://11a5c523951d:45979/jars/hadoop-aws-3.3.4.jar with timestamp 1761726014351
[2025-10-29T08:20:14.730+0000] {spark_submit.py:491} INFO - 25/10/29 08:20:14 INFO Executor: Starting executor ID driver on host 11a5c523951d
[2025-10-29T08:20:14.730+0000] {spark_submit.py:491} INFO - 25/10/29 08:20:14 INFO Executor: OS info Linux, 6.10.14-linuxkit, aarch64
[2025-10-29T08:20:14.731+0000] {spark_submit.py:491} INFO - 25/10/29 08:20:14 INFO Executor: Java version 11.0.28
[2025-10-29T08:20:14.733+0000] {spark_submit.py:491} INFO - 25/10/29 08:20:14 INFO Executor: Starting executor with user classpath (userClassPathFirst = false): ''
[2025-10-29T08:20:14.733+0000] {spark_submit.py:491} INFO - 25/10/29 08:20:14 INFO Executor: Created or updated repl class loader org.apache.spark.util.MutableURLClassLoader@6e26691f for default.
[2025-10-29T08:20:14.748+0000] {spark_submit.py:491} INFO - 25/10/29 08:20:14 INFO Executor: Fetching spark://11a5c523951d:45979/jars/iceberg-spark-runtime-3.5_2.12-1.4.2.jar with timestamp 1761726014351
[2025-10-29T08:20:14.784+0000] {spark_submit.py:491} INFO - 25/10/29 08:20:14 INFO TransportClientFactory: Successfully created connection to 11a5c523951d/172.18.0.15:45979 after 15 ms (0 ms spent in bootstraps)
[2025-10-29T08:20:14.787+0000] {spark_submit.py:491} INFO - 25/10/29 08:20:14 INFO Utils: Fetching spark://11a5c523951d:45979/jars/iceberg-spark-runtime-3.5_2.12-1.4.2.jar to /tmp/spark-33522ab6-563f-408c-a20e-fc61e507dd3e/userFiles-e9aed45d-c181-413c-9212-096c734171d3/fetchFileTemp15284037707873255480.tmp
[2025-10-29T08:20:14.847+0000] {spark_submit.py:491} INFO - 25/10/29 08:20:14 INFO Executor: Adding file:/tmp/spark-33522ab6-563f-408c-a20e-fc61e507dd3e/userFiles-e9aed45d-c181-413c-9212-096c734171d3/iceberg-spark-runtime-3.5_2.12-1.4.2.jar to class loader default
[2025-10-29T08:20:14.847+0000] {spark_submit.py:491} INFO - 25/10/29 08:20:14 INFO Executor: Fetching spark://11a5c523951d:45979/jars/aws-java-sdk-bundle-1.12.367.jar with timestamp 1761726014351
[2025-10-29T08:20:14.848+0000] {spark_submit.py:491} INFO - 25/10/29 08:20:14 INFO Utils: Fetching spark://11a5c523951d:45979/jars/aws-java-sdk-bundle-1.12.367.jar to /tmp/spark-33522ab6-563f-408c-a20e-fc61e507dd3e/userFiles-e9aed45d-c181-413c-9212-096c734171d3/fetchFileTemp8340638818778103310.tmp
[2025-10-29T08:20:15.409+0000] {spark_submit.py:491} INFO - 25/10/29 08:20:15 INFO Executor: Adding file:/tmp/spark-33522ab6-563f-408c-a20e-fc61e507dd3e/userFiles-e9aed45d-c181-413c-9212-096c734171d3/aws-java-sdk-bundle-1.12.367.jar to class loader default
[2025-10-29T08:20:15.410+0000] {spark_submit.py:491} INFO - 25/10/29 08:20:15 INFO Executor: Fetching spark://11a5c523951d:45979/jars/hadoop-aws-3.3.4.jar with timestamp 1761726014351
[2025-10-29T08:20:15.410+0000] {spark_submit.py:491} INFO - 25/10/29 08:20:15 INFO Utils: Fetching spark://11a5c523951d:45979/jars/hadoop-aws-3.3.4.jar to /tmp/spark-33522ab6-563f-408c-a20e-fc61e507dd3e/userFiles-e9aed45d-c181-413c-9212-096c734171d3/fetchFileTemp6082041580501526943.tmp
[2025-10-29T08:20:15.415+0000] {spark_submit.py:491} INFO - 25/10/29 08:20:15 INFO Executor: Adding file:/tmp/spark-33522ab6-563f-408c-a20e-fc61e507dd3e/userFiles-e9aed45d-c181-413c-9212-096c734171d3/hadoop-aws-3.3.4.jar to class loader default
[2025-10-29T08:20:15.426+0000] {spark_submit.py:491} INFO - 25/10/29 08:20:15 INFO Utils: Successfully started service 'org.apache.spark.network.netty.NettyBlockTransferService' on port 34177.
[2025-10-29T08:20:15.430+0000] {spark_submit.py:491} INFO - 25/10/29 08:20:15 INFO NettyBlockTransferService: Server created on 11a5c523951d:34177
[2025-10-29T08:20:15.431+0000] {spark_submit.py:491} INFO - 25/10/29 08:20:15 INFO BlockManager: Using org.apache.spark.storage.RandomBlockReplicationPolicy for block replication policy
[2025-10-29T08:20:15.431+0000] {spark_submit.py:491} INFO - 25/10/29 08:20:15 INFO BlockManagerMaster: Registering BlockManager BlockManagerId(driver, 11a5c523951d, 34177, None)
[2025-10-29T08:20:15.432+0000] {spark_submit.py:491} INFO - 25/10/29 08:20:15 INFO BlockManagerMasterEndpoint: Registering block manager 11a5c523951d:34177 with 434.4 MiB RAM, BlockManagerId(driver, 11a5c523951d, 34177, None)
[2025-10-29T08:20:15.437+0000] {spark_submit.py:491} INFO - 25/10/29 08:20:15 INFO BlockManagerMaster: Registered BlockManager BlockManagerId(driver, 11a5c523951d, 34177, None)
[2025-10-29T08:20:15.437+0000] {spark_submit.py:491} INFO - 25/10/29 08:20:15 INFO BlockManager: Initialized BlockManager: BlockManagerId(driver, 11a5c523951d, 34177, None)
[2025-10-29T08:20:17.244+0000] {spark_submit.py:491} INFO - 25/10/29 08:20:17 WARN MetricsConfig: Cannot locate configuration: tried hadoop-metrics2-s3a-file-system.properties,hadoop-metrics2.properties
[2025-10-29T08:20:18.180+0000] {spark_submit.py:491} INFO - Created/verified weather table
[2025-10-29T08:20:18.181+0000] {spark_submit.py:491} INFO - Reading weather data from: /opt/***/data/weather/weather_data_20251029_08.json
[2025-10-29T08:20:19.688+0000] {spark_submit.py:491} INFO - Raw weather data count: 24
[2025-10-29T08:20:19.693+0000] {spark_submit.py:491} INFO - root
[2025-10-29T08:20:19.694+0000] {spark_submit.py:491} INFO - |-- timestamp: string (nullable = true)
[2025-10-29T08:20:19.694+0000] {spark_submit.py:491} INFO - |-- location: string (nullable = true)
[2025-10-29T08:20:19.694+0000] {spark_submit.py:491} INFO - |-- latitude: double (nullable = true)
[2025-10-29T08:20:19.694+0000] {spark_submit.py:491} INFO - |-- longitude: double (nullable = true)
[2025-10-29T08:20:19.694+0000] {spark_submit.py:491} INFO - |-- temperature_celsius: double (nullable = true)
[2025-10-29T08:20:19.694+0000] {spark_submit.py:491} INFO - |-- temperature_fahrenheit: double (nullable = true)
[2025-10-29T08:20:19.695+0000] {spark_submit.py:491} INFO - |-- humidity_percent: double (nullable = true)
[2025-10-29T08:20:19.695+0000] {spark_submit.py:491} INFO - |-- pressure_hpa: double (nullable = true)
[2025-10-29T08:20:19.695+0000] {spark_submit.py:491} INFO - |-- wind_speed_kmh: double (nullable = true)
[2025-10-29T08:20:19.695+0000] {spark_submit.py:491} INFO - |-- weather_condition: string (nullable = true)
[2025-10-29T08:20:19.695+0000] {spark_submit.py:491} INFO - |-- visibility_km: double (nullable = true)
[2025-10-29T08:20:19.695+0000] {spark_submit.py:491} INFO - |-- uv_index: double (nullable = true)
[2025-10-29T08:20:19.695+0000] {spark_submit.py:491} INFO - |-- hour: integer (nullable = true)
[2025-10-29T08:20:19.695+0000] {spark_submit.py:491} INFO - |-- day_of_week: integer (nullable = true)
[2025-10-29T08:20:19.695+0000] {spark_submit.py:491} INFO - |-- is_weekend: boolean (nullable = true)
[2025-10-29T08:20:19.695+0000] {spark_submit.py:491} INFO - 
[2025-10-29T08:20:19.956+0000] {spark_submit.py:491} INFO - Processed weather data count: 24
[2025-10-29T08:20:21.188+0000] {spark_submit.py:491} INFO - Successfully wrote weather data to Iceberg table
[2025-10-29T08:20:22.824+0000] {spark_submit.py:491} INFO - +------------+------------------+-----------------+-----------------+--------------------+
[2025-10-29T08:20:22.824+0000] {spark_submit.py:491} INFO - |weather_date|        avg_temp_c|     avg_humidity|   avg_wind_speed|          conditions|
[2025-10-29T08:20:22.824+0000] {spark_submit.py:491} INFO - +------------+------------------+-----------------+-----------------+--------------------+
[2025-10-29T08:20:22.824+0000] {spark_submit.py:491} INFO - |  2025-10-29|17.345333333333333|62.04666666666666|7.983333333333333|[clear, snow, rai...|
[2025-10-29T08:20:22.825+0000] {spark_submit.py:491} INFO - |  2025-10-28|17.550909090909094| 55.9090909090909|7.556060606060605|[clear, snow, rai...|
[2025-10-29T08:20:22.825+0000] {spark_submit.py:491} INFO - +------------+------------------+-----------------+-----------------+--------------------+
[2025-10-29T08:20:22.825+0000] {spark_submit.py:491} INFO - 
[2025-10-29T08:20:22.825+0000] {spark_submit.py:491} INFO - Weather ETL job completed successfully!
[2025-10-29T08:20:23.320+0000] {taskinstance.py:1398} INFO - Marking task as SUCCESS. dag_id=nyc_weather_etl, task_id=spark_process_weather_to_iceberg, execution_date=20251029T072010, start_date=20251029T082012, end_date=20251029T082023
[2025-10-29T08:20:23.369+0000] {local_task_job_runner.py:228} INFO - Task exited with return code 0
[2025-10-29T08:20:23.377+0000] {taskinstance.py:2776} INFO - 0 downstream tasks scheduled from follow-on schedule check
