[2025-10-29T07:20:13.969+0000] {taskinstance.py:1157} INFO - Dependencies all met for dep_context=non-requeueable deps ti=<TaskInstance: nyc_weather_etl.spark_process_weather_to_iceberg scheduled__2025-10-29T06:20:10.843578+00:00 [queued]>
[2025-10-29T07:20:13.974+0000] {taskinstance.py:1157} INFO - Dependencies all met for dep_context=requeueable deps ti=<TaskInstance: nyc_weather_etl.spark_process_weather_to_iceberg scheduled__2025-10-29T06:20:10.843578+00:00 [queued]>
[2025-10-29T07:20:13.974+0000] {taskinstance.py:1359} INFO - Starting attempt 1 of 1
[2025-10-29T07:20:14.033+0000] {taskinstance.py:1380} INFO - Executing <Task(SparkSubmitOperator): spark_process_weather_to_iceberg> on 2025-10-29 06:20:10.843578+00:00
[2025-10-29T07:20:14.036+0000] {standard_task_runner.py:57} INFO - Started process 11860 to run task
[2025-10-29T07:20:14.038+0000] {standard_task_runner.py:84} INFO - Running: ['***', 'tasks', 'run', 'nyc_weather_etl', 'spark_process_weather_to_iceberg', 'scheduled__2025-10-29T06:20:10.843578+00:00', '--job-id', '35', '--raw', '--subdir', 'DAGS_FOLDER/nyc_weather_etl.py', '--cfg-path', '/tmp/tmp10uyyz0x']
[2025-10-29T07:20:14.040+0000] {standard_task_runner.py:85} INFO - Job 35: Subtask spark_process_weather_to_iceberg
[2025-10-29T07:20:14.062+0000] {task_command.py:415} INFO - Running <TaskInstance: nyc_weather_etl.spark_process_weather_to_iceberg scheduled__2025-10-29T06:20:10.843578+00:00 [running]> on host 11a5c523951d
[2025-10-29T07:20:14.104+0000] {taskinstance.py:1660} INFO - Exporting env vars: AIRFLOW_CTX_DAG_OWNER='data-engineering' AIRFLOW_CTX_DAG_ID='nyc_weather_etl' AIRFLOW_CTX_TASK_ID='spark_process_weather_to_iceberg' AIRFLOW_CTX_EXECUTION_DATE='2025-10-29T06:20:10.843578+00:00' AIRFLOW_CTX_TRY_NUMBER='1' AIRFLOW_CTX_DAG_RUN_ID='scheduled__2025-10-29T06:20:10.843578+00:00'
[2025-10-29T07:20:14.105+0000] {base.py:73} INFO - Using connection ID 'spark_default' for task execution.
[2025-10-29T07:20:14.106+0000] {spark_submit.py:340} INFO - Spark-Submit cmd: /opt/bitnami/spark/bin/spark-submit --master spark-master:7077 --conf spark.master=spark://spark-master:7077 --conf spark.sql.catalog.spark_catalog=org.apache.iceberg.spark.SparkSessionCatalog --conf spark.sql.catalog.spark_catalog.type=hive --conf spark.sql.catalog.iceberg=org.apache.iceberg.spark.SparkCatalog --conf spark.sql.catalog.iceberg.type=hadoop --conf spark.sql.catalog.iceberg.warehouse=s3a://lakehouse/warehouse --conf spark.sql.extensions=org.apache.iceberg.spark.extensions.IcebergSparkSessionExtensions --conf spark.hadoop.fs.s3a.endpoint=http://minio:9000 --conf spark.hadoop.fs.s3a.access.key=admin --conf spark.hadoop.fs.s3a.secret.key=****** --conf spark.hadoop.fs.s3a.path.style.access=true --conf spark.hadoop.fs.s3a.impl=org.apache.hadoop.fs.s3a.S3AFileSystem --jars /opt/***/jars/iceberg-spark-runtime-3.5_2.12-1.4.2.jar,/opt/***/jars/aws-java-sdk-bundle-1.12.367.jar,/opt/***/jars/hadoop-aws-3.3.4.jar --name arrow-spark /opt/***/dags/spark_jobs/weather_to_iceberg.py /opt/***/data/weather/weather_data_20251029_07.json
[2025-10-29T07:20:15.025+0000] {spark_submit.py:491} INFO - 25/10/29 07:20:15 WARN NativeCodeLoader: Unable to load native-hadoop library for your platform... using builtin-java classes where applicable
[2025-10-29T07:20:15.728+0000] {spark_submit.py:491} INFO - 25/10/29 07:20:15 INFO SparkContext: Running Spark version 3.5.1
[2025-10-29T07:20:15.728+0000] {spark_submit.py:491} INFO - 25/10/29 07:20:15 INFO SparkContext: OS info Linux, 6.10.14-linuxkit, aarch64
[2025-10-29T07:20:15.728+0000] {spark_submit.py:491} INFO - 25/10/29 07:20:15 INFO SparkContext: Java version 11.0.28
[2025-10-29T07:20:15.742+0000] {spark_submit.py:491} INFO - 25/10/29 07:20:15 INFO ResourceUtils: ==============================================================
[2025-10-29T07:20:15.742+0000] {spark_submit.py:491} INFO - 25/10/29 07:20:15 INFO ResourceUtils: No custom resources configured for spark.driver.
[2025-10-29T07:20:15.743+0000] {spark_submit.py:491} INFO - 25/10/29 07:20:15 INFO ResourceUtils: ==============================================================
[2025-10-29T07:20:15.743+0000] {spark_submit.py:491} INFO - 25/10/29 07:20:15 INFO SparkContext: Submitted application: Weather to Iceberg ETL
[2025-10-29T07:20:15.751+0000] {spark_submit.py:491} INFO - 25/10/29 07:20:15 INFO ResourceProfile: Default ResourceProfile created, executor resources: Map(cores -> name: cores, amount: 1, script: , vendor: , memory -> name: memory, amount: 1024, script: , vendor: , offHeap -> name: offHeap, amount: 0, script: , vendor: ), task resources: Map(cpus -> name: cpus, amount: 1.0)
[2025-10-29T07:20:15.756+0000] {spark_submit.py:491} INFO - 25/10/29 07:20:15 INFO ResourceProfile: Limiting resource is cpu
[2025-10-29T07:20:15.756+0000] {spark_submit.py:491} INFO - 25/10/29 07:20:15 INFO ResourceProfileManager: Added ResourceProfile id: 0
[2025-10-29T07:20:15.786+0000] {spark_submit.py:491} INFO - 25/10/29 07:20:15 INFO SecurityManager: Changing view acls to: ***
[2025-10-29T07:20:15.787+0000] {spark_submit.py:491} INFO - 25/10/29 07:20:15 INFO SecurityManager: Changing modify acls to: ***
[2025-10-29T07:20:15.787+0000] {spark_submit.py:491} INFO - 25/10/29 07:20:15 INFO SecurityManager: Changing view acls groups to:
[2025-10-29T07:20:15.787+0000] {spark_submit.py:491} INFO - 25/10/29 07:20:15 INFO SecurityManager: Changing modify acls groups to:
[2025-10-29T07:20:15.787+0000] {spark_submit.py:491} INFO - 25/10/29 07:20:15 INFO SecurityManager: SecurityManager: authentication disabled; ui acls disabled; users with view permissions: ***; groups with view permissions: EMPTY; users with modify permissions: ***; groups with modify permissions: EMPTY
[2025-10-29T07:20:15.895+0000] {spark_submit.py:491} INFO - 25/10/29 07:20:15 INFO Utils: Successfully started service 'sparkDriver' on port 39189.
[2025-10-29T07:20:15.912+0000] {spark_submit.py:491} INFO - 25/10/29 07:20:15 INFO SparkEnv: Registering MapOutputTracker
[2025-10-29T07:20:15.929+0000] {spark_submit.py:491} INFO - 25/10/29 07:20:15 INFO SparkEnv: Registering BlockManagerMaster
[2025-10-29T07:20:15.943+0000] {spark_submit.py:491} INFO - 25/10/29 07:20:15 INFO BlockManagerMasterEndpoint: Using org.apache.spark.storage.DefaultTopologyMapper for getting topology information
[2025-10-29T07:20:15.943+0000] {spark_submit.py:491} INFO - 25/10/29 07:20:15 INFO BlockManagerMasterEndpoint: BlockManagerMasterEndpoint up
[2025-10-29T07:20:15.945+0000] {spark_submit.py:491} INFO - 25/10/29 07:20:15 INFO SparkEnv: Registering BlockManagerMasterHeartbeat
[2025-10-29T07:20:15.962+0000] {spark_submit.py:491} INFO - 25/10/29 07:20:15 INFO DiskBlockManager: Created local directory at /tmp/blockmgr-41c98eed-81fb-4600-9400-2c4cb56a1e29
[2025-10-29T07:20:15.970+0000] {spark_submit.py:491} INFO - 25/10/29 07:20:15 INFO MemoryStore: MemoryStore started with capacity 434.4 MiB
[2025-10-29T07:20:15.981+0000] {spark_submit.py:491} INFO - 25/10/29 07:20:15 INFO SparkEnv: Registering OutputCommitCoordinator
[2025-10-29T07:20:16.044+0000] {spark_submit.py:491} INFO - 25/10/29 07:20:16 INFO JettyUtils: Start Jetty 0.0.0.0:4040 for SparkUI
[2025-10-29T07:20:16.065+0000] {spark_submit.py:491} INFO - 25/10/29 07:20:16 WARN Utils: Service 'SparkUI' could not bind on port 4040. Attempting port 4041.
[2025-10-29T07:20:16.069+0000] {spark_submit.py:491} INFO - 25/10/29 07:20:16 INFO Utils: Successfully started service 'SparkUI' on port 4041.
[2025-10-29T07:20:16.086+0000] {spark_submit.py:491} INFO - 25/10/29 07:20:16 INFO SparkContext: Added JAR file:///opt/***/jars/iceberg-spark-runtime-3.5_2.12-1.4.2.jar at spark://11a5c523951d:39189/jars/iceberg-spark-runtime-3.5_2.12-1.4.2.jar with timestamp 1761722415723
[2025-10-29T07:20:16.088+0000] {spark_submit.py:491} INFO - 25/10/29 07:20:16 INFO SparkContext: Added JAR file:///opt/***/jars/aws-java-sdk-bundle-1.12.367.jar at spark://11a5c523951d:39189/jars/aws-java-sdk-bundle-1.12.367.jar with timestamp 1761722415723
[2025-10-29T07:20:16.088+0000] {spark_submit.py:491} INFO - 25/10/29 07:20:16 INFO SparkContext: Added JAR file:///opt/***/jars/hadoop-aws-3.3.4.jar at spark://11a5c523951d:39189/jars/hadoop-aws-3.3.4.jar with timestamp 1761722415723
[2025-10-29T07:20:16.120+0000] {spark_submit.py:491} INFO - 25/10/29 07:20:16 INFO Executor: Starting executor ID driver on host 11a5c523951d
[2025-10-29T07:20:16.120+0000] {spark_submit.py:491} INFO - 25/10/29 07:20:16 INFO Executor: OS info Linux, 6.10.14-linuxkit, aarch64
[2025-10-29T07:20:16.120+0000] {spark_submit.py:491} INFO - 25/10/29 07:20:16 INFO Executor: Java version 11.0.28
[2025-10-29T07:20:16.122+0000] {spark_submit.py:491} INFO - 25/10/29 07:20:16 INFO Executor: Starting executor with user classpath (userClassPathFirst = false): ''
[2025-10-29T07:20:16.123+0000] {spark_submit.py:491} INFO - 25/10/29 07:20:16 INFO Executor: Created or updated repl class loader org.apache.spark.util.MutableURLClassLoader@7f8b267a for default.
[2025-10-29T07:20:16.129+0000] {spark_submit.py:491} INFO - 25/10/29 07:20:16 INFO Executor: Fetching spark://11a5c523951d:39189/jars/aws-java-sdk-bundle-1.12.367.jar with timestamp 1761722415723
[2025-10-29T07:20:16.156+0000] {spark_submit.py:491} INFO - 25/10/29 07:20:16 INFO TransportClientFactory: Successfully created connection to 11a5c523951d/172.18.0.15:39189 after 13 ms (0 ms spent in bootstraps)
[2025-10-29T07:20:16.160+0000] {spark_submit.py:491} INFO - 25/10/29 07:20:16 INFO Utils: Fetching spark://11a5c523951d:39189/jars/aws-java-sdk-bundle-1.12.367.jar to /tmp/spark-3943d8b8-2501-4fe1-a969-74ca45d49aef/userFiles-70876663-dc81-42eb-8860-782275b00ca1/fetchFileTemp3442348127135649585.tmp
[2025-10-29T07:20:17.037+0000] {spark_submit.py:491} INFO - 25/10/29 07:20:17 INFO Executor: Adding file:/tmp/spark-3943d8b8-2501-4fe1-a969-74ca45d49aef/userFiles-70876663-dc81-42eb-8860-782275b00ca1/aws-java-sdk-bundle-1.12.367.jar to class loader default
[2025-10-29T07:20:17.037+0000] {spark_submit.py:491} INFO - 25/10/29 07:20:17 INFO Executor: Fetching spark://11a5c523951d:39189/jars/iceberg-spark-runtime-3.5_2.12-1.4.2.jar with timestamp 1761722415723
[2025-10-29T07:20:17.037+0000] {spark_submit.py:491} INFO - 25/10/29 07:20:17 INFO Utils: Fetching spark://11a5c523951d:39189/jars/iceberg-spark-runtime-3.5_2.12-1.4.2.jar to /tmp/spark-3943d8b8-2501-4fe1-a969-74ca45d49aef/userFiles-70876663-dc81-42eb-8860-782275b00ca1/fetchFileTemp17474967511245969973.tmp
[2025-10-29T07:20:17.099+0000] {spark_submit.py:491} INFO - 25/10/29 07:20:17 INFO Executor: Adding file:/tmp/spark-3943d8b8-2501-4fe1-a969-74ca45d49aef/userFiles-70876663-dc81-42eb-8860-782275b00ca1/iceberg-spark-runtime-3.5_2.12-1.4.2.jar to class loader default
[2025-10-29T07:20:17.099+0000] {spark_submit.py:491} INFO - 25/10/29 07:20:17 INFO Executor: Fetching spark://11a5c523951d:39189/jars/hadoop-aws-3.3.4.jar with timestamp 1761722415723
[2025-10-29T07:20:17.099+0000] {spark_submit.py:491} INFO - 25/10/29 07:20:17 INFO Utils: Fetching spark://11a5c523951d:39189/jars/hadoop-aws-3.3.4.jar to /tmp/spark-3943d8b8-2501-4fe1-a969-74ca45d49aef/userFiles-70876663-dc81-42eb-8860-782275b00ca1/fetchFileTemp5337850001213069616.tmp
[2025-10-29T07:20:17.106+0000] {spark_submit.py:491} INFO - 25/10/29 07:20:17 INFO Executor: Adding file:/tmp/spark-3943d8b8-2501-4fe1-a969-74ca45d49aef/userFiles-70876663-dc81-42eb-8860-782275b00ca1/hadoop-aws-3.3.4.jar to class loader default
[2025-10-29T07:20:17.108+0000] {spark_submit.py:491} INFO - 25/10/29 07:20:17 INFO Utils: Successfully started service 'org.apache.spark.network.netty.NettyBlockTransferService' on port 44845.
[2025-10-29T07:20:17.108+0000] {spark_submit.py:491} INFO - 25/10/29 07:20:17 INFO NettyBlockTransferService: Server created on 11a5c523951d:44845
[2025-10-29T07:20:17.109+0000] {spark_submit.py:491} INFO - 25/10/29 07:20:17 INFO BlockManager: Using org.apache.spark.storage.RandomBlockReplicationPolicy for block replication policy
[2025-10-29T07:20:17.113+0000] {spark_submit.py:491} INFO - 25/10/29 07:20:17 INFO BlockManagerMaster: Registering BlockManager BlockManagerId(driver, 11a5c523951d, 44845, None)
[2025-10-29T07:20:17.115+0000] {spark_submit.py:491} INFO - 25/10/29 07:20:17 INFO BlockManagerMasterEndpoint: Registering block manager 11a5c523951d:44845 with 434.4 MiB RAM, BlockManagerId(driver, 11a5c523951d, 44845, None)
[2025-10-29T07:20:17.117+0000] {spark_submit.py:491} INFO - 25/10/29 07:20:17 INFO BlockManagerMaster: Registered BlockManager BlockManagerId(driver, 11a5c523951d, 44845, None)
[2025-10-29T07:20:17.117+0000] {spark_submit.py:491} INFO - 25/10/29 07:20:17 INFO BlockManager: Initialized BlockManager: BlockManagerId(driver, 11a5c523951d, 44845, None)
[2025-10-29T07:20:18.519+0000] {spark_submit.py:491} INFO - 25/10/29 07:20:18 WARN MetricsConfig: Cannot locate configuration: tried hadoop-metrics2-s3a-file-system.properties,hadoop-metrics2.properties
[2025-10-29T07:20:19.151+0000] {spark_submit.py:491} INFO - Created/verified weather table
[2025-10-29T07:20:19.151+0000] {spark_submit.py:491} INFO - Reading weather data from: /opt/***/data/weather/weather_data_20251029_07.json
[2025-10-29T07:20:20.390+0000] {spark_submit.py:491} INFO - Raw weather data count: 24
[2025-10-29T07:20:20.391+0000] {spark_submit.py:491} INFO - root
[2025-10-29T07:20:20.392+0000] {spark_submit.py:491} INFO - |-- timestamp: string (nullable = true)
[2025-10-29T07:20:20.392+0000] {spark_submit.py:491} INFO - |-- location: string (nullable = true)
[2025-10-29T07:20:20.392+0000] {spark_submit.py:491} INFO - |-- latitude: double (nullable = true)
[2025-10-29T07:20:20.392+0000] {spark_submit.py:491} INFO - |-- longitude: double (nullable = true)
[2025-10-29T07:20:20.392+0000] {spark_submit.py:491} INFO - |-- temperature_celsius: double (nullable = true)
[2025-10-29T07:20:20.392+0000] {spark_submit.py:491} INFO - |-- temperature_fahrenheit: double (nullable = true)
[2025-10-29T07:20:20.392+0000] {spark_submit.py:491} INFO - |-- humidity_percent: double (nullable = true)
[2025-10-29T07:20:20.392+0000] {spark_submit.py:491} INFO - |-- pressure_hpa: double (nullable = true)
[2025-10-29T07:20:20.392+0000] {spark_submit.py:491} INFO - |-- wind_speed_kmh: double (nullable = true)
[2025-10-29T07:20:20.392+0000] {spark_submit.py:491} INFO - |-- weather_condition: string (nullable = true)
[2025-10-29T07:20:20.392+0000] {spark_submit.py:491} INFO - |-- visibility_km: double (nullable = true)
[2025-10-29T07:20:20.392+0000] {spark_submit.py:491} INFO - |-- uv_index: double (nullable = true)
[2025-10-29T07:20:20.392+0000] {spark_submit.py:491} INFO - |-- hour: integer (nullable = true)
[2025-10-29T07:20:20.393+0000] {spark_submit.py:491} INFO - |-- day_of_week: integer (nullable = true)
[2025-10-29T07:20:20.393+0000] {spark_submit.py:491} INFO - |-- is_weekend: boolean (nullable = true)
[2025-10-29T07:20:20.393+0000] {spark_submit.py:491} INFO - 
[2025-10-29T07:20:20.638+0000] {spark_submit.py:491} INFO - Processed weather data count: 24
[2025-10-29T07:20:21.721+0000] {spark_submit.py:491} INFO - Successfully wrote weather data to Iceberg table
[2025-10-29T07:20:22.917+0000] {spark_submit.py:491} INFO - +------------+------------------+------------------+-----------------+--------------------+
[2025-10-29T07:20:22.918+0000] {spark_submit.py:491} INFO - |weather_date|        avg_temp_c|      avg_humidity|   avg_wind_speed|          conditions|
[2025-10-29T07:20:22.918+0000] {spark_submit.py:491} INFO - +------------+------------------+------------------+-----------------+--------------------+
[2025-10-29T07:20:22.918+0000] {spark_submit.py:491} INFO - |  2025-10-29|16.867142857142856|62.480952380952374| 8.00952380952381|[clear, snow, rai...|
[2025-10-29T07:20:22.918+0000] {spark_submit.py:491} INFO - |  2025-10-28|16.531960784313725| 57.51176470588235|6.717647058823529|[clear, snow, rai...|
[2025-10-29T07:20:22.918+0000] {spark_submit.py:491} INFO - +------------+------------------+------------------+-----------------+--------------------+
[2025-10-29T07:20:22.918+0000] {spark_submit.py:491} INFO - 
[2025-10-29T07:20:22.918+0000] {spark_submit.py:491} INFO - Weather ETL job completed successfully!
[2025-10-29T07:20:23.982+0000] {taskinstance.py:1398} INFO - Marking task as SUCCESS. dag_id=nyc_weather_etl, task_id=spark_process_weather_to_iceberg, execution_date=20251029T062010, start_date=20251029T072013, end_date=20251029T072023
[2025-10-29T07:20:24.019+0000] {local_task_job_runner.py:228} INFO - Task exited with return code 0
[2025-10-29T07:20:24.027+0000] {taskinstance.py:2776} INFO - 0 downstream tasks scheduled from follow-on schedule check
