[2025-10-28T07:58:57.278+0000] {taskinstance.py:1157} INFO - Dependencies all met for dep_context=non-requeueable deps ti=<TaskInstance: nyc_weather_etl.spark_process_location_to_iceberg manual__2025-10-28T07:58:54.861586+00:00 [queued]>
[2025-10-28T07:58:57.283+0000] {taskinstance.py:1157} INFO - Dependencies all met for dep_context=requeueable deps ti=<TaskInstance: nyc_weather_etl.spark_process_location_to_iceberg manual__2025-10-28T07:58:54.861586+00:00 [queued]>
[2025-10-28T07:58:57.283+0000] {taskinstance.py:1359} INFO - Starting attempt 1 of 1
[2025-10-28T07:58:57.289+0000] {taskinstance.py:1380} INFO - Executing <Task(SparkSubmitOperator): spark_process_location_to_iceberg> on 2025-10-28 07:58:54.861586+00:00
[2025-10-28T07:58:57.291+0000] {standard_task_runner.py:57} INFO - Started process 28057 to run task
[2025-10-28T07:58:57.293+0000] {standard_task_runner.py:84} INFO - Running: ['***', 'tasks', 'run', 'nyc_weather_etl', 'spark_process_location_to_iceberg', 'manual__2025-10-28T07:58:54.861586+00:00', '--job-id', '721', '--raw', '--subdir', 'DAGS_FOLDER/nyc_weather_etl.py', '--cfg-path', '/tmp/tmpf1i9foot']
[2025-10-28T07:58:57.294+0000] {standard_task_runner.py:85} INFO - Job 721: Subtask spark_process_location_to_iceberg
[2025-10-28T07:58:57.316+0000] {task_command.py:415} INFO - Running <TaskInstance: nyc_weather_etl.spark_process_location_to_iceberg manual__2025-10-28T07:58:54.861586+00:00 [running]> on host b40be2a595bb
[2025-10-28T07:58:57.439+0000] {taskinstance.py:1660} INFO - Exporting env vars: AIRFLOW_CTX_DAG_OWNER='data-engineering' AIRFLOW_CTX_DAG_ID='nyc_weather_etl' AIRFLOW_CTX_TASK_ID='spark_process_location_to_iceberg' AIRFLOW_CTX_EXECUTION_DATE='2025-10-28T07:58:54.861586+00:00' AIRFLOW_CTX_TRY_NUMBER='1' AIRFLOW_CTX_DAG_RUN_ID='manual__2025-10-28T07:58:54.861586+00:00'
[2025-10-28T07:58:57.443+0000] {base.py:73} INFO - Using connection ID 'spark_default' for task execution.
[2025-10-28T07:58:57.444+0000] {spark_submit.py:340} INFO - Spark-Submit cmd: /opt/bitnami/spark/bin/spark-submit --master spark://spark-master:7077 --conf spark.master=spark://spark-master:7077 --conf spark.sql.catalog.spark_catalog=org.apache.iceberg.spark.SparkSessionCatalog --conf spark.sql.catalog.spark_catalog.type=hive --conf spark.sql.catalog.iceberg=org.apache.iceberg.spark.SparkCatalog --conf spark.sql.catalog.iceberg.type=hadoop --conf spark.sql.catalog.iceberg.warehouse=s3a://lakehouse/warehouse --conf spark.sql.extensions=org.apache.iceberg.spark.extensions.IcebergSparkSessionExtensions --conf spark.hadoop.fs.s3a.endpoint=http://minio:9000 --conf spark.hadoop.fs.s3a.access.key=admin --conf spark.hadoop.fs.s3a.secret.key=****** --conf spark.hadoop.fs.s3a.path.style.access=true --conf spark.hadoop.fs.s3a.impl=org.apache.hadoop.fs.s3a.S3AFileSystem --jars /opt/***/jars/iceberg-spark-runtime-3.5_2.12-1.4.2.jar,/opt/***/jars/aws-java-sdk-bundle-1.12.367.jar,/opt/***/jars/hadoop-aws-3.3.4.jar --name arrow-spark --queue default /opt/***/dags/spark_jobs/location_to_iceberg.py /opt/***/data/locations/nyc_taxi_zones.json
[2025-10-28T07:58:58.290+0000] {spark_submit.py:491} INFO - 25/10/28 07:58:58 WARN NativeCodeLoader: Unable to load native-hadoop library for your platform... using builtin-java classes where applicable
[2025-10-28T07:58:58.826+0000] {spark_submit.py:491} INFO - 25/10/28 07:58:58 INFO SparkContext: Running Spark version 3.5.1
[2025-10-28T07:58:58.829+0000] {spark_submit.py:491} INFO - 25/10/28 07:58:58 INFO SparkContext: OS info Linux, 6.10.14-linuxkit, aarch64
[2025-10-28T07:58:58.829+0000] {spark_submit.py:491} INFO - 25/10/28 07:58:58 INFO SparkContext: Java version 11.0.28
[2025-10-28T07:58:58.837+0000] {spark_submit.py:491} INFO - 25/10/28 07:58:58 INFO ResourceUtils: ==============================================================
[2025-10-28T07:58:58.838+0000] {spark_submit.py:491} INFO - 25/10/28 07:58:58 INFO ResourceUtils: No custom resources configured for spark.driver.
[2025-10-28T07:58:58.838+0000] {spark_submit.py:491} INFO - 25/10/28 07:58:58 INFO ResourceUtils: ==============================================================
[2025-10-28T07:58:58.838+0000] {spark_submit.py:491} INFO - 25/10/28 07:58:58 INFO SparkContext: Submitted application: Location to Iceberg ETL
[2025-10-28T07:58:58.847+0000] {spark_submit.py:491} INFO - 25/10/28 07:58:58 INFO ResourceProfile: Default ResourceProfile created, executor resources: Map(cores -> name: cores, amount: 1, script: , vendor: , memory -> name: memory, amount: 1024, script: , vendor: , offHeap -> name: offHeap, amount: 0, script: , vendor: ), task resources: Map(cpus -> name: cpus, amount: 1.0)
[2025-10-28T07:58:58.852+0000] {spark_submit.py:491} INFO - 25/10/28 07:58:58 INFO ResourceProfile: Limiting resource is cpu
[2025-10-28T07:58:58.852+0000] {spark_submit.py:491} INFO - 25/10/28 07:58:58 INFO ResourceProfileManager: Added ResourceProfile id: 0
[2025-10-28T07:58:58.885+0000] {spark_submit.py:491} INFO - 25/10/28 07:58:58 INFO SecurityManager: Changing view acls to: ***
[2025-10-28T07:58:58.885+0000] {spark_submit.py:491} INFO - 25/10/28 07:58:58 INFO SecurityManager: Changing modify acls to: ***
[2025-10-28T07:58:58.886+0000] {spark_submit.py:491} INFO - 25/10/28 07:58:58 INFO SecurityManager: Changing view acls groups to:
[2025-10-28T07:58:58.886+0000] {spark_submit.py:491} INFO - 25/10/28 07:58:58 INFO SecurityManager: Changing modify acls groups to:
[2025-10-28T07:58:58.886+0000] {spark_submit.py:491} INFO - 25/10/28 07:58:58 INFO SecurityManager: SecurityManager: authentication disabled; ui acls disabled; users with view permissions: ***; groups with view permissions: EMPTY; users with modify permissions: ***; groups with modify permissions: EMPTY
[2025-10-28T07:58:58.982+0000] {spark_submit.py:491} INFO - 25/10/28 07:58:58 INFO Utils: Successfully started service 'sparkDriver' on port 37447.
[2025-10-28T07:58:58.996+0000] {spark_submit.py:491} INFO - 25/10/28 07:58:58 INFO SparkEnv: Registering MapOutputTracker
[2025-10-28T07:58:59.008+0000] {spark_submit.py:491} INFO - 25/10/28 07:58:59 INFO SparkEnv: Registering BlockManagerMaster
[2025-10-28T07:58:59.019+0000] {spark_submit.py:491} INFO - 25/10/28 07:58:59 INFO BlockManagerMasterEndpoint: Using org.apache.spark.storage.DefaultTopologyMapper for getting topology information
[2025-10-28T07:58:59.019+0000] {spark_submit.py:491} INFO - 25/10/28 07:58:59 INFO BlockManagerMasterEndpoint: BlockManagerMasterEndpoint up
[2025-10-28T07:58:59.021+0000] {spark_submit.py:491} INFO - 25/10/28 07:58:59 INFO SparkEnv: Registering BlockManagerMasterHeartbeat
[2025-10-28T07:58:59.034+0000] {spark_submit.py:491} INFO - 25/10/28 07:58:59 INFO DiskBlockManager: Created local directory at /tmp/blockmgr-1470af4e-63ff-4ae3-9ba8-1594cc904697
[2025-10-28T07:58:59.042+0000] {spark_submit.py:491} INFO - 25/10/28 07:58:59 INFO MemoryStore: MemoryStore started with capacity 434.4 MiB
[2025-10-28T07:58:59.049+0000] {spark_submit.py:491} INFO - 25/10/28 07:58:59 INFO SparkEnv: Registering OutputCommitCoordinator
[2025-10-28T07:58:59.104+0000] {spark_submit.py:491} INFO - 25/10/28 07:58:59 INFO JettyUtils: Start Jetty 0.0.0.0:4040 for SparkUI
[2025-10-28T07:58:59.128+0000] {spark_submit.py:491} INFO - 25/10/28 07:58:59 INFO Utils: Successfully started service 'SparkUI' on port 4040.
[2025-10-28T07:58:59.144+0000] {spark_submit.py:491} INFO - 25/10/28 07:58:59 INFO SparkContext: Added JAR file:///opt/***/jars/iceberg-spark-runtime-3.5_2.12-1.4.2.jar at spark://b40be2a595bb:37447/jars/iceberg-spark-runtime-3.5_2.12-1.4.2.jar with timestamp 1761638338822
[2025-10-28T07:58:59.144+0000] {spark_submit.py:491} INFO - 25/10/28 07:58:59 INFO SparkContext: Added JAR file:///opt/***/jars/aws-java-sdk-bundle-1.12.367.jar at spark://b40be2a595bb:37447/jars/aws-java-sdk-bundle-1.12.367.jar with timestamp 1761638338822
[2025-10-28T07:58:59.144+0000] {spark_submit.py:491} INFO - 25/10/28 07:58:59 INFO SparkContext: Added JAR file:///opt/***/jars/hadoop-aws-3.3.4.jar at spark://b40be2a595bb:37447/jars/hadoop-aws-3.3.4.jar with timestamp 1761638338822
[2025-10-28T07:58:59.174+0000] {spark_submit.py:491} INFO - 25/10/28 07:58:59 INFO Executor: Starting executor ID driver on host b40be2a595bb
[2025-10-28T07:58:59.174+0000] {spark_submit.py:491} INFO - 25/10/28 07:58:59 INFO Executor: OS info Linux, 6.10.14-linuxkit, aarch64
[2025-10-28T07:58:59.174+0000] {spark_submit.py:491} INFO - 25/10/28 07:58:59 INFO Executor: Java version 11.0.28
[2025-10-28T07:58:59.176+0000] {spark_submit.py:491} INFO - 25/10/28 07:58:59 INFO Executor: Starting executor with user classpath (userClassPathFirst = false): ''
[2025-10-28T07:58:59.176+0000] {spark_submit.py:491} INFO - 25/10/28 07:58:59 INFO Executor: Created or updated repl class loader org.apache.spark.util.MutableURLClassLoader@76329391 for default.
[2025-10-28T07:58:59.181+0000] {spark_submit.py:491} INFO - 25/10/28 07:58:59 INFO Executor: Fetching spark://b40be2a595bb:37447/jars/hadoop-aws-3.3.4.jar with timestamp 1761638338822
[2025-10-28T07:58:59.206+0000] {spark_submit.py:491} INFO - 25/10/28 07:58:59 INFO TransportClientFactory: Successfully created connection to b40be2a595bb/172.18.0.5:37447 after 11 ms (0 ms spent in bootstraps)
[2025-10-28T07:58:59.208+0000] {spark_submit.py:491} INFO - 25/10/28 07:58:59 INFO Utils: Fetching spark://b40be2a595bb:37447/jars/hadoop-aws-3.3.4.jar to /tmp/spark-9bf1c7b1-f0e1-4aed-8596-7230cc01647a/userFiles-7ed5bc32-9021-4575-bc02-0150b7d25362/fetchFileTemp10690922610056157476.tmp
[2025-10-28T07:58:59.223+0000] {spark_submit.py:491} INFO - 25/10/28 07:58:59 INFO Executor: Adding file:/tmp/spark-9bf1c7b1-f0e1-4aed-8596-7230cc01647a/userFiles-7ed5bc32-9021-4575-bc02-0150b7d25362/hadoop-aws-3.3.4.jar to class loader default
[2025-10-28T07:58:59.224+0000] {spark_submit.py:491} INFO - 25/10/28 07:58:59 INFO Executor: Fetching spark://b40be2a595bb:37447/jars/aws-java-sdk-bundle-1.12.367.jar with timestamp 1761638338822
[2025-10-28T07:58:59.224+0000] {spark_submit.py:491} INFO - 25/10/28 07:58:59 INFO Utils: Fetching spark://b40be2a595bb:37447/jars/aws-java-sdk-bundle-1.12.367.jar to /tmp/spark-9bf1c7b1-f0e1-4aed-8596-7230cc01647a/userFiles-7ed5bc32-9021-4575-bc02-0150b7d25362/fetchFileTemp3203002803181876261.tmp
[2025-10-28T07:58:59.607+0000] {spark_submit.py:491} INFO - 25/10/28 07:58:59 INFO Executor: Adding file:/tmp/spark-9bf1c7b1-f0e1-4aed-8596-7230cc01647a/userFiles-7ed5bc32-9021-4575-bc02-0150b7d25362/aws-java-sdk-bundle-1.12.367.jar to class loader default
[2025-10-28T07:58:59.608+0000] {spark_submit.py:491} INFO - 25/10/28 07:58:59 INFO Executor: Fetching spark://b40be2a595bb:37447/jars/iceberg-spark-runtime-3.5_2.12-1.4.2.jar with timestamp 1761638338822
[2025-10-28T07:58:59.608+0000] {spark_submit.py:491} INFO - 25/10/28 07:58:59 INFO Utils: Fetching spark://b40be2a595bb:37447/jars/iceberg-spark-runtime-3.5_2.12-1.4.2.jar to /tmp/spark-9bf1c7b1-f0e1-4aed-8596-7230cc01647a/userFiles-7ed5bc32-9021-4575-bc02-0150b7d25362/fetchFileTemp17369778861333333116.tmp
[2025-10-28T07:58:59.654+0000] {spark_submit.py:491} INFO - 25/10/28 07:58:59 INFO Executor: Adding file:/tmp/spark-9bf1c7b1-f0e1-4aed-8596-7230cc01647a/userFiles-7ed5bc32-9021-4575-bc02-0150b7d25362/iceberg-spark-runtime-3.5_2.12-1.4.2.jar to class loader default
[2025-10-28T07:58:59.663+0000] {spark_submit.py:491} INFO - 25/10/28 07:58:59 INFO Utils: Successfully started service 'org.apache.spark.network.netty.NettyBlockTransferService' on port 36649.
[2025-10-28T07:58:59.664+0000] {spark_submit.py:491} INFO - 25/10/28 07:58:59 INFO NettyBlockTransferService: Server created on b40be2a595bb:36649
[2025-10-28T07:58:59.665+0000] {spark_submit.py:491} INFO - 25/10/28 07:58:59 INFO BlockManager: Using org.apache.spark.storage.RandomBlockReplicationPolicy for block replication policy
[2025-10-28T07:58:59.668+0000] {spark_submit.py:491} INFO - 25/10/28 07:58:59 INFO BlockManagerMaster: Registering BlockManager BlockManagerId(driver, b40be2a595bb, 36649, None)
[2025-10-28T07:58:59.671+0000] {spark_submit.py:491} INFO - 25/10/28 07:58:59 INFO BlockManagerMasterEndpoint: Registering block manager b40be2a595bb:36649 with 434.4 MiB RAM, BlockManagerId(driver, b40be2a595bb, 36649, None)
[2025-10-28T07:58:59.673+0000] {spark_submit.py:491} INFO - 25/10/28 07:58:59 INFO BlockManagerMaster: Registered BlockManager BlockManagerId(driver, b40be2a595bb, 36649, None)
[2025-10-28T07:58:59.674+0000] {spark_submit.py:491} INFO - 25/10/28 07:58:59 INFO BlockManager: Initialized BlockManager: BlockManagerId(driver, b40be2a595bb, 36649, None)
[2025-10-28T07:59:01.203+0000] {spark_submit.py:491} INFO - 25/10/28 07:59:01 WARN MetricsConfig: Cannot locate configuration: tried hadoop-metrics2-s3a-file-system.properties,hadoop-metrics2.properties
[2025-10-28T07:59:01.941+0000] {spark_submit.py:491} INFO - Created/verified taxi zones table
[2025-10-28T07:59:01.942+0000] {spark_submit.py:491} INFO - Reading location data from: /opt/***/data/locations/nyc_taxi_zones.json
[2025-10-28T07:59:03.208+0000] {spark_submit.py:491} INFO - Raw location data count: 16
[2025-10-28T07:59:03.210+0000] {spark_submit.py:491} INFO - root
[2025-10-28T07:59:03.210+0000] {spark_submit.py:491} INFO - |-- borough: string (nullable = true)
[2025-10-28T07:59:03.210+0000] {spark_submit.py:491} INFO - |-- created_at: string (nullable = true)
[2025-10-28T07:59:03.210+0000] {spark_submit.py:491} INFO - |-- is_business_district: boolean (nullable = true)
[2025-10-28T07:59:03.210+0000] {spark_submit.py:491} INFO - |-- is_tourist_area: boolean (nullable = true)
[2025-10-28T07:59:03.210+0000] {spark_submit.py:491} INFO - |-- lat: double (nullable = true)
[2025-10-28T07:59:03.211+0000] {spark_submit.py:491} INFO - |-- location_id: long (nullable = true)
[2025-10-28T07:59:03.211+0000] {spark_submit.py:491} INFO - |-- lon: double (nullable = true)
[2025-10-28T07:59:03.211+0000] {spark_submit.py:491} INFO - |-- zone: string (nullable = true)
[2025-10-28T07:59:03.211+0000] {spark_submit.py:491} INFO - |-- zone_type: string (nullable = true)
[2025-10-28T07:59:03.211+0000] {spark_submit.py:491} INFO - 
[2025-10-28T07:59:03.409+0000] {spark_submit.py:491} INFO - Processed location data count: 16
[2025-10-28T07:59:04.814+0000] {spark_submit.py:491} INFO - Successfully wrote location data to Iceberg table
[2025-10-28T07:59:06.258+0000] {spark_submit.py:491} INFO - +---------+----------+-------------+--------------+
[2025-10-28T07:59:06.259+0000] {spark_submit.py:491} INFO - |  borough|zone_count|tourist_zones|business_zones|
[2025-10-28T07:59:06.260+0000] {spark_submit.py:491} INFO - +---------+----------+-------------+--------------+
[2025-10-28T07:59:06.260+0000] {spark_submit.py:491} INFO - |Manhattan|        13|            4|             3|
[2025-10-28T07:59:06.260+0000] {spark_submit.py:491} INFO - |   Queens|         2|            0|             0|
[2025-10-28T07:59:06.260+0000] {spark_submit.py:491} INFO - | Brooklyn|         1|            0|             0|
[2025-10-28T07:59:06.261+0000] {spark_submit.py:491} INFO - +---------+----------+-------------+--------------+
[2025-10-28T07:59:06.261+0000] {spark_submit.py:491} INFO - 
[2025-10-28T07:59:06.261+0000] {spark_submit.py:491} INFO - Location ETL job completed successfully!
[2025-10-28T07:59:06.754+0000] {taskinstance.py:1398} INFO - Marking task as SUCCESS. dag_id=nyc_weather_etl, task_id=spark_process_location_to_iceberg, execution_date=20251028T075854, start_date=20251028T075857, end_date=20251028T075906
[2025-10-28T07:59:06.769+0000] {local_task_job_runner.py:228} INFO - Task exited with return code 0
[2025-10-28T07:59:06.780+0000] {taskinstance.py:2776} INFO - 0 downstream tasks scheduled from follow-on schedule check
