[2025-11-02T12:53:35.883+0000] {taskinstance.py:1157} INFO - Dependencies all met for dep_context=non-requeueable deps ti=<TaskInstance: nyc_taxi_iceberg_etl.spark_process_to_iceberg scheduled__2025-11-02T06:53:20.323863+00:00 [queued]>
[2025-11-02T12:53:35.886+0000] {taskinstance.py:1157} INFO - Dependencies all met for dep_context=requeueable deps ti=<TaskInstance: nyc_taxi_iceberg_etl.spark_process_to_iceberg scheduled__2025-11-02T06:53:20.323863+00:00 [queued]>
[2025-11-02T12:53:35.886+0000] {taskinstance.py:1359} INFO - Starting attempt 1 of 1
[2025-11-02T12:53:35.934+0000] {taskinstance.py:1380} INFO - Executing <Task(SparkSubmitOperator): spark_process_to_iceberg> on 2025-11-02 06:53:20.323863+00:00
[2025-11-02T12:53:35.936+0000] {standard_task_runner.py:57} INFO - Started process 294 to run task
[2025-11-02T12:53:35.937+0000] {standard_task_runner.py:84} INFO - Running: ['***', 'tasks', 'run', 'nyc_taxi_iceberg_etl', 'spark_process_to_iceberg', 'scheduled__2025-11-02T06:53:20.323863+00:00', '--job-id', '5', '--raw', '--subdir', 'DAGS_FOLDER/nyc_taxi_iceberg_etl.py', '--cfg-path', '/tmp/tmpgfyqc1ub']
[2025-11-02T12:53:35.939+0000] {standard_task_runner.py:85} INFO - Job 5: Subtask spark_process_to_iceberg
[2025-11-02T12:53:35.958+0000] {task_command.py:415} INFO - Running <TaskInstance: nyc_taxi_iceberg_etl.spark_process_to_iceberg scheduled__2025-11-02T06:53:20.323863+00:00 [running]> on host ec57452a9f33
[2025-11-02T12:53:35.990+0000] {taskinstance.py:1660} INFO - Exporting env vars: AIRFLOW_CTX_DAG_OWNER='data-engineering' AIRFLOW_CTX_DAG_ID='nyc_taxi_iceberg_etl' AIRFLOW_CTX_TASK_ID='spark_process_to_iceberg' AIRFLOW_CTX_EXECUTION_DATE='2025-11-02T06:53:20.323863+00:00' AIRFLOW_CTX_TRY_NUMBER='1' AIRFLOW_CTX_DAG_RUN_ID='scheduled__2025-11-02T06:53:20.323863+00:00'
[2025-11-02T12:53:35.991+0000] {base.py:73} INFO - Using connection ID 'spark_default' for task execution.
[2025-11-02T12:53:35.992+0000] {spark_submit.py:340} INFO - Spark-Submit cmd: /opt/bitnami/spark/bin/spark-submit --master spark-master:7077 --conf spark.master=spark://spark-master:7077 --conf spark.sql.catalog.spark_catalog=org.apache.iceberg.spark.SparkSessionCatalog --conf spark.sql.catalog.spark_catalog.type=hive --conf spark.sql.catalog.iceberg=org.apache.iceberg.spark.SparkCatalog --conf spark.sql.catalog.iceberg.type=hadoop --conf spark.sql.catalog.iceberg.warehouse=s3a://lakehouse/warehouse --conf spark.sql.extensions=org.apache.iceberg.spark.extensions.IcebergSparkSessionExtensions --conf spark.hadoop.fs.s3a.endpoint=http://minio:9000 --conf spark.hadoop.fs.s3a.access.key=admin --conf spark.hadoop.fs.s3a.secret.key=****** --conf spark.hadoop.fs.s3a.path.style.access=true --conf spark.hadoop.fs.s3a.impl=org.apache.hadoop.fs.s3a.S3AFileSystem --jars /opt/***/jars/iceberg-spark-runtime-3.5_2.12-1.4.2.jar,/opt/***/jars/aws-java-sdk-bundle-1.12.367.jar,/opt/***/jars/hadoop-aws-3.3.4.jar --name arrow-spark /opt/***/dags/spark_jobs/nyc_taxi_to_iceberg.py /opt/***/data/raw/yellow_tripdata_2025-11.parquet
[2025-11-02T12:53:37.042+0000] {spark_submit.py:491} INFO - 25/11/02 12:53:37 WARN NativeCodeLoader: Unable to load native-hadoop library for your platform... using builtin-java classes where applicable
[2025-11-02T12:53:37.563+0000] {spark_submit.py:491} INFO - 25/11/02 12:53:37 INFO SparkContext: Running Spark version 3.5.1
[2025-11-02T12:53:37.565+0000] {spark_submit.py:491} INFO - 25/11/02 12:53:37 INFO SparkContext: OS info Linux, 6.10.14-linuxkit, aarch64
[2025-11-02T12:53:37.565+0000] {spark_submit.py:491} INFO - 25/11/02 12:53:37 INFO SparkContext: Java version 11.0.28
[2025-11-02T12:53:37.582+0000] {spark_submit.py:491} INFO - 25/11/02 12:53:37 INFO ResourceUtils: ==============================================================
[2025-11-02T12:53:37.582+0000] {spark_submit.py:491} INFO - 25/11/02 12:53:37 INFO ResourceUtils: No custom resources configured for spark.driver.
[2025-11-02T12:53:37.583+0000] {spark_submit.py:491} INFO - 25/11/02 12:53:37 INFO ResourceUtils: ==============================================================
[2025-11-02T12:53:37.583+0000] {spark_submit.py:491} INFO - 25/11/02 12:53:37 INFO SparkContext: Submitted application: NYC Taxi to Iceberg ETL
[2025-11-02T12:53:37.596+0000] {spark_submit.py:491} INFO - 25/11/02 12:53:37 INFO ResourceProfile: Default ResourceProfile created, executor resources: Map(cores -> name: cores, amount: 1, script: , vendor: , memory -> name: memory, amount: 1024, script: , vendor: , offHeap -> name: offHeap, amount: 0, script: , vendor: ), task resources: Map(cpus -> name: cpus, amount: 1.0)
[2025-11-02T12:53:37.601+0000] {spark_submit.py:491} INFO - 25/11/02 12:53:37 INFO ResourceProfile: Limiting resource is cpu
[2025-11-02T12:53:37.601+0000] {spark_submit.py:491} INFO - 25/11/02 12:53:37 INFO ResourceProfileManager: Added ResourceProfile id: 0
[2025-11-02T12:53:37.641+0000] {spark_submit.py:491} INFO - 25/11/02 12:53:37 INFO SecurityManager: Changing view acls to: ***
[2025-11-02T12:53:37.642+0000] {spark_submit.py:491} INFO - 25/11/02 12:53:37 INFO SecurityManager: Changing modify acls to: ***
[2025-11-02T12:53:37.642+0000] {spark_submit.py:491} INFO - 25/11/02 12:53:37 INFO SecurityManager: Changing view acls groups to:
[2025-11-02T12:53:37.643+0000] {spark_submit.py:491} INFO - 25/11/02 12:53:37 INFO SecurityManager: Changing modify acls groups to:
[2025-11-02T12:53:37.643+0000] {spark_submit.py:491} INFO - 25/11/02 12:53:37 INFO SecurityManager: SecurityManager: authentication disabled; ui acls disabled; users with view permissions: ***; groups with view permissions: EMPTY; users with modify permissions: ***; groups with modify permissions: EMPTY
[2025-11-02T12:53:37.754+0000] {spark_submit.py:491} INFO - 25/11/02 12:53:37 INFO Utils: Successfully started service 'sparkDriver' on port 35117.
[2025-11-02T12:53:37.769+0000] {spark_submit.py:491} INFO - 25/11/02 12:53:37 INFO SparkEnv: Registering MapOutputTracker
[2025-11-02T12:53:37.783+0000] {spark_submit.py:491} INFO - 25/11/02 12:53:37 INFO SparkEnv: Registering BlockManagerMaster
[2025-11-02T12:53:37.793+0000] {spark_submit.py:491} INFO - 25/11/02 12:53:37 INFO BlockManagerMasterEndpoint: Using org.apache.spark.storage.DefaultTopologyMapper for getting topology information
[2025-11-02T12:53:37.794+0000] {spark_submit.py:491} INFO - 25/11/02 12:53:37 INFO BlockManagerMasterEndpoint: BlockManagerMasterEndpoint up
[2025-11-02T12:53:37.795+0000] {spark_submit.py:491} INFO - 25/11/02 12:53:37 INFO SparkEnv: Registering BlockManagerMasterHeartbeat
[2025-11-02T12:53:37.806+0000] {spark_submit.py:491} INFO - 25/11/02 12:53:37 INFO DiskBlockManager: Created local directory at /tmp/blockmgr-54142d26-de9f-4b26-8124-9da5eb166cde
[2025-11-02T12:53:37.811+0000] {spark_submit.py:491} INFO - 25/11/02 12:53:37 INFO MemoryStore: MemoryStore started with capacity 434.4 MiB
[2025-11-02T12:53:37.817+0000] {spark_submit.py:491} INFO - 25/11/02 12:53:37 INFO SparkEnv: Registering OutputCommitCoordinator
[2025-11-02T12:53:37.879+0000] {spark_submit.py:491} INFO - 25/11/02 12:53:37 INFO JettyUtils: Start Jetty 0.0.0.0:4040 for SparkUI
[2025-11-02T12:53:37.902+0000] {spark_submit.py:491} INFO - 25/11/02 12:53:37 INFO Utils: Successfully started service 'SparkUI' on port 4040.
[2025-11-02T12:53:37.916+0000] {spark_submit.py:491} INFO - 25/11/02 12:53:37 INFO SparkContext: Added JAR file:///opt/***/jars/iceberg-spark-runtime-3.5_2.12-1.4.2.jar at spark://ec57452a9f33:35117/jars/iceberg-spark-runtime-3.5_2.12-1.4.2.jar with timestamp 1762088017558
[2025-11-02T12:53:37.916+0000] {spark_submit.py:491} INFO - 25/11/02 12:53:37 INFO SparkContext: Added JAR file:///opt/***/jars/aws-java-sdk-bundle-1.12.367.jar at spark://ec57452a9f33:35117/jars/aws-java-sdk-bundle-1.12.367.jar with timestamp 1762088017558
[2025-11-02T12:53:37.918+0000] {spark_submit.py:491} INFO - 25/11/02 12:53:37 INFO SparkContext: Added JAR file:///opt/***/jars/hadoop-aws-3.3.4.jar at spark://ec57452a9f33:35117/jars/hadoop-aws-3.3.4.jar with timestamp 1762088017558
[2025-11-02T12:53:37.946+0000] {spark_submit.py:491} INFO - 25/11/02 12:53:37 INFO Executor: Starting executor ID driver on host ec57452a9f33
[2025-11-02T12:53:37.947+0000] {spark_submit.py:491} INFO - 25/11/02 12:53:37 INFO Executor: OS info Linux, 6.10.14-linuxkit, aarch64
[2025-11-02T12:53:37.947+0000] {spark_submit.py:491} INFO - 25/11/02 12:53:37 INFO Executor: Java version 11.0.28
[2025-11-02T12:53:37.949+0000] {spark_submit.py:491} INFO - 25/11/02 12:53:37 INFO Executor: Starting executor with user classpath (userClassPathFirst = false): ''
[2025-11-02T12:53:37.950+0000] {spark_submit.py:491} INFO - 25/11/02 12:53:37 INFO Executor: Created or updated repl class loader org.apache.spark.util.MutableURLClassLoader@7843d0b1 for default.
[2025-11-02T12:53:37.953+0000] {spark_submit.py:491} INFO - 25/11/02 12:53:37 INFO Executor: Fetching spark://ec57452a9f33:35117/jars/iceberg-spark-runtime-3.5_2.12-1.4.2.jar with timestamp 1762088017558
[2025-11-02T12:53:37.976+0000] {spark_submit.py:491} INFO - 25/11/02 12:53:37 INFO TransportClientFactory: Successfully created connection to ec57452a9f33/172.18.0.14:35117 after 11 ms (0 ms spent in bootstraps)
[2025-11-02T12:53:37.978+0000] {spark_submit.py:491} INFO - 25/11/02 12:53:37 INFO Utils: Fetching spark://ec57452a9f33:35117/jars/iceberg-spark-runtime-3.5_2.12-1.4.2.jar to /tmp/spark-f6dddac3-5e46-4863-9580-8bb0c3c1dad7/userFiles-ce647b04-d7c2-4bc3-9dd4-04b67f4114c1/fetchFileTemp11978726866650970840.tmp
[2025-11-02T12:53:38.029+0000] {spark_submit.py:491} INFO - 25/11/02 12:53:38 INFO Executor: Adding file:/tmp/spark-f6dddac3-5e46-4863-9580-8bb0c3c1dad7/userFiles-ce647b04-d7c2-4bc3-9dd4-04b67f4114c1/iceberg-spark-runtime-3.5_2.12-1.4.2.jar to class loader default
[2025-11-02T12:53:38.029+0000] {spark_submit.py:491} INFO - 25/11/02 12:53:38 INFO Executor: Fetching spark://ec57452a9f33:35117/jars/hadoop-aws-3.3.4.jar with timestamp 1762088017558
[2025-11-02T12:53:38.029+0000] {spark_submit.py:491} INFO - 25/11/02 12:53:38 INFO Utils: Fetching spark://ec57452a9f33:35117/jars/hadoop-aws-3.3.4.jar to /tmp/spark-f6dddac3-5e46-4863-9580-8bb0c3c1dad7/userFiles-ce647b04-d7c2-4bc3-9dd4-04b67f4114c1/fetchFileTemp893226475656660938.tmp
[2025-11-02T12:53:38.034+0000] {spark_submit.py:491} INFO - 25/11/02 12:53:38 INFO Executor: Adding file:/tmp/spark-f6dddac3-5e46-4863-9580-8bb0c3c1dad7/userFiles-ce647b04-d7c2-4bc3-9dd4-04b67f4114c1/hadoop-aws-3.3.4.jar to class loader default
[2025-11-02T12:53:38.034+0000] {spark_submit.py:491} INFO - 25/11/02 12:53:38 INFO Executor: Fetching spark://ec57452a9f33:35117/jars/aws-java-sdk-bundle-1.12.367.jar with timestamp 1762088017558
[2025-11-02T12:53:38.034+0000] {spark_submit.py:491} INFO - 25/11/02 12:53:38 INFO Utils: Fetching spark://ec57452a9f33:35117/jars/aws-java-sdk-bundle-1.12.367.jar to /tmp/spark-f6dddac3-5e46-4863-9580-8bb0c3c1dad7/userFiles-ce647b04-d7c2-4bc3-9dd4-04b67f4114c1/fetchFileTemp12779779465526976025.tmp
[2025-11-02T12:53:38.257+0000] {spark_submit.py:491} INFO - 25/11/02 12:53:38 INFO Executor: Adding file:/tmp/spark-f6dddac3-5e46-4863-9580-8bb0c3c1dad7/userFiles-ce647b04-d7c2-4bc3-9dd4-04b67f4114c1/aws-java-sdk-bundle-1.12.367.jar to class loader default
[2025-11-02T12:53:38.348+0000] {spark_submit.py:491} INFO - 25/11/02 12:53:38 INFO Utils: Successfully started service 'org.apache.spark.network.netty.NettyBlockTransferService' on port 39317.
[2025-11-02T12:53:38.349+0000] {spark_submit.py:491} INFO - 25/11/02 12:53:38 INFO NettyBlockTransferService: Server created on ec57452a9f33:39317
[2025-11-02T12:53:38.349+0000] {spark_submit.py:491} INFO - 25/11/02 12:53:38 INFO BlockManager: Using org.apache.spark.storage.RandomBlockReplicationPolicy for block replication policy
[2025-11-02T12:53:38.353+0000] {spark_submit.py:491} INFO - 25/11/02 12:53:38 INFO BlockManagerMaster: Registering BlockManager BlockManagerId(driver, ec57452a9f33, 39317, None)
[2025-11-02T12:53:38.355+0000] {spark_submit.py:491} INFO - 25/11/02 12:53:38 INFO BlockManagerMasterEndpoint: Registering block manager ec57452a9f33:39317 with 434.4 MiB RAM, BlockManagerId(driver, ec57452a9f33, 39317, None)
[2025-11-02T12:53:38.356+0000] {spark_submit.py:491} INFO - 25/11/02 12:53:38 INFO BlockManagerMaster: Registered BlockManager BlockManagerId(driver, ec57452a9f33, 39317, None)
[2025-11-02T12:53:38.357+0000] {spark_submit.py:491} INFO - 25/11/02 12:53:38 INFO BlockManager: Initialized BlockManager: BlockManagerId(driver, ec57452a9f33, 39317, None)
[2025-11-02T12:53:39.897+0000] {spark_submit.py:491} INFO - 25/11/02 12:53:39 WARN MetricsConfig: Cannot locate configuration: tried hadoop-metrics2-s3a-file-system.properties,hadoop-metrics2.properties
[2025-11-02T12:53:40.332+0000] {spark_submit.py:491} INFO - 25/11/02 12:53:40 WARN HadoopTableOperations: Error trying to recover version-hint.txt data for s3a://lakehouse/warehouse/nyc_taxi/trips/metadata/version-hint.text
[2025-11-02T12:53:40.333+0000] {spark_submit.py:491} INFO - java.io.FileNotFoundException: No such file or directory: s3a://lakehouse/warehouse/nyc_taxi/trips/metadata/version-hint.text
[2025-11-02T12:53:40.334+0000] {spark_submit.py:491} INFO - at org.apache.hadoop.fs.s3a.S3AFileSystem.s3GetFileStatus(S3AFileSystem.java:3866)
[2025-11-02T12:53:40.335+0000] {spark_submit.py:491} INFO - at org.apache.hadoop.fs.s3a.S3AFileSystem.innerGetFileStatus(S3AFileSystem.java:3688)
[2025-11-02T12:53:40.335+0000] {spark_submit.py:491} INFO - at org.apache.hadoop.fs.s3a.S3AFileSystem.extractOrFetchSimpleFileStatus(S3AFileSystem.java:5401)
[2025-11-02T12:53:40.335+0000] {spark_submit.py:491} INFO - at org.apache.hadoop.fs.s3a.S3AFileSystem.open(S3AFileSystem.java:1465)
[2025-11-02T12:53:40.336+0000] {spark_submit.py:491} INFO - at org.apache.hadoop.fs.s3a.S3AFileSystem.open(S3AFileSystem.java:1441)
[2025-11-02T12:53:40.336+0000] {spark_submit.py:491} INFO - at org.apache.hadoop.fs.FileSystem.open(FileSystem.java:976)
[2025-11-02T12:53:40.337+0000] {spark_submit.py:491} INFO - at org.apache.iceberg.hadoop.HadoopTableOperations.findVersion(HadoopTableOperations.java:318)
[2025-11-02T12:53:40.338+0000] {spark_submit.py:491} INFO - at org.apache.iceberg.hadoop.HadoopTableOperations.refresh(HadoopTableOperations.java:104)
[2025-11-02T12:53:40.338+0000] {spark_submit.py:491} INFO - at org.apache.iceberg.hadoop.HadoopTableOperations.current(HadoopTableOperations.java:84)
[2025-11-02T12:53:40.338+0000] {spark_submit.py:491} INFO - at org.apache.iceberg.BaseMetastoreCatalog.loadTable(BaseMetastoreCatalog.java:47)
[2025-11-02T12:53:40.339+0000] {spark_submit.py:491} INFO - at org.apache.iceberg.shaded.com.github.benmanes.caffeine.cache.BoundedLocalCache.lambda$doComputeIfAbsent$14(BoundedLocalCache.java:2406)
[2025-11-02T12:53:40.339+0000] {spark_submit.py:491} INFO - at java.base/java.util.concurrent.ConcurrentHashMap.compute(ConcurrentHashMap.java:1908)
[2025-11-02T12:53:40.339+0000] {spark_submit.py:491} INFO - at org.apache.iceberg.shaded.com.github.benmanes.caffeine.cache.BoundedLocalCache.doComputeIfAbsent(BoundedLocalCache.java:2404)
[2025-11-02T12:53:40.339+0000] {spark_submit.py:491} INFO - at org.apache.iceberg.shaded.com.github.benmanes.caffeine.cache.BoundedLocalCache.computeIfAbsent(BoundedLocalCache.java:2387)
[2025-11-02T12:53:40.339+0000] {spark_submit.py:491} INFO - at org.apache.iceberg.shaded.com.github.benmanes.caffeine.cache.LocalCache.computeIfAbsent(LocalCache.java:108)
[2025-11-02T12:53:40.340+0000] {spark_submit.py:491} INFO - at org.apache.iceberg.shaded.com.github.benmanes.caffeine.cache.LocalManualCache.get(LocalManualCache.java:62)
[2025-11-02T12:53:40.340+0000] {spark_submit.py:491} INFO - at org.apache.iceberg.CachingCatalog.loadTable(CachingCatalog.java:166)
[2025-11-02T12:53:40.340+0000] {spark_submit.py:491} INFO - at org.apache.iceberg.spark.SparkCatalog.load(SparkCatalog.java:643)
[2025-11-02T12:53:40.340+0000] {spark_submit.py:491} INFO - at org.apache.iceberg.spark.SparkCatalog.loadTable(SparkCatalog.java:159)
[2025-11-02T12:53:40.340+0000] {spark_submit.py:491} INFO - at org.apache.spark.sql.connector.catalog.TableCatalog.tableExists(TableCatalog.java:164)
[2025-11-02T12:53:40.341+0000] {spark_submit.py:491} INFO - at org.apache.spark.sql.execution.datasources.v2.CreateTableExec.run(CreateTableExec.scala:42)
[2025-11-02T12:53:40.341+0000] {spark_submit.py:491} INFO - at org.apache.spark.sql.execution.datasources.v2.V2CommandExec.result$lzycompute(V2CommandExec.scala:43)
[2025-11-02T12:53:40.341+0000] {spark_submit.py:491} INFO - at org.apache.spark.sql.execution.datasources.v2.V2CommandExec.result(V2CommandExec.scala:43)
[2025-11-02T12:53:40.341+0000] {spark_submit.py:491} INFO - at org.apache.spark.sql.execution.datasources.v2.V2CommandExec.executeCollect(V2CommandExec.scala:49)
[2025-11-02T12:53:40.341+0000] {spark_submit.py:491} INFO - at org.apache.spark.sql.execution.QueryExecution$$anonfun$eagerlyExecuteCommands$1.$anonfun$applyOrElse$1(QueryExecution.scala:107)
[2025-11-02T12:53:40.341+0000] {spark_submit.py:491} INFO - at org.apache.spark.sql.execution.SQLExecution$.$anonfun$withNewExecutionId$6(SQLExecution.scala:125)
[2025-11-02T12:53:40.342+0000] {spark_submit.py:491} INFO - at org.apache.spark.sql.execution.SQLExecution$.withSQLConfPropagated(SQLExecution.scala:201)
[2025-11-02T12:53:40.342+0000] {spark_submit.py:491} INFO - at org.apache.spark.sql.execution.SQLExecution$.$anonfun$withNewExecutionId$1(SQLExecution.scala:108)
[2025-11-02T12:53:40.342+0000] {spark_submit.py:491} INFO - at org.apache.spark.sql.SparkSession.withActive(SparkSession.scala:900)
[2025-11-02T12:53:40.342+0000] {spark_submit.py:491} INFO - at org.apache.spark.sql.execution.SQLExecution$.withNewExecutionId(SQLExecution.scala:66)
[2025-11-02T12:53:40.342+0000] {spark_submit.py:491} INFO - at org.apache.spark.sql.execution.QueryExecution$$anonfun$eagerlyExecuteCommands$1.applyOrElse(QueryExecution.scala:107)
[2025-11-02T12:53:40.342+0000] {spark_submit.py:491} INFO - at org.apache.spark.sql.execution.QueryExecution$$anonfun$eagerlyExecuteCommands$1.applyOrElse(QueryExecution.scala:98)
[2025-11-02T12:53:40.342+0000] {spark_submit.py:491} INFO - at org.apache.spark.sql.catalyst.trees.TreeNode.$anonfun$transformDownWithPruning$1(TreeNode.scala:461)
[2025-11-02T12:53:40.343+0000] {spark_submit.py:491} INFO - at org.apache.spark.sql.catalyst.trees.CurrentOrigin$.withOrigin(origin.scala:76)
[2025-11-02T12:53:40.343+0000] {spark_submit.py:491} INFO - at org.apache.spark.sql.catalyst.trees.TreeNode.transformDownWithPruning(TreeNode.scala:461)
[2025-11-02T12:53:40.343+0000] {spark_submit.py:491} INFO - at org.apache.spark.sql.catalyst.plans.logical.LogicalPlan.org$apache$spark$sql$catalyst$plans$logical$AnalysisHelper$$super$transformDownWithPruning(LogicalPlan.scala:32)
[2025-11-02T12:53:40.343+0000] {spark_submit.py:491} INFO - at org.apache.spark.sql.catalyst.plans.logical.AnalysisHelper.transformDownWithPruning(AnalysisHelper.scala:267)
[2025-11-02T12:53:40.343+0000] {spark_submit.py:491} INFO - at org.apache.spark.sql.catalyst.plans.logical.AnalysisHelper.transformDownWithPruning$(AnalysisHelper.scala:263)
[2025-11-02T12:53:40.343+0000] {spark_submit.py:491} INFO - at org.apache.spark.sql.catalyst.plans.logical.LogicalPlan.transformDownWithPruning(LogicalPlan.scala:32)
[2025-11-02T12:53:40.343+0000] {spark_submit.py:491} INFO - at org.apache.spark.sql.catalyst.plans.logical.LogicalPlan.transformDownWithPruning(LogicalPlan.scala:32)
[2025-11-02T12:53:40.344+0000] {spark_submit.py:491} INFO - at org.apache.spark.sql.catalyst.trees.TreeNode.transformDown(TreeNode.scala:437)
[2025-11-02T12:53:40.344+0000] {spark_submit.py:491} INFO - at org.apache.spark.sql.execution.QueryExecution.eagerlyExecuteCommands(QueryExecution.scala:98)
[2025-11-02T12:53:40.344+0000] {spark_submit.py:491} INFO - at org.apache.spark.sql.execution.QueryExecution.commandExecuted$lzycompute(QueryExecution.scala:85)
[2025-11-02T12:53:40.344+0000] {spark_submit.py:491} INFO - at org.apache.spark.sql.execution.QueryExecution.commandExecuted(QueryExecution.scala:83)
[2025-11-02T12:53:40.344+0000] {spark_submit.py:491} INFO - at org.apache.spark.sql.Dataset.<init>(Dataset.scala:220)
[2025-11-02T12:53:40.344+0000] {spark_submit.py:491} INFO - at org.apache.spark.sql.Dataset$.$anonfun$ofRows$2(Dataset.scala:100)
[2025-11-02T12:53:40.345+0000] {spark_submit.py:491} INFO - at org.apache.spark.sql.SparkSession.withActive(SparkSession.scala:900)
[2025-11-02T12:53:40.345+0000] {spark_submit.py:491} INFO - at org.apache.spark.sql.Dataset$.ofRows(Dataset.scala:97)
[2025-11-02T12:53:40.345+0000] {spark_submit.py:491} INFO - at org.apache.spark.sql.SparkSession.$anonfun$sql$1(SparkSession.scala:638)
[2025-11-02T12:53:40.345+0000] {spark_submit.py:491} INFO - at org.apache.spark.sql.SparkSession.withActive(SparkSession.scala:900)
[2025-11-02T12:53:40.345+0000] {spark_submit.py:491} INFO - at org.apache.spark.sql.SparkSession.sql(SparkSession.scala:629)
[2025-11-02T12:53:40.345+0000] {spark_submit.py:491} INFO - at org.apache.spark.sql.SparkSession.sql(SparkSession.scala:659)
[2025-11-02T12:53:40.345+0000] {spark_submit.py:491} INFO - at java.base/jdk.internal.reflect.NativeMethodAccessorImpl.invoke0(Native Method)
[2025-11-02T12:53:40.345+0000] {spark_submit.py:491} INFO - at java.base/jdk.internal.reflect.NativeMethodAccessorImpl.invoke(NativeMethodAccessorImpl.java:62)
[2025-11-02T12:53:40.346+0000] {spark_submit.py:491} INFO - at java.base/jdk.internal.reflect.DelegatingMethodAccessorImpl.invoke(DelegatingMethodAccessorImpl.java:43)
[2025-11-02T12:53:40.346+0000] {spark_submit.py:491} INFO - at java.base/java.lang.reflect.Method.invoke(Method.java:566)
[2025-11-02T12:53:40.346+0000] {spark_submit.py:491} INFO - at py4j.reflection.MethodInvoker.invoke(MethodInvoker.java:244)
[2025-11-02T12:53:40.346+0000] {spark_submit.py:491} INFO - at py4j.reflection.ReflectionEngine.invoke(ReflectionEngine.java:374)
[2025-11-02T12:53:40.346+0000] {spark_submit.py:491} INFO - at py4j.Gateway.invoke(Gateway.java:282)
[2025-11-02T12:53:40.346+0000] {spark_submit.py:491} INFO - at py4j.commands.AbstractCommand.invokeMethod(AbstractCommand.java:132)
[2025-11-02T12:53:40.346+0000] {spark_submit.py:491} INFO - at py4j.commands.CallCommand.execute(CallCommand.java:79)
[2025-11-02T12:53:40.346+0000] {spark_submit.py:491} INFO - at py4j.ClientServerConnection.waitForCommands(ClientServerConnection.java:182)
[2025-11-02T12:53:40.346+0000] {spark_submit.py:491} INFO - at py4j.ClientServerConnection.run(ClientServerConnection.java:106)
[2025-11-02T12:53:40.346+0000] {spark_submit.py:491} INFO - at java.base/java.lang.Thread.run(Thread.java:829)
[2025-11-02T12:53:40.535+0000] {spark_submit.py:491} INFO - Error creating trips table: An error occurred while calling o48.sql.
[2025-11-02T12:53:40.535+0000] {spark_submit.py:491} INFO - : org.apache.iceberg.exceptions.RuntimeIOException: Failed to refresh the table
[2025-11-02T12:53:40.535+0000] {spark_submit.py:491} INFO - at org.apache.iceberg.hadoop.HadoopTableOperations.refresh(HadoopTableOperations.java:126)
[2025-11-02T12:53:40.535+0000] {spark_submit.py:491} INFO - at org.apache.iceberg.hadoop.HadoopTableOperations.current(HadoopTableOperations.java:84)
[2025-11-02T12:53:40.536+0000] {spark_submit.py:491} INFO - at org.apache.iceberg.BaseMetastoreCatalog.loadTable(BaseMetastoreCatalog.java:47)
[2025-11-02T12:53:40.536+0000] {spark_submit.py:491} INFO - at org.apache.iceberg.shaded.com.github.benmanes.caffeine.cache.BoundedLocalCache.lambda$doComputeIfAbsent$14(BoundedLocalCache.java:2406)
[2025-11-02T12:53:40.536+0000] {spark_submit.py:491} INFO - at java.base/java.util.concurrent.ConcurrentHashMap.compute(ConcurrentHashMap.java:1908)
[2025-11-02T12:53:40.536+0000] {spark_submit.py:491} INFO - at org.apache.iceberg.shaded.com.github.benmanes.caffeine.cache.BoundedLocalCache.doComputeIfAbsent(BoundedLocalCache.java:2404)
[2025-11-02T12:53:40.540+0000] {spark_submit.py:491} INFO - at org.apache.iceberg.shaded.com.github.benmanes.caffeine.cache.BoundedLocalCache.computeIfAbsent(BoundedLocalCache.java:2387)
[2025-11-02T12:53:40.540+0000] {spark_submit.py:491} INFO - at org.apache.iceberg.shaded.com.github.benmanes.caffeine.cache.LocalCache.computeIfAbsent(LocalCache.java:108)
[2025-11-02T12:53:40.540+0000] {spark_submit.py:491} INFO - at org.apache.iceberg.shaded.com.github.benmanes.caffeine.cache.LocalManualCache.get(LocalManualCache.java:62)
[2025-11-02T12:53:40.540+0000] {spark_submit.py:491} INFO - at org.apache.iceberg.CachingCatalog.loadTable(CachingCatalog.java:166)
[2025-11-02T12:53:40.541+0000] {spark_submit.py:491} INFO - at org.apache.iceberg.spark.SparkCatalog.load(SparkCatalog.java:643)
[2025-11-02T12:53:40.541+0000] {spark_submit.py:491} INFO - at org.apache.iceberg.spark.SparkCatalog.loadTable(SparkCatalog.java:159)
[2025-11-02T12:53:40.541+0000] {spark_submit.py:491} INFO - at org.apache.spark.sql.connector.catalog.TableCatalog.tableExists(TableCatalog.java:164)
[2025-11-02T12:53:40.541+0000] {spark_submit.py:491} INFO - at org.apache.spark.sql.execution.datasources.v2.CreateTableExec.run(CreateTableExec.scala:42)
[2025-11-02T12:53:40.541+0000] {spark_submit.py:491} INFO - at org.apache.spark.sql.execution.datasources.v2.V2CommandExec.result$lzycompute(V2CommandExec.scala:43)
[2025-11-02T12:53:40.542+0000] {spark_submit.py:491} INFO - at org.apache.spark.sql.execution.datasources.v2.V2CommandExec.result(V2CommandExec.scala:43)
[2025-11-02T12:53:40.542+0000] {spark_submit.py:491} INFO - at org.apache.spark.sql.execution.datasources.v2.V2CommandExec.executeCollect(V2CommandExec.scala:49)
[2025-11-02T12:53:40.542+0000] {spark_submit.py:491} INFO - at org.apache.spark.sql.execution.QueryExecution$$anonfun$eagerlyExecuteCommands$1.$anonfun$applyOrElse$1(QueryExecution.scala:107)
[2025-11-02T12:53:40.542+0000] {spark_submit.py:491} INFO - at org.apache.spark.sql.execution.SQLExecution$.$anonfun$withNewExecutionId$6(SQLExecution.scala:125)
[2025-11-02T12:53:40.542+0000] {spark_submit.py:491} INFO - at org.apache.spark.sql.execution.SQLExecution$.withSQLConfPropagated(SQLExecution.scala:201)
[2025-11-02T12:53:40.542+0000] {spark_submit.py:491} INFO - at org.apache.spark.sql.execution.SQLExecution$.$anonfun$withNewExecutionId$1(SQLExecution.scala:108)
[2025-11-02T12:53:40.543+0000] {spark_submit.py:491} INFO - at org.apache.spark.sql.SparkSession.withActive(SparkSession.scala:900)
[2025-11-02T12:53:40.543+0000] {spark_submit.py:491} INFO - at org.apache.spark.sql.execution.SQLExecution$.withNewExecutionId(SQLExecution.scala:66)
[2025-11-02T12:53:40.543+0000] {spark_submit.py:491} INFO - at org.apache.spark.sql.execution.QueryExecution$$anonfun$eagerlyExecuteCommands$1.applyOrElse(QueryExecution.scala:107)
[2025-11-02T12:53:40.543+0000] {spark_submit.py:491} INFO - at org.apache.spark.sql.execution.QueryExecution$$anonfun$eagerlyExecuteCommands$1.applyOrElse(QueryExecution.scala:98)
[2025-11-02T12:53:40.543+0000] {spark_submit.py:491} INFO - at org.apache.spark.sql.catalyst.trees.TreeNode.$anonfun$transformDownWithPruning$1(TreeNode.scala:461)
[2025-11-02T12:53:40.543+0000] {spark_submit.py:491} INFO - at org.apache.spark.sql.catalyst.trees.CurrentOrigin$.withOrigin(origin.scala:76)
[2025-11-02T12:53:40.543+0000] {spark_submit.py:491} INFO - at org.apache.spark.sql.catalyst.trees.TreeNode.transformDownWithPruning(TreeNode.scala:461)
[2025-11-02T12:53:40.543+0000] {spark_submit.py:491} INFO - at org.apache.spark.sql.catalyst.plans.logical.LogicalPlan.org$apache$spark$sql$catalyst$plans$logical$AnalysisHelper$$super$transformDownWithPruning(LogicalPlan.scala:32)
[2025-11-02T12:53:40.543+0000] {spark_submit.py:491} INFO - at org.apache.spark.sql.catalyst.plans.logical.AnalysisHelper.transformDownWithPruning(AnalysisHelper.scala:267)
[2025-11-02T12:53:40.543+0000] {spark_submit.py:491} INFO - at org.apache.spark.sql.catalyst.plans.logical.AnalysisHelper.transformDownWithPruning$(AnalysisHelper.scala:263)
[2025-11-02T12:53:40.544+0000] {spark_submit.py:491} INFO - at org.apache.spark.sql.catalyst.plans.logical.LogicalPlan.transformDownWithPruning(LogicalPlan.scala:32)
[2025-11-02T12:53:40.544+0000] {spark_submit.py:491} INFO - at org.apache.spark.sql.catalyst.plans.logical.LogicalPlan.transformDownWithPruning(LogicalPlan.scala:32)
[2025-11-02T12:53:40.544+0000] {spark_submit.py:491} INFO - at org.apache.spark.sql.catalyst.trees.TreeNode.transformDown(TreeNode.scala:437)
[2025-11-02T12:53:40.544+0000] {spark_submit.py:491} INFO - at org.apache.spark.sql.execution.QueryExecution.eagerlyExecuteCommands(QueryExecution.scala:98)
[2025-11-02T12:53:40.544+0000] {spark_submit.py:491} INFO - at org.apache.spark.sql.execution.QueryExecution.commandExecuted$lzycompute(QueryExecution.scala:85)
[2025-11-02T12:53:40.544+0000] {spark_submit.py:491} INFO - at org.apache.spark.sql.execution.QueryExecution.commandExecuted(QueryExecution.scala:83)
[2025-11-02T12:53:40.544+0000] {spark_submit.py:491} INFO - at org.apache.spark.sql.Dataset.<init>(Dataset.scala:220)
[2025-11-02T12:53:40.544+0000] {spark_submit.py:491} INFO - at org.apache.spark.sql.Dataset$.$anonfun$ofRows$2(Dataset.scala:100)
[2025-11-02T12:53:40.544+0000] {spark_submit.py:491} INFO - at org.apache.spark.sql.SparkSession.withActive(SparkSession.scala:900)
[2025-11-02T12:53:40.544+0000] {spark_submit.py:491} INFO - at org.apache.spark.sql.Dataset$.ofRows(Dataset.scala:97)
[2025-11-02T12:53:40.545+0000] {spark_submit.py:491} INFO - at org.apache.spark.sql.SparkSession.$anonfun$sql$1(SparkSession.scala:638)
[2025-11-02T12:53:40.545+0000] {spark_submit.py:491} INFO - at org.apache.spark.sql.SparkSession.withActive(SparkSession.scala:900)
[2025-11-02T12:53:40.545+0000] {spark_submit.py:491} INFO - at org.apache.spark.sql.SparkSession.sql(SparkSession.scala:629)
[2025-11-02T12:53:40.545+0000] {spark_submit.py:491} INFO - at org.apache.spark.sql.SparkSession.sql(SparkSession.scala:659)
[2025-11-02T12:53:40.545+0000] {spark_submit.py:491} INFO - at java.base/jdk.internal.reflect.NativeMethodAccessorImpl.invoke0(Native Method)
[2025-11-02T12:53:40.545+0000] {spark_submit.py:491} INFO - at java.base/jdk.internal.reflect.NativeMethodAccessorImpl.invoke(NativeMethodAccessorImpl.java:62)
[2025-11-02T12:53:40.545+0000] {spark_submit.py:491} INFO - at java.base/jdk.internal.reflect.DelegatingMethodAccessorImpl.invoke(DelegatingMethodAccessorImpl.java:43)
[2025-11-02T12:53:40.545+0000] {spark_submit.py:491} INFO - at java.base/java.lang.reflect.Method.invoke(Method.java:566)
[2025-11-02T12:53:40.547+0000] {spark_submit.py:491} INFO - at py4j.reflection.MethodInvoker.invoke(MethodInvoker.java:244)
[2025-11-02T12:53:40.548+0000] {spark_submit.py:491} INFO - at py4j.reflection.ReflectionEngine.invoke(ReflectionEngine.java:374)
[2025-11-02T12:53:40.548+0000] {spark_submit.py:491} INFO - at py4j.Gateway.invoke(Gateway.java:282)
[2025-11-02T12:53:40.548+0000] {spark_submit.py:491} INFO - at py4j.commands.AbstractCommand.invokeMethod(AbstractCommand.java:132)
[2025-11-02T12:53:40.549+0000] {spark_submit.py:491} INFO - at py4j.commands.CallCommand.execute(CallCommand.java:79)
[2025-11-02T12:53:40.549+0000] {spark_submit.py:491} INFO - at py4j.ClientServerConnection.waitForCommands(ClientServerConnection.java:182)
[2025-11-02T12:53:40.549+0000] {spark_submit.py:491} INFO - at py4j.ClientServerConnection.run(ClientServerConnection.java:106)
[2025-11-02T12:53:40.550+0000] {spark_submit.py:491} INFO - at java.base/java.lang.Thread.run(Thread.java:829)
[2025-11-02T12:53:40.550+0000] {spark_submit.py:491} INFO - Caused by: org.apache.hadoop.fs.s3a.UnknownStoreException: `s3a://lakehouse/warehouse/nyc_taxi/trips/metadata/v0.metadata.json': getFileStatus on s3a://lakehouse/warehouse/nyc_taxi/trips/metadata/v0.metadata.json: com.amazonaws.services.s3.model.AmazonS3Exception: The specified bucket does not exist (Service: Amazon S3; Status Code: 404; Error Code: NoSuchBucket; Request ID: 187431B7F3223B3F; S3 Extended Request ID: dd9025bab4ad464b049177c95eb6ebf374d3b3fd1af9251148b658df7ac2e3e8; Proxy: null), S3 Extended Request ID: dd9025bab4ad464b049177c95eb6ebf374d3b3fd1af9251148b658df7ac2e3e8:NoSuchBucket: The specified bucket does not exist (Service: Amazon S3; Status Code: 404; Error Code: NoSuchBucket; Request ID: 187431B7F3223B3F; S3 Extended Request ID: dd9025bab4ad464b049177c95eb6ebf374d3b3fd1af9251148b658df7ac2e3e8; Proxy: null)
[2025-11-02T12:53:40.550+0000] {spark_submit.py:491} INFO - at org.apache.hadoop.fs.s3a.S3AUtils.translateException(S3AUtils.java:263)
[2025-11-02T12:53:40.550+0000] {spark_submit.py:491} INFO - at org.apache.hadoop.fs.s3a.S3AUtils.translateException(S3AUtils.java:175)
[2025-11-02T12:53:40.550+0000] {spark_submit.py:491} INFO - at org.apache.hadoop.fs.s3a.S3AFileSystem.s3GetFileStatus(S3AFileSystem.java:3858)
[2025-11-02T12:53:40.551+0000] {spark_submit.py:491} INFO - at org.apache.hadoop.fs.s3a.S3AFileSystem.innerGetFileStatus(S3AFileSystem.java:3688)
[2025-11-02T12:53:40.551+0000] {spark_submit.py:491} INFO - at org.apache.hadoop.fs.s3a.S3AFileSystem.lambda$exists$34(S3AFileSystem.java:4703)
[2025-11-02T12:53:40.551+0000] {spark_submit.py:491} INFO - at org.apache.hadoop.fs.statistics.impl.IOStatisticsBinding.lambda$trackDurationOfOperation$5(IOStatisticsBinding.java:499)
[2025-11-02T12:53:40.551+0000] {spark_submit.py:491} INFO - at org.apache.hadoop.fs.statistics.impl.IOStatisticsBinding.trackDuration(IOStatisticsBinding.java:444)
[2025-11-02T12:53:40.551+0000] {spark_submit.py:491} INFO - at org.apache.hadoop.fs.s3a.S3AFileSystem.trackDurationAndSpan(S3AFileSystem.java:2337)
[2025-11-02T12:53:40.551+0000] {spark_submit.py:491} INFO - at org.apache.hadoop.fs.s3a.S3AFileSystem.trackDurationAndSpan(S3AFileSystem.java:2356)
[2025-11-02T12:53:40.551+0000] {spark_submit.py:491} INFO - at org.apache.hadoop.fs.s3a.S3AFileSystem.exists(S3AFileSystem.java:4701)
[2025-11-02T12:53:40.551+0000] {spark_submit.py:491} INFO - at org.apache.iceberg.hadoop.HadoopTableOperations.getMetadataFile(HadoopTableOperations.java:241)
[2025-11-02T12:53:40.551+0000] {spark_submit.py:491} INFO - at org.apache.iceberg.hadoop.HadoopTableOperations.refresh(HadoopTableOperations.java:106)
[2025-11-02T12:53:40.551+0000] {spark_submit.py:491} INFO - ... 56 more
[2025-11-02T12:53:40.552+0000] {spark_submit.py:491} INFO - Caused by: com.amazonaws.services.s3.model.AmazonS3Exception: The specified bucket does not exist (Service: Amazon S3; Status Code: 404; Error Code: NoSuchBucket; Request ID: 187431B7F3223B3F; S3 Extended Request ID: dd9025bab4ad464b049177c95eb6ebf374d3b3fd1af9251148b658df7ac2e3e8; Proxy: null), S3 Extended Request ID: dd9025bab4ad464b049177c95eb6ebf374d3b3fd1af9251148b658df7ac2e3e8
[2025-11-02T12:53:40.552+0000] {spark_submit.py:491} INFO - at com.amazonaws.http.AmazonHttpClient$RequestExecutor.handleErrorResponse(AmazonHttpClient.java:1879)
[2025-11-02T12:53:40.553+0000] {spark_submit.py:491} INFO - at com.amazonaws.http.AmazonHttpClient$RequestExecutor.handleServiceErrorResponse(AmazonHttpClient.java:1418)
[2025-11-02T12:53:40.553+0000] {spark_submit.py:491} INFO - at com.amazonaws.http.AmazonHttpClient$RequestExecutor.executeOneRequest(AmazonHttpClient.java:1387)
[2025-11-02T12:53:40.553+0000] {spark_submit.py:491} INFO - at com.amazonaws.http.AmazonHttpClient$RequestExecutor.executeHelper(AmazonHttpClient.java:1157)
[2025-11-02T12:53:40.553+0000] {spark_submit.py:491} INFO - at com.amazonaws.http.AmazonHttpClient$RequestExecutor.doExecute(AmazonHttpClient.java:814)
[2025-11-02T12:53:40.553+0000] {spark_submit.py:491} INFO - at com.amazonaws.http.AmazonHttpClient$RequestExecutor.executeWithTimer(AmazonHttpClient.java:781)
[2025-11-02T12:53:40.553+0000] {spark_submit.py:491} INFO - at com.amazonaws.http.AmazonHttpClient$RequestExecutor.execute(AmazonHttpClient.java:755)
[2025-11-02T12:53:40.553+0000] {spark_submit.py:491} INFO - at com.amazonaws.http.AmazonHttpClient$RequestExecutor.access$500(AmazonHttpClient.java:715)
[2025-11-02T12:53:40.554+0000] {spark_submit.py:491} INFO - at com.amazonaws.http.AmazonHttpClient$RequestExecutionBuilderImpl.execute(AmazonHttpClient.java:697)
[2025-11-02T12:53:40.554+0000] {spark_submit.py:491} INFO - at com.amazonaws.http.AmazonHttpClient.execute(AmazonHttpClient.java:561)
[2025-11-02T12:53:40.555+0000] {spark_submit.py:491} INFO - at com.amazonaws.http.AmazonHttpClient.execute(AmazonHttpClient.java:541)
[2025-11-02T12:53:40.555+0000] {spark_submit.py:491} INFO - at com.amazonaws.services.s3.AmazonS3Client.invoke(AmazonS3Client.java:5456)
[2025-11-02T12:53:40.555+0000] {spark_submit.py:491} INFO - at com.amazonaws.services.s3.AmazonS3Client.invoke(AmazonS3Client.java:5403)
[2025-11-02T12:53:40.555+0000] {spark_submit.py:491} INFO - at com.amazonaws.services.s3.AmazonS3Client.invoke(AmazonS3Client.java:5397)
[2025-11-02T12:53:40.555+0000] {spark_submit.py:491} INFO - at com.amazonaws.services.s3.AmazonS3Client.listObjectsV2(AmazonS3Client.java:971)
[2025-11-02T12:53:40.556+0000] {spark_submit.py:491} INFO - at org.apache.hadoop.fs.s3a.S3AFileSystem.lambda$listObjects$11(S3AFileSystem.java:2595)
[2025-11-02T12:53:40.556+0000] {spark_submit.py:491} INFO - at org.apache.hadoop.fs.statistics.impl.IOStatisticsBinding.lambda$trackDurationOfOperation$5(IOStatisticsBinding.java:499)
[2025-11-02T12:53:40.556+0000] {spark_submit.py:491} INFO - at org.apache.hadoop.fs.s3a.Invoker.retryUntranslated(Invoker.java:414)
[2025-11-02T12:53:40.557+0000] {spark_submit.py:491} INFO - at org.apache.hadoop.fs.s3a.Invoker.retryUntranslated(Invoker.java:377)
[2025-11-02T12:53:40.557+0000] {spark_submit.py:491} INFO - at org.apache.hadoop.fs.s3a.S3AFileSystem.listObjects(S3AFileSystem.java:2586)
[2025-11-02T12:53:40.558+0000] {spark_submit.py:491} INFO - at org.apache.hadoop.fs.s3a.S3AFileSystem.s3GetFileStatus(S3AFileSystem.java:3832)
[2025-11-02T12:53:40.558+0000] {spark_submit.py:491} INFO - ... 65 more
[2025-11-02T12:53:40.558+0000] {spark_submit.py:491} INFO - 
[2025-11-02T12:53:40.558+0000] {spark_submit.py:491} INFO - Reading data from: /opt/***/data/raw/yellow_tripdata_2025-11.parquet
[2025-11-02T12:53:41.609+0000] {spark_submit.py:491} INFO - Raw data count: 3252717
[2025-11-02T12:53:41.612+0000] {spark_submit.py:491} INFO - root
[2025-11-02T12:53:41.613+0000] {spark_submit.py:491} INFO - |-- VendorID: long (nullable = true)
[2025-11-02T12:53:41.613+0000] {spark_submit.py:491} INFO - |-- tpep_pickup_datetime: timestamp_ntz (nullable = true)
[2025-11-02T12:53:41.613+0000] {spark_submit.py:491} INFO - |-- tpep_dropoff_datetime: timestamp_ntz (nullable = true)
[2025-11-02T12:53:41.613+0000] {spark_submit.py:491} INFO - |-- passenger_count: double (nullable = true)
[2025-11-02T12:53:41.613+0000] {spark_submit.py:491} INFO - |-- trip_distance: double (nullable = true)
[2025-11-02T12:53:41.614+0000] {spark_submit.py:491} INFO - |-- RatecodeID: double (nullable = true)
[2025-11-02T12:53:41.614+0000] {spark_submit.py:491} INFO - |-- store_and_fwd_flag: string (nullable = true)
[2025-11-02T12:53:41.614+0000] {spark_submit.py:491} INFO - |-- PULocationID: long (nullable = true)
[2025-11-02T12:53:41.615+0000] {spark_submit.py:491} INFO - |-- DOLocationID: long (nullable = true)
[2025-11-02T12:53:41.615+0000] {spark_submit.py:491} INFO - |-- payment_type: long (nullable = true)
[2025-11-02T12:53:41.615+0000] {spark_submit.py:491} INFO - |-- fare_amount: double (nullable = true)
[2025-11-02T12:53:41.616+0000] {spark_submit.py:491} INFO - |-- extra: double (nullable = true)
[2025-11-02T12:53:41.616+0000] {spark_submit.py:491} INFO - |-- mta_tax: double (nullable = true)
[2025-11-02T12:53:41.616+0000] {spark_submit.py:491} INFO - |-- tip_amount: double (nullable = true)
[2025-11-02T12:53:41.616+0000] {spark_submit.py:491} INFO - |-- tolls_amount: double (nullable = true)
[2025-11-02T12:53:41.616+0000] {spark_submit.py:491} INFO - |-- improvement_surcharge: double (nullable = true)
[2025-11-02T12:53:41.616+0000] {spark_submit.py:491} INFO - |-- total_amount: double (nullable = true)
[2025-11-02T12:53:41.616+0000] {spark_submit.py:491} INFO - |-- congestion_surcharge: double (nullable = true)
[2025-11-02T12:53:41.617+0000] {spark_submit.py:491} INFO - |-- airport_fee: double (nullable = true)
[2025-11-02T12:53:41.618+0000] {spark_submit.py:491} INFO - 
[2025-11-02T12:53:42.386+0000] {spark_submit.py:491} INFO - Processed data count: 3019653
[2025-11-02T12:53:42.401+0000] {spark_submit.py:491} INFO - 25/11/02 12:53:42 WARN HadoopTableOperations: Error trying to recover version-hint.txt data for s3a://lakehouse/warehouse/nyc_taxi/trips/metadata/version-hint.text
[2025-11-02T12:53:42.401+0000] {spark_submit.py:491} INFO - java.io.FileNotFoundException: No such file or directory: s3a://lakehouse/warehouse/nyc_taxi/trips/metadata/version-hint.text
[2025-11-02T12:53:42.401+0000] {spark_submit.py:491} INFO - at org.apache.hadoop.fs.s3a.S3AFileSystem.s3GetFileStatus(S3AFileSystem.java:3866)
[2025-11-02T12:53:42.401+0000] {spark_submit.py:491} INFO - at org.apache.hadoop.fs.s3a.S3AFileSystem.innerGetFileStatus(S3AFileSystem.java:3688)
[2025-11-02T12:53:42.401+0000] {spark_submit.py:491} INFO - at org.apache.hadoop.fs.s3a.S3AFileSystem.extractOrFetchSimpleFileStatus(S3AFileSystem.java:5401)
[2025-11-02T12:53:42.401+0000] {spark_submit.py:491} INFO - at org.apache.hadoop.fs.s3a.S3AFileSystem.open(S3AFileSystem.java:1465)
[2025-11-02T12:53:42.402+0000] {spark_submit.py:491} INFO - at org.apache.hadoop.fs.s3a.S3AFileSystem.open(S3AFileSystem.java:1441)
[2025-11-02T12:53:42.402+0000] {spark_submit.py:491} INFO - at org.apache.hadoop.fs.FileSystem.open(FileSystem.java:976)
[2025-11-02T12:53:42.402+0000] {spark_submit.py:491} INFO - at org.apache.iceberg.hadoop.HadoopTableOperations.findVersion(HadoopTableOperations.java:318)
[2025-11-02T12:53:42.402+0000] {spark_submit.py:491} INFO - at org.apache.iceberg.hadoop.HadoopTableOperations.refresh(HadoopTableOperations.java:104)
[2025-11-02T12:53:42.402+0000] {spark_submit.py:491} INFO - at org.apache.iceberg.hadoop.HadoopTableOperations.current(HadoopTableOperations.java:84)
[2025-11-02T12:53:42.402+0000] {spark_submit.py:491} INFO - at org.apache.iceberg.BaseMetastoreCatalog.loadTable(BaseMetastoreCatalog.java:47)
[2025-11-02T12:53:42.402+0000] {spark_submit.py:491} INFO - at org.apache.iceberg.shaded.com.github.benmanes.caffeine.cache.BoundedLocalCache.lambda$doComputeIfAbsent$14(BoundedLocalCache.java:2406)
[2025-11-02T12:53:42.405+0000] {spark_submit.py:491} INFO - at java.base/java.util.concurrent.ConcurrentHashMap.compute(ConcurrentHashMap.java:1908)
[2025-11-02T12:53:42.405+0000] {spark_submit.py:491} INFO - at org.apache.iceberg.shaded.com.github.benmanes.caffeine.cache.BoundedLocalCache.doComputeIfAbsent(BoundedLocalCache.java:2404)
[2025-11-02T12:53:42.405+0000] {spark_submit.py:491} INFO - at org.apache.iceberg.shaded.com.github.benmanes.caffeine.cache.BoundedLocalCache.computeIfAbsent(BoundedLocalCache.java:2387)
[2025-11-02T12:53:42.405+0000] {spark_submit.py:491} INFO - at org.apache.iceberg.shaded.com.github.benmanes.caffeine.cache.LocalCache.computeIfAbsent(LocalCache.java:108)
[2025-11-02T12:53:42.405+0000] {spark_submit.py:491} INFO - at org.apache.iceberg.shaded.com.github.benmanes.caffeine.cache.LocalManualCache.get(LocalManualCache.java:62)
[2025-11-02T12:53:42.405+0000] {spark_submit.py:491} INFO - at org.apache.iceberg.CachingCatalog.loadTable(CachingCatalog.java:166)
[2025-11-02T12:53:42.405+0000] {spark_submit.py:491} INFO - at org.apache.iceberg.spark.SparkCatalog.load(SparkCatalog.java:643)
[2025-11-02T12:53:42.406+0000] {spark_submit.py:491} INFO - at org.apache.iceberg.spark.SparkCatalog.loadTable(SparkCatalog.java:159)
[2025-11-02T12:53:42.406+0000] {spark_submit.py:491} INFO - at org.apache.spark.sql.connector.catalog.CatalogV2Util$.getTable(CatalogV2Util.scala:355)
[2025-11-02T12:53:42.406+0000] {spark_submit.py:491} INFO - at org.apache.spark.sql.connector.catalog.CatalogV2Util$.loadTable(CatalogV2Util.scala:336)
[2025-11-02T12:53:42.406+0000] {spark_submit.py:491} INFO - at org.apache.spark.sql.catalyst.analysis.Analyzer$ResolveRelations$.$anonfun$resolveRelation$3(Analyzer.scala:1271)
[2025-11-02T12:53:42.406+0000] {spark_submit.py:491} INFO - at scala.Option.orElse(Option.scala:447)
[2025-11-02T12:53:42.406+0000] {spark_submit.py:491} INFO - at org.apache.spark.sql.catalyst.analysis.Analyzer$ResolveRelations$.$anonfun$resolveRelation$1(Analyzer.scala:1270)
[2025-11-02T12:53:42.406+0000] {spark_submit.py:491} INFO - at scala.Option.orElse(Option.scala:447)
[2025-11-02T12:53:42.406+0000] {spark_submit.py:491} INFO - at org.apache.spark.sql.catalyst.analysis.Analyzer$ResolveRelations$.org$apache$spark$sql$catalyst$analysis$Analyzer$ResolveRelations$$resolveRelation(Analyzer.scala:1262)
[2025-11-02T12:53:42.406+0000] {spark_submit.py:491} INFO - at org.apache.spark.sql.catalyst.analysis.Analyzer$ResolveRelations$$anonfun$apply$14.applyOrElse(Analyzer.scala:1111)
[2025-11-02T12:53:42.406+0000] {spark_submit.py:491} INFO - at org.apache.spark.sql.catalyst.analysis.Analyzer$ResolveRelations$$anonfun$apply$14.applyOrElse(Analyzer.scala:1090)
[2025-11-02T12:53:42.407+0000] {spark_submit.py:491} INFO - at org.apache.spark.sql.catalyst.plans.logical.AnalysisHelper.$anonfun$resolveOperatorsUpWithPruning$3(AnalysisHelper.scala:138)
[2025-11-02T12:53:42.407+0000] {spark_submit.py:491} INFO - at org.apache.spark.sql.catalyst.trees.CurrentOrigin$.withOrigin(origin.scala:76)
[2025-11-02T12:53:42.407+0000] {spark_submit.py:491} INFO - at org.apache.spark.sql.catalyst.plans.logical.AnalysisHelper.$anonfun$resolveOperatorsUpWithPruning$1(AnalysisHelper.scala:138)
[2025-11-02T12:53:42.407+0000] {spark_submit.py:491} INFO - at org.apache.spark.sql.catalyst.plans.logical.AnalysisHelper$.allowInvokingTransformsInAnalyzer(AnalysisHelper.scala:323)
[2025-11-02T12:53:42.407+0000] {spark_submit.py:491} INFO - at org.apache.spark.sql.catalyst.plans.logical.AnalysisHelper.resolveOperatorsUpWithPruning(AnalysisHelper.scala:134)
[2025-11-02T12:53:42.407+0000] {spark_submit.py:491} INFO - at org.apache.spark.sql.catalyst.plans.logical.AnalysisHelper.resolveOperatorsUpWithPruning$(AnalysisHelper.scala:130)
[2025-11-02T12:53:42.407+0000] {spark_submit.py:491} INFO - at org.apache.spark.sql.catalyst.plans.logical.LogicalPlan.resolveOperatorsUpWithPruning(LogicalPlan.scala:32)
[2025-11-02T12:53:42.407+0000] {spark_submit.py:491} INFO - at org.apache.spark.sql.catalyst.analysis.Analyzer$ResolveRelations$.apply(Analyzer.scala:1090)
[2025-11-02T12:53:42.408+0000] {spark_submit.py:491} INFO - at org.apache.spark.sql.catalyst.analysis.Analyzer$ResolveRelations$.apply(Analyzer.scala:1049)
[2025-11-02T12:53:42.408+0000] {spark_submit.py:491} INFO - at org.apache.spark.sql.catalyst.rules.RuleExecutor.$anonfun$execute$2(RuleExecutor.scala:222)
[2025-11-02T12:53:42.408+0000] {spark_submit.py:491} INFO - at scala.collection.LinearSeqOptimized.foldLeft(LinearSeqOptimized.scala:126)
[2025-11-02T12:53:42.408+0000] {spark_submit.py:491} INFO - at scala.collection.LinearSeqOptimized.foldLeft$(LinearSeqOptimized.scala:122)
[2025-11-02T12:53:42.408+0000] {spark_submit.py:491} INFO - at scala.collection.immutable.List.foldLeft(List.scala:91)
[2025-11-02T12:53:42.408+0000] {spark_submit.py:491} INFO - at org.apache.spark.sql.catalyst.rules.RuleExecutor.$anonfun$execute$1(RuleExecutor.scala:219)
[2025-11-02T12:53:42.408+0000] {spark_submit.py:491} INFO - at org.apache.spark.sql.catalyst.rules.RuleExecutor.$anonfun$execute$1$adapted(RuleExecutor.scala:211)
[2025-11-02T12:53:42.408+0000] {spark_submit.py:491} INFO - at scala.collection.immutable.List.foreach(List.scala:431)
[2025-11-02T12:53:42.409+0000] {spark_submit.py:491} INFO - at org.apache.spark.sql.catalyst.rules.RuleExecutor.execute(RuleExecutor.scala:211)
[2025-11-02T12:53:42.409+0000] {spark_submit.py:491} INFO - at org.apache.spark.sql.catalyst.analysis.Analyzer.org$apache$spark$sql$catalyst$analysis$Analyzer$$executeSameContext(Analyzer.scala:226)
[2025-11-02T12:53:42.409+0000] {spark_submit.py:491} INFO - at org.apache.spark.sql.catalyst.analysis.Analyzer.$anonfun$execute$1(Analyzer.scala:222)
[2025-11-02T12:53:42.410+0000] {spark_submit.py:491} INFO - at org.apache.spark.sql.catalyst.analysis.AnalysisContext$.withNewAnalysisContext(Analyzer.scala:173)
[2025-11-02T12:53:42.411+0000] {spark_submit.py:491} INFO - at org.apache.spark.sql.catalyst.analysis.Analyzer.execute(Analyzer.scala:222)
[2025-11-02T12:53:42.411+0000] {spark_submit.py:491} INFO - at org.apache.spark.sql.catalyst.analysis.Analyzer.execute(Analyzer.scala:188)
[2025-11-02T12:53:42.411+0000] {spark_submit.py:491} INFO - at org.apache.spark.sql.catalyst.rules.RuleExecutor.$anonfun$executeAndTrack$1(RuleExecutor.scala:182)
[2025-11-02T12:53:42.411+0000] {spark_submit.py:491} INFO - at org.apache.spark.sql.catalyst.QueryPlanningTracker$.withTracker(QueryPlanningTracker.scala:89)
[2025-11-02T12:53:42.411+0000] {spark_submit.py:491} INFO - at org.apache.spark.sql.catalyst.rules.RuleExecutor.executeAndTrack(RuleExecutor.scala:182)
[2025-11-02T12:53:42.411+0000] {spark_submit.py:491} INFO - at org.apache.spark.sql.catalyst.analysis.Analyzer.$anonfun$executeAndCheck$1(Analyzer.scala:209)
[2025-11-02T12:53:42.411+0000] {spark_submit.py:491} INFO - at org.apache.spark.sql.catalyst.plans.logical.AnalysisHelper$.markInAnalyzer(AnalysisHelper.scala:330)
[2025-11-02T12:53:42.411+0000] {spark_submit.py:491} INFO - at org.apache.spark.sql.catalyst.analysis.Analyzer.executeAndCheck(Analyzer.scala:208)
[2025-11-02T12:53:42.412+0000] {spark_submit.py:491} INFO - at org.apache.spark.sql.execution.QueryExecution.$anonfun$analyzed$1(QueryExecution.scala:77)
[2025-11-02T12:53:42.412+0000] {spark_submit.py:491} INFO - at org.apache.spark.sql.catalyst.QueryPlanningTracker.measurePhase(QueryPlanningTracker.scala:138)
[2025-11-02T12:53:42.412+0000] {spark_submit.py:491} INFO - at org.apache.spark.sql.execution.QueryExecution.$anonfun$executePhase$2(QueryExecution.scala:219)
[2025-11-02T12:53:42.412+0000] {spark_submit.py:491} INFO - at org.apache.spark.sql.execution.QueryExecution$.withInternalError(QueryExecution.scala:546)
[2025-11-02T12:53:42.412+0000] {spark_submit.py:491} INFO - at org.apache.spark.sql.execution.QueryExecution.$anonfun$executePhase$1(QueryExecution.scala:219)
[2025-11-02T12:53:42.412+0000] {spark_submit.py:491} INFO - at org.apache.spark.sql.SparkSession.withActive(SparkSession.scala:900)
[2025-11-02T12:53:42.412+0000] {spark_submit.py:491} INFO - at org.apache.spark.sql.execution.QueryExecution.executePhase(QueryExecution.scala:218)
[2025-11-02T12:53:42.412+0000] {spark_submit.py:491} INFO - at org.apache.spark.sql.execution.QueryExecution.analyzed$lzycompute(QueryExecution.scala:77)
[2025-11-02T12:53:42.412+0000] {spark_submit.py:491} INFO - at org.apache.spark.sql.execution.QueryExecution.analyzed(QueryExecution.scala:74)
[2025-11-02T12:53:42.412+0000] {spark_submit.py:491} INFO - at org.apache.spark.sql.execution.QueryExecution.commandExecuted$lzycompute(QueryExecution.scala:85)
[2025-11-02T12:53:42.413+0000] {spark_submit.py:491} INFO - at org.apache.spark.sql.execution.QueryExecution.commandExecuted(QueryExecution.scala:83)
[2025-11-02T12:53:42.413+0000] {spark_submit.py:491} INFO - at org.apache.spark.sql.execution.QueryExecution.assertCommandExecuted(QueryExecution.scala:142)
[2025-11-02T12:53:42.413+0000] {spark_submit.py:491} INFO - at org.apache.spark.sql.DataFrameWriterV2.runCommand(DataFrameWriterV2.scala:196)
[2025-11-02T12:53:42.413+0000] {spark_submit.py:491} INFO - at org.apache.spark.sql.DataFrameWriterV2.append(DataFrameWriterV2.scala:150)
[2025-11-02T12:53:42.413+0000] {spark_submit.py:491} INFO - at java.base/jdk.internal.reflect.NativeMethodAccessorImpl.invoke0(Native Method)
[2025-11-02T12:53:42.413+0000] {spark_submit.py:491} INFO - at java.base/jdk.internal.reflect.NativeMethodAccessorImpl.invoke(NativeMethodAccessorImpl.java:62)
[2025-11-02T12:53:42.413+0000] {spark_submit.py:491} INFO - at java.base/jdk.internal.reflect.DelegatingMethodAccessorImpl.invoke(DelegatingMethodAccessorImpl.java:43)
[2025-11-02T12:53:42.413+0000] {spark_submit.py:491} INFO - at java.base/java.lang.reflect.Method.invoke(Method.java:566)
[2025-11-02T12:53:42.413+0000] {spark_submit.py:491} INFO - at py4j.reflection.MethodInvoker.invoke(MethodInvoker.java:244)
[2025-11-02T12:53:42.413+0000] {spark_submit.py:491} INFO - at py4j.reflection.ReflectionEngine.invoke(ReflectionEngine.java:374)
[2025-11-02T12:53:42.413+0000] {spark_submit.py:491} INFO - at py4j.Gateway.invoke(Gateway.java:282)
[2025-11-02T12:53:42.413+0000] {spark_submit.py:491} INFO - at py4j.commands.AbstractCommand.invokeMethod(AbstractCommand.java:132)
[2025-11-02T12:53:42.413+0000] {spark_submit.py:491} INFO - at py4j.commands.CallCommand.execute(CallCommand.java:79)
[2025-11-02T12:53:42.413+0000] {spark_submit.py:491} INFO - at py4j.ClientServerConnection.waitForCommands(ClientServerConnection.java:182)
[2025-11-02T12:53:42.413+0000] {spark_submit.py:491} INFO - at py4j.ClientServerConnection.run(ClientServerConnection.java:106)
[2025-11-02T12:53:42.413+0000] {spark_submit.py:491} INFO - at java.base/java.lang.Thread.run(Thread.java:829)
[2025-11-02T12:53:42.607+0000] {spark_submit.py:491} INFO - Error in ETL job: An error occurred while calling o125.append.
[2025-11-02T12:53:42.608+0000] {spark_submit.py:491} INFO - : org.apache.iceberg.exceptions.RuntimeIOException: Failed to refresh the table
[2025-11-02T12:53:42.608+0000] {spark_submit.py:491} INFO - at org.apache.iceberg.hadoop.HadoopTableOperations.refresh(HadoopTableOperations.java:126)
[2025-11-02T12:53:42.608+0000] {spark_submit.py:491} INFO - at org.apache.iceberg.hadoop.HadoopTableOperations.current(HadoopTableOperations.java:84)
[2025-11-02T12:53:42.608+0000] {spark_submit.py:491} INFO - at org.apache.iceberg.BaseMetastoreCatalog.loadTable(BaseMetastoreCatalog.java:47)
[2025-11-02T12:53:42.608+0000] {spark_submit.py:491} INFO - at org.apache.iceberg.shaded.com.github.benmanes.caffeine.cache.BoundedLocalCache.lambda$doComputeIfAbsent$14(BoundedLocalCache.java:2406)
[2025-11-02T12:53:42.608+0000] {spark_submit.py:491} INFO - at java.base/java.util.concurrent.ConcurrentHashMap.compute(ConcurrentHashMap.java:1908)
[2025-11-02T12:53:42.609+0000] {spark_submit.py:491} INFO - at org.apache.iceberg.shaded.com.github.benmanes.caffeine.cache.BoundedLocalCache.doComputeIfAbsent(BoundedLocalCache.java:2404)
[2025-11-02T12:53:42.609+0000] {spark_submit.py:491} INFO - at org.apache.iceberg.shaded.com.github.benmanes.caffeine.cache.BoundedLocalCache.computeIfAbsent(BoundedLocalCache.java:2387)
[2025-11-02T12:53:42.609+0000] {spark_submit.py:491} INFO - at org.apache.iceberg.shaded.com.github.benmanes.caffeine.cache.LocalCache.computeIfAbsent(LocalCache.java:108)
[2025-11-02T12:53:42.609+0000] {spark_submit.py:491} INFO - at org.apache.iceberg.shaded.com.github.benmanes.caffeine.cache.LocalManualCache.get(LocalManualCache.java:62)
[2025-11-02T12:53:42.609+0000] {spark_submit.py:491} INFO - at org.apache.iceberg.CachingCatalog.loadTable(CachingCatalog.java:166)
[2025-11-02T12:53:42.609+0000] {spark_submit.py:491} INFO - at org.apache.iceberg.spark.SparkCatalog.load(SparkCatalog.java:643)
[2025-11-02T12:53:42.609+0000] {spark_submit.py:491} INFO - at org.apache.iceberg.spark.SparkCatalog.loadTable(SparkCatalog.java:159)
[2025-11-02T12:53:42.610+0000] {spark_submit.py:491} INFO - at org.apache.spark.sql.connector.catalog.CatalogV2Util$.getTable(CatalogV2Util.scala:355)
[2025-11-02T12:53:42.610+0000] {spark_submit.py:491} INFO - at org.apache.spark.sql.connector.catalog.CatalogV2Util$.loadTable(CatalogV2Util.scala:336)
[2025-11-02T12:53:42.610+0000] {spark_submit.py:491} INFO - at org.apache.spark.sql.catalyst.analysis.Analyzer$ResolveRelations$.$anonfun$resolveRelation$3(Analyzer.scala:1271)
[2025-11-02T12:53:42.610+0000] {spark_submit.py:491} INFO - at scala.Option.orElse(Option.scala:447)
[2025-11-02T12:53:42.610+0000] {spark_submit.py:491} INFO - at org.apache.spark.sql.catalyst.analysis.Analyzer$ResolveRelations$.$anonfun$resolveRelation$1(Analyzer.scala:1270)
[2025-11-02T12:53:42.610+0000] {spark_submit.py:491} INFO - at scala.Option.orElse(Option.scala:447)
[2025-11-02T12:53:42.610+0000] {spark_submit.py:491} INFO - at org.apache.spark.sql.catalyst.analysis.Analyzer$ResolveRelations$.org$apache$spark$sql$catalyst$analysis$Analyzer$ResolveRelations$$resolveRelation(Analyzer.scala:1262)
[2025-11-02T12:53:42.610+0000] {spark_submit.py:491} INFO - at org.apache.spark.sql.catalyst.analysis.Analyzer$ResolveRelations$$anonfun$apply$14.applyOrElse(Analyzer.scala:1111)
[2025-11-02T12:53:42.611+0000] {spark_submit.py:491} INFO - at org.apache.spark.sql.catalyst.analysis.Analyzer$ResolveRelations$$anonfun$apply$14.applyOrElse(Analyzer.scala:1090)
[2025-11-02T12:53:42.611+0000] {spark_submit.py:491} INFO - at org.apache.spark.sql.catalyst.plans.logical.AnalysisHelper.$anonfun$resolveOperatorsUpWithPruning$3(AnalysisHelper.scala:138)
[2025-11-02T12:53:42.611+0000] {spark_submit.py:491} INFO - at org.apache.spark.sql.catalyst.trees.CurrentOrigin$.withOrigin(origin.scala:76)
[2025-11-02T12:53:42.611+0000] {spark_submit.py:491} INFO - at org.apache.spark.sql.catalyst.plans.logical.AnalysisHelper.$anonfun$resolveOperatorsUpWithPruning$1(AnalysisHelper.scala:138)
[2025-11-02T12:53:42.611+0000] {spark_submit.py:491} INFO - at org.apache.spark.sql.catalyst.plans.logical.AnalysisHelper$.allowInvokingTransformsInAnalyzer(AnalysisHelper.scala:323)
[2025-11-02T12:53:42.611+0000] {spark_submit.py:491} INFO - at org.apache.spark.sql.catalyst.plans.logical.AnalysisHelper.resolveOperatorsUpWithPruning(AnalysisHelper.scala:134)
[2025-11-02T12:53:42.611+0000] {spark_submit.py:491} INFO - at org.apache.spark.sql.catalyst.plans.logical.AnalysisHelper.resolveOperatorsUpWithPruning$(AnalysisHelper.scala:130)
[2025-11-02T12:53:42.611+0000] {spark_submit.py:491} INFO - at org.apache.spark.sql.catalyst.plans.logical.LogicalPlan.resolveOperatorsUpWithPruning(LogicalPlan.scala:32)
[2025-11-02T12:53:42.611+0000] {spark_submit.py:491} INFO - at org.apache.spark.sql.catalyst.analysis.Analyzer$ResolveRelations$.apply(Analyzer.scala:1090)
[2025-11-02T12:53:42.612+0000] {spark_submit.py:491} INFO - at org.apache.spark.sql.catalyst.analysis.Analyzer$ResolveRelations$.apply(Analyzer.scala:1049)
[2025-11-02T12:53:42.612+0000] {spark_submit.py:491} INFO - at org.apache.spark.sql.catalyst.rules.RuleExecutor.$anonfun$execute$2(RuleExecutor.scala:222)
[2025-11-02T12:53:42.612+0000] {spark_submit.py:491} INFO - at scala.collection.LinearSeqOptimized.foldLeft(LinearSeqOptimized.scala:126)
[2025-11-02T12:53:42.612+0000] {spark_submit.py:491} INFO - at scala.collection.LinearSeqOptimized.foldLeft$(LinearSeqOptimized.scala:122)
[2025-11-02T12:53:42.612+0000] {spark_submit.py:491} INFO - at scala.collection.immutable.List.foldLeft(List.scala:91)
[2025-11-02T12:53:42.612+0000] {spark_submit.py:491} INFO - at org.apache.spark.sql.catalyst.rules.RuleExecutor.$anonfun$execute$1(RuleExecutor.scala:219)
[2025-11-02T12:53:42.612+0000] {spark_submit.py:491} INFO - at org.apache.spark.sql.catalyst.rules.RuleExecutor.$anonfun$execute$1$adapted(RuleExecutor.scala:211)
[2025-11-02T12:53:42.612+0000] {spark_submit.py:491} INFO - at scala.collection.immutable.List.foreach(List.scala:431)
[2025-11-02T12:53:42.612+0000] {spark_submit.py:491} INFO - at org.apache.spark.sql.catalyst.rules.RuleExecutor.execute(RuleExecutor.scala:211)
[2025-11-02T12:53:42.612+0000] {spark_submit.py:491} INFO - at org.apache.spark.sql.catalyst.analysis.Analyzer.org$apache$spark$sql$catalyst$analysis$Analyzer$$executeSameContext(Analyzer.scala:226)
[2025-11-02T12:53:42.613+0000] {spark_submit.py:491} INFO - at org.apache.spark.sql.catalyst.analysis.Analyzer.$anonfun$execute$1(Analyzer.scala:222)
[2025-11-02T12:53:42.613+0000] {spark_submit.py:491} INFO - at org.apache.spark.sql.catalyst.analysis.AnalysisContext$.withNewAnalysisContext(Analyzer.scala:173)
[2025-11-02T12:53:42.613+0000] {spark_submit.py:491} INFO - at org.apache.spark.sql.catalyst.analysis.Analyzer.execute(Analyzer.scala:222)
[2025-11-02T12:53:42.613+0000] {spark_submit.py:491} INFO - at org.apache.spark.sql.catalyst.analysis.Analyzer.execute(Analyzer.scala:188)
[2025-11-02T12:53:42.613+0000] {spark_submit.py:491} INFO - at org.apache.spark.sql.catalyst.rules.RuleExecutor.$anonfun$executeAndTrack$1(RuleExecutor.scala:182)
[2025-11-02T12:53:42.613+0000] {spark_submit.py:491} INFO - at org.apache.spark.sql.catalyst.QueryPlanningTracker$.withTracker(QueryPlanningTracker.scala:89)
[2025-11-02T12:53:42.613+0000] {spark_submit.py:491} INFO - at org.apache.spark.sql.catalyst.rules.RuleExecutor.executeAndTrack(RuleExecutor.scala:182)
[2025-11-02T12:53:42.613+0000] {spark_submit.py:491} INFO - at org.apache.spark.sql.catalyst.analysis.Analyzer.$anonfun$executeAndCheck$1(Analyzer.scala:209)
[2025-11-02T12:53:42.613+0000] {spark_submit.py:491} INFO - at org.apache.spark.sql.catalyst.plans.logical.AnalysisHelper$.markInAnalyzer(AnalysisHelper.scala:330)
[2025-11-02T12:53:42.614+0000] {spark_submit.py:491} INFO - at org.apache.spark.sql.catalyst.analysis.Analyzer.executeAndCheck(Analyzer.scala:208)
[2025-11-02T12:53:42.614+0000] {spark_submit.py:491} INFO - at org.apache.spark.sql.execution.QueryExecution.$anonfun$analyzed$1(QueryExecution.scala:77)
[2025-11-02T12:53:42.614+0000] {spark_submit.py:491} INFO - at org.apache.spark.sql.catalyst.QueryPlanningTracker.measurePhase(QueryPlanningTracker.scala:138)
[2025-11-02T12:53:42.614+0000] {spark_submit.py:491} INFO - at org.apache.spark.sql.execution.QueryExecution.$anonfun$executePhase$2(QueryExecution.scala:219)
[2025-11-02T12:53:42.614+0000] {spark_submit.py:491} INFO - at org.apache.spark.sql.execution.QueryExecution$.withInternalError(QueryExecution.scala:546)
[2025-11-02T12:53:42.614+0000] {spark_submit.py:491} INFO - at org.apache.spark.sql.execution.QueryExecution.$anonfun$executePhase$1(QueryExecution.scala:219)
[2025-11-02T12:53:42.614+0000] {spark_submit.py:491} INFO - at org.apache.spark.sql.SparkSession.withActive(SparkSession.scala:900)
[2025-11-02T12:53:42.614+0000] {spark_submit.py:491} INFO - at org.apache.spark.sql.execution.QueryExecution.executePhase(QueryExecution.scala:218)
[2025-11-02T12:53:42.614+0000] {spark_submit.py:491} INFO - at org.apache.spark.sql.execution.QueryExecution.analyzed$lzycompute(QueryExecution.scala:77)
[2025-11-02T12:53:42.614+0000] {spark_submit.py:491} INFO - at org.apache.spark.sql.execution.QueryExecution.analyzed(QueryExecution.scala:74)
[2025-11-02T12:53:42.615+0000] {spark_submit.py:491} INFO - at org.apache.spark.sql.execution.QueryExecution.commandExecuted$lzycompute(QueryExecution.scala:85)
[2025-11-02T12:53:42.615+0000] {spark_submit.py:491} INFO - at org.apache.spark.sql.execution.QueryExecution.commandExecuted(QueryExecution.scala:83)
[2025-11-02T12:53:42.615+0000] {spark_submit.py:491} INFO - at org.apache.spark.sql.execution.QueryExecution.assertCommandExecuted(QueryExecution.scala:142)
[2025-11-02T12:53:42.615+0000] {spark_submit.py:491} INFO - at org.apache.spark.sql.DataFrameWriterV2.runCommand(DataFrameWriterV2.scala:196)
[2025-11-02T12:53:42.615+0000] {spark_submit.py:491} INFO - at org.apache.spark.sql.DataFrameWriterV2.append(DataFrameWriterV2.scala:150)
[2025-11-02T12:53:42.615+0000] {spark_submit.py:491} INFO - at java.base/jdk.internal.reflect.NativeMethodAccessorImpl.invoke0(Native Method)
[2025-11-02T12:53:42.615+0000] {spark_submit.py:491} INFO - at java.base/jdk.internal.reflect.NativeMethodAccessorImpl.invoke(NativeMethodAccessorImpl.java:62)
[2025-11-02T12:53:42.615+0000] {spark_submit.py:491} INFO - at java.base/jdk.internal.reflect.DelegatingMethodAccessorImpl.invoke(DelegatingMethodAccessorImpl.java:43)
[2025-11-02T12:53:42.615+0000] {spark_submit.py:491} INFO - at java.base/java.lang.reflect.Method.invoke(Method.java:566)
[2025-11-02T12:53:42.616+0000] {spark_submit.py:491} INFO - at py4j.reflection.MethodInvoker.invoke(MethodInvoker.java:244)
[2025-11-02T12:53:42.616+0000] {spark_submit.py:491} INFO - at py4j.reflection.ReflectionEngine.invoke(ReflectionEngine.java:374)
[2025-11-02T12:53:42.616+0000] {spark_submit.py:491} INFO - at py4j.Gateway.invoke(Gateway.java:282)
[2025-11-02T12:53:42.616+0000] {spark_submit.py:491} INFO - at py4j.commands.AbstractCommand.invokeMethod(AbstractCommand.java:132)
[2025-11-02T12:53:42.616+0000] {spark_submit.py:491} INFO - at py4j.commands.CallCommand.execute(CallCommand.java:79)
[2025-11-02T12:53:42.616+0000] {spark_submit.py:491} INFO - at py4j.ClientServerConnection.waitForCommands(ClientServerConnection.java:182)
[2025-11-02T12:53:42.616+0000] {spark_submit.py:491} INFO - at py4j.ClientServerConnection.run(ClientServerConnection.java:106)
[2025-11-02T12:53:42.616+0000] {spark_submit.py:491} INFO - at java.base/java.lang.Thread.run(Thread.java:829)
[2025-11-02T12:53:42.616+0000] {spark_submit.py:491} INFO - Caused by: org.apache.hadoop.fs.s3a.UnknownStoreException: `s3a://lakehouse/warehouse/nyc_taxi/trips/metadata/v0.metadata.json': getFileStatus on s3a://lakehouse/warehouse/nyc_taxi/trips/metadata/v0.metadata.json: com.amazonaws.services.s3.model.AmazonS3Exception: The specified bucket does not exist (Service: Amazon S3; Status Code: 404; Error Code: NoSuchBucket; Request ID: 187431B86E590601; S3 Extended Request ID: dd9025bab4ad464b049177c95eb6ebf374d3b3fd1af9251148b658df7ac2e3e8; Proxy: null), S3 Extended Request ID: dd9025bab4ad464b049177c95eb6ebf374d3b3fd1af9251148b658df7ac2e3e8:NoSuchBucket: The specified bucket does not exist (Service: Amazon S3; Status Code: 404; Error Code: NoSuchBucket; Request ID: 187431B86E590601; S3 Extended Request ID: dd9025bab4ad464b049177c95eb6ebf374d3b3fd1af9251148b658df7ac2e3e8; Proxy: null)
[2025-11-02T12:53:42.616+0000] {spark_submit.py:491} INFO - at org.apache.hadoop.fs.s3a.S3AUtils.translateException(S3AUtils.java:263)
[2025-11-02T12:53:42.617+0000] {spark_submit.py:491} INFO - at org.apache.hadoop.fs.s3a.S3AUtils.translateException(S3AUtils.java:175)
[2025-11-02T12:53:42.617+0000] {spark_submit.py:491} INFO - at org.apache.hadoop.fs.s3a.S3AFileSystem.s3GetFileStatus(S3AFileSystem.java:3858)
[2025-11-02T12:53:42.617+0000] {spark_submit.py:491} INFO - at org.apache.hadoop.fs.s3a.S3AFileSystem.innerGetFileStatus(S3AFileSystem.java:3688)
[2025-11-02T12:53:42.617+0000] {spark_submit.py:491} INFO - at org.apache.hadoop.fs.s3a.S3AFileSystem.lambda$exists$34(S3AFileSystem.java:4703)
[2025-11-02T12:53:42.617+0000] {spark_submit.py:491} INFO - at org.apache.hadoop.fs.statistics.impl.IOStatisticsBinding.lambda$trackDurationOfOperation$5(IOStatisticsBinding.java:499)
[2025-11-02T12:53:42.617+0000] {spark_submit.py:491} INFO - at org.apache.hadoop.fs.statistics.impl.IOStatisticsBinding.trackDuration(IOStatisticsBinding.java:444)
[2025-11-02T12:53:42.617+0000] {spark_submit.py:491} INFO - at org.apache.hadoop.fs.s3a.S3AFileSystem.trackDurationAndSpan(S3AFileSystem.java:2337)
[2025-11-02T12:53:42.617+0000] {spark_submit.py:491} INFO - at org.apache.hadoop.fs.s3a.S3AFileSystem.trackDurationAndSpan(S3AFileSystem.java:2356)
[2025-11-02T12:53:42.617+0000] {spark_submit.py:491} INFO - at org.apache.hadoop.fs.s3a.S3AFileSystem.exists(S3AFileSystem.java:4701)
[2025-11-02T12:53:42.617+0000] {spark_submit.py:491} INFO - at org.apache.iceberg.hadoop.HadoopTableOperations.getMetadataFile(HadoopTableOperations.java:241)
[2025-11-02T12:53:42.618+0000] {spark_submit.py:491} INFO - at org.apache.iceberg.hadoop.HadoopTableOperations.refresh(HadoopTableOperations.java:106)
[2025-11-02T12:53:42.618+0000] {spark_submit.py:491} INFO - ... 74 more
[2025-11-02T12:53:42.618+0000] {spark_submit.py:491} INFO - Caused by: com.amazonaws.services.s3.model.AmazonS3Exception: The specified bucket does not exist (Service: Amazon S3; Status Code: 404; Error Code: NoSuchBucket; Request ID: 187431B86E590601; S3 Extended Request ID: dd9025bab4ad464b049177c95eb6ebf374d3b3fd1af9251148b658df7ac2e3e8; Proxy: null), S3 Extended Request ID: dd9025bab4ad464b049177c95eb6ebf374d3b3fd1af9251148b658df7ac2e3e8
[2025-11-02T12:53:42.618+0000] {spark_submit.py:491} INFO - at com.amazonaws.http.AmazonHttpClient$RequestExecutor.handleErrorResponse(AmazonHttpClient.java:1879)
[2025-11-02T12:53:42.618+0000] {spark_submit.py:491} INFO - at com.amazonaws.http.AmazonHttpClient$RequestExecutor.handleServiceErrorResponse(AmazonHttpClient.java:1418)
[2025-11-02T12:53:42.618+0000] {spark_submit.py:491} INFO - at com.amazonaws.http.AmazonHttpClient$RequestExecutor.executeOneRequest(AmazonHttpClient.java:1387)
[2025-11-02T12:53:42.618+0000] {spark_submit.py:491} INFO - at com.amazonaws.http.AmazonHttpClient$RequestExecutor.executeHelper(AmazonHttpClient.java:1157)
[2025-11-02T12:53:42.618+0000] {spark_submit.py:491} INFO - at com.amazonaws.http.AmazonHttpClient$RequestExecutor.doExecute(AmazonHttpClient.java:814)
[2025-11-02T12:53:42.618+0000] {spark_submit.py:491} INFO - at com.amazonaws.http.AmazonHttpClient$RequestExecutor.executeWithTimer(AmazonHttpClient.java:781)
[2025-11-02T12:53:42.618+0000] {spark_submit.py:491} INFO - at com.amazonaws.http.AmazonHttpClient$RequestExecutor.execute(AmazonHttpClient.java:755)
[2025-11-02T12:53:42.619+0000] {spark_submit.py:491} INFO - at com.amazonaws.http.AmazonHttpClient$RequestExecutor.access$500(AmazonHttpClient.java:715)
[2025-11-02T12:53:42.619+0000] {spark_submit.py:491} INFO - at com.amazonaws.http.AmazonHttpClient$RequestExecutionBuilderImpl.execute(AmazonHttpClient.java:697)
[2025-11-02T12:53:42.619+0000] {spark_submit.py:491} INFO - at com.amazonaws.http.AmazonHttpClient.execute(AmazonHttpClient.java:561)
[2025-11-02T12:53:42.619+0000] {spark_submit.py:491} INFO - at com.amazonaws.http.AmazonHttpClient.execute(AmazonHttpClient.java:541)
[2025-11-02T12:53:42.619+0000] {spark_submit.py:491} INFO - at com.amazonaws.services.s3.AmazonS3Client.invoke(AmazonS3Client.java:5456)
[2025-11-02T12:53:42.619+0000] {spark_submit.py:491} INFO - at com.amazonaws.services.s3.AmazonS3Client.invoke(AmazonS3Client.java:5403)
[2025-11-02T12:53:42.619+0000] {spark_submit.py:491} INFO - at com.amazonaws.services.s3.AmazonS3Client.invoke(AmazonS3Client.java:5397)
[2025-11-02T12:53:42.619+0000] {spark_submit.py:491} INFO - at com.amazonaws.services.s3.AmazonS3Client.listObjectsV2(AmazonS3Client.java:971)
[2025-11-02T12:53:42.620+0000] {spark_submit.py:491} INFO - at org.apache.hadoop.fs.s3a.S3AFileSystem.lambda$listObjects$11(S3AFileSystem.java:2595)
[2025-11-02T12:53:42.620+0000] {spark_submit.py:491} INFO - at org.apache.hadoop.fs.statistics.impl.IOStatisticsBinding.lambda$trackDurationOfOperation$5(IOStatisticsBinding.java:499)
[2025-11-02T12:53:42.620+0000] {spark_submit.py:491} INFO - at org.apache.hadoop.fs.s3a.Invoker.retryUntranslated(Invoker.java:414)
[2025-11-02T12:53:42.620+0000] {spark_submit.py:491} INFO - at org.apache.hadoop.fs.s3a.Invoker.retryUntranslated(Invoker.java:377)
[2025-11-02T12:53:42.620+0000] {spark_submit.py:491} INFO - at org.apache.hadoop.fs.s3a.S3AFileSystem.listObjects(S3AFileSystem.java:2586)
[2025-11-02T12:53:42.620+0000] {spark_submit.py:491} INFO - at org.apache.hadoop.fs.s3a.S3AFileSystem.s3GetFileStatus(S3AFileSystem.java:3832)
[2025-11-02T12:53:42.620+0000] {spark_submit.py:491} INFO - ... 83 more
[2025-11-02T12:53:42.620+0000] {spark_submit.py:491} INFO - 
[2025-11-02T12:53:43.038+0000] {spark_submit.py:491} INFO - Traceback (most recent call last):
[2025-11-02T12:53:43.038+0000] {spark_submit.py:491} INFO - File "/opt/***/dags/spark_jobs/nyc_taxi_to_iceberg.py", line 224, in <module>
[2025-11-02T12:53:43.039+0000] {spark_submit.py:491} INFO - main()
[2025-11-02T12:53:43.040+0000] {spark_submit.py:491} INFO - File "/opt/***/dags/spark_jobs/nyc_taxi_to_iceberg.py", line 210, in main
[2025-11-02T12:53:43.040+0000] {spark_submit.py:491} INFO - process_taxi_data(spark, input_path)
[2025-11-02T12:53:43.040+0000] {spark_submit.py:491} INFO - File "/opt/***/dags/spark_jobs/nyc_taxi_to_iceberg.py", line 142, in process_taxi_data
[2025-11-02T12:53:43.041+0000] {spark_submit.py:491} INFO - final_df.writeTo("iceberg.nyc_taxi.trips") \
[2025-11-02T12:53:43.041+0000] {spark_submit.py:491} INFO - File "/opt/bitnami/spark/python/lib/pyspark.zip/pyspark/sql/readwriter.py", line 2107, in append
[2025-11-02T12:53:43.042+0000] {spark_submit.py:491} INFO - File "/opt/bitnami/spark/python/lib/py4j-0.10.9.7-src.zip/py4j/java_gateway.py", line 1322, in __call__
[2025-11-02T12:53:43.042+0000] {spark_submit.py:491} INFO - File "/opt/bitnami/spark/python/lib/pyspark.zip/pyspark/errors/exceptions/captured.py", line 179, in deco
[2025-11-02T12:53:43.042+0000] {spark_submit.py:491} INFO - File "/opt/bitnami/spark/python/lib/py4j-0.10.9.7-src.zip/py4j/protocol.py", line 326, in get_return_value
[2025-11-02T12:53:43.085+0000] {spark_submit.py:491} INFO - py4j.protocol.Py4JJavaError: An error occurred while calling o125.append.
[2025-11-02T12:53:43.085+0000] {spark_submit.py:491} INFO - : org.apache.iceberg.exceptions.RuntimeIOException: Failed to refresh the table
[2025-11-02T12:53:43.085+0000] {spark_submit.py:491} INFO - at org.apache.iceberg.hadoop.HadoopTableOperations.refresh(HadoopTableOperations.java:126)
[2025-11-02T12:53:43.086+0000] {spark_submit.py:491} INFO - at org.apache.iceberg.hadoop.HadoopTableOperations.current(HadoopTableOperations.java:84)
[2025-11-02T12:53:43.086+0000] {spark_submit.py:491} INFO - at org.apache.iceberg.BaseMetastoreCatalog.loadTable(BaseMetastoreCatalog.java:47)
[2025-11-02T12:53:43.086+0000] {spark_submit.py:491} INFO - at org.apache.iceberg.shaded.com.github.benmanes.caffeine.cache.BoundedLocalCache.lambda$doComputeIfAbsent$14(BoundedLocalCache.java:2406)
[2025-11-02T12:53:43.086+0000] {spark_submit.py:491} INFO - at java.base/java.util.concurrent.ConcurrentHashMap.compute(ConcurrentHashMap.java:1908)
[2025-11-02T12:53:43.086+0000] {spark_submit.py:491} INFO - at org.apache.iceberg.shaded.com.github.benmanes.caffeine.cache.BoundedLocalCache.doComputeIfAbsent(BoundedLocalCache.java:2404)
[2025-11-02T12:53:43.087+0000] {spark_submit.py:491} INFO - at org.apache.iceberg.shaded.com.github.benmanes.caffeine.cache.BoundedLocalCache.computeIfAbsent(BoundedLocalCache.java:2387)
[2025-11-02T12:53:43.087+0000] {spark_submit.py:491} INFO - at org.apache.iceberg.shaded.com.github.benmanes.caffeine.cache.LocalCache.computeIfAbsent(LocalCache.java:108)
[2025-11-02T12:53:43.087+0000] {spark_submit.py:491} INFO - at org.apache.iceberg.shaded.com.github.benmanes.caffeine.cache.LocalManualCache.get(LocalManualCache.java:62)
[2025-11-02T12:53:43.087+0000] {spark_submit.py:491} INFO - at org.apache.iceberg.CachingCatalog.loadTable(CachingCatalog.java:166)
[2025-11-02T12:53:43.087+0000] {spark_submit.py:491} INFO - at org.apache.iceberg.spark.SparkCatalog.load(SparkCatalog.java:643)
[2025-11-02T12:53:43.087+0000] {spark_submit.py:491} INFO - at org.apache.iceberg.spark.SparkCatalog.loadTable(SparkCatalog.java:159)
[2025-11-02T12:53:43.088+0000] {spark_submit.py:491} INFO - at org.apache.spark.sql.connector.catalog.CatalogV2Util$.getTable(CatalogV2Util.scala:355)
[2025-11-02T12:53:43.088+0000] {spark_submit.py:491} INFO - at org.apache.spark.sql.connector.catalog.CatalogV2Util$.loadTable(CatalogV2Util.scala:336)
[2025-11-02T12:53:43.088+0000] {spark_submit.py:491} INFO - at org.apache.spark.sql.catalyst.analysis.Analyzer$ResolveRelations$.$anonfun$resolveRelation$3(Analyzer.scala:1271)
[2025-11-02T12:53:43.088+0000] {spark_submit.py:491} INFO - at scala.Option.orElse(Option.scala:447)
[2025-11-02T12:53:43.088+0000] {spark_submit.py:491} INFO - at org.apache.spark.sql.catalyst.analysis.Analyzer$ResolveRelations$.$anonfun$resolveRelation$1(Analyzer.scala:1270)
[2025-11-02T12:53:43.088+0000] {spark_submit.py:491} INFO - at scala.Option.orElse(Option.scala:447)
[2025-11-02T12:53:43.088+0000] {spark_submit.py:491} INFO - at org.apache.spark.sql.catalyst.analysis.Analyzer$ResolveRelations$.org$apache$spark$sql$catalyst$analysis$Analyzer$ResolveRelations$$resolveRelation(Analyzer.scala:1262)
[2025-11-02T12:53:43.089+0000] {spark_submit.py:491} INFO - at org.apache.spark.sql.catalyst.analysis.Analyzer$ResolveRelations$$anonfun$apply$14.applyOrElse(Analyzer.scala:1111)
[2025-11-02T12:53:43.089+0000] {spark_submit.py:491} INFO - at org.apache.spark.sql.catalyst.analysis.Analyzer$ResolveRelations$$anonfun$apply$14.applyOrElse(Analyzer.scala:1090)
[2025-11-02T12:53:43.089+0000] {spark_submit.py:491} INFO - at org.apache.spark.sql.catalyst.plans.logical.AnalysisHelper.$anonfun$resolveOperatorsUpWithPruning$3(AnalysisHelper.scala:138)
[2025-11-02T12:53:43.089+0000] {spark_submit.py:491} INFO - at org.apache.spark.sql.catalyst.trees.CurrentOrigin$.withOrigin(origin.scala:76)
[2025-11-02T12:53:43.089+0000] {spark_submit.py:491} INFO - at org.apache.spark.sql.catalyst.plans.logical.AnalysisHelper.$anonfun$resolveOperatorsUpWithPruning$1(AnalysisHelper.scala:138)
[2025-11-02T12:53:43.089+0000] {spark_submit.py:491} INFO - at org.apache.spark.sql.catalyst.plans.logical.AnalysisHelper$.allowInvokingTransformsInAnalyzer(AnalysisHelper.scala:323)
[2025-11-02T12:53:43.090+0000] {spark_submit.py:491} INFO - at org.apache.spark.sql.catalyst.plans.logical.AnalysisHelper.resolveOperatorsUpWithPruning(AnalysisHelper.scala:134)
[2025-11-02T12:53:43.090+0000] {spark_submit.py:491} INFO - at org.apache.spark.sql.catalyst.plans.logical.AnalysisHelper.resolveOperatorsUpWithPruning$(AnalysisHelper.scala:130)
[2025-11-02T12:53:43.090+0000] {spark_submit.py:491} INFO - at org.apache.spark.sql.catalyst.plans.logical.LogicalPlan.resolveOperatorsUpWithPruning(LogicalPlan.scala:32)
[2025-11-02T12:53:43.090+0000] {spark_submit.py:491} INFO - at org.apache.spark.sql.catalyst.analysis.Analyzer$ResolveRelations$.apply(Analyzer.scala:1090)
[2025-11-02T12:53:43.090+0000] {spark_submit.py:491} INFO - at org.apache.spark.sql.catalyst.analysis.Analyzer$ResolveRelations$.apply(Analyzer.scala:1049)
[2025-11-02T12:53:43.090+0000] {spark_submit.py:491} INFO - at org.apache.spark.sql.catalyst.rules.RuleExecutor.$anonfun$execute$2(RuleExecutor.scala:222)
[2025-11-02T12:53:43.090+0000] {spark_submit.py:491} INFO - at scala.collection.LinearSeqOptimized.foldLeft(LinearSeqOptimized.scala:126)
[2025-11-02T12:53:43.091+0000] {spark_submit.py:491} INFO - at scala.collection.LinearSeqOptimized.foldLeft$(LinearSeqOptimized.scala:122)
[2025-11-02T12:53:43.091+0000] {spark_submit.py:491} INFO - at scala.collection.immutable.List.foldLeft(List.scala:91)
[2025-11-02T12:53:43.091+0000] {spark_submit.py:491} INFO - at org.apache.spark.sql.catalyst.rules.RuleExecutor.$anonfun$execute$1(RuleExecutor.scala:219)
[2025-11-02T12:53:43.091+0000] {spark_submit.py:491} INFO - at org.apache.spark.sql.catalyst.rules.RuleExecutor.$anonfun$execute$1$adapted(RuleExecutor.scala:211)
[2025-11-02T12:53:43.091+0000] {spark_submit.py:491} INFO - at scala.collection.immutable.List.foreach(List.scala:431)
[2025-11-02T12:53:43.091+0000] {spark_submit.py:491} INFO - at org.apache.spark.sql.catalyst.rules.RuleExecutor.execute(RuleExecutor.scala:211)
[2025-11-02T12:53:43.091+0000] {spark_submit.py:491} INFO - at org.apache.spark.sql.catalyst.analysis.Analyzer.org$apache$spark$sql$catalyst$analysis$Analyzer$$executeSameContext(Analyzer.scala:226)
[2025-11-02T12:53:43.091+0000] {spark_submit.py:491} INFO - at org.apache.spark.sql.catalyst.analysis.Analyzer.$anonfun$execute$1(Analyzer.scala:222)
[2025-11-02T12:53:43.092+0000] {spark_submit.py:491} INFO - at org.apache.spark.sql.catalyst.analysis.AnalysisContext$.withNewAnalysisContext(Analyzer.scala:173)
[2025-11-02T12:53:43.092+0000] {spark_submit.py:491} INFO - at org.apache.spark.sql.catalyst.analysis.Analyzer.execute(Analyzer.scala:222)
[2025-11-02T12:53:43.092+0000] {spark_submit.py:491} INFO - at org.apache.spark.sql.catalyst.analysis.Analyzer.execute(Analyzer.scala:188)
[2025-11-02T12:53:43.092+0000] {spark_submit.py:491} INFO - at org.apache.spark.sql.catalyst.rules.RuleExecutor.$anonfun$executeAndTrack$1(RuleExecutor.scala:182)
[2025-11-02T12:53:43.092+0000] {spark_submit.py:491} INFO - at org.apache.spark.sql.catalyst.QueryPlanningTracker$.withTracker(QueryPlanningTracker.scala:89)
[2025-11-02T12:53:43.092+0000] {spark_submit.py:491} INFO - at org.apache.spark.sql.catalyst.rules.RuleExecutor.executeAndTrack(RuleExecutor.scala:182)
[2025-11-02T12:53:43.092+0000] {spark_submit.py:491} INFO - at org.apache.spark.sql.catalyst.analysis.Analyzer.$anonfun$executeAndCheck$1(Analyzer.scala:209)
[2025-11-02T12:53:43.093+0000] {spark_submit.py:491} INFO - at org.apache.spark.sql.catalyst.plans.logical.AnalysisHelper$.markInAnalyzer(AnalysisHelper.scala:330)
[2025-11-02T12:53:43.093+0000] {spark_submit.py:491} INFO - at org.apache.spark.sql.catalyst.analysis.Analyzer.executeAndCheck(Analyzer.scala:208)
[2025-11-02T12:53:43.093+0000] {spark_submit.py:491} INFO - at org.apache.spark.sql.execution.QueryExecution.$anonfun$analyzed$1(QueryExecution.scala:77)
[2025-11-02T12:53:43.093+0000] {spark_submit.py:491} INFO - at org.apache.spark.sql.catalyst.QueryPlanningTracker.measurePhase(QueryPlanningTracker.scala:138)
[2025-11-02T12:53:43.093+0000] {spark_submit.py:491} INFO - at org.apache.spark.sql.execution.QueryExecution.$anonfun$executePhase$2(QueryExecution.scala:219)
[2025-11-02T12:53:43.093+0000] {spark_submit.py:491} INFO - at org.apache.spark.sql.execution.QueryExecution$.withInternalError(QueryExecution.scala:546)
[2025-11-02T12:53:43.093+0000] {spark_submit.py:491} INFO - at org.apache.spark.sql.execution.QueryExecution.$anonfun$executePhase$1(QueryExecution.scala:219)
[2025-11-02T12:53:43.093+0000] {spark_submit.py:491} INFO - at org.apache.spark.sql.SparkSession.withActive(SparkSession.scala:900)
[2025-11-02T12:53:43.094+0000] {spark_submit.py:491} INFO - at org.apache.spark.sql.execution.QueryExecution.executePhase(QueryExecution.scala:218)
[2025-11-02T12:53:43.094+0000] {spark_submit.py:491} INFO - at org.apache.spark.sql.execution.QueryExecution.analyzed$lzycompute(QueryExecution.scala:77)
[2025-11-02T12:53:43.094+0000] {spark_submit.py:491} INFO - at org.apache.spark.sql.execution.QueryExecution.analyzed(QueryExecution.scala:74)
[2025-11-02T12:53:43.094+0000] {spark_submit.py:491} INFO - at org.apache.spark.sql.execution.QueryExecution.commandExecuted$lzycompute(QueryExecution.scala:85)
[2025-11-02T12:53:43.094+0000] {spark_submit.py:491} INFO - at org.apache.spark.sql.execution.QueryExecution.commandExecuted(QueryExecution.scala:83)
[2025-11-02T12:53:43.094+0000] {spark_submit.py:491} INFO - at org.apache.spark.sql.execution.QueryExecution.assertCommandExecuted(QueryExecution.scala:142)
[2025-11-02T12:53:43.094+0000] {spark_submit.py:491} INFO - at org.apache.spark.sql.DataFrameWriterV2.runCommand(DataFrameWriterV2.scala:196)
[2025-11-02T12:53:43.095+0000] {spark_submit.py:491} INFO - at org.apache.spark.sql.DataFrameWriterV2.append(DataFrameWriterV2.scala:150)
[2025-11-02T12:53:43.095+0000] {spark_submit.py:491} INFO - at java.base/jdk.internal.reflect.NativeMethodAccessorImpl.invoke0(Native Method)
[2025-11-02T12:53:43.095+0000] {spark_submit.py:491} INFO - at java.base/jdk.internal.reflect.NativeMethodAccessorImpl.invoke(NativeMethodAccessorImpl.java:62)
[2025-11-02T12:53:43.095+0000] {spark_submit.py:491} INFO - at java.base/jdk.internal.reflect.DelegatingMethodAccessorImpl.invoke(DelegatingMethodAccessorImpl.java:43)
[2025-11-02T12:53:43.095+0000] {spark_submit.py:491} INFO - at java.base/java.lang.reflect.Method.invoke(Method.java:566)
[2025-11-02T12:53:43.095+0000] {spark_submit.py:491} INFO - at py4j.reflection.MethodInvoker.invoke(MethodInvoker.java:244)
[2025-11-02T12:53:43.095+0000] {spark_submit.py:491} INFO - at py4j.reflection.ReflectionEngine.invoke(ReflectionEngine.java:374)
[2025-11-02T12:53:43.095+0000] {spark_submit.py:491} INFO - at py4j.Gateway.invoke(Gateway.java:282)
[2025-11-02T12:53:43.095+0000] {spark_submit.py:491} INFO - at py4j.commands.AbstractCommand.invokeMethod(AbstractCommand.java:132)
[2025-11-02T12:53:43.096+0000] {spark_submit.py:491} INFO - at py4j.commands.CallCommand.execute(CallCommand.java:79)
[2025-11-02T12:53:43.096+0000] {spark_submit.py:491} INFO - at py4j.ClientServerConnection.waitForCommands(ClientServerConnection.java:182)
[2025-11-02T12:53:43.096+0000] {spark_submit.py:491} INFO - at py4j.ClientServerConnection.run(ClientServerConnection.java:106)
[2025-11-02T12:53:43.096+0000] {spark_submit.py:491} INFO - at java.base/java.lang.Thread.run(Thread.java:829)
[2025-11-02T12:53:43.096+0000] {spark_submit.py:491} INFO - Caused by: org.apache.hadoop.fs.s3a.UnknownStoreException: `s3a://lakehouse/warehouse/nyc_taxi/trips/metadata/v0.metadata.json': getFileStatus on s3a://lakehouse/warehouse/nyc_taxi/trips/metadata/v0.metadata.json: com.amazonaws.services.s3.model.AmazonS3Exception: The specified bucket does not exist (Service: Amazon S3; Status Code: 404; Error Code: NoSuchBucket; Request ID: 187431B86E590601; S3 Extended Request ID: dd9025bab4ad464b049177c95eb6ebf374d3b3fd1af9251148b658df7ac2e3e8; Proxy: null), S3 Extended Request ID: dd9025bab4ad464b049177c95eb6ebf374d3b3fd1af9251148b658df7ac2e3e8:NoSuchBucket: The specified bucket does not exist (Service: Amazon S3; Status Code: 404; Error Code: NoSuchBucket; Request ID: 187431B86E590601; S3 Extended Request ID: dd9025bab4ad464b049177c95eb6ebf374d3b3fd1af9251148b658df7ac2e3e8; Proxy: null)
[2025-11-02T12:53:43.096+0000] {spark_submit.py:491} INFO - at org.apache.hadoop.fs.s3a.S3AUtils.translateException(S3AUtils.java:263)
[2025-11-02T12:53:43.096+0000] {spark_submit.py:491} INFO - at org.apache.hadoop.fs.s3a.S3AUtils.translateException(S3AUtils.java:175)
[2025-11-02T12:53:43.096+0000] {spark_submit.py:491} INFO - at org.apache.hadoop.fs.s3a.S3AFileSystem.s3GetFileStatus(S3AFileSystem.java:3858)
[2025-11-02T12:53:43.097+0000] {spark_submit.py:491} INFO - at org.apache.hadoop.fs.s3a.S3AFileSystem.innerGetFileStatus(S3AFileSystem.java:3688)
[2025-11-02T12:53:43.097+0000] {spark_submit.py:491} INFO - at org.apache.hadoop.fs.s3a.S3AFileSystem.lambda$exists$34(S3AFileSystem.java:4703)
[2025-11-02T12:53:43.097+0000] {spark_submit.py:491} INFO - at org.apache.hadoop.fs.statistics.impl.IOStatisticsBinding.lambda$trackDurationOfOperation$5(IOStatisticsBinding.java:499)
[2025-11-02T12:53:43.097+0000] {spark_submit.py:491} INFO - at org.apache.hadoop.fs.statistics.impl.IOStatisticsBinding.trackDuration(IOStatisticsBinding.java:444)
[2025-11-02T12:53:43.097+0000] {spark_submit.py:491} INFO - at org.apache.hadoop.fs.s3a.S3AFileSystem.trackDurationAndSpan(S3AFileSystem.java:2337)
[2025-11-02T12:53:43.097+0000] {spark_submit.py:491} INFO - at org.apache.hadoop.fs.s3a.S3AFileSystem.trackDurationAndSpan(S3AFileSystem.java:2356)
[2025-11-02T12:53:43.097+0000] {spark_submit.py:491} INFO - at org.apache.hadoop.fs.s3a.S3AFileSystem.exists(S3AFileSystem.java:4701)
[2025-11-02T12:53:43.098+0000] {spark_submit.py:491} INFO - at org.apache.iceberg.hadoop.HadoopTableOperations.getMetadataFile(HadoopTableOperations.java:241)
[2025-11-02T12:53:43.098+0000] {spark_submit.py:491} INFO - at org.apache.iceberg.hadoop.HadoopTableOperations.refresh(HadoopTableOperations.java:106)
[2025-11-02T12:53:43.098+0000] {spark_submit.py:491} INFO - ... 74 more
[2025-11-02T12:53:43.098+0000] {spark_submit.py:491} INFO - Caused by: com.amazonaws.services.s3.model.AmazonS3Exception: The specified bucket does not exist (Service: Amazon S3; Status Code: 404; Error Code: NoSuchBucket; Request ID: 187431B86E590601; S3 Extended Request ID: dd9025bab4ad464b049177c95eb6ebf374d3b3fd1af9251148b658df7ac2e3e8; Proxy: null), S3 Extended Request ID: dd9025bab4ad464b049177c95eb6ebf374d3b3fd1af9251148b658df7ac2e3e8
[2025-11-02T12:53:43.098+0000] {spark_submit.py:491} INFO - at com.amazonaws.http.AmazonHttpClient$RequestExecutor.handleErrorResponse(AmazonHttpClient.java:1879)
[2025-11-02T12:53:43.098+0000] {spark_submit.py:491} INFO - at com.amazonaws.http.AmazonHttpClient$RequestExecutor.handleServiceErrorResponse(AmazonHttpClient.java:1418)
[2025-11-02T12:53:43.098+0000] {spark_submit.py:491} INFO - at com.amazonaws.http.AmazonHttpClient$RequestExecutor.executeOneRequest(AmazonHttpClient.java:1387)
[2025-11-02T12:53:43.098+0000] {spark_submit.py:491} INFO - at com.amazonaws.http.AmazonHttpClient$RequestExecutor.executeHelper(AmazonHttpClient.java:1157)
[2025-11-02T12:53:43.098+0000] {spark_submit.py:491} INFO - at com.amazonaws.http.AmazonHttpClient$RequestExecutor.doExecute(AmazonHttpClient.java:814)
[2025-11-02T12:53:43.099+0000] {spark_submit.py:491} INFO - at com.amazonaws.http.AmazonHttpClient$RequestExecutor.executeWithTimer(AmazonHttpClient.java:781)
[2025-11-02T12:53:43.099+0000] {spark_submit.py:491} INFO - at com.amazonaws.http.AmazonHttpClient$RequestExecutor.execute(AmazonHttpClient.java:755)
[2025-11-02T12:53:43.099+0000] {spark_submit.py:491} INFO - at com.amazonaws.http.AmazonHttpClient$RequestExecutor.access$500(AmazonHttpClient.java:715)
[2025-11-02T12:53:43.099+0000] {spark_submit.py:491} INFO - at com.amazonaws.http.AmazonHttpClient$RequestExecutionBuilderImpl.execute(AmazonHttpClient.java:697)
[2025-11-02T12:53:43.099+0000] {spark_submit.py:491} INFO - at com.amazonaws.http.AmazonHttpClient.execute(AmazonHttpClient.java:561)
[2025-11-02T12:53:43.099+0000] {spark_submit.py:491} INFO - at com.amazonaws.http.AmazonHttpClient.execute(AmazonHttpClient.java:541)
[2025-11-02T12:53:43.099+0000] {spark_submit.py:491} INFO - at com.amazonaws.services.s3.AmazonS3Client.invoke(AmazonS3Client.java:5456)
[2025-11-02T12:53:43.099+0000] {spark_submit.py:491} INFO - at com.amazonaws.services.s3.AmazonS3Client.invoke(AmazonS3Client.java:5403)
[2025-11-02T12:53:43.099+0000] {spark_submit.py:491} INFO - at com.amazonaws.services.s3.AmazonS3Client.invoke(AmazonS3Client.java:5397)
[2025-11-02T12:53:43.100+0000] {spark_submit.py:491} INFO - at com.amazonaws.services.s3.AmazonS3Client.listObjectsV2(AmazonS3Client.java:971)
[2025-11-02T12:53:43.100+0000] {spark_submit.py:491} INFO - at org.apache.hadoop.fs.s3a.S3AFileSystem.lambda$listObjects$11(S3AFileSystem.java:2595)
[2025-11-02T12:53:43.100+0000] {spark_submit.py:491} INFO - at org.apache.hadoop.fs.statistics.impl.IOStatisticsBinding.lambda$trackDurationOfOperation$5(IOStatisticsBinding.java:499)
[2025-11-02T12:53:43.100+0000] {spark_submit.py:491} INFO - at org.apache.hadoop.fs.s3a.Invoker.retryUntranslated(Invoker.java:414)
[2025-11-02T12:53:43.100+0000] {spark_submit.py:491} INFO - at org.apache.hadoop.fs.s3a.Invoker.retryUntranslated(Invoker.java:377)
[2025-11-02T12:53:43.100+0000] {spark_submit.py:491} INFO - at org.apache.hadoop.fs.s3a.S3AFileSystem.listObjects(S3AFileSystem.java:2586)
[2025-11-02T12:53:43.100+0000] {spark_submit.py:491} INFO - at org.apache.hadoop.fs.s3a.S3AFileSystem.s3GetFileStatus(S3AFileSystem.java:3832)
[2025-11-02T12:53:43.100+0000] {spark_submit.py:491} INFO - ... 83 more
[2025-11-02T12:53:43.100+0000] {spark_submit.py:491} INFO - 
[2025-11-02T12:53:43.159+0000] {taskinstance.py:1935} ERROR - Task failed with exception
Traceback (most recent call last):
  File "/home/airflow/.local/lib/python3.8/site-packages/airflow/providers/apache/spark/operators/spark_submit.py", line 156, in execute
    self._hook.submit(self._application)
  File "/home/airflow/.local/lib/python3.8/site-packages/airflow/providers/apache/spark/hooks/spark_submit.py", line 422, in submit
    raise AirflowException(
airflow.exceptions.AirflowException: Cannot execute: /opt/bitnami/spark/bin/spark-submit --master spark-master:7077 --conf spark.master=spark://spark-master:7077 --conf spark.sql.catalog.spark_catalog=org.apache.iceberg.spark.SparkSessionCatalog --conf spark.sql.catalog.spark_catalog.type=hive --conf spark.sql.catalog.iceberg=org.apache.iceberg.spark.SparkCatalog --conf spark.sql.catalog.iceberg.type=hadoop --conf spark.sql.catalog.iceberg.warehouse=s3a://lakehouse/warehouse --conf spark.sql.extensions=org.apache.iceberg.spark.extensions.IcebergSparkSessionExtensions --conf spark.hadoop.fs.s3a.endpoint=http://minio:9000 --conf spark.hadoop.fs.s3a.access.key=admin --conf spark.hadoop.fs.s3a.secret.key=****** --conf spark.hadoop.fs.s3a.path.style.access=true --conf spark.hadoop.fs.s3a.impl=org.apache.hadoop.fs.s3a.S3AFileSystem --jars /opt/***/jars/iceberg-spark-runtime-3.5_2.12-1.4.2.jar,/opt/***/jars/aws-java-sdk-bundle-1.12.367.jar,/opt/***/jars/hadoop-aws-3.3.4.jar --name arrow-spark /opt/***/dags/spark_jobs/nyc_taxi_to_iceberg.py /opt/***/data/raw/yellow_tripdata_2025-11.parquet. Error code is: 1.
[2025-11-02T12:53:43.162+0000] {taskinstance.py:1398} INFO - Marking task as FAILED. dag_id=nyc_taxi_iceberg_etl, task_id=spark_process_to_iceberg, execution_date=20251102T065320, start_date=20251102T125335, end_date=20251102T125343
[2025-11-02T12:53:43.170+0000] {standard_task_runner.py:104} ERROR - Failed to execute job 5 for task spark_process_to_iceberg (Cannot execute: /opt/bitnami/spark/bin/spark-submit --master spark-master:7077 --conf spark.master=spark://spark-master:7077 --conf spark.sql.catalog.spark_catalog=org.apache.iceberg.spark.SparkSessionCatalog --conf spark.sql.catalog.spark_catalog.type=hive --conf spark.sql.catalog.iceberg=org.apache.iceberg.spark.SparkCatalog --conf spark.sql.catalog.iceberg.type=hadoop --conf spark.sql.catalog.iceberg.warehouse=s3a://lakehouse/warehouse --conf spark.sql.extensions=org.apache.iceberg.spark.extensions.IcebergSparkSessionExtensions --conf spark.hadoop.fs.s3a.endpoint=http://minio:9000 --conf spark.hadoop.fs.s3a.access.key=admin --conf spark.hadoop.fs.s3a.secret.key=****** --conf spark.hadoop.fs.s3a.path.style.access=true --conf spark.hadoop.fs.s3a.impl=org.apache.hadoop.fs.s3a.S3AFileSystem --jars /opt/***/jars/iceberg-spark-runtime-3.5_2.12-1.4.2.jar,/opt/***/jars/aws-java-sdk-bundle-1.12.367.jar,/opt/***/jars/hadoop-aws-3.3.4.jar --name arrow-spark /opt/***/dags/spark_jobs/nyc_taxi_to_iceberg.py /opt/***/data/raw/yellow_tripdata_2025-11.parquet. Error code is: 1.; 294)
[2025-11-02T12:53:43.174+0000] {local_task_job_runner.py:228} INFO - Task exited with return code 1
[2025-11-02T12:53:43.184+0000] {taskinstance.py:2776} INFO - 0 downstream tasks scheduled from follow-on schedule check
