[2025-11-03T03:56:10.161+0000] {taskinstance.py:1157} INFO - Dependencies all met for dep_context=non-requeueable deps ti=<TaskInstance: nyc_weather_etl.spark_process_location_to_iceberg manual__2025-11-03T03:56:07.171918+00:00 [queued]>
[2025-11-03T03:56:10.164+0000] {taskinstance.py:1157} INFO - Dependencies all met for dep_context=requeueable deps ti=<TaskInstance: nyc_weather_etl.spark_process_location_to_iceberg manual__2025-11-03T03:56:07.171918+00:00 [queued]>
[2025-11-03T03:56:10.165+0000] {taskinstance.py:1359} INFO - Starting attempt 1 of 1
[2025-11-03T03:56:10.169+0000] {taskinstance.py:1380} INFO - Executing <Task(SparkSubmitOperator): spark_process_location_to_iceberg> on 2025-11-03 03:56:07.171918+00:00
[2025-11-03T03:56:10.172+0000] {standard_task_runner.py:57} INFO - Started process 11300 to run task
[2025-11-03T03:56:10.174+0000] {standard_task_runner.py:84} INFO - Running: ['***', 'tasks', 'run', 'nyc_weather_etl', 'spark_process_location_to_iceberg', 'manual__2025-11-03T03:56:07.171918+00:00', '--job-id', '108', '--raw', '--subdir', 'DAGS_FOLDER/nyc_weather_etl.py', '--cfg-path', '/tmp/tmp2p9prrj7']
[2025-11-03T03:56:10.175+0000] {standard_task_runner.py:85} INFO - Job 108: Subtask spark_process_location_to_iceberg
[2025-11-03T03:56:10.200+0000] {task_command.py:415} INFO - Running <TaskInstance: nyc_weather_etl.spark_process_location_to_iceberg manual__2025-11-03T03:56:07.171918+00:00 [running]> on host ec57452a9f33
[2025-11-03T03:56:10.339+0000] {taskinstance.py:1660} INFO - Exporting env vars: AIRFLOW_CTX_DAG_OWNER='data-engineering' AIRFLOW_CTX_DAG_ID='nyc_weather_etl' AIRFLOW_CTX_TASK_ID='spark_process_location_to_iceberg' AIRFLOW_CTX_EXECUTION_DATE='2025-11-03T03:56:07.171918+00:00' AIRFLOW_CTX_TRY_NUMBER='1' AIRFLOW_CTX_DAG_RUN_ID='manual__2025-11-03T03:56:07.171918+00:00'
[2025-11-03T03:56:10.340+0000] {base.py:73} INFO - Using connection ID 'spark_default' for task execution.
[2025-11-03T03:56:10.341+0000] {spark_submit.py:340} INFO - Spark-Submit cmd: /opt/bitnami/spark/bin/spark-submit --master spark-master:7077 --conf spark.master=spark://spark-master:7077 --conf spark.sql.catalog.spark_catalog=org.apache.iceberg.spark.SparkSessionCatalog --conf spark.sql.catalog.spark_catalog.type=hive --conf spark.sql.catalog.iceberg=org.apache.iceberg.spark.SparkCatalog --conf spark.sql.catalog.iceberg.type=hadoop --conf spark.sql.catalog.iceberg.warehouse=s3a://lakehouse/warehouse --conf spark.sql.extensions=org.apache.iceberg.spark.extensions.IcebergSparkSessionExtensions --conf spark.hadoop.fs.s3a.endpoint=http://minio:9000 --conf spark.hadoop.fs.s3a.access.key=admin --conf spark.hadoop.fs.s3a.secret.key=****** --conf spark.hadoop.fs.s3a.path.style.access=true --conf spark.hadoop.fs.s3a.impl=org.apache.hadoop.fs.s3a.S3AFileSystem --jars /opt/***/jars/iceberg-spark-runtime-3.5_2.12-1.4.2.jar,/opt/***/jars/aws-java-sdk-bundle-1.12.367.jar,/opt/***/jars/hadoop-aws-3.3.4.jar --name arrow-spark /opt/***/dags/spark_jobs/location_to_iceberg.py /opt/***/data/locations/nyc_taxi_zones.json
[2025-11-03T03:56:11.236+0000] {spark_submit.py:491} INFO - 25/11/03 03:56:11 WARN NativeCodeLoader: Unable to load native-hadoop library for your platform... using builtin-java classes where applicable
[2025-11-03T03:56:11.772+0000] {spark_submit.py:491} INFO - 25/11/03 03:56:11 INFO SparkContext: Running Spark version 3.5.1
[2025-11-03T03:56:11.775+0000] {spark_submit.py:491} INFO - 25/11/03 03:56:11 INFO SparkContext: OS info Linux, 6.10.14-linuxkit, aarch64
[2025-11-03T03:56:11.777+0000] {spark_submit.py:491} INFO - 25/11/03 03:56:11 INFO SparkContext: Java version 11.0.28
[2025-11-03T03:56:11.783+0000] {spark_submit.py:491} INFO - 25/11/03 03:56:11 INFO ResourceUtils: ==============================================================
[2025-11-03T03:56:11.785+0000] {spark_submit.py:491} INFO - 25/11/03 03:56:11 INFO ResourceUtils: No custom resources configured for spark.driver.
[2025-11-03T03:56:11.785+0000] {spark_submit.py:491} INFO - 25/11/03 03:56:11 INFO ResourceUtils: ==============================================================
[2025-11-03T03:56:11.789+0000] {spark_submit.py:491} INFO - 25/11/03 03:56:11 INFO SparkContext: Submitted application: Location to Iceberg ETL
[2025-11-03T03:56:11.791+0000] {spark_submit.py:491} INFO - 25/11/03 03:56:11 INFO ResourceProfile: Default ResourceProfile created, executor resources: Map(cores -> name: cores, amount: 1, script: , vendor: , memory -> name: memory, amount: 1024, script: , vendor: , offHeap -> name: offHeap, amount: 0, script: , vendor: ), task resources: Map(cpus -> name: cpus, amount: 1.0)
[2025-11-03T03:56:11.795+0000] {spark_submit.py:491} INFO - 25/11/03 03:56:11 INFO ResourceProfile: Limiting resource is cpu
[2025-11-03T03:56:11.795+0000] {spark_submit.py:491} INFO - 25/11/03 03:56:11 INFO ResourceProfileManager: Added ResourceProfile id: 0
[2025-11-03T03:56:11.823+0000] {spark_submit.py:491} INFO - 25/11/03 03:56:11 INFO SecurityManager: Changing view acls to: ***
[2025-11-03T03:56:11.824+0000] {spark_submit.py:491} INFO - 25/11/03 03:56:11 INFO SecurityManager: Changing modify acls to: ***
[2025-11-03T03:56:11.824+0000] {spark_submit.py:491} INFO - 25/11/03 03:56:11 INFO SecurityManager: Changing view acls groups to:
[2025-11-03T03:56:11.824+0000] {spark_submit.py:491} INFO - 25/11/03 03:56:11 INFO SecurityManager: Changing modify acls groups to:
[2025-11-03T03:56:11.824+0000] {spark_submit.py:491} INFO - 25/11/03 03:56:11 INFO SecurityManager: SecurityManager: authentication disabled; ui acls disabled; users with view permissions: ***; groups with view permissions: EMPTY; users with modify permissions: ***; groups with modify permissions: EMPTY
[2025-11-03T03:56:11.936+0000] {spark_submit.py:491} INFO - 25/11/03 03:56:11 INFO Utils: Successfully started service 'sparkDriver' on port 36869.
[2025-11-03T03:56:11.951+0000] {spark_submit.py:491} INFO - 25/11/03 03:56:11 INFO SparkEnv: Registering MapOutputTracker
[2025-11-03T03:56:11.965+0000] {spark_submit.py:491} INFO - 25/11/03 03:56:11 INFO SparkEnv: Registering BlockManagerMaster
[2025-11-03T03:56:11.976+0000] {spark_submit.py:491} INFO - 25/11/03 03:56:11 INFO BlockManagerMasterEndpoint: Using org.apache.spark.storage.DefaultTopologyMapper for getting topology information
[2025-11-03T03:56:11.976+0000] {spark_submit.py:491} INFO - 25/11/03 03:56:11 INFO BlockManagerMasterEndpoint: BlockManagerMasterEndpoint up
[2025-11-03T03:56:11.979+0000] {spark_submit.py:491} INFO - 25/11/03 03:56:11 INFO SparkEnv: Registering BlockManagerMasterHeartbeat
[2025-11-03T03:56:11.991+0000] {spark_submit.py:491} INFO - 25/11/03 03:56:11 INFO DiskBlockManager: Created local directory at /tmp/blockmgr-618b8329-3614-4e83-8c6b-ae09e1f3449d
[2025-11-03T03:56:11.996+0000] {spark_submit.py:491} INFO - 25/11/03 03:56:11 INFO MemoryStore: MemoryStore started with capacity 434.4 MiB
[2025-11-03T03:56:12.005+0000] {spark_submit.py:491} INFO - 25/11/03 03:56:12 INFO SparkEnv: Registering OutputCommitCoordinator
[2025-11-03T03:56:12.063+0000] {spark_submit.py:491} INFO - 25/11/03 03:56:12 INFO JettyUtils: Start Jetty 0.0.0.0:4040 for SparkUI
[2025-11-03T03:56:12.091+0000] {spark_submit.py:491} INFO - 25/11/03 03:56:12 INFO Utils: Successfully started service 'SparkUI' on port 4040.
[2025-11-03T03:56:12.106+0000] {spark_submit.py:491} INFO - 25/11/03 03:56:12 INFO SparkContext: Added JAR file:///opt/***/jars/iceberg-spark-runtime-3.5_2.12-1.4.2.jar at spark://ec57452a9f33:36869/jars/iceberg-spark-runtime-3.5_2.12-1.4.2.jar with timestamp 1762142171768
[2025-11-03T03:56:12.107+0000] {spark_submit.py:491} INFO - 25/11/03 03:56:12 INFO SparkContext: Added JAR file:///opt/***/jars/aws-java-sdk-bundle-1.12.367.jar at spark://ec57452a9f33:36869/jars/aws-java-sdk-bundle-1.12.367.jar with timestamp 1762142171768
[2025-11-03T03:56:12.107+0000] {spark_submit.py:491} INFO - 25/11/03 03:56:12 INFO SparkContext: Added JAR file:///opt/***/jars/hadoop-aws-3.3.4.jar at spark://ec57452a9f33:36869/jars/hadoop-aws-3.3.4.jar with timestamp 1762142171768
[2025-11-03T03:56:12.136+0000] {spark_submit.py:491} INFO - 25/11/03 03:56:12 INFO Executor: Starting executor ID driver on host ec57452a9f33
[2025-11-03T03:56:12.136+0000] {spark_submit.py:491} INFO - 25/11/03 03:56:12 INFO Executor: OS info Linux, 6.10.14-linuxkit, aarch64
[2025-11-03T03:56:12.137+0000] {spark_submit.py:491} INFO - 25/11/03 03:56:12 INFO Executor: Java version 11.0.28
[2025-11-03T03:56:12.139+0000] {spark_submit.py:491} INFO - 25/11/03 03:56:12 INFO Executor: Starting executor with user classpath (userClassPathFirst = false): ''
[2025-11-03T03:56:12.139+0000] {spark_submit.py:491} INFO - 25/11/03 03:56:12 INFO Executor: Created or updated repl class loader org.apache.spark.util.MutableURLClassLoader@2536848e for default.
[2025-11-03T03:56:12.145+0000] {spark_submit.py:491} INFO - 25/11/03 03:56:12 INFO Executor: Fetching spark://ec57452a9f33:36869/jars/aws-java-sdk-bundle-1.12.367.jar with timestamp 1762142171768
[2025-11-03T03:56:12.169+0000] {spark_submit.py:491} INFO - 25/11/03 03:56:12 INFO TransportClientFactory: Successfully created connection to ec57452a9f33/172.18.0.4:36869 after 12 ms (0 ms spent in bootstraps)
[2025-11-03T03:56:12.173+0000] {spark_submit.py:491} INFO - 25/11/03 03:56:12 INFO Utils: Fetching spark://ec57452a9f33:36869/jars/aws-java-sdk-bundle-1.12.367.jar to /tmp/spark-9a40f547-f6f4-44f6-96ef-47d507cf61cc/userFiles-ace2fd7e-3969-4403-9225-969decf24052/fetchFileTemp8822064435069218680.tmp
[2025-11-03T03:56:12.732+0000] {spark_submit.py:491} INFO - 25/11/03 03:56:12 INFO Executor: Adding file:/tmp/spark-9a40f547-f6f4-44f6-96ef-47d507cf61cc/userFiles-ace2fd7e-3969-4403-9225-969decf24052/aws-java-sdk-bundle-1.12.367.jar to class loader default
[2025-11-03T03:56:12.733+0000] {spark_submit.py:491} INFO - 25/11/03 03:56:12 INFO Executor: Fetching spark://ec57452a9f33:36869/jars/hadoop-aws-3.3.4.jar with timestamp 1762142171768
[2025-11-03T03:56:12.733+0000] {spark_submit.py:491} INFO - 25/11/03 03:56:12 INFO Utils: Fetching spark://ec57452a9f33:36869/jars/hadoop-aws-3.3.4.jar to /tmp/spark-9a40f547-f6f4-44f6-96ef-47d507cf61cc/userFiles-ace2fd7e-3969-4403-9225-969decf24052/fetchFileTemp4658300208497216981.tmp
[2025-11-03T03:56:12.739+0000] {spark_submit.py:491} INFO - 25/11/03 03:56:12 INFO Executor: Adding file:/tmp/spark-9a40f547-f6f4-44f6-96ef-47d507cf61cc/userFiles-ace2fd7e-3969-4403-9225-969decf24052/hadoop-aws-3.3.4.jar to class loader default
[2025-11-03T03:56:12.740+0000] {spark_submit.py:491} INFO - 25/11/03 03:56:12 INFO Executor: Fetching spark://ec57452a9f33:36869/jars/iceberg-spark-runtime-3.5_2.12-1.4.2.jar with timestamp 1762142171768
[2025-11-03T03:56:12.740+0000] {spark_submit.py:491} INFO - 25/11/03 03:56:12 INFO Utils: Fetching spark://ec57452a9f33:36869/jars/iceberg-spark-runtime-3.5_2.12-1.4.2.jar to /tmp/spark-9a40f547-f6f4-44f6-96ef-47d507cf61cc/userFiles-ace2fd7e-3969-4403-9225-969decf24052/fetchFileTemp1396375069231711712.tmp
[2025-11-03T03:56:12.823+0000] {spark_submit.py:491} INFO - 25/11/03 03:56:12 INFO Executor: Adding file:/tmp/spark-9a40f547-f6f4-44f6-96ef-47d507cf61cc/userFiles-ace2fd7e-3969-4403-9225-969decf24052/iceberg-spark-runtime-3.5_2.12-1.4.2.jar to class loader default
[2025-11-03T03:56:12.830+0000] {spark_submit.py:491} INFO - 25/11/03 03:56:12 INFO Utils: Successfully started service 'org.apache.spark.network.netty.NettyBlockTransferService' on port 44879.
[2025-11-03T03:56:12.831+0000] {spark_submit.py:491} INFO - 25/11/03 03:56:12 INFO NettyBlockTransferService: Server created on ec57452a9f33:44879
[2025-11-03T03:56:12.832+0000] {spark_submit.py:491} INFO - 25/11/03 03:56:12 INFO BlockManager: Using org.apache.spark.storage.RandomBlockReplicationPolicy for block replication policy
[2025-11-03T03:56:12.835+0000] {spark_submit.py:491} INFO - 25/11/03 03:56:12 INFO BlockManagerMaster: Registering BlockManager BlockManagerId(driver, ec57452a9f33, 44879, None)
[2025-11-03T03:56:12.837+0000] {spark_submit.py:491} INFO - 25/11/03 03:56:12 INFO BlockManagerMasterEndpoint: Registering block manager ec57452a9f33:44879 with 434.4 MiB RAM, BlockManagerId(driver, ec57452a9f33, 44879, None)
[2025-11-03T03:56:12.838+0000] {spark_submit.py:491} INFO - 25/11/03 03:56:12 INFO BlockManagerMaster: Registered BlockManager BlockManagerId(driver, ec57452a9f33, 44879, None)
[2025-11-03T03:56:12.839+0000] {spark_submit.py:491} INFO - 25/11/03 03:56:12 INFO BlockManager: Initialized BlockManager: BlockManagerId(driver, ec57452a9f33, 44879, None)
[2025-11-03T03:56:14.632+0000] {spark_submit.py:491} INFO - 25/11/03 03:56:14 WARN MetricsConfig: Cannot locate configuration: tried hadoop-metrics2-s3a-file-system.properties,hadoop-metrics2.properties
[2025-11-03T03:56:15.419+0000] {spark_submit.py:491} INFO - Created/verified taxi zones table
[2025-11-03T03:56:15.420+0000] {spark_submit.py:491} INFO - Reading location data from: /opt/***/data/locations/nyc_taxi_zones.json
[2025-11-03T03:56:16.676+0000] {spark_submit.py:491} INFO - Raw location data count: 16
[2025-11-03T03:56:16.676+0000] {spark_submit.py:491} INFO - root
[2025-11-03T03:56:16.676+0000] {spark_submit.py:491} INFO - |-- borough: string (nullable = true)
[2025-11-03T03:56:16.676+0000] {spark_submit.py:491} INFO - |-- created_at: string (nullable = true)
[2025-11-03T03:56:16.676+0000] {spark_submit.py:491} INFO - |-- is_business_district: boolean (nullable = true)
[2025-11-03T03:56:16.676+0000] {spark_submit.py:491} INFO - |-- is_tourist_area: boolean (nullable = true)
[2025-11-03T03:56:16.676+0000] {spark_submit.py:491} INFO - |-- lat: double (nullable = true)
[2025-11-03T03:56:16.676+0000] {spark_submit.py:491} INFO - |-- location_id: long (nullable = true)
[2025-11-03T03:56:16.676+0000] {spark_submit.py:491} INFO - |-- lon: double (nullable = true)
[2025-11-03T03:56:16.676+0000] {spark_submit.py:491} INFO - |-- zone: string (nullable = true)
[2025-11-03T03:56:16.676+0000] {spark_submit.py:491} INFO - |-- zone_type: string (nullable = true)
[2025-11-03T03:56:16.676+0000] {spark_submit.py:491} INFO - 
[2025-11-03T03:56:16.960+0000] {spark_submit.py:491} INFO - Processed location data count: 16
[2025-11-03T03:56:18.520+0000] {spark_submit.py:491} INFO - Successfully wrote location data to Iceberg table
[2025-11-03T03:56:19.695+0000] {spark_submit.py:491} INFO - +---------+----------+-------------+--------------+
[2025-11-03T03:56:19.695+0000] {spark_submit.py:491} INFO - |  borough|zone_count|tourist_zones|business_zones|
[2025-11-03T03:56:19.696+0000] {spark_submit.py:491} INFO - +---------+----------+-------------+--------------+
[2025-11-03T03:56:19.696+0000] {spark_submit.py:491} INFO - |Manhattan|        13|            4|             3|
[2025-11-03T03:56:19.696+0000] {spark_submit.py:491} INFO - |   Queens|         2|            0|             0|
[2025-11-03T03:56:19.696+0000] {spark_submit.py:491} INFO - | Brooklyn|         1|            0|             0|
[2025-11-03T03:56:19.696+0000] {spark_submit.py:491} INFO - +---------+----------+-------------+--------------+
[2025-11-03T03:56:19.696+0000] {spark_submit.py:491} INFO - 
[2025-11-03T03:56:19.696+0000] {spark_submit.py:491} INFO - Location ETL job completed successfully!
[2025-11-03T03:56:20.465+0000] {taskinstance.py:1398} INFO - Marking task as SUCCESS. dag_id=nyc_weather_etl, task_id=spark_process_location_to_iceberg, execution_date=20251103T035607, start_date=20251103T035610, end_date=20251103T035620
[2025-11-03T03:56:20.492+0000] {local_task_job_runner.py:228} INFO - Task exited with return code 0
[2025-11-03T03:56:20.508+0000] {taskinstance.py:2776} INFO - 0 downstream tasks scheduled from follow-on schedule check
