[2025-10-13T08:09:26.514+0000] {taskinstance.py:1157} INFO - Dependencies all met for dep_context=non-requeueable deps ti=<TaskInstance: nyc_weather_etl.spark_process_weather_to_iceberg scheduled__2025-10-13T07:09:23.166734+00:00 [queued]>
[2025-10-13T08:09:26.518+0000] {taskinstance.py:1157} INFO - Dependencies all met for dep_context=requeueable deps ti=<TaskInstance: nyc_weather_etl.spark_process_weather_to_iceberg scheduled__2025-10-13T07:09:23.166734+00:00 [queued]>
[2025-10-13T08:09:26.518+0000] {taskinstance.py:1359} INFO - Starting attempt 1 of 1
[2025-10-13T08:09:26.523+0000] {taskinstance.py:1380} INFO - Executing <Task(SparkSubmitOperator): spark_process_weather_to_iceberg> on 2025-10-13 07:09:23.166734+00:00
[2025-10-13T08:09:26.526+0000] {standard_task_runner.py:57} INFO - Started process 23741 to run task
[2025-10-13T08:09:26.527+0000] {standard_task_runner.py:84} INFO - Running: ['***', 'tasks', 'run', 'nyc_weather_etl', 'spark_process_weather_to_iceberg', 'scheduled__2025-10-13T07:09:23.166734+00:00', '--job-id', '546', '--raw', '--subdir', 'DAGS_FOLDER/nyc_weather_etl.py', '--cfg-path', '/tmp/tmpkjuna83a']
[2025-10-13T08:09:26.529+0000] {standard_task_runner.py:85} INFO - Job 546: Subtask spark_process_weather_to_iceberg
[2025-10-13T08:09:26.553+0000] {task_command.py:415} INFO - Running <TaskInstance: nyc_weather_etl.spark_process_weather_to_iceberg scheduled__2025-10-13T07:09:23.166734+00:00 [running]> on host b40be2a595bb
[2025-10-13T08:09:26.662+0000] {taskinstance.py:1660} INFO - Exporting env vars: AIRFLOW_CTX_DAG_OWNER='data-engineering' AIRFLOW_CTX_DAG_ID='nyc_weather_etl' AIRFLOW_CTX_TASK_ID='spark_process_weather_to_iceberg' AIRFLOW_CTX_EXECUTION_DATE='2025-10-13T07:09:23.166734+00:00' AIRFLOW_CTX_TRY_NUMBER='1' AIRFLOW_CTX_DAG_RUN_ID='scheduled__2025-10-13T07:09:23.166734+00:00'
[2025-10-13T08:09:26.667+0000] {base.py:73} INFO - Using connection ID 'spark_default' for task execution.
[2025-10-13T08:09:26.668+0000] {spark_submit.py:340} INFO - Spark-Submit cmd: /opt/bitnami/spark/bin/spark-submit --master spark://spark-master:7077 --conf spark.master=spark://spark-master:7077 --conf spark.sql.catalog.spark_catalog=org.apache.iceberg.spark.SparkSessionCatalog --conf spark.sql.catalog.spark_catalog.type=hive --conf spark.sql.catalog.iceberg=org.apache.iceberg.spark.SparkCatalog --conf spark.sql.catalog.iceberg.type=hadoop --conf spark.sql.catalog.iceberg.warehouse=s3a://lakehouse/warehouse --conf spark.sql.extensions=org.apache.iceberg.spark.extensions.IcebergSparkSessionExtensions --conf spark.hadoop.fs.s3a.endpoint=http://minio:9000 --conf spark.hadoop.fs.s3a.access.key=admin --conf spark.hadoop.fs.s3a.secret.key=****** --conf spark.hadoop.fs.s3a.path.style.access=true --conf spark.hadoop.fs.s3a.impl=org.apache.hadoop.fs.s3a.S3AFileSystem --jars /opt/***/jars/iceberg-spark-runtime-3.5_2.12-1.4.2.jar,/opt/***/jars/aws-java-sdk-bundle-1.12.367.jar,/opt/***/jars/hadoop-aws-3.3.4.jar --name arrow-spark --queue default /opt/***/dags/spark_jobs/weather_to_iceberg.py /opt/***/data/weather/weather_data_20251008_07.json
[2025-10-13T08:09:27.475+0000] {spark_submit.py:491} INFO - 25/10/13 08:09:27 WARN NativeCodeLoader: Unable to load native-hadoop library for your platform... using builtin-java classes where applicable
[2025-10-13T08:09:28.079+0000] {spark_submit.py:491} INFO - 25/10/13 08:09:28 INFO SparkContext: Running Spark version 3.5.1
[2025-10-13T08:09:28.082+0000] {spark_submit.py:491} INFO - 25/10/13 08:09:28 INFO SparkContext: OS info Linux, 6.10.14-linuxkit, aarch64
[2025-10-13T08:09:28.082+0000] {spark_submit.py:491} INFO - 25/10/13 08:09:28 INFO SparkContext: Java version 11.0.28
[2025-10-13T08:09:28.091+0000] {spark_submit.py:491} INFO - 25/10/13 08:09:28 INFO ResourceUtils: ==============================================================
[2025-10-13T08:09:28.092+0000] {spark_submit.py:491} INFO - 25/10/13 08:09:28 INFO ResourceUtils: No custom resources configured for spark.driver.
[2025-10-13T08:09:28.093+0000] {spark_submit.py:491} INFO - 25/10/13 08:09:28 INFO ResourceUtils: ==============================================================
[2025-10-13T08:09:28.097+0000] {spark_submit.py:491} INFO - 25/10/13 08:09:28 INFO SparkContext: Submitted application: Weather to Iceberg ETL
[2025-10-13T08:09:28.100+0000] {spark_submit.py:491} INFO - 25/10/13 08:09:28 INFO ResourceProfile: Default ResourceProfile created, executor resources: Map(cores -> name: cores, amount: 1, script: , vendor: , memory -> name: memory, amount: 1024, script: , vendor: , offHeap -> name: offHeap, amount: 0, script: , vendor: ), task resources: Map(cpus -> name: cpus, amount: 1.0)
[2025-10-13T08:09:28.104+0000] {spark_submit.py:491} INFO - 25/10/13 08:09:28 INFO ResourceProfile: Limiting resource is cpu
[2025-10-13T08:09:28.105+0000] {spark_submit.py:491} INFO - 25/10/13 08:09:28 INFO ResourceProfileManager: Added ResourceProfile id: 0
[2025-10-13T08:09:28.140+0000] {spark_submit.py:491} INFO - 25/10/13 08:09:28 INFO SecurityManager: Changing view acls to: ***
[2025-10-13T08:09:28.140+0000] {spark_submit.py:491} INFO - 25/10/13 08:09:28 INFO SecurityManager: Changing modify acls to: ***
[2025-10-13T08:09:28.140+0000] {spark_submit.py:491} INFO - 25/10/13 08:09:28 INFO SecurityManager: Changing view acls groups to:
[2025-10-13T08:09:28.140+0000] {spark_submit.py:491} INFO - 25/10/13 08:09:28 INFO SecurityManager: Changing modify acls groups to:
[2025-10-13T08:09:28.140+0000] {spark_submit.py:491} INFO - 25/10/13 08:09:28 INFO SecurityManager: SecurityManager: authentication disabled; ui acls disabled; users with view permissions: ***; groups with view permissions: EMPTY; users with modify permissions: ***; groups with modify permissions: EMPTY
[2025-10-13T08:09:28.243+0000] {spark_submit.py:491} INFO - 25/10/13 08:09:28 INFO Utils: Successfully started service 'sparkDriver' on port 40403.
[2025-10-13T08:09:28.258+0000] {spark_submit.py:491} INFO - 25/10/13 08:09:28 INFO SparkEnv: Registering MapOutputTracker
[2025-10-13T08:09:28.272+0000] {spark_submit.py:491} INFO - 25/10/13 08:09:28 INFO SparkEnv: Registering BlockManagerMaster
[2025-10-13T08:09:28.282+0000] {spark_submit.py:491} INFO - 25/10/13 08:09:28 INFO BlockManagerMasterEndpoint: Using org.apache.spark.storage.DefaultTopologyMapper for getting topology information
[2025-10-13T08:09:28.284+0000] {spark_submit.py:491} INFO - 25/10/13 08:09:28 INFO BlockManagerMasterEndpoint: BlockManagerMasterEndpoint up
[2025-10-13T08:09:28.284+0000] {spark_submit.py:491} INFO - 25/10/13 08:09:28 INFO SparkEnv: Registering BlockManagerMasterHeartbeat
[2025-10-13T08:09:28.295+0000] {spark_submit.py:491} INFO - 25/10/13 08:09:28 INFO DiskBlockManager: Created local directory at /tmp/blockmgr-00d2b26f-ecca-4a87-afe3-5a04efc9804d
[2025-10-13T08:09:28.303+0000] {spark_submit.py:491} INFO - 25/10/13 08:09:28 INFO MemoryStore: MemoryStore started with capacity 434.4 MiB
[2025-10-13T08:09:28.310+0000] {spark_submit.py:491} INFO - 25/10/13 08:09:28 INFO SparkEnv: Registering OutputCommitCoordinator
[2025-10-13T08:09:28.369+0000] {spark_submit.py:491} INFO - 25/10/13 08:09:28 INFO JettyUtils: Start Jetty 0.0.0.0:4040 for SparkUI
[2025-10-13T08:09:28.392+0000] {spark_submit.py:491} INFO - 25/10/13 08:09:28 INFO Utils: Successfully started service 'SparkUI' on port 4040.
[2025-10-13T08:09:28.407+0000] {spark_submit.py:491} INFO - 25/10/13 08:09:28 INFO SparkContext: Added JAR file:///opt/***/jars/iceberg-spark-runtime-3.5_2.12-1.4.2.jar at spark://b40be2a595bb:40403/jars/iceberg-spark-runtime-3.5_2.12-1.4.2.jar with timestamp 1760342968074
[2025-10-13T08:09:28.407+0000] {spark_submit.py:491} INFO - 25/10/13 08:09:28 INFO SparkContext: Added JAR file:///opt/***/jars/aws-java-sdk-bundle-1.12.367.jar at spark://b40be2a595bb:40403/jars/aws-java-sdk-bundle-1.12.367.jar with timestamp 1760342968074
[2025-10-13T08:09:28.407+0000] {spark_submit.py:491} INFO - 25/10/13 08:09:28 INFO SparkContext: Added JAR file:///opt/***/jars/hadoop-aws-3.3.4.jar at spark://b40be2a595bb:40403/jars/hadoop-aws-3.3.4.jar with timestamp 1760342968074
[2025-10-13T08:09:28.435+0000] {spark_submit.py:491} INFO - 25/10/13 08:09:28 INFO Executor: Starting executor ID driver on host b40be2a595bb
[2025-10-13T08:09:28.436+0000] {spark_submit.py:491} INFO - 25/10/13 08:09:28 INFO Executor: OS info Linux, 6.10.14-linuxkit, aarch64
[2025-10-13T08:09:28.436+0000] {spark_submit.py:491} INFO - 25/10/13 08:09:28 INFO Executor: Java version 11.0.28
[2025-10-13T08:09:28.436+0000] {spark_submit.py:491} INFO - 25/10/13 08:09:28 INFO Executor: Starting executor with user classpath (userClassPathFirst = false): ''
[2025-10-13T08:09:28.436+0000] {spark_submit.py:491} INFO - 25/10/13 08:09:28 INFO Executor: Created or updated repl class loader org.apache.spark.util.MutableURLClassLoader@7a223292 for default.
[2025-10-13T08:09:28.447+0000] {spark_submit.py:491} INFO - 25/10/13 08:09:28 INFO Executor: Fetching spark://b40be2a595bb:40403/jars/hadoop-aws-3.3.4.jar with timestamp 1760342968074
[2025-10-13T08:09:28.471+0000] {spark_submit.py:491} INFO - 25/10/13 08:09:28 INFO TransportClientFactory: Successfully created connection to b40be2a595bb/172.18.0.3:40403 after 12 ms (0 ms spent in bootstraps)
[2025-10-13T08:09:28.474+0000] {spark_submit.py:491} INFO - 25/10/13 08:09:28 INFO Utils: Fetching spark://b40be2a595bb:40403/jars/hadoop-aws-3.3.4.jar to /tmp/spark-577a936c-10b2-416d-98ef-b8ccb728e0b8/userFiles-bcafb429-d9fc-41cd-8878-f8d01fd5f654/fetchFileTemp10473049578761695321.tmp
[2025-10-13T08:09:28.487+0000] {spark_submit.py:491} INFO - 25/10/13 08:09:28 INFO Executor: Adding file:/tmp/spark-577a936c-10b2-416d-98ef-b8ccb728e0b8/userFiles-bcafb429-d9fc-41cd-8878-f8d01fd5f654/hadoop-aws-3.3.4.jar to class loader default
[2025-10-13T08:09:28.488+0000] {spark_submit.py:491} INFO - 25/10/13 08:09:28 INFO Executor: Fetching spark://b40be2a595bb:40403/jars/aws-java-sdk-bundle-1.12.367.jar with timestamp 1760342968074
[2025-10-13T08:09:28.488+0000] {spark_submit.py:491} INFO - 25/10/13 08:09:28 INFO Utils: Fetching spark://b40be2a595bb:40403/jars/aws-java-sdk-bundle-1.12.367.jar to /tmp/spark-577a936c-10b2-416d-98ef-b8ccb728e0b8/userFiles-bcafb429-d9fc-41cd-8878-f8d01fd5f654/fetchFileTemp11719650492923234152.tmp
[2025-10-13T08:09:28.776+0000] {spark_submit.py:491} INFO - 25/10/13 08:09:28 INFO Executor: Adding file:/tmp/spark-577a936c-10b2-416d-98ef-b8ccb728e0b8/userFiles-bcafb429-d9fc-41cd-8878-f8d01fd5f654/aws-java-sdk-bundle-1.12.367.jar to class loader default
[2025-10-13T08:09:28.777+0000] {spark_submit.py:491} INFO - 25/10/13 08:09:28 INFO Executor: Fetching spark://b40be2a595bb:40403/jars/iceberg-spark-runtime-3.5_2.12-1.4.2.jar with timestamp 1760342968074
[2025-10-13T08:09:28.777+0000] {spark_submit.py:491} INFO - 25/10/13 08:09:28 INFO Utils: Fetching spark://b40be2a595bb:40403/jars/iceberg-spark-runtime-3.5_2.12-1.4.2.jar to /tmp/spark-577a936c-10b2-416d-98ef-b8ccb728e0b8/userFiles-bcafb429-d9fc-41cd-8878-f8d01fd5f654/fetchFileTemp9669701407557009473.tmp
[2025-10-13T08:09:28.803+0000] {spark_submit.py:491} INFO - 25/10/13 08:09:28 INFO Executor: Adding file:/tmp/spark-577a936c-10b2-416d-98ef-b8ccb728e0b8/userFiles-bcafb429-d9fc-41cd-8878-f8d01fd5f654/iceberg-spark-runtime-3.5_2.12-1.4.2.jar to class loader default
[2025-10-13T08:09:28.807+0000] {spark_submit.py:491} INFO - 25/10/13 08:09:28 INFO Utils: Successfully started service 'org.apache.spark.network.netty.NettyBlockTransferService' on port 44055.
[2025-10-13T08:09:28.807+0000] {spark_submit.py:491} INFO - 25/10/13 08:09:28 INFO NettyBlockTransferService: Server created on b40be2a595bb:44055
[2025-10-13T08:09:28.808+0000] {spark_submit.py:491} INFO - 25/10/13 08:09:28 INFO BlockManager: Using org.apache.spark.storage.RandomBlockReplicationPolicy for block replication policy
[2025-10-13T08:09:28.811+0000] {spark_submit.py:491} INFO - 25/10/13 08:09:28 INFO BlockManagerMaster: Registering BlockManager BlockManagerId(driver, b40be2a595bb, 44055, None)
[2025-10-13T08:09:28.812+0000] {spark_submit.py:491} INFO - 25/10/13 08:09:28 INFO BlockManagerMasterEndpoint: Registering block manager b40be2a595bb:44055 with 434.4 MiB RAM, BlockManagerId(driver, b40be2a595bb, 44055, None)
[2025-10-13T08:09:28.813+0000] {spark_submit.py:491} INFO - 25/10/13 08:09:28 INFO BlockManagerMaster: Registered BlockManager BlockManagerId(driver, b40be2a595bb, 44055, None)
[2025-10-13T08:09:28.813+0000] {spark_submit.py:491} INFO - 25/10/13 08:09:28 INFO BlockManager: Initialized BlockManager: BlockManagerId(driver, b40be2a595bb, 44055, None)
[2025-10-13T08:09:29.940+0000] {spark_submit.py:491} INFO - 25/10/13 08:09:29 WARN MetricsConfig: Cannot locate configuration: tried hadoop-metrics2-s3a-file-system.properties,hadoop-metrics2.properties
[2025-10-13T08:09:30.496+0000] {spark_submit.py:491} INFO - Created/verified weather table
[2025-10-13T08:09:30.497+0000] {spark_submit.py:491} INFO - Reading weather data from: /opt/***/data/weather/weather_data_20251008_07.json
[2025-10-13T08:09:30.617+0000] {spark_submit.py:491} INFO - Error in weather ETL job: [CANNOT_MERGE_TYPE] Can not merge type `LongType` and `DoubleType`.
[2025-10-13T08:09:30.897+0000] {spark_submit.py:491} INFO - Traceback (most recent call last):
[2025-10-13T08:09:30.898+0000] {spark_submit.py:491} INFO - File "/opt/***/dags/spark_jobs/weather_to_iceberg.py", line 175, in <module>
[2025-10-13T08:09:30.898+0000] {spark_submit.py:491} INFO - main()
[2025-10-13T08:09:30.898+0000] {spark_submit.py:491} INFO - File "/opt/***/dags/spark_jobs/weather_to_iceberg.py", line 164, in main
[2025-10-13T08:09:30.898+0000] {spark_submit.py:491} INFO - process_weather_data(spark, input_path)
[2025-10-13T08:09:30.898+0000] {spark_submit.py:491} INFO - File "/opt/***/dags/spark_jobs/weather_to_iceberg.py", line 108, in process_weather_data
[2025-10-13T08:09:30.899+0000] {spark_submit.py:491} INFO - df = spark.createDataFrame(weather_data)
[2025-10-13T08:09:30.899+0000] {spark_submit.py:491} INFO - File "/opt/bitnami/spark/python/lib/pyspark.zip/pyspark/sql/session.py", line 1443, in createDataFrame
[2025-10-13T08:09:30.899+0000] {spark_submit.py:491} INFO - File "/opt/bitnami/spark/python/lib/pyspark.zip/pyspark/sql/session.py", line 1485, in _create_dataframe
[2025-10-13T08:09:30.899+0000] {spark_submit.py:491} INFO - File "/opt/bitnami/spark/python/lib/pyspark.zip/pyspark/sql/session.py", line 1093, in _createFromLocal
[2025-10-13T08:09:30.899+0000] {spark_submit.py:491} INFO - File "/opt/bitnami/spark/python/lib/pyspark.zip/pyspark/sql/session.py", line 955, in _inferSchemaFromList
[2025-10-13T08:09:30.899+0000] {spark_submit.py:491} INFO - File "/opt/bitnami/spark/python/lib/pyspark.zip/pyspark/sql/types.py", line 1787, in _merge_type
[2025-10-13T08:09:30.899+0000] {spark_submit.py:491} INFO - File "/opt/bitnami/spark/python/lib/pyspark.zip/pyspark/sql/types.py", line 1789, in <listcomp>
[2025-10-13T08:09:30.899+0000] {spark_submit.py:491} INFO - File "/opt/bitnami/spark/python/lib/pyspark.zip/pyspark/sql/types.py", line 1779, in _merge_type
[2025-10-13T08:09:30.900+0000] {spark_submit.py:491} INFO - pyspark.errors.exceptions.base.PySparkTypeError: [CANNOT_MERGE_TYPE] Can not merge type `LongType` and `DoubleType`.
[2025-10-13T08:09:30.995+0000] {taskinstance.py:1935} ERROR - Task failed with exception
Traceback (most recent call last):
  File "/home/airflow/.local/lib/python3.8/site-packages/airflow/providers/apache/spark/operators/spark_submit.py", line 156, in execute
    self._hook.submit(self._application)
  File "/home/airflow/.local/lib/python3.8/site-packages/airflow/providers/apache/spark/hooks/spark_submit.py", line 422, in submit
    raise AirflowException(
airflow.exceptions.AirflowException: Cannot execute: /opt/bitnami/spark/bin/spark-submit --master spark://spark-master:7077 --conf spark.master=spark://spark-master:7077 --conf spark.sql.catalog.spark_catalog=org.apache.iceberg.spark.SparkSessionCatalog --conf spark.sql.catalog.spark_catalog.type=hive --conf spark.sql.catalog.iceberg=org.apache.iceberg.spark.SparkCatalog --conf spark.sql.catalog.iceberg.type=hadoop --conf spark.sql.catalog.iceberg.warehouse=s3a://lakehouse/warehouse --conf spark.sql.extensions=org.apache.iceberg.spark.extensions.IcebergSparkSessionExtensions --conf spark.hadoop.fs.s3a.endpoint=http://minio:9000 --conf spark.hadoop.fs.s3a.access.key=admin --conf spark.hadoop.fs.s3a.secret.key=****** --conf spark.hadoop.fs.s3a.path.style.access=true --conf spark.hadoop.fs.s3a.impl=org.apache.hadoop.fs.s3a.S3AFileSystem --jars /opt/***/jars/iceberg-spark-runtime-3.5_2.12-1.4.2.jar,/opt/***/jars/aws-java-sdk-bundle-1.12.367.jar,/opt/***/jars/hadoop-aws-3.3.4.jar --name arrow-spark --queue default /opt/***/dags/spark_jobs/weather_to_iceberg.py /opt/***/data/weather/weather_data_20251008_07.json. Error code is: 1.
[2025-10-13T08:09:30.997+0000] {taskinstance.py:1398} INFO - Marking task as FAILED. dag_id=nyc_weather_etl, task_id=spark_process_weather_to_iceberg, execution_date=20251013T070923, start_date=20251013T080926, end_date=20251013T080930
[2025-10-13T08:09:31.001+0000] {standard_task_runner.py:104} ERROR - Failed to execute job 546 for task spark_process_weather_to_iceberg (Cannot execute: /opt/bitnami/spark/bin/spark-submit --master spark://spark-master:7077 --conf spark.master=spark://spark-master:7077 --conf spark.sql.catalog.spark_catalog=org.apache.iceberg.spark.SparkSessionCatalog --conf spark.sql.catalog.spark_catalog.type=hive --conf spark.sql.catalog.iceberg=org.apache.iceberg.spark.SparkCatalog --conf spark.sql.catalog.iceberg.type=hadoop --conf spark.sql.catalog.iceberg.warehouse=s3a://lakehouse/warehouse --conf spark.sql.extensions=org.apache.iceberg.spark.extensions.IcebergSparkSessionExtensions --conf spark.hadoop.fs.s3a.endpoint=http://minio:9000 --conf spark.hadoop.fs.s3a.access.key=admin --conf spark.hadoop.fs.s3a.secret.key=****** --conf spark.hadoop.fs.s3a.path.style.access=true --conf spark.hadoop.fs.s3a.impl=org.apache.hadoop.fs.s3a.S3AFileSystem --jars /opt/***/jars/iceberg-spark-runtime-3.5_2.12-1.4.2.jar,/opt/***/jars/aws-java-sdk-bundle-1.12.367.jar,/opt/***/jars/hadoop-aws-3.3.4.jar --name arrow-spark --queue default /opt/***/dags/spark_jobs/weather_to_iceberg.py /opt/***/data/weather/weather_data_20251008_07.json. Error code is: 1.; 23741)
[2025-10-13T08:09:31.041+0000] {local_task_job_runner.py:228} INFO - Task exited with return code 1
[2025-10-13T08:09:31.052+0000] {taskinstance.py:2776} INFO - 0 downstream tasks scheduled from follow-on schedule check
