[2025-11-03T03:28:52.783+0000] {taskinstance.py:1157} INFO - Dependencies all met for dep_context=non-requeueable deps ti=<TaskInstance: nyc_weather_etl.spark_process_location_to_iceberg manual__2025-11-03T03:28:50.050344+00:00 [queued]>
[2025-11-03T03:28:52.786+0000] {taskinstance.py:1157} INFO - Dependencies all met for dep_context=requeueable deps ti=<TaskInstance: nyc_weather_etl.spark_process_location_to_iceberg manual__2025-11-03T03:28:50.050344+00:00 [queued]>
[2025-11-03T03:28:52.787+0000] {taskinstance.py:1359} INFO - Starting attempt 1 of 1
[2025-11-03T03:28:52.795+0000] {taskinstance.py:1380} INFO - Executing <Task(SparkSubmitOperator): spark_process_location_to_iceberg> on 2025-11-03 03:28:50.050344+00:00
[2025-11-03T03:28:52.797+0000] {standard_task_runner.py:57} INFO - Started process 6601 to run task
[2025-11-03T03:28:52.798+0000] {standard_task_runner.py:84} INFO - Running: ['***', 'tasks', 'run', 'nyc_weather_etl', 'spark_process_location_to_iceberg', 'manual__2025-11-03T03:28:50.050344+00:00', '--job-id', '80', '--raw', '--subdir', 'DAGS_FOLDER/nyc_weather_etl.py', '--cfg-path', '/tmp/tmpk7k0ux34']
[2025-11-03T03:28:52.800+0000] {standard_task_runner.py:85} INFO - Job 80: Subtask spark_process_location_to_iceberg
[2025-11-03T03:28:52.826+0000] {task_command.py:415} INFO - Running <TaskInstance: nyc_weather_etl.spark_process_location_to_iceberg manual__2025-11-03T03:28:50.050344+00:00 [running]> on host ec57452a9f33
[2025-11-03T03:28:52.963+0000] {taskinstance.py:1660} INFO - Exporting env vars: AIRFLOW_CTX_DAG_OWNER='data-engineering' AIRFLOW_CTX_DAG_ID='nyc_weather_etl' AIRFLOW_CTX_TASK_ID='spark_process_location_to_iceberg' AIRFLOW_CTX_EXECUTION_DATE='2025-11-03T03:28:50.050344+00:00' AIRFLOW_CTX_TRY_NUMBER='1' AIRFLOW_CTX_DAG_RUN_ID='manual__2025-11-03T03:28:50.050344+00:00'
[2025-11-03T03:28:52.964+0000] {base.py:73} INFO - Using connection ID 'spark_default' for task execution.
[2025-11-03T03:28:52.965+0000] {spark_submit.py:340} INFO - Spark-Submit cmd: /opt/bitnami/spark/bin/spark-submit --master spark-master:7077 --conf spark.master=spark://spark-master:7077 --conf spark.sql.catalog.spark_catalog=org.apache.iceberg.spark.SparkSessionCatalog --conf spark.sql.catalog.spark_catalog.type=hive --conf spark.sql.catalog.iceberg=org.apache.iceberg.spark.SparkCatalog --conf spark.sql.catalog.iceberg.type=hadoop --conf spark.sql.catalog.iceberg.warehouse=s3a://lakehouse/warehouse --conf spark.sql.extensions=org.apache.iceberg.spark.extensions.IcebergSparkSessionExtensions --conf spark.hadoop.fs.s3a.endpoint=http://minio:9000 --conf spark.hadoop.fs.s3a.access.key=admin --conf spark.hadoop.fs.s3a.secret.key=****** --conf spark.hadoop.fs.s3a.path.style.access=true --conf spark.hadoop.fs.s3a.impl=org.apache.hadoop.fs.s3a.S3AFileSystem --jars /opt/***/jars/iceberg-spark-runtime-3.5_2.12-1.4.2.jar,/opt/***/jars/aws-java-sdk-bundle-1.12.367.jar,/opt/***/jars/hadoop-aws-3.3.4.jar --name arrow-spark /opt/***/dags/spark_jobs/location_to_iceberg.py /opt/***/data/locations/nyc_taxi_zones.json
[2025-11-03T03:28:53.898+0000] {spark_submit.py:491} INFO - 25/11/03 03:28:53 WARN NativeCodeLoader: Unable to load native-hadoop library for your platform... using builtin-java classes where applicable
[2025-11-03T03:28:54.453+0000] {spark_submit.py:491} INFO - 25/11/03 03:28:54 INFO SparkContext: Running Spark version 3.5.1
[2025-11-03T03:28:54.454+0000] {spark_submit.py:491} INFO - 25/11/03 03:28:54 INFO SparkContext: OS info Linux, 6.10.14-linuxkit, aarch64
[2025-11-03T03:28:54.454+0000] {spark_submit.py:491} INFO - 25/11/03 03:28:54 INFO SparkContext: Java version 11.0.28
[2025-11-03T03:28:54.466+0000] {spark_submit.py:491} INFO - 25/11/03 03:28:54 INFO ResourceUtils: ==============================================================
[2025-11-03T03:28:54.466+0000] {spark_submit.py:491} INFO - 25/11/03 03:28:54 INFO ResourceUtils: No custom resources configured for spark.driver.
[2025-11-03T03:28:54.466+0000] {spark_submit.py:491} INFO - 25/11/03 03:28:54 INFO ResourceUtils: ==============================================================
[2025-11-03T03:28:54.467+0000] {spark_submit.py:491} INFO - 25/11/03 03:28:54 INFO SparkContext: Submitted application: Location to Iceberg ETL
[2025-11-03T03:28:54.474+0000] {spark_submit.py:491} INFO - 25/11/03 03:28:54 INFO ResourceProfile: Default ResourceProfile created, executor resources: Map(cores -> name: cores, amount: 1, script: , vendor: , memory -> name: memory, amount: 1024, script: , vendor: , offHeap -> name: offHeap, amount: 0, script: , vendor: ), task resources: Map(cpus -> name: cpus, amount: 1.0)
[2025-11-03T03:28:54.478+0000] {spark_submit.py:491} INFO - 25/11/03 03:28:54 INFO ResourceProfile: Limiting resource is cpu
[2025-11-03T03:28:54.478+0000] {spark_submit.py:491} INFO - 25/11/03 03:28:54 INFO ResourceProfileManager: Added ResourceProfile id: 0
[2025-11-03T03:28:54.505+0000] {spark_submit.py:491} INFO - 25/11/03 03:28:54 INFO SecurityManager: Changing view acls to: ***
[2025-11-03T03:28:54.505+0000] {spark_submit.py:491} INFO - 25/11/03 03:28:54 INFO SecurityManager: Changing modify acls to: ***
[2025-11-03T03:28:54.506+0000] {spark_submit.py:491} INFO - 25/11/03 03:28:54 INFO SecurityManager: Changing view acls groups to:
[2025-11-03T03:28:54.506+0000] {spark_submit.py:491} INFO - 25/11/03 03:28:54 INFO SecurityManager: Changing modify acls groups to:
[2025-11-03T03:28:54.506+0000] {spark_submit.py:491} INFO - 25/11/03 03:28:54 INFO SecurityManager: SecurityManager: authentication disabled; ui acls disabled; users with view permissions: ***; groups with view permissions: EMPTY; users with modify permissions: ***; groups with modify permissions: EMPTY
[2025-11-03T03:28:54.602+0000] {spark_submit.py:491} INFO - 25/11/03 03:28:54 INFO Utils: Successfully started service 'sparkDriver' on port 34231.
[2025-11-03T03:28:54.618+0000] {spark_submit.py:491} INFO - 25/11/03 03:28:54 INFO SparkEnv: Registering MapOutputTracker
[2025-11-03T03:28:54.633+0000] {spark_submit.py:491} INFO - 25/11/03 03:28:54 INFO SparkEnv: Registering BlockManagerMaster
[2025-11-03T03:28:54.644+0000] {spark_submit.py:491} INFO - 25/11/03 03:28:54 INFO BlockManagerMasterEndpoint: Using org.apache.spark.storage.DefaultTopologyMapper for getting topology information
[2025-11-03T03:28:54.644+0000] {spark_submit.py:491} INFO - 25/11/03 03:28:54 INFO BlockManagerMasterEndpoint: BlockManagerMasterEndpoint up
[2025-11-03T03:28:54.645+0000] {spark_submit.py:491} INFO - 25/11/03 03:28:54 INFO SparkEnv: Registering BlockManagerMasterHeartbeat
[2025-11-03T03:28:54.656+0000] {spark_submit.py:491} INFO - 25/11/03 03:28:54 INFO DiskBlockManager: Created local directory at /tmp/blockmgr-dba5e890-7694-43ea-bdf9-4ed0f667fc9e
[2025-11-03T03:28:54.661+0000] {spark_submit.py:491} INFO - 25/11/03 03:28:54 INFO MemoryStore: MemoryStore started with capacity 434.4 MiB
[2025-11-03T03:28:54.668+0000] {spark_submit.py:491} INFO - 25/11/03 03:28:54 INFO SparkEnv: Registering OutputCommitCoordinator
[2025-11-03T03:28:54.726+0000] {spark_submit.py:491} INFO - 25/11/03 03:28:54 INFO JettyUtils: Start Jetty 0.0.0.0:4040 for SparkUI
[2025-11-03T03:28:54.749+0000] {spark_submit.py:491} INFO - 25/11/03 03:28:54 WARN Utils: Service 'SparkUI' could not bind on port 4040. Attempting port 4041.
[2025-11-03T03:28:54.753+0000] {spark_submit.py:491} INFO - 25/11/03 03:28:54 INFO Utils: Successfully started service 'SparkUI' on port 4041.
[2025-11-03T03:28:54.768+0000] {spark_submit.py:491} INFO - 25/11/03 03:28:54 INFO SparkContext: Added JAR file:///opt/***/jars/iceberg-spark-runtime-3.5_2.12-1.4.2.jar at spark://ec57452a9f33:34231/jars/iceberg-spark-runtime-3.5_2.12-1.4.2.jar with timestamp 1762140534448
[2025-11-03T03:28:54.768+0000] {spark_submit.py:491} INFO - 25/11/03 03:28:54 INFO SparkContext: Added JAR file:///opt/***/jars/aws-java-sdk-bundle-1.12.367.jar at spark://ec57452a9f33:34231/jars/aws-java-sdk-bundle-1.12.367.jar with timestamp 1762140534448
[2025-11-03T03:28:54.768+0000] {spark_submit.py:491} INFO - 25/11/03 03:28:54 INFO SparkContext: Added JAR file:///opt/***/jars/hadoop-aws-3.3.4.jar at spark://ec57452a9f33:34231/jars/hadoop-aws-3.3.4.jar with timestamp 1762140534448
[2025-11-03T03:28:54.794+0000] {spark_submit.py:491} INFO - 25/11/03 03:28:54 INFO Executor: Starting executor ID driver on host ec57452a9f33
[2025-11-03T03:28:54.795+0000] {spark_submit.py:491} INFO - 25/11/03 03:28:54 INFO Executor: OS info Linux, 6.10.14-linuxkit, aarch64
[2025-11-03T03:28:54.795+0000] {spark_submit.py:491} INFO - 25/11/03 03:28:54 INFO Executor: Java version 11.0.28
[2025-11-03T03:28:54.796+0000] {spark_submit.py:491} INFO - 25/11/03 03:28:54 INFO Executor: Starting executor with user classpath (userClassPathFirst = false): ''
[2025-11-03T03:28:54.797+0000] {spark_submit.py:491} INFO - 25/11/03 03:28:54 INFO Executor: Created or updated repl class loader org.apache.spark.util.MutableURLClassLoader@7319621f for default.
[2025-11-03T03:28:54.801+0000] {spark_submit.py:491} INFO - 25/11/03 03:28:54 INFO Executor: Fetching spark://ec57452a9f33:34231/jars/iceberg-spark-runtime-3.5_2.12-1.4.2.jar with timestamp 1762140534448
[2025-11-03T03:28:54.836+0000] {spark_submit.py:491} INFO - 25/11/03 03:28:54 INFO TransportClientFactory: Successfully created connection to ec57452a9f33/172.18.0.4:34231 after 12 ms (0 ms spent in bootstraps)
[2025-11-03T03:28:54.841+0000] {spark_submit.py:491} INFO - 25/11/03 03:28:54 INFO Utils: Fetching spark://ec57452a9f33:34231/jars/iceberg-spark-runtime-3.5_2.12-1.4.2.jar to /tmp/spark-909b607e-7a2c-4937-8675-e2e34ed5f2f1/userFiles-d87ecd9e-3a53-4363-b2af-aca772285574/fetchFileTemp15071732371779528669.tmp
[2025-11-03T03:28:54.896+0000] {spark_submit.py:491} INFO - 25/11/03 03:28:54 INFO Executor: Adding file:/tmp/spark-909b607e-7a2c-4937-8675-e2e34ed5f2f1/userFiles-d87ecd9e-3a53-4363-b2af-aca772285574/iceberg-spark-runtime-3.5_2.12-1.4.2.jar to class loader default
[2025-11-03T03:28:54.896+0000] {spark_submit.py:491} INFO - 25/11/03 03:28:54 INFO Executor: Fetching spark://ec57452a9f33:34231/jars/aws-java-sdk-bundle-1.12.367.jar with timestamp 1762140534448
[2025-11-03T03:28:54.896+0000] {spark_submit.py:491} INFO - 25/11/03 03:28:54 INFO Utils: Fetching spark://ec57452a9f33:34231/jars/aws-java-sdk-bundle-1.12.367.jar to /tmp/spark-909b607e-7a2c-4937-8675-e2e34ed5f2f1/userFiles-d87ecd9e-3a53-4363-b2af-aca772285574/fetchFileTemp14624511173085258398.tmp
[2025-11-03T03:28:55.287+0000] {spark_submit.py:491} INFO - 25/11/03 03:28:55 INFO Executor: Adding file:/tmp/spark-909b607e-7a2c-4937-8675-e2e34ed5f2f1/userFiles-d87ecd9e-3a53-4363-b2af-aca772285574/aws-java-sdk-bundle-1.12.367.jar to class loader default
[2025-11-03T03:28:55.288+0000] {spark_submit.py:491} INFO - 25/11/03 03:28:55 INFO Executor: Fetching spark://ec57452a9f33:34231/jars/hadoop-aws-3.3.4.jar with timestamp 1762140534448
[2025-11-03T03:28:55.288+0000] {spark_submit.py:491} INFO - 25/11/03 03:28:55 INFO Utils: Fetching spark://ec57452a9f33:34231/jars/hadoop-aws-3.3.4.jar to /tmp/spark-909b607e-7a2c-4937-8675-e2e34ed5f2f1/userFiles-d87ecd9e-3a53-4363-b2af-aca772285574/fetchFileTemp14133498333807898281.tmp
[2025-11-03T03:28:55.296+0000] {spark_submit.py:491} INFO - 25/11/03 03:28:55 INFO Executor: Adding file:/tmp/spark-909b607e-7a2c-4937-8675-e2e34ed5f2f1/userFiles-d87ecd9e-3a53-4363-b2af-aca772285574/hadoop-aws-3.3.4.jar to class loader default
[2025-11-03T03:28:55.303+0000] {spark_submit.py:491} INFO - 25/11/03 03:28:55 INFO Utils: Successfully started service 'org.apache.spark.network.netty.NettyBlockTransferService' on port 44403.
[2025-11-03T03:28:55.304+0000] {spark_submit.py:491} INFO - 25/11/03 03:28:55 INFO NettyBlockTransferService: Server created on ec57452a9f33:44403
[2025-11-03T03:28:55.304+0000] {spark_submit.py:491} INFO - 25/11/03 03:28:55 INFO BlockManager: Using org.apache.spark.storage.RandomBlockReplicationPolicy for block replication policy
[2025-11-03T03:28:55.308+0000] {spark_submit.py:491} INFO - 25/11/03 03:28:55 INFO BlockManagerMaster: Registering BlockManager BlockManagerId(driver, ec57452a9f33, 44403, None)
[2025-11-03T03:28:55.312+0000] {spark_submit.py:491} INFO - 25/11/03 03:28:55 INFO BlockManagerMasterEndpoint: Registering block manager ec57452a9f33:44403 with 434.4 MiB RAM, BlockManagerId(driver, ec57452a9f33, 44403, None)
[2025-11-03T03:28:55.313+0000] {spark_submit.py:491} INFO - 25/11/03 03:28:55 INFO BlockManagerMaster: Registered BlockManager BlockManagerId(driver, ec57452a9f33, 44403, None)
[2025-11-03T03:28:55.313+0000] {spark_submit.py:491} INFO - 25/11/03 03:28:55 INFO BlockManager: Initialized BlockManager: BlockManagerId(driver, ec57452a9f33, 44403, None)
[2025-11-03T03:28:56.978+0000] {spark_submit.py:491} INFO - 25/11/03 03:28:56 WARN MetricsConfig: Cannot locate configuration: tried hadoop-metrics2-s3a-file-system.properties,hadoop-metrics2.properties
[2025-11-03T03:28:57.710+0000] {spark_submit.py:491} INFO - Created/verified taxi zones table
[2025-11-03T03:28:57.710+0000] {spark_submit.py:491} INFO - Reading location data from: /opt/***/data/locations/nyc_taxi_zones.json
[2025-11-03T03:28:59.128+0000] {spark_submit.py:491} INFO - Raw location data count: 16
[2025-11-03T03:28:59.141+0000] {spark_submit.py:491} INFO - root
[2025-11-03T03:28:59.141+0000] {spark_submit.py:491} INFO - |-- borough: string (nullable = true)
[2025-11-03T03:28:59.141+0000] {spark_submit.py:491} INFO - |-- created_at: string (nullable = true)
[2025-11-03T03:28:59.142+0000] {spark_submit.py:491} INFO - |-- is_business_district: boolean (nullable = true)
[2025-11-03T03:28:59.142+0000] {spark_submit.py:491} INFO - |-- is_tourist_area: boolean (nullable = true)
[2025-11-03T03:28:59.142+0000] {spark_submit.py:491} INFO - |-- lat: double (nullable = true)
[2025-11-03T03:28:59.142+0000] {spark_submit.py:491} INFO - |-- location_id: long (nullable = true)
[2025-11-03T03:28:59.142+0000] {spark_submit.py:491} INFO - |-- lon: double (nullable = true)
[2025-11-03T03:28:59.142+0000] {spark_submit.py:491} INFO - |-- zone: string (nullable = true)
[2025-11-03T03:28:59.142+0000] {spark_submit.py:491} INFO - |-- zone_type: string (nullable = true)
[2025-11-03T03:28:59.142+0000] {spark_submit.py:491} INFO - 
[2025-11-03T03:28:59.386+0000] {spark_submit.py:491} INFO - Processed location data count: 16
[2025-11-03T03:29:00.648+0000] {spark_submit.py:491} INFO - Successfully wrote location data to Iceberg table
[2025-11-03T03:29:01.802+0000] {spark_submit.py:491} INFO - +---------+----------+-------------+--------------+
[2025-11-03T03:29:01.803+0000] {spark_submit.py:491} INFO - |  borough|zone_count|tourist_zones|business_zones|
[2025-11-03T03:29:01.803+0000] {spark_submit.py:491} INFO - +---------+----------+-------------+--------------+
[2025-11-03T03:29:01.803+0000] {spark_submit.py:491} INFO - |Manhattan|        13|            4|             3|
[2025-11-03T03:29:01.803+0000] {spark_submit.py:491} INFO - |   Queens|         2|            0|             0|
[2025-11-03T03:29:01.803+0000] {spark_submit.py:491} INFO - | Brooklyn|         1|            0|             0|
[2025-11-03T03:29:01.803+0000] {spark_submit.py:491} INFO - +---------+----------+-------------+--------------+
[2025-11-03T03:29:01.803+0000] {spark_submit.py:491} INFO - 
[2025-11-03T03:29:01.803+0000] {spark_submit.py:491} INFO - Location ETL job completed successfully!
[2025-11-03T03:29:02.588+0000] {taskinstance.py:1398} INFO - Marking task as SUCCESS. dag_id=nyc_weather_etl, task_id=spark_process_location_to_iceberg, execution_date=20251103T032850, start_date=20251103T032852, end_date=20251103T032902
[2025-11-03T03:29:02.623+0000] {local_task_job_runner.py:228} INFO - Task exited with return code 0
[2025-11-03T03:29:02.632+0000] {taskinstance.py:2776} INFO - 0 downstream tasks scheduled from follow-on schedule check
