[2025-10-26T10:34:45.575+0000] {taskinstance.py:1157} INFO - Dependencies all met for dep_context=non-requeueable deps ti=<TaskInstance: nyc_weather_etl.spark_process_weather_to_iceberg scheduled__2025-10-26T09:34:42.579660+00:00 [queued]>
[2025-10-26T10:34:45.582+0000] {taskinstance.py:1157} INFO - Dependencies all met for dep_context=requeueable deps ti=<TaskInstance: nyc_weather_etl.spark_process_weather_to_iceberg scheduled__2025-10-26T09:34:42.579660+00:00 [queued]>
[2025-10-26T10:34:45.583+0000] {taskinstance.py:1359} INFO - Starting attempt 1 of 1
[2025-10-26T10:34:45.591+0000] {taskinstance.py:1380} INFO - Executing <Task(SparkSubmitOperator): spark_process_weather_to_iceberg> on 2025-10-26 09:34:42.579660+00:00
[2025-10-26T10:34:45.594+0000] {standard_task_runner.py:57} INFO - Started process 8293 to run task
[2025-10-26T10:34:45.596+0000] {standard_task_runner.py:84} INFO - Running: ['***', 'tasks', 'run', 'nyc_weather_etl', 'spark_process_weather_to_iceberg', 'scheduled__2025-10-26T09:34:42.579660+00:00', '--job-id', '670', '--raw', '--subdir', 'DAGS_FOLDER/nyc_weather_etl.py', '--cfg-path', '/tmp/tmpnec2hzy2']
[2025-10-26T10:34:45.599+0000] {standard_task_runner.py:85} INFO - Job 670: Subtask spark_process_weather_to_iceberg
[2025-10-26T10:34:45.627+0000] {task_command.py:415} INFO - Running <TaskInstance: nyc_weather_etl.spark_process_weather_to_iceberg scheduled__2025-10-26T09:34:42.579660+00:00 [running]> on host b40be2a595bb
[2025-10-26T10:34:45.773+0000] {taskinstance.py:1660} INFO - Exporting env vars: AIRFLOW_CTX_DAG_OWNER='data-engineering' AIRFLOW_CTX_DAG_ID='nyc_weather_etl' AIRFLOW_CTX_TASK_ID='spark_process_weather_to_iceberg' AIRFLOW_CTX_EXECUTION_DATE='2025-10-26T09:34:42.579660+00:00' AIRFLOW_CTX_TRY_NUMBER='1' AIRFLOW_CTX_DAG_RUN_ID='scheduled__2025-10-26T09:34:42.579660+00:00'
[2025-10-26T10:34:45.779+0000] {base.py:73} INFO - Using connection ID 'spark_default' for task execution.
[2025-10-26T10:34:45.782+0000] {spark_submit.py:340} INFO - Spark-Submit cmd: /opt/bitnami/spark/bin/spark-submit --master spark://spark-master:7077 --conf spark.master=spark://spark-master:7077 --conf spark.sql.catalog.spark_catalog=org.apache.iceberg.spark.SparkSessionCatalog --conf spark.sql.catalog.spark_catalog.type=hive --conf spark.sql.catalog.iceberg=org.apache.iceberg.spark.SparkCatalog --conf spark.sql.catalog.iceberg.type=hadoop --conf spark.sql.catalog.iceberg.warehouse=s3a://lakehouse/warehouse --conf spark.sql.extensions=org.apache.iceberg.spark.extensions.IcebergSparkSessionExtensions --conf spark.hadoop.fs.s3a.endpoint=http://minio:9000 --conf spark.hadoop.fs.s3a.access.key=admin --conf spark.hadoop.fs.s3a.secret.key=****** --conf spark.hadoop.fs.s3a.path.style.access=true --conf spark.hadoop.fs.s3a.impl=org.apache.hadoop.fs.s3a.S3AFileSystem --jars /opt/***/jars/iceberg-spark-runtime-3.5_2.12-1.4.2.jar,/opt/***/jars/aws-java-sdk-bundle-1.12.367.jar,/opt/***/jars/hadoop-aws-3.3.4.jar --name arrow-spark --queue default /opt/***/dags/spark_jobs/weather_to_iceberg.py /opt/***/data/weather/weather_data_20251008_06.json
[2025-10-26T10:34:46.869+0000] {spark_submit.py:491} INFO - 25/10/26 10:34:46 WARN NativeCodeLoader: Unable to load native-hadoop library for your platform... using builtin-java classes where applicable
[2025-10-26T10:34:48.127+0000] {spark_submit.py:491} INFO - 25/10/26 10:34:48 INFO SparkContext: Running Spark version 3.5.1
[2025-10-26T10:34:48.128+0000] {spark_submit.py:491} INFO - 25/10/26 10:34:48 INFO SparkContext: OS info Linux, 6.10.14-linuxkit, aarch64
[2025-10-26T10:34:48.129+0000] {spark_submit.py:491} INFO - 25/10/26 10:34:48 INFO SparkContext: Java version 11.0.28
[2025-10-26T10:34:48.175+0000] {spark_submit.py:491} INFO - 25/10/26 10:34:48 INFO ResourceUtils: ==============================================================
[2025-10-26T10:34:48.177+0000] {spark_submit.py:491} INFO - 25/10/26 10:34:48 INFO ResourceUtils: No custom resources configured for spark.driver.
[2025-10-26T10:34:48.177+0000] {spark_submit.py:491} INFO - 25/10/26 10:34:48 INFO ResourceUtils: ==============================================================
[2025-10-26T10:34:48.179+0000] {spark_submit.py:491} INFO - 25/10/26 10:34:48 INFO SparkContext: Submitted application: Weather to Iceberg ETL
[2025-10-26T10:34:48.200+0000] {spark_submit.py:491} INFO - 25/10/26 10:34:48 INFO ResourceProfile: Default ResourceProfile created, executor resources: Map(cores -> name: cores, amount: 1, script: , vendor: , memory -> name: memory, amount: 1024, script: , vendor: , offHeap -> name: offHeap, amount: 0, script: , vendor: ), task resources: Map(cpus -> name: cpus, amount: 1.0)
[2025-10-26T10:34:48.217+0000] {spark_submit.py:491} INFO - 25/10/26 10:34:48 INFO ResourceProfile: Limiting resource is cpu
[2025-10-26T10:34:48.218+0000] {spark_submit.py:491} INFO - 25/10/26 10:34:48 INFO ResourceProfileManager: Added ResourceProfile id: 0
[2025-10-26T10:34:48.377+0000] {spark_submit.py:491} INFO - 25/10/26 10:34:48 INFO SecurityManager: Changing view acls to: ***
[2025-10-26T10:34:48.389+0000] {spark_submit.py:491} INFO - 25/10/26 10:34:48 INFO SecurityManager: Changing modify acls to: ***
[2025-10-26T10:34:48.391+0000] {spark_submit.py:491} INFO - 25/10/26 10:34:48 INFO SecurityManager: Changing view acls groups to:
[2025-10-26T10:34:48.394+0000] {spark_submit.py:491} INFO - 25/10/26 10:34:48 INFO SecurityManager: Changing modify acls groups to:
[2025-10-26T10:34:48.398+0000] {spark_submit.py:491} INFO - 25/10/26 10:34:48 INFO SecurityManager: SecurityManager: authentication disabled; ui acls disabled; users with view permissions: ***; groups with view permissions: EMPTY; users with modify permissions: ***; groups with modify permissions: EMPTY
[2025-10-26T10:34:49.046+0000] {spark_submit.py:491} INFO - 25/10/26 10:34:49 INFO Utils: Successfully started service 'sparkDriver' on port 43115.
[2025-10-26T10:34:49.106+0000] {spark_submit.py:491} INFO - 25/10/26 10:34:49 INFO SparkEnv: Registering MapOutputTracker
[2025-10-26T10:34:49.161+0000] {spark_submit.py:491} INFO - 25/10/26 10:34:49 INFO SparkEnv: Registering BlockManagerMaster
[2025-10-26T10:34:49.196+0000] {spark_submit.py:491} INFO - 25/10/26 10:34:49 INFO BlockManagerMasterEndpoint: Using org.apache.spark.storage.DefaultTopologyMapper for getting topology information
[2025-10-26T10:34:49.205+0000] {spark_submit.py:491} INFO - 25/10/26 10:34:49 INFO BlockManagerMasterEndpoint: BlockManagerMasterEndpoint up
[2025-10-26T10:34:49.226+0000] {spark_submit.py:491} INFO - 25/10/26 10:34:49 INFO SparkEnv: Registering BlockManagerMasterHeartbeat
[2025-10-26T10:34:49.266+0000] {spark_submit.py:491} INFO - 25/10/26 10:34:49 INFO DiskBlockManager: Created local directory at /tmp/blockmgr-dd0dcf49-522d-42c8-8227-bb0bfda9c6f3
[2025-10-26T10:34:49.298+0000] {spark_submit.py:491} INFO - 25/10/26 10:34:49 INFO MemoryStore: MemoryStore started with capacity 434.4 MiB
[2025-10-26T10:34:49.330+0000] {spark_submit.py:491} INFO - 25/10/26 10:34:49 INFO SparkEnv: Registering OutputCommitCoordinator
[2025-10-26T10:34:49.576+0000] {spark_submit.py:491} INFO - 25/10/26 10:34:49 INFO JettyUtils: Start Jetty 0.0.0.0:4040 for SparkUI
[2025-10-26T10:34:49.695+0000] {spark_submit.py:491} INFO - 25/10/26 10:34:49 WARN Utils: Service 'SparkUI' could not bind on port 4040. Attempting port 4041.
[2025-10-26T10:34:49.716+0000] {spark_submit.py:491} INFO - 25/10/26 10:34:49 INFO Utils: Successfully started service 'SparkUI' on port 4041.
[2025-10-26T10:34:49.798+0000] {spark_submit.py:491} INFO - 25/10/26 10:34:49 INFO SparkContext: Added JAR file:///opt/***/jars/iceberg-spark-runtime-3.5_2.12-1.4.2.jar at spark://b40be2a595bb:43115/jars/iceberg-spark-runtime-3.5_2.12-1.4.2.jar with timestamp 1761474888114
[2025-10-26T10:34:49.803+0000] {spark_submit.py:491} INFO - 25/10/26 10:34:49 INFO SparkContext: Added JAR file:///opt/***/jars/aws-java-sdk-bundle-1.12.367.jar at spark://b40be2a595bb:43115/jars/aws-java-sdk-bundle-1.12.367.jar with timestamp 1761474888114
[2025-10-26T10:34:49.812+0000] {spark_submit.py:491} INFO - 25/10/26 10:34:49 INFO SparkContext: Added JAR file:///opt/***/jars/hadoop-aws-3.3.4.jar at spark://b40be2a595bb:43115/jars/hadoop-aws-3.3.4.jar with timestamp 1761474888114
[2025-10-26T10:34:50.083+0000] {spark_submit.py:491} INFO - 25/10/26 10:34:50 INFO Executor: Starting executor ID driver on host b40be2a595bb
[2025-10-26T10:34:50.095+0000] {spark_submit.py:491} INFO - 25/10/26 10:34:50 INFO Executor: OS info Linux, 6.10.14-linuxkit, aarch64
[2025-10-26T10:34:50.099+0000] {spark_submit.py:491} INFO - 25/10/26 10:34:50 INFO Executor: Java version 11.0.28
[2025-10-26T10:34:50.109+0000] {spark_submit.py:491} INFO - 25/10/26 10:34:50 INFO Executor: Starting executor with user classpath (userClassPathFirst = false): ''
[2025-10-26T10:34:50.130+0000] {spark_submit.py:491} INFO - 25/10/26 10:34:50 INFO Executor: Created or updated repl class loader org.apache.spark.util.MutableURLClassLoader@7d990ef8 for default.
[2025-10-26T10:34:50.147+0000] {spark_submit.py:491} INFO - 25/10/26 10:34:50 INFO Executor: Fetching spark://b40be2a595bb:43115/jars/aws-java-sdk-bundle-1.12.367.jar with timestamp 1761474888114
[2025-10-26T10:34:50.290+0000] {spark_submit.py:491} INFO - 25/10/26 10:34:50 INFO TransportClientFactory: Successfully created connection to b40be2a595bb/172.18.0.5:43115 after 75 ms (0 ms spent in bootstraps)
[2025-10-26T10:34:50.311+0000] {spark_submit.py:491} INFO - 25/10/26 10:34:50 INFO Utils: Fetching spark://b40be2a595bb:43115/jars/aws-java-sdk-bundle-1.12.367.jar to /tmp/spark-ba0b3c7c-3c2b-483c-9f26-fc160c92e8b4/userFiles-362fe006-53f6-4fcf-ae32-9d7d57c02d99/fetchFileTemp6566484666323031973.tmp
[2025-10-26T10:34:53.377+0000] {spark_submit.py:491} INFO - 25/10/26 10:34:53 INFO Executor: Adding file:/tmp/spark-ba0b3c7c-3c2b-483c-9f26-fc160c92e8b4/userFiles-362fe006-53f6-4fcf-ae32-9d7d57c02d99/aws-java-sdk-bundle-1.12.367.jar to class loader default
[2025-10-26T10:34:53.381+0000] {spark_submit.py:491} INFO - 25/10/26 10:34:53 INFO Executor: Fetching spark://b40be2a595bb:43115/jars/iceberg-spark-runtime-3.5_2.12-1.4.2.jar with timestamp 1761474888114
[2025-10-26T10:34:53.384+0000] {spark_submit.py:491} INFO - 25/10/26 10:34:53 INFO Utils: Fetching spark://b40be2a595bb:43115/jars/iceberg-spark-runtime-3.5_2.12-1.4.2.jar to /tmp/spark-ba0b3c7c-3c2b-483c-9f26-fc160c92e8b4/userFiles-362fe006-53f6-4fcf-ae32-9d7d57c02d99/fetchFileTemp1335189675343326128.tmp
[2025-10-26T10:34:53.575+0000] {spark_submit.py:491} INFO - 25/10/26 10:34:53 INFO Executor: Adding file:/tmp/spark-ba0b3c7c-3c2b-483c-9f26-fc160c92e8b4/userFiles-362fe006-53f6-4fcf-ae32-9d7d57c02d99/iceberg-spark-runtime-3.5_2.12-1.4.2.jar to class loader default
[2025-10-26T10:34:53.579+0000] {spark_submit.py:491} INFO - 25/10/26 10:34:53 INFO Executor: Fetching spark://b40be2a595bb:43115/jars/hadoop-aws-3.3.4.jar with timestamp 1761474888114
[2025-10-26T10:34:53.580+0000] {spark_submit.py:491} INFO - 25/10/26 10:34:53 INFO Utils: Fetching spark://b40be2a595bb:43115/jars/hadoop-aws-3.3.4.jar to /tmp/spark-ba0b3c7c-3c2b-483c-9f26-fc160c92e8b4/userFiles-362fe006-53f6-4fcf-ae32-9d7d57c02d99/fetchFileTemp16069814566751291805.tmp
[2025-10-26T10:34:53.598+0000] {spark_submit.py:491} INFO - 25/10/26 10:34:53 INFO Executor: Adding file:/tmp/spark-ba0b3c7c-3c2b-483c-9f26-fc160c92e8b4/userFiles-362fe006-53f6-4fcf-ae32-9d7d57c02d99/hadoop-aws-3.3.4.jar to class loader default
[2025-10-26T10:34:53.628+0000] {spark_submit.py:491} INFO - 25/10/26 10:34:53 INFO Utils: Successfully started service 'org.apache.spark.network.netty.NettyBlockTransferService' on port 34395.
[2025-10-26T10:34:53.630+0000] {spark_submit.py:491} INFO - 25/10/26 10:34:53 INFO NettyBlockTransferService: Server created on b40be2a595bb:34395
[2025-10-26T10:34:53.635+0000] {spark_submit.py:491} INFO - 25/10/26 10:34:53 INFO BlockManager: Using org.apache.spark.storage.RandomBlockReplicationPolicy for block replication policy
[2025-10-26T10:34:53.661+0000] {spark_submit.py:491} INFO - 25/10/26 10:34:53 INFO BlockManagerMaster: Registering BlockManager BlockManagerId(driver, b40be2a595bb, 34395, None)
[2025-10-26T10:34:53.669+0000] {spark_submit.py:491} INFO - 25/10/26 10:34:53 INFO BlockManagerMasterEndpoint: Registering block manager b40be2a595bb:34395 with 434.4 MiB RAM, BlockManagerId(driver, b40be2a595bb, 34395, None)
[2025-10-26T10:34:53.674+0000] {spark_submit.py:491} INFO - 25/10/26 10:34:53 INFO BlockManagerMaster: Registered BlockManager BlockManagerId(driver, b40be2a595bb, 34395, None)
[2025-10-26T10:34:53.676+0000] {spark_submit.py:491} INFO - 25/10/26 10:34:53 INFO BlockManager: Initialized BlockManager: BlockManagerId(driver, b40be2a595bb, 34395, None)
[2025-10-26T10:34:59.196+0000] {spark_submit.py:491} INFO - 25/10/26 10:34:59 WARN MetricsConfig: Cannot locate configuration: tried hadoop-metrics2-s3a-file-system.properties,hadoop-metrics2.properties
[2025-10-26T10:35:01.534+0000] {spark_submit.py:491} INFO - Created/verified weather table
[2025-10-26T10:35:01.535+0000] {spark_submit.py:491} INFO - Reading weather data from: /opt/***/data/weather/weather_data_20251008_06.json
[2025-10-26T10:35:05.980+0000] {spark_submit.py:491} INFO - Raw weather data count: 24
[2025-10-26T10:35:05.993+0000] {spark_submit.py:491} INFO - root
[2025-10-26T10:35:05.999+0000] {spark_submit.py:491} INFO - |-- timestamp: string (nullable = true)
[2025-10-26T10:35:05.999+0000] {spark_submit.py:491} INFO - |-- location: string (nullable = true)
[2025-10-26T10:35:06.000+0000] {spark_submit.py:491} INFO - |-- latitude: double (nullable = true)
[2025-10-26T10:35:06.000+0000] {spark_submit.py:491} INFO - |-- longitude: double (nullable = true)
[2025-10-26T10:35:06.000+0000] {spark_submit.py:491} INFO - |-- temperature_celsius: double (nullable = true)
[2025-10-26T10:35:06.000+0000] {spark_submit.py:491} INFO - |-- temperature_fahrenheit: double (nullable = true)
[2025-10-26T10:35:06.000+0000] {spark_submit.py:491} INFO - |-- humidity_percent: double (nullable = true)
[2025-10-26T10:35:06.001+0000] {spark_submit.py:491} INFO - |-- pressure_hpa: double (nullable = true)
[2025-10-26T10:35:06.001+0000] {spark_submit.py:491} INFO - |-- wind_speed_kmh: double (nullable = true)
[2025-10-26T10:35:06.002+0000] {spark_submit.py:491} INFO - |-- weather_condition: string (nullable = true)
[2025-10-26T10:35:06.002+0000] {spark_submit.py:491} INFO - |-- visibility_km: double (nullable = true)
[2025-10-26T10:35:06.003+0000] {spark_submit.py:491} INFO - |-- uv_index: double (nullable = true)
[2025-10-26T10:35:06.003+0000] {spark_submit.py:491} INFO - |-- hour: integer (nullable = true)
[2025-10-26T10:35:06.003+0000] {spark_submit.py:491} INFO - |-- day_of_week: integer (nullable = true)
[2025-10-26T10:35:06.003+0000] {spark_submit.py:491} INFO - |-- is_weekend: boolean (nullable = true)
[2025-10-26T10:35:06.003+0000] {spark_submit.py:491} INFO - 
[2025-10-26T10:35:07.171+0000] {spark_submit.py:491} INFO - Processed weather data count: 24
[2025-10-26T10:35:11.082+0000] {spark_submit.py:491} INFO - Successfully wrote weather data to Iceberg table
[2025-10-26T10:35:18.253+0000] {spark_submit.py:491} INFO - +------------+------------------+------------------+-----------------+--------------------+
[2025-10-26T10:35:18.262+0000] {spark_submit.py:491} INFO - |weather_date|        avg_temp_c|      avg_humidity|   avg_wind_speed|          conditions|
[2025-10-26T10:35:18.264+0000] {spark_submit.py:491} INFO - +------------+------------------+------------------+-----------------+--------------------+
[2025-10-26T10:35:18.264+0000] {spark_submit.py:491} INFO - |  2025-10-08|14.865714285714287|55.285714285714285|9.157142857142857|[clear, snow, clo...|
[2025-10-26T10:35:18.264+0000] {spark_submit.py:491} INFO - |  2025-10-07|16.545882352941174| 61.09411764705884|7.900000000000002|[clear, snow, rai...|
[2025-10-26T10:35:18.264+0000] {spark_submit.py:491} INFO - +------------+------------------+------------------+-----------------+--------------------+
[2025-10-26T10:35:18.265+0000] {spark_submit.py:491} INFO - 
[2025-10-26T10:35:18.265+0000] {spark_submit.py:491} INFO - Weather ETL job completed successfully!
[2025-10-26T10:35:19.394+0000] {taskinstance.py:1398} INFO - Marking task as SUCCESS. dag_id=nyc_weather_etl, task_id=spark_process_weather_to_iceberg, execution_date=20251026T093442, start_date=20251026T103445, end_date=20251026T103519
[2025-10-26T10:35:19.454+0000] {local_task_job_runner.py:228} INFO - Task exited with return code 0
[2025-10-26T10:35:19.472+0000] {taskinstance.py:2776} INFO - 0 downstream tasks scheduled from follow-on schedule check
