[2025-11-03T04:29:15.894+0000] {taskinstance.py:1157} INFO - Dependencies all met for dep_context=non-requeueable deps ti=<TaskInstance: nyc_taxi_iceberg_etl.spark_process_to_iceberg manual__2025-11-03T04:29:03.400598+00:00 [queued]>
[2025-11-03T04:29:15.898+0000] {taskinstance.py:1157} INFO - Dependencies all met for dep_context=requeueable deps ti=<TaskInstance: nyc_taxi_iceberg_etl.spark_process_to_iceberg manual__2025-11-03T04:29:03.400598+00:00 [queued]>
[2025-11-03T04:29:15.898+0000] {taskinstance.py:1359} INFO - Starting attempt 1 of 1
[2025-11-03T04:29:15.904+0000] {taskinstance.py:1380} INFO - Executing <Task(SparkSubmitOperator): spark_process_to_iceberg> on 2025-11-03 04:29:03.400598+00:00
[2025-11-03T04:29:15.907+0000] {standard_task_runner.py:57} INFO - Started process 17713 to run task
[2025-11-03T04:29:15.909+0000] {standard_task_runner.py:84} INFO - Running: ['***', 'tasks', 'run', 'nyc_taxi_iceberg_etl', 'spark_process_to_iceberg', 'manual__2025-11-03T04:29:03.400598+00:00', '--job-id', '150', '--raw', '--subdir', 'DAGS_FOLDER/nyc_taxi_iceberg_etl.py', '--cfg-path', '/tmp/tmpz4lio2pc']
[2025-11-03T04:29:15.910+0000] {standard_task_runner.py:85} INFO - Job 150: Subtask spark_process_to_iceberg
[2025-11-03T04:29:15.932+0000] {task_command.py:415} INFO - Running <TaskInstance: nyc_taxi_iceberg_etl.spark_process_to_iceberg manual__2025-11-03T04:29:03.400598+00:00 [running]> on host ec57452a9f33
[2025-11-03T04:29:16.051+0000] {taskinstance.py:1660} INFO - Exporting env vars: AIRFLOW_CTX_DAG_OWNER='data-engineering' AIRFLOW_CTX_DAG_ID='nyc_taxi_iceberg_etl' AIRFLOW_CTX_TASK_ID='spark_process_to_iceberg' AIRFLOW_CTX_EXECUTION_DATE='2025-11-03T04:29:03.400598+00:00' AIRFLOW_CTX_TRY_NUMBER='1' AIRFLOW_CTX_DAG_RUN_ID='manual__2025-11-03T04:29:03.400598+00:00'
[2025-11-03T04:29:16.052+0000] {base.py:73} INFO - Using connection ID 'spark_default' for task execution.
[2025-11-03T04:29:16.053+0000] {spark_submit.py:340} INFO - Spark-Submit cmd: /opt/bitnami/spark/bin/spark-submit --master spark-master:7077 --conf spark.master=spark://spark-master:7077 --conf spark.sql.catalog.spark_catalog=org.apache.iceberg.spark.SparkSessionCatalog --conf spark.sql.catalog.spark_catalog.type=hive --conf spark.sql.catalog.iceberg=org.apache.iceberg.spark.SparkCatalog --conf spark.sql.catalog.iceberg.type=hadoop --conf spark.sql.catalog.iceberg.warehouse=s3a://lakehouse/warehouse --conf spark.sql.extensions=org.apache.iceberg.spark.extensions.IcebergSparkSessionExtensions --conf spark.hadoop.fs.s3a.endpoint=http://minio:9000 --conf spark.hadoop.fs.s3a.access.key=admin --conf spark.hadoop.fs.s3a.secret.key=****** --conf spark.hadoop.fs.s3a.path.style.access=true --conf spark.hadoop.fs.s3a.impl=org.apache.hadoop.fs.s3a.S3AFileSystem --jars /opt/***/jars/iceberg-spark-runtime-3.5_2.12-1.4.2.jar,/opt/***/jars/aws-java-sdk-bundle-1.12.367.jar,/opt/***/jars/hadoop-aws-3.3.4.jar --name arrow-spark /opt/***/dags/spark_jobs/nyc_taxi_to_iceberg.py /opt/***/data/raw/yellow_tripdata_2025-11.parquet
[2025-11-03T04:29:16.760+0000] {spark_submit.py:491} INFO - 25/11/03 04:29:16 WARN NativeCodeLoader: Unable to load native-hadoop library for your platform... using builtin-java classes where applicable
[2025-11-03T04:29:17.257+0000] {spark_submit.py:491} INFO - 25/11/03 04:29:17 INFO SparkContext: Running Spark version 3.5.1
[2025-11-03T04:29:17.261+0000] {spark_submit.py:491} INFO - 25/11/03 04:29:17 INFO SparkContext: OS info Linux, 6.10.14-linuxkit, aarch64
[2025-11-03T04:29:17.261+0000] {spark_submit.py:491} INFO - 25/11/03 04:29:17 INFO SparkContext: Java version 11.0.28
[2025-11-03T04:29:17.268+0000] {spark_submit.py:491} INFO - 25/11/03 04:29:17 INFO ResourceUtils: ==============================================================
[2025-11-03T04:29:17.268+0000] {spark_submit.py:491} INFO - 25/11/03 04:29:17 INFO ResourceUtils: No custom resources configured for spark.driver.
[2025-11-03T04:29:17.268+0000] {spark_submit.py:491} INFO - 25/11/03 04:29:17 INFO ResourceUtils: ==============================================================
[2025-11-03T04:29:17.268+0000] {spark_submit.py:491} INFO - 25/11/03 04:29:17 INFO SparkContext: Submitted application: NYC Taxi to Iceberg ETL
[2025-11-03T04:29:17.275+0000] {spark_submit.py:491} INFO - 25/11/03 04:29:17 INFO ResourceProfile: Default ResourceProfile created, executor resources: Map(cores -> name: cores, amount: 1, script: , vendor: , memory -> name: memory, amount: 1024, script: , vendor: , offHeap -> name: offHeap, amount: 0, script: , vendor: ), task resources: Map(cpus -> name: cpus, amount: 1.0)
[2025-11-03T04:29:17.279+0000] {spark_submit.py:491} INFO - 25/11/03 04:29:17 INFO ResourceProfile: Limiting resource is cpu
[2025-11-03T04:29:17.280+0000] {spark_submit.py:491} INFO - 25/11/03 04:29:17 INFO ResourceProfileManager: Added ResourceProfile id: 0
[2025-11-03T04:29:17.304+0000] {spark_submit.py:491} INFO - 25/11/03 04:29:17 INFO SecurityManager: Changing view acls to: ***
[2025-11-03T04:29:17.304+0000] {spark_submit.py:491} INFO - 25/11/03 04:29:17 INFO SecurityManager: Changing modify acls to: ***
[2025-11-03T04:29:17.305+0000] {spark_submit.py:491} INFO - 25/11/03 04:29:17 INFO SecurityManager: Changing view acls groups to:
[2025-11-03T04:29:17.305+0000] {spark_submit.py:491} INFO - 25/11/03 04:29:17 INFO SecurityManager: Changing modify acls groups to:
[2025-11-03T04:29:17.305+0000] {spark_submit.py:491} INFO - 25/11/03 04:29:17 INFO SecurityManager: SecurityManager: authentication disabled; ui acls disabled; users with view permissions: ***; groups with view permissions: EMPTY; users with modify permissions: ***; groups with modify permissions: EMPTY
[2025-11-03T04:29:17.402+0000] {spark_submit.py:491} INFO - 25/11/03 04:29:17 INFO Utils: Successfully started service 'sparkDriver' on port 40733.
[2025-11-03T04:29:17.414+0000] {spark_submit.py:491} INFO - 25/11/03 04:29:17 INFO SparkEnv: Registering MapOutputTracker
[2025-11-03T04:29:17.428+0000] {spark_submit.py:491} INFO - 25/11/03 04:29:17 INFO SparkEnv: Registering BlockManagerMaster
[2025-11-03T04:29:17.436+0000] {spark_submit.py:491} INFO - 25/11/03 04:29:17 INFO BlockManagerMasterEndpoint: Using org.apache.spark.storage.DefaultTopologyMapper for getting topology information
[2025-11-03T04:29:17.437+0000] {spark_submit.py:491} INFO - 25/11/03 04:29:17 INFO BlockManagerMasterEndpoint: BlockManagerMasterEndpoint up
[2025-11-03T04:29:17.438+0000] {spark_submit.py:491} INFO - 25/11/03 04:29:17 INFO SparkEnv: Registering BlockManagerMasterHeartbeat
[2025-11-03T04:29:17.446+0000] {spark_submit.py:491} INFO - 25/11/03 04:29:17 INFO DiskBlockManager: Created local directory at /tmp/blockmgr-e0bffef6-2f47-4630-ae43-bed7c036a5b1
[2025-11-03T04:29:17.451+0000] {spark_submit.py:491} INFO - 25/11/03 04:29:17 INFO MemoryStore: MemoryStore started with capacity 434.4 MiB
[2025-11-03T04:29:17.456+0000] {spark_submit.py:491} INFO - 25/11/03 04:29:17 INFO SparkEnv: Registering OutputCommitCoordinator
[2025-11-03T04:29:17.501+0000] {spark_submit.py:491} INFO - 25/11/03 04:29:17 INFO JettyUtils: Start Jetty 0.0.0.0:4040 for SparkUI
[2025-11-03T04:29:17.522+0000] {spark_submit.py:491} INFO - 25/11/03 04:29:17 INFO Utils: Successfully started service 'SparkUI' on port 4040.
[2025-11-03T04:29:17.536+0000] {spark_submit.py:491} INFO - 25/11/03 04:29:17 INFO SparkContext: Added JAR file:///opt/***/jars/iceberg-spark-runtime-3.5_2.12-1.4.2.jar at spark://ec57452a9f33:40733/jars/iceberg-spark-runtime-3.5_2.12-1.4.2.jar with timestamp 1762144157254
[2025-11-03T04:29:17.536+0000] {spark_submit.py:491} INFO - 25/11/03 04:29:17 INFO SparkContext: Added JAR file:///opt/***/jars/aws-java-sdk-bundle-1.12.367.jar at spark://ec57452a9f33:40733/jars/aws-java-sdk-bundle-1.12.367.jar with timestamp 1762144157254
[2025-11-03T04:29:17.536+0000] {spark_submit.py:491} INFO - 25/11/03 04:29:17 INFO SparkContext: Added JAR file:///opt/***/jars/hadoop-aws-3.3.4.jar at spark://ec57452a9f33:40733/jars/hadoop-aws-3.3.4.jar with timestamp 1762144157254
[2025-11-03T04:29:17.561+0000] {spark_submit.py:491} INFO - 25/11/03 04:29:17 INFO Executor: Starting executor ID driver on host ec57452a9f33
[2025-11-03T04:29:17.562+0000] {spark_submit.py:491} INFO - 25/11/03 04:29:17 INFO Executor: OS info Linux, 6.10.14-linuxkit, aarch64
[2025-11-03T04:29:17.562+0000] {spark_submit.py:491} INFO - 25/11/03 04:29:17 INFO Executor: Java version 11.0.28
[2025-11-03T04:29:17.563+0000] {spark_submit.py:491} INFO - 25/11/03 04:29:17 INFO Executor: Starting executor with user classpath (userClassPathFirst = false): ''
[2025-11-03T04:29:17.564+0000] {spark_submit.py:491} INFO - 25/11/03 04:29:17 INFO Executor: Created or updated repl class loader org.apache.spark.util.MutableURLClassLoader@7ad6a79d for default.
[2025-11-03T04:29:17.567+0000] {spark_submit.py:491} INFO - 25/11/03 04:29:17 INFO Executor: Fetching spark://ec57452a9f33:40733/jars/iceberg-spark-runtime-3.5_2.12-1.4.2.jar with timestamp 1762144157254
[2025-11-03T04:29:17.592+0000] {spark_submit.py:491} INFO - 25/11/03 04:29:17 INFO TransportClientFactory: Successfully created connection to ec57452a9f33/172.18.0.4:40733 after 12 ms (0 ms spent in bootstraps)
[2025-11-03T04:29:17.594+0000] {spark_submit.py:491} INFO - 25/11/03 04:29:17 INFO Utils: Fetching spark://ec57452a9f33:40733/jars/iceberg-spark-runtime-3.5_2.12-1.4.2.jar to /tmp/spark-b09b4a0e-5bec-4ed0-81a4-a605c76d2633/userFiles-25fb8697-4fb2-478f-a662-0ba45828d209/fetchFileTemp10748940099752112168.tmp
[2025-11-03T04:29:17.656+0000] {spark_submit.py:491} INFO - 25/11/03 04:29:17 INFO Executor: Adding file:/tmp/spark-b09b4a0e-5bec-4ed0-81a4-a605c76d2633/userFiles-25fb8697-4fb2-478f-a662-0ba45828d209/iceberg-spark-runtime-3.5_2.12-1.4.2.jar to class loader default
[2025-11-03T04:29:17.657+0000] {spark_submit.py:491} INFO - 25/11/03 04:29:17 INFO Executor: Fetching spark://ec57452a9f33:40733/jars/aws-java-sdk-bundle-1.12.367.jar with timestamp 1762144157254
[2025-11-03T04:29:17.657+0000] {spark_submit.py:491} INFO - 25/11/03 04:29:17 INFO Utils: Fetching spark://ec57452a9f33:40733/jars/aws-java-sdk-bundle-1.12.367.jar to /tmp/spark-b09b4a0e-5bec-4ed0-81a4-a605c76d2633/userFiles-25fb8697-4fb2-478f-a662-0ba45828d209/fetchFileTemp9634933651448899275.tmp
[2025-11-03T04:29:17.961+0000] {spark_submit.py:491} INFO - 25/11/03 04:29:17 INFO Executor: Adding file:/tmp/spark-b09b4a0e-5bec-4ed0-81a4-a605c76d2633/userFiles-25fb8697-4fb2-478f-a662-0ba45828d209/aws-java-sdk-bundle-1.12.367.jar to class loader default
[2025-11-03T04:29:17.963+0000] {spark_submit.py:491} INFO - 25/11/03 04:29:17 INFO Executor: Fetching spark://ec57452a9f33:40733/jars/hadoop-aws-3.3.4.jar with timestamp 1762144157254
[2025-11-03T04:29:17.963+0000] {spark_submit.py:491} INFO - 25/11/03 04:29:17 INFO Utils: Fetching spark://ec57452a9f33:40733/jars/hadoop-aws-3.3.4.jar to /tmp/spark-b09b4a0e-5bec-4ed0-81a4-a605c76d2633/userFiles-25fb8697-4fb2-478f-a662-0ba45828d209/fetchFileTemp13614360759079954954.tmp
[2025-11-03T04:29:17.983+0000] {spark_submit.py:491} INFO - 25/11/03 04:29:17 INFO Executor: Adding file:/tmp/spark-b09b4a0e-5bec-4ed0-81a4-a605c76d2633/userFiles-25fb8697-4fb2-478f-a662-0ba45828d209/hadoop-aws-3.3.4.jar to class loader default
[2025-11-03T04:29:17.998+0000] {spark_submit.py:491} INFO - 25/11/03 04:29:17 INFO Utils: Successfully started service 'org.apache.spark.network.netty.NettyBlockTransferService' on port 35339.
[2025-11-03T04:29:17.998+0000] {spark_submit.py:491} INFO - 25/11/03 04:29:17 INFO NettyBlockTransferService: Server created on ec57452a9f33:35339
[2025-11-03T04:29:18.002+0000] {spark_submit.py:491} INFO - 25/11/03 04:29:18 INFO BlockManager: Using org.apache.spark.storage.RandomBlockReplicationPolicy for block replication policy
[2025-11-03T04:29:18.013+0000] {spark_submit.py:491} INFO - 25/11/03 04:29:18 INFO BlockManagerMaster: Registering BlockManager BlockManagerId(driver, ec57452a9f33, 35339, None)
[2025-11-03T04:29:18.017+0000] {spark_submit.py:491} INFO - 25/11/03 04:29:18 INFO BlockManagerMasterEndpoint: Registering block manager ec57452a9f33:35339 with 434.4 MiB RAM, BlockManagerId(driver, ec57452a9f33, 35339, None)
[2025-11-03T04:29:18.020+0000] {spark_submit.py:491} INFO - 25/11/03 04:29:18 INFO BlockManagerMaster: Registered BlockManager BlockManagerId(driver, ec57452a9f33, 35339, None)
[2025-11-03T04:29:18.021+0000] {spark_submit.py:491} INFO - 25/11/03 04:29:18 INFO BlockManager: Initialized BlockManager: BlockManagerId(driver, ec57452a9f33, 35339, None)
[2025-11-03T04:29:19.125+0000] {spark_submit.py:491} INFO - 25/11/03 04:29:19 WARN MetricsConfig: Cannot locate configuration: tried hadoop-metrics2-s3a-file-system.properties,hadoop-metrics2.properties
[2025-11-03T04:29:19.656+0000] {spark_submit.py:491} INFO - Created/verified trips table
[2025-11-03T04:29:19.656+0000] {spark_submit.py:491} INFO - Reading data from: /opt/***/data/raw/yellow_tripdata_2025-11.parquet
[2025-11-03T04:29:20.615+0000] {spark_submit.py:491} INFO - Raw data count: 3252717
[2025-11-03T04:29:20.616+0000] {spark_submit.py:491} INFO - root
[2025-11-03T04:29:20.616+0000] {spark_submit.py:491} INFO - |-- VendorID: long (nullable = true)
[2025-11-03T04:29:20.617+0000] {spark_submit.py:491} INFO - |-- tpep_pickup_datetime: timestamp_ntz (nullable = true)
[2025-11-03T04:29:20.617+0000] {spark_submit.py:491} INFO - |-- tpep_dropoff_datetime: timestamp_ntz (nullable = true)
[2025-11-03T04:29:20.617+0000] {spark_submit.py:491} INFO - |-- passenger_count: double (nullable = true)
[2025-11-03T04:29:20.617+0000] {spark_submit.py:491} INFO - |-- trip_distance: double (nullable = true)
[2025-11-03T04:29:20.617+0000] {spark_submit.py:491} INFO - |-- RatecodeID: double (nullable = true)
[2025-11-03T04:29:20.618+0000] {spark_submit.py:491} INFO - |-- store_and_fwd_flag: string (nullable = true)
[2025-11-03T04:29:20.618+0000] {spark_submit.py:491} INFO - |-- PULocationID: long (nullable = true)
[2025-11-03T04:29:20.619+0000] {spark_submit.py:491} INFO - |-- DOLocationID: long (nullable = true)
[2025-11-03T04:29:20.619+0000] {spark_submit.py:491} INFO - |-- payment_type: long (nullable = true)
[2025-11-03T04:29:20.619+0000] {spark_submit.py:491} INFO - |-- fare_amount: double (nullable = true)
[2025-11-03T04:29:20.619+0000] {spark_submit.py:491} INFO - |-- extra: double (nullable = true)
[2025-11-03T04:29:20.619+0000] {spark_submit.py:491} INFO - |-- mta_tax: double (nullable = true)
[2025-11-03T04:29:20.619+0000] {spark_submit.py:491} INFO - |-- tip_amount: double (nullable = true)
[2025-11-03T04:29:20.619+0000] {spark_submit.py:491} INFO - |-- tolls_amount: double (nullable = true)
[2025-11-03T04:29:20.620+0000] {spark_submit.py:491} INFO - |-- improvement_surcharge: double (nullable = true)
[2025-11-03T04:29:20.620+0000] {spark_submit.py:491} INFO - |-- total_amount: double (nullable = true)
[2025-11-03T04:29:20.620+0000] {spark_submit.py:491} INFO - |-- congestion_surcharge: double (nullable = true)
[2025-11-03T04:29:20.620+0000] {spark_submit.py:491} INFO - |-- airport_fee: double (nullable = true)
[2025-11-03T04:29:20.620+0000] {spark_submit.py:491} INFO - 
[2025-11-03T04:29:21.391+0000] {spark_submit.py:491} INFO - Processed data count: 3019653
[2025-11-03T04:29:27.943+0000] {spark_submit.py:491} INFO - Successfully wrote data to Iceberg table
[2025-11-03T04:29:30.745+0000] {spark_submit.py:491} INFO - +----+-----+----------+------------------+------------------+
[2025-11-03T04:29:30.747+0000] {spark_submit.py:491} INFO - |year|month|trip_count|      avg_distance|        avg_amount|
[2025-11-03T04:29:30.747+0000] {spark_submit.py:491} INFO - +----+-----+----------+------------------+------------------+
[2025-11-03T04:29:30.747+0000] {spark_submit.py:491} INFO - |2022|   12|       570|2.8629824561403496|20.792280701754382|
[2025-11-03T04:29:30.747+0000] {spark_submit.py:491} INFO - |2022|   11|  30195590|3.6727699773374045| 21.91778852430149|
[2025-11-03T04:29:30.747+0000] {spark_submit.py:491} INFO - |2022|   10|       320|          5.545625|26.396562499999987|
[2025-11-03T04:29:30.747+0000] {spark_submit.py:491} INFO - |2009|    1|        20|             2.955|             18.55|
[2025-11-03T04:29:30.747+0000] {spark_submit.py:491} INFO - |2008|   12|        20|             6.095|29.534999999999997|
[2025-11-03T04:29:30.747+0000] {spark_submit.py:491} INFO - |2002|   12|        10|              8.43|             47.31|
[2025-11-03T04:29:30.748+0000] {spark_submit.py:491} INFO - +----+-----+----------+------------------+------------------+
[2025-11-03T04:29:30.748+0000] {spark_submit.py:491} INFO - 
[2025-11-03T04:29:30.985+0000] {spark_submit.py:491} INFO - Created daily summary table
[2025-11-03T04:29:30.985+0000] {spark_submit.py:491} INFO - ETL job completed successfully!
[2025-11-03T04:29:31.250+0000] {taskinstance.py:1398} INFO - Marking task as SUCCESS. dag_id=nyc_taxi_iceberg_etl, task_id=spark_process_to_iceberg, execution_date=20251103T042903, start_date=20251103T042915, end_date=20251103T042931
[2025-11-03T04:29:31.286+0000] {local_task_job_runner.py:228} INFO - Task exited with return code 0
[2025-11-03T04:29:31.296+0000] {taskinstance.py:2776} INFO - 1 downstream tasks scheduled from follow-on schedule check
