[2025-10-13T09:22:31.106+0000] {taskinstance.py:1157} INFO - Dependencies all met for dep_context=non-requeueable deps ti=<TaskInstance: nyc_weather_etl.spark_process_weather_to_iceberg scheduled__2025-10-13T08:09:23.166734+00:00 [queued]>
[2025-10-13T09:22:31.113+0000] {taskinstance.py:1157} INFO - Dependencies all met for dep_context=requeueable deps ti=<TaskInstance: nyc_weather_etl.spark_process_weather_to_iceberg scheduled__2025-10-13T08:09:23.166734+00:00 [queued]>
[2025-10-13T09:22:31.114+0000] {taskinstance.py:1359} INFO - Starting attempt 1 of 1
[2025-10-13T09:22:31.122+0000] {taskinstance.py:1380} INFO - Executing <Task(SparkSubmitOperator): spark_process_weather_to_iceberg> on 2025-10-13 08:09:23.166734+00:00
[2025-10-13T09:22:31.125+0000] {standard_task_runner.py:57} INFO - Started process 27776 to run task
[2025-10-13T09:22:31.127+0000] {standard_task_runner.py:84} INFO - Running: ['***', 'tasks', 'run', 'nyc_weather_etl', 'spark_process_weather_to_iceberg', 'scheduled__2025-10-13T08:09:23.166734+00:00', '--job-id', '562', '--raw', '--subdir', 'DAGS_FOLDER/nyc_weather_etl.py', '--cfg-path', '/tmp/tmpxu3htg0_']
[2025-10-13T09:22:31.129+0000] {standard_task_runner.py:85} INFO - Job 562: Subtask spark_process_weather_to_iceberg
[2025-10-13T09:22:31.159+0000] {task_command.py:415} INFO - Running <TaskInstance: nyc_weather_etl.spark_process_weather_to_iceberg scheduled__2025-10-13T08:09:23.166734+00:00 [running]> on host b40be2a595bb
[2025-10-13T09:22:31.304+0000] {taskinstance.py:1660} INFO - Exporting env vars: AIRFLOW_CTX_DAG_OWNER='data-engineering' AIRFLOW_CTX_DAG_ID='nyc_weather_etl' AIRFLOW_CTX_TASK_ID='spark_process_weather_to_iceberg' AIRFLOW_CTX_EXECUTION_DATE='2025-10-13T08:09:23.166734+00:00' AIRFLOW_CTX_TRY_NUMBER='1' AIRFLOW_CTX_DAG_RUN_ID='scheduled__2025-10-13T08:09:23.166734+00:00'
[2025-10-13T09:22:31.310+0000] {base.py:73} INFO - Using connection ID 'spark_default' for task execution.
[2025-10-13T09:22:31.312+0000] {spark_submit.py:340} INFO - Spark-Submit cmd: /opt/bitnami/spark/bin/spark-submit --master spark://spark-master:7077 --conf spark.master=spark://spark-master:7077 --conf spark.sql.catalog.spark_catalog=org.apache.iceberg.spark.SparkSessionCatalog --conf spark.sql.catalog.spark_catalog.type=hive --conf spark.sql.catalog.iceberg=org.apache.iceberg.spark.SparkCatalog --conf spark.sql.catalog.iceberg.type=hadoop --conf spark.sql.catalog.iceberg.warehouse=s3a://lakehouse/warehouse --conf spark.sql.extensions=org.apache.iceberg.spark.extensions.IcebergSparkSessionExtensions --conf spark.hadoop.fs.s3a.endpoint=http://minio:9000 --conf spark.hadoop.fs.s3a.access.key=admin --conf spark.hadoop.fs.s3a.secret.key=****** --conf spark.hadoop.fs.s3a.path.style.access=true --conf spark.hadoop.fs.s3a.impl=org.apache.hadoop.fs.s3a.S3AFileSystem --jars /opt/***/jars/iceberg-spark-runtime-3.5_2.12-1.4.2.jar,/opt/***/jars/aws-java-sdk-bundle-1.12.367.jar,/opt/***/jars/hadoop-aws-3.3.4.jar --name arrow-spark --queue default /opt/***/dags/spark_jobs/weather_to_iceberg.py /opt/***/data/weather/weather_data_20251008_06.json
[2025-10-13T09:22:32.566+0000] {spark_submit.py:491} INFO - 25/10/13 09:22:32 WARN NativeCodeLoader: Unable to load native-hadoop library for your platform... using builtin-java classes where applicable
[2025-10-13T09:22:33.453+0000] {spark_submit.py:491} INFO - 25/10/13 09:22:33 INFO SparkContext: Running Spark version 3.5.1
[2025-10-13T09:22:33.455+0000] {spark_submit.py:491} INFO - 25/10/13 09:22:33 INFO SparkContext: OS info Linux, 6.10.14-linuxkit, aarch64
[2025-10-13T09:22:33.456+0000] {spark_submit.py:491} INFO - 25/10/13 09:22:33 INFO SparkContext: Java version 11.0.28
[2025-10-13T09:22:33.470+0000] {spark_submit.py:491} INFO - 25/10/13 09:22:33 INFO ResourceUtils: ==============================================================
[2025-10-13T09:22:33.471+0000] {spark_submit.py:491} INFO - 25/10/13 09:22:33 INFO ResourceUtils: No custom resources configured for spark.driver.
[2025-10-13T09:22:33.471+0000] {spark_submit.py:491} INFO - 25/10/13 09:22:33 INFO ResourceUtils: ==============================================================
[2025-10-13T09:22:33.473+0000] {spark_submit.py:491} INFO - 25/10/13 09:22:33 INFO SparkContext: Submitted application: Weather to Iceberg ETL
[2025-10-13T09:22:33.482+0000] {spark_submit.py:491} INFO - 25/10/13 09:22:33 INFO ResourceProfile: Default ResourceProfile created, executor resources: Map(cores -> name: cores, amount: 1, script: , vendor: , memory -> name: memory, amount: 1024, script: , vendor: , offHeap -> name: offHeap, amount: 0, script: , vendor: ), task resources: Map(cpus -> name: cpus, amount: 1.0)
[2025-10-13T09:22:33.488+0000] {spark_submit.py:491} INFO - 25/10/13 09:22:33 INFO ResourceProfile: Limiting resource is cpu
[2025-10-13T09:22:33.489+0000] {spark_submit.py:491} INFO - 25/10/13 09:22:33 INFO ResourceProfileManager: Added ResourceProfile id: 0
[2025-10-13T09:22:33.527+0000] {spark_submit.py:491} INFO - 25/10/13 09:22:33 INFO SecurityManager: Changing view acls to: ***
[2025-10-13T09:22:33.527+0000] {spark_submit.py:491} INFO - 25/10/13 09:22:33 INFO SecurityManager: Changing modify acls to: ***
[2025-10-13T09:22:33.527+0000] {spark_submit.py:491} INFO - 25/10/13 09:22:33 INFO SecurityManager: Changing view acls groups to:
[2025-10-13T09:22:33.527+0000] {spark_submit.py:491} INFO - 25/10/13 09:22:33 INFO SecurityManager: Changing modify acls groups to:
[2025-10-13T09:22:33.527+0000] {spark_submit.py:491} INFO - 25/10/13 09:22:33 INFO SecurityManager: SecurityManager: authentication disabled; ui acls disabled; users with view permissions: ***; groups with view permissions: EMPTY; users with modify permissions: ***; groups with modify permissions: EMPTY
[2025-10-13T09:22:33.649+0000] {spark_submit.py:491} INFO - 25/10/13 09:22:33 INFO Utils: Successfully started service 'sparkDriver' on port 45847.
[2025-10-13T09:22:33.666+0000] {spark_submit.py:491} INFO - 25/10/13 09:22:33 INFO SparkEnv: Registering MapOutputTracker
[2025-10-13T09:22:33.684+0000] {spark_submit.py:491} INFO - 25/10/13 09:22:33 INFO SparkEnv: Registering BlockManagerMaster
[2025-10-13T09:22:33.695+0000] {spark_submit.py:491} INFO - 25/10/13 09:22:33 INFO BlockManagerMasterEndpoint: Using org.apache.spark.storage.DefaultTopologyMapper for getting topology information
[2025-10-13T09:22:33.696+0000] {spark_submit.py:491} INFO - 25/10/13 09:22:33 INFO BlockManagerMasterEndpoint: BlockManagerMasterEndpoint up
[2025-10-13T09:22:33.697+0000] {spark_submit.py:491} INFO - 25/10/13 09:22:33 INFO SparkEnv: Registering BlockManagerMasterHeartbeat
[2025-10-13T09:22:33.710+0000] {spark_submit.py:491} INFO - 25/10/13 09:22:33 INFO DiskBlockManager: Created local directory at /tmp/blockmgr-5d62b652-c286-4199-8eb2-2b806ad767a0
[2025-10-13T09:22:33.718+0000] {spark_submit.py:491} INFO - 25/10/13 09:22:33 INFO MemoryStore: MemoryStore started with capacity 434.4 MiB
[2025-10-13T09:22:33.726+0000] {spark_submit.py:491} INFO - 25/10/13 09:22:33 INFO SparkEnv: Registering OutputCommitCoordinator
[2025-10-13T09:22:33.797+0000] {spark_submit.py:491} INFO - 25/10/13 09:22:33 INFO JettyUtils: Start Jetty 0.0.0.0:4040 for SparkUI
[2025-10-13T09:22:33.831+0000] {spark_submit.py:491} INFO - 25/10/13 09:22:33 INFO Utils: Successfully started service 'SparkUI' on port 4040.
[2025-10-13T09:22:33.851+0000] {spark_submit.py:491} INFO - 25/10/13 09:22:33 INFO SparkContext: Added JAR file:///opt/***/jars/iceberg-spark-runtime-3.5_2.12-1.4.2.jar at spark://b40be2a595bb:45847/jars/iceberg-spark-runtime-3.5_2.12-1.4.2.jar with timestamp 1760347353447
[2025-10-13T09:22:33.853+0000] {spark_submit.py:491} INFO - 25/10/13 09:22:33 INFO SparkContext: Added JAR file:///opt/***/jars/aws-java-sdk-bundle-1.12.367.jar at spark://b40be2a595bb:45847/jars/aws-java-sdk-bundle-1.12.367.jar with timestamp 1760347353447
[2025-10-13T09:22:33.853+0000] {spark_submit.py:491} INFO - 25/10/13 09:22:33 INFO SparkContext: Added JAR file:///opt/***/jars/hadoop-aws-3.3.4.jar at spark://b40be2a595bb:45847/jars/hadoop-aws-3.3.4.jar with timestamp 1760347353447
[2025-10-13T09:22:33.886+0000] {spark_submit.py:491} INFO - 25/10/13 09:22:33 INFO Executor: Starting executor ID driver on host b40be2a595bb
[2025-10-13T09:22:33.888+0000] {spark_submit.py:491} INFO - 25/10/13 09:22:33 INFO Executor: OS info Linux, 6.10.14-linuxkit, aarch64
[2025-10-13T09:22:33.888+0000] {spark_submit.py:491} INFO - 25/10/13 09:22:33 INFO Executor: Java version 11.0.28
[2025-10-13T09:22:33.890+0000] {spark_submit.py:491} INFO - 25/10/13 09:22:33 INFO Executor: Starting executor with user classpath (userClassPathFirst = false): ''
[2025-10-13T09:22:33.891+0000] {spark_submit.py:491} INFO - 25/10/13 09:22:33 INFO Executor: Created or updated repl class loader org.apache.spark.util.MutableURLClassLoader@32d878bd for default.
[2025-10-13T09:22:33.896+0000] {spark_submit.py:491} INFO - 25/10/13 09:22:33 INFO Executor: Fetching spark://b40be2a595bb:45847/jars/iceberg-spark-runtime-3.5_2.12-1.4.2.jar with timestamp 1760347353447
[2025-10-13T09:22:33.933+0000] {spark_submit.py:491} INFO - 25/10/13 09:22:33 INFO TransportClientFactory: Successfully created connection to b40be2a595bb/172.18.0.3:45847 after 16 ms (0 ms spent in bootstraps)
[2025-10-13T09:22:33.935+0000] {spark_submit.py:491} INFO - 25/10/13 09:22:33 INFO Utils: Fetching spark://b40be2a595bb:45847/jars/iceberg-spark-runtime-3.5_2.12-1.4.2.jar to /tmp/spark-fb344ffa-70ba-4202-a295-7eec93af819c/userFiles-83bd900c-ab3d-4eca-8c39-6c366f11242f/fetchFileTemp4025052425189152023.tmp
[2025-10-13T09:22:34.005+0000] {spark_submit.py:491} INFO - 25/10/13 09:22:34 INFO Executor: Adding file:/tmp/spark-fb344ffa-70ba-4202-a295-7eec93af819c/userFiles-83bd900c-ab3d-4eca-8c39-6c366f11242f/iceberg-spark-runtime-3.5_2.12-1.4.2.jar to class loader default
[2025-10-13T09:22:34.005+0000] {spark_submit.py:491} INFO - 25/10/13 09:22:34 INFO Executor: Fetching spark://b40be2a595bb:45847/jars/hadoop-aws-3.3.4.jar with timestamp 1760347353447
[2025-10-13T09:22:34.006+0000] {spark_submit.py:491} INFO - 25/10/13 09:22:34 INFO Utils: Fetching spark://b40be2a595bb:45847/jars/hadoop-aws-3.3.4.jar to /tmp/spark-fb344ffa-70ba-4202-a295-7eec93af819c/userFiles-83bd900c-ab3d-4eca-8c39-6c366f11242f/fetchFileTemp10207745933556414651.tmp
[2025-10-13T09:22:34.010+0000] {spark_submit.py:491} INFO - 25/10/13 09:22:34 INFO Executor: Adding file:/tmp/spark-fb344ffa-70ba-4202-a295-7eec93af819c/userFiles-83bd900c-ab3d-4eca-8c39-6c366f11242f/hadoop-aws-3.3.4.jar to class loader default
[2025-10-13T09:22:34.011+0000] {spark_submit.py:491} INFO - 25/10/13 09:22:34 INFO Executor: Fetching spark://b40be2a595bb:45847/jars/aws-java-sdk-bundle-1.12.367.jar with timestamp 1760347353447
[2025-10-13T09:22:34.011+0000] {spark_submit.py:491} INFO - 25/10/13 09:22:34 INFO Utils: Fetching spark://b40be2a595bb:45847/jars/aws-java-sdk-bundle-1.12.367.jar to /tmp/spark-fb344ffa-70ba-4202-a295-7eec93af819c/userFiles-83bd900c-ab3d-4eca-8c39-6c366f11242f/fetchFileTemp5725952985629362578.tmp
[2025-10-13T09:22:34.426+0000] {spark_submit.py:491} INFO - 25/10/13 09:22:34 INFO Executor: Adding file:/tmp/spark-fb344ffa-70ba-4202-a295-7eec93af819c/userFiles-83bd900c-ab3d-4eca-8c39-6c366f11242f/aws-java-sdk-bundle-1.12.367.jar to class loader default
[2025-10-13T09:22:34.432+0000] {spark_submit.py:491} INFO - 25/10/13 09:22:34 INFO Utils: Successfully started service 'org.apache.spark.network.netty.NettyBlockTransferService' on port 33795.
[2025-10-13T09:22:34.433+0000] {spark_submit.py:491} INFO - 25/10/13 09:22:34 INFO NettyBlockTransferService: Server created on b40be2a595bb:33795
[2025-10-13T09:22:34.434+0000] {spark_submit.py:491} INFO - 25/10/13 09:22:34 INFO BlockManager: Using org.apache.spark.storage.RandomBlockReplicationPolicy for block replication policy
[2025-10-13T09:22:34.437+0000] {spark_submit.py:491} INFO - 25/10/13 09:22:34 INFO BlockManagerMaster: Registering BlockManager BlockManagerId(driver, b40be2a595bb, 33795, None)
[2025-10-13T09:22:34.439+0000] {spark_submit.py:491} INFO - 25/10/13 09:22:34 INFO BlockManagerMasterEndpoint: Registering block manager b40be2a595bb:33795 with 434.4 MiB RAM, BlockManagerId(driver, b40be2a595bb, 33795, None)
[2025-10-13T09:22:34.440+0000] {spark_submit.py:491} INFO - 25/10/13 09:22:34 INFO BlockManagerMaster: Registered BlockManager BlockManagerId(driver, b40be2a595bb, 33795, None)
[2025-10-13T09:22:34.441+0000] {spark_submit.py:491} INFO - 25/10/13 09:22:34 INFO BlockManager: Initialized BlockManager: BlockManagerId(driver, b40be2a595bb, 33795, None)
[2025-10-13T09:22:36.878+0000] {spark_submit.py:491} INFO - 25/10/13 09:22:36 WARN MetricsConfig: Cannot locate configuration: tried hadoop-metrics2-s3a-file-system.properties,hadoop-metrics2.properties
[2025-10-13T09:22:37.959+0000] {spark_submit.py:491} INFO - Created/verified weather table
[2025-10-13T09:22:37.959+0000] {spark_submit.py:491} INFO - Reading weather data from: /opt/***/data/weather/weather_data_20251008_06.json
[2025-10-13T09:22:38.126+0000] {spark_submit.py:491} INFO - Error in weather ETL job: [CANNOT_ACCEPT_OBJECT_IN_TYPE] `DoubleType()` can not accept object `0` in type `int`.
[2025-10-13T09:22:38.690+0000] {spark_submit.py:491} INFO - Traceback (most recent call last):
[2025-10-13T09:22:38.690+0000] {spark_submit.py:491} INFO - File "/opt/***/dags/spark_jobs/weather_to_iceberg.py", line 194, in <module>
[2025-10-13T09:22:38.691+0000] {spark_submit.py:491} INFO - main()
[2025-10-13T09:22:38.691+0000] {spark_submit.py:491} INFO - File "/opt/***/dags/spark_jobs/weather_to_iceberg.py", line 183, in main
[2025-10-13T09:22:38.691+0000] {spark_submit.py:491} INFO - process_weather_data(spark, input_path)
[2025-10-13T09:22:38.691+0000] {spark_submit.py:491} INFO - File "/opt/***/dags/spark_jobs/weather_to_iceberg.py", line 127, in process_weather_data
[2025-10-13T09:22:38.692+0000] {spark_submit.py:491} INFO - df = spark.createDataFrame(weather_data, schema=weather_schema)
[2025-10-13T09:22:38.692+0000] {spark_submit.py:491} INFO - File "/opt/bitnami/spark/python/lib/pyspark.zip/pyspark/sql/session.py", line 1443, in createDataFrame
[2025-10-13T09:22:38.692+0000] {spark_submit.py:491} INFO - File "/opt/bitnami/spark/python/lib/pyspark.zip/pyspark/sql/session.py", line 1485, in _create_dataframe
[2025-10-13T09:22:38.692+0000] {spark_submit.py:491} INFO - File "/opt/bitnami/spark/python/lib/pyspark.zip/pyspark/sql/session.py", line 1090, in _createFromLocal
[2025-10-13T09:22:38.692+0000] {spark_submit.py:491} INFO - File "/opt/bitnami/spark/python/lib/pyspark.zip/pyspark/sql/session.py", line 1459, in prepare
[2025-10-13T09:22:38.693+0000] {spark_submit.py:491} INFO - File "/opt/bitnami/spark/python/lib/pyspark.zip/pyspark/sql/types.py", line 2187, in verify
[2025-10-13T09:22:38.693+0000] {spark_submit.py:491} INFO - File "/opt/bitnami/spark/python/lib/pyspark.zip/pyspark/sql/types.py", line 2147, in verify_struct
[2025-10-13T09:22:38.693+0000] {spark_submit.py:491} INFO - File "/opt/bitnami/spark/python/lib/pyspark.zip/pyspark/sql/types.py", line 2187, in verify
[2025-10-13T09:22:38.693+0000] {spark_submit.py:491} INFO - File "/opt/bitnami/spark/python/lib/pyspark.zip/pyspark/sql/types.py", line 2181, in verify_default
[2025-10-13T09:22:38.693+0000] {spark_submit.py:491} INFO - File "/opt/bitnami/spark/python/lib/pyspark.zip/pyspark/sql/types.py", line 2006, in verify_acceptable_types
[2025-10-13T09:22:38.694+0000] {spark_submit.py:491} INFO - pyspark.errors.exceptions.base.PySparkTypeError: [CANNOT_ACCEPT_OBJECT_IN_TYPE] `DoubleType()` can not accept object `0` in type `int`.
[2025-10-13T09:22:38.856+0000] {taskinstance.py:1935} ERROR - Task failed with exception
Traceback (most recent call last):
  File "/home/airflow/.local/lib/python3.8/site-packages/airflow/providers/apache/spark/operators/spark_submit.py", line 156, in execute
    self._hook.submit(self._application)
  File "/home/airflow/.local/lib/python3.8/site-packages/airflow/providers/apache/spark/hooks/spark_submit.py", line 422, in submit
    raise AirflowException(
airflow.exceptions.AirflowException: Cannot execute: /opt/bitnami/spark/bin/spark-submit --master spark://spark-master:7077 --conf spark.master=spark://spark-master:7077 --conf spark.sql.catalog.spark_catalog=org.apache.iceberg.spark.SparkSessionCatalog --conf spark.sql.catalog.spark_catalog.type=hive --conf spark.sql.catalog.iceberg=org.apache.iceberg.spark.SparkCatalog --conf spark.sql.catalog.iceberg.type=hadoop --conf spark.sql.catalog.iceberg.warehouse=s3a://lakehouse/warehouse --conf spark.sql.extensions=org.apache.iceberg.spark.extensions.IcebergSparkSessionExtensions --conf spark.hadoop.fs.s3a.endpoint=http://minio:9000 --conf spark.hadoop.fs.s3a.access.key=admin --conf spark.hadoop.fs.s3a.secret.key=****** --conf spark.hadoop.fs.s3a.path.style.access=true --conf spark.hadoop.fs.s3a.impl=org.apache.hadoop.fs.s3a.S3AFileSystem --jars /opt/***/jars/iceberg-spark-runtime-3.5_2.12-1.4.2.jar,/opt/***/jars/aws-java-sdk-bundle-1.12.367.jar,/opt/***/jars/hadoop-aws-3.3.4.jar --name arrow-spark --queue default /opt/***/dags/spark_jobs/weather_to_iceberg.py /opt/***/data/weather/weather_data_20251008_06.json. Error code is: 1.
[2025-10-13T09:22:38.859+0000] {taskinstance.py:1398} INFO - Marking task as FAILED. dag_id=nyc_weather_etl, task_id=spark_process_weather_to_iceberg, execution_date=20251013T080923, start_date=20251013T092231, end_date=20251013T092238
[2025-10-13T09:22:38.867+0000] {standard_task_runner.py:104} ERROR - Failed to execute job 562 for task spark_process_weather_to_iceberg (Cannot execute: /opt/bitnami/spark/bin/spark-submit --master spark://spark-master:7077 --conf spark.master=spark://spark-master:7077 --conf spark.sql.catalog.spark_catalog=org.apache.iceberg.spark.SparkSessionCatalog --conf spark.sql.catalog.spark_catalog.type=hive --conf spark.sql.catalog.iceberg=org.apache.iceberg.spark.SparkCatalog --conf spark.sql.catalog.iceberg.type=hadoop --conf spark.sql.catalog.iceberg.warehouse=s3a://lakehouse/warehouse --conf spark.sql.extensions=org.apache.iceberg.spark.extensions.IcebergSparkSessionExtensions --conf spark.hadoop.fs.s3a.endpoint=http://minio:9000 --conf spark.hadoop.fs.s3a.access.key=admin --conf spark.hadoop.fs.s3a.secret.key=****** --conf spark.hadoop.fs.s3a.path.style.access=true --conf spark.hadoop.fs.s3a.impl=org.apache.hadoop.fs.s3a.S3AFileSystem --jars /opt/***/jars/iceberg-spark-runtime-3.5_2.12-1.4.2.jar,/opt/***/jars/aws-java-sdk-bundle-1.12.367.jar,/opt/***/jars/hadoop-aws-3.3.4.jar --name arrow-spark --queue default /opt/***/dags/spark_jobs/weather_to_iceberg.py /opt/***/data/weather/weather_data_20251008_06.json. Error code is: 1.; 27776)
[2025-10-13T09:22:38.912+0000] {local_task_job_runner.py:228} INFO - Task exited with return code 1
[2025-10-13T09:22:38.922+0000] {taskinstance.py:2776} INFO - 0 downstream tasks scheduled from follow-on schedule check
