[2025-10-08T11:01:30.634+0000] {taskinstance.py:1157} INFO - Dependencies all met for dep_context=non-requeueable deps ti=<TaskInstance: nyc_weather_etl.spark_process_weather_to_iceberg manual__2025-10-08T11:01:27.760104+00:00 [queued]>
[2025-10-08T11:01:30.639+0000] {taskinstance.py:1157} INFO - Dependencies all met for dep_context=requeueable deps ti=<TaskInstance: nyc_weather_etl.spark_process_weather_to_iceberg manual__2025-10-08T11:01:27.760104+00:00 [queued]>
[2025-10-08T11:01:30.640+0000] {taskinstance.py:1359} INFO - Starting attempt 1 of 1
[2025-10-08T11:01:30.646+0000] {taskinstance.py:1380} INFO - Executing <Task(SparkSubmitOperator): spark_process_weather_to_iceberg> on 2025-10-08 11:01:27.760104+00:00
[2025-10-08T11:01:30.648+0000] {standard_task_runner.py:57} INFO - Started process 843 to run task
[2025-10-08T11:01:30.649+0000] {standard_task_runner.py:84} INFO - Running: ['***', 'tasks', 'run', 'nyc_weather_etl', 'spark_process_weather_to_iceberg', 'manual__2025-10-08T11:01:27.760104+00:00', '--job-id', '323', '--raw', '--subdir', 'DAGS_FOLDER/nyc_weather_etl.py', '--cfg-path', '/tmp/tmp3z_uwalz']
[2025-10-08T11:01:30.651+0000] {standard_task_runner.py:85} INFO - Job 323: Subtask spark_process_weather_to_iceberg
[2025-10-08T11:01:30.750+0000] {task_command.py:415} INFO - Running <TaskInstance: nyc_weather_etl.spark_process_weather_to_iceberg manual__2025-10-08T11:01:27.760104+00:00 [running]> on host b40be2a595bb
[2025-10-08T11:01:30.780+0000] {taskinstance.py:1660} INFO - Exporting env vars: AIRFLOW_CTX_DAG_OWNER='data-engineering' AIRFLOW_CTX_DAG_ID='nyc_weather_etl' AIRFLOW_CTX_TASK_ID='spark_process_weather_to_iceberg' AIRFLOW_CTX_EXECUTION_DATE='2025-10-08T11:01:27.760104+00:00' AIRFLOW_CTX_TRY_NUMBER='1' AIRFLOW_CTX_DAG_RUN_ID='manual__2025-10-08T11:01:27.760104+00:00'
[2025-10-08T11:01:30.784+0000] {base.py:73} INFO - Using connection ID 'spark_default' for task execution.
[2025-10-08T11:01:30.786+0000] {spark_submit.py:340} INFO - Spark-Submit cmd: /opt/bitnami/spark/bin/spark-submit --master spark://spark-master:7077 --conf spark.master=spark://spark-master:7077 --conf spark.sql.catalog.spark_catalog=org.apache.iceberg.spark.SparkSessionCatalog --conf spark.sql.catalog.spark_catalog.type=hive --conf spark.sql.catalog.iceberg=org.apache.iceberg.spark.SparkCatalog --conf spark.sql.catalog.iceberg.type=hadoop --conf spark.sql.catalog.iceberg.warehouse=s3a://lakehouse/warehouse --conf spark.sql.extensions=org.apache.iceberg.spark.extensions.IcebergSparkSessionExtensions --conf spark.hadoop.fs.s3a.endpoint=http://minio:9000 --conf spark.hadoop.fs.s3a.access.key=admin --conf spark.hadoop.fs.s3a.secret.key=****** --conf spark.hadoop.fs.s3a.path.style.access=true --conf spark.hadoop.fs.s3a.impl=org.apache.hadoop.fs.s3a.S3AFileSystem --jars /opt/***/jars/iceberg-spark-runtime-3.5_2.12-1.4.2.jar,/opt/***/jars/aws-java-sdk-bundle-1.12.262.jar,/opt/***/jars/hadoop-aws-3.3.4.jar --name arrow-spark --queue default /opt/***/dags/spark_jobs/weather_to_iceberg.py /opt/***/data/weather/weather_data_20251008_07.json
[2025-10-08T11:01:31.603+0000] {spark_submit.py:491} INFO - 25/10/08 11:01:31 WARN NativeCodeLoader: Unable to load native-hadoop library for your platform... using builtin-java classes where applicable
[2025-10-08T11:01:31.683+0000] {spark_submit.py:491} INFO - 25/10/08 11:01:31 WARN DependencyUtils: Local jar /opt/***/jars/aws-java-sdk-bundle-1.12.262.jar does not exist, skipping.
[2025-10-08T11:01:32.130+0000] {spark_submit.py:491} INFO - 25/10/08 11:01:32 INFO SparkContext: Running Spark version 3.5.1
[2025-10-08T11:01:32.132+0000] {spark_submit.py:491} INFO - 25/10/08 11:01:32 INFO SparkContext: OS info Linux, 6.10.14-linuxkit, aarch64
[2025-10-08T11:01:32.132+0000] {spark_submit.py:491} INFO - 25/10/08 11:01:32 INFO SparkContext: Java version 11.0.28
[2025-10-08T11:01:32.141+0000] {spark_submit.py:491} INFO - 25/10/08 11:01:32 INFO ResourceUtils: ==============================================================
[2025-10-08T11:01:32.141+0000] {spark_submit.py:491} INFO - 25/10/08 11:01:32 INFO ResourceUtils: No custom resources configured for spark.driver.
[2025-10-08T11:01:32.141+0000] {spark_submit.py:491} INFO - 25/10/08 11:01:32 INFO ResourceUtils: ==============================================================
[2025-10-08T11:01:32.142+0000] {spark_submit.py:491} INFO - 25/10/08 11:01:32 INFO SparkContext: Submitted application: Weather to Iceberg ETL
[2025-10-08T11:01:32.150+0000] {spark_submit.py:491} INFO - 25/10/08 11:01:32 INFO ResourceProfile: Default ResourceProfile created, executor resources: Map(cores -> name: cores, amount: 1, script: , vendor: , memory -> name: memory, amount: 1024, script: , vendor: , offHeap -> name: offHeap, amount: 0, script: , vendor: ), task resources: Map(cpus -> name: cpus, amount: 1.0)
[2025-10-08T11:01:32.154+0000] {spark_submit.py:491} INFO - 25/10/08 11:01:32 INFO ResourceProfile: Limiting resource is cpu
[2025-10-08T11:01:32.156+0000] {spark_submit.py:491} INFO - 25/10/08 11:01:32 INFO ResourceProfileManager: Added ResourceProfile id: 0
[2025-10-08T11:01:32.190+0000] {spark_submit.py:491} INFO - 25/10/08 11:01:32 INFO SecurityManager: Changing view acls to: ***
[2025-10-08T11:01:32.190+0000] {spark_submit.py:491} INFO - 25/10/08 11:01:32 INFO SecurityManager: Changing modify acls to: ***
[2025-10-08T11:01:32.191+0000] {spark_submit.py:491} INFO - 25/10/08 11:01:32 INFO SecurityManager: Changing view acls groups to:
[2025-10-08T11:01:32.192+0000] {spark_submit.py:491} INFO - 25/10/08 11:01:32 INFO SecurityManager: Changing modify acls groups to:
[2025-10-08T11:01:32.192+0000] {spark_submit.py:491} INFO - 25/10/08 11:01:32 INFO SecurityManager: SecurityManager: authentication disabled; ui acls disabled; users with view permissions: ***; groups with view permissions: EMPTY; users with modify permissions: ***; groups with modify permissions: EMPTY
[2025-10-08T11:01:32.278+0000] {spark_submit.py:491} INFO - 25/10/08 11:01:32 INFO Utils: Successfully started service 'sparkDriver' on port 39935.
[2025-10-08T11:01:32.289+0000] {spark_submit.py:491} INFO - 25/10/08 11:01:32 INFO SparkEnv: Registering MapOutputTracker
[2025-10-08T11:01:32.303+0000] {spark_submit.py:491} INFO - 25/10/08 11:01:32 INFO SparkEnv: Registering BlockManagerMaster
[2025-10-08T11:01:32.311+0000] {spark_submit.py:491} INFO - 25/10/08 11:01:32 INFO BlockManagerMasterEndpoint: Using org.apache.spark.storage.DefaultTopologyMapper for getting topology information
[2025-10-08T11:01:32.312+0000] {spark_submit.py:491} INFO - 25/10/08 11:01:32 INFO BlockManagerMasterEndpoint: BlockManagerMasterEndpoint up
[2025-10-08T11:01:32.313+0000] {spark_submit.py:491} INFO - 25/10/08 11:01:32 INFO SparkEnv: Registering BlockManagerMasterHeartbeat
[2025-10-08T11:01:32.321+0000] {spark_submit.py:491} INFO - 25/10/08 11:01:32 INFO DiskBlockManager: Created local directory at /tmp/blockmgr-ab8a5fcf-e11f-4769-984c-862381092ec7
[2025-10-08T11:01:32.325+0000] {spark_submit.py:491} INFO - 25/10/08 11:01:32 INFO MemoryStore: MemoryStore started with capacity 434.4 MiB
[2025-10-08T11:01:32.331+0000] {spark_submit.py:491} INFO - 25/10/08 11:01:32 INFO SparkEnv: Registering OutputCommitCoordinator
[2025-10-08T11:01:32.375+0000] {spark_submit.py:491} INFO - 25/10/08 11:01:32 INFO JettyUtils: Start Jetty 0.0.0.0:4040 for SparkUI
[2025-10-08T11:01:32.394+0000] {spark_submit.py:491} INFO - 25/10/08 11:01:32 INFO Utils: Successfully started service 'SparkUI' on port 4040.
[2025-10-08T11:01:32.408+0000] {spark_submit.py:491} INFO - 25/10/08 11:01:32 INFO SparkContext: Added JAR file:///opt/***/jars/iceberg-spark-runtime-3.5_2.12-1.4.2.jar at spark://b40be2a595bb:39935/jars/iceberg-spark-runtime-3.5_2.12-1.4.2.jar with timestamp 1759921292126
[2025-10-08T11:01:32.408+0000] {spark_submit.py:491} INFO - 25/10/08 11:01:32 ERROR SparkContext: Failed to add file:/opt/***/jars/aws-java-sdk-bundle-1.12.262.jar to Spark environment
[2025-10-08T11:01:32.411+0000] {spark_submit.py:491} INFO - java.io.FileNotFoundException: Jar /opt/***/jars/aws-java-sdk-bundle-1.12.262.jar not found
[2025-10-08T11:01:32.411+0000] {spark_submit.py:491} INFO - at org.apache.spark.SparkContext.addLocalJarFile$1(SparkContext.scala:2100)
[2025-10-08T11:01:32.412+0000] {spark_submit.py:491} INFO - at org.apache.spark.SparkContext.addJar(SparkContext.scala:2156)
[2025-10-08T11:01:32.412+0000] {spark_submit.py:491} INFO - at org.apache.spark.SparkContext.$anonfun$new$15(SparkContext.scala:526)
[2025-10-08T11:01:32.412+0000] {spark_submit.py:491} INFO - at org.apache.spark.SparkContext.$anonfun$new$15$adapted(SparkContext.scala:526)
[2025-10-08T11:01:32.413+0000] {spark_submit.py:491} INFO - at scala.collection.mutable.ResizableArray.foreach(ResizableArray.scala:62)
[2025-10-08T11:01:32.414+0000] {spark_submit.py:491} INFO - at scala.collection.mutable.ResizableArray.foreach$(ResizableArray.scala:55)
[2025-10-08T11:01:32.414+0000] {spark_submit.py:491} INFO - at scala.collection.mutable.ArrayBuffer.foreach(ArrayBuffer.scala:49)
[2025-10-08T11:01:32.414+0000] {spark_submit.py:491} INFO - at org.apache.spark.SparkContext.<init>(SparkContext.scala:526)
[2025-10-08T11:01:32.414+0000] {spark_submit.py:491} INFO - at org.apache.spark.api.java.JavaSparkContext.<init>(JavaSparkContext.scala:58)
[2025-10-08T11:01:32.414+0000] {spark_submit.py:491} INFO - at java.base/jdk.internal.reflect.NativeConstructorAccessorImpl.newInstance0(Native Method)
[2025-10-08T11:01:32.414+0000] {spark_submit.py:491} INFO - at java.base/jdk.internal.reflect.NativeConstructorAccessorImpl.newInstance(NativeConstructorAccessorImpl.java:62)
[2025-10-08T11:01:32.414+0000] {spark_submit.py:491} INFO - at java.base/jdk.internal.reflect.DelegatingConstructorAccessorImpl.newInstance(DelegatingConstructorAccessorImpl.java:45)
[2025-10-08T11:01:32.414+0000] {spark_submit.py:491} INFO - at java.base/java.lang.reflect.Constructor.newInstance(Constructor.java:490)
[2025-10-08T11:01:32.414+0000] {spark_submit.py:491} INFO - at py4j.reflection.MethodInvoker.invoke(MethodInvoker.java:247)
[2025-10-08T11:01:32.414+0000] {spark_submit.py:491} INFO - at py4j.reflection.ReflectionEngine.invoke(ReflectionEngine.java:374)
[2025-10-08T11:01:32.414+0000] {spark_submit.py:491} INFO - at py4j.Gateway.invoke(Gateway.java:238)
[2025-10-08T11:01:32.415+0000] {spark_submit.py:491} INFO - at py4j.commands.ConstructorCommand.invokeConstructor(ConstructorCommand.java:80)
[2025-10-08T11:01:32.415+0000] {spark_submit.py:491} INFO - at py4j.commands.ConstructorCommand.execute(ConstructorCommand.java:69)
[2025-10-08T11:01:32.415+0000] {spark_submit.py:491} INFO - at py4j.ClientServerConnection.waitForCommands(ClientServerConnection.java:182)
[2025-10-08T11:01:32.415+0000] {spark_submit.py:491} INFO - at py4j.ClientServerConnection.run(ClientServerConnection.java:106)
[2025-10-08T11:01:32.415+0000] {spark_submit.py:491} INFO - at java.base/java.lang.Thread.run(Thread.java:829)
[2025-10-08T11:01:32.415+0000] {spark_submit.py:491} INFO - 25/10/08 11:01:32 INFO SparkContext: Added JAR file:///opt/***/jars/hadoop-aws-3.3.4.jar at spark://b40be2a595bb:39935/jars/hadoop-aws-3.3.4.jar with timestamp 1759921292126
[2025-10-08T11:01:32.432+0000] {spark_submit.py:491} INFO - 25/10/08 11:01:32 INFO Executor: Starting executor ID driver on host b40be2a595bb
[2025-10-08T11:01:32.432+0000] {spark_submit.py:491} INFO - 25/10/08 11:01:32 INFO Executor: OS info Linux, 6.10.14-linuxkit, aarch64
[2025-10-08T11:01:32.433+0000] {spark_submit.py:491} INFO - 25/10/08 11:01:32 INFO Executor: Java version 11.0.28
[2025-10-08T11:01:32.434+0000] {spark_submit.py:491} INFO - 25/10/08 11:01:32 INFO Executor: Starting executor with user classpath (userClassPathFirst = false): ''
[2025-10-08T11:01:32.435+0000] {spark_submit.py:491} INFO - 25/10/08 11:01:32 INFO Executor: Created or updated repl class loader org.apache.spark.util.MutableURLClassLoader@b2dd9f for default.
[2025-10-08T11:01:32.438+0000] {spark_submit.py:491} INFO - 25/10/08 11:01:32 INFO Executor: Fetching spark://b40be2a595bb:39935/jars/hadoop-aws-3.3.4.jar with timestamp 1759921292126
[2025-10-08T11:01:32.459+0000] {spark_submit.py:491} INFO - 25/10/08 11:01:32 INFO TransportClientFactory: Successfully created connection to b40be2a595bb/172.18.0.15:39935 after 10 ms (0 ms spent in bootstraps)
[2025-10-08T11:01:32.462+0000] {spark_submit.py:491} INFO - 25/10/08 11:01:32 INFO Utils: Fetching spark://b40be2a595bb:39935/jars/hadoop-aws-3.3.4.jar to /tmp/spark-9a5a51fe-3101-429a-adc5-2744421c8b42/userFiles-b7c31217-9009-4b85-bebb-d63c8dc6a6a6/fetchFileTemp4623990462004405474.tmp
[2025-10-08T11:01:32.476+0000] {spark_submit.py:491} INFO - 25/10/08 11:01:32 INFO Executor: Adding file:/tmp/spark-9a5a51fe-3101-429a-adc5-2744421c8b42/userFiles-b7c31217-9009-4b85-bebb-d63c8dc6a6a6/hadoop-aws-3.3.4.jar to class loader default
[2025-10-08T11:01:32.476+0000] {spark_submit.py:491} INFO - 25/10/08 11:01:32 INFO Executor: Fetching spark://b40be2a595bb:39935/jars/iceberg-spark-runtime-3.5_2.12-1.4.2.jar with timestamp 1759921292126
[2025-10-08T11:01:32.477+0000] {spark_submit.py:491} INFO - 25/10/08 11:01:32 INFO Utils: Fetching spark://b40be2a595bb:39935/jars/iceberg-spark-runtime-3.5_2.12-1.4.2.jar to /tmp/spark-9a5a51fe-3101-429a-adc5-2744421c8b42/userFiles-b7c31217-9009-4b85-bebb-d63c8dc6a6a6/fetchFileTemp3969668153453135236.tmp
[2025-10-08T11:01:32.516+0000] {spark_submit.py:491} INFO - 25/10/08 11:01:32 INFO Executor: Adding file:/tmp/spark-9a5a51fe-3101-429a-adc5-2744421c8b42/userFiles-b7c31217-9009-4b85-bebb-d63c8dc6a6a6/iceberg-spark-runtime-3.5_2.12-1.4.2.jar to class loader default
[2025-10-08T11:01:32.522+0000] {spark_submit.py:491} INFO - 25/10/08 11:01:32 INFO Utils: Successfully started service 'org.apache.spark.network.netty.NettyBlockTransferService' on port 35895.
[2025-10-08T11:01:32.524+0000] {spark_submit.py:491} INFO - 25/10/08 11:01:32 INFO NettyBlockTransferService: Server created on b40be2a595bb:35895
[2025-10-08T11:01:32.525+0000] {spark_submit.py:491} INFO - 25/10/08 11:01:32 INFO BlockManager: Using org.apache.spark.storage.RandomBlockReplicationPolicy for block replication policy
[2025-10-08T11:01:32.525+0000] {spark_submit.py:491} INFO - 25/10/08 11:01:32 INFO BlockManagerMaster: Registering BlockManager BlockManagerId(driver, b40be2a595bb, 35895, None)
[2025-10-08T11:01:32.526+0000] {spark_submit.py:491} INFO - 25/10/08 11:01:32 INFO BlockManagerMasterEndpoint: Registering block manager b40be2a595bb:35895 with 434.4 MiB RAM, BlockManagerId(driver, b40be2a595bb, 35895, None)
[2025-10-08T11:01:32.528+0000] {spark_submit.py:491} INFO - 25/10/08 11:01:32 INFO BlockManagerMaster: Registered BlockManager BlockManagerId(driver, b40be2a595bb, 35895, None)
[2025-10-08T11:01:32.529+0000] {spark_submit.py:491} INFO - 25/10/08 11:01:32 INFO BlockManager: Initialized BlockManager: BlockManagerId(driver, b40be2a595bb, 35895, None)
[2025-10-08T11:01:33.799+0000] {spark_submit.py:491} INFO - Error creating weather table: An error occurred while calling o48.sql.
[2025-10-08T11:01:33.800+0000] {spark_submit.py:491} INFO - : java.lang.NoClassDefFoundError: com/amazonaws/auth/AWSCredentialsProvider
[2025-10-08T11:01:33.800+0000] {spark_submit.py:491} INFO - at java.base/java.lang.Class.forName0(Native Method)
[2025-10-08T11:01:33.800+0000] {spark_submit.py:491} INFO - at java.base/java.lang.Class.forName(Class.java:398)
[2025-10-08T11:01:33.800+0000] {spark_submit.py:491} INFO - at org.apache.hadoop.conf.Configuration.getClassByNameOrNull(Configuration.java:2625)
[2025-10-08T11:01:33.800+0000] {spark_submit.py:491} INFO - at org.apache.hadoop.conf.Configuration.getClassByName(Configuration.java:2590)
[2025-10-08T11:01:33.801+0000] {spark_submit.py:491} INFO - at org.apache.hadoop.conf.Configuration.getClass(Configuration.java:2686)
[2025-10-08T11:01:33.801+0000] {spark_submit.py:491} INFO - at org.apache.hadoop.fs.FileSystem.getFileSystemClass(FileSystem.java:3431)
[2025-10-08T11:01:33.801+0000] {spark_submit.py:491} INFO - at org.apache.hadoop.fs.FileSystem.createFileSystem(FileSystem.java:3466)
[2025-10-08T11:01:33.801+0000] {spark_submit.py:491} INFO - at org.apache.hadoop.fs.FileSystem.access$300(FileSystem.java:174)
[2025-10-08T11:01:33.801+0000] {spark_submit.py:491} INFO - at org.apache.hadoop.fs.FileSystem$Cache.getInternal(FileSystem.java:3574)
[2025-10-08T11:01:33.801+0000] {spark_submit.py:491} INFO - at org.apache.hadoop.fs.FileSystem$Cache.get(FileSystem.java:3521)
[2025-10-08T11:01:33.801+0000] {spark_submit.py:491} INFO - at org.apache.hadoop.fs.FileSystem.get(FileSystem.java:540)
[2025-10-08T11:01:33.801+0000] {spark_submit.py:491} INFO - at org.apache.hadoop.fs.Path.getFileSystem(Path.java:365)
[2025-10-08T11:01:33.801+0000] {spark_submit.py:491} INFO - at org.apache.iceberg.hadoop.Util.getFs(Util.java:56)
[2025-10-08T11:01:33.801+0000] {spark_submit.py:491} INFO - at org.apache.iceberg.hadoop.HadoopCatalog.initialize(HadoopCatalog.java:112)
[2025-10-08T11:01:33.802+0000] {spark_submit.py:491} INFO - at org.apache.iceberg.CatalogUtil.loadCatalog(CatalogUtil.java:239)
[2025-10-08T11:01:33.802+0000] {spark_submit.py:491} INFO - at org.apache.iceberg.CatalogUtil.buildIcebergCatalog(CatalogUtil.java:284)
[2025-10-08T11:01:33.802+0000] {spark_submit.py:491} INFO - at org.apache.iceberg.spark.SparkCatalog.buildIcebergCatalog(SparkCatalog.java:143)
[2025-10-08T11:01:33.802+0000] {spark_submit.py:491} INFO - at org.apache.iceberg.spark.SparkCatalog.initialize(SparkCatalog.java:555)
[2025-10-08T11:01:33.802+0000] {spark_submit.py:491} INFO - at org.apache.spark.sql.connector.catalog.Catalogs$.load(Catalogs.scala:65)
[2025-10-08T11:01:33.802+0000] {spark_submit.py:491} INFO - at org.apache.spark.sql.connector.catalog.CatalogManager.$anonfun$catalog$1(CatalogManager.scala:53)
[2025-10-08T11:01:33.802+0000] {spark_submit.py:491} INFO - at scala.collection.mutable.HashMap.getOrElseUpdate(HashMap.scala:86)
[2025-10-08T11:01:33.802+0000] {spark_submit.py:491} INFO - at org.apache.spark.sql.connector.catalog.CatalogManager.catalog(CatalogManager.scala:53)
[2025-10-08T11:01:33.802+0000] {spark_submit.py:491} INFO - at org.apache.spark.sql.connector.catalog.LookupCatalog$CatalogAndIdentifier$.unapply(LookupCatalog.scala:122)
[2025-10-08T11:01:33.802+0000] {spark_submit.py:491} INFO - at org.apache.spark.sql.catalyst.analysis.ResolveCatalogs$$anonfun$apply$1.applyOrElse(ResolveCatalogs.scala:36)
[2025-10-08T11:01:33.802+0000] {spark_submit.py:491} INFO - at org.apache.spark.sql.catalyst.analysis.ResolveCatalogs$$anonfun$apply$1.applyOrElse(ResolveCatalogs.scala:30)
[2025-10-08T11:01:33.803+0000] {spark_submit.py:491} INFO - at org.apache.spark.sql.catalyst.plans.logical.AnalysisHelper.$anonfun$resolveOperatorsDownWithPruning$2(AnalysisHelper.scala:170)
[2025-10-08T11:01:33.803+0000] {spark_submit.py:491} INFO - at org.apache.spark.sql.catalyst.trees.CurrentOrigin$.withOrigin(origin.scala:76)
[2025-10-08T11:01:33.803+0000] {spark_submit.py:491} INFO - at org.apache.spark.sql.catalyst.plans.logical.AnalysisHelper.$anonfun$resolveOperatorsDownWithPruning$1(AnalysisHelper.scala:170)
[2025-10-08T11:01:33.803+0000] {spark_submit.py:491} INFO - at org.apache.spark.sql.catalyst.plans.logical.AnalysisHelper$.allowInvokingTransformsInAnalyzer(AnalysisHelper.scala:323)
[2025-10-08T11:01:33.803+0000] {spark_submit.py:491} INFO - at org.apache.spark.sql.catalyst.plans.logical.AnalysisHelper.resolveOperatorsDownWithPruning(AnalysisHelper.scala:168)
[2025-10-08T11:01:33.803+0000] {spark_submit.py:491} INFO - at org.apache.spark.sql.catalyst.plans.logical.AnalysisHelper.resolveOperatorsDownWithPruning$(AnalysisHelper.scala:164)
[2025-10-08T11:01:33.803+0000] {spark_submit.py:491} INFO - at org.apache.spark.sql.catalyst.plans.logical.LogicalPlan.resolveOperatorsDownWithPruning(LogicalPlan.scala:32)
[2025-10-08T11:01:33.803+0000] {spark_submit.py:491} INFO - at org.apache.spark.sql.catalyst.plans.logical.AnalysisHelper.$anonfun$resolveOperatorsDownWithPruning$4(AnalysisHelper.scala:175)
[2025-10-08T11:01:33.803+0000] {spark_submit.py:491} INFO - at org.apache.spark.sql.catalyst.trees.UnaryLike.mapChildren(TreeNode.scala:1215)
[2025-10-08T11:01:33.803+0000] {spark_submit.py:491} INFO - at org.apache.spark.sql.catalyst.trees.UnaryLike.mapChildren$(TreeNode.scala:1214)
[2025-10-08T11:01:33.803+0000] {spark_submit.py:491} INFO - at org.apache.spark.sql.catalyst.plans.logical.CreateTable.mapChildren(v2Commands.scala:446)
[2025-10-08T11:01:33.803+0000] {spark_submit.py:491} INFO - at org.apache.spark.sql.catalyst.plans.logical.AnalysisHelper.$anonfun$resolveOperatorsDownWithPruning$1(AnalysisHelper.scala:175)
[2025-10-08T11:01:33.804+0000] {spark_submit.py:491} INFO - at org.apache.spark.sql.catalyst.plans.logical.AnalysisHelper$.allowInvokingTransformsInAnalyzer(AnalysisHelper.scala:323)
[2025-10-08T11:01:33.804+0000] {spark_submit.py:491} INFO - at org.apache.spark.sql.catalyst.plans.logical.AnalysisHelper.resolveOperatorsDownWithPruning(AnalysisHelper.scala:168)
[2025-10-08T11:01:33.804+0000] {spark_submit.py:491} INFO - at org.apache.spark.sql.catalyst.plans.logical.AnalysisHelper.resolveOperatorsDownWithPruning$(AnalysisHelper.scala:164)
[2025-10-08T11:01:33.804+0000] {spark_submit.py:491} INFO - at org.apache.spark.sql.catalyst.plans.logical.LogicalPlan.resolveOperatorsDownWithPruning(LogicalPlan.scala:32)
[2025-10-08T11:01:33.804+0000] {spark_submit.py:491} INFO - at org.apache.spark.sql.catalyst.plans.logical.AnalysisHelper.resolveOperatorsWithPruning(AnalysisHelper.scala:99)
[2025-10-08T11:01:33.804+0000] {spark_submit.py:491} INFO - at org.apache.spark.sql.catalyst.plans.logical.AnalysisHelper.resolveOperatorsWithPruning$(AnalysisHelper.scala:96)
[2025-10-08T11:01:33.804+0000] {spark_submit.py:491} INFO - at org.apache.spark.sql.catalyst.plans.logical.LogicalPlan.resolveOperatorsWithPruning(LogicalPlan.scala:32)
[2025-10-08T11:01:33.804+0000] {spark_submit.py:491} INFO - at org.apache.spark.sql.catalyst.plans.logical.AnalysisHelper.resolveOperators(AnalysisHelper.scala:76)
[2025-10-08T11:01:33.804+0000] {spark_submit.py:491} INFO - at org.apache.spark.sql.catalyst.plans.logical.AnalysisHelper.resolveOperators$(AnalysisHelper.scala:75)
[2025-10-08T11:01:33.804+0000] {spark_submit.py:491} INFO - at org.apache.spark.sql.catalyst.plans.logical.LogicalPlan.resolveOperators(LogicalPlan.scala:32)
[2025-10-08T11:01:33.804+0000] {spark_submit.py:491} INFO - at org.apache.spark.sql.catalyst.analysis.ResolveCatalogs.apply(ResolveCatalogs.scala:30)
[2025-10-08T11:01:33.804+0000] {spark_submit.py:491} INFO - at org.apache.spark.sql.catalyst.analysis.ResolveCatalogs.apply(ResolveCatalogs.scala:27)
[2025-10-08T11:01:33.805+0000] {spark_submit.py:491} INFO - at org.apache.spark.sql.catalyst.rules.RuleExecutor.$anonfun$execute$2(RuleExecutor.scala:222)
[2025-10-08T11:01:33.805+0000] {spark_submit.py:491} INFO - at scala.collection.LinearSeqOptimized.foldLeft(LinearSeqOptimized.scala:126)
[2025-10-08T11:01:33.805+0000] {spark_submit.py:491} INFO - at scala.collection.LinearSeqOptimized.foldLeft$(LinearSeqOptimized.scala:122)
[2025-10-08T11:01:33.805+0000] {spark_submit.py:491} INFO - at scala.collection.immutable.List.foldLeft(List.scala:91)
[2025-10-08T11:01:33.805+0000] {spark_submit.py:491} INFO - at org.apache.spark.sql.catalyst.rules.RuleExecutor.$anonfun$execute$1(RuleExecutor.scala:219)
[2025-10-08T11:01:33.805+0000] {spark_submit.py:491} INFO - at org.apache.spark.sql.catalyst.rules.RuleExecutor.$anonfun$execute$1$adapted(RuleExecutor.scala:211)
[2025-10-08T11:01:33.805+0000] {spark_submit.py:491} INFO - at scala.collection.immutable.List.foreach(List.scala:431)
[2025-10-08T11:01:33.805+0000] {spark_submit.py:491} INFO - at org.apache.spark.sql.catalyst.rules.RuleExecutor.execute(RuleExecutor.scala:211)
[2025-10-08T11:01:33.805+0000] {spark_submit.py:491} INFO - at org.apache.spark.sql.catalyst.analysis.Analyzer.org$apache$spark$sql$catalyst$analysis$Analyzer$$executeSameContext(Analyzer.scala:226)
[2025-10-08T11:01:33.805+0000] {spark_submit.py:491} INFO - at org.apache.spark.sql.catalyst.analysis.Analyzer.$anonfun$execute$1(Analyzer.scala:222)
[2025-10-08T11:01:33.805+0000] {spark_submit.py:491} INFO - at org.apache.spark.sql.catalyst.analysis.AnalysisContext$.withNewAnalysisContext(Analyzer.scala:173)
[2025-10-08T11:01:33.805+0000] {spark_submit.py:491} INFO - at org.apache.spark.sql.catalyst.analysis.Analyzer.execute(Analyzer.scala:222)
[2025-10-08T11:01:33.805+0000] {spark_submit.py:491} INFO - at org.apache.spark.sql.catalyst.analysis.Analyzer.execute(Analyzer.scala:188)
[2025-10-08T11:01:33.805+0000] {spark_submit.py:491} INFO - at org.apache.spark.sql.catalyst.rules.RuleExecutor.$anonfun$executeAndTrack$1(RuleExecutor.scala:182)
[2025-10-08T11:01:33.805+0000] {spark_submit.py:491} INFO - at org.apache.spark.sql.catalyst.QueryPlanningTracker$.withTracker(QueryPlanningTracker.scala:89)
[2025-10-08T11:01:33.805+0000] {spark_submit.py:491} INFO - at org.apache.spark.sql.catalyst.rules.RuleExecutor.executeAndTrack(RuleExecutor.scala:182)
[2025-10-08T11:01:33.805+0000] {spark_submit.py:491} INFO - at org.apache.spark.sql.catalyst.analysis.Analyzer.$anonfun$executeAndCheck$1(Analyzer.scala:209)
[2025-10-08T11:01:33.805+0000] {spark_submit.py:491} INFO - at org.apache.spark.sql.catalyst.plans.logical.AnalysisHelper$.markInAnalyzer(AnalysisHelper.scala:330)
[2025-10-08T11:01:33.805+0000] {spark_submit.py:491} INFO - at org.apache.spark.sql.catalyst.analysis.Analyzer.executeAndCheck(Analyzer.scala:208)
[2025-10-08T11:01:33.806+0000] {spark_submit.py:491} INFO - at org.apache.spark.sql.execution.QueryExecution.$anonfun$analyzed$1(QueryExecution.scala:77)
[2025-10-08T11:01:33.806+0000] {spark_submit.py:491} INFO - at org.apache.spark.sql.catalyst.QueryPlanningTracker.measurePhase(QueryPlanningTracker.scala:138)
[2025-10-08T11:01:33.806+0000] {spark_submit.py:491} INFO - at org.apache.spark.sql.execution.QueryExecution.$anonfun$executePhase$2(QueryExecution.scala:219)
[2025-10-08T11:01:33.806+0000] {spark_submit.py:491} INFO - at org.apache.spark.sql.execution.QueryExecution$.withInternalError(QueryExecution.scala:546)
[2025-10-08T11:01:33.806+0000] {spark_submit.py:491} INFO - at org.apache.spark.sql.execution.QueryExecution.$anonfun$executePhase$1(QueryExecution.scala:219)
[2025-10-08T11:01:33.806+0000] {spark_submit.py:491} INFO - at org.apache.spark.sql.SparkSession.withActive(SparkSession.scala:900)
[2025-10-08T11:01:33.806+0000] {spark_submit.py:491} INFO - at org.apache.spark.sql.execution.QueryExecution.executePhase(QueryExecution.scala:218)
[2025-10-08T11:01:33.806+0000] {spark_submit.py:491} INFO - at org.apache.spark.sql.execution.QueryExecution.analyzed$lzycompute(QueryExecution.scala:77)
[2025-10-08T11:01:33.806+0000] {spark_submit.py:491} INFO - at org.apache.spark.sql.execution.QueryExecution.analyzed(QueryExecution.scala:74)
[2025-10-08T11:01:33.806+0000] {spark_submit.py:491} INFO - at org.apache.spark.sql.execution.QueryExecution.assertAnalyzed(QueryExecution.scala:66)
[2025-10-08T11:01:33.806+0000] {spark_submit.py:491} INFO - at org.apache.spark.sql.Dataset$.$anonfun$ofRows$2(Dataset.scala:99)
[2025-10-08T11:01:33.806+0000] {spark_submit.py:491} INFO - at org.apache.spark.sql.SparkSession.withActive(SparkSession.scala:900)
[2025-10-08T11:01:33.806+0000] {spark_submit.py:491} INFO - at org.apache.spark.sql.Dataset$.ofRows(Dataset.scala:97)
[2025-10-08T11:01:33.806+0000] {spark_submit.py:491} INFO - at org.apache.spark.sql.SparkSession.$anonfun$sql$1(SparkSession.scala:638)
[2025-10-08T11:01:33.807+0000] {spark_submit.py:491} INFO - at org.apache.spark.sql.SparkSession.withActive(SparkSession.scala:900)
[2025-10-08T11:01:33.807+0000] {spark_submit.py:491} INFO - at org.apache.spark.sql.SparkSession.sql(SparkSession.scala:629)
[2025-10-08T11:01:33.807+0000] {spark_submit.py:491} INFO - at org.apache.spark.sql.SparkSession.sql(SparkSession.scala:659)
[2025-10-08T11:01:33.807+0000] {spark_submit.py:491} INFO - at java.base/jdk.internal.reflect.NativeMethodAccessorImpl.invoke0(Native Method)
[2025-10-08T11:01:33.807+0000] {spark_submit.py:491} INFO - at java.base/jdk.internal.reflect.NativeMethodAccessorImpl.invoke(NativeMethodAccessorImpl.java:62)
[2025-10-08T11:01:33.807+0000] {spark_submit.py:491} INFO - at java.base/jdk.internal.reflect.DelegatingMethodAccessorImpl.invoke(DelegatingMethodAccessorImpl.java:43)
[2025-10-08T11:01:33.807+0000] {spark_submit.py:491} INFO - at java.base/java.lang.reflect.Method.invoke(Method.java:566)
[2025-10-08T11:01:33.807+0000] {spark_submit.py:491} INFO - at py4j.reflection.MethodInvoker.invoke(MethodInvoker.java:244)
[2025-10-08T11:01:33.807+0000] {spark_submit.py:491} INFO - at py4j.reflection.ReflectionEngine.invoke(ReflectionEngine.java:374)
[2025-10-08T11:01:33.807+0000] {spark_submit.py:491} INFO - at py4j.Gateway.invoke(Gateway.java:282)
[2025-10-08T11:01:33.807+0000] {spark_submit.py:491} INFO - at py4j.commands.AbstractCommand.invokeMethod(AbstractCommand.java:132)
[2025-10-08T11:01:33.807+0000] {spark_submit.py:491} INFO - at py4j.commands.CallCommand.execute(CallCommand.java:79)
[2025-10-08T11:01:33.807+0000] {spark_submit.py:491} INFO - at py4j.ClientServerConnection.waitForCommands(ClientServerConnection.java:182)
[2025-10-08T11:01:33.807+0000] {spark_submit.py:491} INFO - at py4j.ClientServerConnection.run(ClientServerConnection.java:106)
[2025-10-08T11:01:33.807+0000] {spark_submit.py:491} INFO - at java.base/java.lang.Thread.run(Thread.java:829)
[2025-10-08T11:01:33.807+0000] {spark_submit.py:491} INFO - Caused by: java.lang.ClassNotFoundException: com.amazonaws.auth.AWSCredentialsProvider
[2025-10-08T11:01:33.807+0000] {spark_submit.py:491} INFO - at java.base/java.net.URLClassLoader.findClass(URLClassLoader.java:476)
[2025-10-08T11:01:33.807+0000] {spark_submit.py:491} INFO - at java.base/java.lang.ClassLoader.loadClass(ClassLoader.java:594)
[2025-10-08T11:01:33.807+0000] {spark_submit.py:491} INFO - at java.base/java.lang.ClassLoader.loadClass(ClassLoader.java:527)
[2025-10-08T11:01:33.808+0000] {spark_submit.py:491} INFO - ... 97 more
[2025-10-08T11:01:33.808+0000] {spark_submit.py:491} INFO - 
[2025-10-08T11:01:33.808+0000] {spark_submit.py:491} INFO - Reading weather data from: /opt/***/data/weather/weather_data_20251008_07.json
[2025-10-08T11:01:33.925+0000] {spark_submit.py:491} INFO - Error in weather ETL job: [CANNOT_MERGE_TYPE] Can not merge type `LongType` and `DoubleType`.
[2025-10-08T11:01:34.114+0000] {spark_submit.py:491} INFO - Traceback (most recent call last):
[2025-10-08T11:01:34.114+0000] {spark_submit.py:491} INFO - File "/opt/***/dags/spark_jobs/weather_to_iceberg.py", line 151, in <module>
[2025-10-08T11:01:34.114+0000] {spark_submit.py:491} INFO - main()
[2025-10-08T11:01:34.114+0000] {spark_submit.py:491} INFO - File "/opt/***/dags/spark_jobs/weather_to_iceberg.py", line 140, in main
[2025-10-08T11:01:34.114+0000] {spark_submit.py:491} INFO - process_weather_data(spark, input_path)
[2025-10-08T11:01:34.115+0000] {spark_submit.py:491} INFO - File "/opt/***/dags/spark_jobs/weather_to_iceberg.py", line 86, in process_weather_data
[2025-10-08T11:01:34.115+0000] {spark_submit.py:491} INFO - df = spark.createDataFrame(weather_data)
[2025-10-08T11:01:34.115+0000] {spark_submit.py:491} INFO - File "/opt/bitnami/spark/python/lib/pyspark.zip/pyspark/sql/session.py", line 1443, in createDataFrame
[2025-10-08T11:01:34.115+0000] {spark_submit.py:491} INFO - File "/opt/bitnami/spark/python/lib/pyspark.zip/pyspark/sql/session.py", line 1485, in _create_dataframe
[2025-10-08T11:01:34.115+0000] {spark_submit.py:491} INFO - File "/opt/bitnami/spark/python/lib/pyspark.zip/pyspark/sql/session.py", line 1093, in _createFromLocal
[2025-10-08T11:01:34.115+0000] {spark_submit.py:491} INFO - File "/opt/bitnami/spark/python/lib/pyspark.zip/pyspark/sql/session.py", line 955, in _inferSchemaFromList
[2025-10-08T11:01:34.115+0000] {spark_submit.py:491} INFO - File "/opt/bitnami/spark/python/lib/pyspark.zip/pyspark/sql/types.py", line 1787, in _merge_type
[2025-10-08T11:01:34.115+0000] {spark_submit.py:491} INFO - File "/opt/bitnami/spark/python/lib/pyspark.zip/pyspark/sql/types.py", line 1789, in <listcomp>
[2025-10-08T11:01:34.115+0000] {spark_submit.py:491} INFO - File "/opt/bitnami/spark/python/lib/pyspark.zip/pyspark/sql/types.py", line 1779, in _merge_type
[2025-10-08T11:01:34.115+0000] {spark_submit.py:491} INFO - pyspark.errors.exceptions.base.PySparkTypeError: [CANNOT_MERGE_TYPE] Can not merge type `LongType` and `DoubleType`.
[2025-10-08T11:01:34.170+0000] {taskinstance.py:1935} ERROR - Task failed with exception
Traceback (most recent call last):
  File "/home/airflow/.local/lib/python3.8/site-packages/airflow/providers/apache/spark/operators/spark_submit.py", line 156, in execute
    self._hook.submit(self._application)
  File "/home/airflow/.local/lib/python3.8/site-packages/airflow/providers/apache/spark/hooks/spark_submit.py", line 422, in submit
    raise AirflowException(
airflow.exceptions.AirflowException: Cannot execute: /opt/bitnami/spark/bin/spark-submit --master spark://spark-master:7077 --conf spark.master=spark://spark-master:7077 --conf spark.sql.catalog.spark_catalog=org.apache.iceberg.spark.SparkSessionCatalog --conf spark.sql.catalog.spark_catalog.type=hive --conf spark.sql.catalog.iceberg=org.apache.iceberg.spark.SparkCatalog --conf spark.sql.catalog.iceberg.type=hadoop --conf spark.sql.catalog.iceberg.warehouse=s3a://lakehouse/warehouse --conf spark.sql.extensions=org.apache.iceberg.spark.extensions.IcebergSparkSessionExtensions --conf spark.hadoop.fs.s3a.endpoint=http://minio:9000 --conf spark.hadoop.fs.s3a.access.key=admin --conf spark.hadoop.fs.s3a.secret.key=****** --conf spark.hadoop.fs.s3a.path.style.access=true --conf spark.hadoop.fs.s3a.impl=org.apache.hadoop.fs.s3a.S3AFileSystem --jars /opt/***/jars/iceberg-spark-runtime-3.5_2.12-1.4.2.jar,/opt/***/jars/aws-java-sdk-bundle-1.12.262.jar,/opt/***/jars/hadoop-aws-3.3.4.jar --name arrow-spark --queue default /opt/***/dags/spark_jobs/weather_to_iceberg.py /opt/***/data/weather/weather_data_20251008_07.json. Error code is: 1.
[2025-10-08T11:01:34.172+0000] {taskinstance.py:1398} INFO - Marking task as FAILED. dag_id=nyc_weather_etl, task_id=spark_process_weather_to_iceberg, execution_date=20251008T110127, start_date=20251008T110130, end_date=20251008T110134
[2025-10-08T11:01:34.177+0000] {standard_task_runner.py:104} ERROR - Failed to execute job 323 for task spark_process_weather_to_iceberg (Cannot execute: /opt/bitnami/spark/bin/spark-submit --master spark://spark-master:7077 --conf spark.master=spark://spark-master:7077 --conf spark.sql.catalog.spark_catalog=org.apache.iceberg.spark.SparkSessionCatalog --conf spark.sql.catalog.spark_catalog.type=hive --conf spark.sql.catalog.iceberg=org.apache.iceberg.spark.SparkCatalog --conf spark.sql.catalog.iceberg.type=hadoop --conf spark.sql.catalog.iceberg.warehouse=s3a://lakehouse/warehouse --conf spark.sql.extensions=org.apache.iceberg.spark.extensions.IcebergSparkSessionExtensions --conf spark.hadoop.fs.s3a.endpoint=http://minio:9000 --conf spark.hadoop.fs.s3a.access.key=admin --conf spark.hadoop.fs.s3a.secret.key=****** --conf spark.hadoop.fs.s3a.path.style.access=true --conf spark.hadoop.fs.s3a.impl=org.apache.hadoop.fs.s3a.S3AFileSystem --jars /opt/***/jars/iceberg-spark-runtime-3.5_2.12-1.4.2.jar,/opt/***/jars/aws-java-sdk-bundle-1.12.262.jar,/opt/***/jars/hadoop-aws-3.3.4.jar --name arrow-spark --queue default /opt/***/dags/spark_jobs/weather_to_iceberg.py /opt/***/data/weather/weather_data_20251008_07.json. Error code is: 1.; 843)
[2025-10-08T11:01:34.200+0000] {local_task_job_runner.py:228} INFO - Task exited with return code 1
[2025-10-08T11:01:34.270+0000] {taskinstance.py:2776} INFO - 0 downstream tasks scheduled from follow-on schedule check
