[2025-10-27T06:22:04.866+0000] {taskinstance.py:1157} INFO - Dependencies all met for dep_context=non-requeueable deps ti=<TaskInstance: nyc_weather_etl.spark_process_location_to_iceberg scheduled__2025-10-27T05:22:01.412179+00:00 [queued]>
[2025-10-27T06:22:04.870+0000] {taskinstance.py:1157} INFO - Dependencies all met for dep_context=requeueable deps ti=<TaskInstance: nyc_weather_etl.spark_process_location_to_iceberg scheduled__2025-10-27T05:22:01.412179+00:00 [queued]>
[2025-10-27T06:22:04.870+0000] {taskinstance.py:1359} INFO - Starting attempt 1 of 1
[2025-10-27T06:22:04.875+0000] {taskinstance.py:1380} INFO - Executing <Task(SparkSubmitOperator): spark_process_location_to_iceberg> on 2025-10-27 05:22:01.412179+00:00
[2025-10-27T06:22:04.877+0000] {standard_task_runner.py:57} INFO - Started process 16636 to run task
[2025-10-27T06:22:04.879+0000] {standard_task_runner.py:84} INFO - Running: ['***', 'tasks', 'run', 'nyc_weather_etl', 'spark_process_location_to_iceberg', 'scheduled__2025-10-27T05:22:01.412179+00:00', '--job-id', '700', '--raw', '--subdir', 'DAGS_FOLDER/nyc_weather_etl.py', '--cfg-path', '/tmp/tmptmlynpf5']
[2025-10-27T06:22:04.880+0000] {standard_task_runner.py:85} INFO - Job 700: Subtask spark_process_location_to_iceberg
[2025-10-27T06:22:04.900+0000] {task_command.py:415} INFO - Running <TaskInstance: nyc_weather_etl.spark_process_location_to_iceberg scheduled__2025-10-27T05:22:01.412179+00:00 [running]> on host b40be2a595bb
[2025-10-27T06:22:05.016+0000] {taskinstance.py:1660} INFO - Exporting env vars: AIRFLOW_CTX_DAG_OWNER='data-engineering' AIRFLOW_CTX_DAG_ID='nyc_weather_etl' AIRFLOW_CTX_TASK_ID='spark_process_location_to_iceberg' AIRFLOW_CTX_EXECUTION_DATE='2025-10-27T05:22:01.412179+00:00' AIRFLOW_CTX_TRY_NUMBER='1' AIRFLOW_CTX_DAG_RUN_ID='scheduled__2025-10-27T05:22:01.412179+00:00'
[2025-10-27T06:22:05.020+0000] {base.py:73} INFO - Using connection ID 'spark_default' for task execution.
[2025-10-27T06:22:05.021+0000] {spark_submit.py:340} INFO - Spark-Submit cmd: /opt/bitnami/spark/bin/spark-submit --master spark://spark-master:7077 --conf spark.master=spark://spark-master:7077 --conf spark.sql.catalog.spark_catalog=org.apache.iceberg.spark.SparkSessionCatalog --conf spark.sql.catalog.spark_catalog.type=hive --conf spark.sql.catalog.iceberg=org.apache.iceberg.spark.SparkCatalog --conf spark.sql.catalog.iceberg.type=hadoop --conf spark.sql.catalog.iceberg.warehouse=s3a://lakehouse/warehouse --conf spark.sql.extensions=org.apache.iceberg.spark.extensions.IcebergSparkSessionExtensions --conf spark.hadoop.fs.s3a.endpoint=http://minio:9000 --conf spark.hadoop.fs.s3a.access.key=admin --conf spark.hadoop.fs.s3a.secret.key=****** --conf spark.hadoop.fs.s3a.path.style.access=true --conf spark.hadoop.fs.s3a.impl=org.apache.hadoop.fs.s3a.S3AFileSystem --jars /opt/***/jars/iceberg-spark-runtime-3.5_2.12-1.4.2.jar,/opt/***/jars/aws-java-sdk-bundle-1.12.367.jar,/opt/***/jars/hadoop-aws-3.3.4.jar --name arrow-spark --queue default /opt/***/dags/spark_jobs/location_to_iceberg.py /opt/***/data/locations/nyc_taxi_zones.json
[2025-10-27T06:22:05.784+0000] {spark_submit.py:491} INFO - 25/10/27 06:22:05 WARN NativeCodeLoader: Unable to load native-hadoop library for your platform... using builtin-java classes where applicable
[2025-10-27T06:22:06.358+0000] {spark_submit.py:491} INFO - 25/10/27 06:22:06 INFO SparkContext: Running Spark version 3.5.1
[2025-10-27T06:22:06.358+0000] {spark_submit.py:491} INFO - 25/10/27 06:22:06 INFO SparkContext: OS info Linux, 6.10.14-linuxkit, aarch64
[2025-10-27T06:22:06.358+0000] {spark_submit.py:491} INFO - 25/10/27 06:22:06 INFO SparkContext: Java version 11.0.28
[2025-10-27T06:22:06.371+0000] {spark_submit.py:491} INFO - 25/10/27 06:22:06 INFO ResourceUtils: ==============================================================
[2025-10-27T06:22:06.371+0000] {spark_submit.py:491} INFO - 25/10/27 06:22:06 INFO ResourceUtils: No custom resources configured for spark.driver.
[2025-10-27T06:22:06.371+0000] {spark_submit.py:491} INFO - 25/10/27 06:22:06 INFO ResourceUtils: ==============================================================
[2025-10-27T06:22:06.371+0000] {spark_submit.py:491} INFO - 25/10/27 06:22:06 INFO SparkContext: Submitted application: Location to Iceberg ETL
[2025-10-27T06:22:06.386+0000] {spark_submit.py:491} INFO - 25/10/27 06:22:06 INFO ResourceProfile: Default ResourceProfile created, executor resources: Map(cores -> name: cores, amount: 1, script: , vendor: , memory -> name: memory, amount: 1024, script: , vendor: , offHeap -> name: offHeap, amount: 0, script: , vendor: ), task resources: Map(cpus -> name: cpus, amount: 1.0)
[2025-10-27T06:22:06.391+0000] {spark_submit.py:491} INFO - 25/10/27 06:22:06 INFO ResourceProfile: Limiting resource is cpu
[2025-10-27T06:22:06.392+0000] {spark_submit.py:491} INFO - 25/10/27 06:22:06 INFO ResourceProfileManager: Added ResourceProfile id: 0
[2025-10-27T06:22:06.420+0000] {spark_submit.py:491} INFO - 25/10/27 06:22:06 INFO SecurityManager: Changing view acls to: ***
[2025-10-27T06:22:06.420+0000] {spark_submit.py:491} INFO - 25/10/27 06:22:06 INFO SecurityManager: Changing modify acls to: ***
[2025-10-27T06:22:06.420+0000] {spark_submit.py:491} INFO - 25/10/27 06:22:06 INFO SecurityManager: Changing view acls groups to:
[2025-10-27T06:22:06.420+0000] {spark_submit.py:491} INFO - 25/10/27 06:22:06 INFO SecurityManager: Changing modify acls groups to:
[2025-10-27T06:22:06.420+0000] {spark_submit.py:491} INFO - 25/10/27 06:22:06 INFO SecurityManager: SecurityManager: authentication disabled; ui acls disabled; users with view permissions: ***; groups with view permissions: EMPTY; users with modify permissions: ***; groups with modify permissions: EMPTY
[2025-10-27T06:22:06.517+0000] {spark_submit.py:491} INFO - 25/10/27 06:22:06 INFO Utils: Successfully started service 'sparkDriver' on port 37483.
[2025-10-27T06:22:06.531+0000] {spark_submit.py:491} INFO - 25/10/27 06:22:06 INFO SparkEnv: Registering MapOutputTracker
[2025-10-27T06:22:06.544+0000] {spark_submit.py:491} INFO - 25/10/27 06:22:06 INFO SparkEnv: Registering BlockManagerMaster
[2025-10-27T06:22:06.555+0000] {spark_submit.py:491} INFO - 25/10/27 06:22:06 INFO BlockManagerMasterEndpoint: Using org.apache.spark.storage.DefaultTopologyMapper for getting topology information
[2025-10-27T06:22:06.555+0000] {spark_submit.py:491} INFO - 25/10/27 06:22:06 INFO BlockManagerMasterEndpoint: BlockManagerMasterEndpoint up
[2025-10-27T06:22:06.557+0000] {spark_submit.py:491} INFO - 25/10/27 06:22:06 INFO SparkEnv: Registering BlockManagerMasterHeartbeat
[2025-10-27T06:22:06.566+0000] {spark_submit.py:491} INFO - 25/10/27 06:22:06 INFO DiskBlockManager: Created local directory at /tmp/blockmgr-3326f477-2400-454f-b37c-2c30d108dffa
[2025-10-27T06:22:06.571+0000] {spark_submit.py:491} INFO - 25/10/27 06:22:06 INFO MemoryStore: MemoryStore started with capacity 434.4 MiB
[2025-10-27T06:22:06.577+0000] {spark_submit.py:491} INFO - 25/10/27 06:22:06 INFO SparkEnv: Registering OutputCommitCoordinator
[2025-10-27T06:22:06.628+0000] {spark_submit.py:491} INFO - 25/10/27 06:22:06 INFO JettyUtils: Start Jetty 0.0.0.0:4040 for SparkUI
[2025-10-27T06:22:06.652+0000] {spark_submit.py:491} INFO - 25/10/27 06:22:06 INFO Utils: Successfully started service 'SparkUI' on port 4040.
[2025-10-27T06:22:06.666+0000] {spark_submit.py:491} INFO - 25/10/27 06:22:06 INFO SparkContext: Added JAR file:///opt/***/jars/iceberg-spark-runtime-3.5_2.12-1.4.2.jar at spark://b40be2a595bb:37483/jars/iceberg-spark-runtime-3.5_2.12-1.4.2.jar with timestamp 1761546126352
[2025-10-27T06:22:06.667+0000] {spark_submit.py:491} INFO - 25/10/27 06:22:06 INFO SparkContext: Added JAR file:///opt/***/jars/aws-java-sdk-bundle-1.12.367.jar at spark://b40be2a595bb:37483/jars/aws-java-sdk-bundle-1.12.367.jar with timestamp 1761546126352
[2025-10-27T06:22:06.667+0000] {spark_submit.py:491} INFO - 25/10/27 06:22:06 INFO SparkContext: Added JAR file:///opt/***/jars/hadoop-aws-3.3.4.jar at spark://b40be2a595bb:37483/jars/hadoop-aws-3.3.4.jar with timestamp 1761546126352
[2025-10-27T06:22:06.693+0000] {spark_submit.py:491} INFO - 25/10/27 06:22:06 INFO Executor: Starting executor ID driver on host b40be2a595bb
[2025-10-27T06:22:06.693+0000] {spark_submit.py:491} INFO - 25/10/27 06:22:06 INFO Executor: OS info Linux, 6.10.14-linuxkit, aarch64
[2025-10-27T06:22:06.693+0000] {spark_submit.py:491} INFO - 25/10/27 06:22:06 INFO Executor: Java version 11.0.28
[2025-10-27T06:22:06.695+0000] {spark_submit.py:491} INFO - 25/10/27 06:22:06 INFO Executor: Starting executor with user classpath (userClassPathFirst = false): ''
[2025-10-27T06:22:06.695+0000] {spark_submit.py:491} INFO - 25/10/27 06:22:06 INFO Executor: Created or updated repl class loader org.apache.spark.util.MutableURLClassLoader@385e65c0 for default.
[2025-10-27T06:22:06.700+0000] {spark_submit.py:491} INFO - 25/10/27 06:22:06 INFO Executor: Fetching spark://b40be2a595bb:37483/jars/aws-java-sdk-bundle-1.12.367.jar with timestamp 1761546126352
[2025-10-27T06:22:06.724+0000] {spark_submit.py:491} INFO - 25/10/27 06:22:06 INFO TransportClientFactory: Successfully created connection to b40be2a595bb/172.18.0.5:37483 after 12 ms (0 ms spent in bootstraps)
[2025-10-27T06:22:06.727+0000] {spark_submit.py:491} INFO - 25/10/27 06:22:06 INFO Utils: Fetching spark://b40be2a595bb:37483/jars/aws-java-sdk-bundle-1.12.367.jar to /tmp/spark-5cadaf93-a068-4347-9f03-c760c3c63d5b/userFiles-74c3c1fd-a9a9-4c29-b895-fde61f26db51/fetchFileTemp9800385324252267035.tmp
[2025-10-27T06:22:07.305+0000] {spark_submit.py:491} INFO - 25/10/27 06:22:07 INFO Executor: Adding file:/tmp/spark-5cadaf93-a068-4347-9f03-c760c3c63d5b/userFiles-74c3c1fd-a9a9-4c29-b895-fde61f26db51/aws-java-sdk-bundle-1.12.367.jar to class loader default
[2025-10-27T06:22:07.306+0000] {spark_submit.py:491} INFO - 25/10/27 06:22:07 INFO Executor: Fetching spark://b40be2a595bb:37483/jars/iceberg-spark-runtime-3.5_2.12-1.4.2.jar with timestamp 1761546126352
[2025-10-27T06:22:07.306+0000] {spark_submit.py:491} INFO - 25/10/27 06:22:07 INFO Utils: Fetching spark://b40be2a595bb:37483/jars/iceberg-spark-runtime-3.5_2.12-1.4.2.jar to /tmp/spark-5cadaf93-a068-4347-9f03-c760c3c63d5b/userFiles-74c3c1fd-a9a9-4c29-b895-fde61f26db51/fetchFileTemp8528200274594892438.tmp
[2025-10-27T06:22:07.417+0000] {spark_submit.py:491} INFO - 25/10/27 06:22:07 INFO Executor: Adding file:/tmp/spark-5cadaf93-a068-4347-9f03-c760c3c63d5b/userFiles-74c3c1fd-a9a9-4c29-b895-fde61f26db51/iceberg-spark-runtime-3.5_2.12-1.4.2.jar to class loader default
[2025-10-27T06:22:07.417+0000] {spark_submit.py:491} INFO - 25/10/27 06:22:07 INFO Executor: Fetching spark://b40be2a595bb:37483/jars/hadoop-aws-3.3.4.jar with timestamp 1761546126352
[2025-10-27T06:22:07.417+0000] {spark_submit.py:491} INFO - 25/10/27 06:22:07 INFO Utils: Fetching spark://b40be2a595bb:37483/jars/hadoop-aws-3.3.4.jar to /tmp/spark-5cadaf93-a068-4347-9f03-c760c3c63d5b/userFiles-74c3c1fd-a9a9-4c29-b895-fde61f26db51/fetchFileTemp7566734179800850917.tmp
[2025-10-27T06:22:07.421+0000] {spark_submit.py:491} INFO - 25/10/27 06:22:07 INFO Executor: Adding file:/tmp/spark-5cadaf93-a068-4347-9f03-c760c3c63d5b/userFiles-74c3c1fd-a9a9-4c29-b895-fde61f26db51/hadoop-aws-3.3.4.jar to class loader default
[2025-10-27T06:22:07.428+0000] {spark_submit.py:491} INFO - 25/10/27 06:22:07 INFO Utils: Successfully started service 'org.apache.spark.network.netty.NettyBlockTransferService' on port 46485.
[2025-10-27T06:22:07.428+0000] {spark_submit.py:491} INFO - 25/10/27 06:22:07 INFO NettyBlockTransferService: Server created on b40be2a595bb:46485
[2025-10-27T06:22:07.430+0000] {spark_submit.py:491} INFO - 25/10/27 06:22:07 INFO BlockManager: Using org.apache.spark.storage.RandomBlockReplicationPolicy for block replication policy
[2025-10-27T06:22:07.436+0000] {spark_submit.py:491} INFO - 25/10/27 06:22:07 INFO BlockManagerMaster: Registering BlockManager BlockManagerId(driver, b40be2a595bb, 46485, None)
[2025-10-27T06:22:07.438+0000] {spark_submit.py:491} INFO - 25/10/27 06:22:07 INFO BlockManagerMasterEndpoint: Registering block manager b40be2a595bb:46485 with 434.4 MiB RAM, BlockManagerId(driver, b40be2a595bb, 46485, None)
[2025-10-27T06:22:07.439+0000] {spark_submit.py:491} INFO - 25/10/27 06:22:07 INFO BlockManagerMaster: Registered BlockManager BlockManagerId(driver, b40be2a595bb, 46485, None)
[2025-10-27T06:22:07.440+0000] {spark_submit.py:491} INFO - 25/10/27 06:22:07 INFO BlockManager: Initialized BlockManager: BlockManagerId(driver, b40be2a595bb, 46485, None)
[2025-10-27T06:22:08.695+0000] {spark_submit.py:491} INFO - 25/10/27 06:22:08 WARN MetricsConfig: Cannot locate configuration: tried hadoop-metrics2-s3a-file-system.properties,hadoop-metrics2.properties
[2025-10-27T06:22:09.379+0000] {spark_submit.py:491} INFO - Created/verified taxi zones table
[2025-10-27T06:22:09.379+0000] {spark_submit.py:491} INFO - Reading location data from: /opt/***/data/locations/nyc_taxi_zones.json
[2025-10-27T06:22:10.528+0000] {spark_submit.py:491} INFO - Raw location data count: 16
[2025-10-27T06:22:10.529+0000] {spark_submit.py:491} INFO - root
[2025-10-27T06:22:10.529+0000] {spark_submit.py:491} INFO - |-- borough: string (nullable = true)
[2025-10-27T06:22:10.529+0000] {spark_submit.py:491} INFO - |-- created_at: string (nullable = true)
[2025-10-27T06:22:10.530+0000] {spark_submit.py:491} INFO - |-- is_business_district: boolean (nullable = true)
[2025-10-27T06:22:10.530+0000] {spark_submit.py:491} INFO - |-- is_tourist_area: boolean (nullable = true)
[2025-10-27T06:22:10.530+0000] {spark_submit.py:491} INFO - |-- lat: double (nullable = true)
[2025-10-27T06:22:10.530+0000] {spark_submit.py:491} INFO - |-- location_id: long (nullable = true)
[2025-10-27T06:22:10.530+0000] {spark_submit.py:491} INFO - |-- lon: double (nullable = true)
[2025-10-27T06:22:10.530+0000] {spark_submit.py:491} INFO - |-- zone: string (nullable = true)
[2025-10-27T06:22:10.530+0000] {spark_submit.py:491} INFO - |-- zone_type: string (nullable = true)
[2025-10-27T06:22:10.530+0000] {spark_submit.py:491} INFO - 
[2025-10-27T06:22:10.705+0000] {spark_submit.py:491} INFO - Processed location data count: 16
[2025-10-27T06:22:11.949+0000] {spark_submit.py:491} INFO - Successfully wrote location data to Iceberg table
[2025-10-27T06:22:13.014+0000] {spark_submit.py:491} INFO - +---------+----------+-------------+--------------+
[2025-10-27T06:22:13.015+0000] {spark_submit.py:491} INFO - |  borough|zone_count|tourist_zones|business_zones|
[2025-10-27T06:22:13.015+0000] {spark_submit.py:491} INFO - +---------+----------+-------------+--------------+
[2025-10-27T06:22:13.015+0000] {spark_submit.py:491} INFO - |Manhattan|        13|            4|             3|
[2025-10-27T06:22:13.015+0000] {spark_submit.py:491} INFO - |   Queens|         2|            0|             0|
[2025-10-27T06:22:13.016+0000] {spark_submit.py:491} INFO - | Brooklyn|         1|            0|             0|
[2025-10-27T06:22:13.016+0000] {spark_submit.py:491} INFO - +---------+----------+-------------+--------------+
[2025-10-27T06:22:13.016+0000] {spark_submit.py:491} INFO - 
[2025-10-27T06:22:13.016+0000] {spark_submit.py:491} INFO - Location ETL job completed successfully!
[2025-10-27T06:22:13.923+0000] {taskinstance.py:1398} INFO - Marking task as SUCCESS. dag_id=nyc_weather_etl, task_id=spark_process_location_to_iceberg, execution_date=20251027T052201, start_date=20251027T062204, end_date=20251027T062213
[2025-10-27T06:22:13.944+0000] {local_task_job_runner.py:228} INFO - Task exited with return code 0
[2025-10-27T06:22:13.952+0000] {taskinstance.py:2776} INFO - 0 downstream tasks scheduled from follow-on schedule check
