[2025-10-29T10:20:14.243+0000] {taskinstance.py:1157} INFO - Dependencies all met for dep_context=non-requeueable deps ti=<TaskInstance: nyc_weather_etl.spark_process_weather_to_iceberg scheduled__2025-10-29T09:20:10.843578+00:00 [queued]>
[2025-10-29T10:20:14.247+0000] {taskinstance.py:1157} INFO - Dependencies all met for dep_context=requeueable deps ti=<TaskInstance: nyc_weather_etl.spark_process_weather_to_iceberg scheduled__2025-10-29T09:20:10.843578+00:00 [queued]>
[2025-10-29T10:20:14.247+0000] {taskinstance.py:1359} INFO - Starting attempt 1 of 1
[2025-10-29T10:20:14.312+0000] {taskinstance.py:1380} INFO - Executing <Task(SparkSubmitOperator): spark_process_weather_to_iceberg> on 2025-10-29 09:20:10.843578+00:00
[2025-10-29T10:20:14.315+0000] {standard_task_runner.py:57} INFO - Started process 26548 to run task
[2025-10-29T10:20:14.316+0000] {standard_task_runner.py:84} INFO - Running: ['***', 'tasks', 'run', 'nyc_weather_etl', 'spark_process_weather_to_iceberg', 'scheduled__2025-10-29T09:20:10.843578+00:00', '--job-id', '49', '--raw', '--subdir', 'DAGS_FOLDER/nyc_weather_etl.py', '--cfg-path', '/tmp/tmpn2_m4901']
[2025-10-29T10:20:14.318+0000] {standard_task_runner.py:85} INFO - Job 49: Subtask spark_process_weather_to_iceberg
[2025-10-29T10:20:14.339+0000] {task_command.py:415} INFO - Running <TaskInstance: nyc_weather_etl.spark_process_weather_to_iceberg scheduled__2025-10-29T09:20:10.843578+00:00 [running]> on host 11a5c523951d
[2025-10-29T10:20:14.376+0000] {taskinstance.py:1660} INFO - Exporting env vars: AIRFLOW_CTX_DAG_OWNER='data-engineering' AIRFLOW_CTX_DAG_ID='nyc_weather_etl' AIRFLOW_CTX_TASK_ID='spark_process_weather_to_iceberg' AIRFLOW_CTX_EXECUTION_DATE='2025-10-29T09:20:10.843578+00:00' AIRFLOW_CTX_TRY_NUMBER='1' AIRFLOW_CTX_DAG_RUN_ID='scheduled__2025-10-29T09:20:10.843578+00:00'
[2025-10-29T10:20:14.378+0000] {base.py:73} INFO - Using connection ID 'spark_default' for task execution.
[2025-10-29T10:20:14.379+0000] {spark_submit.py:340} INFO - Spark-Submit cmd: /opt/bitnami/spark/bin/spark-submit --master spark-master:7077 --conf spark.master=spark://spark-master:7077 --conf spark.sql.catalog.spark_catalog=org.apache.iceberg.spark.SparkSessionCatalog --conf spark.sql.catalog.spark_catalog.type=hive --conf spark.sql.catalog.iceberg=org.apache.iceberg.spark.SparkCatalog --conf spark.sql.catalog.iceberg.type=hadoop --conf spark.sql.catalog.iceberg.warehouse=s3a://lakehouse/warehouse --conf spark.sql.extensions=org.apache.iceberg.spark.extensions.IcebergSparkSessionExtensions --conf spark.hadoop.fs.s3a.endpoint=http://minio:9000 --conf spark.hadoop.fs.s3a.access.key=admin --conf spark.hadoop.fs.s3a.secret.key=****** --conf spark.hadoop.fs.s3a.path.style.access=true --conf spark.hadoop.fs.s3a.impl=org.apache.hadoop.fs.s3a.S3AFileSystem --jars /opt/***/jars/iceberg-spark-runtime-3.5_2.12-1.4.2.jar,/opt/***/jars/aws-java-sdk-bundle-1.12.367.jar,/opt/***/jars/hadoop-aws-3.3.4.jar --name arrow-spark /opt/***/dags/spark_jobs/weather_to_iceberg.py /opt/***/data/weather/weather_data_20251029_10.json
[2025-10-29T10:20:15.196+0000] {spark_submit.py:491} INFO - 25/10/29 10:20:15 WARN NativeCodeLoader: Unable to load native-hadoop library for your platform... using builtin-java classes where applicable
[2025-10-29T10:20:15.884+0000] {spark_submit.py:491} INFO - 25/10/29 10:20:15 INFO SparkContext: Running Spark version 3.5.1
[2025-10-29T10:20:15.884+0000] {spark_submit.py:491} INFO - 25/10/29 10:20:15 INFO SparkContext: OS info Linux, 6.10.14-linuxkit, aarch64
[2025-10-29T10:20:15.884+0000] {spark_submit.py:491} INFO - 25/10/29 10:20:15 INFO SparkContext: Java version 11.0.28
[2025-10-29T10:20:15.898+0000] {spark_submit.py:491} INFO - 25/10/29 10:20:15 INFO ResourceUtils: ==============================================================
[2025-10-29T10:20:15.899+0000] {spark_submit.py:491} INFO - 25/10/29 10:20:15 INFO ResourceUtils: No custom resources configured for spark.driver.
[2025-10-29T10:20:15.899+0000] {spark_submit.py:491} INFO - 25/10/29 10:20:15 INFO ResourceUtils: ==============================================================
[2025-10-29T10:20:15.899+0000] {spark_submit.py:491} INFO - 25/10/29 10:20:15 INFO SparkContext: Submitted application: Weather to Iceberg ETL
[2025-10-29T10:20:15.908+0000] {spark_submit.py:491} INFO - 25/10/29 10:20:15 INFO ResourceProfile: Default ResourceProfile created, executor resources: Map(cores -> name: cores, amount: 1, script: , vendor: , memory -> name: memory, amount: 1024, script: , vendor: , offHeap -> name: offHeap, amount: 0, script: , vendor: ), task resources: Map(cpus -> name: cpus, amount: 1.0)
[2025-10-29T10:20:15.912+0000] {spark_submit.py:491} INFO - 25/10/29 10:20:15 INFO ResourceProfile: Limiting resource is cpu
[2025-10-29T10:20:15.912+0000] {spark_submit.py:491} INFO - 25/10/29 10:20:15 INFO ResourceProfileManager: Added ResourceProfile id: 0
[2025-10-29T10:20:15.951+0000] {spark_submit.py:491} INFO - 25/10/29 10:20:15 INFO SecurityManager: Changing view acls to: ***
[2025-10-29T10:20:15.951+0000] {spark_submit.py:491} INFO - 25/10/29 10:20:15 INFO SecurityManager: Changing modify acls to: ***
[2025-10-29T10:20:15.951+0000] {spark_submit.py:491} INFO - 25/10/29 10:20:15 INFO SecurityManager: Changing view acls groups to:
[2025-10-29T10:20:15.951+0000] {spark_submit.py:491} INFO - 25/10/29 10:20:15 INFO SecurityManager: Changing modify acls groups to:
[2025-10-29T10:20:15.951+0000] {spark_submit.py:491} INFO - 25/10/29 10:20:15 INFO SecurityManager: SecurityManager: authentication disabled; ui acls disabled; users with view permissions: ***; groups with view permissions: EMPTY; users with modify permissions: ***; groups with modify permissions: EMPTY
[2025-10-29T10:20:16.057+0000] {spark_submit.py:491} INFO - 25/10/29 10:20:16 INFO Utils: Successfully started service 'sparkDriver' on port 42519.
[2025-10-29T10:20:16.071+0000] {spark_submit.py:491} INFO - 25/10/29 10:20:16 INFO SparkEnv: Registering MapOutputTracker
[2025-10-29T10:20:16.087+0000] {spark_submit.py:491} INFO - 25/10/29 10:20:16 INFO SparkEnv: Registering BlockManagerMaster
[2025-10-29T10:20:16.097+0000] {spark_submit.py:491} INFO - 25/10/29 10:20:16 INFO BlockManagerMasterEndpoint: Using org.apache.spark.storage.DefaultTopologyMapper for getting topology information
[2025-10-29T10:20:16.097+0000] {spark_submit.py:491} INFO - 25/10/29 10:20:16 INFO BlockManagerMasterEndpoint: BlockManagerMasterEndpoint up
[2025-10-29T10:20:16.098+0000] {spark_submit.py:491} INFO - 25/10/29 10:20:16 INFO SparkEnv: Registering BlockManagerMasterHeartbeat
[2025-10-29T10:20:16.109+0000] {spark_submit.py:491} INFO - 25/10/29 10:20:16 INFO DiskBlockManager: Created local directory at /tmp/blockmgr-48baf8c5-facc-40aa-b769-b4c77352dc38
[2025-10-29T10:20:16.116+0000] {spark_submit.py:491} INFO - 25/10/29 10:20:16 INFO MemoryStore: MemoryStore started with capacity 434.4 MiB
[2025-10-29T10:20:16.125+0000] {spark_submit.py:491} INFO - 25/10/29 10:20:16 INFO SparkEnv: Registering OutputCommitCoordinator
[2025-10-29T10:20:16.180+0000] {spark_submit.py:491} INFO - 25/10/29 10:20:16 INFO JettyUtils: Start Jetty 0.0.0.0:4040 for SparkUI
[2025-10-29T10:20:16.203+0000] {spark_submit.py:491} INFO - 25/10/29 10:20:16 WARN Utils: Service 'SparkUI' could not bind on port 4040. Attempting port 4041.
[2025-10-29T10:20:16.207+0000] {spark_submit.py:491} INFO - 25/10/29 10:20:16 INFO Utils: Successfully started service 'SparkUI' on port 4041.
[2025-10-29T10:20:16.223+0000] {spark_submit.py:491} INFO - 25/10/29 10:20:16 INFO SparkContext: Added JAR file:///opt/***/jars/iceberg-spark-runtime-3.5_2.12-1.4.2.jar at spark://11a5c523951d:42519/jars/iceberg-spark-runtime-3.5_2.12-1.4.2.jar with timestamp 1761733215875
[2025-10-29T10:20:16.224+0000] {spark_submit.py:491} INFO - 25/10/29 10:20:16 INFO SparkContext: Added JAR file:///opt/***/jars/aws-java-sdk-bundle-1.12.367.jar at spark://11a5c523951d:42519/jars/aws-java-sdk-bundle-1.12.367.jar with timestamp 1761733215875
[2025-10-29T10:20:16.225+0000] {spark_submit.py:491} INFO - 25/10/29 10:20:16 INFO SparkContext: Added JAR file:///opt/***/jars/hadoop-aws-3.3.4.jar at spark://11a5c523951d:42519/jars/hadoop-aws-3.3.4.jar with timestamp 1761733215875
[2025-10-29T10:20:16.252+0000] {spark_submit.py:491} INFO - 25/10/29 10:20:16 INFO Executor: Starting executor ID driver on host 11a5c523951d
[2025-10-29T10:20:16.253+0000] {spark_submit.py:491} INFO - 25/10/29 10:20:16 INFO Executor: OS info Linux, 6.10.14-linuxkit, aarch64
[2025-10-29T10:20:16.253+0000] {spark_submit.py:491} INFO - 25/10/29 10:20:16 INFO Executor: Java version 11.0.28
[2025-10-29T10:20:16.261+0000] {spark_submit.py:491} INFO - 25/10/29 10:20:16 INFO Executor: Starting executor with user classpath (userClassPathFirst = false): ''
[2025-10-29T10:20:16.264+0000] {spark_submit.py:491} INFO - 25/10/29 10:20:16 INFO Executor: Created or updated repl class loader org.apache.spark.util.MutableURLClassLoader@57b98b69 for default.
[2025-10-29T10:20:16.270+0000] {spark_submit.py:491} INFO - 25/10/29 10:20:16 INFO Executor: Fetching spark://11a5c523951d:42519/jars/hadoop-aws-3.3.4.jar with timestamp 1761733215875
[2025-10-29T10:20:16.300+0000] {spark_submit.py:491} INFO - 25/10/29 10:20:16 INFO TransportClientFactory: Successfully created connection to 11a5c523951d/172.18.0.15:42519 after 15 ms (0 ms spent in bootstraps)
[2025-10-29T10:20:16.303+0000] {spark_submit.py:491} INFO - 25/10/29 10:20:16 INFO Utils: Fetching spark://11a5c523951d:42519/jars/hadoop-aws-3.3.4.jar to /tmp/spark-3e19bede-d3ff-4c09-bc68-77b66feb7227/userFiles-e34c83ee-f981-437e-937b-8a08c06f1fb3/fetchFileTemp1858995509434294495.tmp
[2025-10-29T10:20:16.325+0000] {spark_submit.py:491} INFO - 25/10/29 10:20:16 INFO Executor: Adding file:/tmp/spark-3e19bede-d3ff-4c09-bc68-77b66feb7227/userFiles-e34c83ee-f981-437e-937b-8a08c06f1fb3/hadoop-aws-3.3.4.jar to class loader default
[2025-10-29T10:20:16.326+0000] {spark_submit.py:491} INFO - 25/10/29 10:20:16 INFO Executor: Fetching spark://11a5c523951d:42519/jars/aws-java-sdk-bundle-1.12.367.jar with timestamp 1761733215875
[2025-10-29T10:20:16.327+0000] {spark_submit.py:491} INFO - 25/10/29 10:20:16 INFO Utils: Fetching spark://11a5c523951d:42519/jars/aws-java-sdk-bundle-1.12.367.jar to /tmp/spark-3e19bede-d3ff-4c09-bc68-77b66feb7227/userFiles-e34c83ee-f981-437e-937b-8a08c06f1fb3/fetchFileTemp148909080492194337.tmp
[2025-10-29T10:20:16.930+0000] {spark_submit.py:491} INFO - 25/10/29 10:20:16 INFO Executor: Adding file:/tmp/spark-3e19bede-d3ff-4c09-bc68-77b66feb7227/userFiles-e34c83ee-f981-437e-937b-8a08c06f1fb3/aws-java-sdk-bundle-1.12.367.jar to class loader default
[2025-10-29T10:20:16.931+0000] {spark_submit.py:491} INFO - 25/10/29 10:20:16 INFO Executor: Fetching spark://11a5c523951d:42519/jars/iceberg-spark-runtime-3.5_2.12-1.4.2.jar with timestamp 1761733215875
[2025-10-29T10:20:16.932+0000] {spark_submit.py:491} INFO - 25/10/29 10:20:16 INFO Utils: Fetching spark://11a5c523951d:42519/jars/iceberg-spark-runtime-3.5_2.12-1.4.2.jar to /tmp/spark-3e19bede-d3ff-4c09-bc68-77b66feb7227/userFiles-e34c83ee-f981-437e-937b-8a08c06f1fb3/fetchFileTemp5713016357152506374.tmp
[2025-10-29T10:20:16.996+0000] {spark_submit.py:491} INFO - 25/10/29 10:20:16 INFO Executor: Adding file:/tmp/spark-3e19bede-d3ff-4c09-bc68-77b66feb7227/userFiles-e34c83ee-f981-437e-937b-8a08c06f1fb3/iceberg-spark-runtime-3.5_2.12-1.4.2.jar to class loader default
[2025-10-29T10:20:17.004+0000] {spark_submit.py:491} INFO - 25/10/29 10:20:17 INFO Utils: Successfully started service 'org.apache.spark.network.netty.NettyBlockTransferService' on port 36493.
[2025-10-29T10:20:17.005+0000] {spark_submit.py:491} INFO - 25/10/29 10:20:17 INFO NettyBlockTransferService: Server created on 11a5c523951d:36493
[2025-10-29T10:20:17.006+0000] {spark_submit.py:491} INFO - 25/10/29 10:20:17 INFO BlockManager: Using org.apache.spark.storage.RandomBlockReplicationPolicy for block replication policy
[2025-10-29T10:20:17.009+0000] {spark_submit.py:491} INFO - 25/10/29 10:20:17 INFO BlockManagerMaster: Registering BlockManager BlockManagerId(driver, 11a5c523951d, 36493, None)
[2025-10-29T10:20:17.011+0000] {spark_submit.py:491} INFO - 25/10/29 10:20:17 INFO BlockManagerMasterEndpoint: Registering block manager 11a5c523951d:36493 with 434.4 MiB RAM, BlockManagerId(driver, 11a5c523951d, 36493, None)
[2025-10-29T10:20:17.013+0000] {spark_submit.py:491} INFO - 25/10/29 10:20:17 INFO BlockManagerMaster: Registered BlockManager BlockManagerId(driver, 11a5c523951d, 36493, None)
[2025-10-29T10:20:17.013+0000] {spark_submit.py:491} INFO - 25/10/29 10:20:17 INFO BlockManager: Initialized BlockManager: BlockManagerId(driver, 11a5c523951d, 36493, None)
[2025-10-29T10:20:18.487+0000] {spark_submit.py:491} INFO - 25/10/29 10:20:18 WARN MetricsConfig: Cannot locate configuration: tried hadoop-metrics2-s3a-file-system.properties,hadoop-metrics2.properties
[2025-10-29T10:20:19.250+0000] {spark_submit.py:491} INFO - Created/verified weather table
[2025-10-29T10:20:19.251+0000] {spark_submit.py:491} INFO - Reading weather data from: /opt/***/data/weather/weather_data_20251029_10.json
[2025-10-29T10:20:20.699+0000] {spark_submit.py:491} INFO - Raw weather data count: 24
[2025-10-29T10:20:20.700+0000] {spark_submit.py:491} INFO - root
[2025-10-29T10:20:20.700+0000] {spark_submit.py:491} INFO - |-- timestamp: string (nullable = true)
[2025-10-29T10:20:20.700+0000] {spark_submit.py:491} INFO - |-- location: string (nullable = true)
[2025-10-29T10:20:20.701+0000] {spark_submit.py:491} INFO - |-- latitude: double (nullable = true)
[2025-10-29T10:20:20.701+0000] {spark_submit.py:491} INFO - |-- longitude: double (nullable = true)
[2025-10-29T10:20:20.701+0000] {spark_submit.py:491} INFO - |-- temperature_celsius: double (nullable = true)
[2025-10-29T10:20:20.701+0000] {spark_submit.py:491} INFO - |-- temperature_fahrenheit: double (nullable = true)
[2025-10-29T10:20:20.701+0000] {spark_submit.py:491} INFO - |-- humidity_percent: double (nullable = true)
[2025-10-29T10:20:20.701+0000] {spark_submit.py:491} INFO - |-- pressure_hpa: double (nullable = true)
[2025-10-29T10:20:20.701+0000] {spark_submit.py:491} INFO - |-- wind_speed_kmh: double (nullable = true)
[2025-10-29T10:20:20.701+0000] {spark_submit.py:491} INFO - |-- weather_condition: string (nullable = true)
[2025-10-29T10:20:20.701+0000] {spark_submit.py:491} INFO - |-- visibility_km: double (nullable = true)
[2025-10-29T10:20:20.701+0000] {spark_submit.py:491} INFO - |-- uv_index: double (nullable = true)
[2025-10-29T10:20:20.702+0000] {spark_submit.py:491} INFO - |-- hour: integer (nullable = true)
[2025-10-29T10:20:20.702+0000] {spark_submit.py:491} INFO - |-- day_of_week: integer (nullable = true)
[2025-10-29T10:20:20.702+0000] {spark_submit.py:491} INFO - |-- is_weekend: boolean (nullable = true)
[2025-10-29T10:20:20.702+0000] {spark_submit.py:491} INFO - 
[2025-10-29T10:20:20.962+0000] {spark_submit.py:491} INFO - Processed weather data count: 24
[2025-10-29T10:20:22.240+0000] {spark_submit.py:491} INFO - Successfully wrote weather data to Iceberg table
[2025-10-29T10:20:24.009+0000] {spark_submit.py:491} INFO - +------------+------------------+-----------------+-----------------+--------------------+
[2025-10-29T10:20:24.009+0000] {spark_submit.py:491} INFO - |weather_date|        avg_temp_c|     avg_humidity|   avg_wind_speed|          conditions|
[2025-10-29T10:20:24.009+0000] {spark_submit.py:491} INFO - +------------+------------------+-----------------+-----------------+--------------------+
[2025-10-29T10:20:24.010+0000] {spark_submit.py:491} INFO - |  2025-10-29| 17.71705882352941|64.37843137254902|7.927450980392158|[clear, snow, rai...|
[2025-10-29T10:20:24.010+0000] {spark_submit.py:491} INFO - |  2025-10-28|17.434516129032257|56.93655913978495|7.501075268817203|[clear, snow, rai...|
[2025-10-29T10:20:24.010+0000] {spark_submit.py:491} INFO - +------------+------------------+-----------------+-----------------+--------------------+
[2025-10-29T10:20:24.010+0000] {spark_submit.py:491} INFO - 
[2025-10-29T10:20:24.010+0000] {spark_submit.py:491} INFO - Weather ETL job completed successfully!
[2025-10-29T10:20:24.353+0000] {taskinstance.py:1398} INFO - Marking task as SUCCESS. dag_id=nyc_weather_etl, task_id=spark_process_weather_to_iceberg, execution_date=20251029T092010, start_date=20251029T102014, end_date=20251029T102024
[2025-10-29T10:20:24.367+0000] {local_task_job_runner.py:228} INFO - Task exited with return code 0
[2025-10-29T10:20:24.377+0000] {taskinstance.py:2776} INFO - 0 downstream tasks scheduled from follow-on schedule check
