[2025-10-28T07:58:57.279+0000] {taskinstance.py:1157} INFO - Dependencies all met for dep_context=non-requeueable deps ti=<TaskInstance: nyc_weather_etl.spark_process_weather_to_iceberg manual__2025-10-28T07:58:54.861586+00:00 [queued]>
[2025-10-28T07:58:57.283+0000] {taskinstance.py:1157} INFO - Dependencies all met for dep_context=requeueable deps ti=<TaskInstance: nyc_weather_etl.spark_process_weather_to_iceberg manual__2025-10-28T07:58:54.861586+00:00 [queued]>
[2025-10-28T07:58:57.283+0000] {taskinstance.py:1359} INFO - Starting attempt 1 of 1
[2025-10-28T07:58:57.290+0000] {taskinstance.py:1380} INFO - Executing <Task(SparkSubmitOperator): spark_process_weather_to_iceberg> on 2025-10-28 07:58:54.861586+00:00
[2025-10-28T07:58:57.294+0000] {standard_task_runner.py:57} INFO - Started process 28058 to run task
[2025-10-28T07:58:57.295+0000] {standard_task_runner.py:84} INFO - Running: ['***', 'tasks', 'run', 'nyc_weather_etl', 'spark_process_weather_to_iceberg', 'manual__2025-10-28T07:58:54.861586+00:00', '--job-id', '720', '--raw', '--subdir', 'DAGS_FOLDER/nyc_weather_etl.py', '--cfg-path', '/tmp/tmp9d2nlvrc']
[2025-10-28T07:58:57.296+0000] {standard_task_runner.py:85} INFO - Job 720: Subtask spark_process_weather_to_iceberg
[2025-10-28T07:58:57.316+0000] {task_command.py:415} INFO - Running <TaskInstance: nyc_weather_etl.spark_process_weather_to_iceberg manual__2025-10-28T07:58:54.861586+00:00 [running]> on host b40be2a595bb
[2025-10-28T07:58:57.439+0000] {taskinstance.py:1660} INFO - Exporting env vars: AIRFLOW_CTX_DAG_OWNER='data-engineering' AIRFLOW_CTX_DAG_ID='nyc_weather_etl' AIRFLOW_CTX_TASK_ID='spark_process_weather_to_iceberg' AIRFLOW_CTX_EXECUTION_DATE='2025-10-28T07:58:54.861586+00:00' AIRFLOW_CTX_TRY_NUMBER='1' AIRFLOW_CTX_DAG_RUN_ID='manual__2025-10-28T07:58:54.861586+00:00'
[2025-10-28T07:58:57.443+0000] {base.py:73} INFO - Using connection ID 'spark_default' for task execution.
[2025-10-28T07:58:57.444+0000] {spark_submit.py:340} INFO - Spark-Submit cmd: /opt/bitnami/spark/bin/spark-submit --master spark://spark-master:7077 --conf spark.master=spark://spark-master:7077 --conf spark.sql.catalog.spark_catalog=org.apache.iceberg.spark.SparkSessionCatalog --conf spark.sql.catalog.spark_catalog.type=hive --conf spark.sql.catalog.iceberg=org.apache.iceberg.spark.SparkCatalog --conf spark.sql.catalog.iceberg.type=hadoop --conf spark.sql.catalog.iceberg.warehouse=s3a://lakehouse/warehouse --conf spark.sql.extensions=org.apache.iceberg.spark.extensions.IcebergSparkSessionExtensions --conf spark.hadoop.fs.s3a.endpoint=http://minio:9000 --conf spark.hadoop.fs.s3a.access.key=admin --conf spark.hadoop.fs.s3a.secret.key=****** --conf spark.hadoop.fs.s3a.path.style.access=true --conf spark.hadoop.fs.s3a.impl=org.apache.hadoop.fs.s3a.S3AFileSystem --jars /opt/***/jars/iceberg-spark-runtime-3.5_2.12-1.4.2.jar,/opt/***/jars/aws-java-sdk-bundle-1.12.367.jar,/opt/***/jars/hadoop-aws-3.3.4.jar --name arrow-spark --queue default /opt/***/dags/spark_jobs/weather_to_iceberg.py /opt/***/data/weather/weather_data_20251028_07.json
[2025-10-28T07:58:58.297+0000] {spark_submit.py:491} INFO - 25/10/28 07:58:58 WARN NativeCodeLoader: Unable to load native-hadoop library for your platform... using builtin-java classes where applicable
[2025-10-28T07:58:58.929+0000] {spark_submit.py:491} INFO - 25/10/28 07:58:58 INFO SparkContext: Running Spark version 3.5.1
[2025-10-28T07:58:58.930+0000] {spark_submit.py:491} INFO - 25/10/28 07:58:58 INFO SparkContext: OS info Linux, 6.10.14-linuxkit, aarch64
[2025-10-28T07:58:58.930+0000] {spark_submit.py:491} INFO - 25/10/28 07:58:58 INFO SparkContext: Java version 11.0.28
[2025-10-28T07:58:58.942+0000] {spark_submit.py:491} INFO - 25/10/28 07:58:58 INFO ResourceUtils: ==============================================================
[2025-10-28T07:58:58.942+0000] {spark_submit.py:491} INFO - 25/10/28 07:58:58 INFO ResourceUtils: No custom resources configured for spark.driver.
[2025-10-28T07:58:58.942+0000] {spark_submit.py:491} INFO - 25/10/28 07:58:58 INFO ResourceUtils: ==============================================================
[2025-10-28T07:58:58.943+0000] {spark_submit.py:491} INFO - 25/10/28 07:58:58 INFO SparkContext: Submitted application: Weather to Iceberg ETL
[2025-10-28T07:58:58.952+0000] {spark_submit.py:491} INFO - 25/10/28 07:58:58 INFO ResourceProfile: Default ResourceProfile created, executor resources: Map(cores -> name: cores, amount: 1, script: , vendor: , memory -> name: memory, amount: 1024, script: , vendor: , offHeap -> name: offHeap, amount: 0, script: , vendor: ), task resources: Map(cpus -> name: cpus, amount: 1.0)
[2025-10-28T07:58:58.956+0000] {spark_submit.py:491} INFO - 25/10/28 07:58:58 INFO ResourceProfile: Limiting resource is cpu
[2025-10-28T07:58:58.956+0000] {spark_submit.py:491} INFO - 25/10/28 07:58:58 INFO ResourceProfileManager: Added ResourceProfile id: 0
[2025-10-28T07:58:58.984+0000] {spark_submit.py:491} INFO - 25/10/28 07:58:58 INFO SecurityManager: Changing view acls to: ***
[2025-10-28T07:58:58.985+0000] {spark_submit.py:491} INFO - 25/10/28 07:58:58 INFO SecurityManager: Changing modify acls to: ***
[2025-10-28T07:58:58.986+0000] {spark_submit.py:491} INFO - 25/10/28 07:58:58 INFO SecurityManager: Changing view acls groups to:
[2025-10-28T07:58:58.986+0000] {spark_submit.py:491} INFO - 25/10/28 07:58:58 INFO SecurityManager: Changing modify acls groups to:
[2025-10-28T07:58:58.986+0000] {spark_submit.py:491} INFO - 25/10/28 07:58:58 INFO SecurityManager: SecurityManager: authentication disabled; ui acls disabled; users with view permissions: ***; groups with view permissions: EMPTY; users with modify permissions: ***; groups with modify permissions: EMPTY
[2025-10-28T07:58:59.087+0000] {spark_submit.py:491} INFO - 25/10/28 07:58:59 INFO Utils: Successfully started service 'sparkDriver' on port 37203.
[2025-10-28T07:58:59.100+0000] {spark_submit.py:491} INFO - 25/10/28 07:58:59 INFO SparkEnv: Registering MapOutputTracker
[2025-10-28T07:58:59.114+0000] {spark_submit.py:491} INFO - 25/10/28 07:58:59 INFO SparkEnv: Registering BlockManagerMaster
[2025-10-28T07:58:59.123+0000] {spark_submit.py:491} INFO - 25/10/28 07:58:59 INFO BlockManagerMasterEndpoint: Using org.apache.spark.storage.DefaultTopologyMapper for getting topology information
[2025-10-28T07:58:59.123+0000] {spark_submit.py:491} INFO - 25/10/28 07:58:59 INFO BlockManagerMasterEndpoint: BlockManagerMasterEndpoint up
[2025-10-28T07:58:59.124+0000] {spark_submit.py:491} INFO - 25/10/28 07:58:59 INFO SparkEnv: Registering BlockManagerMasterHeartbeat
[2025-10-28T07:58:59.135+0000] {spark_submit.py:491} INFO - 25/10/28 07:58:59 INFO DiskBlockManager: Created local directory at /tmp/blockmgr-3ca4193f-ce2d-4b02-acb9-cb4581455c67
[2025-10-28T07:58:59.141+0000] {spark_submit.py:491} INFO - 25/10/28 07:58:59 INFO MemoryStore: MemoryStore started with capacity 434.4 MiB
[2025-10-28T07:58:59.146+0000] {spark_submit.py:491} INFO - 25/10/28 07:58:59 INFO SparkEnv: Registering OutputCommitCoordinator
[2025-10-28T07:58:59.199+0000] {spark_submit.py:491} INFO - 25/10/28 07:58:59 INFO JettyUtils: Start Jetty 0.0.0.0:4040 for SparkUI
[2025-10-28T07:58:59.221+0000] {spark_submit.py:491} INFO - 25/10/28 07:58:59 WARN Utils: Service 'SparkUI' could not bind on port 4040. Attempting port 4041.
[2025-10-28T07:58:59.225+0000] {spark_submit.py:491} INFO - 25/10/28 07:58:59 INFO Utils: Successfully started service 'SparkUI' on port 4041.
[2025-10-28T07:58:59.241+0000] {spark_submit.py:491} INFO - 25/10/28 07:58:59 INFO SparkContext: Added JAR file:///opt/***/jars/iceberg-spark-runtime-3.5_2.12-1.4.2.jar at spark://b40be2a595bb:37203/jars/iceberg-spark-runtime-3.5_2.12-1.4.2.jar with timestamp 1761638338925
[2025-10-28T07:58:59.241+0000] {spark_submit.py:491} INFO - 25/10/28 07:58:59 INFO SparkContext: Added JAR file:///opt/***/jars/aws-java-sdk-bundle-1.12.367.jar at spark://b40be2a595bb:37203/jars/aws-java-sdk-bundle-1.12.367.jar with timestamp 1761638338925
[2025-10-28T07:58:59.242+0000] {spark_submit.py:491} INFO - 25/10/28 07:58:59 INFO SparkContext: Added JAR file:///opt/***/jars/hadoop-aws-3.3.4.jar at spark://b40be2a595bb:37203/jars/hadoop-aws-3.3.4.jar with timestamp 1761638338925
[2025-10-28T07:58:59.272+0000] {spark_submit.py:491} INFO - 25/10/28 07:58:59 INFO Executor: Starting executor ID driver on host b40be2a595bb
[2025-10-28T07:58:59.272+0000] {spark_submit.py:491} INFO - 25/10/28 07:58:59 INFO Executor: OS info Linux, 6.10.14-linuxkit, aarch64
[2025-10-28T07:58:59.273+0000] {spark_submit.py:491} INFO - 25/10/28 07:58:59 INFO Executor: Java version 11.0.28
[2025-10-28T07:58:59.275+0000] {spark_submit.py:491} INFO - 25/10/28 07:58:59 INFO Executor: Starting executor with user classpath (userClassPathFirst = false): ''
[2025-10-28T07:58:59.276+0000] {spark_submit.py:491} INFO - 25/10/28 07:58:59 INFO Executor: Created or updated repl class loader org.apache.spark.util.MutableURLClassLoader@48d76cda for default.
[2025-10-28T07:58:59.282+0000] {spark_submit.py:491} INFO - 25/10/28 07:58:59 INFO Executor: Fetching spark://b40be2a595bb:37203/jars/iceberg-spark-runtime-3.5_2.12-1.4.2.jar with timestamp 1761638338925
[2025-10-28T07:58:59.318+0000] {spark_submit.py:491} INFO - 25/10/28 07:58:59 INFO TransportClientFactory: Successfully created connection to b40be2a595bb/172.18.0.5:37203 after 21 ms (0 ms spent in bootstraps)
[2025-10-28T07:58:59.322+0000] {spark_submit.py:491} INFO - 25/10/28 07:58:59 INFO Utils: Fetching spark://b40be2a595bb:37203/jars/iceberg-spark-runtime-3.5_2.12-1.4.2.jar to /tmp/spark-5af81c36-d43b-4a24-93ee-eacfe4d75d72/userFiles-4b145a0f-3073-4547-bbd3-63c3bced592c/fetchFileTemp11854471881245635615.tmp
[2025-10-28T07:58:59.385+0000] {spark_submit.py:491} INFO - 25/10/28 07:58:59 INFO Executor: Adding file:/tmp/spark-5af81c36-d43b-4a24-93ee-eacfe4d75d72/userFiles-4b145a0f-3073-4547-bbd3-63c3bced592c/iceberg-spark-runtime-3.5_2.12-1.4.2.jar to class loader default
[2025-10-28T07:58:59.385+0000] {spark_submit.py:491} INFO - 25/10/28 07:58:59 INFO Executor: Fetching spark://b40be2a595bb:37203/jars/hadoop-aws-3.3.4.jar with timestamp 1761638338925
[2025-10-28T07:58:59.386+0000] {spark_submit.py:491} INFO - 25/10/28 07:58:59 INFO Utils: Fetching spark://b40be2a595bb:37203/jars/hadoop-aws-3.3.4.jar to /tmp/spark-5af81c36-d43b-4a24-93ee-eacfe4d75d72/userFiles-4b145a0f-3073-4547-bbd3-63c3bced592c/fetchFileTemp14676107239727426069.tmp
[2025-10-28T07:58:59.390+0000] {spark_submit.py:491} INFO - 25/10/28 07:58:59 INFO Executor: Adding file:/tmp/spark-5af81c36-d43b-4a24-93ee-eacfe4d75d72/userFiles-4b145a0f-3073-4547-bbd3-63c3bced592c/hadoop-aws-3.3.4.jar to class loader default
[2025-10-28T07:58:59.390+0000] {spark_submit.py:491} INFO - 25/10/28 07:58:59 INFO Executor: Fetching spark://b40be2a595bb:37203/jars/aws-java-sdk-bundle-1.12.367.jar with timestamp 1761638338925
[2025-10-28T07:58:59.391+0000] {spark_submit.py:491} INFO - 25/10/28 07:58:59 INFO Utils: Fetching spark://b40be2a595bb:37203/jars/aws-java-sdk-bundle-1.12.367.jar to /tmp/spark-5af81c36-d43b-4a24-93ee-eacfe4d75d72/userFiles-4b145a0f-3073-4547-bbd3-63c3bced592c/fetchFileTemp1714237101731268386.tmp
[2025-10-28T07:58:59.726+0000] {spark_submit.py:491} INFO - 25/10/28 07:58:59 INFO Executor: Adding file:/tmp/spark-5af81c36-d43b-4a24-93ee-eacfe4d75d72/userFiles-4b145a0f-3073-4547-bbd3-63c3bced592c/aws-java-sdk-bundle-1.12.367.jar to class loader default
[2025-10-28T07:58:59.734+0000] {spark_submit.py:491} INFO - 25/10/28 07:58:59 INFO Utils: Successfully started service 'org.apache.spark.network.netty.NettyBlockTransferService' on port 36529.
[2025-10-28T07:58:59.735+0000] {spark_submit.py:491} INFO - 25/10/28 07:58:59 INFO NettyBlockTransferService: Server created on b40be2a595bb:36529
[2025-10-28T07:58:59.735+0000] {spark_submit.py:491} INFO - 25/10/28 07:58:59 INFO BlockManager: Using org.apache.spark.storage.RandomBlockReplicationPolicy for block replication policy
[2025-10-28T07:58:59.739+0000] {spark_submit.py:491} INFO - 25/10/28 07:58:59 INFO BlockManagerMaster: Registering BlockManager BlockManagerId(driver, b40be2a595bb, 36529, None)
[2025-10-28T07:58:59.741+0000] {spark_submit.py:491} INFO - 25/10/28 07:58:59 INFO BlockManagerMasterEndpoint: Registering block manager b40be2a595bb:36529 with 434.4 MiB RAM, BlockManagerId(driver, b40be2a595bb, 36529, None)
[2025-10-28T07:58:59.742+0000] {spark_submit.py:491} INFO - 25/10/28 07:58:59 INFO BlockManagerMaster: Registered BlockManager BlockManagerId(driver, b40be2a595bb, 36529, None)
[2025-10-28T07:58:59.743+0000] {spark_submit.py:491} INFO - 25/10/28 07:58:59 INFO BlockManager: Initialized BlockManager: BlockManagerId(driver, b40be2a595bb, 36529, None)
[2025-10-28T07:59:01.390+0000] {spark_submit.py:491} INFO - 25/10/28 07:59:01 WARN MetricsConfig: Cannot locate configuration: tried hadoop-metrics2-s3a-file-system.properties,hadoop-metrics2.properties
[2025-10-28T07:59:02.101+0000] {spark_submit.py:491} INFO - Created/verified weather table
[2025-10-28T07:59:02.105+0000] {spark_submit.py:491} INFO - Reading weather data from: /opt/***/data/weather/weather_data_20251028_07.json
[2025-10-28T07:59:03.398+0000] {spark_submit.py:491} INFO - Raw weather data count: 24
[2025-10-28T07:59:03.401+0000] {spark_submit.py:491} INFO - root
[2025-10-28T07:59:03.401+0000] {spark_submit.py:491} INFO - |-- timestamp: string (nullable = true)
[2025-10-28T07:59:03.401+0000] {spark_submit.py:491} INFO - |-- location: string (nullable = true)
[2025-10-28T07:59:03.401+0000] {spark_submit.py:491} INFO - |-- latitude: double (nullable = true)
[2025-10-28T07:59:03.401+0000] {spark_submit.py:491} INFO - |-- longitude: double (nullable = true)
[2025-10-28T07:59:03.401+0000] {spark_submit.py:491} INFO - |-- temperature_celsius: double (nullable = true)
[2025-10-28T07:59:03.401+0000] {spark_submit.py:491} INFO - |-- temperature_fahrenheit: double (nullable = true)
[2025-10-28T07:59:03.401+0000] {spark_submit.py:491} INFO - |-- humidity_percent: double (nullable = true)
[2025-10-28T07:59:03.401+0000] {spark_submit.py:491} INFO - |-- pressure_hpa: double (nullable = true)
[2025-10-28T07:59:03.402+0000] {spark_submit.py:491} INFO - |-- wind_speed_kmh: double (nullable = true)
[2025-10-28T07:59:03.402+0000] {spark_submit.py:491} INFO - |-- weather_condition: string (nullable = true)
[2025-10-28T07:59:03.402+0000] {spark_submit.py:491} INFO - |-- visibility_km: double (nullable = true)
[2025-10-28T07:59:03.402+0000] {spark_submit.py:491} INFO - |-- uv_index: double (nullable = true)
[2025-10-28T07:59:03.402+0000] {spark_submit.py:491} INFO - |-- hour: integer (nullable = true)
[2025-10-28T07:59:03.402+0000] {spark_submit.py:491} INFO - |-- day_of_week: integer (nullable = true)
[2025-10-28T07:59:03.402+0000] {spark_submit.py:491} INFO - |-- is_weekend: boolean (nullable = true)
[2025-10-28T07:59:03.402+0000] {spark_submit.py:491} INFO - 
[2025-10-28T07:59:03.659+0000] {spark_submit.py:491} INFO - Processed weather data count: 24
[2025-10-28T07:59:04.871+0000] {spark_submit.py:491} INFO - Successfully wrote weather data to Iceberg table
[2025-10-28T07:59:06.358+0000] {spark_submit.py:491} INFO - +------------+----------+------------------+--------------+--------------------+
[2025-10-28T07:59:06.358+0000] {spark_submit.py:491} INFO - |weather_date|avg_temp_c|      avg_humidity|avg_wind_speed|          conditions|
[2025-10-28T07:59:06.358+0000] {spark_submit.py:491} INFO - +------------+----------+------------------+--------------+--------------------+
[2025-10-28T07:59:06.358+0000] {spark_submit.py:491} INFO - |  2025-10-28|  14.65875|           56.0375|         10.45|[clear, snow, rai...|
[2025-10-28T07:59:06.358+0000] {spark_submit.py:491} INFO - |  2025-10-27| 20.391875|59.025000000000006|       6.34375|[clear, snow, rai...|
[2025-10-28T07:59:06.358+0000] {spark_submit.py:491} INFO - +------------+----------+------------------+--------------+--------------------+
[2025-10-28T07:59:06.359+0000] {spark_submit.py:491} INFO - 
[2025-10-28T07:59:06.359+0000] {spark_submit.py:491} INFO - Weather ETL job completed successfully!
[2025-10-28T07:59:07.032+0000] {taskinstance.py:1398} INFO - Marking task as SUCCESS. dag_id=nyc_weather_etl, task_id=spark_process_weather_to_iceberg, execution_date=20251028T075854, start_date=20251028T075857, end_date=20251028T075907
[2025-10-28T07:59:07.058+0000] {local_task_job_runner.py:228} INFO - Task exited with return code 0
[2025-10-28T07:59:07.070+0000] {taskinstance.py:2776} INFO - 0 downstream tasks scheduled from follow-on schedule check
