[2025-11-03T04:13:48.335+0000] {taskinstance.py:1157} INFO - Dependencies all met for dep_context=non-requeueable deps ti=<TaskInstance: nyc_weather_etl.spark_process_location_to_iceberg manual__2025-11-03T04:13:45.111788+00:00 [queued]>
[2025-11-03T04:13:48.340+0000] {taskinstance.py:1157} INFO - Dependencies all met for dep_context=requeueable deps ti=<TaskInstance: nyc_weather_etl.spark_process_location_to_iceberg manual__2025-11-03T04:13:45.111788+00:00 [queued]>
[2025-11-03T04:13:48.341+0000] {taskinstance.py:1359} INFO - Starting attempt 1 of 1
[2025-11-03T04:13:48.347+0000] {taskinstance.py:1380} INFO - Executing <Task(SparkSubmitOperator): spark_process_location_to_iceberg> on 2025-11-03 04:13:45.111788+00:00
[2025-11-03T04:13:48.350+0000] {standard_task_runner.py:57} INFO - Started process 14213 to run task
[2025-11-03T04:13:48.351+0000] {standard_task_runner.py:84} INFO - Running: ['***', 'tasks', 'run', 'nyc_weather_etl', 'spark_process_location_to_iceberg', 'manual__2025-11-03T04:13:45.111788+00:00', '--job-id', '123', '--raw', '--subdir', 'DAGS_FOLDER/nyc_weather_etl.py', '--cfg-path', '/tmp/tmp92jmdfbh']
[2025-11-03T04:13:48.353+0000] {standard_task_runner.py:85} INFO - Job 123: Subtask spark_process_location_to_iceberg
[2025-11-03T04:13:48.375+0000] {task_command.py:415} INFO - Running <TaskInstance: nyc_weather_etl.spark_process_location_to_iceberg manual__2025-11-03T04:13:45.111788+00:00 [running]> on host ec57452a9f33
[2025-11-03T04:13:48.497+0000] {taskinstance.py:1660} INFO - Exporting env vars: AIRFLOW_CTX_DAG_OWNER='data-engineering' AIRFLOW_CTX_DAG_ID='nyc_weather_etl' AIRFLOW_CTX_TASK_ID='spark_process_location_to_iceberg' AIRFLOW_CTX_EXECUTION_DATE='2025-11-03T04:13:45.111788+00:00' AIRFLOW_CTX_TRY_NUMBER='1' AIRFLOW_CTX_DAG_RUN_ID='manual__2025-11-03T04:13:45.111788+00:00'
[2025-11-03T04:13:48.498+0000] {base.py:73} INFO - Using connection ID 'spark_default' for task execution.
[2025-11-03T04:13:48.499+0000] {spark_submit.py:340} INFO - Spark-Submit cmd: /opt/bitnami/spark/bin/spark-submit --master spark-master:7077 --conf spark.master=spark://spark-master:7077 --conf spark.sql.catalog.spark_catalog=org.apache.iceberg.spark.SparkSessionCatalog --conf spark.sql.catalog.spark_catalog.type=hive --conf spark.sql.catalog.iceberg=org.apache.iceberg.spark.SparkCatalog --conf spark.sql.catalog.iceberg.type=hadoop --conf spark.sql.catalog.iceberg.warehouse=s3a://lakehouse/warehouse --conf spark.sql.extensions=org.apache.iceberg.spark.extensions.IcebergSparkSessionExtensions --conf spark.hadoop.fs.s3a.endpoint=http://minio:9000 --conf spark.hadoop.fs.s3a.access.key=admin --conf spark.hadoop.fs.s3a.secret.key=****** --conf spark.hadoop.fs.s3a.path.style.access=true --conf spark.hadoop.fs.s3a.impl=org.apache.hadoop.fs.s3a.S3AFileSystem --jars /opt/***/jars/iceberg-spark-runtime-3.5_2.12-1.4.2.jar,/opt/***/jars/aws-java-sdk-bundle-1.12.367.jar,/opt/***/jars/hadoop-aws-3.3.4.jar --name arrow-spark /opt/***/dags/spark_jobs/location_to_iceberg.py /opt/***/data/locations/nyc_taxi_zones.json
[2025-11-03T04:13:49.320+0000] {spark_submit.py:491} INFO - 25/11/03 04:13:49 WARN NativeCodeLoader: Unable to load native-hadoop library for your platform... using builtin-java classes where applicable
[2025-11-03T04:13:49.870+0000] {spark_submit.py:491} INFO - 25/11/03 04:13:49 INFO SparkContext: Running Spark version 3.5.1
[2025-11-03T04:13:49.872+0000] {spark_submit.py:491} INFO - 25/11/03 04:13:49 INFO SparkContext: OS info Linux, 6.10.14-linuxkit, aarch64
[2025-11-03T04:13:49.872+0000] {spark_submit.py:491} INFO - 25/11/03 04:13:49 INFO SparkContext: Java version 11.0.28
[2025-11-03T04:13:49.882+0000] {spark_submit.py:491} INFO - 25/11/03 04:13:49 INFO ResourceUtils: ==============================================================
[2025-11-03T04:13:49.882+0000] {spark_submit.py:491} INFO - 25/11/03 04:13:49 INFO ResourceUtils: No custom resources configured for spark.driver.
[2025-11-03T04:13:49.882+0000] {spark_submit.py:491} INFO - 25/11/03 04:13:49 INFO ResourceUtils: ==============================================================
[2025-11-03T04:13:49.882+0000] {spark_submit.py:491} INFO - 25/11/03 04:13:49 INFO SparkContext: Submitted application: Location to Iceberg ETL
[2025-11-03T04:13:49.890+0000] {spark_submit.py:491} INFO - 25/11/03 04:13:49 INFO ResourceProfile: Default ResourceProfile created, executor resources: Map(cores -> name: cores, amount: 1, script: , vendor: , memory -> name: memory, amount: 1024, script: , vendor: , offHeap -> name: offHeap, amount: 0, script: , vendor: ), task resources: Map(cpus -> name: cpus, amount: 1.0)
[2025-11-03T04:13:49.895+0000] {spark_submit.py:491} INFO - 25/11/03 04:13:49 INFO ResourceProfile: Limiting resource is cpu
[2025-11-03T04:13:49.895+0000] {spark_submit.py:491} INFO - 25/11/03 04:13:49 INFO ResourceProfileManager: Added ResourceProfile id: 0
[2025-11-03T04:13:49.928+0000] {spark_submit.py:491} INFO - 25/11/03 04:13:49 INFO SecurityManager: Changing view acls to: ***
[2025-11-03T04:13:49.929+0000] {spark_submit.py:491} INFO - 25/11/03 04:13:49 INFO SecurityManager: Changing modify acls to: ***
[2025-11-03T04:13:49.929+0000] {spark_submit.py:491} INFO - 25/11/03 04:13:49 INFO SecurityManager: Changing view acls groups to:
[2025-11-03T04:13:49.930+0000] {spark_submit.py:491} INFO - 25/11/03 04:13:49 INFO SecurityManager: Changing modify acls groups to:
[2025-11-03T04:13:49.931+0000] {spark_submit.py:491} INFO - 25/11/03 04:13:49 INFO SecurityManager: SecurityManager: authentication disabled; ui acls disabled; users with view permissions: ***; groups with view permissions: EMPTY; users with modify permissions: ***; groups with modify permissions: EMPTY
[2025-11-03T04:13:50.047+0000] {spark_submit.py:491} INFO - 25/11/03 04:13:50 INFO Utils: Successfully started service 'sparkDriver' on port 42643.
[2025-11-03T04:13:50.066+0000] {spark_submit.py:491} INFO - 25/11/03 04:13:50 INFO SparkEnv: Registering MapOutputTracker
[2025-11-03T04:13:50.082+0000] {spark_submit.py:491} INFO - 25/11/03 04:13:50 INFO SparkEnv: Registering BlockManagerMaster
[2025-11-03T04:13:50.097+0000] {spark_submit.py:491} INFO - 25/11/03 04:13:50 INFO BlockManagerMasterEndpoint: Using org.apache.spark.storage.DefaultTopologyMapper for getting topology information
[2025-11-03T04:13:50.098+0000] {spark_submit.py:491} INFO - 25/11/03 04:13:50 INFO BlockManagerMasterEndpoint: BlockManagerMasterEndpoint up
[2025-11-03T04:13:50.101+0000] {spark_submit.py:491} INFO - 25/11/03 04:13:50 INFO SparkEnv: Registering BlockManagerMasterHeartbeat
[2025-11-03T04:13:50.115+0000] {spark_submit.py:491} INFO - 25/11/03 04:13:50 INFO DiskBlockManager: Created local directory at /tmp/blockmgr-7b724973-921e-4959-aa69-e07ac3342eef
[2025-11-03T04:13:50.121+0000] {spark_submit.py:491} INFO - 25/11/03 04:13:50 INFO MemoryStore: MemoryStore started with capacity 434.4 MiB
[2025-11-03T04:13:50.130+0000] {spark_submit.py:491} INFO - 25/11/03 04:13:50 INFO SparkEnv: Registering OutputCommitCoordinator
[2025-11-03T04:13:50.186+0000] {spark_submit.py:491} INFO - 25/11/03 04:13:50 INFO JettyUtils: Start Jetty 0.0.0.0:4040 for SparkUI
[2025-11-03T04:13:50.213+0000] {spark_submit.py:491} INFO - 25/11/03 04:13:50 INFO Utils: Successfully started service 'SparkUI' on port 4040.
[2025-11-03T04:13:50.233+0000] {spark_submit.py:491} INFO - 25/11/03 04:13:50 INFO SparkContext: Added JAR file:///opt/***/jars/iceberg-spark-runtime-3.5_2.12-1.4.2.jar at spark://ec57452a9f33:42643/jars/iceberg-spark-runtime-3.5_2.12-1.4.2.jar with timestamp 1762143229865
[2025-11-03T04:13:50.233+0000] {spark_submit.py:491} INFO - 25/11/03 04:13:50 INFO SparkContext: Added JAR file:///opt/***/jars/aws-java-sdk-bundle-1.12.367.jar at spark://ec57452a9f33:42643/jars/aws-java-sdk-bundle-1.12.367.jar with timestamp 1762143229865
[2025-11-03T04:13:50.233+0000] {spark_submit.py:491} INFO - 25/11/03 04:13:50 INFO SparkContext: Added JAR file:///opt/***/jars/hadoop-aws-3.3.4.jar at spark://ec57452a9f33:42643/jars/hadoop-aws-3.3.4.jar with timestamp 1762143229865
[2025-11-03T04:13:50.262+0000] {spark_submit.py:491} INFO - 25/11/03 04:13:50 INFO Executor: Starting executor ID driver on host ec57452a9f33
[2025-11-03T04:13:50.263+0000] {spark_submit.py:491} INFO - 25/11/03 04:13:50 INFO Executor: OS info Linux, 6.10.14-linuxkit, aarch64
[2025-11-03T04:13:50.263+0000] {spark_submit.py:491} INFO - 25/11/03 04:13:50 INFO Executor: Java version 11.0.28
[2025-11-03T04:13:50.264+0000] {spark_submit.py:491} INFO - 25/11/03 04:13:50 INFO Executor: Starting executor with user classpath (userClassPathFirst = false): ''
[2025-11-03T04:13:50.265+0000] {spark_submit.py:491} INFO - 25/11/03 04:13:50 INFO Executor: Created or updated repl class loader org.apache.spark.util.MutableURLClassLoader@43e0d488 for default.
[2025-11-03T04:13:50.269+0000] {spark_submit.py:491} INFO - 25/11/03 04:13:50 INFO Executor: Fetching spark://ec57452a9f33:42643/jars/hadoop-aws-3.3.4.jar with timestamp 1762143229865
[2025-11-03T04:13:50.299+0000] {spark_submit.py:491} INFO - 25/11/03 04:13:50 INFO TransportClientFactory: Successfully created connection to ec57452a9f33/172.18.0.4:42643 after 15 ms (0 ms spent in bootstraps)
[2025-11-03T04:13:50.302+0000] {spark_submit.py:491} INFO - 25/11/03 04:13:50 INFO Utils: Fetching spark://ec57452a9f33:42643/jars/hadoop-aws-3.3.4.jar to /tmp/spark-766aa369-5e40-4bfc-8c86-f946bf609b9b/userFiles-a4b17522-543a-4ba3-9866-20c3320d58e3/fetchFileTemp1607554795839125048.tmp
[2025-11-03T04:13:50.318+0000] {spark_submit.py:491} INFO - 25/11/03 04:13:50 INFO Executor: Adding file:/tmp/spark-766aa369-5e40-4bfc-8c86-f946bf609b9b/userFiles-a4b17522-543a-4ba3-9866-20c3320d58e3/hadoop-aws-3.3.4.jar to class loader default
[2025-11-03T04:13:50.319+0000] {spark_submit.py:491} INFO - 25/11/03 04:13:50 INFO Executor: Fetching spark://ec57452a9f33:42643/jars/aws-java-sdk-bundle-1.12.367.jar with timestamp 1762143229865
[2025-11-03T04:13:50.319+0000] {spark_submit.py:491} INFO - 25/11/03 04:13:50 INFO Utils: Fetching spark://ec57452a9f33:42643/jars/aws-java-sdk-bundle-1.12.367.jar to /tmp/spark-766aa369-5e40-4bfc-8c86-f946bf609b9b/userFiles-a4b17522-543a-4ba3-9866-20c3320d58e3/fetchFileTemp4118952544487268194.tmp
[2025-11-03T04:13:50.759+0000] {spark_submit.py:491} INFO - 25/11/03 04:13:50 INFO Executor: Adding file:/tmp/spark-766aa369-5e40-4bfc-8c86-f946bf609b9b/userFiles-a4b17522-543a-4ba3-9866-20c3320d58e3/aws-java-sdk-bundle-1.12.367.jar to class loader default
[2025-11-03T04:13:50.764+0000] {spark_submit.py:491} INFO - 25/11/03 04:13:50 INFO Executor: Fetching spark://ec57452a9f33:42643/jars/iceberg-spark-runtime-3.5_2.12-1.4.2.jar with timestamp 1762143229865
[2025-11-03T04:13:50.764+0000] {spark_submit.py:491} INFO - 25/11/03 04:13:50 INFO Utils: Fetching spark://ec57452a9f33:42643/jars/iceberg-spark-runtime-3.5_2.12-1.4.2.jar to /tmp/spark-766aa369-5e40-4bfc-8c86-f946bf609b9b/userFiles-a4b17522-543a-4ba3-9866-20c3320d58e3/fetchFileTemp16302746526345627560.tmp
[2025-11-03T04:13:50.873+0000] {spark_submit.py:491} INFO - 25/11/03 04:13:50 INFO Executor: Adding file:/tmp/spark-766aa369-5e40-4bfc-8c86-f946bf609b9b/userFiles-a4b17522-543a-4ba3-9866-20c3320d58e3/iceberg-spark-runtime-3.5_2.12-1.4.2.jar to class loader default
[2025-11-03T04:13:50.883+0000] {spark_submit.py:491} INFO - 25/11/03 04:13:50 INFO Utils: Successfully started service 'org.apache.spark.network.netty.NettyBlockTransferService' on port 32773.
[2025-11-03T04:13:50.884+0000] {spark_submit.py:491} INFO - 25/11/03 04:13:50 INFO NettyBlockTransferService: Server created on ec57452a9f33:32773
[2025-11-03T04:13:50.886+0000] {spark_submit.py:491} INFO - 25/11/03 04:13:50 INFO BlockManager: Using org.apache.spark.storage.RandomBlockReplicationPolicy for block replication policy
[2025-11-03T04:13:50.889+0000] {spark_submit.py:491} INFO - 25/11/03 04:13:50 INFO BlockManagerMaster: Registering BlockManager BlockManagerId(driver, ec57452a9f33, 32773, None)
[2025-11-03T04:13:50.891+0000] {spark_submit.py:491} INFO - 25/11/03 04:13:50 INFO BlockManagerMasterEndpoint: Registering block manager ec57452a9f33:32773 with 434.4 MiB RAM, BlockManagerId(driver, ec57452a9f33, 32773, None)
[2025-11-03T04:13:50.893+0000] {spark_submit.py:491} INFO - 25/11/03 04:13:50 INFO BlockManagerMaster: Registered BlockManager BlockManagerId(driver, ec57452a9f33, 32773, None)
[2025-11-03T04:13:50.900+0000] {spark_submit.py:491} INFO - 25/11/03 04:13:50 INFO BlockManager: Initialized BlockManager: BlockManagerId(driver, ec57452a9f33, 32773, None)
[2025-11-03T04:13:52.386+0000] {spark_submit.py:491} INFO - 25/11/03 04:13:52 WARN MetricsConfig: Cannot locate configuration: tried hadoop-metrics2-s3a-file-system.properties,hadoop-metrics2.properties
[2025-11-03T04:13:53.056+0000] {spark_submit.py:491} INFO - Created/verified taxi zones table
[2025-11-03T04:13:53.056+0000] {spark_submit.py:491} INFO - Reading location data from: /opt/***/data/locations/nyc_taxi_zones.json
[2025-11-03T04:13:54.320+0000] {spark_submit.py:491} INFO - Raw location data count: 16
[2025-11-03T04:13:54.324+0000] {spark_submit.py:491} INFO - root
[2025-11-03T04:13:54.330+0000] {spark_submit.py:491} INFO - |-- borough: string (nullable = true)
[2025-11-03T04:13:54.330+0000] {spark_submit.py:491} INFO - |-- created_at: string (nullable = true)
[2025-11-03T04:13:54.330+0000] {spark_submit.py:491} INFO - |-- is_business_district: boolean (nullable = true)
[2025-11-03T04:13:54.330+0000] {spark_submit.py:491} INFO - |-- is_tourist_area: boolean (nullable = true)
[2025-11-03T04:13:54.330+0000] {spark_submit.py:491} INFO - |-- lat: double (nullable = true)
[2025-11-03T04:13:54.330+0000] {spark_submit.py:491} INFO - |-- location_id: long (nullable = true)
[2025-11-03T04:13:54.331+0000] {spark_submit.py:491} INFO - |-- lon: double (nullable = true)
[2025-11-03T04:13:54.331+0000] {spark_submit.py:491} INFO - |-- zone: string (nullable = true)
[2025-11-03T04:13:54.331+0000] {spark_submit.py:491} INFO - |-- zone_type: string (nullable = true)
[2025-11-03T04:13:54.331+0000] {spark_submit.py:491} INFO - 
[2025-11-03T04:13:54.519+0000] {spark_submit.py:491} INFO - Processed location data count: 16
[2025-11-03T04:13:55.806+0000] {spark_submit.py:491} INFO - Successfully wrote location data to Iceberg table
[2025-11-03T04:13:57.243+0000] {spark_submit.py:491} INFO - +---------+----------+-------------+--------------+
[2025-11-03T04:13:57.244+0000] {spark_submit.py:491} INFO - |  borough|zone_count|tourist_zones|business_zones|
[2025-11-03T04:13:57.244+0000] {spark_submit.py:491} INFO - +---------+----------+-------------+--------------+
[2025-11-03T04:13:57.244+0000] {spark_submit.py:491} INFO - |Manhattan|        13|            4|             3|
[2025-11-03T04:13:57.245+0000] {spark_submit.py:491} INFO - |   Queens|         2|            0|             0|
[2025-11-03T04:13:57.245+0000] {spark_submit.py:491} INFO - | Brooklyn|         1|            0|             0|
[2025-11-03T04:13:57.245+0000] {spark_submit.py:491} INFO - +---------+----------+-------------+--------------+
[2025-11-03T04:13:57.245+0000] {spark_submit.py:491} INFO - 
[2025-11-03T04:13:57.245+0000] {spark_submit.py:491} INFO - Location ETL job completed successfully!
[2025-11-03T04:13:57.762+0000] {taskinstance.py:1398} INFO - Marking task as SUCCESS. dag_id=nyc_weather_etl, task_id=spark_process_location_to_iceberg, execution_date=20251103T041345, start_date=20251103T041348, end_date=20251103T041357
[2025-11-03T04:13:57.818+0000] {local_task_job_runner.py:228} INFO - Task exited with return code 0
[2025-11-03T04:13:57.829+0000] {taskinstance.py:2776} INFO - 0 downstream tasks scheduled from follow-on schedule check
