[2025-10-27T06:22:04.867+0000] {taskinstance.py:1157} INFO - Dependencies all met for dep_context=non-requeueable deps ti=<TaskInstance: nyc_weather_etl.spark_process_weather_to_iceberg scheduled__2025-10-27T05:22:01.412179+00:00 [queued]>
[2025-10-27T06:22:04.870+0000] {taskinstance.py:1157} INFO - Dependencies all met for dep_context=requeueable deps ti=<TaskInstance: nyc_weather_etl.spark_process_weather_to_iceberg scheduled__2025-10-27T05:22:01.412179+00:00 [queued]>
[2025-10-27T06:22:04.871+0000] {taskinstance.py:1359} INFO - Starting attempt 1 of 1
[2025-10-27T06:22:04.876+0000] {taskinstance.py:1380} INFO - Executing <Task(SparkSubmitOperator): spark_process_weather_to_iceberg> on 2025-10-27 05:22:01.412179+00:00
[2025-10-27T06:22:04.879+0000] {standard_task_runner.py:57} INFO - Started process 16637 to run task
[2025-10-27T06:22:04.881+0000] {standard_task_runner.py:84} INFO - Running: ['***', 'tasks', 'run', 'nyc_weather_etl', 'spark_process_weather_to_iceberg', 'scheduled__2025-10-27T05:22:01.412179+00:00', '--job-id', '701', '--raw', '--subdir', 'DAGS_FOLDER/nyc_weather_etl.py', '--cfg-path', '/tmp/tmpfqlgwqpf']
[2025-10-27T06:22:04.883+0000] {standard_task_runner.py:85} INFO - Job 701: Subtask spark_process_weather_to_iceberg
[2025-10-27T06:22:04.902+0000] {task_command.py:415} INFO - Running <TaskInstance: nyc_weather_etl.spark_process_weather_to_iceberg scheduled__2025-10-27T05:22:01.412179+00:00 [running]> on host b40be2a595bb
[2025-10-27T06:22:05.020+0000] {taskinstance.py:1660} INFO - Exporting env vars: AIRFLOW_CTX_DAG_OWNER='data-engineering' AIRFLOW_CTX_DAG_ID='nyc_weather_etl' AIRFLOW_CTX_TASK_ID='spark_process_weather_to_iceberg' AIRFLOW_CTX_EXECUTION_DATE='2025-10-27T05:22:01.412179+00:00' AIRFLOW_CTX_TRY_NUMBER='1' AIRFLOW_CTX_DAG_RUN_ID='scheduled__2025-10-27T05:22:01.412179+00:00'
[2025-10-27T06:22:05.025+0000] {base.py:73} INFO - Using connection ID 'spark_default' for task execution.
[2025-10-27T06:22:05.026+0000] {spark_submit.py:340} INFO - Spark-Submit cmd: /opt/bitnami/spark/bin/spark-submit --master spark://spark-master:7077 --conf spark.master=spark://spark-master:7077 --conf spark.sql.catalog.spark_catalog=org.apache.iceberg.spark.SparkSessionCatalog --conf spark.sql.catalog.spark_catalog.type=hive --conf spark.sql.catalog.iceberg=org.apache.iceberg.spark.SparkCatalog --conf spark.sql.catalog.iceberg.type=hadoop --conf spark.sql.catalog.iceberg.warehouse=s3a://lakehouse/warehouse --conf spark.sql.extensions=org.apache.iceberg.spark.extensions.IcebergSparkSessionExtensions --conf spark.hadoop.fs.s3a.endpoint=http://minio:9000 --conf spark.hadoop.fs.s3a.access.key=admin --conf spark.hadoop.fs.s3a.secret.key=****** --conf spark.hadoop.fs.s3a.path.style.access=true --conf spark.hadoop.fs.s3a.impl=org.apache.hadoop.fs.s3a.S3AFileSystem --jars /opt/***/jars/iceberg-spark-runtime-3.5_2.12-1.4.2.jar,/opt/***/jars/aws-java-sdk-bundle-1.12.367.jar,/opt/***/jars/hadoop-aws-3.3.4.jar --name arrow-spark --queue default /opt/***/dags/spark_jobs/weather_to_iceberg.py /opt/***/data/weather/weather_data_20251008_06.json
[2025-10-27T06:22:05.788+0000] {spark_submit.py:491} INFO - 25/10/27 06:22:05 WARN NativeCodeLoader: Unable to load native-hadoop library for your platform... using builtin-java classes where applicable
[2025-10-27T06:22:06.451+0000] {spark_submit.py:491} INFO - 25/10/27 06:22:06 INFO SparkContext: Running Spark version 3.5.1
[2025-10-27T06:22:06.451+0000] {spark_submit.py:491} INFO - 25/10/27 06:22:06 INFO SparkContext: OS info Linux, 6.10.14-linuxkit, aarch64
[2025-10-27T06:22:06.451+0000] {spark_submit.py:491} INFO - 25/10/27 06:22:06 INFO SparkContext: Java version 11.0.28
[2025-10-27T06:22:06.463+0000] {spark_submit.py:491} INFO - 25/10/27 06:22:06 INFO ResourceUtils: ==============================================================
[2025-10-27T06:22:06.464+0000] {spark_submit.py:491} INFO - 25/10/27 06:22:06 INFO ResourceUtils: No custom resources configured for spark.driver.
[2025-10-27T06:22:06.464+0000] {spark_submit.py:491} INFO - 25/10/27 06:22:06 INFO ResourceUtils: ==============================================================
[2025-10-27T06:22:06.464+0000] {spark_submit.py:491} INFO - 25/10/27 06:22:06 INFO SparkContext: Submitted application: Weather to Iceberg ETL
[2025-10-27T06:22:06.474+0000] {spark_submit.py:491} INFO - 25/10/27 06:22:06 INFO ResourceProfile: Default ResourceProfile created, executor resources: Map(cores -> name: cores, amount: 1, script: , vendor: , memory -> name: memory, amount: 1024, script: , vendor: , offHeap -> name: offHeap, amount: 0, script: , vendor: ), task resources: Map(cpus -> name: cpus, amount: 1.0)
[2025-10-27T06:22:06.478+0000] {spark_submit.py:491} INFO - 25/10/27 06:22:06 INFO ResourceProfile: Limiting resource is cpu
[2025-10-27T06:22:06.478+0000] {spark_submit.py:491} INFO - 25/10/27 06:22:06 INFO ResourceProfileManager: Added ResourceProfile id: 0
[2025-10-27T06:22:06.506+0000] {spark_submit.py:491} INFO - 25/10/27 06:22:06 INFO SecurityManager: Changing view acls to: ***
[2025-10-27T06:22:06.507+0000] {spark_submit.py:491} INFO - 25/10/27 06:22:06 INFO SecurityManager: Changing modify acls to: ***
[2025-10-27T06:22:06.507+0000] {spark_submit.py:491} INFO - 25/10/27 06:22:06 INFO SecurityManager: Changing view acls groups to:
[2025-10-27T06:22:06.507+0000] {spark_submit.py:491} INFO - 25/10/27 06:22:06 INFO SecurityManager: Changing modify acls groups to:
[2025-10-27T06:22:06.507+0000] {spark_submit.py:491} INFO - 25/10/27 06:22:06 INFO SecurityManager: SecurityManager: authentication disabled; ui acls disabled; users with view permissions: ***; groups with view permissions: EMPTY; users with modify permissions: ***; groups with modify permissions: EMPTY
[2025-10-27T06:22:06.597+0000] {spark_submit.py:491} INFO - 25/10/27 06:22:06 INFO Utils: Successfully started service 'sparkDriver' on port 35723.
[2025-10-27T06:22:06.610+0000] {spark_submit.py:491} INFO - 25/10/27 06:22:06 INFO SparkEnv: Registering MapOutputTracker
[2025-10-27T06:22:06.623+0000] {spark_submit.py:491} INFO - 25/10/27 06:22:06 INFO SparkEnv: Registering BlockManagerMaster
[2025-10-27T06:22:06.633+0000] {spark_submit.py:491} INFO - 25/10/27 06:22:06 INFO BlockManagerMasterEndpoint: Using org.apache.spark.storage.DefaultTopologyMapper for getting topology information
[2025-10-27T06:22:06.634+0000] {spark_submit.py:491} INFO - 25/10/27 06:22:06 INFO BlockManagerMasterEndpoint: BlockManagerMasterEndpoint up
[2025-10-27T06:22:06.635+0000] {spark_submit.py:491} INFO - 25/10/27 06:22:06 INFO SparkEnv: Registering BlockManagerMasterHeartbeat
[2025-10-27T06:22:06.646+0000] {spark_submit.py:491} INFO - 25/10/27 06:22:06 INFO DiskBlockManager: Created local directory at /tmp/blockmgr-0ee4a4e4-3b91-40f0-b043-23585ce6c3e4
[2025-10-27T06:22:06.651+0000] {spark_submit.py:491} INFO - 25/10/27 06:22:06 INFO MemoryStore: MemoryStore started with capacity 434.4 MiB
[2025-10-27T06:22:06.658+0000] {spark_submit.py:491} INFO - 25/10/27 06:22:06 INFO SparkEnv: Registering OutputCommitCoordinator
[2025-10-27T06:22:06.711+0000] {spark_submit.py:491} INFO - 25/10/27 06:22:06 INFO JettyUtils: Start Jetty 0.0.0.0:4040 for SparkUI
[2025-10-27T06:22:06.735+0000] {spark_submit.py:491} INFO - 25/10/27 06:22:06 WARN Utils: Service 'SparkUI' could not bind on port 4040. Attempting port 4041.
[2025-10-27T06:22:06.741+0000] {spark_submit.py:491} INFO - 25/10/27 06:22:06 INFO Utils: Successfully started service 'SparkUI' on port 4041.
[2025-10-27T06:22:06.758+0000] {spark_submit.py:491} INFO - 25/10/27 06:22:06 INFO SparkContext: Added JAR file:///opt/***/jars/iceberg-spark-runtime-3.5_2.12-1.4.2.jar at spark://b40be2a595bb:35723/jars/iceberg-spark-runtime-3.5_2.12-1.4.2.jar with timestamp 1761546126445
[2025-10-27T06:22:06.759+0000] {spark_submit.py:491} INFO - 25/10/27 06:22:06 INFO SparkContext: Added JAR file:///opt/***/jars/aws-java-sdk-bundle-1.12.367.jar at spark://b40be2a595bb:35723/jars/aws-java-sdk-bundle-1.12.367.jar with timestamp 1761546126445
[2025-10-27T06:22:06.759+0000] {spark_submit.py:491} INFO - 25/10/27 06:22:06 INFO SparkContext: Added JAR file:///opt/***/jars/hadoop-aws-3.3.4.jar at spark://b40be2a595bb:35723/jars/hadoop-aws-3.3.4.jar with timestamp 1761546126445
[2025-10-27T06:22:06.797+0000] {spark_submit.py:491} INFO - 25/10/27 06:22:06 INFO Executor: Starting executor ID driver on host b40be2a595bb
[2025-10-27T06:22:06.798+0000] {spark_submit.py:491} INFO - 25/10/27 06:22:06 INFO Executor: OS info Linux, 6.10.14-linuxkit, aarch64
[2025-10-27T06:22:06.798+0000] {spark_submit.py:491} INFO - 25/10/27 06:22:06 INFO Executor: Java version 11.0.28
[2025-10-27T06:22:06.800+0000] {spark_submit.py:491} INFO - 25/10/27 06:22:06 INFO Executor: Starting executor with user classpath (userClassPathFirst = false): ''
[2025-10-27T06:22:06.800+0000] {spark_submit.py:491} INFO - 25/10/27 06:22:06 INFO Executor: Created or updated repl class loader org.apache.spark.util.MutableURLClassLoader@67411ff4 for default.
[2025-10-27T06:22:06.805+0000] {spark_submit.py:491} INFO - 25/10/27 06:22:06 INFO Executor: Fetching spark://b40be2a595bb:35723/jars/hadoop-aws-3.3.4.jar with timestamp 1761546126445
[2025-10-27T06:22:06.840+0000] {spark_submit.py:491} INFO - 25/10/27 06:22:06 INFO TransportClientFactory: Successfully created connection to b40be2a595bb/172.18.0.5:35723 after 16 ms (0 ms spent in bootstraps)
[2025-10-27T06:22:06.846+0000] {spark_submit.py:491} INFO - 25/10/27 06:22:06 INFO Utils: Fetching spark://b40be2a595bb:35723/jars/hadoop-aws-3.3.4.jar to /tmp/spark-f102eb62-a1a5-40e0-8e3e-a7a665c07480/userFiles-a0ac1912-def4-4ede-9901-cd16480e74c3/fetchFileTemp4096900593209823842.tmp
[2025-10-27T06:22:06.869+0000] {spark_submit.py:491} INFO - 25/10/27 06:22:06 INFO Executor: Adding file:/tmp/spark-f102eb62-a1a5-40e0-8e3e-a7a665c07480/userFiles-a0ac1912-def4-4ede-9901-cd16480e74c3/hadoop-aws-3.3.4.jar to class loader default
[2025-10-27T06:22:06.869+0000] {spark_submit.py:491} INFO - 25/10/27 06:22:06 INFO Executor: Fetching spark://b40be2a595bb:35723/jars/aws-java-sdk-bundle-1.12.367.jar with timestamp 1761546126445
[2025-10-27T06:22:06.870+0000] {spark_submit.py:491} INFO - 25/10/27 06:22:06 INFO Utils: Fetching spark://b40be2a595bb:35723/jars/aws-java-sdk-bundle-1.12.367.jar to /tmp/spark-f102eb62-a1a5-40e0-8e3e-a7a665c07480/userFiles-a0ac1912-def4-4ede-9901-cd16480e74c3/fetchFileTemp3846232589918539781.tmp
[2025-10-27T06:22:07.378+0000] {spark_submit.py:491} INFO - 25/10/27 06:22:07 INFO Executor: Adding file:/tmp/spark-f102eb62-a1a5-40e0-8e3e-a7a665c07480/userFiles-a0ac1912-def4-4ede-9901-cd16480e74c3/aws-java-sdk-bundle-1.12.367.jar to class loader default
[2025-10-27T06:22:07.378+0000] {spark_submit.py:491} INFO - 25/10/27 06:22:07 INFO Executor: Fetching spark://b40be2a595bb:35723/jars/iceberg-spark-runtime-3.5_2.12-1.4.2.jar with timestamp 1761546126445
[2025-10-27T06:22:07.379+0000] {spark_submit.py:491} INFO - 25/10/27 06:22:07 INFO Utils: Fetching spark://b40be2a595bb:35723/jars/iceberg-spark-runtime-3.5_2.12-1.4.2.jar to /tmp/spark-f102eb62-a1a5-40e0-8e3e-a7a665c07480/userFiles-a0ac1912-def4-4ede-9901-cd16480e74c3/fetchFileTemp11983622417166533055.tmp
[2025-10-27T06:22:07.428+0000] {spark_submit.py:491} INFO - 25/10/27 06:22:07 INFO Executor: Adding file:/tmp/spark-f102eb62-a1a5-40e0-8e3e-a7a665c07480/userFiles-a0ac1912-def4-4ede-9901-cd16480e74c3/iceberg-spark-runtime-3.5_2.12-1.4.2.jar to class loader default
[2025-10-27T06:22:07.434+0000] {spark_submit.py:491} INFO - 25/10/27 06:22:07 INFO Utils: Successfully started service 'org.apache.spark.network.netty.NettyBlockTransferService' on port 44517.
[2025-10-27T06:22:07.435+0000] {spark_submit.py:491} INFO - 25/10/27 06:22:07 INFO NettyBlockTransferService: Server created on b40be2a595bb:44517
[2025-10-27T06:22:07.436+0000] {spark_submit.py:491} INFO - 25/10/27 06:22:07 INFO BlockManager: Using org.apache.spark.storage.RandomBlockReplicationPolicy for block replication policy
[2025-10-27T06:22:07.440+0000] {spark_submit.py:491} INFO - 25/10/27 06:22:07 INFO BlockManagerMaster: Registering BlockManager BlockManagerId(driver, b40be2a595bb, 44517, None)
[2025-10-27T06:22:07.442+0000] {spark_submit.py:491} INFO - 25/10/27 06:22:07 INFO BlockManagerMasterEndpoint: Registering block manager b40be2a595bb:44517 with 434.4 MiB RAM, BlockManagerId(driver, b40be2a595bb, 44517, None)
[2025-10-27T06:22:07.443+0000] {spark_submit.py:491} INFO - 25/10/27 06:22:07 INFO BlockManagerMaster: Registered BlockManager BlockManagerId(driver, b40be2a595bb, 44517, None)
[2025-10-27T06:22:07.443+0000] {spark_submit.py:491} INFO - 25/10/27 06:22:07 INFO BlockManager: Initialized BlockManager: BlockManagerId(driver, b40be2a595bb, 44517, None)
[2025-10-27T06:22:08.786+0000] {spark_submit.py:491} INFO - 25/10/27 06:22:08 WARN MetricsConfig: Cannot locate configuration: tried hadoop-metrics2-s3a-file-system.properties,hadoop-metrics2.properties
[2025-10-27T06:22:09.475+0000] {spark_submit.py:491} INFO - Created/verified weather table
[2025-10-27T06:22:09.476+0000] {spark_submit.py:491} INFO - Reading weather data from: /opt/***/data/weather/weather_data_20251008_06.json
[2025-10-27T06:22:10.609+0000] {spark_submit.py:491} INFO - Raw weather data count: 24
[2025-10-27T06:22:10.612+0000] {spark_submit.py:491} INFO - root
[2025-10-27T06:22:10.612+0000] {spark_submit.py:491} INFO - |-- timestamp: string (nullable = true)
[2025-10-27T06:22:10.612+0000] {spark_submit.py:491} INFO - |-- location: string (nullable = true)
[2025-10-27T06:22:10.612+0000] {spark_submit.py:491} INFO - |-- latitude: double (nullable = true)
[2025-10-27T06:22:10.613+0000] {spark_submit.py:491} INFO - |-- longitude: double (nullable = true)
[2025-10-27T06:22:10.614+0000] {spark_submit.py:491} INFO - |-- temperature_celsius: double (nullable = true)
[2025-10-27T06:22:10.614+0000] {spark_submit.py:491} INFO - |-- temperature_fahrenheit: double (nullable = true)
[2025-10-27T06:22:10.614+0000] {spark_submit.py:491} INFO - |-- humidity_percent: double (nullable = true)
[2025-10-27T06:22:10.614+0000] {spark_submit.py:491} INFO - |-- pressure_hpa: double (nullable = true)
[2025-10-27T06:22:10.615+0000] {spark_submit.py:491} INFO - |-- wind_speed_kmh: double (nullable = true)
[2025-10-27T06:22:10.615+0000] {spark_submit.py:491} INFO - |-- weather_condition: string (nullable = true)
[2025-10-27T06:22:10.615+0000] {spark_submit.py:491} INFO - |-- visibility_km: double (nullable = true)
[2025-10-27T06:22:10.616+0000] {spark_submit.py:491} INFO - |-- uv_index: double (nullable = true)
[2025-10-27T06:22:10.616+0000] {spark_submit.py:491} INFO - |-- hour: integer (nullable = true)
[2025-10-27T06:22:10.616+0000] {spark_submit.py:491} INFO - |-- day_of_week: integer (nullable = true)
[2025-10-27T06:22:10.616+0000] {spark_submit.py:491} INFO - |-- is_weekend: boolean (nullable = true)
[2025-10-27T06:22:10.616+0000] {spark_submit.py:491} INFO - 
[2025-10-27T06:22:10.871+0000] {spark_submit.py:491} INFO - Processed weather data count: 24
[2025-10-27T06:22:12.009+0000] {spark_submit.py:491} INFO - Successfully wrote weather data to Iceberg table
[2025-10-27T06:22:13.241+0000] {spark_submit.py:491} INFO - +------------+------------------+------------------+-----------------+--------------------+
[2025-10-27T06:22:13.242+0000] {spark_submit.py:491} INFO - |weather_date|        avg_temp_c|      avg_humidity|   avg_wind_speed|          conditions|
[2025-10-27T06:22:13.242+0000] {spark_submit.py:491} INFO - +------------+------------------+------------------+-----------------+--------------------+
[2025-10-27T06:22:13.242+0000] {spark_submit.py:491} INFO - |  2025-10-08|14.865714285714287| 55.28571428571428|9.157142857142857|[clear, snow, clo...|
[2025-10-27T06:22:13.242+0000] {spark_submit.py:491} INFO - |  2025-10-07|16.545882352941174|61.094117647058845|7.900000000000002|[clear, snow, rai...|
[2025-10-27T06:22:13.242+0000] {spark_submit.py:491} INFO - +------------+------------------+------------------+-----------------+--------------------+
[2025-10-27T06:22:13.242+0000] {spark_submit.py:491} INFO - 
[2025-10-27T06:22:13.242+0000] {spark_submit.py:491} INFO - Weather ETL job completed successfully!
[2025-10-27T06:22:14.181+0000] {taskinstance.py:1398} INFO - Marking task as SUCCESS. dag_id=nyc_weather_etl, task_id=spark_process_weather_to_iceberg, execution_date=20251027T052201, start_date=20251027T062204, end_date=20251027T062214
[2025-10-27T06:22:14.208+0000] {local_task_job_runner.py:228} INFO - Task exited with return code 0
[2025-10-27T06:22:14.215+0000] {taskinstance.py:2776} INFO - 0 downstream tasks scheduled from follow-on schedule check
