[2025-11-03T02:54:34.897+0000] {taskinstance.py:1157} INFO - Dependencies all met for dep_context=non-requeueable deps ti=<TaskInstance: nyc_taxi_iceberg_etl.spark_process_to_iceberg manual__2025-11-03T02:54:27.455936+00:00 [queued]>
[2025-11-03T02:54:34.900+0000] {taskinstance.py:1157} INFO - Dependencies all met for dep_context=requeueable deps ti=<TaskInstance: nyc_taxi_iceberg_etl.spark_process_to_iceberg manual__2025-11-03T02:54:27.455936+00:00 [queued]>
[2025-11-03T02:54:34.900+0000] {taskinstance.py:1359} INFO - Starting attempt 1 of 1
[2025-11-03T02:54:34.904+0000] {taskinstance.py:1380} INFO - Executing <Task(SparkSubmitOperator): spark_process_to_iceberg> on 2025-11-03 02:54:27.455936+00:00
[2025-11-03T02:54:34.907+0000] {standard_task_runner.py:57} INFO - Started process 2740 to run task
[2025-11-03T02:54:34.909+0000] {standard_task_runner.py:84} INFO - Running: ['***', 'tasks', 'run', 'nyc_taxi_iceberg_etl', 'spark_process_to_iceberg', 'manual__2025-11-03T02:54:27.455936+00:00', '--job-id', '68', '--raw', '--subdir', 'DAGS_FOLDER/nyc_taxi_iceberg_etl.py', '--cfg-path', '/tmp/tmpes3tdbje']
[2025-11-03T02:54:34.910+0000] {standard_task_runner.py:85} INFO - Job 68: Subtask spark_process_to_iceberg
[2025-11-03T02:54:34.933+0000] {task_command.py:415} INFO - Running <TaskInstance: nyc_taxi_iceberg_etl.spark_process_to_iceberg manual__2025-11-03T02:54:27.455936+00:00 [running]> on host ec57452a9f33
[2025-11-03T02:54:35.077+0000] {taskinstance.py:1660} INFO - Exporting env vars: AIRFLOW_CTX_DAG_OWNER='data-engineering' AIRFLOW_CTX_DAG_ID='nyc_taxi_iceberg_etl' AIRFLOW_CTX_TASK_ID='spark_process_to_iceberg' AIRFLOW_CTX_EXECUTION_DATE='2025-11-03T02:54:27.455936+00:00' AIRFLOW_CTX_TRY_NUMBER='1' AIRFLOW_CTX_DAG_RUN_ID='manual__2025-11-03T02:54:27.455936+00:00'
[2025-11-03T02:54:35.078+0000] {base.py:73} INFO - Using connection ID 'spark_default' for task execution.
[2025-11-03T02:54:35.079+0000] {spark_submit.py:340} INFO - Spark-Submit cmd: /opt/bitnami/spark/bin/spark-submit --master spark-master:7077 --conf spark.master=spark://spark-master:7077 --conf spark.sql.catalog.spark_catalog=org.apache.iceberg.spark.SparkSessionCatalog --conf spark.sql.catalog.spark_catalog.type=hive --conf spark.sql.catalog.iceberg=org.apache.iceberg.spark.SparkCatalog --conf spark.sql.catalog.iceberg.type=hadoop --conf spark.sql.catalog.iceberg.warehouse=s3a://lakehouse/warehouse --conf spark.sql.extensions=org.apache.iceberg.spark.extensions.IcebergSparkSessionExtensions --conf spark.hadoop.fs.s3a.endpoint=http://minio:9000 --conf spark.hadoop.fs.s3a.access.key=admin --conf spark.hadoop.fs.s3a.secret.key=****** --conf spark.hadoop.fs.s3a.path.style.access=true --conf spark.hadoop.fs.s3a.impl=org.apache.hadoop.fs.s3a.S3AFileSystem --jars /opt/***/jars/iceberg-spark-runtime-3.5_2.12-1.4.2.jar,/opt/***/jars/aws-java-sdk-bundle-1.12.367.jar,/opt/***/jars/hadoop-aws-3.3.4.jar --name arrow-spark /opt/***/dags/spark_jobs/nyc_taxi_to_iceberg.py /opt/***/data/raw/yellow_tripdata_2025-11.parquet
[2025-11-03T02:54:35.832+0000] {spark_submit.py:491} INFO - 25/11/03 02:54:35 WARN NativeCodeLoader: Unable to load native-hadoop library for your platform... using builtin-java classes where applicable
[2025-11-03T02:54:36.315+0000] {spark_submit.py:491} INFO - 25/11/03 02:54:36 INFO SparkContext: Running Spark version 3.5.1
[2025-11-03T02:54:36.315+0000] {spark_submit.py:491} INFO - 25/11/03 02:54:36 INFO SparkContext: OS info Linux, 6.10.14-linuxkit, aarch64
[2025-11-03T02:54:36.315+0000] {spark_submit.py:491} INFO - 25/11/03 02:54:36 INFO SparkContext: Java version 11.0.28
[2025-11-03T02:54:36.325+0000] {spark_submit.py:491} INFO - 25/11/03 02:54:36 INFO ResourceUtils: ==============================================================
[2025-11-03T02:54:36.325+0000] {spark_submit.py:491} INFO - 25/11/03 02:54:36 INFO ResourceUtils: No custom resources configured for spark.driver.
[2025-11-03T02:54:36.325+0000] {spark_submit.py:491} INFO - 25/11/03 02:54:36 INFO ResourceUtils: ==============================================================
[2025-11-03T02:54:36.326+0000] {spark_submit.py:491} INFO - 25/11/03 02:54:36 INFO SparkContext: Submitted application: NYC Taxi to Iceberg ETL
[2025-11-03T02:54:36.333+0000] {spark_submit.py:491} INFO - 25/11/03 02:54:36 INFO ResourceProfile: Default ResourceProfile created, executor resources: Map(cores -> name: cores, amount: 1, script: , vendor: , memory -> name: memory, amount: 1024, script: , vendor: , offHeap -> name: offHeap, amount: 0, script: , vendor: ), task resources: Map(cpus -> name: cpus, amount: 1.0)
[2025-11-03T02:54:36.337+0000] {spark_submit.py:491} INFO - 25/11/03 02:54:36 INFO ResourceProfile: Limiting resource is cpu
[2025-11-03T02:54:36.337+0000] {spark_submit.py:491} INFO - 25/11/03 02:54:36 INFO ResourceProfileManager: Added ResourceProfile id: 0
[2025-11-03T02:54:36.361+0000] {spark_submit.py:491} INFO - 25/11/03 02:54:36 INFO SecurityManager: Changing view acls to: ***
[2025-11-03T02:54:36.361+0000] {spark_submit.py:491} INFO - 25/11/03 02:54:36 INFO SecurityManager: Changing modify acls to: ***
[2025-11-03T02:54:36.361+0000] {spark_submit.py:491} INFO - 25/11/03 02:54:36 INFO SecurityManager: Changing view acls groups to:
[2025-11-03T02:54:36.361+0000] {spark_submit.py:491} INFO - 25/11/03 02:54:36 INFO SecurityManager: Changing modify acls groups to:
[2025-11-03T02:54:36.362+0000] {spark_submit.py:491} INFO - 25/11/03 02:54:36 INFO SecurityManager: SecurityManager: authentication disabled; ui acls disabled; users with view permissions: ***; groups with view permissions: EMPTY; users with modify permissions: ***; groups with modify permissions: EMPTY
[2025-11-03T02:54:36.447+0000] {spark_submit.py:491} INFO - 25/11/03 02:54:36 INFO Utils: Successfully started service 'sparkDriver' on port 35005.
[2025-11-03T02:54:36.458+0000] {spark_submit.py:491} INFO - 25/11/03 02:54:36 INFO SparkEnv: Registering MapOutputTracker
[2025-11-03T02:54:36.470+0000] {spark_submit.py:491} INFO - 25/11/03 02:54:36 INFO SparkEnv: Registering BlockManagerMaster
[2025-11-03T02:54:36.480+0000] {spark_submit.py:491} INFO - 25/11/03 02:54:36 INFO BlockManagerMasterEndpoint: Using org.apache.spark.storage.DefaultTopologyMapper for getting topology information
[2025-11-03T02:54:36.480+0000] {spark_submit.py:491} INFO - 25/11/03 02:54:36 INFO BlockManagerMasterEndpoint: BlockManagerMasterEndpoint up
[2025-11-03T02:54:36.481+0000] {spark_submit.py:491} INFO - 25/11/03 02:54:36 INFO SparkEnv: Registering BlockManagerMasterHeartbeat
[2025-11-03T02:54:36.490+0000] {spark_submit.py:491} INFO - 25/11/03 02:54:36 INFO DiskBlockManager: Created local directory at /tmp/blockmgr-29d69519-9619-4f30-bdb4-293f47949b7f
[2025-11-03T02:54:36.495+0000] {spark_submit.py:491} INFO - 25/11/03 02:54:36 INFO MemoryStore: MemoryStore started with capacity 434.4 MiB
[2025-11-03T02:54:36.500+0000] {spark_submit.py:491} INFO - 25/11/03 02:54:36 INFO SparkEnv: Registering OutputCommitCoordinator
[2025-11-03T02:54:36.547+0000] {spark_submit.py:491} INFO - 25/11/03 02:54:36 INFO JettyUtils: Start Jetty 0.0.0.0:4040 for SparkUI
[2025-11-03T02:54:36.571+0000] {spark_submit.py:491} INFO - 25/11/03 02:54:36 INFO Utils: Successfully started service 'SparkUI' on port 4040.
[2025-11-03T02:54:36.584+0000] {spark_submit.py:491} INFO - 25/11/03 02:54:36 INFO SparkContext: Added JAR file:///opt/***/jars/iceberg-spark-runtime-3.5_2.12-1.4.2.jar at spark://ec57452a9f33:35005/jars/iceberg-spark-runtime-3.5_2.12-1.4.2.jar with timestamp 1762138476311
[2025-11-03T02:54:36.585+0000] {spark_submit.py:491} INFO - 25/11/03 02:54:36 INFO SparkContext: Added JAR file:///opt/***/jars/aws-java-sdk-bundle-1.12.367.jar at spark://ec57452a9f33:35005/jars/aws-java-sdk-bundle-1.12.367.jar with timestamp 1762138476311
[2025-11-03T02:54:36.585+0000] {spark_submit.py:491} INFO - 25/11/03 02:54:36 INFO SparkContext: Added JAR file:///opt/***/jars/hadoop-aws-3.3.4.jar at spark://ec57452a9f33:35005/jars/hadoop-aws-3.3.4.jar with timestamp 1762138476311
[2025-11-03T02:54:36.607+0000] {spark_submit.py:491} INFO - 25/11/03 02:54:36 INFO Executor: Starting executor ID driver on host ec57452a9f33
[2025-11-03T02:54:36.607+0000] {spark_submit.py:491} INFO - 25/11/03 02:54:36 INFO Executor: OS info Linux, 6.10.14-linuxkit, aarch64
[2025-11-03T02:54:36.607+0000] {spark_submit.py:491} INFO - 25/11/03 02:54:36 INFO Executor: Java version 11.0.28
[2025-11-03T02:54:36.609+0000] {spark_submit.py:491} INFO - 25/11/03 02:54:36 INFO Executor: Starting executor with user classpath (userClassPathFirst = false): ''
[2025-11-03T02:54:36.609+0000] {spark_submit.py:491} INFO - 25/11/03 02:54:36 INFO Executor: Created or updated repl class loader org.apache.spark.util.MutableURLClassLoader@e14747e for default.
[2025-11-03T02:54:36.613+0000] {spark_submit.py:491} INFO - 25/11/03 02:54:36 INFO Executor: Fetching spark://ec57452a9f33:35005/jars/hadoop-aws-3.3.4.jar with timestamp 1762138476311
[2025-11-03T02:54:36.635+0000] {spark_submit.py:491} INFO - 25/11/03 02:54:36 INFO TransportClientFactory: Successfully created connection to ec57452a9f33/172.18.0.4:35005 after 10 ms (0 ms spent in bootstraps)
[2025-11-03T02:54:36.638+0000] {spark_submit.py:491} INFO - 25/11/03 02:54:36 INFO Utils: Fetching spark://ec57452a9f33:35005/jars/hadoop-aws-3.3.4.jar to /tmp/spark-dc1a164a-4eb9-48bd-9e50-5dd233ab168d/userFiles-a727d12d-188a-4635-b35f-bfeec0cf5a90/fetchFileTemp1776420981784279658.tmp
[2025-11-03T02:54:36.650+0000] {spark_submit.py:491} INFO - 25/11/03 02:54:36 INFO Executor: Adding file:/tmp/spark-dc1a164a-4eb9-48bd-9e50-5dd233ab168d/userFiles-a727d12d-188a-4635-b35f-bfeec0cf5a90/hadoop-aws-3.3.4.jar to class loader default
[2025-11-03T02:54:36.651+0000] {spark_submit.py:491} INFO - 25/11/03 02:54:36 INFO Executor: Fetching spark://ec57452a9f33:35005/jars/iceberg-spark-runtime-3.5_2.12-1.4.2.jar with timestamp 1762138476311
[2025-11-03T02:54:36.651+0000] {spark_submit.py:491} INFO - 25/11/03 02:54:36 INFO Utils: Fetching spark://ec57452a9f33:35005/jars/iceberg-spark-runtime-3.5_2.12-1.4.2.jar to /tmp/spark-dc1a164a-4eb9-48bd-9e50-5dd233ab168d/userFiles-a727d12d-188a-4635-b35f-bfeec0cf5a90/fetchFileTemp18136209660660549035.tmp
[2025-11-03T02:54:36.687+0000] {spark_submit.py:491} INFO - 25/11/03 02:54:36 INFO Executor: Adding file:/tmp/spark-dc1a164a-4eb9-48bd-9e50-5dd233ab168d/userFiles-a727d12d-188a-4635-b35f-bfeec0cf5a90/iceberg-spark-runtime-3.5_2.12-1.4.2.jar to class loader default
[2025-11-03T02:54:36.687+0000] {spark_submit.py:491} INFO - 25/11/03 02:54:36 INFO Executor: Fetching spark://ec57452a9f33:35005/jars/aws-java-sdk-bundle-1.12.367.jar with timestamp 1762138476311
[2025-11-03T02:54:36.687+0000] {spark_submit.py:491} INFO - 25/11/03 02:54:36 INFO Utils: Fetching spark://ec57452a9f33:35005/jars/aws-java-sdk-bundle-1.12.367.jar to /tmp/spark-dc1a164a-4eb9-48bd-9e50-5dd233ab168d/userFiles-a727d12d-188a-4635-b35f-bfeec0cf5a90/fetchFileTemp14013728149072271946.tmp
[2025-11-03T02:54:36.917+0000] {spark_submit.py:491} INFO - 25/11/03 02:54:36 INFO Executor: Adding file:/tmp/spark-dc1a164a-4eb9-48bd-9e50-5dd233ab168d/userFiles-a727d12d-188a-4635-b35f-bfeec0cf5a90/aws-java-sdk-bundle-1.12.367.jar to class loader default
[2025-11-03T02:54:36.924+0000] {spark_submit.py:491} INFO - 25/11/03 02:54:36 INFO Utils: Successfully started service 'org.apache.spark.network.netty.NettyBlockTransferService' on port 34305.
[2025-11-03T02:54:36.926+0000] {spark_submit.py:491} INFO - 25/11/03 02:54:36 INFO NettyBlockTransferService: Server created on ec57452a9f33:34305
[2025-11-03T02:54:36.926+0000] {spark_submit.py:491} INFO - 25/11/03 02:54:36 INFO BlockManager: Using org.apache.spark.storage.RandomBlockReplicationPolicy for block replication policy
[2025-11-03T02:54:36.932+0000] {spark_submit.py:491} INFO - 25/11/03 02:54:36 INFO BlockManagerMaster: Registering BlockManager BlockManagerId(driver, ec57452a9f33, 34305, None)
[2025-11-03T02:54:36.936+0000] {spark_submit.py:491} INFO - 25/11/03 02:54:36 INFO BlockManagerMasterEndpoint: Registering block manager ec57452a9f33:34305 with 434.4 MiB RAM, BlockManagerId(driver, ec57452a9f33, 34305, None)
[2025-11-03T02:54:36.938+0000] {spark_submit.py:491} INFO - 25/11/03 02:54:36 INFO BlockManagerMaster: Registered BlockManager BlockManagerId(driver, ec57452a9f33, 34305, None)
[2025-11-03T02:54:36.938+0000] {spark_submit.py:491} INFO - 25/11/03 02:54:36 INFO BlockManager: Initialized BlockManager: BlockManagerId(driver, ec57452a9f33, 34305, None)
[2025-11-03T02:54:38.040+0000] {spark_submit.py:491} INFO - 25/11/03 02:54:38 WARN MetricsConfig: Cannot locate configuration: tried hadoop-metrics2-s3a-file-system.properties,hadoop-metrics2.properties
[2025-11-03T02:54:38.624+0000] {spark_submit.py:491} INFO - Created/verified trips table
[2025-11-03T02:54:38.624+0000] {spark_submit.py:491} INFO - Reading data from: /opt/***/data/raw/yellow_tripdata_2025-11.parquet
[2025-11-03T02:54:39.641+0000] {spark_submit.py:491} INFO - Raw data count: 3252717
[2025-11-03T02:54:39.642+0000] {spark_submit.py:491} INFO - root
[2025-11-03T02:54:39.643+0000] {spark_submit.py:491} INFO - |-- VendorID: long (nullable = true)
[2025-11-03T02:54:39.643+0000] {spark_submit.py:491} INFO - |-- tpep_pickup_datetime: timestamp_ntz (nullable = true)
[2025-11-03T02:54:39.643+0000] {spark_submit.py:491} INFO - |-- tpep_dropoff_datetime: timestamp_ntz (nullable = true)
[2025-11-03T02:54:39.644+0000] {spark_submit.py:491} INFO - |-- passenger_count: double (nullable = true)
[2025-11-03T02:54:39.644+0000] {spark_submit.py:491} INFO - |-- trip_distance: double (nullable = true)
[2025-11-03T02:54:39.644+0000] {spark_submit.py:491} INFO - |-- RatecodeID: double (nullable = true)
[2025-11-03T02:54:39.644+0000] {spark_submit.py:491} INFO - |-- store_and_fwd_flag: string (nullable = true)
[2025-11-03T02:54:39.644+0000] {spark_submit.py:491} INFO - |-- PULocationID: long (nullable = true)
[2025-11-03T02:54:39.644+0000] {spark_submit.py:491} INFO - |-- DOLocationID: long (nullable = true)
[2025-11-03T02:54:39.644+0000] {spark_submit.py:491} INFO - |-- payment_type: long (nullable = true)
[2025-11-03T02:54:39.645+0000] {spark_submit.py:491} INFO - |-- fare_amount: double (nullable = true)
[2025-11-03T02:54:39.645+0000] {spark_submit.py:491} INFO - |-- extra: double (nullable = true)
[2025-11-03T02:54:39.645+0000] {spark_submit.py:491} INFO - |-- mta_tax: double (nullable = true)
[2025-11-03T02:54:39.645+0000] {spark_submit.py:491} INFO - |-- tip_amount: double (nullable = true)
[2025-11-03T02:54:39.645+0000] {spark_submit.py:491} INFO - |-- tolls_amount: double (nullable = true)
[2025-11-03T02:54:39.645+0000] {spark_submit.py:491} INFO - |-- improvement_surcharge: double (nullable = true)
[2025-11-03T02:54:39.645+0000] {spark_submit.py:491} INFO - |-- total_amount: double (nullable = true)
[2025-11-03T02:54:39.645+0000] {spark_submit.py:491} INFO - |-- congestion_surcharge: double (nullable = true)
[2025-11-03T02:54:39.645+0000] {spark_submit.py:491} INFO - |-- airport_fee: double (nullable = true)
[2025-11-03T02:54:39.645+0000] {spark_submit.py:491} INFO - 
[2025-11-03T02:54:40.394+0000] {spark_submit.py:491} INFO - Processed data count: 3019653
[2025-11-03T02:54:46.943+0000] {spark_submit.py:491} INFO - Successfully wrote data to Iceberg table
[2025-11-03T02:54:48.283+0000] {spark_submit.py:491} INFO - +----+-----+----------+------------------+------------------+
[2025-11-03T02:54:48.283+0000] {spark_submit.py:491} INFO - |year|month|trip_count|      avg_distance|        avg_amount|
[2025-11-03T02:54:48.283+0000] {spark_submit.py:491} INFO - +----+-----+----------+------------------+------------------+
[2025-11-03T02:54:48.284+0000] {spark_submit.py:491} INFO - |2022|   12|       114| 2.862982456140349| 20.79228070175438|
[2025-11-03T02:54:48.284+0000] {spark_submit.py:491} INFO - |2022|   11|   6039118|3.6727699773374036|21.917788524301486|
[2025-11-03T02:54:48.284+0000] {spark_submit.py:491} INFO - |2022|   10|        64|          5.545625|26.396562499999984|
[2025-11-03T02:54:48.284+0000] {spark_submit.py:491} INFO - |2009|    1|         4|             2.955|             18.55|
[2025-11-03T02:54:48.284+0000] {spark_submit.py:491} INFO - |2008|   12|         4|             6.095|29.534999999999997|
[2025-11-03T02:54:48.284+0000] {spark_submit.py:491} INFO - |2002|   12|         2|              8.43|             47.31|
[2025-11-03T02:54:48.284+0000] {spark_submit.py:491} INFO - +----+-----+----------+------------------+------------------+
[2025-11-03T02:54:48.284+0000] {spark_submit.py:491} INFO - 
[2025-11-03T02:54:48.536+0000] {spark_submit.py:491} INFO - Created daily summary table
[2025-11-03T02:54:48.537+0000] {spark_submit.py:491} INFO - ETL job completed successfully!
[2025-11-03T02:54:48.645+0000] {taskinstance.py:1398} INFO - Marking task as SUCCESS. dag_id=nyc_taxi_iceberg_etl, task_id=spark_process_to_iceberg, execution_date=20251103T025427, start_date=20251103T025434, end_date=20251103T025448
[2025-11-03T02:54:48.693+0000] {local_task_job_runner.py:228} INFO - Task exited with return code 0
[2025-11-03T02:54:48.702+0000] {taskinstance.py:2776} INFO - 1 downstream tasks scheduled from follow-on schedule check
