[2025-11-03T04:19:37.816+0000] {taskinstance.py:1157} INFO - Dependencies all met for dep_context=non-requeueable deps ti=<TaskInstance: nyc_taxi_iceberg_etl.spark_process_to_iceberg manual__2025-11-03T04:19:29.394481+00:00 [queued]>
[2025-11-03T04:19:37.822+0000] {taskinstance.py:1157} INFO - Dependencies all met for dep_context=requeueable deps ti=<TaskInstance: nyc_taxi_iceberg_etl.spark_process_to_iceberg manual__2025-11-03T04:19:29.394481+00:00 [queued]>
[2025-11-03T04:19:37.823+0000] {taskinstance.py:1359} INFO - Starting attempt 1 of 1
[2025-11-03T04:19:37.830+0000] {taskinstance.py:1380} INFO - Executing <Task(SparkSubmitOperator): spark_process_to_iceberg> on 2025-11-03 04:19:29.394481+00:00
[2025-11-03T04:19:37.836+0000] {standard_task_runner.py:57} INFO - Started process 16428 to run task
[2025-11-03T04:19:37.838+0000] {standard_task_runner.py:84} INFO - Running: ['***', 'tasks', 'run', 'nyc_taxi_iceberg_etl', 'spark_process_to_iceberg', 'manual__2025-11-03T04:19:29.394481+00:00', '--job-id', '145', '--raw', '--subdir', 'DAGS_FOLDER/nyc_taxi_iceberg_etl.py', '--cfg-path', '/tmp/tmp0e398uio']
[2025-11-03T04:19:37.840+0000] {standard_task_runner.py:85} INFO - Job 145: Subtask spark_process_to_iceberg
[2025-11-03T04:19:37.869+0000] {task_command.py:415} INFO - Running <TaskInstance: nyc_taxi_iceberg_etl.spark_process_to_iceberg manual__2025-11-03T04:19:29.394481+00:00 [running]> on host ec57452a9f33
[2025-11-03T04:19:38.006+0000] {taskinstance.py:1660} INFO - Exporting env vars: AIRFLOW_CTX_DAG_OWNER='data-engineering' AIRFLOW_CTX_DAG_ID='nyc_taxi_iceberg_etl' AIRFLOW_CTX_TASK_ID='spark_process_to_iceberg' AIRFLOW_CTX_EXECUTION_DATE='2025-11-03T04:19:29.394481+00:00' AIRFLOW_CTX_TRY_NUMBER='1' AIRFLOW_CTX_DAG_RUN_ID='manual__2025-11-03T04:19:29.394481+00:00'
[2025-11-03T04:19:38.007+0000] {base.py:73} INFO - Using connection ID 'spark_default' for task execution.
[2025-11-03T04:19:38.008+0000] {spark_submit.py:340} INFO - Spark-Submit cmd: /opt/bitnami/spark/bin/spark-submit --master spark-master:7077 --conf spark.master=spark://spark-master:7077 --conf spark.sql.catalog.spark_catalog=org.apache.iceberg.spark.SparkSessionCatalog --conf spark.sql.catalog.spark_catalog.type=hive --conf spark.sql.catalog.iceberg=org.apache.iceberg.spark.SparkCatalog --conf spark.sql.catalog.iceberg.type=hadoop --conf spark.sql.catalog.iceberg.warehouse=s3a://lakehouse/warehouse --conf spark.sql.extensions=org.apache.iceberg.spark.extensions.IcebergSparkSessionExtensions --conf spark.hadoop.fs.s3a.endpoint=http://minio:9000 --conf spark.hadoop.fs.s3a.access.key=admin --conf spark.hadoop.fs.s3a.secret.key=****** --conf spark.hadoop.fs.s3a.path.style.access=true --conf spark.hadoop.fs.s3a.impl=org.apache.hadoop.fs.s3a.S3AFileSystem --jars /opt/***/jars/iceberg-spark-runtime-3.5_2.12-1.4.2.jar,/opt/***/jars/aws-java-sdk-bundle-1.12.367.jar,/opt/***/jars/hadoop-aws-3.3.4.jar --name arrow-spark /opt/***/dags/spark_jobs/nyc_taxi_to_iceberg.py /opt/***/data/raw/yellow_tripdata_2025-11.parquet
[2025-11-03T04:19:38.749+0000] {spark_submit.py:491} INFO - 25/11/03 04:19:38 WARN NativeCodeLoader: Unable to load native-hadoop library for your platform... using builtin-java classes where applicable
[2025-11-03T04:19:39.251+0000] {spark_submit.py:491} INFO - 25/11/03 04:19:39 INFO SparkContext: Running Spark version 3.5.1
[2025-11-03T04:19:39.253+0000] {spark_submit.py:491} INFO - 25/11/03 04:19:39 INFO SparkContext: OS info Linux, 6.10.14-linuxkit, aarch64
[2025-11-03T04:19:39.256+0000] {spark_submit.py:491} INFO - 25/11/03 04:19:39 INFO SparkContext: Java version 11.0.28
[2025-11-03T04:19:39.262+0000] {spark_submit.py:491} INFO - 25/11/03 04:19:39 INFO ResourceUtils: ==============================================================
[2025-11-03T04:19:39.263+0000] {spark_submit.py:491} INFO - 25/11/03 04:19:39 INFO ResourceUtils: No custom resources configured for spark.driver.
[2025-11-03T04:19:39.264+0000] {spark_submit.py:491} INFO - 25/11/03 04:19:39 INFO ResourceUtils: ==============================================================
[2025-11-03T04:19:39.267+0000] {spark_submit.py:491} INFO - 25/11/03 04:19:39 INFO SparkContext: Submitted application: NYC Taxi to Iceberg ETL
[2025-11-03T04:19:39.269+0000] {spark_submit.py:491} INFO - 25/11/03 04:19:39 INFO ResourceProfile: Default ResourceProfile created, executor resources: Map(cores -> name: cores, amount: 1, script: , vendor: , memory -> name: memory, amount: 1024, script: , vendor: , offHeap -> name: offHeap, amount: 0, script: , vendor: ), task resources: Map(cpus -> name: cpus, amount: 1.0)
[2025-11-03T04:19:39.273+0000] {spark_submit.py:491} INFO - 25/11/03 04:19:39 INFO ResourceProfile: Limiting resource is cpu
[2025-11-03T04:19:39.274+0000] {spark_submit.py:491} INFO - 25/11/03 04:19:39 INFO ResourceProfileManager: Added ResourceProfile id: 0
[2025-11-03T04:19:39.297+0000] {spark_submit.py:491} INFO - 25/11/03 04:19:39 INFO SecurityManager: Changing view acls to: ***
[2025-11-03T04:19:39.297+0000] {spark_submit.py:491} INFO - 25/11/03 04:19:39 INFO SecurityManager: Changing modify acls to: ***
[2025-11-03T04:19:39.297+0000] {spark_submit.py:491} INFO - 25/11/03 04:19:39 INFO SecurityManager: Changing view acls groups to:
[2025-11-03T04:19:39.297+0000] {spark_submit.py:491} INFO - 25/11/03 04:19:39 INFO SecurityManager: Changing modify acls groups to:
[2025-11-03T04:19:39.297+0000] {spark_submit.py:491} INFO - 25/11/03 04:19:39 INFO SecurityManager: SecurityManager: authentication disabled; ui acls disabled; users with view permissions: ***; groups with view permissions: EMPTY; users with modify permissions: ***; groups with modify permissions: EMPTY
[2025-11-03T04:19:39.384+0000] {spark_submit.py:491} INFO - 25/11/03 04:19:39 INFO Utils: Successfully started service 'sparkDriver' on port 33801.
[2025-11-03T04:19:39.396+0000] {spark_submit.py:491} INFO - 25/11/03 04:19:39 INFO SparkEnv: Registering MapOutputTracker
[2025-11-03T04:19:39.408+0000] {spark_submit.py:491} INFO - 25/11/03 04:19:39 INFO SparkEnv: Registering BlockManagerMaster
[2025-11-03T04:19:39.418+0000] {spark_submit.py:491} INFO - 25/11/03 04:19:39 INFO BlockManagerMasterEndpoint: Using org.apache.spark.storage.DefaultTopologyMapper for getting topology information
[2025-11-03T04:19:39.418+0000] {spark_submit.py:491} INFO - 25/11/03 04:19:39 INFO BlockManagerMasterEndpoint: BlockManagerMasterEndpoint up
[2025-11-03T04:19:39.419+0000] {spark_submit.py:491} INFO - 25/11/03 04:19:39 INFO SparkEnv: Registering BlockManagerMasterHeartbeat
[2025-11-03T04:19:39.427+0000] {spark_submit.py:491} INFO - 25/11/03 04:19:39 INFO DiskBlockManager: Created local directory at /tmp/blockmgr-35d5eee7-4090-4344-8635-4f676e293f82
[2025-11-03T04:19:39.433+0000] {spark_submit.py:491} INFO - 25/11/03 04:19:39 INFO MemoryStore: MemoryStore started with capacity 434.4 MiB
[2025-11-03T04:19:39.438+0000] {spark_submit.py:491} INFO - 25/11/03 04:19:39 INFO SparkEnv: Registering OutputCommitCoordinator
[2025-11-03T04:19:39.482+0000] {spark_submit.py:491} INFO - 25/11/03 04:19:39 INFO JettyUtils: Start Jetty 0.0.0.0:4040 for SparkUI
[2025-11-03T04:19:39.501+0000] {spark_submit.py:491} INFO - 25/11/03 04:19:39 INFO Utils: Successfully started service 'SparkUI' on port 4040.
[2025-11-03T04:19:39.515+0000] {spark_submit.py:491} INFO - 25/11/03 04:19:39 INFO SparkContext: Added JAR file:///opt/***/jars/iceberg-spark-runtime-3.5_2.12-1.4.2.jar at spark://ec57452a9f33:33801/jars/iceberg-spark-runtime-3.5_2.12-1.4.2.jar with timestamp 1762143579247
[2025-11-03T04:19:39.515+0000] {spark_submit.py:491} INFO - 25/11/03 04:19:39 INFO SparkContext: Added JAR file:///opt/***/jars/aws-java-sdk-bundle-1.12.367.jar at spark://ec57452a9f33:33801/jars/aws-java-sdk-bundle-1.12.367.jar with timestamp 1762143579247
[2025-11-03T04:19:39.516+0000] {spark_submit.py:491} INFO - 25/11/03 04:19:39 INFO SparkContext: Added JAR file:///opt/***/jars/hadoop-aws-3.3.4.jar at spark://ec57452a9f33:33801/jars/hadoop-aws-3.3.4.jar with timestamp 1762143579247
[2025-11-03T04:19:39.539+0000] {spark_submit.py:491} INFO - 25/11/03 04:19:39 INFO Executor: Starting executor ID driver on host ec57452a9f33
[2025-11-03T04:19:39.540+0000] {spark_submit.py:491} INFO - 25/11/03 04:19:39 INFO Executor: OS info Linux, 6.10.14-linuxkit, aarch64
[2025-11-03T04:19:39.540+0000] {spark_submit.py:491} INFO - 25/11/03 04:19:39 INFO Executor: Java version 11.0.28
[2025-11-03T04:19:39.541+0000] {spark_submit.py:491} INFO - 25/11/03 04:19:39 INFO Executor: Starting executor with user classpath (userClassPathFirst = false): ''
[2025-11-03T04:19:39.542+0000] {spark_submit.py:491} INFO - 25/11/03 04:19:39 INFO Executor: Created or updated repl class loader org.apache.spark.util.MutableURLClassLoader@22692a83 for default.
[2025-11-03T04:19:39.546+0000] {spark_submit.py:491} INFO - 25/11/03 04:19:39 INFO Executor: Fetching spark://ec57452a9f33:33801/jars/hadoop-aws-3.3.4.jar with timestamp 1762143579247
[2025-11-03T04:19:39.571+0000] {spark_submit.py:491} INFO - 25/11/03 04:19:39 INFO TransportClientFactory: Successfully created connection to ec57452a9f33/172.18.0.4:33801 after 10 ms (0 ms spent in bootstraps)
[2025-11-03T04:19:39.574+0000] {spark_submit.py:491} INFO - 25/11/03 04:19:39 INFO Utils: Fetching spark://ec57452a9f33:33801/jars/hadoop-aws-3.3.4.jar to /tmp/spark-6565263c-45cd-420e-a30b-e95abbece8ba/userFiles-596b88b0-72dc-4316-89bb-88e3048b177c/fetchFileTemp7587818618894549841.tmp
[2025-11-03T04:19:39.586+0000] {spark_submit.py:491} INFO - 25/11/03 04:19:39 INFO Executor: Adding file:/tmp/spark-6565263c-45cd-420e-a30b-e95abbece8ba/userFiles-596b88b0-72dc-4316-89bb-88e3048b177c/hadoop-aws-3.3.4.jar to class loader default
[2025-11-03T04:19:39.587+0000] {spark_submit.py:491} INFO - 25/11/03 04:19:39 INFO Executor: Fetching spark://ec57452a9f33:33801/jars/aws-java-sdk-bundle-1.12.367.jar with timestamp 1762143579247
[2025-11-03T04:19:39.587+0000] {spark_submit.py:491} INFO - 25/11/03 04:19:39 INFO Utils: Fetching spark://ec57452a9f33:33801/jars/aws-java-sdk-bundle-1.12.367.jar to /tmp/spark-6565263c-45cd-420e-a30b-e95abbece8ba/userFiles-596b88b0-72dc-4316-89bb-88e3048b177c/fetchFileTemp4049409058242116512.tmp
[2025-11-03T04:19:39.872+0000] {spark_submit.py:491} INFO - 25/11/03 04:19:39 INFO Executor: Adding file:/tmp/spark-6565263c-45cd-420e-a30b-e95abbece8ba/userFiles-596b88b0-72dc-4316-89bb-88e3048b177c/aws-java-sdk-bundle-1.12.367.jar to class loader default
[2025-11-03T04:19:39.872+0000] {spark_submit.py:491} INFO - 25/11/03 04:19:39 INFO Executor: Fetching spark://ec57452a9f33:33801/jars/iceberg-spark-runtime-3.5_2.12-1.4.2.jar with timestamp 1762143579247
[2025-11-03T04:19:39.873+0000] {spark_submit.py:491} INFO - 25/11/03 04:19:39 INFO Utils: Fetching spark://ec57452a9f33:33801/jars/iceberg-spark-runtime-3.5_2.12-1.4.2.jar to /tmp/spark-6565263c-45cd-420e-a30b-e95abbece8ba/userFiles-596b88b0-72dc-4316-89bb-88e3048b177c/fetchFileTemp12444487793601336460.tmp
[2025-11-03T04:19:39.913+0000] {spark_submit.py:491} INFO - 25/11/03 04:19:39 INFO Executor: Adding file:/tmp/spark-6565263c-45cd-420e-a30b-e95abbece8ba/userFiles-596b88b0-72dc-4316-89bb-88e3048b177c/iceberg-spark-runtime-3.5_2.12-1.4.2.jar to class loader default
[2025-11-03T04:19:39.920+0000] {spark_submit.py:491} INFO - 25/11/03 04:19:39 INFO Utils: Successfully started service 'org.apache.spark.network.netty.NettyBlockTransferService' on port 36199.
[2025-11-03T04:19:39.920+0000] {spark_submit.py:491} INFO - 25/11/03 04:19:39 INFO NettyBlockTransferService: Server created on ec57452a9f33:36199
[2025-11-03T04:19:39.921+0000] {spark_submit.py:491} INFO - 25/11/03 04:19:39 INFO BlockManager: Using org.apache.spark.storage.RandomBlockReplicationPolicy for block replication policy
[2025-11-03T04:19:39.925+0000] {spark_submit.py:491} INFO - 25/11/03 04:19:39 INFO BlockManagerMaster: Registering BlockManager BlockManagerId(driver, ec57452a9f33, 36199, None)
[2025-11-03T04:19:39.927+0000] {spark_submit.py:491} INFO - 25/11/03 04:19:39 INFO BlockManagerMasterEndpoint: Registering block manager ec57452a9f33:36199 with 434.4 MiB RAM, BlockManagerId(driver, ec57452a9f33, 36199, None)
[2025-11-03T04:19:39.929+0000] {spark_submit.py:491} INFO - 25/11/03 04:19:39 INFO BlockManagerMaster: Registered BlockManager BlockManagerId(driver, ec57452a9f33, 36199, None)
[2025-11-03T04:19:39.929+0000] {spark_submit.py:491} INFO - 25/11/03 04:19:39 INFO BlockManager: Initialized BlockManager: BlockManagerId(driver, ec57452a9f33, 36199, None)
[2025-11-03T04:19:41.089+0000] {spark_submit.py:491} INFO - 25/11/03 04:19:41 WARN MetricsConfig: Cannot locate configuration: tried hadoop-metrics2-s3a-file-system.properties,hadoop-metrics2.properties
[2025-11-03T04:19:41.647+0000] {spark_submit.py:491} INFO - Created/verified trips table
[2025-11-03T04:19:41.647+0000] {spark_submit.py:491} INFO - Reading data from: /opt/***/data/raw/yellow_tripdata_2025-11.parquet
[2025-11-03T04:19:42.567+0000] {spark_submit.py:491} INFO - Raw data count: 3252717
[2025-11-03T04:19:42.568+0000] {spark_submit.py:491} INFO - root
[2025-11-03T04:19:42.568+0000] {spark_submit.py:491} INFO - |-- VendorID: long (nullable = true)
[2025-11-03T04:19:42.570+0000] {spark_submit.py:491} INFO - |-- tpep_pickup_datetime: timestamp_ntz (nullable = true)
[2025-11-03T04:19:42.570+0000] {spark_submit.py:491} INFO - |-- tpep_dropoff_datetime: timestamp_ntz (nullable = true)
[2025-11-03T04:19:42.571+0000] {spark_submit.py:491} INFO - |-- passenger_count: double (nullable = true)
[2025-11-03T04:19:42.571+0000] {spark_submit.py:491} INFO - |-- trip_distance: double (nullable = true)
[2025-11-03T04:19:42.571+0000] {spark_submit.py:491} INFO - |-- RatecodeID: double (nullable = true)
[2025-11-03T04:19:42.571+0000] {spark_submit.py:491} INFO - |-- store_and_fwd_flag: string (nullable = true)
[2025-11-03T04:19:42.571+0000] {spark_submit.py:491} INFO - |-- PULocationID: long (nullable = true)
[2025-11-03T04:19:42.571+0000] {spark_submit.py:491} INFO - |-- DOLocationID: long (nullable = true)
[2025-11-03T04:19:42.571+0000] {spark_submit.py:491} INFO - |-- payment_type: long (nullable = true)
[2025-11-03T04:19:42.571+0000] {spark_submit.py:491} INFO - |-- fare_amount: double (nullable = true)
[2025-11-03T04:19:42.571+0000] {spark_submit.py:491} INFO - |-- extra: double (nullable = true)
[2025-11-03T04:19:42.571+0000] {spark_submit.py:491} INFO - |-- mta_tax: double (nullable = true)
[2025-11-03T04:19:42.571+0000] {spark_submit.py:491} INFO - |-- tip_amount: double (nullable = true)
[2025-11-03T04:19:42.571+0000] {spark_submit.py:491} INFO - |-- tolls_amount: double (nullable = true)
[2025-11-03T04:19:42.572+0000] {spark_submit.py:491} INFO - |-- improvement_surcharge: double (nullable = true)
[2025-11-03T04:19:42.572+0000] {spark_submit.py:491} INFO - |-- total_amount: double (nullable = true)
[2025-11-03T04:19:42.572+0000] {spark_submit.py:491} INFO - |-- congestion_surcharge: double (nullable = true)
[2025-11-03T04:19:42.572+0000] {spark_submit.py:491} INFO - |-- airport_fee: double (nullable = true)
[2025-11-03T04:19:42.572+0000] {spark_submit.py:491} INFO - 
[2025-11-03T04:19:43.329+0000] {spark_submit.py:491} INFO - Processed data count: 3019653
[2025-11-03T04:19:49.991+0000] {spark_submit.py:491} INFO - Successfully wrote data to Iceberg table
[2025-11-03T04:19:52.602+0000] {spark_submit.py:491} INFO - +----+-----+----------+------------------+------------------+
[2025-11-03T04:19:52.602+0000] {spark_submit.py:491} INFO - |year|month|trip_count|      avg_distance|        avg_amount|
[2025-11-03T04:19:52.603+0000] {spark_submit.py:491} INFO - +----+-----+----------+------------------+------------------+
[2025-11-03T04:19:52.603+0000] {spark_submit.py:491} INFO - |2022|   12|       513|2.8629824561403505|20.792280701754382|
[2025-11-03T04:19:52.603+0000] {spark_submit.py:491} INFO - |2022|   11|  27176031|3.6727699773374045| 21.91778852430149|
[2025-11-03T04:19:52.604+0000] {spark_submit.py:491} INFO - |2022|   10|       288|          5.545625|26.396562499999984|
[2025-11-03T04:19:52.605+0000] {spark_submit.py:491} INFO - |2009|    1|        18|             2.955|             18.55|
[2025-11-03T04:19:52.605+0000] {spark_submit.py:491} INFO - |2008|   12|        18|             6.095|29.534999999999993|
[2025-11-03T04:19:52.605+0000] {spark_submit.py:491} INFO - |2002|   12|         9|              8.43|             47.31|
[2025-11-03T04:19:52.606+0000] {spark_submit.py:491} INFO - +----+-----+----------+------------------+------------------+
[2025-11-03T04:19:52.606+0000] {spark_submit.py:491} INFO - 
[2025-11-03T04:19:52.860+0000] {spark_submit.py:491} INFO - Created daily summary table
[2025-11-03T04:19:52.861+0000] {spark_submit.py:491} INFO - ETL job completed successfully!
[2025-11-03T04:19:53.156+0000] {taskinstance.py:1398} INFO - Marking task as SUCCESS. dag_id=nyc_taxi_iceberg_etl, task_id=spark_process_to_iceberg, execution_date=20251103T041929, start_date=20251103T041937, end_date=20251103T041953
[2025-11-03T04:19:53.174+0000] {local_task_job_runner.py:228} INFO - Task exited with return code 0
[2025-11-03T04:19:53.185+0000] {taskinstance.py:2776} INFO - 1 downstream tasks scheduled from follow-on schedule check
