[2025-10-27T05:21:42.315+0000] {taskinstance.py:1157} INFO - Dependencies all met for dep_context=non-requeueable deps ti=<TaskInstance: nyc_weather_etl.spark_process_location_to_iceberg scheduled__2025-10-26T11:34:42.579660+00:00 [queued]>
[2025-10-27T05:21:42.322+0000] {taskinstance.py:1157} INFO - Dependencies all met for dep_context=requeueable deps ti=<TaskInstance: nyc_weather_etl.spark_process_location_to_iceberg scheduled__2025-10-26T11:34:42.579660+00:00 [queued]>
[2025-10-27T05:21:42.323+0000] {taskinstance.py:1359} INFO - Starting attempt 1 of 1
[2025-10-27T05:21:42.338+0000] {taskinstance.py:1380} INFO - Executing <Task(SparkSubmitOperator): spark_process_location_to_iceberg> on 2025-10-26 11:34:42.579660+00:00
[2025-10-27T05:21:42.342+0000] {standard_task_runner.py:57} INFO - Started process 9786 to run task
[2025-10-27T05:21:42.344+0000] {standard_task_runner.py:84} INFO - Running: ['***', 'tasks', 'run', 'nyc_weather_etl', 'spark_process_location_to_iceberg', 'scheduled__2025-10-26T11:34:42.579660+00:00', '--job-id', '683', '--raw', '--subdir', 'DAGS_FOLDER/nyc_weather_etl.py', '--cfg-path', '/tmp/tmpyz50tfz3']
[2025-10-27T05:21:42.350+0000] {standard_task_runner.py:85} INFO - Job 683: Subtask spark_process_location_to_iceberg
[2025-10-27T05:21:42.423+0000] {task_command.py:415} INFO - Running <TaskInstance: nyc_weather_etl.spark_process_location_to_iceberg scheduled__2025-10-26T11:34:42.579660+00:00 [running]> on host b40be2a595bb
[2025-10-27T05:21:42.661+0000] {taskinstance.py:1660} INFO - Exporting env vars: AIRFLOW_CTX_DAG_OWNER='data-engineering' AIRFLOW_CTX_DAG_ID='nyc_weather_etl' AIRFLOW_CTX_TASK_ID='spark_process_location_to_iceberg' AIRFLOW_CTX_EXECUTION_DATE='2025-10-26T11:34:42.579660+00:00' AIRFLOW_CTX_TRY_NUMBER='1' AIRFLOW_CTX_DAG_RUN_ID='scheduled__2025-10-26T11:34:42.579660+00:00'
[2025-10-27T05:21:42.684+0000] {base.py:73} INFO - Using connection ID 'spark_default' for task execution.
[2025-10-27T05:21:42.689+0000] {spark_submit.py:340} INFO - Spark-Submit cmd: /opt/bitnami/spark/bin/spark-submit --master spark://spark-master:7077 --conf spark.master=spark://spark-master:7077 --conf spark.sql.catalog.spark_catalog=org.apache.iceberg.spark.SparkSessionCatalog --conf spark.sql.catalog.spark_catalog.type=hive --conf spark.sql.catalog.iceberg=org.apache.iceberg.spark.SparkCatalog --conf spark.sql.catalog.iceberg.type=hadoop --conf spark.sql.catalog.iceberg.warehouse=s3a://lakehouse/warehouse --conf spark.sql.extensions=org.apache.iceberg.spark.extensions.IcebergSparkSessionExtensions --conf spark.hadoop.fs.s3a.endpoint=http://minio:9000 --conf spark.hadoop.fs.s3a.access.key=admin --conf spark.hadoop.fs.s3a.secret.key=****** --conf spark.hadoop.fs.s3a.path.style.access=true --conf spark.hadoop.fs.s3a.impl=org.apache.hadoop.fs.s3a.S3AFileSystem --jars /opt/***/jars/iceberg-spark-runtime-3.5_2.12-1.4.2.jar,/opt/***/jars/aws-java-sdk-bundle-1.12.367.jar,/opt/***/jars/hadoop-aws-3.3.4.jar --name arrow-spark --queue default /opt/***/dags/spark_jobs/location_to_iceberg.py /opt/***/data/locations/nyc_taxi_zones.json
[2025-10-27T05:21:44.859+0000] {spark_submit.py:491} INFO - 25/10/27 05:21:44 WARN NativeCodeLoader: Unable to load native-hadoop library for your platform... using builtin-java classes where applicable
[2025-10-27T05:21:45.824+0000] {spark_submit.py:491} INFO - 25/10/27 05:21:45 INFO SparkContext: Running Spark version 3.5.1
[2025-10-27T05:21:45.824+0000] {spark_submit.py:491} INFO - 25/10/27 05:21:45 INFO SparkContext: OS info Linux, 6.10.14-linuxkit, aarch64
[2025-10-27T05:21:45.824+0000] {spark_submit.py:491} INFO - 25/10/27 05:21:45 INFO SparkContext: Java version 11.0.28
[2025-10-27T05:21:45.858+0000] {spark_submit.py:491} INFO - 25/10/27 05:21:45 INFO ResourceUtils: ==============================================================
[2025-10-27T05:21:45.858+0000] {spark_submit.py:491} INFO - 25/10/27 05:21:45 INFO ResourceUtils: No custom resources configured for spark.driver.
[2025-10-27T05:21:45.859+0000] {spark_submit.py:491} INFO - 25/10/27 05:21:45 INFO ResourceUtils: ==============================================================
[2025-10-27T05:21:45.859+0000] {spark_submit.py:491} INFO - 25/10/27 05:21:45 INFO SparkContext: Submitted application: Location to Iceberg ETL
[2025-10-27T05:21:45.869+0000] {spark_submit.py:491} INFO - 25/10/27 05:21:45 INFO ResourceProfile: Default ResourceProfile created, executor resources: Map(cores -> name: cores, amount: 1, script: , vendor: , memory -> name: memory, amount: 1024, script: , vendor: , offHeap -> name: offHeap, amount: 0, script: , vendor: ), task resources: Map(cpus -> name: cpus, amount: 1.0)
[2025-10-27T05:21:45.875+0000] {spark_submit.py:491} INFO - 25/10/27 05:21:45 INFO ResourceProfile: Limiting resource is cpu
[2025-10-27T05:21:45.875+0000] {spark_submit.py:491} INFO - 25/10/27 05:21:45 INFO ResourceProfileManager: Added ResourceProfile id: 0
[2025-10-27T05:21:45.967+0000] {spark_submit.py:491} INFO - 25/10/27 05:21:45 INFO SecurityManager: Changing view acls to: ***
[2025-10-27T05:21:45.968+0000] {spark_submit.py:491} INFO - 25/10/27 05:21:45 INFO SecurityManager: Changing modify acls to: ***
[2025-10-27T05:21:45.968+0000] {spark_submit.py:491} INFO - 25/10/27 05:21:45 INFO SecurityManager: Changing view acls groups to:
[2025-10-27T05:21:45.968+0000] {spark_submit.py:491} INFO - 25/10/27 05:21:45 INFO SecurityManager: Changing modify acls groups to:
[2025-10-27T05:21:45.968+0000] {spark_submit.py:491} INFO - 25/10/27 05:21:45 INFO SecurityManager: SecurityManager: authentication disabled; ui acls disabled; users with view permissions: ***; groups with view permissions: EMPTY; users with modify permissions: ***; groups with modify permissions: EMPTY
[2025-10-27T05:21:46.187+0000] {spark_submit.py:491} INFO - 25/10/27 05:21:46 INFO Utils: Successfully started service 'sparkDriver' on port 43495.
[2025-10-27T05:21:46.222+0000] {spark_submit.py:491} INFO - 25/10/27 05:21:46 INFO SparkEnv: Registering MapOutputTracker
[2025-10-27T05:21:46.252+0000] {spark_submit.py:491} INFO - 25/10/27 05:21:46 INFO SparkEnv: Registering BlockManagerMaster
[2025-10-27T05:21:46.286+0000] {spark_submit.py:491} INFO - 25/10/27 05:21:46 INFO BlockManagerMasterEndpoint: Using org.apache.spark.storage.DefaultTopologyMapper for getting topology information
[2025-10-27T05:21:46.290+0000] {spark_submit.py:491} INFO - 25/10/27 05:21:46 INFO BlockManagerMasterEndpoint: BlockManagerMasterEndpoint up
[2025-10-27T05:21:46.291+0000] {spark_submit.py:491} INFO - 25/10/27 05:21:46 INFO SparkEnv: Registering BlockManagerMasterHeartbeat
[2025-10-27T05:21:46.302+0000] {spark_submit.py:491} INFO - 25/10/27 05:21:46 INFO DiskBlockManager: Created local directory at /tmp/blockmgr-61b6421f-a426-4c9b-ba71-3154956864a0
[2025-10-27T05:21:46.309+0000] {spark_submit.py:491} INFO - 25/10/27 05:21:46 INFO MemoryStore: MemoryStore started with capacity 434.4 MiB
[2025-10-27T05:21:46.323+0000] {spark_submit.py:491} INFO - 25/10/27 05:21:46 INFO SparkEnv: Registering OutputCommitCoordinator
[2025-10-27T05:21:46.416+0000] {spark_submit.py:491} INFO - 25/10/27 05:21:46 INFO JettyUtils: Start Jetty 0.0.0.0:4040 for SparkUI
[2025-10-27T05:21:46.445+0000] {spark_submit.py:491} INFO - 25/10/27 05:21:46 INFO Utils: Successfully started service 'SparkUI' on port 4040.
[2025-10-27T05:21:46.468+0000] {spark_submit.py:491} INFO - 25/10/27 05:21:46 INFO SparkContext: Added JAR file:///opt/***/jars/iceberg-spark-runtime-3.5_2.12-1.4.2.jar at spark://b40be2a595bb:43495/jars/iceberg-spark-runtime-3.5_2.12-1.4.2.jar with timestamp 1761542505814
[2025-10-27T05:21:46.470+0000] {spark_submit.py:491} INFO - 25/10/27 05:21:46 INFO SparkContext: Added JAR file:///opt/***/jars/aws-java-sdk-bundle-1.12.367.jar at spark://b40be2a595bb:43495/jars/aws-java-sdk-bundle-1.12.367.jar with timestamp 1761542505814
[2025-10-27T05:21:46.474+0000] {spark_submit.py:491} INFO - 25/10/27 05:21:46 INFO SparkContext: Added JAR file:///opt/***/jars/hadoop-aws-3.3.4.jar at spark://b40be2a595bb:43495/jars/hadoop-aws-3.3.4.jar with timestamp 1761542505814
[2025-10-27T05:21:46.528+0000] {spark_submit.py:491} INFO - 25/10/27 05:21:46 INFO Executor: Starting executor ID driver on host b40be2a595bb
[2025-10-27T05:21:46.529+0000] {spark_submit.py:491} INFO - 25/10/27 05:21:46 INFO Executor: OS info Linux, 6.10.14-linuxkit, aarch64
[2025-10-27T05:21:46.529+0000] {spark_submit.py:491} INFO - 25/10/27 05:21:46 INFO Executor: Java version 11.0.28
[2025-10-27T05:21:46.535+0000] {spark_submit.py:491} INFO - 25/10/27 05:21:46 INFO Executor: Starting executor with user classpath (userClassPathFirst = false): ''
[2025-10-27T05:21:46.535+0000] {spark_submit.py:491} INFO - 25/10/27 05:21:46 INFO Executor: Created or updated repl class loader org.apache.spark.util.MutableURLClassLoader@71ba3151 for default.
[2025-10-27T05:21:46.548+0000] {spark_submit.py:491} INFO - 25/10/27 05:21:46 INFO Executor: Fetching spark://b40be2a595bb:43495/jars/iceberg-spark-runtime-3.5_2.12-1.4.2.jar with timestamp 1761542505814
[2025-10-27T05:21:46.622+0000] {spark_submit.py:491} INFO - 25/10/27 05:21:46 INFO TransportClientFactory: Successfully created connection to b40be2a595bb/172.18.0.5:43495 after 16 ms (0 ms spent in bootstraps)
[2025-10-27T05:21:46.638+0000] {spark_submit.py:491} INFO - 25/10/27 05:21:46 INFO Utils: Fetching spark://b40be2a595bb:43495/jars/iceberg-spark-runtime-3.5_2.12-1.4.2.jar to /tmp/spark-7334397a-63da-482f-af7d-9dcd8f451817/userFiles-2f4fbfef-a7b6-4309-b96c-81b564c2fb28/fetchFileTemp13730325421912031189.tmp
[2025-10-27T05:21:46.779+0000] {spark_submit.py:491} INFO - 25/10/27 05:21:46 INFO Executor: Adding file:/tmp/spark-7334397a-63da-482f-af7d-9dcd8f451817/userFiles-2f4fbfef-a7b6-4309-b96c-81b564c2fb28/iceberg-spark-runtime-3.5_2.12-1.4.2.jar to class loader default
[2025-10-27T05:21:46.780+0000] {spark_submit.py:491} INFO - 25/10/27 05:21:46 INFO Executor: Fetching spark://b40be2a595bb:43495/jars/hadoop-aws-3.3.4.jar with timestamp 1761542505814
[2025-10-27T05:21:46.782+0000] {spark_submit.py:491} INFO - 25/10/27 05:21:46 INFO Utils: Fetching spark://b40be2a595bb:43495/jars/hadoop-aws-3.3.4.jar to /tmp/spark-7334397a-63da-482f-af7d-9dcd8f451817/userFiles-2f4fbfef-a7b6-4309-b96c-81b564c2fb28/fetchFileTemp19594994232582337.tmp
[2025-10-27T05:21:46.790+0000] {spark_submit.py:491} INFO - 25/10/27 05:21:46 INFO Executor: Adding file:/tmp/spark-7334397a-63da-482f-af7d-9dcd8f451817/userFiles-2f4fbfef-a7b6-4309-b96c-81b564c2fb28/hadoop-aws-3.3.4.jar to class loader default
[2025-10-27T05:21:46.792+0000] {spark_submit.py:491} INFO - 25/10/27 05:21:46 INFO Executor: Fetching spark://b40be2a595bb:43495/jars/aws-java-sdk-bundle-1.12.367.jar with timestamp 1761542505814
[2025-10-27T05:21:46.792+0000] {spark_submit.py:491} INFO - 25/10/27 05:21:46 INFO Utils: Fetching spark://b40be2a595bb:43495/jars/aws-java-sdk-bundle-1.12.367.jar to /tmp/spark-7334397a-63da-482f-af7d-9dcd8f451817/userFiles-2f4fbfef-a7b6-4309-b96c-81b564c2fb28/fetchFileTemp13073152561583149320.tmp
[2025-10-27T05:21:47.764+0000] {spark_submit.py:491} INFO - 25/10/27 05:21:47 INFO Executor: Adding file:/tmp/spark-7334397a-63da-482f-af7d-9dcd8f451817/userFiles-2f4fbfef-a7b6-4309-b96c-81b564c2fb28/aws-java-sdk-bundle-1.12.367.jar to class loader default
[2025-10-27T05:21:47.782+0000] {spark_submit.py:491} INFO - 25/10/27 05:21:47 INFO Utils: Successfully started service 'org.apache.spark.network.netty.NettyBlockTransferService' on port 46183.
[2025-10-27T05:21:47.782+0000] {spark_submit.py:491} INFO - 25/10/27 05:21:47 INFO NettyBlockTransferService: Server created on b40be2a595bb:46183
[2025-10-27T05:21:47.783+0000] {spark_submit.py:491} INFO - 25/10/27 05:21:47 INFO BlockManager: Using org.apache.spark.storage.RandomBlockReplicationPolicy for block replication policy
[2025-10-27T05:21:47.795+0000] {spark_submit.py:491} INFO - 25/10/27 05:21:47 INFO BlockManagerMaster: Registering BlockManager BlockManagerId(driver, b40be2a595bb, 46183, None)
[2025-10-27T05:21:47.801+0000] {spark_submit.py:491} INFO - 25/10/27 05:21:47 INFO BlockManagerMasterEndpoint: Registering block manager b40be2a595bb:46183 with 434.4 MiB RAM, BlockManagerId(driver, b40be2a595bb, 46183, None)
[2025-10-27T05:21:47.811+0000] {spark_submit.py:491} INFO - 25/10/27 05:21:47 INFO BlockManagerMaster: Registered BlockManager BlockManagerId(driver, b40be2a595bb, 46183, None)
[2025-10-27T05:21:47.818+0000] {spark_submit.py:491} INFO - 25/10/27 05:21:47 INFO BlockManager: Initialized BlockManager: BlockManagerId(driver, b40be2a595bb, 46183, None)
[2025-10-27T05:21:50.486+0000] {spark_submit.py:491} INFO - 25/10/27 05:21:50 WARN MetricsConfig: Cannot locate configuration: tried hadoop-metrics2-s3a-file-system.properties,hadoop-metrics2.properties
[2025-10-27T05:21:51.834+0000] {spark_submit.py:491} INFO - Created/verified taxi zones table
[2025-10-27T05:21:51.834+0000] {spark_submit.py:491} INFO - Reading location data from: /opt/***/data/locations/nyc_taxi_zones.json
[2025-10-27T05:21:54.199+0000] {spark_submit.py:491} INFO - Raw location data count: 16
[2025-10-27T05:21:54.211+0000] {spark_submit.py:491} INFO - root
[2025-10-27T05:21:54.212+0000] {spark_submit.py:491} INFO - |-- borough: string (nullable = true)
[2025-10-27T05:21:54.212+0000] {spark_submit.py:491} INFO - |-- created_at: string (nullable = true)
[2025-10-27T05:21:54.212+0000] {spark_submit.py:491} INFO - |-- is_business_district: boolean (nullable = true)
[2025-10-27T05:21:54.212+0000] {spark_submit.py:491} INFO - |-- is_tourist_area: boolean (nullable = true)
[2025-10-27T05:21:54.212+0000] {spark_submit.py:491} INFO - |-- lat: double (nullable = true)
[2025-10-27T05:21:54.212+0000] {spark_submit.py:491} INFO - |-- location_id: long (nullable = true)
[2025-10-27T05:21:54.212+0000] {spark_submit.py:491} INFO - |-- lon: double (nullable = true)
[2025-10-27T05:21:54.213+0000] {spark_submit.py:491} INFO - |-- zone: string (nullable = true)
[2025-10-27T05:21:54.213+0000] {spark_submit.py:491} INFO - |-- zone_type: string (nullable = true)
[2025-10-27T05:21:54.213+0000] {spark_submit.py:491} INFO - 
[2025-10-27T05:21:54.584+0000] {spark_submit.py:491} INFO - Processed location data count: 16
[2025-10-27T05:21:56.998+0000] {spark_submit.py:491} INFO - Successfully wrote location data to Iceberg table
[2025-10-27T05:21:59.159+0000] {spark_submit.py:491} INFO - +---------+----------+-------------+--------------+
[2025-10-27T05:21:59.159+0000] {spark_submit.py:491} INFO - |  borough|zone_count|tourist_zones|business_zones|
[2025-10-27T05:21:59.160+0000] {spark_submit.py:491} INFO - +---------+----------+-------------+--------------+
[2025-10-27T05:21:59.160+0000] {spark_submit.py:491} INFO - |Manhattan|        13|            4|             3|
[2025-10-27T05:21:59.160+0000] {spark_submit.py:491} INFO - |   Queens|         2|            0|             0|
[2025-10-27T05:21:59.160+0000] {spark_submit.py:491} INFO - | Brooklyn|         1|            0|             0|
[2025-10-27T05:21:59.161+0000] {spark_submit.py:491} INFO - +---------+----------+-------------+--------------+
[2025-10-27T05:21:59.161+0000] {spark_submit.py:491} INFO - 
[2025-10-27T05:21:59.161+0000] {spark_submit.py:491} INFO - Location ETL job completed successfully!
[2025-10-27T05:21:59.777+0000] {taskinstance.py:1398} INFO - Marking task as SUCCESS. dag_id=nyc_weather_etl, task_id=spark_process_location_to_iceberg, execution_date=20251026T113442, start_date=20251027T052142, end_date=20251027T052159
[2025-10-27T05:21:59.803+0000] {local_task_job_runner.py:228} INFO - Task exited with return code 0
[2025-10-27T05:21:59.813+0000] {taskinstance.py:2776} INFO - 0 downstream tasks scheduled from follow-on schedule check
