[2025-10-28T09:30:36.502+0000] {taskinstance.py:1157} INFO - Dependencies all met for dep_context=non-requeueable deps ti=<TaskInstance: nyc_weather_etl.spark_process_weather_to_iceberg scheduled__2025-10-28T08:30:31.569158+00:00 [queued]>
[2025-10-28T09:30:36.524+0000] {taskinstance.py:1157} INFO - Dependencies all met for dep_context=requeueable deps ti=<TaskInstance: nyc_weather_etl.spark_process_weather_to_iceberg scheduled__2025-10-28T08:30:31.569158+00:00 [queued]>
[2025-10-28T09:30:36.528+0000] {taskinstance.py:1359} INFO - Starting attempt 1 of 1
[2025-10-28T09:30:36.642+0000] {taskinstance.py:1380} INFO - Executing <Task(SparkSubmitOperator): spark_process_weather_to_iceberg> on 2025-10-28 08:30:31.569158+00:00
[2025-10-28T09:30:36.645+0000] {standard_task_runner.py:57} INFO - Started process 238 to run task
[2025-10-28T09:30:36.648+0000] {standard_task_runner.py:84} INFO - Running: ['***', 'tasks', 'run', 'nyc_weather_etl', 'spark_process_weather_to_iceberg', 'scheduled__2025-10-28T08:30:31.569158+00:00', '--job-id', '732', '--raw', '--subdir', 'DAGS_FOLDER/nyc_weather_etl.py', '--cfg-path', '/tmp/tmp1lunn134']
[2025-10-28T09:30:36.650+0000] {standard_task_runner.py:85} INFO - Job 732: Subtask spark_process_weather_to_iceberg
[2025-10-28T09:30:36.682+0000] {task_command.py:415} INFO - Running <TaskInstance: nyc_weather_etl.spark_process_weather_to_iceberg scheduled__2025-10-28T08:30:31.569158+00:00 [running]> on host 431bd7d9d171
[2025-10-28T09:30:36.801+0000] {taskinstance.py:1660} INFO - Exporting env vars: AIRFLOW_CTX_DAG_OWNER='data-engineering' AIRFLOW_CTX_DAG_ID='nyc_weather_etl' AIRFLOW_CTX_TASK_ID='spark_process_weather_to_iceberg' AIRFLOW_CTX_EXECUTION_DATE='2025-10-28T08:30:31.569158+00:00' AIRFLOW_CTX_TRY_NUMBER='1' AIRFLOW_CTX_DAG_RUN_ID='scheduled__2025-10-28T08:30:31.569158+00:00'
[2025-10-28T09:30:36.805+0000] {base.py:73} INFO - Using connection ID 'spark_default' for task execution.
[2025-10-28T09:30:36.806+0000] {spark_submit.py:340} INFO - Spark-Submit cmd: /opt/bitnami/spark/bin/spark-submit --master spark-master:7077 --conf spark.master=spark://spark-master:7077 --conf spark.sql.catalog.spark_catalog=org.apache.iceberg.spark.SparkSessionCatalog --conf spark.sql.catalog.spark_catalog.type=hive --conf spark.sql.catalog.iceberg=org.apache.iceberg.spark.SparkCatalog --conf spark.sql.catalog.iceberg.type=hadoop --conf spark.sql.catalog.iceberg.warehouse=s3a://lakehouse/warehouse --conf spark.sql.extensions=org.apache.iceberg.spark.extensions.IcebergSparkSessionExtensions --conf spark.hadoop.fs.s3a.endpoint=http://minio:9000 --conf spark.hadoop.fs.s3a.access.key=admin --conf spark.hadoop.fs.s3a.secret.key=****** --conf spark.hadoop.fs.s3a.path.style.access=true --conf spark.hadoop.fs.s3a.impl=org.apache.hadoop.fs.s3a.S3AFileSystem --jars /opt/***/jars/iceberg-spark-runtime-3.5_2.12-1.4.2.jar,/opt/***/jars/aws-java-sdk-bundle-1.12.367.jar,/opt/***/jars/hadoop-aws-3.3.4.jar --name arrow-spark /opt/***/dags/spark_jobs/weather_to_iceberg.py /opt/***/data/weather/weather_data_20251028_09.json
[2025-10-28T09:30:39.573+0000] {spark_submit.py:491} INFO - 25/10/28 09:30:39 WARN NativeCodeLoader: Unable to load native-hadoop library for your platform... using builtin-java classes where applicable
[2025-10-28T09:30:41.193+0000] {spark_submit.py:491} INFO - 25/10/28 09:30:41 INFO SparkContext: Running Spark version 3.5.1
[2025-10-28T09:30:41.195+0000] {spark_submit.py:491} INFO - 25/10/28 09:30:41 INFO SparkContext: OS info Linux, 6.10.14-linuxkit, aarch64
[2025-10-28T09:30:41.196+0000] {spark_submit.py:491} INFO - 25/10/28 09:30:41 INFO SparkContext: Java version 11.0.28
[2025-10-28T09:30:41.242+0000] {spark_submit.py:491} INFO - 25/10/28 09:30:41 INFO ResourceUtils: ==============================================================
[2025-10-28T09:30:41.243+0000] {spark_submit.py:491} INFO - 25/10/28 09:30:41 INFO ResourceUtils: No custom resources configured for spark.driver.
[2025-10-28T09:30:41.244+0000] {spark_submit.py:491} INFO - 25/10/28 09:30:41 INFO ResourceUtils: ==============================================================
[2025-10-28T09:30:41.245+0000] {spark_submit.py:491} INFO - 25/10/28 09:30:41 INFO SparkContext: Submitted application: Weather to Iceberg ETL
[2025-10-28T09:30:41.265+0000] {spark_submit.py:491} INFO - 25/10/28 09:30:41 INFO ResourceProfile: Default ResourceProfile created, executor resources: Map(cores -> name: cores, amount: 1, script: , vendor: , memory -> name: memory, amount: 1024, script: , vendor: , offHeap -> name: offHeap, amount: 0, script: , vendor: ), task resources: Map(cpus -> name: cpus, amount: 1.0)
[2025-10-28T09:30:41.272+0000] {spark_submit.py:491} INFO - 25/10/28 09:30:41 INFO ResourceProfile: Limiting resource is cpu
[2025-10-28T09:30:41.274+0000] {spark_submit.py:491} INFO - 25/10/28 09:30:41 INFO ResourceProfileManager: Added ResourceProfile id: 0
[2025-10-28T09:30:41.355+0000] {spark_submit.py:491} INFO - 25/10/28 09:30:41 INFO SecurityManager: Changing view acls to: ***
[2025-10-28T09:30:41.355+0000] {spark_submit.py:491} INFO - 25/10/28 09:30:41 INFO SecurityManager: Changing modify acls to: ***
[2025-10-28T09:30:41.355+0000] {spark_submit.py:491} INFO - 25/10/28 09:30:41 INFO SecurityManager: Changing view acls groups to:
[2025-10-28T09:30:41.356+0000] {spark_submit.py:491} INFO - 25/10/28 09:30:41 INFO SecurityManager: Changing modify acls groups to:
[2025-10-28T09:30:41.356+0000] {spark_submit.py:491} INFO - 25/10/28 09:30:41 INFO SecurityManager: SecurityManager: authentication disabled; ui acls disabled; users with view permissions: ***; groups with view permissions: EMPTY; users with modify permissions: ***; groups with modify permissions: EMPTY
[2025-10-28T09:30:41.665+0000] {spark_submit.py:491} INFO - 25/10/28 09:30:41 INFO Utils: Successfully started service 'sparkDriver' on port 36761.
[2025-10-28T09:30:41.726+0000] {spark_submit.py:491} INFO - 25/10/28 09:30:41 INFO SparkEnv: Registering MapOutputTracker
[2025-10-28T09:30:41.780+0000] {spark_submit.py:491} INFO - 25/10/28 09:30:41 INFO SparkEnv: Registering BlockManagerMaster
[2025-10-28T09:30:41.905+0000] {spark_submit.py:491} INFO - 25/10/28 09:30:41 INFO BlockManagerMasterEndpoint: Using org.apache.spark.storage.DefaultTopologyMapper for getting topology information
[2025-10-28T09:30:41.914+0000] {spark_submit.py:491} INFO - 25/10/28 09:30:41 INFO BlockManagerMasterEndpoint: BlockManagerMasterEndpoint up
[2025-10-28T09:30:41.932+0000] {spark_submit.py:491} INFO - 25/10/28 09:30:41 INFO SparkEnv: Registering BlockManagerMasterHeartbeat
[2025-10-28T09:30:41.993+0000] {spark_submit.py:491} INFO - 25/10/28 09:30:41 INFO DiskBlockManager: Created local directory at /tmp/blockmgr-1387ce91-d97f-4fab-8c68-fe7dcf57ce2a
[2025-10-28T09:30:42.013+0000] {spark_submit.py:491} INFO - 25/10/28 09:30:42 INFO MemoryStore: MemoryStore started with capacity 434.4 MiB
[2025-10-28T09:30:42.037+0000] {spark_submit.py:491} INFO - 25/10/28 09:30:42 INFO SparkEnv: Registering OutputCommitCoordinator
[2025-10-28T09:30:42.321+0000] {spark_submit.py:491} INFO - 25/10/28 09:30:42 INFO JettyUtils: Start Jetty 0.0.0.0:4040 for SparkUI
[2025-10-28T09:30:42.450+0000] {spark_submit.py:491} INFO - 25/10/28 09:30:42 WARN Utils: Service 'SparkUI' could not bind on port 4040. Attempting port 4041.
[2025-10-28T09:30:42.462+0000] {spark_submit.py:491} INFO - 25/10/28 09:30:42 INFO Utils: Successfully started service 'SparkUI' on port 4041.
[2025-10-28T09:30:42.541+0000] {spark_submit.py:491} INFO - 25/10/28 09:30:42 INFO SparkContext: Added JAR file:///opt/***/jars/iceberg-spark-runtime-3.5_2.12-1.4.2.jar at spark://431bd7d9d171:36761/jars/iceberg-spark-runtime-3.5_2.12-1.4.2.jar with timestamp 1761643841178
[2025-10-28T09:30:42.542+0000] {spark_submit.py:491} INFO - 25/10/28 09:30:42 INFO SparkContext: Added JAR file:///opt/***/jars/aws-java-sdk-bundle-1.12.367.jar at spark://431bd7d9d171:36761/jars/aws-java-sdk-bundle-1.12.367.jar with timestamp 1761643841178
[2025-10-28T09:30:42.542+0000] {spark_submit.py:491} INFO - 25/10/28 09:30:42 INFO SparkContext: Added JAR file:///opt/***/jars/hadoop-aws-3.3.4.jar at spark://431bd7d9d171:36761/jars/hadoop-aws-3.3.4.jar with timestamp 1761643841178
[2025-10-28T09:30:42.668+0000] {spark_submit.py:491} INFO - 25/10/28 09:30:42 INFO Executor: Starting executor ID driver on host 431bd7d9d171
[2025-10-28T09:30:42.669+0000] {spark_submit.py:491} INFO - 25/10/28 09:30:42 INFO Executor: OS info Linux, 6.10.14-linuxkit, aarch64
[2025-10-28T09:30:42.669+0000] {spark_submit.py:491} INFO - 25/10/28 09:30:42 INFO Executor: Java version 11.0.28
[2025-10-28T09:30:42.675+0000] {spark_submit.py:491} INFO - 25/10/28 09:30:42 INFO Executor: Starting executor with user classpath (userClassPathFirst = false): ''
[2025-10-28T09:30:42.676+0000] {spark_submit.py:491} INFO - 25/10/28 09:30:42 INFO Executor: Created or updated repl class loader org.apache.spark.util.MutableURLClassLoader@ba19aeb for default.
[2025-10-28T09:30:42.694+0000] {spark_submit.py:491} INFO - 25/10/28 09:30:42 INFO Executor: Fetching spark://431bd7d9d171:36761/jars/iceberg-spark-runtime-3.5_2.12-1.4.2.jar with timestamp 1761643841178
[2025-10-28T09:30:42.819+0000] {spark_submit.py:491} INFO - 25/10/28 09:30:42 INFO TransportClientFactory: Successfully created connection to 431bd7d9d171/172.18.0.14:36761 after 35 ms (0 ms spent in bootstraps)
[2025-10-28T09:30:42.824+0000] {spark_submit.py:491} INFO - 25/10/28 09:30:42 INFO Utils: Fetching spark://431bd7d9d171:36761/jars/iceberg-spark-runtime-3.5_2.12-1.4.2.jar to /tmp/spark-5d7d7e1b-5a37-437d-a05d-5f32fcc2e9d9/userFiles-0ad033f2-adf0-460d-96d9-51f1dd2bffe9/fetchFileTemp6845549991398474269.tmp
[2025-10-28T09:30:43.110+0000] {spark_submit.py:491} INFO - 25/10/28 09:30:43 INFO Executor: Adding file:/tmp/spark-5d7d7e1b-5a37-437d-a05d-5f32fcc2e9d9/userFiles-0ad033f2-adf0-460d-96d9-51f1dd2bffe9/iceberg-spark-runtime-3.5_2.12-1.4.2.jar to class loader default
[2025-10-28T09:30:43.112+0000] {spark_submit.py:491} INFO - 25/10/28 09:30:43 INFO Executor: Fetching spark://431bd7d9d171:36761/jars/aws-java-sdk-bundle-1.12.367.jar with timestamp 1761643841178
[2025-10-28T09:30:43.114+0000] {spark_submit.py:491} INFO - 25/10/28 09:30:43 INFO Utils: Fetching spark://431bd7d9d171:36761/jars/aws-java-sdk-bundle-1.12.367.jar to /tmp/spark-5d7d7e1b-5a37-437d-a05d-5f32fcc2e9d9/userFiles-0ad033f2-adf0-460d-96d9-51f1dd2bffe9/fetchFileTemp9052506384116332126.tmp
[2025-10-28T09:30:44.073+0000] {spark_submit.py:491} INFO - 25/10/28 09:30:44 INFO Executor: Adding file:/tmp/spark-5d7d7e1b-5a37-437d-a05d-5f32fcc2e9d9/userFiles-0ad033f2-adf0-460d-96d9-51f1dd2bffe9/aws-java-sdk-bundle-1.12.367.jar to class loader default
[2025-10-28T09:30:44.081+0000] {spark_submit.py:491} INFO - 25/10/28 09:30:44 INFO Executor: Fetching spark://431bd7d9d171:36761/jars/hadoop-aws-3.3.4.jar with timestamp 1761643841178
[2025-10-28T09:30:44.083+0000] {spark_submit.py:491} INFO - 25/10/28 09:30:44 INFO Utils: Fetching spark://431bd7d9d171:36761/jars/hadoop-aws-3.3.4.jar to /tmp/spark-5d7d7e1b-5a37-437d-a05d-5f32fcc2e9d9/userFiles-0ad033f2-adf0-460d-96d9-51f1dd2bffe9/fetchFileTemp16643358909626956039.tmp
[2025-10-28T09:30:44.092+0000] {spark_submit.py:491} INFO - 25/10/28 09:30:44 INFO Executor: Adding file:/tmp/spark-5d7d7e1b-5a37-437d-a05d-5f32fcc2e9d9/userFiles-0ad033f2-adf0-460d-96d9-51f1dd2bffe9/hadoop-aws-3.3.4.jar to class loader default
[2025-10-28T09:30:44.242+0000] {spark_submit.py:491} INFO - 25/10/28 09:30:44 INFO Utils: Successfully started service 'org.apache.spark.network.netty.NettyBlockTransferService' on port 36835.
[2025-10-28T09:30:44.243+0000] {spark_submit.py:491} INFO - 25/10/28 09:30:44 INFO NettyBlockTransferService: Server created on 431bd7d9d171:36835
[2025-10-28T09:30:44.245+0000] {spark_submit.py:491} INFO - 25/10/28 09:30:44 INFO BlockManager: Using org.apache.spark.storage.RandomBlockReplicationPolicy for block replication policy
[2025-10-28T09:30:44.341+0000] {spark_submit.py:491} INFO - 25/10/28 09:30:44 INFO BlockManagerMaster: Registering BlockManager BlockManagerId(driver, 431bd7d9d171, 36835, None)
[2025-10-28T09:30:44.346+0000] {spark_submit.py:491} INFO - 25/10/28 09:30:44 INFO BlockManagerMasterEndpoint: Registering block manager 431bd7d9d171:36835 with 434.4 MiB RAM, BlockManagerId(driver, 431bd7d9d171, 36835, None)
[2025-10-28T09:30:44.350+0000] {spark_submit.py:491} INFO - 25/10/28 09:30:44 INFO BlockManagerMaster: Registered BlockManager BlockManagerId(driver, 431bd7d9d171, 36835, None)
[2025-10-28T09:30:44.351+0000] {spark_submit.py:491} INFO - 25/10/28 09:30:44 INFO BlockManager: Initialized BlockManager: BlockManagerId(driver, 431bd7d9d171, 36835, None)
[2025-10-28T09:30:48.754+0000] {spark_submit.py:491} INFO - 25/10/28 09:30:48 WARN MetricsConfig: Cannot locate configuration: tried hadoop-metrics2-s3a-file-system.properties,hadoop-metrics2.properties
[2025-10-28T09:30:50.218+0000] {spark_submit.py:491} INFO - Created/verified weather table
[2025-10-28T09:30:50.219+0000] {spark_submit.py:491} INFO - Reading weather data from: /opt/***/data/weather/weather_data_20251028_09.json
[2025-10-28T09:30:53.679+0000] {spark_submit.py:491} INFO - Raw weather data count: 24
[2025-10-28T09:30:53.684+0000] {spark_submit.py:491} INFO - root
[2025-10-28T09:30:53.684+0000] {spark_submit.py:491} INFO - |-- timestamp: string (nullable = true)
[2025-10-28T09:30:53.685+0000] {spark_submit.py:491} INFO - |-- location: string (nullable = true)
[2025-10-28T09:30:53.685+0000] {spark_submit.py:491} INFO - |-- latitude: double (nullable = true)
[2025-10-28T09:30:53.685+0000] {spark_submit.py:491} INFO - |-- longitude: double (nullable = true)
[2025-10-28T09:30:53.686+0000] {spark_submit.py:491} INFO - |-- temperature_celsius: double (nullable = true)
[2025-10-28T09:30:53.686+0000] {spark_submit.py:491} INFO - |-- temperature_fahrenheit: double (nullable = true)
[2025-10-28T09:30:53.686+0000] {spark_submit.py:491} INFO - |-- humidity_percent: double (nullable = true)
[2025-10-28T09:30:53.687+0000] {spark_submit.py:491} INFO - |-- pressure_hpa: double (nullable = true)
[2025-10-28T09:30:53.687+0000] {spark_submit.py:491} INFO - |-- wind_speed_kmh: double (nullable = true)
[2025-10-28T09:30:53.687+0000] {spark_submit.py:491} INFO - |-- weather_condition: string (nullable = true)
[2025-10-28T09:30:53.687+0000] {spark_submit.py:491} INFO - |-- visibility_km: double (nullable = true)
[2025-10-28T09:30:53.687+0000] {spark_submit.py:491} INFO - |-- uv_index: double (nullable = true)
[2025-10-28T09:30:53.687+0000] {spark_submit.py:491} INFO - |-- hour: integer (nullable = true)
[2025-10-28T09:30:53.687+0000] {spark_submit.py:491} INFO - |-- day_of_week: integer (nullable = true)
[2025-10-28T09:30:53.687+0000] {spark_submit.py:491} INFO - |-- is_weekend: boolean (nullable = true)
[2025-10-28T09:30:53.688+0000] {spark_submit.py:491} INFO - 
[2025-10-28T09:30:54.333+0000] {spark_submit.py:491} INFO - Processed weather data count: 24
[2025-10-28T09:30:57.517+0000] {spark_submit.py:491} INFO - Successfully wrote weather data to Iceberg table
[2025-10-28T09:31:00.496+0000] {spark_submit.py:491} INFO - +------------+------------------+-----------------+-----------------+--------------------+
[2025-10-28T09:31:00.497+0000] {spark_submit.py:491} INFO - |weather_date|        avg_temp_c|     avg_humidity|   avg_wind_speed|          conditions|
[2025-10-28T09:31:00.499+0000] {spark_submit.py:491} INFO - +------------+------------------+-----------------+-----------------+--------------------+
[2025-10-28T09:31:00.499+0000] {spark_submit.py:491} INFO - |  2025-10-28|14.477407407407407|64.44814814814815|8.840740740740742|[clear, snow, rai...|
[2025-10-28T09:31:00.500+0000] {spark_submit.py:491} INFO - |  2025-10-27|19.238666666666667|61.08888888888889|7.317777777777777|[clear, snow, rai...|
[2025-10-28T09:31:00.500+0000] {spark_submit.py:491} INFO - +------------+------------------+-----------------+-----------------+--------------------+
[2025-10-28T09:31:00.501+0000] {spark_submit.py:491} INFO - 
[2025-10-28T09:31:00.501+0000] {spark_submit.py:491} INFO - Weather ETL job completed successfully!
[2025-10-28T09:31:01.423+0000] {taskinstance.py:1398} INFO - Marking task as SUCCESS. dag_id=nyc_weather_etl, task_id=spark_process_weather_to_iceberg, execution_date=20251028T083031, start_date=20251028T093036, end_date=20251028T093101
[2025-10-28T09:31:01.513+0000] {local_task_job_runner.py:228} INFO - Task exited with return code 0
[2025-10-28T09:31:01.610+0000] {taskinstance.py:2776} INFO - 0 downstream tasks scheduled from follow-on schedule check
