[2025-11-03T04:30:18.353+0000] {taskinstance.py:1157} INFO - Dependencies all met for dep_context=non-requeueable deps ti=<TaskInstance: nyc_taxi_iceberg_etl.spark_process_to_iceberg manual__2025-11-03T04:30:08.475545+00:00 [queued]>
[2025-11-03T04:30:18.357+0000] {taskinstance.py:1157} INFO - Dependencies all met for dep_context=requeueable deps ti=<TaskInstance: nyc_taxi_iceberg_etl.spark_process_to_iceberg manual__2025-11-03T04:30:08.475545+00:00 [queued]>
[2025-11-03T04:30:18.357+0000] {taskinstance.py:1359} INFO - Starting attempt 1 of 1
[2025-11-03T04:30:18.362+0000] {taskinstance.py:1380} INFO - Executing <Task(SparkSubmitOperator): spark_process_to_iceberg> on 2025-11-03 04:30:08.475545+00:00
[2025-11-03T04:30:18.365+0000] {standard_task_runner.py:57} INFO - Started process 18140 to run task
[2025-11-03T04:30:18.367+0000] {standard_task_runner.py:84} INFO - Running: ['***', 'tasks', 'run', 'nyc_taxi_iceberg_etl', 'spark_process_to_iceberg', 'manual__2025-11-03T04:30:08.475545+00:00', '--job-id', '155', '--raw', '--subdir', 'DAGS_FOLDER/nyc_taxi_iceberg_etl.py', '--cfg-path', '/tmp/tmpcqsb7oap']
[2025-11-03T04:30:18.369+0000] {standard_task_runner.py:85} INFO - Job 155: Subtask spark_process_to_iceberg
[2025-11-03T04:30:18.398+0000] {task_command.py:415} INFO - Running <TaskInstance: nyc_taxi_iceberg_etl.spark_process_to_iceberg manual__2025-11-03T04:30:08.475545+00:00 [running]> on host ec57452a9f33
[2025-11-03T04:30:18.522+0000] {taskinstance.py:1660} INFO - Exporting env vars: AIRFLOW_CTX_DAG_OWNER='data-engineering' AIRFLOW_CTX_DAG_ID='nyc_taxi_iceberg_etl' AIRFLOW_CTX_TASK_ID='spark_process_to_iceberg' AIRFLOW_CTX_EXECUTION_DATE='2025-11-03T04:30:08.475545+00:00' AIRFLOW_CTX_TRY_NUMBER='1' AIRFLOW_CTX_DAG_RUN_ID='manual__2025-11-03T04:30:08.475545+00:00'
[2025-11-03T04:30:18.523+0000] {base.py:73} INFO - Using connection ID 'spark_default' for task execution.
[2025-11-03T04:30:18.524+0000] {spark_submit.py:340} INFO - Spark-Submit cmd: /opt/bitnami/spark/bin/spark-submit --master spark-master:7077 --conf spark.master=spark://spark-master:7077 --conf spark.sql.catalog.spark_catalog=org.apache.iceberg.spark.SparkSessionCatalog --conf spark.sql.catalog.spark_catalog.type=hive --conf spark.sql.catalog.iceberg=org.apache.iceberg.spark.SparkCatalog --conf spark.sql.catalog.iceberg.type=hadoop --conf spark.sql.catalog.iceberg.warehouse=s3a://lakehouse/warehouse --conf spark.sql.extensions=org.apache.iceberg.spark.extensions.IcebergSparkSessionExtensions --conf spark.hadoop.fs.s3a.endpoint=http://minio:9000 --conf spark.hadoop.fs.s3a.access.key=admin --conf spark.hadoop.fs.s3a.secret.key=****** --conf spark.hadoop.fs.s3a.path.style.access=true --conf spark.hadoop.fs.s3a.impl=org.apache.hadoop.fs.s3a.S3AFileSystem --jars /opt/***/jars/iceberg-spark-runtime-3.5_2.12-1.4.2.jar,/opt/***/jars/aws-java-sdk-bundle-1.12.367.jar,/opt/***/jars/hadoop-aws-3.3.4.jar --name arrow-spark /opt/***/dags/spark_jobs/nyc_taxi_to_iceberg.py /opt/***/data/raw/yellow_tripdata_2025-11.parquet
[2025-11-03T04:30:19.261+0000] {spark_submit.py:491} INFO - 25/11/03 04:30:19 WARN NativeCodeLoader: Unable to load native-hadoop library for your platform... using builtin-java classes where applicable
[2025-11-03T04:30:19.751+0000] {spark_submit.py:491} INFO - 25/11/03 04:30:19 INFO SparkContext: Running Spark version 3.5.1
[2025-11-03T04:30:19.753+0000] {spark_submit.py:491} INFO - 25/11/03 04:30:19 INFO SparkContext: OS info Linux, 6.10.14-linuxkit, aarch64
[2025-11-03T04:30:19.753+0000] {spark_submit.py:491} INFO - 25/11/03 04:30:19 INFO SparkContext: Java version 11.0.28
[2025-11-03T04:30:19.762+0000] {spark_submit.py:491} INFO - 25/11/03 04:30:19 INFO ResourceUtils: ==============================================================
[2025-11-03T04:30:19.762+0000] {spark_submit.py:491} INFO - 25/11/03 04:30:19 INFO ResourceUtils: No custom resources configured for spark.driver.
[2025-11-03T04:30:19.762+0000] {spark_submit.py:491} INFO - 25/11/03 04:30:19 INFO ResourceUtils: ==============================================================
[2025-11-03T04:30:19.762+0000] {spark_submit.py:491} INFO - 25/11/03 04:30:19 INFO SparkContext: Submitted application: NYC Taxi to Iceberg ETL
[2025-11-03T04:30:19.771+0000] {spark_submit.py:491} INFO - 25/11/03 04:30:19 INFO ResourceProfile: Default ResourceProfile created, executor resources: Map(cores -> name: cores, amount: 1, script: , vendor: , memory -> name: memory, amount: 1024, script: , vendor: , offHeap -> name: offHeap, amount: 0, script: , vendor: ), task resources: Map(cpus -> name: cpus, amount: 1.0)
[2025-11-03T04:30:19.776+0000] {spark_submit.py:491} INFO - 25/11/03 04:30:19 INFO ResourceProfile: Limiting resource is cpu
[2025-11-03T04:30:19.776+0000] {spark_submit.py:491} INFO - 25/11/03 04:30:19 INFO ResourceProfileManager: Added ResourceProfile id: 0
[2025-11-03T04:30:19.806+0000] {spark_submit.py:491} INFO - 25/11/03 04:30:19 INFO SecurityManager: Changing view acls to: ***
[2025-11-03T04:30:19.806+0000] {spark_submit.py:491} INFO - 25/11/03 04:30:19 INFO SecurityManager: Changing modify acls to: ***
[2025-11-03T04:30:19.807+0000] {spark_submit.py:491} INFO - 25/11/03 04:30:19 INFO SecurityManager: Changing view acls groups to:
[2025-11-03T04:30:19.807+0000] {spark_submit.py:491} INFO - 25/11/03 04:30:19 INFO SecurityManager: Changing modify acls groups to:
[2025-11-03T04:30:19.807+0000] {spark_submit.py:491} INFO - 25/11/03 04:30:19 INFO SecurityManager: SecurityManager: authentication disabled; ui acls disabled; users with view permissions: ***; groups with view permissions: EMPTY; users with modify permissions: ***; groups with modify permissions: EMPTY
[2025-11-03T04:30:19.897+0000] {spark_submit.py:491} INFO - 25/11/03 04:30:19 INFO Utils: Successfully started service 'sparkDriver' on port 39459.
[2025-11-03T04:30:19.911+0000] {spark_submit.py:491} INFO - 25/11/03 04:30:19 INFO SparkEnv: Registering MapOutputTracker
[2025-11-03T04:30:19.926+0000] {spark_submit.py:491} INFO - 25/11/03 04:30:19 INFO SparkEnv: Registering BlockManagerMaster
[2025-11-03T04:30:19.934+0000] {spark_submit.py:491} INFO - 25/11/03 04:30:19 INFO BlockManagerMasterEndpoint: Using org.apache.spark.storage.DefaultTopologyMapper for getting topology information
[2025-11-03T04:30:19.934+0000] {spark_submit.py:491} INFO - 25/11/03 04:30:19 INFO BlockManagerMasterEndpoint: BlockManagerMasterEndpoint up
[2025-11-03T04:30:19.936+0000] {spark_submit.py:491} INFO - 25/11/03 04:30:19 INFO SparkEnv: Registering BlockManagerMasterHeartbeat
[2025-11-03T04:30:19.946+0000] {spark_submit.py:491} INFO - 25/11/03 04:30:19 INFO DiskBlockManager: Created local directory at /tmp/blockmgr-dbe09208-57a9-45f4-a00b-f3f0453c310d
[2025-11-03T04:30:19.951+0000] {spark_submit.py:491} INFO - 25/11/03 04:30:19 INFO MemoryStore: MemoryStore started with capacity 434.4 MiB
[2025-11-03T04:30:19.957+0000] {spark_submit.py:491} INFO - 25/11/03 04:30:19 INFO SparkEnv: Registering OutputCommitCoordinator
[2025-11-03T04:30:20.004+0000] {spark_submit.py:491} INFO - 25/11/03 04:30:20 INFO JettyUtils: Start Jetty 0.0.0.0:4040 for SparkUI
[2025-11-03T04:30:20.024+0000] {spark_submit.py:491} INFO - 25/11/03 04:30:20 INFO Utils: Successfully started service 'SparkUI' on port 4040.
[2025-11-03T04:30:20.038+0000] {spark_submit.py:491} INFO - 25/11/03 04:30:20 INFO SparkContext: Added JAR file:///opt/***/jars/iceberg-spark-runtime-3.5_2.12-1.4.2.jar at spark://ec57452a9f33:39459/jars/iceberg-spark-runtime-3.5_2.12-1.4.2.jar with timestamp 1762144219747
[2025-11-03T04:30:20.039+0000] {spark_submit.py:491} INFO - 25/11/03 04:30:20 INFO SparkContext: Added JAR file:///opt/***/jars/aws-java-sdk-bundle-1.12.367.jar at spark://ec57452a9f33:39459/jars/aws-java-sdk-bundle-1.12.367.jar with timestamp 1762144219747
[2025-11-03T04:30:20.039+0000] {spark_submit.py:491} INFO - 25/11/03 04:30:20 INFO SparkContext: Added JAR file:///opt/***/jars/hadoop-aws-3.3.4.jar at spark://ec57452a9f33:39459/jars/hadoop-aws-3.3.4.jar with timestamp 1762144219747
[2025-11-03T04:30:20.062+0000] {spark_submit.py:491} INFO - 25/11/03 04:30:20 INFO Executor: Starting executor ID driver on host ec57452a9f33
[2025-11-03T04:30:20.062+0000] {spark_submit.py:491} INFO - 25/11/03 04:30:20 INFO Executor: OS info Linux, 6.10.14-linuxkit, aarch64
[2025-11-03T04:30:20.062+0000] {spark_submit.py:491} INFO - 25/11/03 04:30:20 INFO Executor: Java version 11.0.28
[2025-11-03T04:30:20.064+0000] {spark_submit.py:491} INFO - 25/11/03 04:30:20 INFO Executor: Starting executor with user classpath (userClassPathFirst = false): ''
[2025-11-03T04:30:20.064+0000] {spark_submit.py:491} INFO - 25/11/03 04:30:20 INFO Executor: Created or updated repl class loader org.apache.spark.util.MutableURLClassLoader@57016c48 for default.
[2025-11-03T04:30:20.068+0000] {spark_submit.py:491} INFO - 25/11/03 04:30:20 INFO Executor: Fetching spark://ec57452a9f33:39459/jars/aws-java-sdk-bundle-1.12.367.jar with timestamp 1762144219747
[2025-11-03T04:30:20.096+0000] {spark_submit.py:491} INFO - 25/11/03 04:30:20 INFO TransportClientFactory: Successfully created connection to ec57452a9f33/172.18.0.4:39459 after 11 ms (0 ms spent in bootstraps)
[2025-11-03T04:30:20.098+0000] {spark_submit.py:491} INFO - 25/11/03 04:30:20 INFO Utils: Fetching spark://ec57452a9f33:39459/jars/aws-java-sdk-bundle-1.12.367.jar to /tmp/spark-1cf6c797-1be5-41f9-b16c-63ca7bcee981/userFiles-58536cba-f6e6-4c4b-a9a4-226f70db706f/fetchFileTemp8928932853270888998.tmp
[2025-11-03T04:30:20.430+0000] {spark_submit.py:491} INFO - 25/11/03 04:30:20 INFO Executor: Adding file:/tmp/spark-1cf6c797-1be5-41f9-b16c-63ca7bcee981/userFiles-58536cba-f6e6-4c4b-a9a4-226f70db706f/aws-java-sdk-bundle-1.12.367.jar to class loader default
[2025-11-03T04:30:20.431+0000] {spark_submit.py:491} INFO - 25/11/03 04:30:20 INFO Executor: Fetching spark://ec57452a9f33:39459/jars/hadoop-aws-3.3.4.jar with timestamp 1762144219747
[2025-11-03T04:30:20.431+0000] {spark_submit.py:491} INFO - 25/11/03 04:30:20 INFO Utils: Fetching spark://ec57452a9f33:39459/jars/hadoop-aws-3.3.4.jar to /tmp/spark-1cf6c797-1be5-41f9-b16c-63ca7bcee981/userFiles-58536cba-f6e6-4c4b-a9a4-226f70db706f/fetchFileTemp7007339101372367467.tmp
[2025-11-03T04:30:20.436+0000] {spark_submit.py:491} INFO - 25/11/03 04:30:20 INFO Executor: Adding file:/tmp/spark-1cf6c797-1be5-41f9-b16c-63ca7bcee981/userFiles-58536cba-f6e6-4c4b-a9a4-226f70db706f/hadoop-aws-3.3.4.jar to class loader default
[2025-11-03T04:30:20.436+0000] {spark_submit.py:491} INFO - 25/11/03 04:30:20 INFO Executor: Fetching spark://ec57452a9f33:39459/jars/iceberg-spark-runtime-3.5_2.12-1.4.2.jar with timestamp 1762144219747
[2025-11-03T04:30:20.437+0000] {spark_submit.py:491} INFO - 25/11/03 04:30:20 INFO Utils: Fetching spark://ec57452a9f33:39459/jars/iceberg-spark-runtime-3.5_2.12-1.4.2.jar to /tmp/spark-1cf6c797-1be5-41f9-b16c-63ca7bcee981/userFiles-58536cba-f6e6-4c4b-a9a4-226f70db706f/fetchFileTemp980975365252960913.tmp
[2025-11-03T04:30:20.469+0000] {spark_submit.py:491} INFO - 25/11/03 04:30:20 INFO Executor: Adding file:/tmp/spark-1cf6c797-1be5-41f9-b16c-63ca7bcee981/userFiles-58536cba-f6e6-4c4b-a9a4-226f70db706f/iceberg-spark-runtime-3.5_2.12-1.4.2.jar to class loader default
[2025-11-03T04:30:20.474+0000] {spark_submit.py:491} INFO - 25/11/03 04:30:20 INFO Utils: Successfully started service 'org.apache.spark.network.netty.NettyBlockTransferService' on port 34995.
[2025-11-03T04:30:20.474+0000] {spark_submit.py:491} INFO - 25/11/03 04:30:20 INFO NettyBlockTransferService: Server created on ec57452a9f33:34995
[2025-11-03T04:30:20.475+0000] {spark_submit.py:491} INFO - 25/11/03 04:30:20 INFO BlockManager: Using org.apache.spark.storage.RandomBlockReplicationPolicy for block replication policy
[2025-11-03T04:30:20.478+0000] {spark_submit.py:491} INFO - 25/11/03 04:30:20 INFO BlockManagerMaster: Registering BlockManager BlockManagerId(driver, ec57452a9f33, 34995, None)
[2025-11-03T04:30:20.479+0000] {spark_submit.py:491} INFO - 25/11/03 04:30:20 INFO BlockManagerMasterEndpoint: Registering block manager ec57452a9f33:34995 with 434.4 MiB RAM, BlockManagerId(driver, ec57452a9f33, 34995, None)
[2025-11-03T04:30:20.480+0000] {spark_submit.py:491} INFO - 25/11/03 04:30:20 INFO BlockManagerMaster: Registered BlockManager BlockManagerId(driver, ec57452a9f33, 34995, None)
[2025-11-03T04:30:20.480+0000] {spark_submit.py:491} INFO - 25/11/03 04:30:20 INFO BlockManager: Initialized BlockManager: BlockManagerId(driver, ec57452a9f33, 34995, None)
[2025-11-03T04:30:21.672+0000] {spark_submit.py:491} INFO - 25/11/03 04:30:21 WARN MetricsConfig: Cannot locate configuration: tried hadoop-metrics2-s3a-file-system.properties,hadoop-metrics2.properties
[2025-11-03T04:30:22.247+0000] {spark_submit.py:491} INFO - Created/verified trips table
[2025-11-03T04:30:22.247+0000] {spark_submit.py:491} INFO - Reading data from: /opt/***/data/raw/yellow_tripdata_2025-11.parquet
[2025-11-03T04:30:23.145+0000] {spark_submit.py:491} INFO - Raw data count: 3252717
[2025-11-03T04:30:23.146+0000] {spark_submit.py:491} INFO - root
[2025-11-03T04:30:23.146+0000] {spark_submit.py:491} INFO - |-- VendorID: long (nullable = true)
[2025-11-03T04:30:23.146+0000] {spark_submit.py:491} INFO - |-- tpep_pickup_datetime: timestamp_ntz (nullable = true)
[2025-11-03T04:30:23.148+0000] {spark_submit.py:491} INFO - |-- tpep_dropoff_datetime: timestamp_ntz (nullable = true)
[2025-11-03T04:30:23.148+0000] {spark_submit.py:491} INFO - |-- passenger_count: double (nullable = true)
[2025-11-03T04:30:23.149+0000] {spark_submit.py:491} INFO - |-- trip_distance: double (nullable = true)
[2025-11-03T04:30:23.149+0000] {spark_submit.py:491} INFO - |-- RatecodeID: double (nullable = true)
[2025-11-03T04:30:23.149+0000] {spark_submit.py:491} INFO - |-- store_and_fwd_flag: string (nullable = true)
[2025-11-03T04:30:23.149+0000] {spark_submit.py:491} INFO - |-- PULocationID: long (nullable = true)
[2025-11-03T04:30:23.149+0000] {spark_submit.py:491} INFO - |-- DOLocationID: long (nullable = true)
[2025-11-03T04:30:23.149+0000] {spark_submit.py:491} INFO - |-- payment_type: long (nullable = true)
[2025-11-03T04:30:23.149+0000] {spark_submit.py:491} INFO - |-- fare_amount: double (nullable = true)
[2025-11-03T04:30:23.149+0000] {spark_submit.py:491} INFO - |-- extra: double (nullable = true)
[2025-11-03T04:30:23.149+0000] {spark_submit.py:491} INFO - |-- mta_tax: double (nullable = true)
[2025-11-03T04:30:23.149+0000] {spark_submit.py:491} INFO - |-- tip_amount: double (nullable = true)
[2025-11-03T04:30:23.149+0000] {spark_submit.py:491} INFO - |-- tolls_amount: double (nullable = true)
[2025-11-03T04:30:23.151+0000] {spark_submit.py:491} INFO - |-- improvement_surcharge: double (nullable = true)
[2025-11-03T04:30:23.151+0000] {spark_submit.py:491} INFO - |-- total_amount: double (nullable = true)
[2025-11-03T04:30:23.151+0000] {spark_submit.py:491} INFO - |-- congestion_surcharge: double (nullable = true)
[2025-11-03T04:30:23.151+0000] {spark_submit.py:491} INFO - |-- airport_fee: double (nullable = true)
[2025-11-03T04:30:23.151+0000] {spark_submit.py:491} INFO - 
[2025-11-03T04:30:23.950+0000] {spark_submit.py:491} INFO - Processed data count: 3019653
[2025-11-03T04:30:30.545+0000] {spark_submit.py:491} INFO - Successfully wrote data to Iceberg table
[2025-11-03T04:30:33.508+0000] {spark_submit.py:491} INFO - +----+-----+----------+------------------+------------------+
[2025-11-03T04:30:33.508+0000] {spark_submit.py:491} INFO - |year|month|trip_count|      avg_distance|        avg_amount|
[2025-11-03T04:30:33.508+0000] {spark_submit.py:491} INFO - +----+-----+----------+------------------+------------------+
[2025-11-03T04:30:33.508+0000] {spark_submit.py:491} INFO - |2022|   12|       627| 2.862982456140351|20.792280701754382|
[2025-11-03T04:30:33.509+0000] {spark_submit.py:491} INFO - |2022|   11|  33215149|3.6727699773374045| 21.91778852430149|
[2025-11-03T04:30:33.509+0000] {spark_submit.py:491} INFO - |2022|   10|       352|          5.545625|26.396562499999995|
[2025-11-03T04:30:33.509+0000] {spark_submit.py:491} INFO - |2009|    1|        22|2.9549999999999996|18.550000000000004|
[2025-11-03T04:30:33.509+0000] {spark_submit.py:491} INFO - |2008|   12|        22|             6.095| 29.53499999999999|
[2025-11-03T04:30:33.509+0000] {spark_submit.py:491} INFO - |2002|   12|        11| 8.430000000000001| 47.31000000000001|
[2025-11-03T04:30:33.509+0000] {spark_submit.py:491} INFO - +----+-----+----------+------------------+------------------+
[2025-11-03T04:30:33.509+0000] {spark_submit.py:491} INFO - 
[2025-11-03T04:30:33.737+0000] {spark_submit.py:491} INFO - Created daily summary table
[2025-11-03T04:30:33.738+0000] {spark_submit.py:491} INFO - ETL job completed successfully!
[2025-11-03T04:30:34.184+0000] {taskinstance.py:1398} INFO - Marking task as SUCCESS. dag_id=nyc_taxi_iceberg_etl, task_id=spark_process_to_iceberg, execution_date=20251103T043008, start_date=20251103T043018, end_date=20251103T043034
[2025-11-03T04:30:34.229+0000] {local_task_job_runner.py:228} INFO - Task exited with return code 0
[2025-11-03T04:30:34.241+0000] {taskinstance.py:2776} INFO - 1 downstream tasks scheduled from follow-on schedule check
