[2025-11-02T05:53:03.023+0000] {taskinstance.py:1157} INFO - Dependencies all met for dep_context=non-requeueable deps ti=<TaskInstance: nyc_weather_etl.spark_process_weather_to_iceberg manual__2025-11-02T05:52:59.540105+00:00 [queued]>
[2025-11-02T05:53:03.027+0000] {taskinstance.py:1157} INFO - Dependencies all met for dep_context=requeueable deps ti=<TaskInstance: nyc_weather_etl.spark_process_weather_to_iceberg manual__2025-11-02T05:52:59.540105+00:00 [queued]>
[2025-11-02T05:53:03.027+0000] {taskinstance.py:1359} INFO - Starting attempt 1 of 1
[2025-11-02T05:53:03.034+0000] {taskinstance.py:1380} INFO - Executing <Task(SparkSubmitOperator): spark_process_weather_to_iceberg> on 2025-11-02 05:52:59.540105+00:00
[2025-11-02T05:53:03.037+0000] {standard_task_runner.py:57} INFO - Started process 3320 to run task
[2025-11-02T05:53:03.039+0000] {standard_task_runner.py:84} INFO - Running: ['***', 'tasks', 'run', 'nyc_weather_etl', 'spark_process_weather_to_iceberg', 'manual__2025-11-02T05:52:59.540105+00:00', '--job-id', '92', '--raw', '--subdir', 'DAGS_FOLDER/nyc_weather_etl.py', '--cfg-path', '/tmp/tmpfnh14bl8']
[2025-11-02T05:53:03.040+0000] {standard_task_runner.py:85} INFO - Job 92: Subtask spark_process_weather_to_iceberg
[2025-11-02T05:53:03.060+0000] {task_command.py:415} INFO - Running <TaskInstance: nyc_weather_etl.spark_process_weather_to_iceberg manual__2025-11-02T05:52:59.540105+00:00 [running]> on host d3553ba1dd4a
[2025-11-02T05:53:03.201+0000] {taskinstance.py:1660} INFO - Exporting env vars: AIRFLOW_CTX_DAG_OWNER='data-engineering' AIRFLOW_CTX_DAG_ID='nyc_weather_etl' AIRFLOW_CTX_TASK_ID='spark_process_weather_to_iceberg' AIRFLOW_CTX_EXECUTION_DATE='2025-11-02T05:52:59.540105+00:00' AIRFLOW_CTX_TRY_NUMBER='1' AIRFLOW_CTX_DAG_RUN_ID='manual__2025-11-02T05:52:59.540105+00:00'
[2025-11-02T05:53:03.202+0000] {base.py:73} INFO - Using connection ID 'spark_default' for task execution.
[2025-11-02T05:53:03.203+0000] {spark_submit.py:340} INFO - Spark-Submit cmd: /opt/bitnami/spark/bin/spark-submit --master spark-master:7077 --conf spark.master=spark://spark-master:7077 --conf spark.sql.catalog.spark_catalog=org.apache.iceberg.spark.SparkSessionCatalog --conf spark.sql.catalog.spark_catalog.type=hive --conf spark.sql.catalog.iceberg=org.apache.iceberg.spark.SparkCatalog --conf spark.sql.catalog.iceberg.type=hadoop --conf spark.sql.catalog.iceberg.warehouse=s3a://lakehouse/warehouse --conf spark.sql.extensions=org.apache.iceberg.spark.extensions.IcebergSparkSessionExtensions --conf spark.hadoop.fs.s3a.endpoint=http://minio:9000 --conf spark.hadoop.fs.s3a.access.key=admin --conf spark.hadoop.fs.s3a.secret.key=****** --conf spark.hadoop.fs.s3a.path.style.access=true --conf spark.hadoop.fs.s3a.impl=org.apache.hadoop.fs.s3a.S3AFileSystem --jars /opt/***/jars/iceberg-spark-runtime-3.5_2.12-1.4.2.jar,/opt/***/jars/aws-java-sdk-bundle-1.12.367.jar,/opt/***/jars/hadoop-aws-3.3.4.jar --name arrow-spark /opt/***/dags/spark_jobs/weather_to_iceberg.py /opt/***/data/weather/weather_data_20251102_05.json
[2025-11-02T05:53:04.020+0000] {spark_submit.py:491} INFO - 25/11/02 05:53:04 WARN NativeCodeLoader: Unable to load native-hadoop library for your platform... using builtin-java classes where applicable
[2025-11-02T05:53:04.662+0000] {spark_submit.py:491} INFO - 25/11/02 05:53:04 INFO SparkContext: Running Spark version 3.5.1
[2025-11-02T05:53:04.662+0000] {spark_submit.py:491} INFO - 25/11/02 05:53:04 INFO SparkContext: OS info Linux, 6.10.14-linuxkit, aarch64
[2025-11-02T05:53:04.662+0000] {spark_submit.py:491} INFO - 25/11/02 05:53:04 INFO SparkContext: Java version 11.0.28
[2025-11-02T05:53:04.681+0000] {spark_submit.py:491} INFO - 25/11/02 05:53:04 INFO ResourceUtils: ==============================================================
[2025-11-02T05:53:04.681+0000] {spark_submit.py:491} INFO - 25/11/02 05:53:04 INFO ResourceUtils: No custom resources configured for spark.driver.
[2025-11-02T05:53:04.681+0000] {spark_submit.py:491} INFO - 25/11/02 05:53:04 INFO ResourceUtils: ==============================================================
[2025-11-02T05:53:04.681+0000] {spark_submit.py:491} INFO - 25/11/02 05:53:04 INFO SparkContext: Submitted application: Weather to Iceberg ETL
[2025-11-02T05:53:04.690+0000] {spark_submit.py:491} INFO - 25/11/02 05:53:04 INFO ResourceProfile: Default ResourceProfile created, executor resources: Map(cores -> name: cores, amount: 1, script: , vendor: , memory -> name: memory, amount: 1024, script: , vendor: , offHeap -> name: offHeap, amount: 0, script: , vendor: ), task resources: Map(cpus -> name: cpus, amount: 1.0)
[2025-11-02T05:53:04.695+0000] {spark_submit.py:491} INFO - 25/11/02 05:53:04 INFO ResourceProfile: Limiting resource is cpu
[2025-11-02T05:53:04.695+0000] {spark_submit.py:491} INFO - 25/11/02 05:53:04 INFO ResourceProfileManager: Added ResourceProfile id: 0
[2025-11-02T05:53:04.730+0000] {spark_submit.py:491} INFO - 25/11/02 05:53:04 INFO SecurityManager: Changing view acls to: ***
[2025-11-02T05:53:04.731+0000] {spark_submit.py:491} INFO - 25/11/02 05:53:04 INFO SecurityManager: Changing modify acls to: ***
[2025-11-02T05:53:04.731+0000] {spark_submit.py:491} INFO - 25/11/02 05:53:04 INFO SecurityManager: Changing view acls groups to:
[2025-11-02T05:53:04.731+0000] {spark_submit.py:491} INFO - 25/11/02 05:53:04 INFO SecurityManager: Changing modify acls groups to:
[2025-11-02T05:53:04.731+0000] {spark_submit.py:491} INFO - 25/11/02 05:53:04 INFO SecurityManager: SecurityManager: authentication disabled; ui acls disabled; users with view permissions: ***; groups with view permissions: EMPTY; users with modify permissions: ***; groups with modify permissions: EMPTY
[2025-11-02T05:53:04.835+0000] {spark_submit.py:491} INFO - 25/11/02 05:53:04 INFO Utils: Successfully started service 'sparkDriver' on port 43913.
[2025-11-02T05:53:04.856+0000] {spark_submit.py:491} INFO - 25/11/02 05:53:04 INFO SparkEnv: Registering MapOutputTracker
[2025-11-02T05:53:04.871+0000] {spark_submit.py:491} INFO - 25/11/02 05:53:04 INFO SparkEnv: Registering BlockManagerMaster
[2025-11-02T05:53:04.888+0000] {spark_submit.py:491} INFO - 25/11/02 05:53:04 INFO BlockManagerMasterEndpoint: Using org.apache.spark.storage.DefaultTopologyMapper for getting topology information
[2025-11-02T05:53:04.889+0000] {spark_submit.py:491} INFO - 25/11/02 05:53:04 INFO BlockManagerMasterEndpoint: BlockManagerMasterEndpoint up
[2025-11-02T05:53:04.890+0000] {spark_submit.py:491} INFO - 25/11/02 05:53:04 INFO SparkEnv: Registering BlockManagerMasterHeartbeat
[2025-11-02T05:53:04.904+0000] {spark_submit.py:491} INFO - 25/11/02 05:53:04 INFO DiskBlockManager: Created local directory at /tmp/blockmgr-6ea70caa-93ca-4543-a924-0e4936507c9a
[2025-11-02T05:53:04.911+0000] {spark_submit.py:491} INFO - 25/11/02 05:53:04 INFO MemoryStore: MemoryStore started with capacity 434.4 MiB
[2025-11-02T05:53:04.918+0000] {spark_submit.py:491} INFO - 25/11/02 05:53:04 INFO SparkEnv: Registering OutputCommitCoordinator
[2025-11-02T05:53:04.979+0000] {spark_submit.py:491} INFO - 25/11/02 05:53:04 INFO JettyUtils: Start Jetty 0.0.0.0:4040 for SparkUI
[2025-11-02T05:53:05.001+0000] {spark_submit.py:491} INFO - 25/11/02 05:53:05 WARN Utils: Service 'SparkUI' could not bind on port 4040. Attempting port 4041.
[2025-11-02T05:53:05.008+0000] {spark_submit.py:491} INFO - 25/11/02 05:53:05 INFO Utils: Successfully started service 'SparkUI' on port 4041.
[2025-11-02T05:53:05.030+0000] {spark_submit.py:491} INFO - 25/11/02 05:53:05 INFO SparkContext: Added JAR file:///opt/***/jars/iceberg-spark-runtime-3.5_2.12-1.4.2.jar at spark://d3553ba1dd4a:43913/jars/iceberg-spark-runtime-3.5_2.12-1.4.2.jar with timestamp 1762062784652
[2025-11-02T05:53:05.031+0000] {spark_submit.py:491} INFO - 25/11/02 05:53:05 INFO SparkContext: Added JAR file:///opt/***/jars/aws-java-sdk-bundle-1.12.367.jar at spark://d3553ba1dd4a:43913/jars/aws-java-sdk-bundle-1.12.367.jar with timestamp 1762062784652
[2025-11-02T05:53:05.031+0000] {spark_submit.py:491} INFO - 25/11/02 05:53:05 INFO SparkContext: Added JAR file:///opt/***/jars/hadoop-aws-3.3.4.jar at spark://d3553ba1dd4a:43913/jars/hadoop-aws-3.3.4.jar with timestamp 1762062784652
[2025-11-02T05:53:05.065+0000] {spark_submit.py:491} INFO - 25/11/02 05:53:05 INFO Executor: Starting executor ID driver on host d3553ba1dd4a
[2025-11-02T05:53:05.065+0000] {spark_submit.py:491} INFO - 25/11/02 05:53:05 INFO Executor: OS info Linux, 6.10.14-linuxkit, aarch64
[2025-11-02T05:53:05.065+0000] {spark_submit.py:491} INFO - 25/11/02 05:53:05 INFO Executor: Java version 11.0.28
[2025-11-02T05:53:05.069+0000] {spark_submit.py:491} INFO - 25/11/02 05:53:05 INFO Executor: Starting executor with user classpath (userClassPathFirst = false): ''
[2025-11-02T05:53:05.069+0000] {spark_submit.py:491} INFO - 25/11/02 05:53:05 INFO Executor: Created or updated repl class loader org.apache.spark.util.MutableURLClassLoader@549daa0e for default.
[2025-11-02T05:53:05.083+0000] {spark_submit.py:491} INFO - 25/11/02 05:53:05 INFO Executor: Fetching spark://d3553ba1dd4a:43913/jars/iceberg-spark-runtime-3.5_2.12-1.4.2.jar with timestamp 1762062784652
[2025-11-02T05:53:05.115+0000] {spark_submit.py:491} INFO - 25/11/02 05:53:05 INFO TransportClientFactory: Successfully created connection to d3553ba1dd4a/172.18.0.5:43913 after 13 ms (0 ms spent in bootstraps)
[2025-11-02T05:53:05.119+0000] {spark_submit.py:491} INFO - 25/11/02 05:53:05 INFO Utils: Fetching spark://d3553ba1dd4a:43913/jars/iceberg-spark-runtime-3.5_2.12-1.4.2.jar to /tmp/spark-de27aaf9-edc2-4cf8-a5d8-a3f9c9d211cc/userFiles-59a66586-ed64-4417-9d26-65427cb6709d/fetchFileTemp533284404893413385.tmp
[2025-11-02T05:53:05.182+0000] {spark_submit.py:491} INFO - 25/11/02 05:53:05 INFO Executor: Adding file:/tmp/spark-de27aaf9-edc2-4cf8-a5d8-a3f9c9d211cc/userFiles-59a66586-ed64-4417-9d26-65427cb6709d/iceberg-spark-runtime-3.5_2.12-1.4.2.jar to class loader default
[2025-11-02T05:53:05.183+0000] {spark_submit.py:491} INFO - 25/11/02 05:53:05 INFO Executor: Fetching spark://d3553ba1dd4a:43913/jars/hadoop-aws-3.3.4.jar with timestamp 1762062784652
[2025-11-02T05:53:05.184+0000] {spark_submit.py:491} INFO - 25/11/02 05:53:05 INFO Utils: Fetching spark://d3553ba1dd4a:43913/jars/hadoop-aws-3.3.4.jar to /tmp/spark-de27aaf9-edc2-4cf8-a5d8-a3f9c9d211cc/userFiles-59a66586-ed64-4417-9d26-65427cb6709d/fetchFileTemp6750381785963414273.tmp
[2025-11-02T05:53:05.187+0000] {spark_submit.py:491} INFO - 25/11/02 05:53:05 INFO Executor: Adding file:/tmp/spark-de27aaf9-edc2-4cf8-a5d8-a3f9c9d211cc/userFiles-59a66586-ed64-4417-9d26-65427cb6709d/hadoop-aws-3.3.4.jar to class loader default
[2025-11-02T05:53:05.187+0000] {spark_submit.py:491} INFO - 25/11/02 05:53:05 INFO Executor: Fetching spark://d3553ba1dd4a:43913/jars/aws-java-sdk-bundle-1.12.367.jar with timestamp 1762062784652
[2025-11-02T05:53:05.188+0000] {spark_submit.py:491} INFO - 25/11/02 05:53:05 INFO Utils: Fetching spark://d3553ba1dd4a:43913/jars/aws-java-sdk-bundle-1.12.367.jar to /tmp/spark-de27aaf9-edc2-4cf8-a5d8-a3f9c9d211cc/userFiles-59a66586-ed64-4417-9d26-65427cb6709d/fetchFileTemp12440484541405956951.tmp
[2025-11-02T05:53:06.021+0000] {spark_submit.py:491} INFO - 25/11/02 05:53:06 INFO Executor: Adding file:/tmp/spark-de27aaf9-edc2-4cf8-a5d8-a3f9c9d211cc/userFiles-59a66586-ed64-4417-9d26-65427cb6709d/aws-java-sdk-bundle-1.12.367.jar to class loader default
[2025-11-02T05:53:06.027+0000] {spark_submit.py:491} INFO - 25/11/02 05:53:06 INFO Utils: Successfully started service 'org.apache.spark.network.netty.NettyBlockTransferService' on port 41169.
[2025-11-02T05:53:06.027+0000] {spark_submit.py:491} INFO - 25/11/02 05:53:06 INFO NettyBlockTransferService: Server created on d3553ba1dd4a:41169
[2025-11-02T05:53:06.030+0000] {spark_submit.py:491} INFO - 25/11/02 05:53:06 INFO BlockManager: Using org.apache.spark.storage.RandomBlockReplicationPolicy for block replication policy
[2025-11-02T05:53:06.032+0000] {spark_submit.py:491} INFO - 25/11/02 05:53:06 INFO BlockManagerMaster: Registering BlockManager BlockManagerId(driver, d3553ba1dd4a, 41169, None)
[2025-11-02T05:53:06.034+0000] {spark_submit.py:491} INFO - 25/11/02 05:53:06 INFO BlockManagerMasterEndpoint: Registering block manager d3553ba1dd4a:41169 with 434.4 MiB RAM, BlockManagerId(driver, d3553ba1dd4a, 41169, None)
[2025-11-02T05:53:06.035+0000] {spark_submit.py:491} INFO - 25/11/02 05:53:06 INFO BlockManagerMaster: Registered BlockManager BlockManagerId(driver, d3553ba1dd4a, 41169, None)
[2025-11-02T05:53:06.035+0000] {spark_submit.py:491} INFO - 25/11/02 05:53:06 INFO BlockManager: Initialized BlockManager: BlockManagerId(driver, d3553ba1dd4a, 41169, None)
[2025-11-02T05:53:07.466+0000] {spark_submit.py:491} INFO - 25/11/02 05:53:07 WARN MetricsConfig: Cannot locate configuration: tried hadoop-metrics2-s3a-file-system.properties,hadoop-metrics2.properties
[2025-11-02T05:53:08.128+0000] {spark_submit.py:491} INFO - Created/verified weather table
[2025-11-02T05:53:08.128+0000] {spark_submit.py:491} INFO - Reading weather data from: /opt/***/data/weather/weather_data_20251102_05.json
[2025-11-02T05:53:09.309+0000] {spark_submit.py:491} INFO - Raw weather data count: 24
[2025-11-02T05:53:09.310+0000] {spark_submit.py:491} INFO - root
[2025-11-02T05:53:09.310+0000] {spark_submit.py:491} INFO - |-- timestamp: string (nullable = true)
[2025-11-02T05:53:09.310+0000] {spark_submit.py:491} INFO - |-- location: string (nullable = true)
[2025-11-02T05:53:09.310+0000] {spark_submit.py:491} INFO - |-- latitude: double (nullable = true)
[2025-11-02T05:53:09.311+0000] {spark_submit.py:491} INFO - |-- longitude: double (nullable = true)
[2025-11-02T05:53:09.311+0000] {spark_submit.py:491} INFO - |-- temperature_celsius: double (nullable = true)
[2025-11-02T05:53:09.311+0000] {spark_submit.py:491} INFO - |-- temperature_fahrenheit: double (nullable = true)
[2025-11-02T05:53:09.311+0000] {spark_submit.py:491} INFO - |-- humidity_percent: double (nullable = true)
[2025-11-02T05:53:09.311+0000] {spark_submit.py:491} INFO - |-- pressure_hpa: double (nullable = true)
[2025-11-02T05:53:09.311+0000] {spark_submit.py:491} INFO - |-- wind_speed_kmh: double (nullable = true)
[2025-11-02T05:53:09.311+0000] {spark_submit.py:491} INFO - |-- weather_condition: string (nullable = true)
[2025-11-02T05:53:09.311+0000] {spark_submit.py:491} INFO - |-- visibility_km: double (nullable = true)
[2025-11-02T05:53:09.311+0000] {spark_submit.py:491} INFO - |-- uv_index: double (nullable = true)
[2025-11-02T05:53:09.311+0000] {spark_submit.py:491} INFO - |-- hour: integer (nullable = true)
[2025-11-02T05:53:09.315+0000] {spark_submit.py:491} INFO - |-- day_of_week: integer (nullable = true)
[2025-11-02T05:53:09.315+0000] {spark_submit.py:491} INFO - |-- is_weekend: boolean (nullable = true)
[2025-11-02T05:53:09.315+0000] {spark_submit.py:491} INFO - 
[2025-11-02T05:53:09.591+0000] {spark_submit.py:491} INFO - Processed weather data count: 24
[2025-11-02T05:53:10.797+0000] {spark_submit.py:491} INFO - Successfully wrote weather data to Iceberg table
[2025-11-02T05:53:12.212+0000] {spark_submit.py:491} INFO - +------------+------------------+------------------+-----------------+--------------------+
[2025-11-02T05:53:12.213+0000] {spark_submit.py:491} INFO - |weather_date|        avg_temp_c|      avg_humidity|   avg_wind_speed|          conditions|
[2025-11-02T05:53:12.213+0000] {spark_submit.py:491} INFO - +------------+------------------+------------------+-----------------+--------------------+
[2025-11-02T05:53:12.213+0000] {spark_submit.py:491} INFO - |  2025-11-02|           22.5775| 59.54166666666668|4.508333333333334|[clear, rain, clo...|
[2025-11-02T05:53:12.213+0000] {spark_submit.py:491} INFO - |  2025-11-01|14.784722222222221|62.202777777777754|7.319444444444443|[clear, snow, rai...|
[2025-11-02T05:53:12.213+0000] {spark_submit.py:491} INFO - +------------+------------------+------------------+-----------------+--------------------+
[2025-11-02T05:53:12.213+0000] {spark_submit.py:491} INFO - 
[2025-11-02T05:53:12.213+0000] {spark_submit.py:491} INFO - Weather ETL job completed successfully!
[2025-11-02T05:53:12.937+0000] {taskinstance.py:1398} INFO - Marking task as SUCCESS. dag_id=nyc_weather_etl, task_id=spark_process_weather_to_iceberg, execution_date=20251102T055259, start_date=20251102T055303, end_date=20251102T055312
[2025-11-02T05:53:12.956+0000] {local_task_job_runner.py:228} INFO - Task exited with return code 0
[2025-11-02T05:53:12.965+0000] {taskinstance.py:2776} INFO - 0 downstream tasks scheduled from follow-on schedule check
