[2025-10-16T06:38:37.680+0000] {taskinstance.py:1157} INFO - Dependencies all met for dep_context=non-requeueable deps ti=<TaskInstance: nyc_weather_etl.spark_process_weather_to_iceberg scheduled__2025-10-13T12:39:49.848452+00:00 [queued]>
[2025-10-16T06:38:37.684+0000] {taskinstance.py:1157} INFO - Dependencies all met for dep_context=requeueable deps ti=<TaskInstance: nyc_weather_etl.spark_process_weather_to_iceberg scheduled__2025-10-13T12:39:49.848452+00:00 [queued]>
[2025-10-16T06:38:37.684+0000] {taskinstance.py:1359} INFO - Starting attempt 1 of 1
[2025-10-16T06:38:37.689+0000] {taskinstance.py:1380} INFO - Executing <Task(SparkSubmitOperator): spark_process_weather_to_iceberg> on 2025-10-13 12:39:49.848452+00:00
[2025-10-16T06:38:37.690+0000] {standard_task_runner.py:57} INFO - Started process 272 to run task
[2025-10-16T06:38:37.692+0000] {standard_task_runner.py:84} INFO - Running: ['***', 'tasks', 'run', 'nyc_weather_etl', 'spark_process_weather_to_iceberg', 'scheduled__2025-10-13T12:39:49.848452+00:00', '--job-id', '583', '--raw', '--subdir', 'DAGS_FOLDER/nyc_weather_etl.py', '--cfg-path', '/tmp/tmp2jpsqmk9']
[2025-10-16T06:38:37.693+0000] {standard_task_runner.py:85} INFO - Job 583: Subtask spark_process_weather_to_iceberg
[2025-10-16T06:38:37.714+0000] {task_command.py:415} INFO - Running <TaskInstance: nyc_weather_etl.spark_process_weather_to_iceberg scheduled__2025-10-13T12:39:49.848452+00:00 [running]> on host b40be2a595bb
[2025-10-16T06:38:37.826+0000] {taskinstance.py:1660} INFO - Exporting env vars: AIRFLOW_CTX_DAG_OWNER='data-engineering' AIRFLOW_CTX_DAG_ID='nyc_weather_etl' AIRFLOW_CTX_TASK_ID='spark_process_weather_to_iceberg' AIRFLOW_CTX_EXECUTION_DATE='2025-10-13T12:39:49.848452+00:00' AIRFLOW_CTX_TRY_NUMBER='1' AIRFLOW_CTX_DAG_RUN_ID='scheduled__2025-10-13T12:39:49.848452+00:00'
[2025-10-16T06:38:37.830+0000] {base.py:73} INFO - Using connection ID 'spark_default' for task execution.
[2025-10-16T06:38:37.832+0000] {spark_submit.py:340} INFO - Spark-Submit cmd: /opt/bitnami/spark/bin/spark-submit --master spark://spark-master:7077 --conf spark.master=spark://spark-master:7077 --conf spark.sql.catalog.spark_catalog=org.apache.iceberg.spark.SparkSessionCatalog --conf spark.sql.catalog.spark_catalog.type=hive --conf spark.sql.catalog.iceberg=org.apache.iceberg.spark.SparkCatalog --conf spark.sql.catalog.iceberg.type=hadoop --conf spark.sql.catalog.iceberg.warehouse=s3a://lakehouse/warehouse --conf spark.sql.extensions=org.apache.iceberg.spark.extensions.IcebergSparkSessionExtensions --conf spark.hadoop.fs.s3a.endpoint=http://minio:9000 --conf spark.hadoop.fs.s3a.access.key=admin --conf spark.hadoop.fs.s3a.secret.key=****** --conf spark.hadoop.fs.s3a.path.style.access=true --conf spark.hadoop.fs.s3a.impl=org.apache.hadoop.fs.s3a.S3AFileSystem --jars /opt/***/jars/iceberg-spark-runtime-3.5_2.12-1.4.2.jar,/opt/***/jars/aws-java-sdk-bundle-1.12.367.jar,/opt/***/jars/hadoop-aws-3.3.4.jar --name arrow-spark --queue default /opt/***/dags/spark_jobs/weather_to_iceberg.py /opt/***/data/weather/weather_data_20251008_06.json
[2025-10-16T06:38:39.012+0000] {spark_submit.py:491} INFO - 25/10/16 06:38:39 WARN NativeCodeLoader: Unable to load native-hadoop library for your platform... using builtin-java classes where applicable
[2025-10-16T06:38:39.699+0000] {spark_submit.py:491} INFO - 25/10/16 06:38:39 INFO SparkContext: Running Spark version 3.5.1
[2025-10-16T06:38:39.702+0000] {spark_submit.py:491} INFO - 25/10/16 06:38:39 INFO SparkContext: OS info Linux, 6.10.14-linuxkit, aarch64
[2025-10-16T06:38:39.702+0000] {spark_submit.py:491} INFO - 25/10/16 06:38:39 INFO SparkContext: Java version 11.0.28
[2025-10-16T06:38:39.711+0000] {spark_submit.py:491} INFO - 25/10/16 06:38:39 INFO ResourceUtils: ==============================================================
[2025-10-16T06:38:39.711+0000] {spark_submit.py:491} INFO - 25/10/16 06:38:39 INFO ResourceUtils: No custom resources configured for spark.driver.
[2025-10-16T06:38:39.711+0000] {spark_submit.py:491} INFO - 25/10/16 06:38:39 INFO ResourceUtils: ==============================================================
[2025-10-16T06:38:39.711+0000] {spark_submit.py:491} INFO - 25/10/16 06:38:39 INFO SparkContext: Submitted application: Weather to Iceberg ETL
[2025-10-16T06:38:39.719+0000] {spark_submit.py:491} INFO - 25/10/16 06:38:39 INFO ResourceProfile: Default ResourceProfile created, executor resources: Map(cores -> name: cores, amount: 1, script: , vendor: , memory -> name: memory, amount: 1024, script: , vendor: , offHeap -> name: offHeap, amount: 0, script: , vendor: ), task resources: Map(cpus -> name: cpus, amount: 1.0)
[2025-10-16T06:38:39.723+0000] {spark_submit.py:491} INFO - 25/10/16 06:38:39 INFO ResourceProfile: Limiting resource is cpu
[2025-10-16T06:38:39.723+0000] {spark_submit.py:491} INFO - 25/10/16 06:38:39 INFO ResourceProfileManager: Added ResourceProfile id: 0
[2025-10-16T06:38:39.752+0000] {spark_submit.py:491} INFO - 25/10/16 06:38:39 INFO SecurityManager: Changing view acls to: ***
[2025-10-16T06:38:39.753+0000] {spark_submit.py:491} INFO - 25/10/16 06:38:39 INFO SecurityManager: Changing modify acls to: ***
[2025-10-16T06:38:39.753+0000] {spark_submit.py:491} INFO - 25/10/16 06:38:39 INFO SecurityManager: Changing view acls groups to:
[2025-10-16T06:38:39.753+0000] {spark_submit.py:491} INFO - 25/10/16 06:38:39 INFO SecurityManager: Changing modify acls groups to:
[2025-10-16T06:38:39.753+0000] {spark_submit.py:491} INFO - 25/10/16 06:38:39 INFO SecurityManager: SecurityManager: authentication disabled; ui acls disabled; users with view permissions: ***; groups with view permissions: EMPTY; users with modify permissions: ***; groups with modify permissions: EMPTY
[2025-10-16T06:38:39.848+0000] {spark_submit.py:491} INFO - 25/10/16 06:38:39 INFO Utils: Successfully started service 'sparkDriver' on port 41315.
[2025-10-16T06:38:39.863+0000] {spark_submit.py:491} INFO - 25/10/16 06:38:39 INFO SparkEnv: Registering MapOutputTracker
[2025-10-16T06:38:39.877+0000] {spark_submit.py:491} INFO - 25/10/16 06:38:39 INFO SparkEnv: Registering BlockManagerMaster
[2025-10-16T06:38:39.888+0000] {spark_submit.py:491} INFO - 25/10/16 06:38:39 INFO BlockManagerMasterEndpoint: Using org.apache.spark.storage.DefaultTopologyMapper for getting topology information
[2025-10-16T06:38:39.888+0000] {spark_submit.py:491} INFO - 25/10/16 06:38:39 INFO BlockManagerMasterEndpoint: BlockManagerMasterEndpoint up
[2025-10-16T06:38:39.888+0000] {spark_submit.py:491} INFO - 25/10/16 06:38:39 INFO SparkEnv: Registering BlockManagerMasterHeartbeat
[2025-10-16T06:38:39.900+0000] {spark_submit.py:491} INFO - 25/10/16 06:38:39 INFO DiskBlockManager: Created local directory at /tmp/blockmgr-0a574629-24bc-4a36-a612-d928c41537f6
[2025-10-16T06:38:39.905+0000] {spark_submit.py:491} INFO - 25/10/16 06:38:39 INFO MemoryStore: MemoryStore started with capacity 434.4 MiB
[2025-10-16T06:38:39.911+0000] {spark_submit.py:491} INFO - 25/10/16 06:38:39 INFO SparkEnv: Registering OutputCommitCoordinator
[2025-10-16T06:38:39.972+0000] {spark_submit.py:491} INFO - 25/10/16 06:38:39 INFO JettyUtils: Start Jetty 0.0.0.0:4040 for SparkUI
[2025-10-16T06:38:39.996+0000] {spark_submit.py:491} INFO - 25/10/16 06:38:39 INFO Utils: Successfully started service 'SparkUI' on port 4040.
[2025-10-16T06:38:40.011+0000] {spark_submit.py:491} INFO - 25/10/16 06:38:40 INFO SparkContext: Added JAR file:///opt/***/jars/iceberg-spark-runtime-3.5_2.12-1.4.2.jar at spark://b40be2a595bb:41315/jars/iceberg-spark-runtime-3.5_2.12-1.4.2.jar with timestamp 1760596719695
[2025-10-16T06:38:40.011+0000] {spark_submit.py:491} INFO - 25/10/16 06:38:40 INFO SparkContext: Added JAR file:///opt/***/jars/aws-java-sdk-bundle-1.12.367.jar at spark://b40be2a595bb:41315/jars/aws-java-sdk-bundle-1.12.367.jar with timestamp 1760596719695
[2025-10-16T06:38:40.011+0000] {spark_submit.py:491} INFO - 25/10/16 06:38:40 INFO SparkContext: Added JAR file:///opt/***/jars/hadoop-aws-3.3.4.jar at spark://b40be2a595bb:41315/jars/hadoop-aws-3.3.4.jar with timestamp 1760596719695
[2025-10-16T06:38:40.040+0000] {spark_submit.py:491} INFO - 25/10/16 06:38:40 INFO Executor: Starting executor ID driver on host b40be2a595bb
[2025-10-16T06:38:40.040+0000] {spark_submit.py:491} INFO - 25/10/16 06:38:40 INFO Executor: OS info Linux, 6.10.14-linuxkit, aarch64
[2025-10-16T06:38:40.041+0000] {spark_submit.py:491} INFO - 25/10/16 06:38:40 INFO Executor: Java version 11.0.28
[2025-10-16T06:38:40.042+0000] {spark_submit.py:491} INFO - 25/10/16 06:38:40 INFO Executor: Starting executor with user classpath (userClassPathFirst = false): ''
[2025-10-16T06:38:40.042+0000] {spark_submit.py:491} INFO - 25/10/16 06:38:40 INFO Executor: Created or updated repl class loader org.apache.spark.util.MutableURLClassLoader@21c2e8d0 for default.
[2025-10-16T06:38:40.046+0000] {spark_submit.py:491} INFO - 25/10/16 06:38:40 INFO Executor: Fetching spark://b40be2a595bb:41315/jars/hadoop-aws-3.3.4.jar with timestamp 1760596719695
[2025-10-16T06:38:40.067+0000] {spark_submit.py:491} INFO - 25/10/16 06:38:40 INFO TransportClientFactory: Successfully created connection to b40be2a595bb/172.18.0.3:41315 after 10 ms (0 ms spent in bootstraps)
[2025-10-16T06:38:40.069+0000] {spark_submit.py:491} INFO - 25/10/16 06:38:40 INFO Utils: Fetching spark://b40be2a595bb:41315/jars/hadoop-aws-3.3.4.jar to /tmp/spark-a526ccd6-7600-4c56-aecc-2e822c200c69/userFiles-6efc1b3d-c76b-4d70-a8d8-8c73a917b5f9/fetchFileTemp320162671126384718.tmp
[2025-10-16T06:38:40.084+0000] {spark_submit.py:491} INFO - 25/10/16 06:38:40 INFO Executor: Adding file:/tmp/spark-a526ccd6-7600-4c56-aecc-2e822c200c69/userFiles-6efc1b3d-c76b-4d70-a8d8-8c73a917b5f9/hadoop-aws-3.3.4.jar to class loader default
[2025-10-16T06:38:40.084+0000] {spark_submit.py:491} INFO - 25/10/16 06:38:40 INFO Executor: Fetching spark://b40be2a595bb:41315/jars/aws-java-sdk-bundle-1.12.367.jar with timestamp 1760596719695
[2025-10-16T06:38:40.084+0000] {spark_submit.py:491} INFO - 25/10/16 06:38:40 INFO Utils: Fetching spark://b40be2a595bb:41315/jars/aws-java-sdk-bundle-1.12.367.jar to /tmp/spark-a526ccd6-7600-4c56-aecc-2e822c200c69/userFiles-6efc1b3d-c76b-4d70-a8d8-8c73a917b5f9/fetchFileTemp11786750775082806180.tmp
[2025-10-16T06:38:40.399+0000] {spark_submit.py:491} INFO - 25/10/16 06:38:40 INFO Executor: Adding file:/tmp/spark-a526ccd6-7600-4c56-aecc-2e822c200c69/userFiles-6efc1b3d-c76b-4d70-a8d8-8c73a917b5f9/aws-java-sdk-bundle-1.12.367.jar to class loader default
[2025-10-16T06:38:40.399+0000] {spark_submit.py:491} INFO - 25/10/16 06:38:40 INFO Executor: Fetching spark://b40be2a595bb:41315/jars/iceberg-spark-runtime-3.5_2.12-1.4.2.jar with timestamp 1760596719695
[2025-10-16T06:38:40.400+0000] {spark_submit.py:491} INFO - 25/10/16 06:38:40 INFO Utils: Fetching spark://b40be2a595bb:41315/jars/iceberg-spark-runtime-3.5_2.12-1.4.2.jar to /tmp/spark-a526ccd6-7600-4c56-aecc-2e822c200c69/userFiles-6efc1b3d-c76b-4d70-a8d8-8c73a917b5f9/fetchFileTemp8353597466120075426.tmp
[2025-10-16T06:38:40.445+0000] {spark_submit.py:491} INFO - 25/10/16 06:38:40 INFO Executor: Adding file:/tmp/spark-a526ccd6-7600-4c56-aecc-2e822c200c69/userFiles-6efc1b3d-c76b-4d70-a8d8-8c73a917b5f9/iceberg-spark-runtime-3.5_2.12-1.4.2.jar to class loader default
[2025-10-16T06:38:40.489+0000] {spark_submit.py:491} INFO - 25/10/16 06:38:40 INFO Utils: Successfully started service 'org.apache.spark.network.netty.NettyBlockTransferService' on port 44175.
[2025-10-16T06:38:40.489+0000] {spark_submit.py:491} INFO - 25/10/16 06:38:40 INFO NettyBlockTransferService: Server created on b40be2a595bb:44175
[2025-10-16T06:38:40.490+0000] {spark_submit.py:491} INFO - 25/10/16 06:38:40 INFO BlockManager: Using org.apache.spark.storage.RandomBlockReplicationPolicy for block replication policy
[2025-10-16T06:38:40.494+0000] {spark_submit.py:491} INFO - 25/10/16 06:38:40 INFO BlockManagerMaster: Registering BlockManager BlockManagerId(driver, b40be2a595bb, 44175, None)
[2025-10-16T06:38:40.495+0000] {spark_submit.py:491} INFO - 25/10/16 06:38:40 INFO BlockManagerMasterEndpoint: Registering block manager b40be2a595bb:44175 with 434.4 MiB RAM, BlockManagerId(driver, b40be2a595bb, 44175, None)
[2025-10-16T06:38:40.496+0000] {spark_submit.py:491} INFO - 25/10/16 06:38:40 INFO BlockManagerMaster: Registered BlockManager BlockManagerId(driver, b40be2a595bb, 44175, None)
[2025-10-16T06:38:40.496+0000] {spark_submit.py:491} INFO - 25/10/16 06:38:40 INFO BlockManager: Initialized BlockManager: BlockManagerId(driver, b40be2a595bb, 44175, None)
[2025-10-16T06:38:41.858+0000] {spark_submit.py:491} INFO - 25/10/16 06:38:41 WARN MetricsConfig: Cannot locate configuration: tried hadoop-metrics2-s3a-file-system.properties,hadoop-metrics2.properties
[2025-10-16T06:38:42.492+0000] {spark_submit.py:491} INFO - Created/verified weather table
[2025-10-16T06:38:42.492+0000] {spark_submit.py:491} INFO - Reading weather data from: /opt/***/data/weather/weather_data_20251008_06.json
[2025-10-16T06:38:42.606+0000] {spark_submit.py:491} INFO - Error in weather ETL job: [CANNOT_ACCEPT_OBJECT_IN_TYPE] `DoubleType()` can not accept object `0` in type `int`.
[2025-10-16T06:38:43.127+0000] {spark_submit.py:491} INFO - Traceback (most recent call last):
[2025-10-16T06:38:43.128+0000] {spark_submit.py:491} INFO - File "/opt/***/dags/spark_jobs/weather_to_iceberg.py", line 194, in <module>
[2025-10-16T06:38:43.128+0000] {spark_submit.py:491} INFO - main()
[2025-10-16T06:38:43.129+0000] {spark_submit.py:491} INFO - File "/opt/***/dags/spark_jobs/weather_to_iceberg.py", line 183, in main
[2025-10-16T06:38:43.130+0000] {spark_submit.py:491} INFO - process_weather_data(spark, input_path)
[2025-10-16T06:38:43.130+0000] {spark_submit.py:491} INFO - File "/opt/***/dags/spark_jobs/weather_to_iceberg.py", line 127, in process_weather_data
[2025-10-16T06:38:43.131+0000] {spark_submit.py:491} INFO - df = spark.createDataFrame(weather_data, schema=weather_schema)
[2025-10-16T06:38:43.131+0000] {spark_submit.py:491} INFO - File "/opt/bitnami/spark/python/lib/pyspark.zip/pyspark/sql/session.py", line 1443, in createDataFrame
[2025-10-16T06:38:43.131+0000] {spark_submit.py:491} INFO - File "/opt/bitnami/spark/python/lib/pyspark.zip/pyspark/sql/session.py", line 1485, in _create_dataframe
[2025-10-16T06:38:43.132+0000] {spark_submit.py:491} INFO - File "/opt/bitnami/spark/python/lib/pyspark.zip/pyspark/sql/session.py", line 1090, in _createFromLocal
[2025-10-16T06:38:43.132+0000] {spark_submit.py:491} INFO - File "/opt/bitnami/spark/python/lib/pyspark.zip/pyspark/sql/session.py", line 1459, in prepare
[2025-10-16T06:38:43.133+0000] {spark_submit.py:491} INFO - File "/opt/bitnami/spark/python/lib/pyspark.zip/pyspark/sql/types.py", line 2187, in verify
[2025-10-16T06:38:43.134+0000] {spark_submit.py:491} INFO - File "/opt/bitnami/spark/python/lib/pyspark.zip/pyspark/sql/types.py", line 2147, in verify_struct
[2025-10-16T06:38:43.134+0000] {spark_submit.py:491} INFO - File "/opt/bitnami/spark/python/lib/pyspark.zip/pyspark/sql/types.py", line 2187, in verify
[2025-10-16T06:38:43.134+0000] {spark_submit.py:491} INFO - File "/opt/bitnami/spark/python/lib/pyspark.zip/pyspark/sql/types.py", line 2181, in verify_default
[2025-10-16T06:38:43.135+0000] {spark_submit.py:491} INFO - File "/opt/bitnami/spark/python/lib/pyspark.zip/pyspark/sql/types.py", line 2006, in verify_acceptable_types
[2025-10-16T06:38:43.135+0000] {spark_submit.py:491} INFO - pyspark.errors.exceptions.base.PySparkTypeError: [CANNOT_ACCEPT_OBJECT_IN_TYPE] `DoubleType()` can not accept object `0` in type `int`.
[2025-10-16T06:38:43.259+0000] {taskinstance.py:1935} ERROR - Task failed with exception
Traceback (most recent call last):
  File "/home/airflow/.local/lib/python3.8/site-packages/airflow/providers/apache/spark/operators/spark_submit.py", line 156, in execute
    self._hook.submit(self._application)
  File "/home/airflow/.local/lib/python3.8/site-packages/airflow/providers/apache/spark/hooks/spark_submit.py", line 422, in submit
    raise AirflowException(
airflow.exceptions.AirflowException: Cannot execute: /opt/bitnami/spark/bin/spark-submit --master spark://spark-master:7077 --conf spark.master=spark://spark-master:7077 --conf spark.sql.catalog.spark_catalog=org.apache.iceberg.spark.SparkSessionCatalog --conf spark.sql.catalog.spark_catalog.type=hive --conf spark.sql.catalog.iceberg=org.apache.iceberg.spark.SparkCatalog --conf spark.sql.catalog.iceberg.type=hadoop --conf spark.sql.catalog.iceberg.warehouse=s3a://lakehouse/warehouse --conf spark.sql.extensions=org.apache.iceberg.spark.extensions.IcebergSparkSessionExtensions --conf spark.hadoop.fs.s3a.endpoint=http://minio:9000 --conf spark.hadoop.fs.s3a.access.key=admin --conf spark.hadoop.fs.s3a.secret.key=****** --conf spark.hadoop.fs.s3a.path.style.access=true --conf spark.hadoop.fs.s3a.impl=org.apache.hadoop.fs.s3a.S3AFileSystem --jars /opt/***/jars/iceberg-spark-runtime-3.5_2.12-1.4.2.jar,/opt/***/jars/aws-java-sdk-bundle-1.12.367.jar,/opt/***/jars/hadoop-aws-3.3.4.jar --name arrow-spark --queue default /opt/***/dags/spark_jobs/weather_to_iceberg.py /opt/***/data/weather/weather_data_20251008_06.json. Error code is: 1.
[2025-10-16T06:38:43.261+0000] {taskinstance.py:1398} INFO - Marking task as FAILED. dag_id=nyc_weather_etl, task_id=spark_process_weather_to_iceberg, execution_date=20251013T123949, start_date=20251016T063837, end_date=20251016T063843
[2025-10-16T06:38:43.268+0000] {standard_task_runner.py:104} ERROR - Failed to execute job 583 for task spark_process_weather_to_iceberg (Cannot execute: /opt/bitnami/spark/bin/spark-submit --master spark://spark-master:7077 --conf spark.master=spark://spark-master:7077 --conf spark.sql.catalog.spark_catalog=org.apache.iceberg.spark.SparkSessionCatalog --conf spark.sql.catalog.spark_catalog.type=hive --conf spark.sql.catalog.iceberg=org.apache.iceberg.spark.SparkCatalog --conf spark.sql.catalog.iceberg.type=hadoop --conf spark.sql.catalog.iceberg.warehouse=s3a://lakehouse/warehouse --conf spark.sql.extensions=org.apache.iceberg.spark.extensions.IcebergSparkSessionExtensions --conf spark.hadoop.fs.s3a.endpoint=http://minio:9000 --conf spark.hadoop.fs.s3a.access.key=admin --conf spark.hadoop.fs.s3a.secret.key=****** --conf spark.hadoop.fs.s3a.path.style.access=true --conf spark.hadoop.fs.s3a.impl=org.apache.hadoop.fs.s3a.S3AFileSystem --jars /opt/***/jars/iceberg-spark-runtime-3.5_2.12-1.4.2.jar,/opt/***/jars/aws-java-sdk-bundle-1.12.367.jar,/opt/***/jars/hadoop-aws-3.3.4.jar --name arrow-spark --queue default /opt/***/dags/spark_jobs/weather_to_iceberg.py /opt/***/data/weather/weather_data_20251008_06.json. Error code is: 1.; 272)
[2025-10-16T06:38:43.301+0000] {local_task_job_runner.py:228} INFO - Task exited with return code 1
[2025-10-16T06:38:43.315+0000] {taskinstance.py:2776} INFO - 0 downstream tasks scheduled from follow-on schedule check
