[2025-10-13T07:49:55.017+0000] {taskinstance.py:1157} INFO - Dependencies all met for dep_context=non-requeueable deps ti=<TaskInstance: nyc_weather_etl.spark_process_weather_to_iceberg manual__2025-10-13T07:49:52.637296+00:00 [queued]>
[2025-10-13T07:49:55.021+0000] {taskinstance.py:1157} INFO - Dependencies all met for dep_context=requeueable deps ti=<TaskInstance: nyc_weather_etl.spark_process_weather_to_iceberg manual__2025-10-13T07:49:52.637296+00:00 [queued]>
[2025-10-13T07:49:55.021+0000] {taskinstance.py:1359} INFO - Starting attempt 1 of 1
[2025-10-13T07:49:55.027+0000] {taskinstance.py:1380} INFO - Executing <Task(SparkSubmitOperator): spark_process_weather_to_iceberg> on 2025-10-13 07:49:52.637296+00:00
[2025-10-13T07:49:55.029+0000] {standard_task_runner.py:57} INFO - Started process 21360 to run task
[2025-10-13T07:49:55.031+0000] {standard_task_runner.py:84} INFO - Running: ['***', 'tasks', 'run', 'nyc_weather_etl', 'spark_process_weather_to_iceberg', 'manual__2025-10-13T07:49:52.637296+00:00', '--job-id', '532', '--raw', '--subdir', 'DAGS_FOLDER/nyc_weather_etl.py', '--cfg-path', '/tmp/tmp3auily3j']
[2025-10-13T07:49:55.032+0000] {standard_task_runner.py:85} INFO - Job 532: Subtask spark_process_weather_to_iceberg
[2025-10-13T07:49:55.053+0000] {task_command.py:415} INFO - Running <TaskInstance: nyc_weather_etl.spark_process_weather_to_iceberg manual__2025-10-13T07:49:52.637296+00:00 [running]> on host b40be2a595bb
[2025-10-13T07:49:55.166+0000] {taskinstance.py:1660} INFO - Exporting env vars: AIRFLOW_CTX_DAG_OWNER='data-engineering' AIRFLOW_CTX_DAG_ID='nyc_weather_etl' AIRFLOW_CTX_TASK_ID='spark_process_weather_to_iceberg' AIRFLOW_CTX_EXECUTION_DATE='2025-10-13T07:49:52.637296+00:00' AIRFLOW_CTX_TRY_NUMBER='1' AIRFLOW_CTX_DAG_RUN_ID='manual__2025-10-13T07:49:52.637296+00:00'
[2025-10-13T07:49:55.171+0000] {base.py:73} INFO - Using connection ID 'spark_default' for task execution.
[2025-10-13T07:49:55.172+0000] {spark_submit.py:340} INFO - Spark-Submit cmd: /opt/bitnami/spark/bin/spark-submit --master spark://spark-master:7077 --conf spark.master=spark://spark-master:7077 --conf spark.sql.catalog.spark_catalog=org.apache.iceberg.spark.SparkSessionCatalog --conf spark.sql.catalog.spark_catalog.type=hive --conf spark.sql.catalog.iceberg=org.apache.iceberg.spark.SparkCatalog --conf spark.sql.catalog.iceberg.type=hadoop --conf spark.sql.catalog.iceberg.warehouse=s3a://lakehouse/warehouse --conf spark.sql.extensions=org.apache.iceberg.spark.extensions.IcebergSparkSessionExtensions --conf spark.hadoop.fs.s3a.endpoint=http://minio:9000 --conf spark.hadoop.fs.s3a.access.key=admin --conf spark.hadoop.fs.s3a.secret.key=****** --conf spark.hadoop.fs.s3a.path.style.access=true --conf spark.hadoop.fs.s3a.impl=org.apache.hadoop.fs.s3a.S3AFileSystem --jars /opt/***/jars/iceberg-spark-runtime-3.5_2.12-1.4.2.jar,/opt/***/jars/aws-java-sdk-bundle-1.12.367.jar,/opt/***/jars/hadoop-aws-3.3.4.jar --name arrow-spark --queue default /opt/***/dags/spark_jobs/weather_to_iceberg.py /opt/***/data/weather/weather_data_20251008_07.json
[2025-10-13T07:49:56.025+0000] {spark_submit.py:491} INFO - 25/10/13 07:49:56 WARN NativeCodeLoader: Unable to load native-hadoop library for your platform... using builtin-java classes where applicable
[2025-10-13T07:49:56.754+0000] {spark_submit.py:491} INFO - 25/10/13 07:49:56 INFO SparkContext: Running Spark version 3.5.1
[2025-10-13T07:49:56.756+0000] {spark_submit.py:491} INFO - 25/10/13 07:49:56 INFO SparkContext: OS info Linux, 6.10.14-linuxkit, aarch64
[2025-10-13T07:49:56.757+0000] {spark_submit.py:491} INFO - 25/10/13 07:49:56 INFO SparkContext: Java version 11.0.28
[2025-10-13T07:49:56.764+0000] {spark_submit.py:491} INFO - 25/10/13 07:49:56 INFO ResourceUtils: ==============================================================
[2025-10-13T07:49:56.765+0000] {spark_submit.py:491} INFO - 25/10/13 07:49:56 INFO ResourceUtils: No custom resources configured for spark.driver.
[2025-10-13T07:49:56.765+0000] {spark_submit.py:491} INFO - 25/10/13 07:49:56 INFO ResourceUtils: ==============================================================
[2025-10-13T07:49:56.765+0000] {spark_submit.py:491} INFO - 25/10/13 07:49:56 INFO SparkContext: Submitted application: Weather to Iceberg ETL
[2025-10-13T07:49:56.772+0000] {spark_submit.py:491} INFO - 25/10/13 07:49:56 INFO ResourceProfile: Default ResourceProfile created, executor resources: Map(cores -> name: cores, amount: 1, script: , vendor: , memory -> name: memory, amount: 1024, script: , vendor: , offHeap -> name: offHeap, amount: 0, script: , vendor: ), task resources: Map(cpus -> name: cpus, amount: 1.0)
[2025-10-13T07:49:56.776+0000] {spark_submit.py:491} INFO - 25/10/13 07:49:56 INFO ResourceProfile: Limiting resource is cpu
[2025-10-13T07:49:56.777+0000] {spark_submit.py:491} INFO - 25/10/13 07:49:56 INFO ResourceProfileManager: Added ResourceProfile id: 0
[2025-10-13T07:49:56.803+0000] {spark_submit.py:491} INFO - 25/10/13 07:49:56 INFO SecurityManager: Changing view acls to: ***
[2025-10-13T07:49:56.803+0000] {spark_submit.py:491} INFO - 25/10/13 07:49:56 INFO SecurityManager: Changing modify acls to: ***
[2025-10-13T07:49:56.803+0000] {spark_submit.py:491} INFO - 25/10/13 07:49:56 INFO SecurityManager: Changing view acls groups to:
[2025-10-13T07:49:56.803+0000] {spark_submit.py:491} INFO - 25/10/13 07:49:56 INFO SecurityManager: Changing modify acls groups to:
[2025-10-13T07:49:56.804+0000] {spark_submit.py:491} INFO - 25/10/13 07:49:56 INFO SecurityManager: SecurityManager: authentication disabled; ui acls disabled; users with view permissions: ***; groups with view permissions: EMPTY; users with modify permissions: ***; groups with modify permissions: EMPTY
[2025-10-13T07:49:56.903+0000] {spark_submit.py:491} INFO - 25/10/13 07:49:56 INFO Utils: Successfully started service 'sparkDriver' on port 35635.
[2025-10-13T07:49:56.917+0000] {spark_submit.py:491} INFO - 25/10/13 07:49:56 INFO SparkEnv: Registering MapOutputTracker
[2025-10-13T07:49:56.935+0000] {spark_submit.py:491} INFO - 25/10/13 07:49:56 INFO SparkEnv: Registering BlockManagerMaster
[2025-10-13T07:49:56.942+0000] {spark_submit.py:491} INFO - 25/10/13 07:49:56 INFO BlockManagerMasterEndpoint: Using org.apache.spark.storage.DefaultTopologyMapper for getting topology information
[2025-10-13T07:49:56.944+0000] {spark_submit.py:491} INFO - 25/10/13 07:49:56 INFO BlockManagerMasterEndpoint: BlockManagerMasterEndpoint up
[2025-10-13T07:49:56.944+0000] {spark_submit.py:491} INFO - 25/10/13 07:49:56 INFO SparkEnv: Registering BlockManagerMasterHeartbeat
[2025-10-13T07:49:56.956+0000] {spark_submit.py:491} INFO - 25/10/13 07:49:56 INFO DiskBlockManager: Created local directory at /tmp/blockmgr-dfde59bd-440e-49bb-8c1d-acf7c27c3fbc
[2025-10-13T07:49:56.963+0000] {spark_submit.py:491} INFO - 25/10/13 07:49:56 INFO MemoryStore: MemoryStore started with capacity 434.4 MiB
[2025-10-13T07:49:56.970+0000] {spark_submit.py:491} INFO - 25/10/13 07:49:56 INFO SparkEnv: Registering OutputCommitCoordinator
[2025-10-13T07:49:57.033+0000] {spark_submit.py:491} INFO - 25/10/13 07:49:57 INFO JettyUtils: Start Jetty 0.0.0.0:4040 for SparkUI
[2025-10-13T07:49:57.058+0000] {spark_submit.py:491} INFO - 25/10/13 07:49:57 INFO Utils: Successfully started service 'SparkUI' on port 4040.
[2025-10-13T07:49:57.078+0000] {spark_submit.py:491} INFO - 25/10/13 07:49:57 INFO SparkContext: Added JAR file:///opt/***/jars/iceberg-spark-runtime-3.5_2.12-1.4.2.jar at spark://b40be2a595bb:35635/jars/iceberg-spark-runtime-3.5_2.12-1.4.2.jar with timestamp 1760341796750
[2025-10-13T07:49:57.079+0000] {spark_submit.py:491} INFO - 25/10/13 07:49:57 INFO SparkContext: Added JAR file:///opt/***/jars/aws-java-sdk-bundle-1.12.367.jar at spark://b40be2a595bb:35635/jars/aws-java-sdk-bundle-1.12.367.jar with timestamp 1760341796750
[2025-10-13T07:49:57.079+0000] {spark_submit.py:491} INFO - 25/10/13 07:49:57 INFO SparkContext: Added JAR file:///opt/***/jars/hadoop-aws-3.3.4.jar at spark://b40be2a595bb:35635/jars/hadoop-aws-3.3.4.jar with timestamp 1760341796750
[2025-10-13T07:49:57.107+0000] {spark_submit.py:491} INFO - 25/10/13 07:49:57 INFO Executor: Starting executor ID driver on host b40be2a595bb
[2025-10-13T07:49:57.108+0000] {spark_submit.py:491} INFO - 25/10/13 07:49:57 INFO Executor: OS info Linux, 6.10.14-linuxkit, aarch64
[2025-10-13T07:49:57.109+0000] {spark_submit.py:491} INFO - 25/10/13 07:49:57 INFO Executor: Java version 11.0.28
[2025-10-13T07:49:57.110+0000] {spark_submit.py:491} INFO - 25/10/13 07:49:57 INFO Executor: Starting executor with user classpath (userClassPathFirst = false): ''
[2025-10-13T07:49:57.110+0000] {spark_submit.py:491} INFO - 25/10/13 07:49:57 INFO Executor: Created or updated repl class loader org.apache.spark.util.MutableURLClassLoader@51634dc7 for default.
[2025-10-13T07:49:57.116+0000] {spark_submit.py:491} INFO - 25/10/13 07:49:57 INFO Executor: Fetching spark://b40be2a595bb:35635/jars/hadoop-aws-3.3.4.jar with timestamp 1760341796750
[2025-10-13T07:49:57.144+0000] {spark_submit.py:491} INFO - 25/10/13 07:49:57 INFO TransportClientFactory: Successfully created connection to b40be2a595bb/172.18.0.3:35635 after 13 ms (0 ms spent in bootstraps)
[2025-10-13T07:49:57.148+0000] {spark_submit.py:491} INFO - 25/10/13 07:49:57 INFO Utils: Fetching spark://b40be2a595bb:35635/jars/hadoop-aws-3.3.4.jar to /tmp/spark-2b365ca0-3728-4f0e-977f-d5e6bbb48cc4/userFiles-2025c2d2-db8e-408a-8aea-688141fd240a/fetchFileTemp8630647296137576074.tmp
[2025-10-13T07:49:57.164+0000] {spark_submit.py:491} INFO - 25/10/13 07:49:57 INFO Executor: Adding file:/tmp/spark-2b365ca0-3728-4f0e-977f-d5e6bbb48cc4/userFiles-2025c2d2-db8e-408a-8aea-688141fd240a/hadoop-aws-3.3.4.jar to class loader default
[2025-10-13T07:49:57.164+0000] {spark_submit.py:491} INFO - 25/10/13 07:49:57 INFO Executor: Fetching spark://b40be2a595bb:35635/jars/aws-java-sdk-bundle-1.12.367.jar with timestamp 1760341796750
[2025-10-13T07:49:57.164+0000] {spark_submit.py:491} INFO - 25/10/13 07:49:57 INFO Utils: Fetching spark://b40be2a595bb:35635/jars/aws-java-sdk-bundle-1.12.367.jar to /tmp/spark-2b365ca0-3728-4f0e-977f-d5e6bbb48cc4/userFiles-2025c2d2-db8e-408a-8aea-688141fd240a/fetchFileTemp4052536049161137372.tmp
[2025-10-13T07:49:57.829+0000] {spark_submit.py:491} INFO - 25/10/13 07:49:57 INFO Executor: Adding file:/tmp/spark-2b365ca0-3728-4f0e-977f-d5e6bbb48cc4/userFiles-2025c2d2-db8e-408a-8aea-688141fd240a/aws-java-sdk-bundle-1.12.367.jar to class loader default
[2025-10-13T07:49:57.829+0000] {spark_submit.py:491} INFO - 25/10/13 07:49:57 INFO Executor: Fetching spark://b40be2a595bb:35635/jars/iceberg-spark-runtime-3.5_2.12-1.4.2.jar with timestamp 1760341796750
[2025-10-13T07:49:57.829+0000] {spark_submit.py:491} INFO - 25/10/13 07:49:57 INFO Utils: Fetching spark://b40be2a595bb:35635/jars/iceberg-spark-runtime-3.5_2.12-1.4.2.jar to /tmp/spark-2b365ca0-3728-4f0e-977f-d5e6bbb48cc4/userFiles-2025c2d2-db8e-408a-8aea-688141fd240a/fetchFileTemp3273490746541584967.tmp
[2025-10-13T07:49:57.872+0000] {spark_submit.py:491} INFO - 25/10/13 07:49:57 INFO Executor: Adding file:/tmp/spark-2b365ca0-3728-4f0e-977f-d5e6bbb48cc4/userFiles-2025c2d2-db8e-408a-8aea-688141fd240a/iceberg-spark-runtime-3.5_2.12-1.4.2.jar to class loader default
[2025-10-13T07:49:57.876+0000] {spark_submit.py:491} INFO - 25/10/13 07:49:57 INFO Utils: Successfully started service 'org.apache.spark.network.netty.NettyBlockTransferService' on port 40207.
[2025-10-13T07:49:57.876+0000] {spark_submit.py:491} INFO - 25/10/13 07:49:57 INFO NettyBlockTransferService: Server created on b40be2a595bb:40207
[2025-10-13T07:49:57.878+0000] {spark_submit.py:491} INFO - 25/10/13 07:49:57 INFO BlockManager: Using org.apache.spark.storage.RandomBlockReplicationPolicy for block replication policy
[2025-10-13T07:49:57.880+0000] {spark_submit.py:491} INFO - 25/10/13 07:49:57 INFO BlockManagerMaster: Registering BlockManager BlockManagerId(driver, b40be2a595bb, 40207, None)
[2025-10-13T07:49:57.881+0000] {spark_submit.py:491} INFO - 25/10/13 07:49:57 INFO BlockManagerMasterEndpoint: Registering block manager b40be2a595bb:40207 with 434.4 MiB RAM, BlockManagerId(driver, b40be2a595bb, 40207, None)
[2025-10-13T07:49:57.882+0000] {spark_submit.py:491} INFO - 25/10/13 07:49:57 INFO BlockManagerMaster: Registered BlockManager BlockManagerId(driver, b40be2a595bb, 40207, None)
[2025-10-13T07:49:57.883+0000] {spark_submit.py:491} INFO - 25/10/13 07:49:57 INFO BlockManager: Initialized BlockManager: BlockManagerId(driver, b40be2a595bb, 40207, None)
[2025-10-13T07:49:58.031+0000] {spark_submit.py:491} INFO - Error in weather ETL job: client() got an unexpected keyword argument 'endpoit_url'
[2025-10-13T07:49:58.470+0000] {spark_submit.py:491} INFO - Traceback (most recent call last):
[2025-10-13T07:49:58.470+0000] {spark_submit.py:491} INFO - File "/opt/***/dags/spark_jobs/weather_to_iceberg.py", line 175, in <module>
[2025-10-13T07:49:58.470+0000] {spark_submit.py:491} INFO - main()
[2025-10-13T07:49:58.470+0000] {spark_submit.py:491} INFO - File "/opt/***/dags/spark_jobs/weather_to_iceberg.py", line 159, in main
[2025-10-13T07:49:58.471+0000] {spark_submit.py:491} INFO - create_bucket_if_not_exist()
[2025-10-13T07:49:58.471+0000] {spark_submit.py:491} INFO - File "/opt/***/dags/spark_jobs/weather_to_iceberg.py", line 36, in create_bucket_if_not_exist
[2025-10-13T07:49:58.471+0000] {spark_submit.py:491} INFO - s3_client = boto3.client(
[2025-10-13T07:49:58.471+0000] {spark_submit.py:491} INFO - File "/home/***/.local/lib/python3.8/site-packages/boto3/__init__.py", line 92, in client
[2025-10-13T07:49:58.471+0000] {spark_submit.py:491} INFO - return _get_default_session().client(*args, **kwargs)
[2025-10-13T07:49:58.472+0000] {spark_submit.py:491} INFO - TypeError: client() got an unexpected keyword argument 'endpoit_url'
[2025-10-13T07:49:58.524+0000] {taskinstance.py:1935} ERROR - Task failed with exception
Traceback (most recent call last):
  File "/home/airflow/.local/lib/python3.8/site-packages/airflow/providers/apache/spark/operators/spark_submit.py", line 156, in execute
    self._hook.submit(self._application)
  File "/home/airflow/.local/lib/python3.8/site-packages/airflow/providers/apache/spark/hooks/spark_submit.py", line 422, in submit
    raise AirflowException(
airflow.exceptions.AirflowException: Cannot execute: /opt/bitnami/spark/bin/spark-submit --master spark://spark-master:7077 --conf spark.master=spark://spark-master:7077 --conf spark.sql.catalog.spark_catalog=org.apache.iceberg.spark.SparkSessionCatalog --conf spark.sql.catalog.spark_catalog.type=hive --conf spark.sql.catalog.iceberg=org.apache.iceberg.spark.SparkCatalog --conf spark.sql.catalog.iceberg.type=hadoop --conf spark.sql.catalog.iceberg.warehouse=s3a://lakehouse/warehouse --conf spark.sql.extensions=org.apache.iceberg.spark.extensions.IcebergSparkSessionExtensions --conf spark.hadoop.fs.s3a.endpoint=http://minio:9000 --conf spark.hadoop.fs.s3a.access.key=admin --conf spark.hadoop.fs.s3a.secret.key=****** --conf spark.hadoop.fs.s3a.path.style.access=true --conf spark.hadoop.fs.s3a.impl=org.apache.hadoop.fs.s3a.S3AFileSystem --jars /opt/***/jars/iceberg-spark-runtime-3.5_2.12-1.4.2.jar,/opt/***/jars/aws-java-sdk-bundle-1.12.367.jar,/opt/***/jars/hadoop-aws-3.3.4.jar --name arrow-spark --queue default /opt/***/dags/spark_jobs/weather_to_iceberg.py /opt/***/data/weather/weather_data_20251008_07.json. Error code is: 1.
[2025-10-13T07:49:58.526+0000] {taskinstance.py:1398} INFO - Marking task as FAILED. dag_id=nyc_weather_etl, task_id=spark_process_weather_to_iceberg, execution_date=20251013T074952, start_date=20251013T074955, end_date=20251013T074958
[2025-10-13T07:49:58.532+0000] {standard_task_runner.py:104} ERROR - Failed to execute job 532 for task spark_process_weather_to_iceberg (Cannot execute: /opt/bitnami/spark/bin/spark-submit --master spark://spark-master:7077 --conf spark.master=spark://spark-master:7077 --conf spark.sql.catalog.spark_catalog=org.apache.iceberg.spark.SparkSessionCatalog --conf spark.sql.catalog.spark_catalog.type=hive --conf spark.sql.catalog.iceberg=org.apache.iceberg.spark.SparkCatalog --conf spark.sql.catalog.iceberg.type=hadoop --conf spark.sql.catalog.iceberg.warehouse=s3a://lakehouse/warehouse --conf spark.sql.extensions=org.apache.iceberg.spark.extensions.IcebergSparkSessionExtensions --conf spark.hadoop.fs.s3a.endpoint=http://minio:9000 --conf spark.hadoop.fs.s3a.access.key=admin --conf spark.hadoop.fs.s3a.secret.key=****** --conf spark.hadoop.fs.s3a.path.style.access=true --conf spark.hadoop.fs.s3a.impl=org.apache.hadoop.fs.s3a.S3AFileSystem --jars /opt/***/jars/iceberg-spark-runtime-3.5_2.12-1.4.2.jar,/opt/***/jars/aws-java-sdk-bundle-1.12.367.jar,/opt/***/jars/hadoop-aws-3.3.4.jar --name arrow-spark --queue default /opt/***/dags/spark_jobs/weather_to_iceberg.py /opt/***/data/weather/weather_data_20251008_07.json. Error code is: 1.; 21360)
[2025-10-13T07:49:58.544+0000] {local_task_job_runner.py:228} INFO - Task exited with return code 1
[2025-10-13T07:49:58.554+0000] {taskinstance.py:2776} INFO - 0 downstream tasks scheduled from follow-on schedule check
