[2025-11-02T06:24:36.512+0000] {taskinstance.py:1157} INFO - Dependencies all met for dep_context=non-requeueable deps ti=<TaskInstance: nyc_weather_etl.spark_process_location_to_iceberg scheduled__2025-11-02T05:24:33.757123+00:00 [queued]>
[2025-11-02T06:24:36.516+0000] {taskinstance.py:1157} INFO - Dependencies all met for dep_context=requeueable deps ti=<TaskInstance: nyc_weather_etl.spark_process_location_to_iceberg scheduled__2025-11-02T05:24:33.757123+00:00 [queued]>
[2025-11-02T06:24:36.517+0000] {taskinstance.py:1359} INFO - Starting attempt 1 of 1
[2025-11-02T06:24:36.524+0000] {taskinstance.py:1380} INFO - Executing <Task(SparkSubmitOperator): spark_process_location_to_iceberg> on 2025-11-02 05:24:33.757123+00:00
[2025-11-02T06:24:36.526+0000] {standard_task_runner.py:57} INFO - Started process 6723 to run task
[2025-11-02T06:24:36.527+0000] {standard_task_runner.py:84} INFO - Running: ['***', 'tasks', 'run', 'nyc_weather_etl', 'spark_process_location_to_iceberg', 'scheduled__2025-11-02T05:24:33.757123+00:00', '--job-id', '108', '--raw', '--subdir', 'DAGS_FOLDER/nyc_weather_etl.py', '--cfg-path', '/tmp/tmp6oi34dvq']
[2025-11-02T06:24:36.528+0000] {standard_task_runner.py:85} INFO - Job 108: Subtask spark_process_location_to_iceberg
[2025-11-02T06:24:36.548+0000] {task_command.py:415} INFO - Running <TaskInstance: nyc_weather_etl.spark_process_location_to_iceberg scheduled__2025-11-02T05:24:33.757123+00:00 [running]> on host d3553ba1dd4a
[2025-11-02T06:24:36.667+0000] {taskinstance.py:1660} INFO - Exporting env vars: AIRFLOW_CTX_DAG_OWNER='data-engineering' AIRFLOW_CTX_DAG_ID='nyc_weather_etl' AIRFLOW_CTX_TASK_ID='spark_process_location_to_iceberg' AIRFLOW_CTX_EXECUTION_DATE='2025-11-02T05:24:33.757123+00:00' AIRFLOW_CTX_TRY_NUMBER='1' AIRFLOW_CTX_DAG_RUN_ID='scheduled__2025-11-02T05:24:33.757123+00:00'
[2025-11-02T06:24:36.668+0000] {base.py:73} INFO - Using connection ID 'spark_default' for task execution.
[2025-11-02T06:24:36.669+0000] {spark_submit.py:340} INFO - Spark-Submit cmd: /opt/bitnami/spark/bin/spark-submit --master spark-master:7077 --conf spark.master=spark://spark-master:7077 --conf spark.sql.catalog.spark_catalog=org.apache.iceberg.spark.SparkSessionCatalog --conf spark.sql.catalog.spark_catalog.type=hive --conf spark.sql.catalog.iceberg=org.apache.iceberg.spark.SparkCatalog --conf spark.sql.catalog.iceberg.type=hadoop --conf spark.sql.catalog.iceberg.warehouse=s3a://lakehouse/warehouse --conf spark.sql.extensions=org.apache.iceberg.spark.extensions.IcebergSparkSessionExtensions --conf spark.hadoop.fs.s3a.endpoint=http://minio:9000 --conf spark.hadoop.fs.s3a.access.key=admin --conf spark.hadoop.fs.s3a.secret.key=****** --conf spark.hadoop.fs.s3a.path.style.access=true --conf spark.hadoop.fs.s3a.impl=org.apache.hadoop.fs.s3a.S3AFileSystem --jars /opt/***/jars/iceberg-spark-runtime-3.5_2.12-1.4.2.jar,/opt/***/jars/aws-java-sdk-bundle-1.12.367.jar,/opt/***/jars/hadoop-aws-3.3.4.jar --name arrow-spark /opt/***/dags/spark_jobs/location_to_iceberg.py /opt/***/data/locations/nyc_taxi_zones.json
[2025-11-02T06:24:37.456+0000] {spark_submit.py:491} INFO - 25/11/02 06:24:37 WARN NativeCodeLoader: Unable to load native-hadoop library for your platform... using builtin-java classes where applicable
[2025-11-02T06:24:38.021+0000] {spark_submit.py:491} INFO - 25/11/02 06:24:38 INFO SparkContext: Running Spark version 3.5.1
[2025-11-02T06:24:38.023+0000] {spark_submit.py:491} INFO - 25/11/02 06:24:38 INFO SparkContext: OS info Linux, 6.10.14-linuxkit, aarch64
[2025-11-02T06:24:38.026+0000] {spark_submit.py:491} INFO - 25/11/02 06:24:38 INFO SparkContext: Java version 11.0.28
[2025-11-02T06:24:38.031+0000] {spark_submit.py:491} INFO - 25/11/02 06:24:38 INFO ResourceUtils: ==============================================================
[2025-11-02T06:24:38.033+0000] {spark_submit.py:491} INFO - 25/11/02 06:24:38 INFO ResourceUtils: No custom resources configured for spark.driver.
[2025-11-02T06:24:38.033+0000] {spark_submit.py:491} INFO - 25/11/02 06:24:38 INFO ResourceUtils: ==============================================================
[2025-11-02T06:24:38.034+0000] {spark_submit.py:491} INFO - 25/11/02 06:24:38 INFO SparkContext: Submitted application: Location to Iceberg ETL
[2025-11-02T06:24:38.039+0000] {spark_submit.py:491} INFO - 25/11/02 06:24:38 INFO ResourceProfile: Default ResourceProfile created, executor resources: Map(cores -> name: cores, amount: 1, script: , vendor: , memory -> name: memory, amount: 1024, script: , vendor: , offHeap -> name: offHeap, amount: 0, script: , vendor: ), task resources: Map(cpus -> name: cpus, amount: 1.0)
[2025-11-02T06:24:38.043+0000] {spark_submit.py:491} INFO - 25/11/02 06:24:38 INFO ResourceProfile: Limiting resource is cpu
[2025-11-02T06:24:38.044+0000] {spark_submit.py:491} INFO - 25/11/02 06:24:38 INFO ResourceProfileManager: Added ResourceProfile id: 0
[2025-11-02T06:24:38.071+0000] {spark_submit.py:491} INFO - 25/11/02 06:24:38 INFO SecurityManager: Changing view acls to: ***
[2025-11-02T06:24:38.071+0000] {spark_submit.py:491} INFO - 25/11/02 06:24:38 INFO SecurityManager: Changing modify acls to: ***
[2025-11-02T06:24:38.072+0000] {spark_submit.py:491} INFO - 25/11/02 06:24:38 INFO SecurityManager: Changing view acls groups to:
[2025-11-02T06:24:38.072+0000] {spark_submit.py:491} INFO - 25/11/02 06:24:38 INFO SecurityManager: Changing modify acls groups to:
[2025-11-02T06:24:38.072+0000] {spark_submit.py:491} INFO - 25/11/02 06:24:38 INFO SecurityManager: SecurityManager: authentication disabled; ui acls disabled; users with view permissions: ***; groups with view permissions: EMPTY; users with modify permissions: ***; groups with modify permissions: EMPTY
[2025-11-02T06:24:38.176+0000] {spark_submit.py:491} INFO - 25/11/02 06:24:38 INFO Utils: Successfully started service 'sparkDriver' on port 38087.
[2025-11-02T06:24:38.195+0000] {spark_submit.py:491} INFO - 25/11/02 06:24:38 INFO SparkEnv: Registering MapOutputTracker
[2025-11-02T06:24:38.210+0000] {spark_submit.py:491} INFO - 25/11/02 06:24:38 INFO SparkEnv: Registering BlockManagerMaster
[2025-11-02T06:24:38.227+0000] {spark_submit.py:491} INFO - 25/11/02 06:24:38 INFO BlockManagerMasterEndpoint: Using org.apache.spark.storage.DefaultTopologyMapper for getting topology information
[2025-11-02T06:24:38.227+0000] {spark_submit.py:491} INFO - 25/11/02 06:24:38 INFO BlockManagerMasterEndpoint: BlockManagerMasterEndpoint up
[2025-11-02T06:24:38.228+0000] {spark_submit.py:491} INFO - 25/11/02 06:24:38 INFO SparkEnv: Registering BlockManagerMasterHeartbeat
[2025-11-02T06:24:38.239+0000] {spark_submit.py:491} INFO - 25/11/02 06:24:38 INFO DiskBlockManager: Created local directory at /tmp/blockmgr-05fa293e-84b4-4519-bf33-65aeacf3e3d0
[2025-11-02T06:24:38.248+0000] {spark_submit.py:491} INFO - 25/11/02 06:24:38 INFO MemoryStore: MemoryStore started with capacity 434.4 MiB
[2025-11-02T06:24:38.254+0000] {spark_submit.py:491} INFO - 25/11/02 06:24:38 INFO SparkEnv: Registering OutputCommitCoordinator
[2025-11-02T06:24:38.309+0000] {spark_submit.py:491} INFO - 25/11/02 06:24:38 INFO JettyUtils: Start Jetty 0.0.0.0:4040 for SparkUI
[2025-11-02T06:24:38.334+0000] {spark_submit.py:491} INFO - 25/11/02 06:24:38 INFO Utils: Successfully started service 'SparkUI' on port 4040.
[2025-11-02T06:24:38.348+0000] {spark_submit.py:491} INFO - 25/11/02 06:24:38 INFO SparkContext: Added JAR file:///opt/***/jars/iceberg-spark-runtime-3.5_2.12-1.4.2.jar at spark://d3553ba1dd4a:38087/jars/iceberg-spark-runtime-3.5_2.12-1.4.2.jar with timestamp 1762064678017
[2025-11-02T06:24:38.348+0000] {spark_submit.py:491} INFO - 25/11/02 06:24:38 INFO SparkContext: Added JAR file:///opt/***/jars/aws-java-sdk-bundle-1.12.367.jar at spark://d3553ba1dd4a:38087/jars/aws-java-sdk-bundle-1.12.367.jar with timestamp 1762064678017
[2025-11-02T06:24:38.348+0000] {spark_submit.py:491} INFO - 25/11/02 06:24:38 INFO SparkContext: Added JAR file:///opt/***/jars/hadoop-aws-3.3.4.jar at spark://d3553ba1dd4a:38087/jars/hadoop-aws-3.3.4.jar with timestamp 1762064678017
[2025-11-02T06:24:38.388+0000] {spark_submit.py:491} INFO - 25/11/02 06:24:38 INFO Executor: Starting executor ID driver on host d3553ba1dd4a
[2025-11-02T06:24:38.388+0000] {spark_submit.py:491} INFO - 25/11/02 06:24:38 INFO Executor: OS info Linux, 6.10.14-linuxkit, aarch64
[2025-11-02T06:24:38.389+0000] {spark_submit.py:491} INFO - 25/11/02 06:24:38 INFO Executor: Java version 11.0.28
[2025-11-02T06:24:38.391+0000] {spark_submit.py:491} INFO - 25/11/02 06:24:38 INFO Executor: Starting executor with user classpath (userClassPathFirst = false): ''
[2025-11-02T06:24:38.391+0000] {spark_submit.py:491} INFO - 25/11/02 06:24:38 INFO Executor: Created or updated repl class loader org.apache.spark.util.MutableURLClassLoader@7ef6aa5 for default.
[2025-11-02T06:24:38.395+0000] {spark_submit.py:491} INFO - 25/11/02 06:24:38 INFO Executor: Fetching spark://d3553ba1dd4a:38087/jars/iceberg-spark-runtime-3.5_2.12-1.4.2.jar with timestamp 1762064678017
[2025-11-02T06:24:38.419+0000] {spark_submit.py:491} INFO - 25/11/02 06:24:38 INFO TransportClientFactory: Successfully created connection to d3553ba1dd4a/172.18.0.5:38087 after 11 ms (0 ms spent in bootstraps)
[2025-11-02T06:24:38.422+0000] {spark_submit.py:491} INFO - 25/11/02 06:24:38 INFO Utils: Fetching spark://d3553ba1dd4a:38087/jars/iceberg-spark-runtime-3.5_2.12-1.4.2.jar to /tmp/spark-327d846c-f588-44f6-94dc-a71eb01495b4/userFiles-99eac49f-fc84-4e15-ad2d-b727e1ccfb69/fetchFileTemp6690594715359228454.tmp
[2025-11-02T06:24:38.514+0000] {spark_submit.py:491} INFO - 25/11/02 06:24:38 INFO Executor: Adding file:/tmp/spark-327d846c-f588-44f6-94dc-a71eb01495b4/userFiles-99eac49f-fc84-4e15-ad2d-b727e1ccfb69/iceberg-spark-runtime-3.5_2.12-1.4.2.jar to class loader default
[2025-11-02T06:24:38.515+0000] {spark_submit.py:491} INFO - 25/11/02 06:24:38 INFO Executor: Fetching spark://d3553ba1dd4a:38087/jars/aws-java-sdk-bundle-1.12.367.jar with timestamp 1762064678017
[2025-11-02T06:24:38.515+0000] {spark_submit.py:491} INFO - 25/11/02 06:24:38 INFO Utils: Fetching spark://d3553ba1dd4a:38087/jars/aws-java-sdk-bundle-1.12.367.jar to /tmp/spark-327d846c-f588-44f6-94dc-a71eb01495b4/userFiles-99eac49f-fc84-4e15-ad2d-b727e1ccfb69/fetchFileTemp17316108927813115081.tmp
[2025-11-02T06:24:39.440+0000] {spark_submit.py:491} INFO - 25/11/02 06:24:39 INFO Executor: Adding file:/tmp/spark-327d846c-f588-44f6-94dc-a71eb01495b4/userFiles-99eac49f-fc84-4e15-ad2d-b727e1ccfb69/aws-java-sdk-bundle-1.12.367.jar to class loader default
[2025-11-02T06:24:39.441+0000] {spark_submit.py:491} INFO - 25/11/02 06:24:39 INFO Executor: Fetching spark://d3553ba1dd4a:38087/jars/hadoop-aws-3.3.4.jar with timestamp 1762064678017
[2025-11-02T06:24:39.442+0000] {spark_submit.py:491} INFO - 25/11/02 06:24:39 INFO Utils: Fetching spark://d3553ba1dd4a:38087/jars/hadoop-aws-3.3.4.jar to /tmp/spark-327d846c-f588-44f6-94dc-a71eb01495b4/userFiles-99eac49f-fc84-4e15-ad2d-b727e1ccfb69/fetchFileTemp2074174749960545045.tmp
[2025-11-02T06:24:39.446+0000] {spark_submit.py:491} INFO - 25/11/02 06:24:39 INFO Executor: Adding file:/tmp/spark-327d846c-f588-44f6-94dc-a71eb01495b4/userFiles-99eac49f-fc84-4e15-ad2d-b727e1ccfb69/hadoop-aws-3.3.4.jar to class loader default
[2025-11-02T06:24:39.453+0000] {spark_submit.py:491} INFO - 25/11/02 06:24:39 INFO Utils: Successfully started service 'org.apache.spark.network.netty.NettyBlockTransferService' on port 43769.
[2025-11-02T06:24:39.453+0000] {spark_submit.py:491} INFO - 25/11/02 06:24:39 INFO NettyBlockTransferService: Server created on d3553ba1dd4a:43769
[2025-11-02T06:24:39.454+0000] {spark_submit.py:491} INFO - 25/11/02 06:24:39 INFO BlockManager: Using org.apache.spark.storage.RandomBlockReplicationPolicy for block replication policy
[2025-11-02T06:24:39.458+0000] {spark_submit.py:491} INFO - 25/11/02 06:24:39 INFO BlockManagerMaster: Registering BlockManager BlockManagerId(driver, d3553ba1dd4a, 43769, None)
[2025-11-02T06:24:39.460+0000] {spark_submit.py:491} INFO - 25/11/02 06:24:39 INFO BlockManagerMasterEndpoint: Registering block manager d3553ba1dd4a:43769 with 434.4 MiB RAM, BlockManagerId(driver, d3553ba1dd4a, 43769, None)
[2025-11-02T06:24:39.462+0000] {spark_submit.py:491} INFO - 25/11/02 06:24:39 INFO BlockManagerMaster: Registered BlockManager BlockManagerId(driver, d3553ba1dd4a, 43769, None)
[2025-11-02T06:24:39.462+0000] {spark_submit.py:491} INFO - 25/11/02 06:24:39 INFO BlockManager: Initialized BlockManager: BlockManagerId(driver, d3553ba1dd4a, 43769, None)
[2025-11-02T06:24:40.710+0000] {spark_submit.py:491} INFO - 25/11/02 06:24:40 WARN MetricsConfig: Cannot locate configuration: tried hadoop-metrics2-s3a-file-system.properties,hadoop-metrics2.properties
[2025-11-02T06:24:41.324+0000] {spark_submit.py:491} INFO - Created/verified taxi zones table
[2025-11-02T06:24:41.324+0000] {spark_submit.py:491} INFO - Reading location data from: /opt/***/data/locations/nyc_taxi_zones.json
[2025-11-02T06:24:42.499+0000] {spark_submit.py:491} INFO - Raw location data count: 16
[2025-11-02T06:24:42.499+0000] {spark_submit.py:491} INFO - root
[2025-11-02T06:24:42.500+0000] {spark_submit.py:491} INFO - |-- borough: string (nullable = true)
[2025-11-02T06:24:42.500+0000] {spark_submit.py:491} INFO - |-- created_at: string (nullable = true)
[2025-11-02T06:24:42.500+0000] {spark_submit.py:491} INFO - |-- is_business_district: boolean (nullable = true)
[2025-11-02T06:24:42.500+0000] {spark_submit.py:491} INFO - |-- is_tourist_area: boolean (nullable = true)
[2025-11-02T06:24:42.500+0000] {spark_submit.py:491} INFO - |-- lat: double (nullable = true)
[2025-11-02T06:24:42.500+0000] {spark_submit.py:491} INFO - |-- location_id: long (nullable = true)
[2025-11-02T06:24:42.500+0000] {spark_submit.py:491} INFO - |-- lon: double (nullable = true)
[2025-11-02T06:24:42.500+0000] {spark_submit.py:491} INFO - |-- zone: string (nullable = true)
[2025-11-02T06:24:42.500+0000] {spark_submit.py:491} INFO - |-- zone_type: string (nullable = true)
[2025-11-02T06:24:42.500+0000] {spark_submit.py:491} INFO - 
[2025-11-02T06:24:42.713+0000] {spark_submit.py:491} INFO - Processed location data count: 16
[2025-11-02T06:24:43.922+0000] {spark_submit.py:491} INFO - Successfully wrote location data to Iceberg table
[2025-11-02T06:24:45.494+0000] {spark_submit.py:491} INFO - +---------+----------+-------------+--------------+
[2025-11-02T06:24:45.496+0000] {spark_submit.py:491} INFO - |  borough|zone_count|tourist_zones|business_zones|
[2025-11-02T06:24:45.496+0000] {spark_submit.py:491} INFO - +---------+----------+-------------+--------------+
[2025-11-02T06:24:45.496+0000] {spark_submit.py:491} INFO - |Manhattan|        13|            4|             3|
[2025-11-02T06:24:45.496+0000] {spark_submit.py:491} INFO - |   Queens|         2|            0|             0|
[2025-11-02T06:24:45.496+0000] {spark_submit.py:491} INFO - | Brooklyn|         1|            0|             0|
[2025-11-02T06:24:45.496+0000] {spark_submit.py:491} INFO - +---------+----------+-------------+--------------+
[2025-11-02T06:24:45.496+0000] {spark_submit.py:491} INFO - 
[2025-11-02T06:24:45.496+0000] {spark_submit.py:491} INFO - Location ETL job completed successfully!
[2025-11-02T06:24:45.914+0000] {taskinstance.py:1398} INFO - Marking task as SUCCESS. dag_id=nyc_weather_etl, task_id=spark_process_location_to_iceberg, execution_date=20251102T052433, start_date=20251102T062436, end_date=20251102T062445
[2025-11-02T06:24:45.956+0000] {local_task_job_runner.py:228} INFO - Task exited with return code 0
[2025-11-02T06:24:45.976+0000] {taskinstance.py:2776} INFO - 0 downstream tasks scheduled from follow-on schedule check
