[2025-10-25T11:57:18.280+0000] {taskinstance.py:1157} INFO - Dependencies all met for dep_context=non-requeueable deps ti=<TaskInstance: nyc_weather_etl.spark_process_location_to_iceberg scheduled__2025-10-25T10:47:55.557220+00:00 [queued]>
[2025-10-25T11:57:18.284+0000] {taskinstance.py:1157} INFO - Dependencies all met for dep_context=requeueable deps ti=<TaskInstance: nyc_weather_etl.spark_process_location_to_iceberg scheduled__2025-10-25T10:47:55.557220+00:00 [queued]>
[2025-10-25T11:57:18.285+0000] {taskinstance.py:1359} INFO - Starting attempt 1 of 1
[2025-10-25T11:57:18.290+0000] {taskinstance.py:1380} INFO - Executing <Task(SparkSubmitOperator): spark_process_location_to_iceberg> on 2025-10-25 10:47:55.557220+00:00
[2025-10-25T11:57:18.293+0000] {standard_task_runner.py:57} INFO - Started process 6679 to run task
[2025-10-25T11:57:18.294+0000] {standard_task_runner.py:84} INFO - Running: ['***', 'tasks', 'run', 'nyc_weather_etl', 'spark_process_location_to_iceberg', 'scheduled__2025-10-25T10:47:55.557220+00:00', '--job-id', '655', '--raw', '--subdir', 'DAGS_FOLDER/nyc_weather_etl.py', '--cfg-path', '/tmp/tmpdaqtn3cd']
[2025-10-25T11:57:18.296+0000] {standard_task_runner.py:85} INFO - Job 655: Subtask spark_process_location_to_iceberg
[2025-10-25T11:57:18.314+0000] {task_command.py:415} INFO - Running <TaskInstance: nyc_weather_etl.spark_process_location_to_iceberg scheduled__2025-10-25T10:47:55.557220+00:00 [running]> on host b40be2a595bb
[2025-10-25T11:57:18.419+0000] {taskinstance.py:1660} INFO - Exporting env vars: AIRFLOW_CTX_DAG_OWNER='data-engineering' AIRFLOW_CTX_DAG_ID='nyc_weather_etl' AIRFLOW_CTX_TASK_ID='spark_process_location_to_iceberg' AIRFLOW_CTX_EXECUTION_DATE='2025-10-25T10:47:55.557220+00:00' AIRFLOW_CTX_TRY_NUMBER='1' AIRFLOW_CTX_DAG_RUN_ID='scheduled__2025-10-25T10:47:55.557220+00:00'
[2025-10-25T11:57:18.423+0000] {base.py:73} INFO - Using connection ID 'spark_default' for task execution.
[2025-10-25T11:57:18.424+0000] {spark_submit.py:340} INFO - Spark-Submit cmd: /opt/bitnami/spark/bin/spark-submit --master spark://spark-master:7077 --conf spark.master=spark://spark-master:7077 --conf spark.sql.catalog.spark_catalog=org.apache.iceberg.spark.SparkSessionCatalog --conf spark.sql.catalog.spark_catalog.type=hive --conf spark.sql.catalog.iceberg=org.apache.iceberg.spark.SparkCatalog --conf spark.sql.catalog.iceberg.type=hadoop --conf spark.sql.catalog.iceberg.warehouse=s3a://lakehouse/warehouse --conf spark.sql.extensions=org.apache.iceberg.spark.extensions.IcebergSparkSessionExtensions --conf spark.hadoop.fs.s3a.endpoint=http://minio:9000 --conf spark.hadoop.fs.s3a.access.key=admin --conf spark.hadoop.fs.s3a.secret.key=****** --conf spark.hadoop.fs.s3a.path.style.access=true --conf spark.hadoop.fs.s3a.impl=org.apache.hadoop.fs.s3a.S3AFileSystem --jars /opt/***/jars/iceberg-spark-runtime-3.5_2.12-1.4.2.jar,/opt/***/jars/aws-java-sdk-bundle-1.12.367.jar,/opt/***/jars/hadoop-aws-3.3.4.jar --name arrow-spark --queue default /opt/***/dags/spark_jobs/location_to_iceberg.py /opt/***/data/locations/nyc_taxi_zones.json
[2025-10-25T11:57:19.251+0000] {spark_submit.py:491} INFO - 25/10/25 11:57:19 WARN NativeCodeLoader: Unable to load native-hadoop library for your platform... using builtin-java classes where applicable
[2025-10-25T11:57:19.849+0000] {spark_submit.py:491} INFO - 25/10/25 11:57:19 INFO SparkContext: Running Spark version 3.5.1
[2025-10-25T11:57:19.851+0000] {spark_submit.py:491} INFO - 25/10/25 11:57:19 INFO SparkContext: OS info Linux, 6.10.14-linuxkit, aarch64
[2025-10-25T11:57:19.852+0000] {spark_submit.py:491} INFO - 25/10/25 11:57:19 INFO SparkContext: Java version 11.0.28
[2025-10-25T11:57:19.861+0000] {spark_submit.py:491} INFO - 25/10/25 11:57:19 INFO ResourceUtils: ==============================================================
[2025-10-25T11:57:19.862+0000] {spark_submit.py:491} INFO - 25/10/25 11:57:19 INFO ResourceUtils: No custom resources configured for spark.driver.
[2025-10-25T11:57:19.862+0000] {spark_submit.py:491} INFO - 25/10/25 11:57:19 INFO ResourceUtils: ==============================================================
[2025-10-25T11:57:19.862+0000] {spark_submit.py:491} INFO - 25/10/25 11:57:19 INFO SparkContext: Submitted application: Location to Iceberg ETL
[2025-10-25T11:57:19.871+0000] {spark_submit.py:491} INFO - 25/10/25 11:57:19 INFO ResourceProfile: Default ResourceProfile created, executor resources: Map(cores -> name: cores, amount: 1, script: , vendor: , memory -> name: memory, amount: 1024, script: , vendor: , offHeap -> name: offHeap, amount: 0, script: , vendor: ), task resources: Map(cpus -> name: cpus, amount: 1.0)
[2025-10-25T11:57:19.876+0000] {spark_submit.py:491} INFO - 25/10/25 11:57:19 INFO ResourceProfile: Limiting resource is cpu
[2025-10-25T11:57:19.876+0000] {spark_submit.py:491} INFO - 25/10/25 11:57:19 INFO ResourceProfileManager: Added ResourceProfile id: 0
[2025-10-25T11:57:19.914+0000] {spark_submit.py:491} INFO - 25/10/25 11:57:19 INFO SecurityManager: Changing view acls to: ***
[2025-10-25T11:57:19.914+0000] {spark_submit.py:491} INFO - 25/10/25 11:57:19 INFO SecurityManager: Changing modify acls to: ***
[2025-10-25T11:57:19.914+0000] {spark_submit.py:491} INFO - 25/10/25 11:57:19 INFO SecurityManager: Changing view acls groups to:
[2025-10-25T11:57:19.914+0000] {spark_submit.py:491} INFO - 25/10/25 11:57:19 INFO SecurityManager: Changing modify acls groups to:
[2025-10-25T11:57:19.914+0000] {spark_submit.py:491} INFO - 25/10/25 11:57:19 INFO SecurityManager: SecurityManager: authentication disabled; ui acls disabled; users with view permissions: ***; groups with view permissions: EMPTY; users with modify permissions: ***; groups with modify permissions: EMPTY
[2025-10-25T11:57:20.022+0000] {spark_submit.py:491} INFO - 25/10/25 11:57:20 INFO Utils: Successfully started service 'sparkDriver' on port 40655.
[2025-10-25T11:57:20.035+0000] {spark_submit.py:491} INFO - 25/10/25 11:57:20 INFO SparkEnv: Registering MapOutputTracker
[2025-10-25T11:57:20.051+0000] {spark_submit.py:491} INFO - 25/10/25 11:57:20 INFO SparkEnv: Registering BlockManagerMaster
[2025-10-25T11:57:20.061+0000] {spark_submit.py:491} INFO - 25/10/25 11:57:20 INFO BlockManagerMasterEndpoint: Using org.apache.spark.storage.DefaultTopologyMapper for getting topology information
[2025-10-25T11:57:20.061+0000] {spark_submit.py:491} INFO - 25/10/25 11:57:20 INFO BlockManagerMasterEndpoint: BlockManagerMasterEndpoint up
[2025-10-25T11:57:20.063+0000] {spark_submit.py:491} INFO - 25/10/25 11:57:20 INFO SparkEnv: Registering BlockManagerMasterHeartbeat
[2025-10-25T11:57:20.075+0000] {spark_submit.py:491} INFO - 25/10/25 11:57:20 INFO DiskBlockManager: Created local directory at /tmp/blockmgr-15a1a08a-4ce0-4288-a85e-ead86a3c6ef5
[2025-10-25T11:57:20.082+0000] {spark_submit.py:491} INFO - 25/10/25 11:57:20 INFO MemoryStore: MemoryStore started with capacity 434.4 MiB
[2025-10-25T11:57:20.089+0000] {spark_submit.py:491} INFO - 25/10/25 11:57:20 INFO SparkEnv: Registering OutputCommitCoordinator
[2025-10-25T11:57:20.147+0000] {spark_submit.py:491} INFO - 25/10/25 11:57:20 INFO JettyUtils: Start Jetty 0.0.0.0:4040 for SparkUI
[2025-10-25T11:57:20.174+0000] {spark_submit.py:491} INFO - 25/10/25 11:57:20 INFO Utils: Successfully started service 'SparkUI' on port 4040.
[2025-10-25T11:57:20.191+0000] {spark_submit.py:491} INFO - 25/10/25 11:57:20 INFO SparkContext: Added JAR file:///opt/***/jars/iceberg-spark-runtime-3.5_2.12-1.4.2.jar at spark://b40be2a595bb:40655/jars/iceberg-spark-runtime-3.5_2.12-1.4.2.jar with timestamp 1761393439844
[2025-10-25T11:57:20.191+0000] {spark_submit.py:491} INFO - 25/10/25 11:57:20 INFO SparkContext: Added JAR file:///opt/***/jars/aws-java-sdk-bundle-1.12.367.jar at spark://b40be2a595bb:40655/jars/aws-java-sdk-bundle-1.12.367.jar with timestamp 1761393439844
[2025-10-25T11:57:20.191+0000] {spark_submit.py:491} INFO - 25/10/25 11:57:20 INFO SparkContext: Added JAR file:///opt/***/jars/hadoop-aws-3.3.4.jar at spark://b40be2a595bb:40655/jars/hadoop-aws-3.3.4.jar with timestamp 1761393439844
[2025-10-25T11:57:20.221+0000] {spark_submit.py:491} INFO - 25/10/25 11:57:20 INFO Executor: Starting executor ID driver on host b40be2a595bb
[2025-10-25T11:57:20.222+0000] {spark_submit.py:491} INFO - 25/10/25 11:57:20 INFO Executor: OS info Linux, 6.10.14-linuxkit, aarch64
[2025-10-25T11:57:20.222+0000] {spark_submit.py:491} INFO - 25/10/25 11:57:20 INFO Executor: Java version 11.0.28
[2025-10-25T11:57:20.224+0000] {spark_submit.py:491} INFO - 25/10/25 11:57:20 INFO Executor: Starting executor with user classpath (userClassPathFirst = false): ''
[2025-10-25T11:57:20.224+0000] {spark_submit.py:491} INFO - 25/10/25 11:57:20 INFO Executor: Created or updated repl class loader org.apache.spark.util.MutableURLClassLoader@5db8e16b for default.
[2025-10-25T11:57:20.234+0000] {spark_submit.py:491} INFO - 25/10/25 11:57:20 INFO Executor: Fetching spark://b40be2a595bb:40655/jars/iceberg-spark-runtime-3.5_2.12-1.4.2.jar with timestamp 1761393439844
[2025-10-25T11:57:20.260+0000] {spark_submit.py:491} INFO - 25/10/25 11:57:20 INFO TransportClientFactory: Successfully created connection to b40be2a595bb/172.18.0.3:40655 after 12 ms (0 ms spent in bootstraps)
[2025-10-25T11:57:20.264+0000] {spark_submit.py:491} INFO - 25/10/25 11:57:20 INFO Utils: Fetching spark://b40be2a595bb:40655/jars/iceberg-spark-runtime-3.5_2.12-1.4.2.jar to /tmp/spark-e4e0483a-647a-4b83-81fb-2deefbd84239/userFiles-1d7ae0b3-7dd0-4f4f-ac5a-0d093ff014ca/fetchFileTemp2777691528391689813.tmp
[2025-10-25T11:57:20.351+0000] {spark_submit.py:491} INFO - 25/10/25 11:57:20 INFO Executor: Adding file:/tmp/spark-e4e0483a-647a-4b83-81fb-2deefbd84239/userFiles-1d7ae0b3-7dd0-4f4f-ac5a-0d093ff014ca/iceberg-spark-runtime-3.5_2.12-1.4.2.jar to class loader default
[2025-10-25T11:57:20.352+0000] {spark_submit.py:491} INFO - 25/10/25 11:57:20 INFO Executor: Fetching spark://b40be2a595bb:40655/jars/hadoop-aws-3.3.4.jar with timestamp 1761393439844
[2025-10-25T11:57:20.352+0000] {spark_submit.py:491} INFO - 25/10/25 11:57:20 INFO Utils: Fetching spark://b40be2a595bb:40655/jars/hadoop-aws-3.3.4.jar to /tmp/spark-e4e0483a-647a-4b83-81fb-2deefbd84239/userFiles-1d7ae0b3-7dd0-4f4f-ac5a-0d093ff014ca/fetchFileTemp16875664439527945763.tmp
[2025-10-25T11:57:20.357+0000] {spark_submit.py:491} INFO - 25/10/25 11:57:20 INFO Executor: Adding file:/tmp/spark-e4e0483a-647a-4b83-81fb-2deefbd84239/userFiles-1d7ae0b3-7dd0-4f4f-ac5a-0d093ff014ca/hadoop-aws-3.3.4.jar to class loader default
[2025-10-25T11:57:20.357+0000] {spark_submit.py:491} INFO - 25/10/25 11:57:20 INFO Executor: Fetching spark://b40be2a595bb:40655/jars/aws-java-sdk-bundle-1.12.367.jar with timestamp 1761393439844
[2025-10-25T11:57:20.357+0000] {spark_submit.py:491} INFO - 25/10/25 11:57:20 INFO Utils: Fetching spark://b40be2a595bb:40655/jars/aws-java-sdk-bundle-1.12.367.jar to /tmp/spark-e4e0483a-647a-4b83-81fb-2deefbd84239/userFiles-1d7ae0b3-7dd0-4f4f-ac5a-0d093ff014ca/fetchFileTemp6242427247943714558.tmp
[2025-10-25T11:57:20.776+0000] {spark_submit.py:491} INFO - 25/10/25 11:57:20 INFO Executor: Adding file:/tmp/spark-e4e0483a-647a-4b83-81fb-2deefbd84239/userFiles-1d7ae0b3-7dd0-4f4f-ac5a-0d093ff014ca/aws-java-sdk-bundle-1.12.367.jar to class loader default
[2025-10-25T11:57:20.793+0000] {spark_submit.py:491} INFO - 25/10/25 11:57:20 INFO Utils: Successfully started service 'org.apache.spark.network.netty.NettyBlockTransferService' on port 36497.
[2025-10-25T11:57:20.794+0000] {spark_submit.py:491} INFO - 25/10/25 11:57:20 INFO NettyBlockTransferService: Server created on b40be2a595bb:36497
[2025-10-25T11:57:20.796+0000] {spark_submit.py:491} INFO - 25/10/25 11:57:20 INFO BlockManager: Using org.apache.spark.storage.RandomBlockReplicationPolicy for block replication policy
[2025-10-25T11:57:20.805+0000] {spark_submit.py:491} INFO - 25/10/25 11:57:20 INFO BlockManagerMaster: Registering BlockManager BlockManagerId(driver, b40be2a595bb, 36497, None)
[2025-10-25T11:57:20.808+0000] {spark_submit.py:491} INFO - 25/10/25 11:57:20 INFO BlockManagerMasterEndpoint: Registering block manager b40be2a595bb:36497 with 434.4 MiB RAM, BlockManagerId(driver, b40be2a595bb, 36497, None)
[2025-10-25T11:57:20.812+0000] {spark_submit.py:491} INFO - 25/10/25 11:57:20 INFO BlockManagerMaster: Registered BlockManager BlockManagerId(driver, b40be2a595bb, 36497, None)
[2025-10-25T11:57:20.814+0000] {spark_submit.py:491} INFO - 25/10/25 11:57:20 INFO BlockManager: Initialized BlockManager: BlockManagerId(driver, b40be2a595bb, 36497, None)
[2025-10-25T11:57:22.277+0000] {spark_submit.py:491} INFO - 25/10/25 11:57:22 WARN MetricsConfig: Cannot locate configuration: tried hadoop-metrics2-s3a-file-system.properties,hadoop-metrics2.properties
[2025-10-25T11:57:23.227+0000] {spark_submit.py:491} INFO - Created/verified taxi zones table
[2025-10-25T11:57:23.227+0000] {spark_submit.py:491} INFO - Reading location data from: /opt/***/data/locations/nyc_taxi_zones.json
[2025-10-25T11:57:24.701+0000] {spark_submit.py:491} INFO - Raw location data count: 16
[2025-10-25T11:57:24.701+0000] {spark_submit.py:491} INFO - root
[2025-10-25T11:57:24.701+0000] {spark_submit.py:491} INFO - |-- borough: string (nullable = true)
[2025-10-25T11:57:24.705+0000] {spark_submit.py:491} INFO - |-- created_at: string (nullable = true)
[2025-10-25T11:57:24.705+0000] {spark_submit.py:491} INFO - |-- is_business_district: boolean (nullable = true)
[2025-10-25T11:57:24.705+0000] {spark_submit.py:491} INFO - |-- is_tourist_area: boolean (nullable = true)
[2025-10-25T11:57:24.705+0000] {spark_submit.py:491} INFO - |-- lat: double (nullable = true)
[2025-10-25T11:57:24.705+0000] {spark_submit.py:491} INFO - |-- location_id: long (nullable = true)
[2025-10-25T11:57:24.705+0000] {spark_submit.py:491} INFO - |-- lon: double (nullable = true)
[2025-10-25T11:57:24.705+0000] {spark_submit.py:491} INFO - |-- zone: string (nullable = true)
[2025-10-25T11:57:24.705+0000] {spark_submit.py:491} INFO - |-- zone_type: string (nullable = true)
[2025-10-25T11:57:24.706+0000] {spark_submit.py:491} INFO - 
[2025-10-25T11:57:24.894+0000] {spark_submit.py:491} INFO - Processed location data count: 16
[2025-10-25T11:57:26.397+0000] {spark_submit.py:491} INFO - Successfully wrote location data to Iceberg table
[2025-10-25T11:57:27.872+0000] {spark_submit.py:491} INFO - +---------+----------+-------------+--------------+
[2025-10-25T11:57:27.872+0000] {spark_submit.py:491} INFO - |  borough|zone_count|tourist_zones|business_zones|
[2025-10-25T11:57:27.872+0000] {spark_submit.py:491} INFO - +---------+----------+-------------+--------------+
[2025-10-25T11:57:27.872+0000] {spark_submit.py:491} INFO - |Manhattan|        13|            4|             3|
[2025-10-25T11:57:27.873+0000] {spark_submit.py:491} INFO - |   Queens|         2|            0|             0|
[2025-10-25T11:57:27.873+0000] {spark_submit.py:491} INFO - | Brooklyn|         1|            0|             0|
[2025-10-25T11:57:27.873+0000] {spark_submit.py:491} INFO - +---------+----------+-------------+--------------+
[2025-10-25T11:57:27.873+0000] {spark_submit.py:491} INFO - 
[2025-10-25T11:57:27.873+0000] {spark_submit.py:491} INFO - Location ETL job completed successfully!
[2025-10-25T11:57:28.352+0000] {taskinstance.py:1398} INFO - Marking task as SUCCESS. dag_id=nyc_weather_etl, task_id=spark_process_location_to_iceberg, execution_date=20251025T104755, start_date=20251025T115718, end_date=20251025T115728
[2025-10-25T11:57:28.364+0000] {local_task_job_runner.py:228} INFO - Task exited with return code 0
[2025-10-25T11:57:28.372+0000] {taskinstance.py:2776} INFO - 0 downstream tasks scheduled from follow-on schedule check
