[2025-10-25T05:50:55.411+0000] {taskinstance.py:1157} INFO - Dependencies all met for dep_context=non-requeueable deps ti=<TaskInstance: nyc_weather_etl.spark_process_weather_to_iceberg scheduled__2025-10-16T11:47:55.584740+00:00 [queued]>
[2025-10-25T05:50:55.416+0000] {taskinstance.py:1157} INFO - Dependencies all met for dep_context=requeueable deps ti=<TaskInstance: nyc_weather_etl.spark_process_weather_to_iceberg scheduled__2025-10-16T11:47:55.584740+00:00 [queued]>
[2025-10-25T05:50:55.416+0000] {taskinstance.py:1359} INFO - Starting attempt 1 of 1
[2025-10-25T05:50:55.424+0000] {taskinstance.py:1380} INFO - Executing <Task(SparkSubmitOperator): spark_process_weather_to_iceberg> on 2025-10-16 11:47:55.584740+00:00
[2025-10-25T05:50:55.427+0000] {standard_task_runner.py:57} INFO - Started process 272 to run task
[2025-10-25T05:50:55.429+0000] {standard_task_runner.py:84} INFO - Running: ['***', 'tasks', 'run', 'nyc_weather_etl', 'spark_process_weather_to_iceberg', 'scheduled__2025-10-16T11:47:55.584740+00:00', '--job-id', '618', '--raw', '--subdir', 'DAGS_FOLDER/nyc_weather_etl.py', '--cfg-path', '/tmp/tmpuu890uaj']
[2025-10-25T05:50:55.432+0000] {standard_task_runner.py:85} INFO - Job 618: Subtask spark_process_weather_to_iceberg
[2025-10-25T05:50:55.464+0000] {task_command.py:415} INFO - Running <TaskInstance: nyc_weather_etl.spark_process_weather_to_iceberg scheduled__2025-10-16T11:47:55.584740+00:00 [running]> on host b40be2a595bb
[2025-10-25T05:50:55.617+0000] {taskinstance.py:1660} INFO - Exporting env vars: AIRFLOW_CTX_DAG_OWNER='data-engineering' AIRFLOW_CTX_DAG_ID='nyc_weather_etl' AIRFLOW_CTX_TASK_ID='spark_process_weather_to_iceberg' AIRFLOW_CTX_EXECUTION_DATE='2025-10-16T11:47:55.584740+00:00' AIRFLOW_CTX_TRY_NUMBER='1' AIRFLOW_CTX_DAG_RUN_ID='scheduled__2025-10-16T11:47:55.584740+00:00'
[2025-10-25T05:50:55.623+0000] {base.py:73} INFO - Using connection ID 'spark_default' for task execution.
[2025-10-25T05:50:55.624+0000] {spark_submit.py:340} INFO - Spark-Submit cmd: /opt/bitnami/spark/bin/spark-submit --master spark://spark-master:7077 --conf spark.master=spark://spark-master:7077 --conf spark.sql.catalog.spark_catalog=org.apache.iceberg.spark.SparkSessionCatalog --conf spark.sql.catalog.spark_catalog.type=hive --conf spark.sql.catalog.iceberg=org.apache.iceberg.spark.SparkCatalog --conf spark.sql.catalog.iceberg.type=hadoop --conf spark.sql.catalog.iceberg.warehouse=s3a://lakehouse/warehouse --conf spark.sql.extensions=org.apache.iceberg.spark.extensions.IcebergSparkSessionExtensions --conf spark.hadoop.fs.s3a.endpoint=http://minio:9000 --conf spark.hadoop.fs.s3a.access.key=admin --conf spark.hadoop.fs.s3a.secret.key=****** --conf spark.hadoop.fs.s3a.path.style.access=true --conf spark.hadoop.fs.s3a.impl=org.apache.hadoop.fs.s3a.S3AFileSystem --jars /opt/***/jars/iceberg-spark-runtime-3.5_2.12-1.4.2.jar,/opt/***/jars/aws-java-sdk-bundle-1.12.367.jar,/opt/***/jars/hadoop-aws-3.3.4.jar --name arrow-spark --queue default /opt/***/dags/spark_jobs/weather_to_iceberg.py /opt/***/data/weather/weather_data_20251008_06.json
[2025-10-25T05:50:57.197+0000] {spark_submit.py:491} INFO - 25/10/25 05:50:57 WARN NativeCodeLoader: Unable to load native-hadoop library for your platform... using builtin-java classes where applicable
[2025-10-25T05:50:58.241+0000] {spark_submit.py:491} INFO - 25/10/25 05:50:58 INFO SparkContext: Running Spark version 3.5.1
[2025-10-25T05:50:58.245+0000] {spark_submit.py:491} INFO - 25/10/25 05:50:58 INFO SparkContext: OS info Linux, 6.10.14-linuxkit, aarch64
[2025-10-25T05:50:58.246+0000] {spark_submit.py:491} INFO - 25/10/25 05:50:58 INFO SparkContext: Java version 11.0.28
[2025-10-25T05:50:58.258+0000] {spark_submit.py:491} INFO - 25/10/25 05:50:58 INFO ResourceUtils: ==============================================================
[2025-10-25T05:50:58.259+0000] {spark_submit.py:491} INFO - 25/10/25 05:50:58 INFO ResourceUtils: No custom resources configured for spark.driver.
[2025-10-25T05:50:58.260+0000] {spark_submit.py:491} INFO - 25/10/25 05:50:58 INFO ResourceUtils: ==============================================================
[2025-10-25T05:50:58.260+0000] {spark_submit.py:491} INFO - 25/10/25 05:50:58 INFO SparkContext: Submitted application: Weather to Iceberg ETL
[2025-10-25T05:50:58.272+0000] {spark_submit.py:491} INFO - 25/10/25 05:50:58 INFO ResourceProfile: Default ResourceProfile created, executor resources: Map(cores -> name: cores, amount: 1, script: , vendor: , memory -> name: memory, amount: 1024, script: , vendor: , offHeap -> name: offHeap, amount: 0, script: , vendor: ), task resources: Map(cpus -> name: cpus, amount: 1.0)
[2025-10-25T05:50:58.277+0000] {spark_submit.py:491} INFO - 25/10/25 05:50:58 INFO ResourceProfile: Limiting resource is cpu
[2025-10-25T05:50:58.278+0000] {spark_submit.py:491} INFO - 25/10/25 05:50:58 INFO ResourceProfileManager: Added ResourceProfile id: 0
[2025-10-25T05:50:58.319+0000] {spark_submit.py:491} INFO - 25/10/25 05:50:58 INFO SecurityManager: Changing view acls to: ***
[2025-10-25T05:50:58.319+0000] {spark_submit.py:491} INFO - 25/10/25 05:50:58 INFO SecurityManager: Changing modify acls to: ***
[2025-10-25T05:50:58.319+0000] {spark_submit.py:491} INFO - 25/10/25 05:50:58 INFO SecurityManager: Changing view acls groups to:
[2025-10-25T05:50:58.320+0000] {spark_submit.py:491} INFO - 25/10/25 05:50:58 INFO SecurityManager: Changing modify acls groups to:
[2025-10-25T05:50:58.320+0000] {spark_submit.py:491} INFO - 25/10/25 05:50:58 INFO SecurityManager: SecurityManager: authentication disabled; ui acls disabled; users with view permissions: ***; groups with view permissions: EMPTY; users with modify permissions: ***; groups with modify permissions: EMPTY
[2025-10-25T05:50:58.458+0000] {spark_submit.py:491} INFO - 25/10/25 05:50:58 INFO Utils: Successfully started service 'sparkDriver' on port 35151.
[2025-10-25T05:50:58.479+0000] {spark_submit.py:491} INFO - 25/10/25 05:50:58 INFO SparkEnv: Registering MapOutputTracker
[2025-10-25T05:50:58.499+0000] {spark_submit.py:491} INFO - 25/10/25 05:50:58 INFO SparkEnv: Registering BlockManagerMaster
[2025-10-25T05:50:58.514+0000] {spark_submit.py:491} INFO - 25/10/25 05:50:58 INFO BlockManagerMasterEndpoint: Using org.apache.spark.storage.DefaultTopologyMapper for getting topology information
[2025-10-25T05:50:58.514+0000] {spark_submit.py:491} INFO - 25/10/25 05:50:58 INFO BlockManagerMasterEndpoint: BlockManagerMasterEndpoint up
[2025-10-25T05:50:58.516+0000] {spark_submit.py:491} INFO - 25/10/25 05:50:58 INFO SparkEnv: Registering BlockManagerMasterHeartbeat
[2025-10-25T05:50:58.534+0000] {spark_submit.py:491} INFO - 25/10/25 05:50:58 INFO DiskBlockManager: Created local directory at /tmp/blockmgr-3d2551c0-c2d8-40d4-8ae0-11affb94da4e
[2025-10-25T05:50:58.543+0000] {spark_submit.py:491} INFO - 25/10/25 05:50:58 INFO MemoryStore: MemoryStore started with capacity 434.4 MiB
[2025-10-25T05:50:58.552+0000] {spark_submit.py:491} INFO - 25/10/25 05:50:58 INFO SparkEnv: Registering OutputCommitCoordinator
[2025-10-25T05:50:58.640+0000] {spark_submit.py:491} INFO - 25/10/25 05:50:58 INFO JettyUtils: Start Jetty 0.0.0.0:4040 for SparkUI
[2025-10-25T05:50:58.675+0000] {spark_submit.py:491} INFO - 25/10/25 05:50:58 INFO Utils: Successfully started service 'SparkUI' on port 4040.
[2025-10-25T05:50:58.696+0000] {spark_submit.py:491} INFO - 25/10/25 05:50:58 INFO SparkContext: Added JAR file:///opt/***/jars/iceberg-spark-runtime-3.5_2.12-1.4.2.jar at spark://b40be2a595bb:35151/jars/iceberg-spark-runtime-3.5_2.12-1.4.2.jar with timestamp 1761371458234
[2025-10-25T05:50:58.697+0000] {spark_submit.py:491} INFO - 25/10/25 05:50:58 INFO SparkContext: Added JAR file:///opt/***/jars/aws-java-sdk-bundle-1.12.367.jar at spark://b40be2a595bb:35151/jars/aws-java-sdk-bundle-1.12.367.jar with timestamp 1761371458234
[2025-10-25T05:50:58.697+0000] {spark_submit.py:491} INFO - 25/10/25 05:50:58 INFO SparkContext: Added JAR file:///opt/***/jars/hadoop-aws-3.3.4.jar at spark://b40be2a595bb:35151/jars/hadoop-aws-3.3.4.jar with timestamp 1761371458234
[2025-10-25T05:50:58.735+0000] {spark_submit.py:491} INFO - 25/10/25 05:50:58 INFO Executor: Starting executor ID driver on host b40be2a595bb
[2025-10-25T05:50:58.736+0000] {spark_submit.py:491} INFO - 25/10/25 05:50:58 INFO Executor: OS info Linux, 6.10.14-linuxkit, aarch64
[2025-10-25T05:50:58.736+0000] {spark_submit.py:491} INFO - 25/10/25 05:50:58 INFO Executor: Java version 11.0.28
[2025-10-25T05:50:58.740+0000] {spark_submit.py:491} INFO - 25/10/25 05:50:58 INFO Executor: Starting executor with user classpath (userClassPathFirst = false): ''
[2025-10-25T05:50:58.741+0000] {spark_submit.py:491} INFO - 25/10/25 05:50:58 INFO Executor: Created or updated repl class loader org.apache.spark.util.MutableURLClassLoader@36bafa53 for default.
[2025-10-25T05:50:58.750+0000] {spark_submit.py:491} INFO - 25/10/25 05:50:58 INFO Executor: Fetching spark://b40be2a595bb:35151/jars/iceberg-spark-runtime-3.5_2.12-1.4.2.jar with timestamp 1761371458234
[2025-10-25T05:50:58.784+0000] {spark_submit.py:491} INFO - 25/10/25 05:50:58 INFO TransportClientFactory: Successfully created connection to b40be2a595bb/172.18.0.5:35151 after 16 ms (0 ms spent in bootstraps)
[2025-10-25T05:50:58.787+0000] {spark_submit.py:491} INFO - 25/10/25 05:50:58 INFO Utils: Fetching spark://b40be2a595bb:35151/jars/iceberg-spark-runtime-3.5_2.12-1.4.2.jar to /tmp/spark-2099838e-a1b7-4ebf-9a72-dcc02f7ca1bb/userFiles-a33d07a3-9f14-4724-a2b3-d07122e099e1/fetchFileTemp2170260853482601521.tmp
[2025-10-25T05:50:58.855+0000] {spark_submit.py:491} INFO - 25/10/25 05:50:58 INFO Executor: Adding file:/tmp/spark-2099838e-a1b7-4ebf-9a72-dcc02f7ca1bb/userFiles-a33d07a3-9f14-4724-a2b3-d07122e099e1/iceberg-spark-runtime-3.5_2.12-1.4.2.jar to class loader default
[2025-10-25T05:50:58.856+0000] {spark_submit.py:491} INFO - 25/10/25 05:50:58 INFO Executor: Fetching spark://b40be2a595bb:35151/jars/aws-java-sdk-bundle-1.12.367.jar with timestamp 1761371458234
[2025-10-25T05:50:58.856+0000] {spark_submit.py:491} INFO - 25/10/25 05:50:58 INFO Utils: Fetching spark://b40be2a595bb:35151/jars/aws-java-sdk-bundle-1.12.367.jar to /tmp/spark-2099838e-a1b7-4ebf-9a72-dcc02f7ca1bb/userFiles-a33d07a3-9f14-4724-a2b3-d07122e099e1/fetchFileTemp9411876483164423172.tmp
[2025-10-25T05:50:59.308+0000] {spark_submit.py:491} INFO - 25/10/25 05:50:59 INFO Executor: Adding file:/tmp/spark-2099838e-a1b7-4ebf-9a72-dcc02f7ca1bb/userFiles-a33d07a3-9f14-4724-a2b3-d07122e099e1/aws-java-sdk-bundle-1.12.367.jar to class loader default
[2025-10-25T05:50:59.309+0000] {spark_submit.py:491} INFO - 25/10/25 05:50:59 INFO Executor: Fetching spark://b40be2a595bb:35151/jars/hadoop-aws-3.3.4.jar with timestamp 1761371458234
[2025-10-25T05:50:59.309+0000] {spark_submit.py:491} INFO - 25/10/25 05:50:59 INFO Utils: Fetching spark://b40be2a595bb:35151/jars/hadoop-aws-3.3.4.jar to /tmp/spark-2099838e-a1b7-4ebf-9a72-dcc02f7ca1bb/userFiles-a33d07a3-9f14-4724-a2b3-d07122e099e1/fetchFileTemp4147771008401044739.tmp
[2025-10-25T05:50:59.314+0000] {spark_submit.py:491} INFO - 25/10/25 05:50:59 INFO Executor: Adding file:/tmp/spark-2099838e-a1b7-4ebf-9a72-dcc02f7ca1bb/userFiles-a33d07a3-9f14-4724-a2b3-d07122e099e1/hadoop-aws-3.3.4.jar to class loader default
[2025-10-25T05:50:59.320+0000] {spark_submit.py:491} INFO - 25/10/25 05:50:59 INFO Utils: Successfully started service 'org.apache.spark.network.netty.NettyBlockTransferService' on port 36915.
[2025-10-25T05:50:59.320+0000] {spark_submit.py:491} INFO - 25/10/25 05:50:59 INFO NettyBlockTransferService: Server created on b40be2a595bb:36915
[2025-10-25T05:50:59.321+0000] {spark_submit.py:491} INFO - 25/10/25 05:50:59 INFO BlockManager: Using org.apache.spark.storage.RandomBlockReplicationPolicy for block replication policy
[2025-10-25T05:50:59.326+0000] {spark_submit.py:491} INFO - 25/10/25 05:50:59 INFO BlockManagerMaster: Registering BlockManager BlockManagerId(driver, b40be2a595bb, 36915, None)
[2025-10-25T05:50:59.327+0000] {spark_submit.py:491} INFO - 25/10/25 05:50:59 INFO BlockManagerMasterEndpoint: Registering block manager b40be2a595bb:36915 with 434.4 MiB RAM, BlockManagerId(driver, b40be2a595bb, 36915, None)
[2025-10-25T05:50:59.330+0000] {spark_submit.py:491} INFO - 25/10/25 05:50:59 INFO BlockManagerMaster: Registered BlockManager BlockManagerId(driver, b40be2a595bb, 36915, None)
[2025-10-25T05:50:59.332+0000] {spark_submit.py:491} INFO - 25/10/25 05:50:59 INFO BlockManager: Initialized BlockManager: BlockManagerId(driver, b40be2a595bb, 36915, None)
[2025-10-25T05:51:01.507+0000] {spark_submit.py:491} INFO - 25/10/25 05:51:01 WARN MetricsConfig: Cannot locate configuration: tried hadoop-metrics2-s3a-file-system.properties,hadoop-metrics2.properties
[2025-10-25T05:51:02.525+0000] {spark_submit.py:491} INFO - Created/verified weather table
[2025-10-25T05:51:02.526+0000] {spark_submit.py:491} INFO - Reading weather data from: /opt/***/data/weather/weather_data_20251008_06.json
[2025-10-25T05:51:02.720+0000] {spark_submit.py:491} INFO - Error in weather ETL job: [CANNOT_ACCEPT_OBJECT_IN_TYPE] `DoubleType()` can not accept object `0` in type `int`.
[2025-10-25T05:51:02.971+0000] {spark_submit.py:491} INFO - Traceback (most recent call last):
[2025-10-25T05:51:02.972+0000] {spark_submit.py:491} INFO - File "/opt/***/dags/spark_jobs/weather_to_iceberg.py", line 194, in <module>
[2025-10-25T05:51:02.972+0000] {spark_submit.py:491} INFO - main()
[2025-10-25T05:51:02.972+0000] {spark_submit.py:491} INFO - File "/opt/***/dags/spark_jobs/weather_to_iceberg.py", line 183, in main
[2025-10-25T05:51:02.972+0000] {spark_submit.py:491} INFO - process_weather_data(spark, input_path)
[2025-10-25T05:51:02.973+0000] {spark_submit.py:491} INFO - File "/opt/***/dags/spark_jobs/weather_to_iceberg.py", line 127, in process_weather_data
[2025-10-25T05:51:02.973+0000] {spark_submit.py:491} INFO - df = spark.createDataFrame(weather_data, schema=weather_schema)
[2025-10-25T05:51:02.973+0000] {spark_submit.py:491} INFO - File "/opt/bitnami/spark/python/lib/pyspark.zip/pyspark/sql/session.py", line 1443, in createDataFrame
[2025-10-25T05:51:02.973+0000] {spark_submit.py:491} INFO - File "/opt/bitnami/spark/python/lib/pyspark.zip/pyspark/sql/session.py", line 1485, in _create_dataframe
[2025-10-25T05:51:02.973+0000] {spark_submit.py:491} INFO - File "/opt/bitnami/spark/python/lib/pyspark.zip/pyspark/sql/session.py", line 1090, in _createFromLocal
[2025-10-25T05:51:02.973+0000] {spark_submit.py:491} INFO - File "/opt/bitnami/spark/python/lib/pyspark.zip/pyspark/sql/session.py", line 1459, in prepare
[2025-10-25T05:51:02.974+0000] {spark_submit.py:491} INFO - File "/opt/bitnami/spark/python/lib/pyspark.zip/pyspark/sql/types.py", line 2187, in verify
[2025-10-25T05:51:02.974+0000] {spark_submit.py:491} INFO - File "/opt/bitnami/spark/python/lib/pyspark.zip/pyspark/sql/types.py", line 2147, in verify_struct
[2025-10-25T05:51:02.974+0000] {spark_submit.py:491} INFO - File "/opt/bitnami/spark/python/lib/pyspark.zip/pyspark/sql/types.py", line 2187, in verify
[2025-10-25T05:51:02.974+0000] {spark_submit.py:491} INFO - File "/opt/bitnami/spark/python/lib/pyspark.zip/pyspark/sql/types.py", line 2181, in verify_default
[2025-10-25T05:51:02.974+0000] {spark_submit.py:491} INFO - File "/opt/bitnami/spark/python/lib/pyspark.zip/pyspark/sql/types.py", line 2006, in verify_acceptable_types
[2025-10-25T05:51:02.975+0000] {spark_submit.py:491} INFO - pyspark.errors.exceptions.base.PySparkTypeError: [CANNOT_ACCEPT_OBJECT_IN_TYPE] `DoubleType()` can not accept object `0` in type `int`.
[2025-10-25T05:51:03.129+0000] {taskinstance.py:1935} ERROR - Task failed with exception
Traceback (most recent call last):
  File "/home/airflow/.local/lib/python3.8/site-packages/airflow/providers/apache/spark/operators/spark_submit.py", line 156, in execute
    self._hook.submit(self._application)
  File "/home/airflow/.local/lib/python3.8/site-packages/airflow/providers/apache/spark/hooks/spark_submit.py", line 422, in submit
    raise AirflowException(
airflow.exceptions.AirflowException: Cannot execute: /opt/bitnami/spark/bin/spark-submit --master spark://spark-master:7077 --conf spark.master=spark://spark-master:7077 --conf spark.sql.catalog.spark_catalog=org.apache.iceberg.spark.SparkSessionCatalog --conf spark.sql.catalog.spark_catalog.type=hive --conf spark.sql.catalog.iceberg=org.apache.iceberg.spark.SparkCatalog --conf spark.sql.catalog.iceberg.type=hadoop --conf spark.sql.catalog.iceberg.warehouse=s3a://lakehouse/warehouse --conf spark.sql.extensions=org.apache.iceberg.spark.extensions.IcebergSparkSessionExtensions --conf spark.hadoop.fs.s3a.endpoint=http://minio:9000 --conf spark.hadoop.fs.s3a.access.key=admin --conf spark.hadoop.fs.s3a.secret.key=****** --conf spark.hadoop.fs.s3a.path.style.access=true --conf spark.hadoop.fs.s3a.impl=org.apache.hadoop.fs.s3a.S3AFileSystem --jars /opt/***/jars/iceberg-spark-runtime-3.5_2.12-1.4.2.jar,/opt/***/jars/aws-java-sdk-bundle-1.12.367.jar,/opt/***/jars/hadoop-aws-3.3.4.jar --name arrow-spark --queue default /opt/***/dags/spark_jobs/weather_to_iceberg.py /opt/***/data/weather/weather_data_20251008_06.json. Error code is: 1.
[2025-10-25T05:51:03.131+0000] {taskinstance.py:1398} INFO - Marking task as FAILED. dag_id=nyc_weather_etl, task_id=spark_process_weather_to_iceberg, execution_date=20251016T114755, start_date=20251025T055055, end_date=20251025T055103
[2025-10-25T05:51:03.139+0000] {standard_task_runner.py:104} ERROR - Failed to execute job 618 for task spark_process_weather_to_iceberg (Cannot execute: /opt/bitnami/spark/bin/spark-submit --master spark://spark-master:7077 --conf spark.master=spark://spark-master:7077 --conf spark.sql.catalog.spark_catalog=org.apache.iceberg.spark.SparkSessionCatalog --conf spark.sql.catalog.spark_catalog.type=hive --conf spark.sql.catalog.iceberg=org.apache.iceberg.spark.SparkCatalog --conf spark.sql.catalog.iceberg.type=hadoop --conf spark.sql.catalog.iceberg.warehouse=s3a://lakehouse/warehouse --conf spark.sql.extensions=org.apache.iceberg.spark.extensions.IcebergSparkSessionExtensions --conf spark.hadoop.fs.s3a.endpoint=http://minio:9000 --conf spark.hadoop.fs.s3a.access.key=admin --conf spark.hadoop.fs.s3a.secret.key=****** --conf spark.hadoop.fs.s3a.path.style.access=true --conf spark.hadoop.fs.s3a.impl=org.apache.hadoop.fs.s3a.S3AFileSystem --jars /opt/***/jars/iceberg-spark-runtime-3.5_2.12-1.4.2.jar,/opt/***/jars/aws-java-sdk-bundle-1.12.367.jar,/opt/***/jars/hadoop-aws-3.3.4.jar --name arrow-spark --queue default /opt/***/dags/spark_jobs/weather_to_iceberg.py /opt/***/data/weather/weather_data_20251008_06.json. Error code is: 1.; 272)
[2025-10-25T05:51:03.154+0000] {local_task_job_runner.py:228} INFO - Task exited with return code 1
[2025-10-25T05:51:03.164+0000] {taskinstance.py:2776} INFO - 0 downstream tasks scheduled from follow-on schedule check
