[2025-11-03T02:53:14.331+0000] {taskinstance.py:1157} INFO - Dependencies all met for dep_context=non-requeueable deps ti=<TaskInstance: nyc_taxi_iceberg_etl.spark_process_to_iceberg scheduled__2025-11-02T20:52:59.549857+00:00 [queued]>
[2025-11-03T02:53:14.341+0000] {taskinstance.py:1157} INFO - Dependencies all met for dep_context=requeueable deps ti=<TaskInstance: nyc_taxi_iceberg_etl.spark_process_to_iceberg scheduled__2025-11-02T20:52:59.549857+00:00 [queued]>
[2025-11-03T02:53:14.343+0000] {taskinstance.py:1359} INFO - Starting attempt 1 of 1
[2025-11-03T02:53:14.366+0000] {taskinstance.py:1380} INFO - Executing <Task(SparkSubmitOperator): spark_process_to_iceberg> on 2025-11-02 20:52:59.549857+00:00
[2025-11-03T02:53:14.372+0000] {standard_task_runner.py:57} INFO - Started process 980 to run task
[2025-11-03T02:53:14.377+0000] {standard_task_runner.py:84} INFO - Running: ['***', 'tasks', 'run', 'nyc_taxi_iceberg_etl', 'spark_process_to_iceberg', 'scheduled__2025-11-02T20:52:59.549857+00:00', '--job-id', '52', '--raw', '--subdir', 'DAGS_FOLDER/nyc_taxi_iceberg_etl.py', '--cfg-path', '/tmp/tmpil0vmzl9']
[2025-11-03T02:53:14.381+0000] {standard_task_runner.py:85} INFO - Job 52: Subtask spark_process_to_iceberg
[2025-11-03T02:53:14.441+0000] {task_command.py:415} INFO - Running <TaskInstance: nyc_taxi_iceberg_etl.spark_process_to_iceberg scheduled__2025-11-02T20:52:59.549857+00:00 [running]> on host ec57452a9f33
[2025-11-03T02:53:14.632+0000] {taskinstance.py:1660} INFO - Exporting env vars: AIRFLOW_CTX_DAG_OWNER='data-engineering' AIRFLOW_CTX_DAG_ID='nyc_taxi_iceberg_etl' AIRFLOW_CTX_TASK_ID='spark_process_to_iceberg' AIRFLOW_CTX_EXECUTION_DATE='2025-11-02T20:52:59.549857+00:00' AIRFLOW_CTX_TRY_NUMBER='1' AIRFLOW_CTX_DAG_RUN_ID='scheduled__2025-11-02T20:52:59.549857+00:00'
[2025-11-03T02:53:14.633+0000] {base.py:73} INFO - Using connection ID 'spark_default' for task execution.
[2025-11-03T02:53:14.634+0000] {spark_submit.py:340} INFO - Spark-Submit cmd: /opt/bitnami/spark/bin/spark-submit --master spark-master:7077 --conf spark.master=spark://spark-master:7077 --conf spark.sql.catalog.spark_catalog=org.apache.iceberg.spark.SparkSessionCatalog --conf spark.sql.catalog.spark_catalog.type=hive --conf spark.sql.catalog.iceberg=org.apache.iceberg.spark.SparkCatalog --conf spark.sql.catalog.iceberg.type=hadoop --conf spark.sql.catalog.iceberg.warehouse=s3a://lakehouse/warehouse --conf spark.sql.extensions=org.apache.iceberg.spark.extensions.IcebergSparkSessionExtensions --conf spark.hadoop.fs.s3a.endpoint=http://minio:9000 --conf spark.hadoop.fs.s3a.access.key=admin --conf spark.hadoop.fs.s3a.secret.key=****** --conf spark.hadoop.fs.s3a.path.style.access=true --conf spark.hadoop.fs.s3a.impl=org.apache.hadoop.fs.s3a.S3AFileSystem --jars /opt/***/jars/iceberg-spark-runtime-3.5_2.12-1.4.2.jar,/opt/***/jars/aws-java-sdk-bundle-1.12.367.jar,/opt/***/jars/hadoop-aws-3.3.4.jar --name arrow-spark /opt/***/dags/spark_jobs/nyc_taxi_to_iceberg.py /opt/***/data/raw/yellow_tripdata_2025-11.parquet
[2025-11-03T02:53:15.767+0000] {spark_submit.py:491} INFO - 25/11/03 02:53:15 WARN NativeCodeLoader: Unable to load native-hadoop library for your platform... using builtin-java classes where applicable
[2025-11-03T02:53:16.385+0000] {spark_submit.py:491} INFO - 25/11/03 02:53:16 INFO SparkContext: Running Spark version 3.5.1
[2025-11-03T02:53:16.386+0000] {spark_submit.py:491} INFO - 25/11/03 02:53:16 INFO SparkContext: OS info Linux, 6.10.14-linuxkit, aarch64
[2025-11-03T02:53:16.386+0000] {spark_submit.py:491} INFO - 25/11/03 02:53:16 INFO SparkContext: Java version 11.0.28
[2025-11-03T02:53:16.397+0000] {spark_submit.py:491} INFO - 25/11/03 02:53:16 INFO ResourceUtils: ==============================================================
[2025-11-03T02:53:16.397+0000] {spark_submit.py:491} INFO - 25/11/03 02:53:16 INFO ResourceUtils: No custom resources configured for spark.driver.
[2025-11-03T02:53:16.397+0000] {spark_submit.py:491} INFO - 25/11/03 02:53:16 INFO ResourceUtils: ==============================================================
[2025-11-03T02:53:16.398+0000] {spark_submit.py:491} INFO - 25/11/03 02:53:16 INFO SparkContext: Submitted application: NYC Taxi to Iceberg ETL
[2025-11-03T02:53:16.405+0000] {spark_submit.py:491} INFO - 25/11/03 02:53:16 INFO ResourceProfile: Default ResourceProfile created, executor resources: Map(cores -> name: cores, amount: 1, script: , vendor: , memory -> name: memory, amount: 1024, script: , vendor: , offHeap -> name: offHeap, amount: 0, script: , vendor: ), task resources: Map(cpus -> name: cpus, amount: 1.0)
[2025-11-03T02:53:16.409+0000] {spark_submit.py:491} INFO - 25/11/03 02:53:16 INFO ResourceProfile: Limiting resource is cpu
[2025-11-03T02:53:16.410+0000] {spark_submit.py:491} INFO - 25/11/03 02:53:16 INFO ResourceProfileManager: Added ResourceProfile id: 0
[2025-11-03T02:53:16.438+0000] {spark_submit.py:491} INFO - 25/11/03 02:53:16 INFO SecurityManager: Changing view acls to: ***
[2025-11-03T02:53:16.438+0000] {spark_submit.py:491} INFO - 25/11/03 02:53:16 INFO SecurityManager: Changing modify acls to: ***
[2025-11-03T02:53:16.439+0000] {spark_submit.py:491} INFO - 25/11/03 02:53:16 INFO SecurityManager: Changing view acls groups to:
[2025-11-03T02:53:16.439+0000] {spark_submit.py:491} INFO - 25/11/03 02:53:16 INFO SecurityManager: Changing modify acls groups to:
[2025-11-03T02:53:16.439+0000] {spark_submit.py:491} INFO - 25/11/03 02:53:16 INFO SecurityManager: SecurityManager: authentication disabled; ui acls disabled; users with view permissions: ***; groups with view permissions: EMPTY; users with modify permissions: ***; groups with modify permissions: EMPTY
[2025-11-03T02:53:16.533+0000] {spark_submit.py:491} INFO - 25/11/03 02:53:16 INFO Utils: Successfully started service 'sparkDriver' on port 39615.
[2025-11-03T02:53:16.546+0000] {spark_submit.py:491} INFO - 25/11/03 02:53:16 INFO SparkEnv: Registering MapOutputTracker
[2025-11-03T02:53:16.560+0000] {spark_submit.py:491} INFO - 25/11/03 02:53:16 INFO SparkEnv: Registering BlockManagerMaster
[2025-11-03T02:53:16.571+0000] {spark_submit.py:491} INFO - 25/11/03 02:53:16 INFO BlockManagerMasterEndpoint: Using org.apache.spark.storage.DefaultTopologyMapper for getting topology information
[2025-11-03T02:53:16.571+0000] {spark_submit.py:491} INFO - 25/11/03 02:53:16 INFO BlockManagerMasterEndpoint: BlockManagerMasterEndpoint up
[2025-11-03T02:53:16.572+0000] {spark_submit.py:491} INFO - 25/11/03 02:53:16 INFO SparkEnv: Registering BlockManagerMasterHeartbeat
[2025-11-03T02:53:16.582+0000] {spark_submit.py:491} INFO - 25/11/03 02:53:16 INFO DiskBlockManager: Created local directory at /tmp/blockmgr-3a2fa570-bd3f-4f88-8b96-d9c61974586b
[2025-11-03T02:53:16.588+0000] {spark_submit.py:491} INFO - 25/11/03 02:53:16 INFO MemoryStore: MemoryStore started with capacity 434.4 MiB
[2025-11-03T02:53:16.595+0000] {spark_submit.py:491} INFO - 25/11/03 02:53:16 INFO SparkEnv: Registering OutputCommitCoordinator
[2025-11-03T02:53:16.650+0000] {spark_submit.py:491} INFO - 25/11/03 02:53:16 INFO JettyUtils: Start Jetty 0.0.0.0:4040 for SparkUI
[2025-11-03T02:53:16.671+0000] {spark_submit.py:491} INFO - 25/11/03 02:53:16 WARN Utils: Service 'SparkUI' could not bind on port 4040. Attempting port 4041.
[2025-11-03T02:53:16.674+0000] {spark_submit.py:491} INFO - 25/11/03 02:53:16 INFO Utils: Successfully started service 'SparkUI' on port 4041.
[2025-11-03T02:53:16.691+0000] {spark_submit.py:491} INFO - 25/11/03 02:53:16 INFO SparkContext: Added JAR file:///opt/***/jars/iceberg-spark-runtime-3.5_2.12-1.4.2.jar at spark://ec57452a9f33:39615/jars/iceberg-spark-runtime-3.5_2.12-1.4.2.jar with timestamp 1762138396381
[2025-11-03T02:53:16.691+0000] {spark_submit.py:491} INFO - 25/11/03 02:53:16 INFO SparkContext: Added JAR file:///opt/***/jars/aws-java-sdk-bundle-1.12.367.jar at spark://ec57452a9f33:39615/jars/aws-java-sdk-bundle-1.12.367.jar with timestamp 1762138396381
[2025-11-03T02:53:16.694+0000] {spark_submit.py:491} INFO - 25/11/03 02:53:16 INFO SparkContext: Added JAR file:///opt/***/jars/hadoop-aws-3.3.4.jar at spark://ec57452a9f33:39615/jars/hadoop-aws-3.3.4.jar with timestamp 1762138396381
[2025-11-03T02:53:16.715+0000] {spark_submit.py:491} INFO - 25/11/03 02:53:16 INFO Executor: Starting executor ID driver on host ec57452a9f33
[2025-11-03T02:53:16.715+0000] {spark_submit.py:491} INFO - 25/11/03 02:53:16 INFO Executor: OS info Linux, 6.10.14-linuxkit, aarch64
[2025-11-03T02:53:16.715+0000] {spark_submit.py:491} INFO - 25/11/03 02:53:16 INFO Executor: Java version 11.0.28
[2025-11-03T02:53:16.717+0000] {spark_submit.py:491} INFO - 25/11/03 02:53:16 INFO Executor: Starting executor with user classpath (userClassPathFirst = false): ''
[2025-11-03T02:53:16.717+0000] {spark_submit.py:491} INFO - 25/11/03 02:53:16 INFO Executor: Created or updated repl class loader org.apache.spark.util.MutableURLClassLoader@605c3fe4 for default.
[2025-11-03T02:53:16.721+0000] {spark_submit.py:491} INFO - 25/11/03 02:53:16 INFO Executor: Fetching spark://ec57452a9f33:39615/jars/iceberg-spark-runtime-3.5_2.12-1.4.2.jar with timestamp 1762138396381
[2025-11-03T02:53:16.747+0000] {spark_submit.py:491} INFO - 25/11/03 02:53:16 INFO TransportClientFactory: Successfully created connection to ec57452a9f33/172.18.0.4:39615 after 13 ms (0 ms spent in bootstraps)
[2025-11-03T02:53:16.750+0000] {spark_submit.py:491} INFO - 25/11/03 02:53:16 INFO Utils: Fetching spark://ec57452a9f33:39615/jars/iceberg-spark-runtime-3.5_2.12-1.4.2.jar to /tmp/spark-3a2d89d4-d901-4dcd-8b5e-82c494843d75/userFiles-5b6a90a0-d0b7-4f23-890b-778f4ab7b079/fetchFileTemp17593042593009953506.tmp
[2025-11-03T02:53:16.807+0000] {spark_submit.py:491} INFO - 25/11/03 02:53:16 INFO Executor: Adding file:/tmp/spark-3a2d89d4-d901-4dcd-8b5e-82c494843d75/userFiles-5b6a90a0-d0b7-4f23-890b-778f4ab7b079/iceberg-spark-runtime-3.5_2.12-1.4.2.jar to class loader default
[2025-11-03T02:53:16.807+0000] {spark_submit.py:491} INFO - 25/11/03 02:53:16 INFO Executor: Fetching spark://ec57452a9f33:39615/jars/aws-java-sdk-bundle-1.12.367.jar with timestamp 1762138396381
[2025-11-03T02:53:16.807+0000] {spark_submit.py:491} INFO - 25/11/03 02:53:16 INFO Utils: Fetching spark://ec57452a9f33:39615/jars/aws-java-sdk-bundle-1.12.367.jar to /tmp/spark-3a2d89d4-d901-4dcd-8b5e-82c494843d75/userFiles-5b6a90a0-d0b7-4f23-890b-778f4ab7b079/fetchFileTemp9662153093314454106.tmp
[2025-11-03T02:53:17.120+0000] {spark_submit.py:491} INFO - 25/11/03 02:53:17 INFO Executor: Adding file:/tmp/spark-3a2d89d4-d901-4dcd-8b5e-82c494843d75/userFiles-5b6a90a0-d0b7-4f23-890b-778f4ab7b079/aws-java-sdk-bundle-1.12.367.jar to class loader default
[2025-11-03T02:53:17.120+0000] {spark_submit.py:491} INFO - 25/11/03 02:53:17 INFO Executor: Fetching spark://ec57452a9f33:39615/jars/hadoop-aws-3.3.4.jar with timestamp 1762138396381
[2025-11-03T02:53:17.128+0000] {spark_submit.py:491} INFO - 25/11/03 02:53:17 INFO Utils: Fetching spark://ec57452a9f33:39615/jars/hadoop-aws-3.3.4.jar to /tmp/spark-3a2d89d4-d901-4dcd-8b5e-82c494843d75/userFiles-5b6a90a0-d0b7-4f23-890b-778f4ab7b079/fetchFileTemp15928714847640297280.tmp
[2025-11-03T02:53:17.136+0000] {spark_submit.py:491} INFO - 25/11/03 02:53:17 INFO Executor: Adding file:/tmp/spark-3a2d89d4-d901-4dcd-8b5e-82c494843d75/userFiles-5b6a90a0-d0b7-4f23-890b-778f4ab7b079/hadoop-aws-3.3.4.jar to class loader default
[2025-11-03T02:53:17.141+0000] {spark_submit.py:491} INFO - 25/11/03 02:53:17 INFO Utils: Successfully started service 'org.apache.spark.network.netty.NettyBlockTransferService' on port 42817.
[2025-11-03T02:53:17.141+0000] {spark_submit.py:491} INFO - 25/11/03 02:53:17 INFO NettyBlockTransferService: Server created on ec57452a9f33:42817
[2025-11-03T02:53:17.142+0000] {spark_submit.py:491} INFO - 25/11/03 02:53:17 INFO BlockManager: Using org.apache.spark.storage.RandomBlockReplicationPolicy for block replication policy
[2025-11-03T02:53:17.146+0000] {spark_submit.py:491} INFO - 25/11/03 02:53:17 INFO BlockManagerMaster: Registering BlockManager BlockManagerId(driver, ec57452a9f33, 42817, None)
[2025-11-03T02:53:17.147+0000] {spark_submit.py:491} INFO - 25/11/03 02:53:17 INFO BlockManagerMasterEndpoint: Registering block manager ec57452a9f33:42817 with 434.4 MiB RAM, BlockManagerId(driver, ec57452a9f33, 42817, None)
[2025-11-03T02:53:17.148+0000] {spark_submit.py:491} INFO - 25/11/03 02:53:17 INFO BlockManagerMaster: Registered BlockManager BlockManagerId(driver, ec57452a9f33, 42817, None)
[2025-11-03T02:53:17.149+0000] {spark_submit.py:491} INFO - 25/11/03 02:53:17 INFO BlockManager: Initialized BlockManager: BlockManagerId(driver, ec57452a9f33, 42817, None)
[2025-11-03T02:53:18.526+0000] {spark_submit.py:491} INFO - 25/11/03 02:53:18 WARN MetricsConfig: Cannot locate configuration: tried hadoop-metrics2-s3a-file-system.properties,hadoop-metrics2.properties
[2025-11-03T02:53:19.558+0000] {spark_submit.py:491} INFO - Created/verified trips table
[2025-11-03T02:53:19.558+0000] {spark_submit.py:491} INFO - Reading data from: /opt/***/data/raw/yellow_tripdata_2025-11.parquet
[2025-11-03T02:53:21.024+0000] {spark_submit.py:491} INFO - Raw data count: 3252717
[2025-11-03T02:53:21.025+0000] {spark_submit.py:491} INFO - root
[2025-11-03T02:53:21.025+0000] {spark_submit.py:491} INFO - |-- VendorID: long (nullable = true)
[2025-11-03T02:53:21.026+0000] {spark_submit.py:491} INFO - |-- tpep_pickup_datetime: timestamp_ntz (nullable = true)
[2025-11-03T02:53:21.026+0000] {spark_submit.py:491} INFO - |-- tpep_dropoff_datetime: timestamp_ntz (nullable = true)
[2025-11-03T02:53:21.026+0000] {spark_submit.py:491} INFO - |-- passenger_count: double (nullable = true)
[2025-11-03T02:53:21.026+0000] {spark_submit.py:491} INFO - |-- trip_distance: double (nullable = true)
[2025-11-03T02:53:21.026+0000] {spark_submit.py:491} INFO - |-- RatecodeID: double (nullable = true)
[2025-11-03T02:53:21.026+0000] {spark_submit.py:491} INFO - |-- store_and_fwd_flag: string (nullable = true)
[2025-11-03T02:53:21.026+0000] {spark_submit.py:491} INFO - |-- PULocationID: long (nullable = true)
[2025-11-03T02:53:21.027+0000] {spark_submit.py:491} INFO - |-- DOLocationID: long (nullable = true)
[2025-11-03T02:53:21.027+0000] {spark_submit.py:491} INFO - |-- payment_type: long (nullable = true)
[2025-11-03T02:53:21.027+0000] {spark_submit.py:491} INFO - |-- fare_amount: double (nullable = true)
[2025-11-03T02:53:21.027+0000] {spark_submit.py:491} INFO - |-- extra: double (nullable = true)
[2025-11-03T02:53:21.029+0000] {spark_submit.py:491} INFO - |-- mta_tax: double (nullable = true)
[2025-11-03T02:53:21.029+0000] {spark_submit.py:491} INFO - |-- tip_amount: double (nullable = true)
[2025-11-03T02:53:21.029+0000] {spark_submit.py:491} INFO - |-- tolls_amount: double (nullable = true)
[2025-11-03T02:53:21.029+0000] {spark_submit.py:491} INFO - |-- improvement_surcharge: double (nullable = true)
[2025-11-03T02:53:21.029+0000] {spark_submit.py:491} INFO - |-- total_amount: double (nullable = true)
[2025-11-03T02:53:21.030+0000] {spark_submit.py:491} INFO - |-- congestion_surcharge: double (nullable = true)
[2025-11-03T02:53:21.035+0000] {spark_submit.py:491} INFO - |-- airport_fee: double (nullable = true)
[2025-11-03T02:53:21.035+0000] {spark_submit.py:491} INFO - 
[2025-11-03T02:53:22.591+0000] {spark_submit.py:491} INFO - Processed data count: 3019653
[2025-11-03T02:53:30.681+0000] {spark_submit.py:491} INFO - Successfully wrote data to Iceberg table
[2025-11-03T02:53:32.053+0000] {spark_submit.py:491} INFO - +----+-----+----------+------------------+------------------+
[2025-11-03T02:53:32.054+0000] {spark_submit.py:491} INFO - |year|month|trip_count|      avg_distance|        avg_amount|
[2025-11-03T02:53:32.054+0000] {spark_submit.py:491} INFO - +----+-----+----------+------------------+------------------+
[2025-11-03T02:53:32.054+0000] {spark_submit.py:491} INFO - |2022|   12|        57|2.8629824561403505|20.792280701754382|
[2025-11-03T02:53:32.054+0000] {spark_submit.py:491} INFO - |2022|   11|   3019559|3.6727699773374036|21.917788524301486|
[2025-11-03T02:53:32.054+0000] {spark_submit.py:491} INFO - |2022|   10|        32|          5.545625| 26.39656249999999|
[2025-11-03T02:53:32.055+0000] {spark_submit.py:491} INFO - |2009|    1|         2|             2.955|             18.55|
[2025-11-03T02:53:32.055+0000] {spark_submit.py:491} INFO - |2008|   12|         2|             6.095|29.534999999999997|
[2025-11-03T02:53:32.056+0000] {spark_submit.py:491} INFO - |2002|   12|         1|              8.43|             47.31|
[2025-11-03T02:53:32.056+0000] {spark_submit.py:491} INFO - +----+-----+----------+------------------+------------------+
[2025-11-03T02:53:32.056+0000] {spark_submit.py:491} INFO - 
[2025-11-03T02:53:32.287+0000] {spark_submit.py:491} INFO - Created daily summary table
[2025-11-03T02:53:32.287+0000] {spark_submit.py:491} INFO - ETL job completed successfully!
[2025-11-03T02:53:32.945+0000] {taskinstance.py:1398} INFO - Marking task as SUCCESS. dag_id=nyc_taxi_iceberg_etl, task_id=spark_process_to_iceberg, execution_date=20251102T205259, start_date=20251103T025314, end_date=20251103T025332
[2025-11-03T02:53:32.988+0000] {local_task_job_runner.py:228} INFO - Task exited with return code 0
[2025-11-03T02:53:33.000+0000] {taskinstance.py:2776} INFO - 1 downstream tasks scheduled from follow-on schedule check
