[2025-10-26T07:37:44.639+0000] {processor.py:157} INFO - Started process (PID=250) to work on /opt/airflow/dags/nyc_taxi_iceberg_etl.py
[2025-10-26T07:37:44.640+0000] {processor.py:829} INFO - Processing file /opt/airflow/dags/nyc_taxi_iceberg_etl.py for tasks to queue
[2025-10-26T07:37:44.642+0000] {logging_mixin.py:151} INFO - [2025-10-26T07:37:44.641+0000] {dagbag.py:539} INFO - Filling up the DagBag from /opt/airflow/dags/nyc_taxi_iceberg_etl.py
[2025-10-26T07:37:44.764+0000] {processor.py:839} INFO - DAG(s) dict_keys(['nyc_taxi_iceberg_etl']) retrieved from /opt/airflow/dags/nyc_taxi_iceberg_etl.py
[2025-10-26T07:37:44.875+0000] {logging_mixin.py:151} INFO - [2025-10-26T07:37:44.875+0000] {security.py:708} INFO - Not syncing DAG-level permissions for DAG 'DAG:nyc_taxi_iceberg_etl' as access control is unset.
[2025-10-26T07:37:44.875+0000] {logging_mixin.py:151} INFO - [2025-10-26T07:37:44.875+0000] {dag.py:2915} INFO - Sync 1 DAGs
[2025-10-26T07:37:44.882+0000] {logging_mixin.py:151} INFO - [2025-10-26T07:37:44.882+0000] {dag.py:3696} INFO - Setting next_dagrun for nyc_taxi_iceberg_etl to 2025-10-26T01:37:44.882827+00:00, run_after=2025-10-26T07:37:44.882827+00:00
[2025-10-26T07:37:44.892+0000] {processor.py:179} INFO - Processing /opt/airflow/dags/nyc_taxi_iceberg_etl.py took 0.257 seconds
[2025-10-26T07:38:15.318+0000] {processor.py:157} INFO - Started process (PID=810) to work on /opt/airflow/dags/nyc_taxi_iceberg_etl.py
[2025-10-26T07:38:15.319+0000] {processor.py:829} INFO - Processing file /opt/airflow/dags/nyc_taxi_iceberg_etl.py for tasks to queue
[2025-10-26T07:38:15.321+0000] {logging_mixin.py:151} INFO - [2025-10-26T07:38:15.320+0000] {dagbag.py:539} INFO - Filling up the DagBag from /opt/airflow/dags/nyc_taxi_iceberg_etl.py
[2025-10-26T07:38:15.442+0000] {processor.py:839} INFO - DAG(s) dict_keys(['nyc_taxi_iceberg_etl']) retrieved from /opt/airflow/dags/nyc_taxi_iceberg_etl.py
[2025-10-26T07:38:15.456+0000] {logging_mixin.py:151} INFO - [2025-10-26T07:38:15.456+0000] {dag.py:2915} INFO - Sync 1 DAGs
[2025-10-26T07:38:15.465+0000] {logging_mixin.py:151} INFO - [2025-10-26T07:38:15.465+0000] {dag.py:3696} INFO - Setting next_dagrun for nyc_taxi_iceberg_etl to 2025-10-26T01:38:15.465562+00:00, run_after=2025-10-26T07:38:15.465562+00:00
[2025-10-26T07:38:15.471+0000] {processor.py:179} INFO - Processing /opt/airflow/dags/nyc_taxi_iceberg_etl.py took 0.155 seconds
[2025-10-26T07:38:45.811+0000] {processor.py:157} INFO - Started process (PID=854) to work on /opt/airflow/dags/nyc_taxi_iceberg_etl.py
[2025-10-26T07:38:45.813+0000] {processor.py:829} INFO - Processing file /opt/airflow/dags/nyc_taxi_iceberg_etl.py for tasks to queue
[2025-10-26T07:38:45.814+0000] {logging_mixin.py:151} INFO - [2025-10-26T07:38:45.814+0000] {dagbag.py:539} INFO - Filling up the DagBag from /opt/airflow/dags/nyc_taxi_iceberg_etl.py
[2025-10-26T07:38:45.919+0000] {processor.py:839} INFO - DAG(s) dict_keys(['nyc_taxi_iceberg_etl']) retrieved from /opt/airflow/dags/nyc_taxi_iceberg_etl.py
[2025-10-26T07:38:45.932+0000] {logging_mixin.py:151} INFO - [2025-10-26T07:38:45.932+0000] {dag.py:2915} INFO - Sync 1 DAGs
[2025-10-26T07:38:45.940+0000] {logging_mixin.py:151} INFO - [2025-10-26T07:38:45.940+0000] {dag.py:3696} INFO - Setting next_dagrun for nyc_taxi_iceberg_etl to 2025-10-26T01:38:45.940219+00:00, run_after=2025-10-26T07:38:45.940219+00:00
[2025-10-26T07:38:46.016+0000] {processor.py:179} INFO - Processing /opt/airflow/dags/nyc_taxi_iceberg_etl.py took 0.206 seconds
[2025-10-26T07:39:16.354+0000] {processor.py:157} INFO - Started process (PID=900) to work on /opt/airflow/dags/nyc_taxi_iceberg_etl.py
[2025-10-26T07:39:16.355+0000] {processor.py:829} INFO - Processing file /opt/airflow/dags/nyc_taxi_iceberg_etl.py for tasks to queue
[2025-10-26T07:39:16.357+0000] {logging_mixin.py:151} INFO - [2025-10-26T07:39:16.356+0000] {dagbag.py:539} INFO - Filling up the DagBag from /opt/airflow/dags/nyc_taxi_iceberg_etl.py
[2025-10-26T07:39:16.459+0000] {processor.py:839} INFO - DAG(s) dict_keys(['nyc_taxi_iceberg_etl']) retrieved from /opt/airflow/dags/nyc_taxi_iceberg_etl.py
[2025-10-26T07:39:16.471+0000] {logging_mixin.py:151} INFO - [2025-10-26T07:39:16.471+0000] {dag.py:2915} INFO - Sync 1 DAGs
[2025-10-26T07:39:16.478+0000] {logging_mixin.py:151} INFO - [2025-10-26T07:39:16.478+0000] {dag.py:3696} INFO - Setting next_dagrun for nyc_taxi_iceberg_etl to 2025-10-26T01:39:16.478642+00:00, run_after=2025-10-26T07:39:16.478642+00:00
[2025-10-26T07:39:16.484+0000] {processor.py:179} INFO - Processing /opt/airflow/dags/nyc_taxi_iceberg_etl.py took 0.131 seconds
[2025-10-26T07:39:46.850+0000] {processor.py:157} INFO - Started process (PID=945) to work on /opt/airflow/dags/nyc_taxi_iceberg_etl.py
[2025-10-26T07:39:46.851+0000] {processor.py:829} INFO - Processing file /opt/airflow/dags/nyc_taxi_iceberg_etl.py for tasks to queue
[2025-10-26T07:39:46.852+0000] {logging_mixin.py:151} INFO - [2025-10-26T07:39:46.851+0000] {dagbag.py:539} INFO - Filling up the DagBag from /opt/airflow/dags/nyc_taxi_iceberg_etl.py
[2025-10-26T07:39:46.955+0000] {processor.py:839} INFO - DAG(s) dict_keys(['nyc_taxi_iceberg_etl']) retrieved from /opt/airflow/dags/nyc_taxi_iceberg_etl.py
[2025-10-26T07:39:46.968+0000] {logging_mixin.py:151} INFO - [2025-10-26T07:39:46.968+0000] {dag.py:2915} INFO - Sync 1 DAGs
[2025-10-26T07:39:47.048+0000] {logging_mixin.py:151} INFO - [2025-10-26T07:39:47.048+0000] {dag.py:3696} INFO - Setting next_dagrun for nyc_taxi_iceberg_etl to 2025-10-26T01:39:47.048358+00:00, run_after=2025-10-26T07:39:47.048358+00:00
[2025-10-26T07:39:47.054+0000] {processor.py:179} INFO - Processing /opt/airflow/dags/nyc_taxi_iceberg_etl.py took 0.205 seconds
[2025-10-26T07:40:17.465+0000] {processor.py:157} INFO - Started process (PID=989) to work on /opt/airflow/dags/nyc_taxi_iceberg_etl.py
[2025-10-26T07:40:17.465+0000] {processor.py:829} INFO - Processing file /opt/airflow/dags/nyc_taxi_iceberg_etl.py for tasks to queue
[2025-10-26T07:40:17.466+0000] {logging_mixin.py:151} INFO - [2025-10-26T07:40:17.466+0000] {dagbag.py:539} INFO - Filling up the DagBag from /opt/airflow/dags/nyc_taxi_iceberg_etl.py
[2025-10-26T07:40:17.571+0000] {processor.py:839} INFO - DAG(s) dict_keys(['nyc_taxi_iceberg_etl']) retrieved from /opt/airflow/dags/nyc_taxi_iceberg_etl.py
[2025-10-26T07:40:17.584+0000] {logging_mixin.py:151} INFO - [2025-10-26T07:40:17.584+0000] {dag.py:2915} INFO - Sync 1 DAGs
[2025-10-26T07:40:17.592+0000] {logging_mixin.py:151} INFO - [2025-10-26T07:40:17.592+0000] {dag.py:3696} INFO - Setting next_dagrun for nyc_taxi_iceberg_etl to 2025-10-26T01:40:17.592179+00:00, run_after=2025-10-26T07:40:17.592179+00:00
[2025-10-26T07:40:17.597+0000] {processor.py:179} INFO - Processing /opt/airflow/dags/nyc_taxi_iceberg_etl.py took 0.134 seconds
[2025-10-26T07:40:48.001+0000] {processor.py:157} INFO - Started process (PID=1034) to work on /opt/airflow/dags/nyc_taxi_iceberg_etl.py
[2025-10-26T07:40:48.001+0000] {processor.py:829} INFO - Processing file /opt/airflow/dags/nyc_taxi_iceberg_etl.py for tasks to queue
[2025-10-26T07:40:48.002+0000] {logging_mixin.py:151} INFO - [2025-10-26T07:40:48.002+0000] {dagbag.py:539} INFO - Filling up the DagBag from /opt/airflow/dags/nyc_taxi_iceberg_etl.py
[2025-10-26T07:40:48.101+0000] {processor.py:839} INFO - DAG(s) dict_keys(['nyc_taxi_iceberg_etl']) retrieved from /opt/airflow/dags/nyc_taxi_iceberg_etl.py
[2025-10-26T07:40:48.121+0000] {logging_mixin.py:151} INFO - [2025-10-26T07:40:48.121+0000] {dag.py:2915} INFO - Sync 1 DAGs
[2025-10-26T07:40:48.210+0000] {logging_mixin.py:151} INFO - [2025-10-26T07:40:48.210+0000] {dag.py:3696} INFO - Setting next_dagrun for nyc_taxi_iceberg_etl to 2025-10-26T01:40:48.209988+00:00, run_after=2025-10-26T07:40:48.209988+00:00
[2025-10-26T07:40:48.215+0000] {processor.py:179} INFO - Processing /opt/airflow/dags/nyc_taxi_iceberg_etl.py took 0.216 seconds
[2025-10-26T07:41:18.573+0000] {processor.py:157} INFO - Started process (PID=1080) to work on /opt/airflow/dags/nyc_taxi_iceberg_etl.py
[2025-10-26T07:41:18.574+0000] {processor.py:829} INFO - Processing file /opt/airflow/dags/nyc_taxi_iceberg_etl.py for tasks to queue
[2025-10-26T07:41:18.574+0000] {logging_mixin.py:151} INFO - [2025-10-26T07:41:18.574+0000] {dagbag.py:539} INFO - Filling up the DagBag from /opt/airflow/dags/nyc_taxi_iceberg_etl.py
[2025-10-26T07:41:18.675+0000] {processor.py:839} INFO - DAG(s) dict_keys(['nyc_taxi_iceberg_etl']) retrieved from /opt/airflow/dags/nyc_taxi_iceberg_etl.py
[2025-10-26T07:41:18.687+0000] {logging_mixin.py:151} INFO - [2025-10-26T07:41:18.687+0000] {dag.py:2915} INFO - Sync 1 DAGs
[2025-10-26T07:41:18.695+0000] {logging_mixin.py:151} INFO - [2025-10-26T07:41:18.695+0000] {dag.py:3696} INFO - Setting next_dagrun for nyc_taxi_iceberg_etl to 2025-10-26T01:41:18.694985+00:00, run_after=2025-10-26T07:41:18.694985+00:00
[2025-10-26T07:41:18.700+0000] {processor.py:179} INFO - Processing /opt/airflow/dags/nyc_taxi_iceberg_etl.py took 0.128 seconds
[2025-10-26T07:41:49.134+0000] {processor.py:157} INFO - Started process (PID=1125) to work on /opt/airflow/dags/nyc_taxi_iceberg_etl.py
[2025-10-26T07:41:49.136+0000] {processor.py:829} INFO - Processing file /opt/airflow/dags/nyc_taxi_iceberg_etl.py for tasks to queue
[2025-10-26T07:41:49.137+0000] {logging_mixin.py:151} INFO - [2025-10-26T07:41:49.137+0000] {dagbag.py:539} INFO - Filling up the DagBag from /opt/airflow/dags/nyc_taxi_iceberg_etl.py
[2025-10-26T07:41:49.238+0000] {processor.py:839} INFO - DAG(s) dict_keys(['nyc_taxi_iceberg_etl']) retrieved from /opt/airflow/dags/nyc_taxi_iceberg_etl.py
[2025-10-26T07:41:49.250+0000] {logging_mixin.py:151} INFO - [2025-10-26T07:41:49.250+0000] {dag.py:2915} INFO - Sync 1 DAGs
[2025-10-26T07:41:49.324+0000] {logging_mixin.py:151} INFO - [2025-10-26T07:41:49.324+0000] {dag.py:3696} INFO - Setting next_dagrun for nyc_taxi_iceberg_etl to 2025-10-26T01:41:49.323940+00:00, run_after=2025-10-26T07:41:49.323940+00:00
[2025-10-26T07:41:49.329+0000] {processor.py:179} INFO - Processing /opt/airflow/dags/nyc_taxi_iceberg_etl.py took 0.197 seconds
[2025-10-26T07:42:19.708+0000] {processor.py:157} INFO - Started process (PID=1170) to work on /opt/airflow/dags/nyc_taxi_iceberg_etl.py
[2025-10-26T07:42:19.709+0000] {processor.py:829} INFO - Processing file /opt/airflow/dags/nyc_taxi_iceberg_etl.py for tasks to queue
[2025-10-26T07:42:19.711+0000] {logging_mixin.py:151} INFO - [2025-10-26T07:42:19.710+0000] {dagbag.py:539} INFO - Filling up the DagBag from /opt/airflow/dags/nyc_taxi_iceberg_etl.py
[2025-10-26T07:42:19.816+0000] {processor.py:839} INFO - DAG(s) dict_keys(['nyc_taxi_iceberg_etl']) retrieved from /opt/airflow/dags/nyc_taxi_iceberg_etl.py
[2025-10-26T07:42:19.829+0000] {logging_mixin.py:151} INFO - [2025-10-26T07:42:19.829+0000] {dag.py:2915} INFO - Sync 1 DAGs
[2025-10-26T07:42:19.838+0000] {logging_mixin.py:151} INFO - [2025-10-26T07:42:19.838+0000] {dag.py:3696} INFO - Setting next_dagrun for nyc_taxi_iceberg_etl to 2025-10-26T01:42:19.838183+00:00, run_after=2025-10-26T07:42:19.838183+00:00
[2025-10-26T07:42:19.915+0000] {processor.py:179} INFO - Processing /opt/airflow/dags/nyc_taxi_iceberg_etl.py took 0.208 seconds
[2025-10-26T07:42:50.313+0000] {processor.py:157} INFO - Started process (PID=1214) to work on /opt/airflow/dags/nyc_taxi_iceberg_etl.py
[2025-10-26T07:42:50.313+0000] {processor.py:829} INFO - Processing file /opt/airflow/dags/nyc_taxi_iceberg_etl.py for tasks to queue
[2025-10-26T07:42:50.314+0000] {logging_mixin.py:151} INFO - [2025-10-26T07:42:50.314+0000] {dagbag.py:539} INFO - Filling up the DagBag from /opt/airflow/dags/nyc_taxi_iceberg_etl.py
[2025-10-26T07:42:50.411+0000] {processor.py:839} INFO - DAG(s) dict_keys(['nyc_taxi_iceberg_etl']) retrieved from /opt/airflow/dags/nyc_taxi_iceberg_etl.py
[2025-10-26T07:42:50.486+0000] {logging_mixin.py:151} INFO - [2025-10-26T07:42:50.486+0000] {dag.py:2915} INFO - Sync 1 DAGs
[2025-10-26T07:42:50.493+0000] {logging_mixin.py:151} INFO - [2025-10-26T07:42:50.493+0000] {dag.py:3696} INFO - Setting next_dagrun for nyc_taxi_iceberg_etl to 2025-10-26T01:42:50.493494+00:00, run_after=2025-10-26T07:42:50.493494+00:00
[2025-10-26T07:42:50.498+0000] {processor.py:179} INFO - Processing /opt/airflow/dags/nyc_taxi_iceberg_etl.py took 0.187 seconds
[2025-10-26T07:43:20.938+0000] {processor.py:157} INFO - Started process (PID=1260) to work on /opt/airflow/dags/nyc_taxi_iceberg_etl.py
[2025-10-26T07:43:20.939+0000] {processor.py:829} INFO - Processing file /opt/airflow/dags/nyc_taxi_iceberg_etl.py for tasks to queue
[2025-10-26T07:43:20.940+0000] {logging_mixin.py:151} INFO - [2025-10-26T07:43:20.939+0000] {dagbag.py:539} INFO - Filling up the DagBag from /opt/airflow/dags/nyc_taxi_iceberg_etl.py
[2025-10-26T07:43:21.038+0000] {processor.py:839} INFO - DAG(s) dict_keys(['nyc_taxi_iceberg_etl']) retrieved from /opt/airflow/dags/nyc_taxi_iceberg_etl.py
[2025-10-26T07:43:21.053+0000] {logging_mixin.py:151} INFO - [2025-10-26T07:43:21.053+0000] {dag.py:2915} INFO - Sync 1 DAGs
[2025-10-26T07:43:21.125+0000] {logging_mixin.py:151} INFO - [2025-10-26T07:43:21.125+0000] {dag.py:3696} INFO - Setting next_dagrun for nyc_taxi_iceberg_etl to 2025-10-26T01:43:21.125286+00:00, run_after=2025-10-26T07:43:21.125286+00:00
[2025-10-26T07:43:21.131+0000] {processor.py:179} INFO - Processing /opt/airflow/dags/nyc_taxi_iceberg_etl.py took 0.194 seconds
[2025-10-26T07:43:51.521+0000] {processor.py:157} INFO - Started process (PID=1305) to work on /opt/airflow/dags/nyc_taxi_iceberg_etl.py
[2025-10-26T07:43:51.521+0000] {processor.py:829} INFO - Processing file /opt/airflow/dags/nyc_taxi_iceberg_etl.py for tasks to queue
[2025-10-26T07:43:51.522+0000] {logging_mixin.py:151} INFO - [2025-10-26T07:43:51.522+0000] {dagbag.py:539} INFO - Filling up the DagBag from /opt/airflow/dags/nyc_taxi_iceberg_etl.py
[2025-10-26T07:43:51.683+0000] {processor.py:839} INFO - DAG(s) dict_keys(['nyc_taxi_iceberg_etl']) retrieved from /opt/airflow/dags/nyc_taxi_iceberg_etl.py
[2025-10-26T07:43:51.691+0000] {logging_mixin.py:151} INFO - [2025-10-26T07:43:51.691+0000] {dag.py:2915} INFO - Sync 1 DAGs
[2025-10-26T07:43:51.698+0000] {logging_mixin.py:151} INFO - [2025-10-26T07:43:51.698+0000] {dag.py:3696} INFO - Setting next_dagrun for nyc_taxi_iceberg_etl to 2025-10-26T01:43:51.698425+00:00, run_after=2025-10-26T07:43:51.698425+00:00
[2025-10-26T07:43:51.703+0000] {processor.py:179} INFO - Processing /opt/airflow/dags/nyc_taxi_iceberg_etl.py took 0.184 seconds
[2025-10-26T07:44:22.128+0000] {processor.py:157} INFO - Started process (PID=1350) to work on /opt/airflow/dags/nyc_taxi_iceberg_etl.py
[2025-10-26T07:44:22.129+0000] {processor.py:829} INFO - Processing file /opt/airflow/dags/nyc_taxi_iceberg_etl.py for tasks to queue
[2025-10-26T07:44:22.130+0000] {logging_mixin.py:151} INFO - [2025-10-26T07:44:22.130+0000] {dagbag.py:539} INFO - Filling up the DagBag from /opt/airflow/dags/nyc_taxi_iceberg_etl.py
[2025-10-26T07:44:22.226+0000] {processor.py:839} INFO - DAG(s) dict_keys(['nyc_taxi_iceberg_etl']) retrieved from /opt/airflow/dags/nyc_taxi_iceberg_etl.py
[2025-10-26T07:44:22.238+0000] {logging_mixin.py:151} INFO - [2025-10-26T07:44:22.238+0000] {dag.py:2915} INFO - Sync 1 DAGs
[2025-10-26T07:44:22.308+0000] {logging_mixin.py:151} INFO - [2025-10-26T07:44:22.308+0000] {dag.py:3696} INFO - Setting next_dagrun for nyc_taxi_iceberg_etl to 2025-10-26T01:44:22.308514+00:00, run_after=2025-10-26T07:44:22.308514+00:00
[2025-10-26T07:44:22.314+0000] {processor.py:179} INFO - Processing /opt/airflow/dags/nyc_taxi_iceberg_etl.py took 0.187 seconds
[2025-10-26T07:44:52.744+0000] {processor.py:157} INFO - Started process (PID=1395) to work on /opt/airflow/dags/nyc_taxi_iceberg_etl.py
[2025-10-26T07:44:52.745+0000] {processor.py:829} INFO - Processing file /opt/airflow/dags/nyc_taxi_iceberg_etl.py for tasks to queue
[2025-10-26T07:44:52.747+0000] {logging_mixin.py:151} INFO - [2025-10-26T07:44:52.746+0000] {dagbag.py:539} INFO - Filling up the DagBag from /opt/airflow/dags/nyc_taxi_iceberg_etl.py
[2025-10-26T07:44:52.907+0000] {processor.py:839} INFO - DAG(s) dict_keys(['nyc_taxi_iceberg_etl']) retrieved from /opt/airflow/dags/nyc_taxi_iceberg_etl.py
[2025-10-26T07:44:52.919+0000] {logging_mixin.py:151} INFO - [2025-10-26T07:44:52.919+0000] {dag.py:2915} INFO - Sync 1 DAGs
[2025-10-26T07:44:52.926+0000] {logging_mixin.py:151} INFO - [2025-10-26T07:44:52.926+0000] {dag.py:3696} INFO - Setting next_dagrun for nyc_taxi_iceberg_etl to 2025-10-26T01:44:52.926128+00:00, run_after=2025-10-26T07:44:52.926128+00:00
[2025-10-26T07:44:52.931+0000] {processor.py:179} INFO - Processing /opt/airflow/dags/nyc_taxi_iceberg_etl.py took 0.189 seconds
[2025-10-26T07:45:23.333+0000] {processor.py:157} INFO - Started process (PID=1440) to work on /opt/airflow/dags/nyc_taxi_iceberg_etl.py
[2025-10-26T07:45:23.333+0000] {processor.py:829} INFO - Processing file /opt/airflow/dags/nyc_taxi_iceberg_etl.py for tasks to queue
[2025-10-26T07:45:23.334+0000] {logging_mixin.py:151} INFO - [2025-10-26T07:45:23.334+0000] {dagbag.py:539} INFO - Filling up the DagBag from /opt/airflow/dags/nyc_taxi_iceberg_etl.py
[2025-10-26T07:45:23.509+0000] {processor.py:839} INFO - DAG(s) dict_keys(['nyc_taxi_iceberg_etl']) retrieved from /opt/airflow/dags/nyc_taxi_iceberg_etl.py
[2025-10-26T07:45:23.521+0000] {logging_mixin.py:151} INFO - [2025-10-26T07:45:23.521+0000] {dag.py:2915} INFO - Sync 1 DAGs
[2025-10-26T07:45:23.528+0000] {logging_mixin.py:151} INFO - [2025-10-26T07:45:23.528+0000] {dag.py:3696} INFO - Setting next_dagrun for nyc_taxi_iceberg_etl to 2025-10-26T01:45:23.528055+00:00, run_after=2025-10-26T07:45:23.528055+00:00
[2025-10-26T07:45:23.534+0000] {processor.py:179} INFO - Processing /opt/airflow/dags/nyc_taxi_iceberg_etl.py took 0.203 seconds
[2025-10-26T07:45:53.974+0000] {processor.py:157} INFO - Started process (PID=1492) to work on /opt/airflow/dags/nyc_taxi_iceberg_etl.py
[2025-10-26T07:45:53.975+0000] {processor.py:829} INFO - Processing file /opt/airflow/dags/nyc_taxi_iceberg_etl.py for tasks to queue
[2025-10-26T07:45:53.976+0000] {logging_mixin.py:151} INFO - [2025-10-26T07:45:53.976+0000] {dagbag.py:539} INFO - Filling up the DagBag from /opt/airflow/dags/nyc_taxi_iceberg_etl.py
[2025-10-26T07:45:54.141+0000] {processor.py:839} INFO - DAG(s) dict_keys(['nyc_taxi_iceberg_etl']) retrieved from /opt/airflow/dags/nyc_taxi_iceberg_etl.py
[2025-10-26T07:45:54.150+0000] {logging_mixin.py:151} INFO - [2025-10-26T07:45:54.150+0000] {dag.py:2915} INFO - Sync 1 DAGs
[2025-10-26T07:45:54.157+0000] {logging_mixin.py:151} INFO - [2025-10-26T07:45:54.157+0000] {dag.py:3696} INFO - Setting next_dagrun for nyc_taxi_iceberg_etl to 2025-10-26T01:45:54.157013+00:00, run_after=2025-10-26T07:45:54.157013+00:00
[2025-10-26T07:45:54.162+0000] {processor.py:179} INFO - Processing /opt/airflow/dags/nyc_taxi_iceberg_etl.py took 0.189 seconds
[2025-10-26T07:46:24.599+0000] {processor.py:157} INFO - Started process (PID=1537) to work on /opt/airflow/dags/nyc_taxi_iceberg_etl.py
[2025-10-26T07:46:24.599+0000] {processor.py:829} INFO - Processing file /opt/airflow/dags/nyc_taxi_iceberg_etl.py for tasks to queue
[2025-10-26T07:46:24.600+0000] {logging_mixin.py:151} INFO - [2025-10-26T07:46:24.600+0000] {dagbag.py:539} INFO - Filling up the DagBag from /opt/airflow/dags/nyc_taxi_iceberg_etl.py
[2025-10-26T07:46:24.771+0000] {processor.py:839} INFO - DAG(s) dict_keys(['nyc_taxi_iceberg_etl']) retrieved from /opt/airflow/dags/nyc_taxi_iceberg_etl.py
[2025-10-26T07:46:24.780+0000] {logging_mixin.py:151} INFO - [2025-10-26T07:46:24.780+0000] {dag.py:2915} INFO - Sync 1 DAGs
[2025-10-26T07:46:24.786+0000] {logging_mixin.py:151} INFO - [2025-10-26T07:46:24.786+0000] {dag.py:3696} INFO - Setting next_dagrun for nyc_taxi_iceberg_etl to 2025-10-26T01:46:24.786751+00:00, run_after=2025-10-26T07:46:24.786751+00:00
[2025-10-26T07:46:24.792+0000] {processor.py:179} INFO - Processing /opt/airflow/dags/nyc_taxi_iceberg_etl.py took 0.194 seconds
[2025-10-26T07:46:55.241+0000] {processor.py:157} INFO - Started process (PID=1582) to work on /opt/airflow/dags/nyc_taxi_iceberg_etl.py
[2025-10-26T07:46:55.242+0000] {processor.py:829} INFO - Processing file /opt/airflow/dags/nyc_taxi_iceberg_etl.py for tasks to queue
[2025-10-26T07:46:55.243+0000] {logging_mixin.py:151} INFO - [2025-10-26T07:46:55.243+0000] {dagbag.py:539} INFO - Filling up the DagBag from /opt/airflow/dags/nyc_taxi_iceberg_etl.py
[2025-10-26T07:46:55.424+0000] {processor.py:839} INFO - DAG(s) dict_keys(['nyc_taxi_iceberg_etl']) retrieved from /opt/airflow/dags/nyc_taxi_iceberg_etl.py
[2025-10-26T07:46:55.433+0000] {logging_mixin.py:151} INFO - [2025-10-26T07:46:55.433+0000] {dag.py:2915} INFO - Sync 1 DAGs
[2025-10-26T07:46:55.440+0000] {logging_mixin.py:151} INFO - [2025-10-26T07:46:55.440+0000] {dag.py:3696} INFO - Setting next_dagrun for nyc_taxi_iceberg_etl to 2025-10-26T01:46:55.440213+00:00, run_after=2025-10-26T07:46:55.440213+00:00
[2025-10-26T07:46:55.445+0000] {processor.py:179} INFO - Processing /opt/airflow/dags/nyc_taxi_iceberg_etl.py took 0.205 seconds
[2025-10-26T07:47:25.871+0000] {processor.py:157} INFO - Started process (PID=1627) to work on /opt/airflow/dags/nyc_taxi_iceberg_etl.py
[2025-10-26T07:47:25.872+0000] {processor.py:829} INFO - Processing file /opt/airflow/dags/nyc_taxi_iceberg_etl.py for tasks to queue
[2025-10-26T07:47:25.873+0000] {logging_mixin.py:151} INFO - [2025-10-26T07:47:25.873+0000] {dagbag.py:539} INFO - Filling up the DagBag from /opt/airflow/dags/nyc_taxi_iceberg_etl.py
[2025-10-26T07:47:26.039+0000] {processor.py:839} INFO - DAG(s) dict_keys(['nyc_taxi_iceberg_etl']) retrieved from /opt/airflow/dags/nyc_taxi_iceberg_etl.py
[2025-10-26T07:47:26.050+0000] {logging_mixin.py:151} INFO - [2025-10-26T07:47:26.050+0000] {dag.py:2915} INFO - Sync 1 DAGs
[2025-10-26T07:47:26.056+0000] {logging_mixin.py:151} INFO - [2025-10-26T07:47:26.056+0000] {dag.py:3696} INFO - Setting next_dagrun for nyc_taxi_iceberg_etl to 2025-10-26T01:47:26.056596+00:00, run_after=2025-10-26T07:47:26.056596+00:00
[2025-10-26T07:47:26.062+0000] {processor.py:179} INFO - Processing /opt/airflow/dags/nyc_taxi_iceberg_etl.py took 0.192 seconds
[2025-10-26T07:47:56.450+0000] {processor.py:157} INFO - Started process (PID=1672) to work on /opt/airflow/dags/nyc_taxi_iceberg_etl.py
[2025-10-26T07:47:56.450+0000] {processor.py:829} INFO - Processing file /opt/airflow/dags/nyc_taxi_iceberg_etl.py for tasks to queue
[2025-10-26T07:47:56.451+0000] {logging_mixin.py:151} INFO - [2025-10-26T07:47:56.451+0000] {dagbag.py:539} INFO - Filling up the DagBag from /opt/airflow/dags/nyc_taxi_iceberg_etl.py
[2025-10-26T07:47:56.619+0000] {processor.py:839} INFO - DAG(s) dict_keys(['nyc_taxi_iceberg_etl']) retrieved from /opt/airflow/dags/nyc_taxi_iceberg_etl.py
[2025-10-26T07:47:56.629+0000] {logging_mixin.py:151} INFO - [2025-10-26T07:47:56.629+0000] {dag.py:2915} INFO - Sync 1 DAGs
[2025-10-26T07:47:56.636+0000] {logging_mixin.py:151} INFO - [2025-10-26T07:47:56.636+0000] {dag.py:3696} INFO - Setting next_dagrun for nyc_taxi_iceberg_etl to 2025-10-26T01:47:56.636308+00:00, run_after=2025-10-26T07:47:56.636308+00:00
[2025-10-26T07:47:56.641+0000] {processor.py:179} INFO - Processing /opt/airflow/dags/nyc_taxi_iceberg_etl.py took 0.193 seconds
[2025-10-26T07:48:27.054+0000] {processor.py:157} INFO - Started process (PID=1717) to work on /opt/airflow/dags/nyc_taxi_iceberg_etl.py
[2025-10-26T07:48:27.054+0000] {processor.py:829} INFO - Processing file /opt/airflow/dags/nyc_taxi_iceberg_etl.py for tasks to queue
[2025-10-26T07:48:27.055+0000] {logging_mixin.py:151} INFO - [2025-10-26T07:48:27.055+0000] {dagbag.py:539} INFO - Filling up the DagBag from /opt/airflow/dags/nyc_taxi_iceberg_etl.py
[2025-10-26T07:48:27.227+0000] {processor.py:839} INFO - DAG(s) dict_keys(['nyc_taxi_iceberg_etl']) retrieved from /opt/airflow/dags/nyc_taxi_iceberg_etl.py
[2025-10-26T07:48:27.236+0000] {logging_mixin.py:151} INFO - [2025-10-26T07:48:27.236+0000] {dag.py:2915} INFO - Sync 1 DAGs
[2025-10-26T07:48:27.244+0000] {logging_mixin.py:151} INFO - [2025-10-26T07:48:27.243+0000] {dag.py:3696} INFO - Setting next_dagrun for nyc_taxi_iceberg_etl to 2025-10-26T01:48:27.243874+00:00, run_after=2025-10-26T07:48:27.243874+00:00
[2025-10-26T07:48:27.250+0000] {processor.py:179} INFO - Processing /opt/airflow/dags/nyc_taxi_iceberg_etl.py took 0.198 seconds
[2025-10-26T07:48:57.660+0000] {processor.py:157} INFO - Started process (PID=1762) to work on /opt/airflow/dags/nyc_taxi_iceberg_etl.py
[2025-10-26T07:48:57.660+0000] {processor.py:829} INFO - Processing file /opt/airflow/dags/nyc_taxi_iceberg_etl.py for tasks to queue
[2025-10-26T07:48:57.661+0000] {logging_mixin.py:151} INFO - [2025-10-26T07:48:57.661+0000] {dagbag.py:539} INFO - Filling up the DagBag from /opt/airflow/dags/nyc_taxi_iceberg_etl.py
[2025-10-26T07:48:57.831+0000] {processor.py:839} INFO - DAG(s) dict_keys(['nyc_taxi_iceberg_etl']) retrieved from /opt/airflow/dags/nyc_taxi_iceberg_etl.py
[2025-10-26T07:48:57.842+0000] {logging_mixin.py:151} INFO - [2025-10-26T07:48:57.841+0000] {dag.py:2915} INFO - Sync 1 DAGs
[2025-10-26T07:48:57.848+0000] {logging_mixin.py:151} INFO - [2025-10-26T07:48:57.848+0000] {dag.py:3696} INFO - Setting next_dagrun for nyc_taxi_iceberg_etl to 2025-10-26T01:48:57.848451+00:00, run_after=2025-10-26T07:48:57.848451+00:00
[2025-10-26T07:48:57.854+0000] {processor.py:179} INFO - Processing /opt/airflow/dags/nyc_taxi_iceberg_etl.py took 0.195 seconds
[2025-10-26T07:49:28.276+0000] {processor.py:157} INFO - Started process (PID=1807) to work on /opt/airflow/dags/nyc_taxi_iceberg_etl.py
[2025-10-26T07:49:28.277+0000] {processor.py:829} INFO - Processing file /opt/airflow/dags/nyc_taxi_iceberg_etl.py for tasks to queue
[2025-10-26T07:49:28.278+0000] {logging_mixin.py:151} INFO - [2025-10-26T07:49:28.277+0000] {dagbag.py:539} INFO - Filling up the DagBag from /opt/airflow/dags/nyc_taxi_iceberg_etl.py
[2025-10-26T07:49:28.443+0000] {processor.py:839} INFO - DAG(s) dict_keys(['nyc_taxi_iceberg_etl']) retrieved from /opt/airflow/dags/nyc_taxi_iceberg_etl.py
[2025-10-26T07:49:28.452+0000] {logging_mixin.py:151} INFO - [2025-10-26T07:49:28.452+0000] {dag.py:2915} INFO - Sync 1 DAGs
[2025-10-26T07:49:28.458+0000] {logging_mixin.py:151} INFO - [2025-10-26T07:49:28.458+0000] {dag.py:3696} INFO - Setting next_dagrun for nyc_taxi_iceberg_etl to 2025-10-26T01:49:28.458831+00:00, run_after=2025-10-26T07:49:28.458831+00:00
[2025-10-26T07:49:28.464+0000] {processor.py:179} INFO - Processing /opt/airflow/dags/nyc_taxi_iceberg_etl.py took 0.189 seconds
[2025-10-26T07:49:58.870+0000] {processor.py:157} INFO - Started process (PID=1852) to work on /opt/airflow/dags/nyc_taxi_iceberg_etl.py
[2025-10-26T07:49:58.871+0000] {processor.py:829} INFO - Processing file /opt/airflow/dags/nyc_taxi_iceberg_etl.py for tasks to queue
[2025-10-26T07:49:58.872+0000] {logging_mixin.py:151} INFO - [2025-10-26T07:49:58.872+0000] {dagbag.py:539} INFO - Filling up the DagBag from /opt/airflow/dags/nyc_taxi_iceberg_etl.py
[2025-10-26T07:49:59.033+0000] {processor.py:839} INFO - DAG(s) dict_keys(['nyc_taxi_iceberg_etl']) retrieved from /opt/airflow/dags/nyc_taxi_iceberg_etl.py
[2025-10-26T07:49:59.041+0000] {logging_mixin.py:151} INFO - [2025-10-26T07:49:59.041+0000] {dag.py:2915} INFO - Sync 1 DAGs
[2025-10-26T07:49:59.047+0000] {logging_mixin.py:151} INFO - [2025-10-26T07:49:59.047+0000] {dag.py:3696} INFO - Setting next_dagrun for nyc_taxi_iceberg_etl to 2025-10-26T01:49:59.047787+00:00, run_after=2025-10-26T07:49:59.047787+00:00
[2025-10-26T07:49:59.053+0000] {processor.py:179} INFO - Processing /opt/airflow/dags/nyc_taxi_iceberg_etl.py took 0.184 seconds
[2025-10-26T07:50:29.485+0000] {processor.py:157} INFO - Started process (PID=1897) to work on /opt/airflow/dags/nyc_taxi_iceberg_etl.py
[2025-10-26T07:50:29.485+0000] {processor.py:829} INFO - Processing file /opt/airflow/dags/nyc_taxi_iceberg_etl.py for tasks to queue
[2025-10-26T07:50:29.486+0000] {logging_mixin.py:151} INFO - [2025-10-26T07:50:29.486+0000] {dagbag.py:539} INFO - Filling up the DagBag from /opt/airflow/dags/nyc_taxi_iceberg_etl.py
[2025-10-26T07:50:29.647+0000] {processor.py:839} INFO - DAG(s) dict_keys(['nyc_taxi_iceberg_etl']) retrieved from /opt/airflow/dags/nyc_taxi_iceberg_etl.py
[2025-10-26T07:50:29.656+0000] {logging_mixin.py:151} INFO - [2025-10-26T07:50:29.656+0000] {dag.py:2915} INFO - Sync 1 DAGs
[2025-10-26T07:50:29.663+0000] {logging_mixin.py:151} INFO - [2025-10-26T07:50:29.663+0000] {dag.py:3696} INFO - Setting next_dagrun for nyc_taxi_iceberg_etl to 2025-10-26T01:50:29.663599+00:00, run_after=2025-10-26T07:50:29.663599+00:00
[2025-10-26T07:50:29.668+0000] {processor.py:179} INFO - Processing /opt/airflow/dags/nyc_taxi_iceberg_etl.py took 0.185 seconds
[2025-10-26T07:51:00.119+0000] {processor.py:157} INFO - Started process (PID=1942) to work on /opt/airflow/dags/nyc_taxi_iceberg_etl.py
[2025-10-26T07:51:00.119+0000] {processor.py:829} INFO - Processing file /opt/airflow/dags/nyc_taxi_iceberg_etl.py for tasks to queue
[2025-10-26T07:51:00.120+0000] {logging_mixin.py:151} INFO - [2025-10-26T07:51:00.120+0000] {dagbag.py:539} INFO - Filling up the DagBag from /opt/airflow/dags/nyc_taxi_iceberg_etl.py
[2025-10-26T07:51:00.293+0000] {processor.py:839} INFO - DAG(s) dict_keys(['nyc_taxi_iceberg_etl']) retrieved from /opt/airflow/dags/nyc_taxi_iceberg_etl.py
[2025-10-26T07:51:00.303+0000] {logging_mixin.py:151} INFO - [2025-10-26T07:51:00.303+0000] {dag.py:2915} INFO - Sync 1 DAGs
[2025-10-26T07:51:00.309+0000] {logging_mixin.py:151} INFO - [2025-10-26T07:51:00.309+0000] {dag.py:3696} INFO - Setting next_dagrun for nyc_taxi_iceberg_etl to 2025-10-26T01:51:00.309534+00:00, run_after=2025-10-26T07:51:00.309534+00:00
[2025-10-26T07:51:00.315+0000] {processor.py:179} INFO - Processing /opt/airflow/dags/nyc_taxi_iceberg_etl.py took 0.197 seconds
[2025-10-26T07:51:30.719+0000] {processor.py:157} INFO - Started process (PID=1986) to work on /opt/airflow/dags/nyc_taxi_iceberg_etl.py
[2025-10-26T07:51:30.719+0000] {processor.py:829} INFO - Processing file /opt/airflow/dags/nyc_taxi_iceberg_etl.py for tasks to queue
[2025-10-26T07:51:30.720+0000] {logging_mixin.py:151} INFO - [2025-10-26T07:51:30.720+0000] {dagbag.py:539} INFO - Filling up the DagBag from /opt/airflow/dags/nyc_taxi_iceberg_etl.py
[2025-10-26T07:51:30.881+0000] {processor.py:839} INFO - DAG(s) dict_keys(['nyc_taxi_iceberg_etl']) retrieved from /opt/airflow/dags/nyc_taxi_iceberg_etl.py
[2025-10-26T07:51:30.890+0000] {logging_mixin.py:151} INFO - [2025-10-26T07:51:30.890+0000] {dag.py:2915} INFO - Sync 1 DAGs
[2025-10-26T07:51:30.896+0000] {logging_mixin.py:151} INFO - [2025-10-26T07:51:30.896+0000] {dag.py:3696} INFO - Setting next_dagrun for nyc_taxi_iceberg_etl to 2025-10-26T01:51:30.896027+00:00, run_after=2025-10-26T07:51:30.896027+00:00
[2025-10-26T07:51:30.901+0000] {processor.py:179} INFO - Processing /opt/airflow/dags/nyc_taxi_iceberg_etl.py took 0.184 seconds
[2025-10-26T07:52:01.332+0000] {processor.py:157} INFO - Started process (PID=2031) to work on /opt/airflow/dags/nyc_taxi_iceberg_etl.py
[2025-10-26T07:52:01.332+0000] {processor.py:829} INFO - Processing file /opt/airflow/dags/nyc_taxi_iceberg_etl.py for tasks to queue
[2025-10-26T07:52:01.333+0000] {logging_mixin.py:151} INFO - [2025-10-26T07:52:01.333+0000] {dagbag.py:539} INFO - Filling up the DagBag from /opt/airflow/dags/nyc_taxi_iceberg_etl.py
[2025-10-26T07:52:01.501+0000] {processor.py:839} INFO - DAG(s) dict_keys(['nyc_taxi_iceberg_etl']) retrieved from /opt/airflow/dags/nyc_taxi_iceberg_etl.py
[2025-10-26T07:52:01.510+0000] {logging_mixin.py:151} INFO - [2025-10-26T07:52:01.510+0000] {dag.py:2915} INFO - Sync 1 DAGs
[2025-10-26T07:52:01.517+0000] {logging_mixin.py:151} INFO - [2025-10-26T07:52:01.517+0000] {dag.py:3696} INFO - Setting next_dagrun for nyc_taxi_iceberg_etl to 2025-10-26T01:52:01.517250+00:00, run_after=2025-10-26T07:52:01.517250+00:00
[2025-10-26T07:52:01.522+0000] {processor.py:179} INFO - Processing /opt/airflow/dags/nyc_taxi_iceberg_etl.py took 0.191 seconds
[2025-10-26T07:52:31.931+0000] {processor.py:157} INFO - Started process (PID=2076) to work on /opt/airflow/dags/nyc_taxi_iceberg_etl.py
[2025-10-26T07:52:31.931+0000] {processor.py:829} INFO - Processing file /opt/airflow/dags/nyc_taxi_iceberg_etl.py for tasks to queue
[2025-10-26T07:52:31.932+0000] {logging_mixin.py:151} INFO - [2025-10-26T07:52:31.932+0000] {dagbag.py:539} INFO - Filling up the DagBag from /opt/airflow/dags/nyc_taxi_iceberg_etl.py
[2025-10-26T07:52:32.093+0000] {processor.py:839} INFO - DAG(s) dict_keys(['nyc_taxi_iceberg_etl']) retrieved from /opt/airflow/dags/nyc_taxi_iceberg_etl.py
[2025-10-26T07:52:32.103+0000] {logging_mixin.py:151} INFO - [2025-10-26T07:52:32.103+0000] {dag.py:2915} INFO - Sync 1 DAGs
[2025-10-26T07:52:32.109+0000] {logging_mixin.py:151} INFO - [2025-10-26T07:52:32.109+0000] {dag.py:3696} INFO - Setting next_dagrun for nyc_taxi_iceberg_etl to 2025-10-26T01:52:32.109546+00:00, run_after=2025-10-26T07:52:32.109546+00:00
[2025-10-26T07:52:32.115+0000] {processor.py:179} INFO - Processing /opt/airflow/dags/nyc_taxi_iceberg_etl.py took 0.186 seconds
[2025-10-26T07:53:02.552+0000] {processor.py:157} INFO - Started process (PID=2120) to work on /opt/airflow/dags/nyc_taxi_iceberg_etl.py
[2025-10-26T07:53:02.552+0000] {processor.py:829} INFO - Processing file /opt/airflow/dags/nyc_taxi_iceberg_etl.py for tasks to queue
[2025-10-26T07:53:02.553+0000] {logging_mixin.py:151} INFO - [2025-10-26T07:53:02.553+0000] {dagbag.py:539} INFO - Filling up the DagBag from /opt/airflow/dags/nyc_taxi_iceberg_etl.py
[2025-10-26T07:53:02.719+0000] {processor.py:839} INFO - DAG(s) dict_keys(['nyc_taxi_iceberg_etl']) retrieved from /opt/airflow/dags/nyc_taxi_iceberg_etl.py
[2025-10-26T07:53:02.732+0000] {logging_mixin.py:151} INFO - [2025-10-26T07:53:02.732+0000] {dag.py:2915} INFO - Sync 1 DAGs
[2025-10-26T07:53:02.741+0000] {logging_mixin.py:151} INFO - [2025-10-26T07:53:02.741+0000] {dag.py:3696} INFO - Setting next_dagrun for nyc_taxi_iceberg_etl to 2025-10-26T01:53:02.741655+00:00, run_after=2025-10-26T07:53:02.741655+00:00
[2025-10-26T07:53:02.752+0000] {processor.py:179} INFO - Processing /opt/airflow/dags/nyc_taxi_iceberg_etl.py took 0.202 seconds
[2025-10-26T07:53:33.154+0000] {processor.py:157} INFO - Started process (PID=2165) to work on /opt/airflow/dags/nyc_taxi_iceberg_etl.py
[2025-10-26T07:53:33.155+0000] {processor.py:829} INFO - Processing file /opt/airflow/dags/nyc_taxi_iceberg_etl.py for tasks to queue
[2025-10-26T07:53:33.155+0000] {logging_mixin.py:151} INFO - [2025-10-26T07:53:33.155+0000] {dagbag.py:539} INFO - Filling up the DagBag from /opt/airflow/dags/nyc_taxi_iceberg_etl.py
[2025-10-26T07:53:33.314+0000] {processor.py:839} INFO - DAG(s) dict_keys(['nyc_taxi_iceberg_etl']) retrieved from /opt/airflow/dags/nyc_taxi_iceberg_etl.py
[2025-10-26T07:53:33.325+0000] {logging_mixin.py:151} INFO - [2025-10-26T07:53:33.325+0000] {dag.py:2915} INFO - Sync 1 DAGs
[2025-10-26T07:53:33.332+0000] {logging_mixin.py:151} INFO - [2025-10-26T07:53:33.332+0000] {dag.py:3696} INFO - Setting next_dagrun for nyc_taxi_iceberg_etl to 2025-10-26T01:53:33.331976+00:00, run_after=2025-10-26T07:53:33.331976+00:00
[2025-10-26T07:53:33.337+0000] {processor.py:179} INFO - Processing /opt/airflow/dags/nyc_taxi_iceberg_etl.py took 0.184 seconds
[2025-10-26T07:54:03.818+0000] {processor.py:157} INFO - Started process (PID=2210) to work on /opt/airflow/dags/nyc_taxi_iceberg_etl.py
[2025-10-26T07:54:03.818+0000] {processor.py:829} INFO - Processing file /opt/airflow/dags/nyc_taxi_iceberg_etl.py for tasks to queue
[2025-10-26T07:54:03.819+0000] {logging_mixin.py:151} INFO - [2025-10-26T07:54:03.819+0000] {dagbag.py:539} INFO - Filling up the DagBag from /opt/airflow/dags/nyc_taxi_iceberg_etl.py
[2025-10-26T07:54:03.989+0000] {processor.py:839} INFO - DAG(s) dict_keys(['nyc_taxi_iceberg_etl']) retrieved from /opt/airflow/dags/nyc_taxi_iceberg_etl.py
[2025-10-26T07:54:04.000+0000] {logging_mixin.py:151} INFO - [2025-10-26T07:54:04.000+0000] {dag.py:2915} INFO - Sync 1 DAGs
[2025-10-26T07:54:04.007+0000] {logging_mixin.py:151} INFO - [2025-10-26T07:54:04.007+0000] {dag.py:3696} INFO - Setting next_dagrun for nyc_taxi_iceberg_etl to 2025-10-26T01:54:04.007557+00:00, run_after=2025-10-26T07:54:04.007557+00:00
[2025-10-26T07:54:04.012+0000] {processor.py:179} INFO - Processing /opt/airflow/dags/nyc_taxi_iceberg_etl.py took 0.196 seconds
[2025-10-26T07:54:34.445+0000] {processor.py:157} INFO - Started process (PID=2256) to work on /opt/airflow/dags/nyc_taxi_iceberg_etl.py
[2025-10-26T07:54:34.445+0000] {processor.py:829} INFO - Processing file /opt/airflow/dags/nyc_taxi_iceberg_etl.py for tasks to queue
[2025-10-26T07:54:34.446+0000] {logging_mixin.py:151} INFO - [2025-10-26T07:54:34.446+0000] {dagbag.py:539} INFO - Filling up the DagBag from /opt/airflow/dags/nyc_taxi_iceberg_etl.py
[2025-10-26T07:54:34.610+0000] {processor.py:839} INFO - DAG(s) dict_keys(['nyc_taxi_iceberg_etl']) retrieved from /opt/airflow/dags/nyc_taxi_iceberg_etl.py
[2025-10-26T07:54:34.619+0000] {logging_mixin.py:151} INFO - [2025-10-26T07:54:34.619+0000] {dag.py:2915} INFO - Sync 1 DAGs
[2025-10-26T07:54:34.626+0000] {logging_mixin.py:151} INFO - [2025-10-26T07:54:34.626+0000] {dag.py:3696} INFO - Setting next_dagrun for nyc_taxi_iceberg_etl to 2025-10-26T01:54:34.625950+00:00, run_after=2025-10-26T07:54:34.625950+00:00
[2025-10-26T07:54:34.632+0000] {processor.py:179} INFO - Processing /opt/airflow/dags/nyc_taxi_iceberg_etl.py took 0.189 seconds
[2025-10-26T07:55:05.049+0000] {processor.py:157} INFO - Started process (PID=2301) to work on /opt/airflow/dags/nyc_taxi_iceberg_etl.py
[2025-10-26T07:55:05.049+0000] {processor.py:829} INFO - Processing file /opt/airflow/dags/nyc_taxi_iceberg_etl.py for tasks to queue
[2025-10-26T07:55:05.050+0000] {logging_mixin.py:151} INFO - [2025-10-26T07:55:05.050+0000] {dagbag.py:539} INFO - Filling up the DagBag from /opt/airflow/dags/nyc_taxi_iceberg_etl.py
[2025-10-26T07:55:05.209+0000] {processor.py:839} INFO - DAG(s) dict_keys(['nyc_taxi_iceberg_etl']) retrieved from /opt/airflow/dags/nyc_taxi_iceberg_etl.py
[2025-10-26T07:55:05.219+0000] {logging_mixin.py:151} INFO - [2025-10-26T07:55:05.219+0000] {dag.py:2915} INFO - Sync 1 DAGs
[2025-10-26T07:55:05.225+0000] {logging_mixin.py:151} INFO - [2025-10-26T07:55:05.225+0000] {dag.py:3696} INFO - Setting next_dagrun for nyc_taxi_iceberg_etl to 2025-10-26T01:55:05.225416+00:00, run_after=2025-10-26T07:55:05.225416+00:00
[2025-10-26T07:55:05.230+0000] {processor.py:179} INFO - Processing /opt/airflow/dags/nyc_taxi_iceberg_etl.py took 0.183 seconds
[2025-10-26T07:55:35.658+0000] {processor.py:157} INFO - Started process (PID=2346) to work on /opt/airflow/dags/nyc_taxi_iceberg_etl.py
[2025-10-26T07:55:35.658+0000] {processor.py:829} INFO - Processing file /opt/airflow/dags/nyc_taxi_iceberg_etl.py for tasks to queue
[2025-10-26T07:55:35.659+0000] {logging_mixin.py:151} INFO - [2025-10-26T07:55:35.659+0000] {dagbag.py:539} INFO - Filling up the DagBag from /opt/airflow/dags/nyc_taxi_iceberg_etl.py
[2025-10-26T07:55:35.826+0000] {processor.py:839} INFO - DAG(s) dict_keys(['nyc_taxi_iceberg_etl']) retrieved from /opt/airflow/dags/nyc_taxi_iceberg_etl.py
[2025-10-26T07:55:35.835+0000] {logging_mixin.py:151} INFO - [2025-10-26T07:55:35.834+0000] {dag.py:2915} INFO - Sync 1 DAGs
[2025-10-26T07:55:35.842+0000] {logging_mixin.py:151} INFO - [2025-10-26T07:55:35.842+0000] {dag.py:3696} INFO - Setting next_dagrun for nyc_taxi_iceberg_etl to 2025-10-26T01:55:35.841938+00:00, run_after=2025-10-26T07:55:35.841938+00:00
[2025-10-26T07:55:35.847+0000] {processor.py:179} INFO - Processing /opt/airflow/dags/nyc_taxi_iceberg_etl.py took 0.191 seconds
[2025-10-26T07:56:06.238+0000] {processor.py:157} INFO - Started process (PID=2391) to work on /opt/airflow/dags/nyc_taxi_iceberg_etl.py
[2025-10-26T07:56:06.238+0000] {processor.py:829} INFO - Processing file /opt/airflow/dags/nyc_taxi_iceberg_etl.py for tasks to queue
[2025-10-26T07:56:06.239+0000] {logging_mixin.py:151} INFO - [2025-10-26T07:56:06.239+0000] {dagbag.py:539} INFO - Filling up the DagBag from /opt/airflow/dags/nyc_taxi_iceberg_etl.py
[2025-10-26T07:56:06.402+0000] {processor.py:839} INFO - DAG(s) dict_keys(['nyc_taxi_iceberg_etl']) retrieved from /opt/airflow/dags/nyc_taxi_iceberg_etl.py
[2025-10-26T07:56:06.413+0000] {logging_mixin.py:151} INFO - [2025-10-26T07:56:06.413+0000] {dag.py:2915} INFO - Sync 1 DAGs
[2025-10-26T07:56:06.420+0000] {logging_mixin.py:151} INFO - [2025-10-26T07:56:06.420+0000] {dag.py:3696} INFO - Setting next_dagrun for nyc_taxi_iceberg_etl to 2025-10-26T01:56:06.420471+00:00, run_after=2025-10-26T07:56:06.420471+00:00
[2025-10-26T07:56:06.426+0000] {processor.py:179} INFO - Processing /opt/airflow/dags/nyc_taxi_iceberg_etl.py took 0.190 seconds
[2025-10-26T07:56:36.851+0000] {processor.py:157} INFO - Started process (PID=2436) to work on /opt/airflow/dags/nyc_taxi_iceberg_etl.py
[2025-10-26T07:56:36.852+0000] {processor.py:829} INFO - Processing file /opt/airflow/dags/nyc_taxi_iceberg_etl.py for tasks to queue
[2025-10-26T07:56:36.852+0000] {logging_mixin.py:151} INFO - [2025-10-26T07:56:36.852+0000] {dagbag.py:539} INFO - Filling up the DagBag from /opt/airflow/dags/nyc_taxi_iceberg_etl.py
[2025-10-26T07:56:37.012+0000] {processor.py:839} INFO - DAG(s) dict_keys(['nyc_taxi_iceberg_etl']) retrieved from /opt/airflow/dags/nyc_taxi_iceberg_etl.py
[2025-10-26T07:56:37.021+0000] {logging_mixin.py:151} INFO - [2025-10-26T07:56:37.021+0000] {dag.py:2915} INFO - Sync 1 DAGs
[2025-10-26T07:56:37.028+0000] {logging_mixin.py:151} INFO - [2025-10-26T07:56:37.028+0000] {dag.py:3696} INFO - Setting next_dagrun for nyc_taxi_iceberg_etl to 2025-10-26T01:56:37.028204+00:00, run_after=2025-10-26T07:56:37.028204+00:00
[2025-10-26T07:56:37.033+0000] {processor.py:179} INFO - Processing /opt/airflow/dags/nyc_taxi_iceberg_etl.py took 0.183 seconds
[2025-10-26T07:57:07.448+0000] {processor.py:157} INFO - Started process (PID=2481) to work on /opt/airflow/dags/nyc_taxi_iceberg_etl.py
[2025-10-26T07:57:07.448+0000] {processor.py:829} INFO - Processing file /opt/airflow/dags/nyc_taxi_iceberg_etl.py for tasks to queue
[2025-10-26T07:57:07.449+0000] {logging_mixin.py:151} INFO - [2025-10-26T07:57:07.449+0000] {dagbag.py:539} INFO - Filling up the DagBag from /opt/airflow/dags/nyc_taxi_iceberg_etl.py
[2025-10-26T07:57:07.609+0000] {processor.py:839} INFO - DAG(s) dict_keys(['nyc_taxi_iceberg_etl']) retrieved from /opt/airflow/dags/nyc_taxi_iceberg_etl.py
[2025-10-26T07:57:07.618+0000] {logging_mixin.py:151} INFO - [2025-10-26T07:57:07.618+0000] {dag.py:2915} INFO - Sync 1 DAGs
[2025-10-26T07:57:07.624+0000] {logging_mixin.py:151} INFO - [2025-10-26T07:57:07.624+0000] {dag.py:3696} INFO - Setting next_dagrun for nyc_taxi_iceberg_etl to 2025-10-26T01:57:07.624701+00:00, run_after=2025-10-26T07:57:07.624701+00:00
[2025-10-26T07:57:07.629+0000] {processor.py:179} INFO - Processing /opt/airflow/dags/nyc_taxi_iceberg_etl.py took 0.183 seconds
[2025-10-26T07:57:38.038+0000] {processor.py:157} INFO - Started process (PID=2526) to work on /opt/airflow/dags/nyc_taxi_iceberg_etl.py
[2025-10-26T07:57:38.038+0000] {processor.py:829} INFO - Processing file /opt/airflow/dags/nyc_taxi_iceberg_etl.py for tasks to queue
[2025-10-26T07:57:38.039+0000] {logging_mixin.py:151} INFO - [2025-10-26T07:57:38.039+0000] {dagbag.py:539} INFO - Filling up the DagBag from /opt/airflow/dags/nyc_taxi_iceberg_etl.py
[2025-10-26T07:57:38.198+0000] {processor.py:839} INFO - DAG(s) dict_keys(['nyc_taxi_iceberg_etl']) retrieved from /opt/airflow/dags/nyc_taxi_iceberg_etl.py
[2025-10-26T07:57:38.207+0000] {logging_mixin.py:151} INFO - [2025-10-26T07:57:38.207+0000] {dag.py:2915} INFO - Sync 1 DAGs
[2025-10-26T07:57:38.213+0000] {logging_mixin.py:151} INFO - [2025-10-26T07:57:38.213+0000] {dag.py:3696} INFO - Setting next_dagrun for nyc_taxi_iceberg_etl to 2025-10-26T01:57:38.213325+00:00, run_after=2025-10-26T07:57:38.213325+00:00
[2025-10-26T07:57:38.218+0000] {processor.py:179} INFO - Processing /opt/airflow/dags/nyc_taxi_iceberg_etl.py took 0.182 seconds
[2025-10-26T07:58:08.678+0000] {processor.py:157} INFO - Started process (PID=2571) to work on /opt/airflow/dags/nyc_taxi_iceberg_etl.py
[2025-10-26T07:58:08.678+0000] {processor.py:829} INFO - Processing file /opt/airflow/dags/nyc_taxi_iceberg_etl.py for tasks to queue
[2025-10-26T07:58:08.679+0000] {logging_mixin.py:151} INFO - [2025-10-26T07:58:08.679+0000] {dagbag.py:539} INFO - Filling up the DagBag from /opt/airflow/dags/nyc_taxi_iceberg_etl.py
[2025-10-26T07:58:08.838+0000] {processor.py:839} INFO - DAG(s) dict_keys(['nyc_taxi_iceberg_etl']) retrieved from /opt/airflow/dags/nyc_taxi_iceberg_etl.py
[2025-10-26T07:58:08.846+0000] {logging_mixin.py:151} INFO - [2025-10-26T07:58:08.846+0000] {dag.py:2915} INFO - Sync 1 DAGs
[2025-10-26T07:58:08.853+0000] {logging_mixin.py:151} INFO - [2025-10-26T07:58:08.853+0000] {dag.py:3696} INFO - Setting next_dagrun for nyc_taxi_iceberg_etl to 2025-10-26T01:58:08.853282+00:00, run_after=2025-10-26T07:58:08.853282+00:00
[2025-10-26T07:58:08.858+0000] {processor.py:179} INFO - Processing /opt/airflow/dags/nyc_taxi_iceberg_etl.py took 0.182 seconds
[2025-10-26T07:58:39.268+0000] {processor.py:157} INFO - Started process (PID=2616) to work on /opt/airflow/dags/nyc_taxi_iceberg_etl.py
[2025-10-26T07:58:39.268+0000] {processor.py:829} INFO - Processing file /opt/airflow/dags/nyc_taxi_iceberg_etl.py for tasks to queue
[2025-10-26T07:58:39.269+0000] {logging_mixin.py:151} INFO - [2025-10-26T07:58:39.269+0000] {dagbag.py:539} INFO - Filling up the DagBag from /opt/airflow/dags/nyc_taxi_iceberg_etl.py
[2025-10-26T07:58:39.446+0000] {processor.py:839} INFO - DAG(s) dict_keys(['nyc_taxi_iceberg_etl']) retrieved from /opt/airflow/dags/nyc_taxi_iceberg_etl.py
[2025-10-26T07:58:39.457+0000] {logging_mixin.py:151} INFO - [2025-10-26T07:58:39.457+0000] {dag.py:2915} INFO - Sync 1 DAGs
[2025-10-26T07:58:39.464+0000] {logging_mixin.py:151} INFO - [2025-10-26T07:58:39.464+0000] {dag.py:3696} INFO - Setting next_dagrun for nyc_taxi_iceberg_etl to 2025-10-26T01:58:39.464473+00:00, run_after=2025-10-26T07:58:39.464473+00:00
[2025-10-26T07:58:39.470+0000] {processor.py:179} INFO - Processing /opt/airflow/dags/nyc_taxi_iceberg_etl.py took 0.204 seconds
[2025-10-26T07:59:09.908+0000] {processor.py:157} INFO - Started process (PID=2661) to work on /opt/airflow/dags/nyc_taxi_iceberg_etl.py
[2025-10-26T07:59:09.909+0000] {processor.py:829} INFO - Processing file /opt/airflow/dags/nyc_taxi_iceberg_etl.py for tasks to queue
[2025-10-26T07:59:09.910+0000] {logging_mixin.py:151} INFO - [2025-10-26T07:59:09.910+0000] {dagbag.py:539} INFO - Filling up the DagBag from /opt/airflow/dags/nyc_taxi_iceberg_etl.py
[2025-10-26T07:59:10.083+0000] {processor.py:839} INFO - DAG(s) dict_keys(['nyc_taxi_iceberg_etl']) retrieved from /opt/airflow/dags/nyc_taxi_iceberg_etl.py
[2025-10-26T07:59:10.092+0000] {logging_mixin.py:151} INFO - [2025-10-26T07:59:10.092+0000] {dag.py:2915} INFO - Sync 1 DAGs
[2025-10-26T07:59:10.099+0000] {logging_mixin.py:151} INFO - [2025-10-26T07:59:10.099+0000] {dag.py:3696} INFO - Setting next_dagrun for nyc_taxi_iceberg_etl to 2025-10-26T01:59:10.099687+00:00, run_after=2025-10-26T07:59:10.099687+00:00
[2025-10-26T07:59:10.105+0000] {processor.py:179} INFO - Processing /opt/airflow/dags/nyc_taxi_iceberg_etl.py took 0.198 seconds
[2025-10-26T07:59:40.493+0000] {processor.py:157} INFO - Started process (PID=2706) to work on /opt/airflow/dags/nyc_taxi_iceberg_etl.py
[2025-10-26T07:59:40.493+0000] {processor.py:829} INFO - Processing file /opt/airflow/dags/nyc_taxi_iceberg_etl.py for tasks to queue
[2025-10-26T07:59:40.494+0000] {logging_mixin.py:151} INFO - [2025-10-26T07:59:40.494+0000] {dagbag.py:539} INFO - Filling up the DagBag from /opt/airflow/dags/nyc_taxi_iceberg_etl.py
[2025-10-26T07:59:40.659+0000] {processor.py:839} INFO - DAG(s) dict_keys(['nyc_taxi_iceberg_etl']) retrieved from /opt/airflow/dags/nyc_taxi_iceberg_etl.py
[2025-10-26T07:59:40.669+0000] {logging_mixin.py:151} INFO - [2025-10-26T07:59:40.669+0000] {dag.py:2915} INFO - Sync 1 DAGs
[2025-10-26T07:59:40.675+0000] {logging_mixin.py:151} INFO - [2025-10-26T07:59:40.675+0000] {dag.py:3696} INFO - Setting next_dagrun for nyc_taxi_iceberg_etl to 2025-10-26T01:59:40.675196+00:00, run_after=2025-10-26T07:59:40.675196+00:00
[2025-10-26T07:59:40.680+0000] {processor.py:179} INFO - Processing /opt/airflow/dags/nyc_taxi_iceberg_etl.py took 0.188 seconds
[2025-10-26T08:00:11.140+0000] {processor.py:157} INFO - Started process (PID=2751) to work on /opt/airflow/dags/nyc_taxi_iceberg_etl.py
[2025-10-26T08:00:11.140+0000] {processor.py:829} INFO - Processing file /opt/airflow/dags/nyc_taxi_iceberg_etl.py for tasks to queue
[2025-10-26T08:00:11.142+0000] {logging_mixin.py:151} INFO - [2025-10-26T08:00:11.141+0000] {dagbag.py:539} INFO - Filling up the DagBag from /opt/airflow/dags/nyc_taxi_iceberg_etl.py
[2025-10-26T08:00:11.305+0000] {processor.py:839} INFO - DAG(s) dict_keys(['nyc_taxi_iceberg_etl']) retrieved from /opt/airflow/dags/nyc_taxi_iceberg_etl.py
[2025-10-26T08:00:11.314+0000] {logging_mixin.py:151} INFO - [2025-10-26T08:00:11.314+0000] {dag.py:2915} INFO - Sync 1 DAGs
[2025-10-26T08:00:11.320+0000] {logging_mixin.py:151} INFO - [2025-10-26T08:00:11.320+0000] {dag.py:3696} INFO - Setting next_dagrun for nyc_taxi_iceberg_etl to 2025-10-26T02:00:11.320664+00:00, run_after=2025-10-26T08:00:11.320664+00:00
[2025-10-26T08:00:11.325+0000] {processor.py:179} INFO - Processing /opt/airflow/dags/nyc_taxi_iceberg_etl.py took 0.187 seconds
[2025-10-26T08:00:41.752+0000] {processor.py:157} INFO - Started process (PID=2796) to work on /opt/airflow/dags/nyc_taxi_iceberg_etl.py
[2025-10-26T08:00:41.752+0000] {processor.py:829} INFO - Processing file /opt/airflow/dags/nyc_taxi_iceberg_etl.py for tasks to queue
[2025-10-26T08:00:41.753+0000] {logging_mixin.py:151} INFO - [2025-10-26T08:00:41.753+0000] {dagbag.py:539} INFO - Filling up the DagBag from /opt/airflow/dags/nyc_taxi_iceberg_etl.py
[2025-10-26T08:00:41.915+0000] {processor.py:839} INFO - DAG(s) dict_keys(['nyc_taxi_iceberg_etl']) retrieved from /opt/airflow/dags/nyc_taxi_iceberg_etl.py
[2025-10-26T08:00:41.924+0000] {logging_mixin.py:151} INFO - [2025-10-26T08:00:41.924+0000] {dag.py:2915} INFO - Sync 1 DAGs
[2025-10-26T08:00:41.930+0000] {logging_mixin.py:151} INFO - [2025-10-26T08:00:41.930+0000] {dag.py:3696} INFO - Setting next_dagrun for nyc_taxi_iceberg_etl to 2025-10-26T02:00:41.930355+00:00, run_after=2025-10-26T08:00:41.930355+00:00
[2025-10-26T08:00:41.936+0000] {processor.py:179} INFO - Processing /opt/airflow/dags/nyc_taxi_iceberg_etl.py took 0.185 seconds
[2025-10-26T08:01:12.374+0000] {processor.py:157} INFO - Started process (PID=2841) to work on /opt/airflow/dags/nyc_taxi_iceberg_etl.py
[2025-10-26T08:01:12.374+0000] {processor.py:829} INFO - Processing file /opt/airflow/dags/nyc_taxi_iceberg_etl.py for tasks to queue
[2025-10-26T08:01:12.375+0000] {logging_mixin.py:151} INFO - [2025-10-26T08:01:12.375+0000] {dagbag.py:539} INFO - Filling up the DagBag from /opt/airflow/dags/nyc_taxi_iceberg_etl.py
[2025-10-26T08:01:12.551+0000] {processor.py:839} INFO - DAG(s) dict_keys(['nyc_taxi_iceberg_etl']) retrieved from /opt/airflow/dags/nyc_taxi_iceberg_etl.py
[2025-10-26T08:01:12.561+0000] {logging_mixin.py:151} INFO - [2025-10-26T08:01:12.561+0000] {dag.py:2915} INFO - Sync 1 DAGs
[2025-10-26T08:01:12.568+0000] {logging_mixin.py:151} INFO - [2025-10-26T08:01:12.568+0000] {dag.py:3696} INFO - Setting next_dagrun for nyc_taxi_iceberg_etl to 2025-10-26T02:01:12.568131+00:00, run_after=2025-10-26T08:01:12.568131+00:00
[2025-10-26T08:01:12.575+0000] {processor.py:179} INFO - Processing /opt/airflow/dags/nyc_taxi_iceberg_etl.py took 0.202 seconds
[2025-10-26T08:01:43.003+0000] {processor.py:157} INFO - Started process (PID=2886) to work on /opt/airflow/dags/nyc_taxi_iceberg_etl.py
[2025-10-26T08:01:43.004+0000] {processor.py:829} INFO - Processing file /opt/airflow/dags/nyc_taxi_iceberg_etl.py for tasks to queue
[2025-10-26T08:01:43.005+0000] {logging_mixin.py:151} INFO - [2025-10-26T08:01:43.004+0000] {dagbag.py:539} INFO - Filling up the DagBag from /opt/airflow/dags/nyc_taxi_iceberg_etl.py
[2025-10-26T08:01:43.168+0000] {processor.py:839} INFO - DAG(s) dict_keys(['nyc_taxi_iceberg_etl']) retrieved from /opt/airflow/dags/nyc_taxi_iceberg_etl.py
[2025-10-26T08:01:43.179+0000] {logging_mixin.py:151} INFO - [2025-10-26T08:01:43.179+0000] {dag.py:2915} INFO - Sync 1 DAGs
[2025-10-26T08:01:43.186+0000] {logging_mixin.py:151} INFO - [2025-10-26T08:01:43.186+0000] {dag.py:3696} INFO - Setting next_dagrun for nyc_taxi_iceberg_etl to 2025-10-26T02:01:43.186334+00:00, run_after=2025-10-26T08:01:43.186334+00:00
[2025-10-26T08:01:43.192+0000] {processor.py:179} INFO - Processing /opt/airflow/dags/nyc_taxi_iceberg_etl.py took 0.190 seconds
[2025-10-26T08:02:13.621+0000] {processor.py:157} INFO - Started process (PID=2931) to work on /opt/airflow/dags/nyc_taxi_iceberg_etl.py
[2025-10-26T08:02:13.622+0000] {processor.py:829} INFO - Processing file /opt/airflow/dags/nyc_taxi_iceberg_etl.py for tasks to queue
[2025-10-26T08:02:13.623+0000] {logging_mixin.py:151} INFO - [2025-10-26T08:02:13.623+0000] {dagbag.py:539} INFO - Filling up the DagBag from /opt/airflow/dags/nyc_taxi_iceberg_etl.py
[2025-10-26T08:02:13.796+0000] {processor.py:839} INFO - DAG(s) dict_keys(['nyc_taxi_iceberg_etl']) retrieved from /opt/airflow/dags/nyc_taxi_iceberg_etl.py
[2025-10-26T08:02:13.805+0000] {logging_mixin.py:151} INFO - [2025-10-26T08:02:13.805+0000] {dag.py:2915} INFO - Sync 1 DAGs
[2025-10-26T08:02:13.812+0000] {logging_mixin.py:151} INFO - [2025-10-26T08:02:13.812+0000] {dag.py:3696} INFO - Setting next_dagrun for nyc_taxi_iceberg_etl to 2025-10-26T02:02:13.812478+00:00, run_after=2025-10-26T08:02:13.812478+00:00
[2025-10-26T08:02:13.818+0000] {processor.py:179} INFO - Processing /opt/airflow/dags/nyc_taxi_iceberg_etl.py took 0.198 seconds
[2025-10-26T08:02:44.277+0000] {processor.py:157} INFO - Started process (PID=2976) to work on /opt/airflow/dags/nyc_taxi_iceberg_etl.py
[2025-10-26T08:02:44.277+0000] {processor.py:829} INFO - Processing file /opt/airflow/dags/nyc_taxi_iceberg_etl.py for tasks to queue
[2025-10-26T08:02:44.278+0000] {logging_mixin.py:151} INFO - [2025-10-26T08:02:44.278+0000] {dagbag.py:539} INFO - Filling up the DagBag from /opt/airflow/dags/nyc_taxi_iceberg_etl.py
[2025-10-26T08:02:44.441+0000] {processor.py:839} INFO - DAG(s) dict_keys(['nyc_taxi_iceberg_etl']) retrieved from /opt/airflow/dags/nyc_taxi_iceberg_etl.py
[2025-10-26T08:02:44.450+0000] {logging_mixin.py:151} INFO - [2025-10-26T08:02:44.450+0000] {dag.py:2915} INFO - Sync 1 DAGs
[2025-10-26T08:02:44.456+0000] {logging_mixin.py:151} INFO - [2025-10-26T08:02:44.456+0000] {dag.py:3696} INFO - Setting next_dagrun for nyc_taxi_iceberg_etl to 2025-10-26T02:02:44.456391+00:00, run_after=2025-10-26T08:02:44.456391+00:00
[2025-10-26T08:02:44.461+0000] {processor.py:179} INFO - Processing /opt/airflow/dags/nyc_taxi_iceberg_etl.py took 0.186 seconds
[2025-10-26T08:03:14.923+0000] {processor.py:157} INFO - Started process (PID=3021) to work on /opt/airflow/dags/nyc_taxi_iceberg_etl.py
[2025-10-26T08:03:14.924+0000] {processor.py:829} INFO - Processing file /opt/airflow/dags/nyc_taxi_iceberg_etl.py for tasks to queue
[2025-10-26T08:03:14.924+0000] {logging_mixin.py:151} INFO - [2025-10-26T08:03:14.924+0000] {dagbag.py:539} INFO - Filling up the DagBag from /opt/airflow/dags/nyc_taxi_iceberg_etl.py
[2025-10-26T08:03:15.102+0000] {processor.py:839} INFO - DAG(s) dict_keys(['nyc_taxi_iceberg_etl']) retrieved from /opt/airflow/dags/nyc_taxi_iceberg_etl.py
[2025-10-26T08:03:15.112+0000] {logging_mixin.py:151} INFO - [2025-10-26T08:03:15.111+0000] {dag.py:2915} INFO - Sync 1 DAGs
[2025-10-26T08:03:15.118+0000] {logging_mixin.py:151} INFO - [2025-10-26T08:03:15.118+0000] {dag.py:3696} INFO - Setting next_dagrun for nyc_taxi_iceberg_etl to 2025-10-26T02:03:15.118225+00:00, run_after=2025-10-26T08:03:15.118225+00:00
[2025-10-26T08:03:15.123+0000] {processor.py:179} INFO - Processing /opt/airflow/dags/nyc_taxi_iceberg_etl.py took 0.202 seconds
[2025-10-26T08:03:45.560+0000] {processor.py:157} INFO - Started process (PID=3066) to work on /opt/airflow/dags/nyc_taxi_iceberg_etl.py
[2025-10-26T08:03:45.560+0000] {processor.py:829} INFO - Processing file /opt/airflow/dags/nyc_taxi_iceberg_etl.py for tasks to queue
[2025-10-26T08:03:45.561+0000] {logging_mixin.py:151} INFO - [2025-10-26T08:03:45.561+0000] {dagbag.py:539} INFO - Filling up the DagBag from /opt/airflow/dags/nyc_taxi_iceberg_etl.py
[2025-10-26T08:03:45.745+0000] {processor.py:839} INFO - DAG(s) dict_keys(['nyc_taxi_iceberg_etl']) retrieved from /opt/airflow/dags/nyc_taxi_iceberg_etl.py
[2025-10-26T08:03:45.756+0000] {logging_mixin.py:151} INFO - [2025-10-26T08:03:45.756+0000] {dag.py:2915} INFO - Sync 1 DAGs
[2025-10-26T08:03:45.764+0000] {logging_mixin.py:151} INFO - [2025-10-26T08:03:45.764+0000] {dag.py:3696} INFO - Setting next_dagrun for nyc_taxi_iceberg_etl to 2025-10-26T02:03:45.763957+00:00, run_after=2025-10-26T08:03:45.763957+00:00
[2025-10-26T08:03:45.770+0000] {processor.py:179} INFO - Processing /opt/airflow/dags/nyc_taxi_iceberg_etl.py took 0.211 seconds
[2025-10-26T08:04:16.212+0000] {processor.py:157} INFO - Started process (PID=3111) to work on /opt/airflow/dags/nyc_taxi_iceberg_etl.py
[2025-10-26T08:04:16.213+0000] {processor.py:829} INFO - Processing file /opt/airflow/dags/nyc_taxi_iceberg_etl.py for tasks to queue
[2025-10-26T08:04:16.213+0000] {logging_mixin.py:151} INFO - [2025-10-26T08:04:16.213+0000] {dagbag.py:539} INFO - Filling up the DagBag from /opt/airflow/dags/nyc_taxi_iceberg_etl.py
[2025-10-26T08:04:16.382+0000] {processor.py:839} INFO - DAG(s) dict_keys(['nyc_taxi_iceberg_etl']) retrieved from /opt/airflow/dags/nyc_taxi_iceberg_etl.py
[2025-10-26T08:04:16.391+0000] {logging_mixin.py:151} INFO - [2025-10-26T08:04:16.391+0000] {dag.py:2915} INFO - Sync 1 DAGs
[2025-10-26T08:04:16.399+0000] {logging_mixin.py:151} INFO - [2025-10-26T08:04:16.398+0000] {dag.py:3696} INFO - Setting next_dagrun for nyc_taxi_iceberg_etl to 2025-10-26T02:04:16.398292+00:00, run_after=2025-10-26T08:04:16.398292+00:00
[2025-10-26T08:04:16.404+0000] {processor.py:179} INFO - Processing /opt/airflow/dags/nyc_taxi_iceberg_etl.py took 0.193 seconds
[2025-10-26T08:04:46.853+0000] {processor.py:157} INFO - Started process (PID=3156) to work on /opt/airflow/dags/nyc_taxi_iceberg_etl.py
[2025-10-26T08:04:46.853+0000] {processor.py:829} INFO - Processing file /opt/airflow/dags/nyc_taxi_iceberg_etl.py for tasks to queue
[2025-10-26T08:04:46.854+0000] {logging_mixin.py:151} INFO - [2025-10-26T08:04:46.854+0000] {dagbag.py:539} INFO - Filling up the DagBag from /opt/airflow/dags/nyc_taxi_iceberg_etl.py
[2025-10-26T08:04:47.016+0000] {processor.py:839} INFO - DAG(s) dict_keys(['nyc_taxi_iceberg_etl']) retrieved from /opt/airflow/dags/nyc_taxi_iceberg_etl.py
[2025-10-26T08:04:47.025+0000] {logging_mixin.py:151} INFO - [2025-10-26T08:04:47.025+0000] {dag.py:2915} INFO - Sync 1 DAGs
[2025-10-26T08:04:47.031+0000] {logging_mixin.py:151} INFO - [2025-10-26T08:04:47.031+0000] {dag.py:3696} INFO - Setting next_dagrun for nyc_taxi_iceberg_etl to 2025-10-26T02:04:47.031618+00:00, run_after=2025-10-26T08:04:47.031618+00:00
[2025-10-26T08:04:47.037+0000] {processor.py:179} INFO - Processing /opt/airflow/dags/nyc_taxi_iceberg_etl.py took 0.185 seconds
[2025-10-26T08:05:17.489+0000] {processor.py:157} INFO - Started process (PID=3201) to work on /opt/airflow/dags/nyc_taxi_iceberg_etl.py
[2025-10-26T08:05:17.489+0000] {processor.py:829} INFO - Processing file /opt/airflow/dags/nyc_taxi_iceberg_etl.py for tasks to queue
[2025-10-26T08:05:17.490+0000] {logging_mixin.py:151} INFO - [2025-10-26T08:05:17.490+0000] {dagbag.py:539} INFO - Filling up the DagBag from /opt/airflow/dags/nyc_taxi_iceberg_etl.py
[2025-10-26T08:05:17.652+0000] {processor.py:839} INFO - DAG(s) dict_keys(['nyc_taxi_iceberg_etl']) retrieved from /opt/airflow/dags/nyc_taxi_iceberg_etl.py
[2025-10-26T08:05:17.662+0000] {logging_mixin.py:151} INFO - [2025-10-26T08:05:17.662+0000] {dag.py:2915} INFO - Sync 1 DAGs
[2025-10-26T08:05:17.669+0000] {logging_mixin.py:151} INFO - [2025-10-26T08:05:17.668+0000] {dag.py:3696} INFO - Setting next_dagrun for nyc_taxi_iceberg_etl to 2025-10-26T02:05:17.668844+00:00, run_after=2025-10-26T08:05:17.668844+00:00
[2025-10-26T08:05:17.674+0000] {processor.py:179} INFO - Processing /opt/airflow/dags/nyc_taxi_iceberg_etl.py took 0.187 seconds
[2025-10-26T08:05:48.153+0000] {processor.py:157} INFO - Started process (PID=3246) to work on /opt/airflow/dags/nyc_taxi_iceberg_etl.py
[2025-10-26T08:05:48.153+0000] {processor.py:829} INFO - Processing file /opt/airflow/dags/nyc_taxi_iceberg_etl.py for tasks to queue
[2025-10-26T08:05:48.154+0000] {logging_mixin.py:151} INFO - [2025-10-26T08:05:48.154+0000] {dagbag.py:539} INFO - Filling up the DagBag from /opt/airflow/dags/nyc_taxi_iceberg_etl.py
[2025-10-26T08:05:48.320+0000] {processor.py:839} INFO - DAG(s) dict_keys(['nyc_taxi_iceberg_etl']) retrieved from /opt/airflow/dags/nyc_taxi_iceberg_etl.py
[2025-10-26T08:05:48.330+0000] {logging_mixin.py:151} INFO - [2025-10-26T08:05:48.330+0000] {dag.py:2915} INFO - Sync 1 DAGs
[2025-10-26T08:05:48.336+0000] {logging_mixin.py:151} INFO - [2025-10-26T08:05:48.336+0000] {dag.py:3696} INFO - Setting next_dagrun for nyc_taxi_iceberg_etl to 2025-10-26T02:05:48.336131+00:00, run_after=2025-10-26T08:05:48.336131+00:00
[2025-10-26T08:05:48.341+0000] {processor.py:179} INFO - Processing /opt/airflow/dags/nyc_taxi_iceberg_etl.py took 0.190 seconds
[2025-10-26T08:06:18.796+0000] {processor.py:157} INFO - Started process (PID=3291) to work on /opt/airflow/dags/nyc_taxi_iceberg_etl.py
[2025-10-26T08:06:18.797+0000] {processor.py:829} INFO - Processing file /opt/airflow/dags/nyc_taxi_iceberg_etl.py for tasks to queue
[2025-10-26T08:06:18.797+0000] {logging_mixin.py:151} INFO - [2025-10-26T08:06:18.797+0000] {dagbag.py:539} INFO - Filling up the DagBag from /opt/airflow/dags/nyc_taxi_iceberg_etl.py
[2025-10-26T08:06:18.968+0000] {processor.py:839} INFO - DAG(s) dict_keys(['nyc_taxi_iceberg_etl']) retrieved from /opt/airflow/dags/nyc_taxi_iceberg_etl.py
[2025-10-26T08:06:18.978+0000] {logging_mixin.py:151} INFO - [2025-10-26T08:06:18.978+0000] {dag.py:2915} INFO - Sync 1 DAGs
[2025-10-26T08:06:18.986+0000] {logging_mixin.py:151} INFO - [2025-10-26T08:06:18.985+0000] {dag.py:3696} INFO - Setting next_dagrun for nyc_taxi_iceberg_etl to 2025-10-26T02:06:18.985829+00:00, run_after=2025-10-26T08:06:18.985829+00:00
[2025-10-26T08:06:18.991+0000] {processor.py:179} INFO - Processing /opt/airflow/dags/nyc_taxi_iceberg_etl.py took 0.197 seconds
[2025-10-26T08:06:49.444+0000] {processor.py:157} INFO - Started process (PID=3336) to work on /opt/airflow/dags/nyc_taxi_iceberg_etl.py
[2025-10-26T08:06:49.445+0000] {processor.py:829} INFO - Processing file /opt/airflow/dags/nyc_taxi_iceberg_etl.py for tasks to queue
[2025-10-26T08:06:49.446+0000] {logging_mixin.py:151} INFO - [2025-10-26T08:06:49.446+0000] {dagbag.py:539} INFO - Filling up the DagBag from /opt/airflow/dags/nyc_taxi_iceberg_etl.py
[2025-10-26T08:06:49.617+0000] {processor.py:839} INFO - DAG(s) dict_keys(['nyc_taxi_iceberg_etl']) retrieved from /opt/airflow/dags/nyc_taxi_iceberg_etl.py
[2025-10-26T08:06:49.626+0000] {logging_mixin.py:151} INFO - [2025-10-26T08:06:49.626+0000] {dag.py:2915} INFO - Sync 1 DAGs
[2025-10-26T08:06:49.632+0000] {logging_mixin.py:151} INFO - [2025-10-26T08:06:49.632+0000] {dag.py:3696} INFO - Setting next_dagrun for nyc_taxi_iceberg_etl to 2025-10-26T02:06:49.632775+00:00, run_after=2025-10-26T08:06:49.632775+00:00
[2025-10-26T08:06:49.639+0000] {processor.py:179} INFO - Processing /opt/airflow/dags/nyc_taxi_iceberg_etl.py took 0.196 seconds
[2025-10-26T08:07:20.048+0000] {processor.py:157} INFO - Started process (PID=3381) to work on /opt/airflow/dags/nyc_taxi_iceberg_etl.py
[2025-10-26T08:07:20.048+0000] {processor.py:829} INFO - Processing file /opt/airflow/dags/nyc_taxi_iceberg_etl.py for tasks to queue
[2025-10-26T08:07:20.049+0000] {logging_mixin.py:151} INFO - [2025-10-26T08:07:20.049+0000] {dagbag.py:539} INFO - Filling up the DagBag from /opt/airflow/dags/nyc_taxi_iceberg_etl.py
[2025-10-26T08:07:20.215+0000] {processor.py:839} INFO - DAG(s) dict_keys(['nyc_taxi_iceberg_etl']) retrieved from /opt/airflow/dags/nyc_taxi_iceberg_etl.py
[2025-10-26T08:07:20.224+0000] {logging_mixin.py:151} INFO - [2025-10-26T08:07:20.224+0000] {dag.py:2915} INFO - Sync 1 DAGs
[2025-10-26T08:07:20.230+0000] {logging_mixin.py:151} INFO - [2025-10-26T08:07:20.230+0000] {dag.py:3696} INFO - Setting next_dagrun for nyc_taxi_iceberg_etl to 2025-10-26T02:07:20.230551+00:00, run_after=2025-10-26T08:07:20.230551+00:00
[2025-10-26T08:07:20.236+0000] {processor.py:179} INFO - Processing /opt/airflow/dags/nyc_taxi_iceberg_etl.py took 0.190 seconds
[2025-10-26T08:07:50.736+0000] {processor.py:157} INFO - Started process (PID=3425) to work on /opt/airflow/dags/nyc_taxi_iceberg_etl.py
[2025-10-26T08:07:50.736+0000] {processor.py:829} INFO - Processing file /opt/airflow/dags/nyc_taxi_iceberg_etl.py for tasks to queue
[2025-10-26T08:07:50.737+0000] {logging_mixin.py:151} INFO - [2025-10-26T08:07:50.737+0000] {dagbag.py:539} INFO - Filling up the DagBag from /opt/airflow/dags/nyc_taxi_iceberg_etl.py
[2025-10-26T08:07:50.898+0000] {processor.py:839} INFO - DAG(s) dict_keys(['nyc_taxi_iceberg_etl']) retrieved from /opt/airflow/dags/nyc_taxi_iceberg_etl.py
[2025-10-26T08:07:50.912+0000] {logging_mixin.py:151} INFO - [2025-10-26T08:07:50.912+0000] {dag.py:2915} INFO - Sync 1 DAGs
[2025-10-26T08:07:50.920+0000] {logging_mixin.py:151} INFO - [2025-10-26T08:07:50.920+0000] {dag.py:3696} INFO - Setting next_dagrun for nyc_taxi_iceberg_etl to 2025-10-26T02:07:50.920085+00:00, run_after=2025-10-26T08:07:50.920085+00:00
[2025-10-26T08:07:50.925+0000] {processor.py:179} INFO - Processing /opt/airflow/dags/nyc_taxi_iceberg_etl.py took 0.191 seconds
