[2025-10-26T07:37:43.924+0000] {processor.py:157} INFO - Started process (PID=220) to work on /opt/airflow/dags/nyc_weather_etl.py
[2025-10-26T07:37:43.925+0000] {processor.py:829} INFO - Processing file /opt/airflow/dags/nyc_weather_etl.py for tasks to queue
[2025-10-26T07:37:43.925+0000] {logging_mixin.py:151} INFO - [2025-10-26T07:37:43.925+0000] {dagbag.py:539} INFO - Filling up the DagBag from /opt/airflow/dags/nyc_weather_etl.py
[2025-10-26T07:37:44.480+0000] {processor.py:839} INFO - DAG(s) dict_keys(['nyc_weather_etl']) retrieved from /opt/airflow/dags/nyc_weather_etl.py
[2025-10-26T07:37:44.598+0000] {logging_mixin.py:151} INFO - [2025-10-26T07:37:44.598+0000] {security.py:708} INFO - Not syncing DAG-level permissions for DAG 'DAG:nyc_weather_etl' as access control is unset.
[2025-10-26T07:37:44.598+0000] {logging_mixin.py:151} INFO - [2025-10-26T07:37:44.598+0000] {dag.py:2915} INFO - Sync 1 DAGs
[2025-10-26T07:37:44.609+0000] {logging_mixin.py:151} INFO - [2025-10-26T07:37:44.609+0000] {dag.py:3696} INFO - Setting next_dagrun for nyc_weather_etl to 2025-10-26T06:37:44.609647+00:00, run_after=2025-10-26T07:37:44.609647+00:00
[2025-10-26T07:37:44.616+0000] {processor.py:179} INFO - Processing /opt/airflow/dags/nyc_weather_etl.py took 0.694 seconds
[2025-10-26T07:38:15.077+0000] {processor.py:157} INFO - Started process (PID=780) to work on /opt/airflow/dags/nyc_weather_etl.py
[2025-10-26T07:38:15.077+0000] {processor.py:829} INFO - Processing file /opt/airflow/dags/nyc_weather_etl.py for tasks to queue
[2025-10-26T07:38:15.079+0000] {logging_mixin.py:151} INFO - [2025-10-26T07:38:15.078+0000] {dagbag.py:539} INFO - Filling up the DagBag from /opt/airflow/dags/nyc_weather_etl.py
[2025-10-26T07:38:15.198+0000] {processor.py:839} INFO - DAG(s) dict_keys(['nyc_weather_etl']) retrieved from /opt/airflow/dags/nyc_weather_etl.py
[2025-10-26T07:38:15.209+0000] {logging_mixin.py:151} INFO - [2025-10-26T07:38:15.209+0000] {dag.py:2915} INFO - Sync 1 DAGs
[2025-10-26T07:38:15.289+0000] {logging_mixin.py:151} INFO - [2025-10-26T07:38:15.289+0000] {dag.py:3696} INFO - Setting next_dagrun for nyc_weather_etl to 2025-10-26T07:37:44.609647+00:00, run_after=2025-10-26T08:37:44.609647+00:00
[2025-10-26T07:38:15.301+0000] {processor.py:179} INFO - Processing /opt/airflow/dags/nyc_weather_etl.py took 0.226 seconds
[2025-10-26T07:38:45.606+0000] {processor.py:157} INFO - Started process (PID=825) to work on /opt/airflow/dags/nyc_weather_etl.py
[2025-10-26T07:38:45.606+0000] {processor.py:829} INFO - Processing file /opt/airflow/dags/nyc_weather_etl.py for tasks to queue
[2025-10-26T07:38:45.609+0000] {logging_mixin.py:151} INFO - [2025-10-26T07:38:45.609+0000] {dagbag.py:539} INFO - Filling up the DagBag from /opt/airflow/dags/nyc_weather_etl.py
[2025-10-26T07:38:45.739+0000] {processor.py:839} INFO - DAG(s) dict_keys(['nyc_weather_etl']) retrieved from /opt/airflow/dags/nyc_weather_etl.py
[2025-10-26T07:38:45.753+0000] {logging_mixin.py:151} INFO - [2025-10-26T07:38:45.752+0000] {dag.py:2915} INFO - Sync 1 DAGs
[2025-10-26T07:38:45.763+0000] {logging_mixin.py:151} INFO - [2025-10-26T07:38:45.762+0000] {dag.py:3696} INFO - Setting next_dagrun for nyc_weather_etl to 2025-10-26T07:37:44.609647+00:00, run_after=2025-10-26T08:37:44.609647+00:00
[2025-10-26T07:38:45.773+0000] {processor.py:179} INFO - Processing /opt/airflow/dags/nyc_weather_etl.py took 0.170 seconds
[2025-10-26T07:39:16.144+0000] {processor.py:157} INFO - Started process (PID=870) to work on /opt/airflow/dags/nyc_weather_etl.py
[2025-10-26T07:39:16.144+0000] {processor.py:829} INFO - Processing file /opt/airflow/dags/nyc_weather_etl.py for tasks to queue
[2025-10-26T07:39:16.145+0000] {logging_mixin.py:151} INFO - [2025-10-26T07:39:16.145+0000] {dagbag.py:539} INFO - Filling up the DagBag from /opt/airflow/dags/nyc_weather_etl.py
[2025-10-26T07:39:16.266+0000] {processor.py:839} INFO - DAG(s) dict_keys(['nyc_weather_etl']) retrieved from /opt/airflow/dags/nyc_weather_etl.py
[2025-10-26T07:39:16.280+0000] {logging_mixin.py:151} INFO - [2025-10-26T07:39:16.279+0000] {dag.py:2915} INFO - Sync 1 DAGs
[2025-10-26T07:39:16.291+0000] {logging_mixin.py:151} INFO - [2025-10-26T07:39:16.291+0000] {dag.py:3696} INFO - Setting next_dagrun for nyc_weather_etl to 2025-10-26T07:37:44.609647+00:00, run_after=2025-10-26T08:37:44.609647+00:00
[2025-10-26T07:39:16.298+0000] {processor.py:179} INFO - Processing /opt/airflow/dags/nyc_weather_etl.py took 0.157 seconds
[2025-10-26T07:39:46.649+0000] {processor.py:157} INFO - Started process (PID=915) to work on /opt/airflow/dags/nyc_weather_etl.py
[2025-10-26T07:39:46.650+0000] {processor.py:829} INFO - Processing file /opt/airflow/dags/nyc_weather_etl.py for tasks to queue
[2025-10-26T07:39:46.651+0000] {logging_mixin.py:151} INFO - [2025-10-26T07:39:46.651+0000] {dagbag.py:539} INFO - Filling up the DagBag from /opt/airflow/dags/nyc_weather_etl.py
[2025-10-26T07:39:46.766+0000] {processor.py:839} INFO - DAG(s) dict_keys(['nyc_weather_etl']) retrieved from /opt/airflow/dags/nyc_weather_etl.py
[2025-10-26T07:39:46.779+0000] {logging_mixin.py:151} INFO - [2025-10-26T07:39:46.778+0000] {dag.py:2915} INFO - Sync 1 DAGs
[2025-10-26T07:39:46.789+0000] {logging_mixin.py:151} INFO - [2025-10-26T07:39:46.789+0000] {dag.py:3696} INFO - Setting next_dagrun for nyc_weather_etl to 2025-10-26T07:37:44.609647+00:00, run_after=2025-10-26T08:37:44.609647+00:00
[2025-10-26T07:39:46.798+0000] {processor.py:179} INFO - Processing /opt/airflow/dags/nyc_weather_etl.py took 0.151 seconds
[2025-10-26T07:40:17.254+0000] {processor.py:157} INFO - Started process (PID=960) to work on /opt/airflow/dags/nyc_weather_etl.py
[2025-10-26T07:40:17.255+0000] {processor.py:829} INFO - Processing file /opt/airflow/dags/nyc_weather_etl.py for tasks to queue
[2025-10-26T07:40:17.256+0000] {logging_mixin.py:151} INFO - [2025-10-26T07:40:17.256+0000] {dagbag.py:539} INFO - Filling up the DagBag from /opt/airflow/dags/nyc_weather_etl.py
[2025-10-26T07:40:17.376+0000] {processor.py:839} INFO - DAG(s) dict_keys(['nyc_weather_etl']) retrieved from /opt/airflow/dags/nyc_weather_etl.py
[2025-10-26T07:40:17.394+0000] {logging_mixin.py:151} INFO - [2025-10-26T07:40:17.394+0000] {dag.py:2915} INFO - Sync 1 DAGs
[2025-10-26T07:40:17.402+0000] {logging_mixin.py:151} INFO - [2025-10-26T07:40:17.402+0000] {dag.py:3696} INFO - Setting next_dagrun for nyc_weather_etl to 2025-10-26T07:37:44.609647+00:00, run_after=2025-10-26T08:37:44.609647+00:00
[2025-10-26T07:40:17.414+0000] {processor.py:179} INFO - Processing /opt/airflow/dags/nyc_weather_etl.py took 0.162 seconds
[2025-10-26T07:40:47.762+0000] {processor.py:157} INFO - Started process (PID=1005) to work on /opt/airflow/dags/nyc_weather_etl.py
[2025-10-26T07:40:47.763+0000] {processor.py:829} INFO - Processing file /opt/airflow/dags/nyc_weather_etl.py for tasks to queue
[2025-10-26T07:40:47.764+0000] {logging_mixin.py:151} INFO - [2025-10-26T07:40:47.764+0000] {dagbag.py:539} INFO - Filling up the DagBag from /opt/airflow/dags/nyc_weather_etl.py
[2025-10-26T07:40:47.878+0000] {processor.py:839} INFO - DAG(s) dict_keys(['nyc_weather_etl']) retrieved from /opt/airflow/dags/nyc_weather_etl.py
[2025-10-26T07:40:47.893+0000] {logging_mixin.py:151} INFO - [2025-10-26T07:40:47.893+0000] {dag.py:2915} INFO - Sync 1 DAGs
[2025-10-26T07:40:47.904+0000] {logging_mixin.py:151} INFO - [2025-10-26T07:40:47.904+0000] {dag.py:3696} INFO - Setting next_dagrun for nyc_weather_etl to 2025-10-26T07:37:44.609647+00:00, run_after=2025-10-26T08:37:44.609647+00:00
[2025-10-26T07:40:47.979+0000] {processor.py:179} INFO - Processing /opt/airflow/dags/nyc_weather_etl.py took 0.220 seconds
[2025-10-26T07:41:18.374+0000] {processor.py:157} INFO - Started process (PID=1050) to work on /opt/airflow/dags/nyc_weather_etl.py
[2025-10-26T07:41:18.376+0000] {processor.py:829} INFO - Processing file /opt/airflow/dags/nyc_weather_etl.py for tasks to queue
[2025-10-26T07:41:18.377+0000] {logging_mixin.py:151} INFO - [2025-10-26T07:41:18.377+0000] {dagbag.py:539} INFO - Filling up the DagBag from /opt/airflow/dags/nyc_weather_etl.py
[2025-10-26T07:41:18.488+0000] {processor.py:839} INFO - DAG(s) dict_keys(['nyc_weather_etl']) retrieved from /opt/airflow/dags/nyc_weather_etl.py
[2025-10-26T07:41:18.502+0000] {logging_mixin.py:151} INFO - [2025-10-26T07:41:18.501+0000] {dag.py:2915} INFO - Sync 1 DAGs
[2025-10-26T07:41:18.510+0000] {logging_mixin.py:151} INFO - [2025-10-26T07:41:18.510+0000] {dag.py:3696} INFO - Setting next_dagrun for nyc_weather_etl to 2025-10-26T07:37:44.609647+00:00, run_after=2025-10-26T08:37:44.609647+00:00
[2025-10-26T07:41:18.517+0000] {processor.py:179} INFO - Processing /opt/airflow/dags/nyc_weather_etl.py took 0.145 seconds
[2025-10-26T07:41:48.898+0000] {processor.py:157} INFO - Started process (PID=1095) to work on /opt/airflow/dags/nyc_weather_etl.py
[2025-10-26T07:41:48.899+0000] {processor.py:829} INFO - Processing file /opt/airflow/dags/nyc_weather_etl.py for tasks to queue
[2025-10-26T07:41:48.901+0000] {logging_mixin.py:151} INFO - [2025-10-26T07:41:48.900+0000] {dagbag.py:539} INFO - Filling up the DagBag from /opt/airflow/dags/nyc_weather_etl.py
[2025-10-26T07:41:49.015+0000] {processor.py:839} INFO - DAG(s) dict_keys(['nyc_weather_etl']) retrieved from /opt/airflow/dags/nyc_weather_etl.py
[2025-10-26T07:41:49.030+0000] {logging_mixin.py:151} INFO - [2025-10-26T07:41:49.029+0000] {dag.py:2915} INFO - Sync 1 DAGs
[2025-10-26T07:41:49.106+0000] {logging_mixin.py:151} INFO - [2025-10-26T07:41:49.106+0000] {dag.py:3696} INFO - Setting next_dagrun for nyc_weather_etl to 2025-10-26T07:37:44.609647+00:00, run_after=2025-10-26T08:37:44.609647+00:00
[2025-10-26T07:41:49.115+0000] {processor.py:179} INFO - Processing /opt/airflow/dags/nyc_weather_etl.py took 0.220 seconds
[2025-10-26T07:42:19.504+0000] {processor.py:157} INFO - Started process (PID=1140) to work on /opt/airflow/dags/nyc_weather_etl.py
[2025-10-26T07:42:19.505+0000] {processor.py:829} INFO - Processing file /opt/airflow/dags/nyc_weather_etl.py for tasks to queue
[2025-10-26T07:42:19.506+0000] {logging_mixin.py:151} INFO - [2025-10-26T07:42:19.506+0000] {dagbag.py:539} INFO - Filling up the DagBag from /opt/airflow/dags/nyc_weather_etl.py
[2025-10-26T07:42:19.619+0000] {processor.py:839} INFO - DAG(s) dict_keys(['nyc_weather_etl']) retrieved from /opt/airflow/dags/nyc_weather_etl.py
[2025-10-26T07:42:19.634+0000] {logging_mixin.py:151} INFO - [2025-10-26T07:42:19.633+0000] {dag.py:2915} INFO - Sync 1 DAGs
[2025-10-26T07:42:19.643+0000] {logging_mixin.py:151} INFO - [2025-10-26T07:42:19.643+0000] {dag.py:3696} INFO - Setting next_dagrun for nyc_weather_etl to 2025-10-26T07:37:44.609647+00:00, run_after=2025-10-26T08:37:44.609647+00:00
[2025-10-26T07:42:19.654+0000] {processor.py:179} INFO - Processing /opt/airflow/dags/nyc_weather_etl.py took 0.151 seconds
[2025-10-26T07:42:50.091+0000] {processor.py:157} INFO - Started process (PID=1185) to work on /opt/airflow/dags/nyc_weather_etl.py
[2025-10-26T07:42:50.091+0000] {processor.py:829} INFO - Processing file /opt/airflow/dags/nyc_weather_etl.py for tasks to queue
[2025-10-26T07:42:50.092+0000] {logging_mixin.py:151} INFO - [2025-10-26T07:42:50.092+0000] {dagbag.py:539} INFO - Filling up the DagBag from /opt/airflow/dags/nyc_weather_etl.py
[2025-10-26T07:42:50.202+0000] {processor.py:839} INFO - DAG(s) dict_keys(['nyc_weather_etl']) retrieved from /opt/airflow/dags/nyc_weather_etl.py
[2025-10-26T07:42:50.215+0000] {logging_mixin.py:151} INFO - [2025-10-26T07:42:50.215+0000] {dag.py:2915} INFO - Sync 1 DAGs
[2025-10-26T07:42:50.292+0000] {logging_mixin.py:151} INFO - [2025-10-26T07:42:50.292+0000] {dag.py:3696} INFO - Setting next_dagrun for nyc_weather_etl to 2025-10-26T07:37:44.609647+00:00, run_after=2025-10-26T08:37:44.609647+00:00
[2025-10-26T07:42:50.300+0000] {processor.py:179} INFO - Processing /opt/airflow/dags/nyc_weather_etl.py took 0.211 seconds
[2025-10-26T07:43:20.702+0000] {processor.py:157} INFO - Started process (PID=1230) to work on /opt/airflow/dags/nyc_weather_etl.py
[2025-10-26T07:43:20.703+0000] {processor.py:829} INFO - Processing file /opt/airflow/dags/nyc_weather_etl.py for tasks to queue
[2025-10-26T07:43:20.704+0000] {logging_mixin.py:151} INFO - [2025-10-26T07:43:20.704+0000] {dagbag.py:539} INFO - Filling up the DagBag from /opt/airflow/dags/nyc_weather_etl.py
[2025-10-26T07:43:20.819+0000] {processor.py:839} INFO - DAG(s) dict_keys(['nyc_weather_etl']) retrieved from /opt/airflow/dags/nyc_weather_etl.py
[2025-10-26T07:43:20.831+0000] {logging_mixin.py:151} INFO - [2025-10-26T07:43:20.831+0000] {dag.py:2915} INFO - Sync 1 DAGs
[2025-10-26T07:43:20.839+0000] {logging_mixin.py:151} INFO - [2025-10-26T07:43:20.839+0000] {dag.py:3696} INFO - Setting next_dagrun for nyc_weather_etl to 2025-10-26T07:37:44.609647+00:00, run_after=2025-10-26T08:37:44.609647+00:00
[2025-10-26T07:43:20.920+0000] {processor.py:179} INFO - Processing /opt/airflow/dags/nyc_weather_etl.py took 0.221 seconds
[2025-10-26T07:43:51.292+0000] {processor.py:157} INFO - Started process (PID=1275) to work on /opt/airflow/dags/nyc_weather_etl.py
[2025-10-26T07:43:51.293+0000] {processor.py:829} INFO - Processing file /opt/airflow/dags/nyc_weather_etl.py for tasks to queue
[2025-10-26T07:43:51.294+0000] {logging_mixin.py:151} INFO - [2025-10-26T07:43:51.294+0000] {dagbag.py:539} INFO - Filling up the DagBag from /opt/airflow/dags/nyc_weather_etl.py
[2025-10-26T07:43:51.406+0000] {processor.py:839} INFO - DAG(s) dict_keys(['nyc_weather_etl']) retrieved from /opt/airflow/dags/nyc_weather_etl.py
[2025-10-26T07:43:51.492+0000] {logging_mixin.py:151} INFO - [2025-10-26T07:43:51.492+0000] {dag.py:2915} INFO - Sync 1 DAGs
[2025-10-26T07:43:51.499+0000] {logging_mixin.py:151} INFO - [2025-10-26T07:43:51.499+0000] {dag.py:3696} INFO - Setting next_dagrun for nyc_weather_etl to 2025-10-26T07:37:44.609647+00:00, run_after=2025-10-26T08:37:44.609647+00:00
[2025-10-26T07:43:51.506+0000] {processor.py:179} INFO - Processing /opt/airflow/dags/nyc_weather_etl.py took 0.216 seconds
[2025-10-26T07:44:21.909+0000] {processor.py:157} INFO - Started process (PID=1320) to work on /opt/airflow/dags/nyc_weather_etl.py
[2025-10-26T07:44:21.909+0000] {processor.py:829} INFO - Processing file /opt/airflow/dags/nyc_weather_etl.py for tasks to queue
[2025-10-26T07:44:21.911+0000] {logging_mixin.py:151} INFO - [2025-10-26T07:44:21.911+0000] {dagbag.py:539} INFO - Filling up the DagBag from /opt/airflow/dags/nyc_weather_etl.py
[2025-10-26T07:44:22.091+0000] {processor.py:839} INFO - DAG(s) dict_keys(['nyc_weather_etl']) retrieved from /opt/airflow/dags/nyc_weather_etl.py
[2025-10-26T07:44:22.102+0000] {logging_mixin.py:151} INFO - [2025-10-26T07:44:22.101+0000] {dag.py:2915} INFO - Sync 1 DAGs
[2025-10-26T07:44:22.109+0000] {logging_mixin.py:151} INFO - [2025-10-26T07:44:22.109+0000] {dag.py:3696} INFO - Setting next_dagrun for nyc_weather_etl to 2025-10-26T07:37:44.609647+00:00, run_after=2025-10-26T08:37:44.609647+00:00
[2025-10-26T07:44:22.115+0000] {processor.py:179} INFO - Processing /opt/airflow/dags/nyc_weather_etl.py took 0.210 seconds
[2025-10-26T07:44:52.507+0000] {processor.py:157} INFO - Started process (PID=1365) to work on /opt/airflow/dags/nyc_weather_etl.py
[2025-10-26T07:44:52.509+0000] {processor.py:829} INFO - Processing file /opt/airflow/dags/nyc_weather_etl.py for tasks to queue
[2025-10-26T07:44:52.510+0000] {logging_mixin.py:151} INFO - [2025-10-26T07:44:52.510+0000] {dagbag.py:539} INFO - Filling up the DagBag from /opt/airflow/dags/nyc_weather_etl.py
[2025-10-26T07:44:52.698+0000] {processor.py:839} INFO - DAG(s) dict_keys(['nyc_weather_etl']) retrieved from /opt/airflow/dags/nyc_weather_etl.py
[2025-10-26T07:44:52.710+0000] {logging_mixin.py:151} INFO - [2025-10-26T07:44:52.709+0000] {dag.py:2915} INFO - Sync 1 DAGs
[2025-10-26T07:44:52.718+0000] {logging_mixin.py:151} INFO - [2025-10-26T07:44:52.718+0000] {dag.py:3696} INFO - Setting next_dagrun for nyc_weather_etl to 2025-10-26T07:37:44.609647+00:00, run_after=2025-10-26T08:37:44.609647+00:00
[2025-10-26T07:44:52.728+0000] {processor.py:179} INFO - Processing /opt/airflow/dags/nyc_weather_etl.py took 0.223 seconds
[2025-10-26T07:45:23.116+0000] {processor.py:157} INFO - Started process (PID=1410) to work on /opt/airflow/dags/nyc_weather_etl.py
[2025-10-26T07:45:23.116+0000] {processor.py:829} INFO - Processing file /opt/airflow/dags/nyc_weather_etl.py for tasks to queue
[2025-10-26T07:45:23.117+0000] {logging_mixin.py:151} INFO - [2025-10-26T07:45:23.117+0000] {dagbag.py:539} INFO - Filling up the DagBag from /opt/airflow/dags/nyc_weather_etl.py
[2025-10-26T07:45:23.295+0000] {processor.py:839} INFO - DAG(s) dict_keys(['nyc_weather_etl']) retrieved from /opt/airflow/dags/nyc_weather_etl.py
[2025-10-26T07:45:23.306+0000] {logging_mixin.py:151} INFO - [2025-10-26T07:45:23.306+0000] {dag.py:2915} INFO - Sync 1 DAGs
[2025-10-26T07:45:23.314+0000] {logging_mixin.py:151} INFO - [2025-10-26T07:45:23.314+0000] {dag.py:3696} INFO - Setting next_dagrun for nyc_weather_etl to 2025-10-26T07:37:44.609647+00:00, run_after=2025-10-26T08:37:44.609647+00:00
[2025-10-26T07:45:23.320+0000] {processor.py:179} INFO - Processing /opt/airflow/dags/nyc_weather_etl.py took 0.206 seconds
[2025-10-26T07:45:53.733+0000] {processor.py:157} INFO - Started process (PID=1462) to work on /opt/airflow/dags/nyc_weather_etl.py
[2025-10-26T07:45:53.734+0000] {processor.py:829} INFO - Processing file /opt/airflow/dags/nyc_weather_etl.py for tasks to queue
[2025-10-26T07:45:53.735+0000] {logging_mixin.py:151} INFO - [2025-10-26T07:45:53.735+0000] {dagbag.py:539} INFO - Filling up the DagBag from /opt/airflow/dags/nyc_weather_etl.py
[2025-10-26T07:45:53.940+0000] {processor.py:839} INFO - DAG(s) dict_keys(['nyc_weather_etl']) retrieved from /opt/airflow/dags/nyc_weather_etl.py
[2025-10-26T07:45:53.949+0000] {logging_mixin.py:151} INFO - [2025-10-26T07:45:53.949+0000] {dag.py:2915} INFO - Sync 1 DAGs
[2025-10-26T07:45:53.956+0000] {logging_mixin.py:151} INFO - [2025-10-26T07:45:53.956+0000] {dag.py:3696} INFO - Setting next_dagrun for nyc_weather_etl to 2025-10-26T07:37:44.609647+00:00, run_after=2025-10-26T08:37:44.609647+00:00
[2025-10-26T07:45:53.962+0000] {processor.py:179} INFO - Processing /opt/airflow/dags/nyc_weather_etl.py took 0.232 seconds
[2025-10-26T07:46:24.379+0000] {processor.py:157} INFO - Started process (PID=1507) to work on /opt/airflow/dags/nyc_weather_etl.py
[2025-10-26T07:46:24.379+0000] {processor.py:829} INFO - Processing file /opt/airflow/dags/nyc_weather_etl.py for tasks to queue
[2025-10-26T07:46:24.381+0000] {logging_mixin.py:151} INFO - [2025-10-26T07:46:24.380+0000] {dagbag.py:539} INFO - Filling up the DagBag from /opt/airflow/dags/nyc_weather_etl.py
[2025-10-26T07:46:24.563+0000] {processor.py:839} INFO - DAG(s) dict_keys(['nyc_weather_etl']) retrieved from /opt/airflow/dags/nyc_weather_etl.py
[2025-10-26T07:46:24.573+0000] {logging_mixin.py:151} INFO - [2025-10-26T07:46:24.572+0000] {dag.py:2915} INFO - Sync 1 DAGs
[2025-10-26T07:46:24.580+0000] {logging_mixin.py:151} INFO - [2025-10-26T07:46:24.580+0000] {dag.py:3696} INFO - Setting next_dagrun for nyc_weather_etl to 2025-10-26T07:37:44.609647+00:00, run_after=2025-10-26T08:37:44.609647+00:00
[2025-10-26T07:46:24.586+0000] {processor.py:179} INFO - Processing /opt/airflow/dags/nyc_weather_etl.py took 0.210 seconds
[2025-10-26T07:46:54.991+0000] {processor.py:157} INFO - Started process (PID=1552) to work on /opt/airflow/dags/nyc_weather_etl.py
[2025-10-26T07:46:54.992+0000] {processor.py:829} INFO - Processing file /opt/airflow/dags/nyc_weather_etl.py for tasks to queue
[2025-10-26T07:46:54.994+0000] {logging_mixin.py:151} INFO - [2025-10-26T07:46:54.994+0000] {dagbag.py:539} INFO - Filling up the DagBag from /opt/airflow/dags/nyc_weather_etl.py
[2025-10-26T07:46:55.202+0000] {processor.py:839} INFO - DAG(s) dict_keys(['nyc_weather_etl']) retrieved from /opt/airflow/dags/nyc_weather_etl.py
[2025-10-26T07:46:55.214+0000] {logging_mixin.py:151} INFO - [2025-10-26T07:46:55.213+0000] {dag.py:2915} INFO - Sync 1 DAGs
[2025-10-26T07:46:55.221+0000] {logging_mixin.py:151} INFO - [2025-10-26T07:46:55.221+0000] {dag.py:3696} INFO - Setting next_dagrun for nyc_weather_etl to 2025-10-26T07:37:44.609647+00:00, run_after=2025-10-26T08:37:44.609647+00:00
[2025-10-26T07:46:55.228+0000] {processor.py:179} INFO - Processing /opt/airflow/dags/nyc_weather_etl.py took 0.240 seconds
[2025-10-26T07:47:25.631+0000] {processor.py:157} INFO - Started process (PID=1597) to work on /opt/airflow/dags/nyc_weather_etl.py
[2025-10-26T07:47:25.632+0000] {processor.py:829} INFO - Processing file /opt/airflow/dags/nyc_weather_etl.py for tasks to queue
[2025-10-26T07:47:25.634+0000] {logging_mixin.py:151} INFO - [2025-10-26T07:47:25.634+0000] {dagbag.py:539} INFO - Filling up the DagBag from /opt/airflow/dags/nyc_weather_etl.py
[2025-10-26T07:47:25.825+0000] {processor.py:839} INFO - DAG(s) dict_keys(['nyc_weather_etl']) retrieved from /opt/airflow/dags/nyc_weather_etl.py
[2025-10-26T07:47:25.836+0000] {logging_mixin.py:151} INFO - [2025-10-26T07:47:25.835+0000] {dag.py:2915} INFO - Sync 1 DAGs
[2025-10-26T07:47:25.845+0000] {logging_mixin.py:151} INFO - [2025-10-26T07:47:25.845+0000] {dag.py:3696} INFO - Setting next_dagrun for nyc_weather_etl to 2025-10-26T07:37:44.609647+00:00, run_after=2025-10-26T08:37:44.609647+00:00
[2025-10-26T07:47:25.852+0000] {processor.py:179} INFO - Processing /opt/airflow/dags/nyc_weather_etl.py took 0.223 seconds
[2025-10-26T07:47:56.224+0000] {processor.py:157} INFO - Started process (PID=1642) to work on /opt/airflow/dags/nyc_weather_etl.py
[2025-10-26T07:47:56.224+0000] {processor.py:829} INFO - Processing file /opt/airflow/dags/nyc_weather_etl.py for tasks to queue
[2025-10-26T07:47:56.225+0000] {logging_mixin.py:151} INFO - [2025-10-26T07:47:56.225+0000] {dagbag.py:539} INFO - Filling up the DagBag from /opt/airflow/dags/nyc_weather_etl.py
[2025-10-26T07:47:56.410+0000] {processor.py:839} INFO - DAG(s) dict_keys(['nyc_weather_etl']) retrieved from /opt/airflow/dags/nyc_weather_etl.py
[2025-10-26T07:47:56.423+0000] {logging_mixin.py:151} INFO - [2025-10-26T07:47:56.422+0000] {dag.py:2915} INFO - Sync 1 DAGs
[2025-10-26T07:47:56.430+0000] {logging_mixin.py:151} INFO - [2025-10-26T07:47:56.430+0000] {dag.py:3696} INFO - Setting next_dagrun for nyc_weather_etl to 2025-10-26T07:37:44.609647+00:00, run_after=2025-10-26T08:37:44.609647+00:00
[2025-10-26T07:47:56.436+0000] {processor.py:179} INFO - Processing /opt/airflow/dags/nyc_weather_etl.py took 0.214 seconds
[2025-10-26T07:48:26.831+0000] {processor.py:157} INFO - Started process (PID=1687) to work on /opt/airflow/dags/nyc_weather_etl.py
[2025-10-26T07:48:26.831+0000] {processor.py:829} INFO - Processing file /opt/airflow/dags/nyc_weather_etl.py for tasks to queue
[2025-10-26T07:48:26.833+0000] {logging_mixin.py:151} INFO - [2025-10-26T07:48:26.833+0000] {dagbag.py:539} INFO - Filling up the DagBag from /opt/airflow/dags/nyc_weather_etl.py
[2025-10-26T07:48:27.017+0000] {processor.py:839} INFO - DAG(s) dict_keys(['nyc_weather_etl']) retrieved from /opt/airflow/dags/nyc_weather_etl.py
[2025-10-26T07:48:27.027+0000] {logging_mixin.py:151} INFO - [2025-10-26T07:48:27.026+0000] {dag.py:2915} INFO - Sync 1 DAGs
[2025-10-26T07:48:27.034+0000] {logging_mixin.py:151} INFO - [2025-10-26T07:48:27.034+0000] {dag.py:3696} INFO - Setting next_dagrun for nyc_weather_etl to 2025-10-26T07:37:44.609647+00:00, run_after=2025-10-26T08:37:44.609647+00:00
[2025-10-26T07:48:27.039+0000] {processor.py:179} INFO - Processing /opt/airflow/dags/nyc_weather_etl.py took 0.212 seconds
[2025-10-26T07:48:57.429+0000] {processor.py:157} INFO - Started process (PID=1732) to work on /opt/airflow/dags/nyc_weather_etl.py
[2025-10-26T07:48:57.430+0000] {processor.py:829} INFO - Processing file /opt/airflow/dags/nyc_weather_etl.py for tasks to queue
[2025-10-26T07:48:57.431+0000] {logging_mixin.py:151} INFO - [2025-10-26T07:48:57.431+0000] {dagbag.py:539} INFO - Filling up the DagBag from /opt/airflow/dags/nyc_weather_etl.py
[2025-10-26T07:48:57.622+0000] {processor.py:839} INFO - DAG(s) dict_keys(['nyc_weather_etl']) retrieved from /opt/airflow/dags/nyc_weather_etl.py
[2025-10-26T07:48:57.633+0000] {logging_mixin.py:151} INFO - [2025-10-26T07:48:57.632+0000] {dag.py:2915} INFO - Sync 1 DAGs
[2025-10-26T07:48:57.641+0000] {logging_mixin.py:151} INFO - [2025-10-26T07:48:57.641+0000] {dag.py:3696} INFO - Setting next_dagrun for nyc_weather_etl to 2025-10-26T07:37:44.609647+00:00, run_after=2025-10-26T08:37:44.609647+00:00
[2025-10-26T07:48:57.646+0000] {processor.py:179} INFO - Processing /opt/airflow/dags/nyc_weather_etl.py took 0.219 seconds
[2025-10-26T07:49:28.040+0000] {processor.py:157} INFO - Started process (PID=1777) to work on /opt/airflow/dags/nyc_weather_etl.py
[2025-10-26T07:49:28.041+0000] {processor.py:829} INFO - Processing file /opt/airflow/dags/nyc_weather_etl.py for tasks to queue
[2025-10-26T07:49:28.043+0000] {logging_mixin.py:151} INFO - [2025-10-26T07:49:28.042+0000] {dagbag.py:539} INFO - Filling up the DagBag from /opt/airflow/dags/nyc_weather_etl.py
[2025-10-26T07:49:28.225+0000] {processor.py:839} INFO - DAG(s) dict_keys(['nyc_weather_etl']) retrieved from /opt/airflow/dags/nyc_weather_etl.py
[2025-10-26T07:49:28.246+0000] {logging_mixin.py:151} INFO - [2025-10-26T07:49:28.245+0000] {dag.py:2915} INFO - Sync 1 DAGs
[2025-10-26T07:49:28.258+0000] {logging_mixin.py:151} INFO - [2025-10-26T07:49:28.257+0000] {dag.py:3696} INFO - Setting next_dagrun for nyc_weather_etl to 2025-10-26T07:37:44.609647+00:00, run_after=2025-10-26T08:37:44.609647+00:00
[2025-10-26T07:49:28.263+0000] {processor.py:179} INFO - Processing /opt/airflow/dags/nyc_weather_etl.py took 0.226 seconds
[2025-10-26T07:49:58.643+0000] {processor.py:157} INFO - Started process (PID=1822) to work on /opt/airflow/dags/nyc_weather_etl.py
[2025-10-26T07:49:58.644+0000] {processor.py:829} INFO - Processing file /opt/airflow/dags/nyc_weather_etl.py for tasks to queue
[2025-10-26T07:49:58.646+0000] {logging_mixin.py:151} INFO - [2025-10-26T07:49:58.646+0000] {dagbag.py:539} INFO - Filling up the DagBag from /opt/airflow/dags/nyc_weather_etl.py
[2025-10-26T07:49:58.830+0000] {processor.py:839} INFO - DAG(s) dict_keys(['nyc_weather_etl']) retrieved from /opt/airflow/dags/nyc_weather_etl.py
[2025-10-26T07:49:58.843+0000] {logging_mixin.py:151} INFO - [2025-10-26T07:49:58.843+0000] {dag.py:2915} INFO - Sync 1 DAGs
[2025-10-26T07:49:58.851+0000] {logging_mixin.py:151} INFO - [2025-10-26T07:49:58.851+0000] {dag.py:3696} INFO - Setting next_dagrun for nyc_weather_etl to 2025-10-26T07:37:44.609647+00:00, run_after=2025-10-26T08:37:44.609647+00:00
[2025-10-26T07:49:58.857+0000] {processor.py:179} INFO - Processing /opt/airflow/dags/nyc_weather_etl.py took 0.216 seconds
[2025-10-26T07:50:29.261+0000] {processor.py:157} INFO - Started process (PID=1867) to work on /opt/airflow/dags/nyc_weather_etl.py
[2025-10-26T07:50:29.262+0000] {processor.py:829} INFO - Processing file /opt/airflow/dags/nyc_weather_etl.py for tasks to queue
[2025-10-26T07:50:29.264+0000] {logging_mixin.py:151} INFO - [2025-10-26T07:50:29.264+0000] {dagbag.py:539} INFO - Filling up the DagBag from /opt/airflow/dags/nyc_weather_etl.py
[2025-10-26T07:50:29.445+0000] {processor.py:839} INFO - DAG(s) dict_keys(['nyc_weather_etl']) retrieved from /opt/airflow/dags/nyc_weather_etl.py
[2025-10-26T07:50:29.456+0000] {logging_mixin.py:151} INFO - [2025-10-26T07:50:29.456+0000] {dag.py:2915} INFO - Sync 1 DAGs
[2025-10-26T07:50:29.465+0000] {logging_mixin.py:151} INFO - [2025-10-26T07:50:29.465+0000] {dag.py:3696} INFO - Setting next_dagrun for nyc_weather_etl to 2025-10-26T07:37:44.609647+00:00, run_after=2025-10-26T08:37:44.609647+00:00
[2025-10-26T07:50:29.471+0000] {processor.py:179} INFO - Processing /opt/airflow/dags/nyc_weather_etl.py took 0.213 seconds
[2025-10-26T07:50:59.881+0000] {processor.py:157} INFO - Started process (PID=1912) to work on /opt/airflow/dags/nyc_weather_etl.py
[2025-10-26T07:50:59.881+0000] {processor.py:829} INFO - Processing file /opt/airflow/dags/nyc_weather_etl.py for tasks to queue
[2025-10-26T07:50:59.883+0000] {logging_mixin.py:151} INFO - [2025-10-26T07:50:59.882+0000] {dagbag.py:539} INFO - Filling up the DagBag from /opt/airflow/dags/nyc_weather_etl.py
[2025-10-26T07:51:00.070+0000] {processor.py:839} INFO - DAG(s) dict_keys(['nyc_weather_etl']) retrieved from /opt/airflow/dags/nyc_weather_etl.py
[2025-10-26T07:51:00.091+0000] {logging_mixin.py:151} INFO - [2025-10-26T07:51:00.091+0000] {dag.py:2915} INFO - Sync 1 DAGs
[2025-10-26T07:51:00.099+0000] {logging_mixin.py:151} INFO - [2025-10-26T07:51:00.099+0000] {dag.py:3696} INFO - Setting next_dagrun for nyc_weather_etl to 2025-10-26T07:37:44.609647+00:00, run_after=2025-10-26T08:37:44.609647+00:00
[2025-10-26T07:51:00.105+0000] {processor.py:179} INFO - Processing /opt/airflow/dags/nyc_weather_etl.py took 0.228 seconds
[2025-10-26T07:51:30.493+0000] {processor.py:157} INFO - Started process (PID=1956) to work on /opt/airflow/dags/nyc_weather_etl.py
[2025-10-26T07:51:30.494+0000] {processor.py:829} INFO - Processing file /opt/airflow/dags/nyc_weather_etl.py for tasks to queue
[2025-10-26T07:51:30.495+0000] {logging_mixin.py:151} INFO - [2025-10-26T07:51:30.495+0000] {dagbag.py:539} INFO - Filling up the DagBag from /opt/airflow/dags/nyc_weather_etl.py
[2025-10-26T07:51:30.678+0000] {processor.py:839} INFO - DAG(s) dict_keys(['nyc_weather_etl']) retrieved from /opt/airflow/dags/nyc_weather_etl.py
[2025-10-26T07:51:30.693+0000] {logging_mixin.py:151} INFO - [2025-10-26T07:51:30.692+0000] {dag.py:2915} INFO - Sync 1 DAGs
[2025-10-26T07:51:30.699+0000] {logging_mixin.py:151} INFO - [2025-10-26T07:51:30.699+0000] {dag.py:3696} INFO - Setting next_dagrun for nyc_weather_etl to 2025-10-26T07:37:44.609647+00:00, run_after=2025-10-26T08:37:44.609647+00:00
[2025-10-26T07:51:30.705+0000] {processor.py:179} INFO - Processing /opt/airflow/dags/nyc_weather_etl.py took 0.215 seconds
[2025-10-26T07:52:01.109+0000] {processor.py:157} INFO - Started process (PID=2001) to work on /opt/airflow/dags/nyc_weather_etl.py
[2025-10-26T07:52:01.110+0000] {processor.py:829} INFO - Processing file /opt/airflow/dags/nyc_weather_etl.py for tasks to queue
[2025-10-26T07:52:01.112+0000] {logging_mixin.py:151} INFO - [2025-10-26T07:52:01.111+0000] {dagbag.py:539} INFO - Filling up the DagBag from /opt/airflow/dags/nyc_weather_etl.py
[2025-10-26T07:52:01.294+0000] {processor.py:839} INFO - DAG(s) dict_keys(['nyc_weather_etl']) retrieved from /opt/airflow/dags/nyc_weather_etl.py
[2025-10-26T07:52:01.305+0000] {logging_mixin.py:151} INFO - [2025-10-26T07:52:01.305+0000] {dag.py:2915} INFO - Sync 1 DAGs
[2025-10-26T07:52:01.312+0000] {logging_mixin.py:151} INFO - [2025-10-26T07:52:01.312+0000] {dag.py:3696} INFO - Setting next_dagrun for nyc_weather_etl to 2025-10-26T07:37:44.609647+00:00, run_after=2025-10-26T08:37:44.609647+00:00
[2025-10-26T07:52:01.318+0000] {processor.py:179} INFO - Processing /opt/airflow/dags/nyc_weather_etl.py took 0.212 seconds
[2025-10-26T07:52:31.709+0000] {processor.py:157} INFO - Started process (PID=2046) to work on /opt/airflow/dags/nyc_weather_etl.py
[2025-10-26T07:52:31.709+0000] {processor.py:829} INFO - Processing file /opt/airflow/dags/nyc_weather_etl.py for tasks to queue
[2025-10-26T07:52:31.710+0000] {logging_mixin.py:151} INFO - [2025-10-26T07:52:31.710+0000] {dagbag.py:539} INFO - Filling up the DagBag from /opt/airflow/dags/nyc_weather_etl.py
[2025-10-26T07:52:31.888+0000] {processor.py:839} INFO - DAG(s) dict_keys(['nyc_weather_etl']) retrieved from /opt/airflow/dags/nyc_weather_etl.py
[2025-10-26T07:52:31.899+0000] {logging_mixin.py:151} INFO - [2025-10-26T07:52:31.899+0000] {dag.py:2915} INFO - Sync 1 DAGs
[2025-10-26T07:52:31.907+0000] {logging_mixin.py:151} INFO - [2025-10-26T07:52:31.907+0000] {dag.py:3696} INFO - Setting next_dagrun for nyc_weather_etl to 2025-10-26T07:37:44.609647+00:00, run_after=2025-10-26T08:37:44.609647+00:00
[2025-10-26T07:52:31.914+0000] {processor.py:179} INFO - Processing /opt/airflow/dags/nyc_weather_etl.py took 0.208 seconds
[2025-10-26T07:53:02.326+0000] {processor.py:157} INFO - Started process (PID=2091) to work on /opt/airflow/dags/nyc_weather_etl.py
[2025-10-26T07:53:02.327+0000] {processor.py:829} INFO - Processing file /opt/airflow/dags/nyc_weather_etl.py for tasks to queue
[2025-10-26T07:53:02.328+0000] {logging_mixin.py:151} INFO - [2025-10-26T07:53:02.328+0000] {dagbag.py:539} INFO - Filling up the DagBag from /opt/airflow/dags/nyc_weather_etl.py
[2025-10-26T07:53:02.511+0000] {processor.py:839} INFO - DAG(s) dict_keys(['nyc_weather_etl']) retrieved from /opt/airflow/dags/nyc_weather_etl.py
[2025-10-26T07:53:02.524+0000] {logging_mixin.py:151} INFO - [2025-10-26T07:53:02.524+0000] {dag.py:2915} INFO - Sync 1 DAGs
[2025-10-26T07:53:02.531+0000] {logging_mixin.py:151} INFO - [2025-10-26T07:53:02.531+0000] {dag.py:3696} INFO - Setting next_dagrun for nyc_weather_etl to 2025-10-26T07:37:44.609647+00:00, run_after=2025-10-26T08:37:44.609647+00:00
[2025-10-26T07:53:02.538+0000] {processor.py:179} INFO - Processing /opt/airflow/dags/nyc_weather_etl.py took 0.215 seconds
[2025-10-26T07:53:32.936+0000] {processor.py:157} INFO - Started process (PID=2136) to work on /opt/airflow/dags/nyc_weather_etl.py
[2025-10-26T07:53:32.936+0000] {processor.py:829} INFO - Processing file /opt/airflow/dags/nyc_weather_etl.py for tasks to queue
[2025-10-26T07:53:32.937+0000] {logging_mixin.py:151} INFO - [2025-10-26T07:53:32.937+0000] {dagbag.py:539} INFO - Filling up the DagBag from /opt/airflow/dags/nyc_weather_etl.py
[2025-10-26T07:53:33.117+0000] {processor.py:839} INFO - DAG(s) dict_keys(['nyc_weather_etl']) retrieved from /opt/airflow/dags/nyc_weather_etl.py
[2025-10-26T07:53:33.129+0000] {logging_mixin.py:151} INFO - [2025-10-26T07:53:33.128+0000] {dag.py:2915} INFO - Sync 1 DAGs
[2025-10-26T07:53:33.136+0000] {logging_mixin.py:151} INFO - [2025-10-26T07:53:33.136+0000] {dag.py:3696} INFO - Setting next_dagrun for nyc_weather_etl to 2025-10-26T07:37:44.609647+00:00, run_after=2025-10-26T08:37:44.609647+00:00
[2025-10-26T07:53:33.141+0000] {processor.py:179} INFO - Processing /opt/airflow/dags/nyc_weather_etl.py took 0.207 seconds
[2025-10-26T07:54:03.568+0000] {processor.py:157} INFO - Started process (PID=2181) to work on /opt/airflow/dags/nyc_weather_etl.py
[2025-10-26T07:54:03.569+0000] {processor.py:829} INFO - Processing file /opt/airflow/dags/nyc_weather_etl.py for tasks to queue
[2025-10-26T07:54:03.570+0000] {logging_mixin.py:151} INFO - [2025-10-26T07:54:03.570+0000] {dagbag.py:539} INFO - Filling up the DagBag from /opt/airflow/dags/nyc_weather_etl.py
[2025-10-26T07:54:03.774+0000] {processor.py:839} INFO - DAG(s) dict_keys(['nyc_weather_etl']) retrieved from /opt/airflow/dags/nyc_weather_etl.py
[2025-10-26T07:54:03.787+0000] {logging_mixin.py:151} INFO - [2025-10-26T07:54:03.787+0000] {dag.py:2915} INFO - Sync 1 DAGs
[2025-10-26T07:54:03.797+0000] {logging_mixin.py:151} INFO - [2025-10-26T07:54:03.797+0000] {dag.py:3696} INFO - Setting next_dagrun for nyc_weather_etl to 2025-10-26T07:37:44.609647+00:00, run_after=2025-10-26T08:37:44.609647+00:00
[2025-10-26T07:54:03.804+0000] {processor.py:179} INFO - Processing /opt/airflow/dags/nyc_weather_etl.py took 0.238 seconds
[2025-10-26T07:54:34.216+0000] {processor.py:157} INFO - Started process (PID=2226) to work on /opt/airflow/dags/nyc_weather_etl.py
[2025-10-26T07:54:34.217+0000] {processor.py:829} INFO - Processing file /opt/airflow/dags/nyc_weather_etl.py for tasks to queue
[2025-10-26T07:54:34.219+0000] {logging_mixin.py:151} INFO - [2025-10-26T07:54:34.218+0000] {dagbag.py:539} INFO - Filling up the DagBag from /opt/airflow/dags/nyc_weather_etl.py
[2025-10-26T07:54:34.403+0000] {processor.py:839} INFO - DAG(s) dict_keys(['nyc_weather_etl']) retrieved from /opt/airflow/dags/nyc_weather_etl.py
[2025-10-26T07:54:34.414+0000] {logging_mixin.py:151} INFO - [2025-10-26T07:54:34.414+0000] {dag.py:2915} INFO - Sync 1 DAGs
[2025-10-26T07:54:34.421+0000] {logging_mixin.py:151} INFO - [2025-10-26T07:54:34.421+0000] {dag.py:3696} INFO - Setting next_dagrun for nyc_weather_etl to 2025-10-26T07:37:44.609647+00:00, run_after=2025-10-26T08:37:44.609647+00:00
[2025-10-26T07:54:34.429+0000] {processor.py:179} INFO - Processing /opt/airflow/dags/nyc_weather_etl.py took 0.215 seconds
[2025-10-26T07:55:04.827+0000] {processor.py:157} INFO - Started process (PID=2271) to work on /opt/airflow/dags/nyc_weather_etl.py
[2025-10-26T07:55:04.828+0000] {processor.py:829} INFO - Processing file /opt/airflow/dags/nyc_weather_etl.py for tasks to queue
[2025-10-26T07:55:04.830+0000] {logging_mixin.py:151} INFO - [2025-10-26T07:55:04.830+0000] {dagbag.py:539} INFO - Filling up the DagBag from /opt/airflow/dags/nyc_weather_etl.py
[2025-10-26T07:55:05.011+0000] {processor.py:839} INFO - DAG(s) dict_keys(['nyc_weather_etl']) retrieved from /opt/airflow/dags/nyc_weather_etl.py
[2025-10-26T07:55:05.022+0000] {logging_mixin.py:151} INFO - [2025-10-26T07:55:05.022+0000] {dag.py:2915} INFO - Sync 1 DAGs
[2025-10-26T07:55:05.030+0000] {logging_mixin.py:151} INFO - [2025-10-26T07:55:05.030+0000] {dag.py:3696} INFO - Setting next_dagrun for nyc_weather_etl to 2025-10-26T07:37:44.609647+00:00, run_after=2025-10-26T08:37:44.609647+00:00
[2025-10-26T07:55:05.036+0000] {processor.py:179} INFO - Processing /opt/airflow/dags/nyc_weather_etl.py took 0.211 seconds
[2025-10-26T07:55:35.436+0000] {processor.py:157} INFO - Started process (PID=2316) to work on /opt/airflow/dags/nyc_weather_etl.py
[2025-10-26T07:55:35.437+0000] {processor.py:829} INFO - Processing file /opt/airflow/dags/nyc_weather_etl.py for tasks to queue
[2025-10-26T07:55:35.438+0000] {logging_mixin.py:151} INFO - [2025-10-26T07:55:35.438+0000] {dagbag.py:539} INFO - Filling up the DagBag from /opt/airflow/dags/nyc_weather_etl.py
[2025-10-26T07:55:35.614+0000] {processor.py:839} INFO - DAG(s) dict_keys(['nyc_weather_etl']) retrieved from /opt/airflow/dags/nyc_weather_etl.py
[2025-10-26T07:55:35.624+0000] {logging_mixin.py:151} INFO - [2025-10-26T07:55:35.624+0000] {dag.py:2915} INFO - Sync 1 DAGs
[2025-10-26T07:55:35.631+0000] {logging_mixin.py:151} INFO - [2025-10-26T07:55:35.631+0000] {dag.py:3696} INFO - Setting next_dagrun for nyc_weather_etl to 2025-10-26T07:37:44.609647+00:00, run_after=2025-10-26T08:37:44.609647+00:00
[2025-10-26T07:55:35.639+0000] {processor.py:179} INFO - Processing /opt/airflow/dags/nyc_weather_etl.py took 0.204 seconds
[2025-10-26T07:56:06.015+0000] {processor.py:157} INFO - Started process (PID=2361) to work on /opt/airflow/dags/nyc_weather_etl.py
[2025-10-26T07:56:06.016+0000] {processor.py:829} INFO - Processing file /opt/airflow/dags/nyc_weather_etl.py for tasks to queue
[2025-10-26T07:56:06.017+0000] {logging_mixin.py:151} INFO - [2025-10-26T07:56:06.017+0000] {dagbag.py:539} INFO - Filling up the DagBag from /opt/airflow/dags/nyc_weather_etl.py
[2025-10-26T07:56:06.196+0000] {processor.py:839} INFO - DAG(s) dict_keys(['nyc_weather_etl']) retrieved from /opt/airflow/dags/nyc_weather_etl.py
[2025-10-26T07:56:06.213+0000] {logging_mixin.py:151} INFO - [2025-10-26T07:56:06.212+0000] {dag.py:2915} INFO - Sync 1 DAGs
[2025-10-26T07:56:06.220+0000] {logging_mixin.py:151} INFO - [2025-10-26T07:56:06.220+0000] {dag.py:3696} INFO - Setting next_dagrun for nyc_weather_etl to 2025-10-26T07:37:44.609647+00:00, run_after=2025-10-26T08:37:44.609647+00:00
[2025-10-26T07:56:06.226+0000] {processor.py:179} INFO - Processing /opt/airflow/dags/nyc_weather_etl.py took 0.214 seconds
[2025-10-26T07:56:36.625+0000] {processor.py:157} INFO - Started process (PID=2406) to work on /opt/airflow/dags/nyc_weather_etl.py
[2025-10-26T07:56:36.625+0000] {processor.py:829} INFO - Processing file /opt/airflow/dags/nyc_weather_etl.py for tasks to queue
[2025-10-26T07:56:36.627+0000] {logging_mixin.py:151} INFO - [2025-10-26T07:56:36.627+0000] {dagbag.py:539} INFO - Filling up the DagBag from /opt/airflow/dags/nyc_weather_etl.py
[2025-10-26T07:56:36.808+0000] {processor.py:839} INFO - DAG(s) dict_keys(['nyc_weather_etl']) retrieved from /opt/airflow/dags/nyc_weather_etl.py
[2025-10-26T07:56:36.820+0000] {logging_mixin.py:151} INFO - [2025-10-26T07:56:36.820+0000] {dag.py:2915} INFO - Sync 1 DAGs
[2025-10-26T07:56:36.828+0000] {logging_mixin.py:151} INFO - [2025-10-26T07:56:36.828+0000] {dag.py:3696} INFO - Setting next_dagrun for nyc_weather_etl to 2025-10-26T07:37:44.609647+00:00, run_after=2025-10-26T08:37:44.609647+00:00
[2025-10-26T07:56:36.838+0000] {processor.py:179} INFO - Processing /opt/airflow/dags/nyc_weather_etl.py took 0.216 seconds
[2025-10-26T07:57:07.230+0000] {processor.py:157} INFO - Started process (PID=2451) to work on /opt/airflow/dags/nyc_weather_etl.py
[2025-10-26T07:57:07.230+0000] {processor.py:829} INFO - Processing file /opt/airflow/dags/nyc_weather_etl.py for tasks to queue
[2025-10-26T07:57:07.231+0000] {logging_mixin.py:151} INFO - [2025-10-26T07:57:07.231+0000] {dagbag.py:539} INFO - Filling up the DagBag from /opt/airflow/dags/nyc_weather_etl.py
[2025-10-26T07:57:07.408+0000] {processor.py:839} INFO - DAG(s) dict_keys(['nyc_weather_etl']) retrieved from /opt/airflow/dags/nyc_weather_etl.py
[2025-10-26T07:57:07.423+0000] {logging_mixin.py:151} INFO - [2025-10-26T07:57:07.423+0000] {dag.py:2915} INFO - Sync 1 DAGs
[2025-10-26T07:57:07.430+0000] {logging_mixin.py:151} INFO - [2025-10-26T07:57:07.429+0000] {dag.py:3696} INFO - Setting next_dagrun for nyc_weather_etl to 2025-10-26T07:37:44.609647+00:00, run_after=2025-10-26T08:37:44.609647+00:00
[2025-10-26T07:57:07.435+0000] {processor.py:179} INFO - Processing /opt/airflow/dags/nyc_weather_etl.py took 0.207 seconds
[2025-10-26T07:57:37.821+0000] {processor.py:157} INFO - Started process (PID=2496) to work on /opt/airflow/dags/nyc_weather_etl.py
[2025-10-26T07:57:37.821+0000] {processor.py:829} INFO - Processing file /opt/airflow/dags/nyc_weather_etl.py for tasks to queue
[2025-10-26T07:57:37.822+0000] {logging_mixin.py:151} INFO - [2025-10-26T07:57:37.822+0000] {dagbag.py:539} INFO - Filling up the DagBag from /opt/airflow/dags/nyc_weather_etl.py
[2025-10-26T07:57:37.998+0000] {processor.py:839} INFO - DAG(s) dict_keys(['nyc_weather_etl']) retrieved from /opt/airflow/dags/nyc_weather_etl.py
[2025-10-26T07:57:38.011+0000] {logging_mixin.py:151} INFO - [2025-10-26T07:57:38.010+0000] {dag.py:2915} INFO - Sync 1 DAGs
[2025-10-26T07:57:38.019+0000] {logging_mixin.py:151} INFO - [2025-10-26T07:57:38.019+0000] {dag.py:3696} INFO - Setting next_dagrun for nyc_weather_etl to 2025-10-26T07:37:44.609647+00:00, run_after=2025-10-26T08:37:44.609647+00:00
[2025-10-26T07:57:38.025+0000] {processor.py:179} INFO - Processing /opt/airflow/dags/nyc_weather_etl.py took 0.206 seconds
[2025-10-26T07:58:08.444+0000] {processor.py:157} INFO - Started process (PID=2541) to work on /opt/airflow/dags/nyc_weather_etl.py
[2025-10-26T07:58:08.445+0000] {processor.py:829} INFO - Processing file /opt/airflow/dags/nyc_weather_etl.py for tasks to queue
[2025-10-26T07:58:08.446+0000] {logging_mixin.py:151} INFO - [2025-10-26T07:58:08.446+0000] {dagbag.py:539} INFO - Filling up the DagBag from /opt/airflow/dags/nyc_weather_etl.py
[2025-10-26T07:58:08.629+0000] {processor.py:839} INFO - DAG(s) dict_keys(['nyc_weather_etl']) retrieved from /opt/airflow/dags/nyc_weather_etl.py
[2025-10-26T07:58:08.641+0000] {logging_mixin.py:151} INFO - [2025-10-26T07:58:08.640+0000] {dag.py:2915} INFO - Sync 1 DAGs
[2025-10-26T07:58:08.648+0000] {logging_mixin.py:151} INFO - [2025-10-26T07:58:08.648+0000] {dag.py:3696} INFO - Setting next_dagrun for nyc_weather_etl to 2025-10-26T07:37:44.609647+00:00, run_after=2025-10-26T08:37:44.609647+00:00
[2025-10-26T07:58:08.655+0000] {processor.py:179} INFO - Processing /opt/airflow/dags/nyc_weather_etl.py took 0.213 seconds
[2025-10-26T07:58:39.032+0000] {processor.py:157} INFO - Started process (PID=2586) to work on /opt/airflow/dags/nyc_weather_etl.py
[2025-10-26T07:58:39.033+0000] {processor.py:829} INFO - Processing file /opt/airflow/dags/nyc_weather_etl.py for tasks to queue
[2025-10-26T07:58:39.034+0000] {logging_mixin.py:151} INFO - [2025-10-26T07:58:39.034+0000] {dagbag.py:539} INFO - Filling up the DagBag from /opt/airflow/dags/nyc_weather_etl.py
[2025-10-26T07:58:39.215+0000] {processor.py:839} INFO - DAG(s) dict_keys(['nyc_weather_etl']) retrieved from /opt/airflow/dags/nyc_weather_etl.py
[2025-10-26T07:58:39.233+0000] {logging_mixin.py:151} INFO - [2025-10-26T07:58:39.233+0000] {dag.py:2915} INFO - Sync 1 DAGs
[2025-10-26T07:58:39.244+0000] {logging_mixin.py:151} INFO - [2025-10-26T07:58:39.244+0000] {dag.py:3696} INFO - Setting next_dagrun for nyc_weather_etl to 2025-10-26T07:37:44.609647+00:00, run_after=2025-10-26T08:37:44.609647+00:00
[2025-10-26T07:58:39.254+0000] {processor.py:179} INFO - Processing /opt/airflow/dags/nyc_weather_etl.py took 0.224 seconds
[2025-10-26T07:59:09.670+0000] {processor.py:157} INFO - Started process (PID=2631) to work on /opt/airflow/dags/nyc_weather_etl.py
[2025-10-26T07:59:09.671+0000] {processor.py:829} INFO - Processing file /opt/airflow/dags/nyc_weather_etl.py for tasks to queue
[2025-10-26T07:59:09.673+0000] {logging_mixin.py:151} INFO - [2025-10-26T07:59:09.673+0000] {dagbag.py:539} INFO - Filling up the DagBag from /opt/airflow/dags/nyc_weather_etl.py
[2025-10-26T07:59:09.864+0000] {processor.py:839} INFO - DAG(s) dict_keys(['nyc_weather_etl']) retrieved from /opt/airflow/dags/nyc_weather_etl.py
[2025-10-26T07:59:09.877+0000] {logging_mixin.py:151} INFO - [2025-10-26T07:59:09.877+0000] {dag.py:2915} INFO - Sync 1 DAGs
[2025-10-26T07:59:09.885+0000] {logging_mixin.py:151} INFO - [2025-10-26T07:59:09.885+0000] {dag.py:3696} INFO - Setting next_dagrun for nyc_weather_etl to 2025-10-26T07:37:44.609647+00:00, run_after=2025-10-26T08:37:44.609647+00:00
[2025-10-26T07:59:09.894+0000] {processor.py:179} INFO - Processing /opt/airflow/dags/nyc_weather_etl.py took 0.227 seconds
[2025-10-26T07:59:40.273+0000] {processor.py:157} INFO - Started process (PID=2676) to work on /opt/airflow/dags/nyc_weather_etl.py
[2025-10-26T07:59:40.274+0000] {processor.py:829} INFO - Processing file /opt/airflow/dags/nyc_weather_etl.py for tasks to queue
[2025-10-26T07:59:40.276+0000] {logging_mixin.py:151} INFO - [2025-10-26T07:59:40.276+0000] {dagbag.py:539} INFO - Filling up the DagBag from /opt/airflow/dags/nyc_weather_etl.py
[2025-10-26T07:59:40.453+0000] {processor.py:839} INFO - DAG(s) dict_keys(['nyc_weather_etl']) retrieved from /opt/airflow/dags/nyc_weather_etl.py
[2025-10-26T07:59:40.466+0000] {logging_mixin.py:151} INFO - [2025-10-26T07:59:40.465+0000] {dag.py:2915} INFO - Sync 1 DAGs
[2025-10-26T07:59:40.474+0000] {logging_mixin.py:151} INFO - [2025-10-26T07:59:40.473+0000] {dag.py:3696} INFO - Setting next_dagrun for nyc_weather_etl to 2025-10-26T07:37:44.609647+00:00, run_after=2025-10-26T08:37:44.609647+00:00
[2025-10-26T07:59:40.479+0000] {processor.py:179} INFO - Processing /opt/airflow/dags/nyc_weather_etl.py took 0.209 seconds
[2025-10-26T08:00:10.902+0000] {processor.py:157} INFO - Started process (PID=2721) to work on /opt/airflow/dags/nyc_weather_etl.py
[2025-10-26T08:00:10.902+0000] {processor.py:829} INFO - Processing file /opt/airflow/dags/nyc_weather_etl.py for tasks to queue
[2025-10-26T08:00:10.904+0000] {logging_mixin.py:151} INFO - [2025-10-26T08:00:10.904+0000] {dagbag.py:539} INFO - Filling up the DagBag from /opt/airflow/dags/nyc_weather_etl.py
[2025-10-26T08:00:11.097+0000] {processor.py:839} INFO - DAG(s) dict_keys(['nyc_weather_etl']) retrieved from /opt/airflow/dags/nyc_weather_etl.py
[2025-10-26T08:00:11.109+0000] {logging_mixin.py:151} INFO - [2025-10-26T08:00:11.109+0000] {dag.py:2915} INFO - Sync 1 DAGs
[2025-10-26T08:00:11.116+0000] {logging_mixin.py:151} INFO - [2025-10-26T08:00:11.116+0000] {dag.py:3696} INFO - Setting next_dagrun for nyc_weather_etl to 2025-10-26T07:37:44.609647+00:00, run_after=2025-10-26T08:37:44.609647+00:00
[2025-10-26T08:00:11.123+0000] {processor.py:179} INFO - Processing /opt/airflow/dags/nyc_weather_etl.py took 0.225 seconds
[2025-10-26T08:00:41.532+0000] {processor.py:157} INFO - Started process (PID=2766) to work on /opt/airflow/dags/nyc_weather_etl.py
[2025-10-26T08:00:41.532+0000] {processor.py:829} INFO - Processing file /opt/airflow/dags/nyc_weather_etl.py for tasks to queue
[2025-10-26T08:00:41.534+0000] {logging_mixin.py:151} INFO - [2025-10-26T08:00:41.533+0000] {dagbag.py:539} INFO - Filling up the DagBag from /opt/airflow/dags/nyc_weather_etl.py
[2025-10-26T08:00:41.715+0000] {processor.py:839} INFO - DAG(s) dict_keys(['nyc_weather_etl']) retrieved from /opt/airflow/dags/nyc_weather_etl.py
[2025-10-26T08:00:41.726+0000] {logging_mixin.py:151} INFO - [2025-10-26T08:00:41.725+0000] {dag.py:2915} INFO - Sync 1 DAGs
[2025-10-26T08:00:41.733+0000] {logging_mixin.py:151} INFO - [2025-10-26T08:00:41.733+0000] {dag.py:3696} INFO - Setting next_dagrun for nyc_weather_etl to 2025-10-26T07:37:44.609647+00:00, run_after=2025-10-26T08:37:44.609647+00:00
[2025-10-26T08:00:41.739+0000] {processor.py:179} INFO - Processing /opt/airflow/dags/nyc_weather_etl.py took 0.209 seconds
[2025-10-26T08:01:12.137+0000] {processor.py:157} INFO - Started process (PID=2811) to work on /opt/airflow/dags/nyc_weather_etl.py
[2025-10-26T08:01:12.138+0000] {processor.py:829} INFO - Processing file /opt/airflow/dags/nyc_weather_etl.py for tasks to queue
[2025-10-26T08:01:12.140+0000] {logging_mixin.py:151} INFO - [2025-10-26T08:01:12.139+0000] {dagbag.py:539} INFO - Filling up the DagBag from /opt/airflow/dags/nyc_weather_etl.py
[2025-10-26T08:01:12.324+0000] {processor.py:839} INFO - DAG(s) dict_keys(['nyc_weather_etl']) retrieved from /opt/airflow/dags/nyc_weather_etl.py
[2025-10-26T08:01:12.337+0000] {logging_mixin.py:151} INFO - [2025-10-26T08:01:12.337+0000] {dag.py:2915} INFO - Sync 1 DAGs
[2025-10-26T08:01:12.348+0000] {logging_mixin.py:151} INFO - [2025-10-26T08:01:12.347+0000] {dag.py:3696} INFO - Setting next_dagrun for nyc_weather_etl to 2025-10-26T07:37:44.609647+00:00, run_after=2025-10-26T08:37:44.609647+00:00
[2025-10-26T08:01:12.360+0000] {processor.py:179} INFO - Processing /opt/airflow/dags/nyc_weather_etl.py took 0.225 seconds
[2025-10-26T08:01:42.769+0000] {processor.py:157} INFO - Started process (PID=2856) to work on /opt/airflow/dags/nyc_weather_etl.py
[2025-10-26T08:01:42.769+0000] {processor.py:829} INFO - Processing file /opt/airflow/dags/nyc_weather_etl.py for tasks to queue
[2025-10-26T08:01:42.770+0000] {logging_mixin.py:151} INFO - [2025-10-26T08:01:42.770+0000] {dagbag.py:539} INFO - Filling up the DagBag from /opt/airflow/dags/nyc_weather_etl.py
[2025-10-26T08:01:42.957+0000] {processor.py:839} INFO - DAG(s) dict_keys(['nyc_weather_etl']) retrieved from /opt/airflow/dags/nyc_weather_etl.py
[2025-10-26T08:01:42.967+0000] {logging_mixin.py:151} INFO - [2025-10-26T08:01:42.967+0000] {dag.py:2915} INFO - Sync 1 DAGs
[2025-10-26T08:01:42.974+0000] {logging_mixin.py:151} INFO - [2025-10-26T08:01:42.974+0000] {dag.py:3696} INFO - Setting next_dagrun for nyc_weather_etl to 2025-10-26T07:37:44.609647+00:00, run_after=2025-10-26T08:37:44.609647+00:00
[2025-10-26T08:01:42.989+0000] {processor.py:179} INFO - Processing /opt/airflow/dags/nyc_weather_etl.py took 0.222 seconds
[2025-10-26T08:02:13.400+0000] {processor.py:157} INFO - Started process (PID=2901) to work on /opt/airflow/dags/nyc_weather_etl.py
[2025-10-26T08:02:13.401+0000] {processor.py:829} INFO - Processing file /opt/airflow/dags/nyc_weather_etl.py for tasks to queue
[2025-10-26T08:02:13.402+0000] {logging_mixin.py:151} INFO - [2025-10-26T08:02:13.402+0000] {dagbag.py:539} INFO - Filling up the DagBag from /opt/airflow/dags/nyc_weather_etl.py
[2025-10-26T08:02:13.581+0000] {processor.py:839} INFO - DAG(s) dict_keys(['nyc_weather_etl']) retrieved from /opt/airflow/dags/nyc_weather_etl.py
[2025-10-26T08:02:13.594+0000] {logging_mixin.py:151} INFO - [2025-10-26T08:02:13.594+0000] {dag.py:2915} INFO - Sync 1 DAGs
[2025-10-26T08:02:13.601+0000] {logging_mixin.py:151} INFO - [2025-10-26T08:02:13.601+0000] {dag.py:3696} INFO - Setting next_dagrun for nyc_weather_etl to 2025-10-26T07:37:44.609647+00:00, run_after=2025-10-26T08:37:44.609647+00:00
[2025-10-26T08:02:13.608+0000] {processor.py:179} INFO - Processing /opt/airflow/dags/nyc_weather_etl.py took 0.210 seconds
[2025-10-26T08:02:44.017+0000] {processor.py:157} INFO - Started process (PID=2946) to work on /opt/airflow/dags/nyc_weather_etl.py
[2025-10-26T08:02:44.017+0000] {processor.py:829} INFO - Processing file /opt/airflow/dags/nyc_weather_etl.py for tasks to queue
[2025-10-26T08:02:44.019+0000] {logging_mixin.py:151} INFO - [2025-10-26T08:02:44.019+0000] {dagbag.py:539} INFO - Filling up the DagBag from /opt/airflow/dags/nyc_weather_etl.py
[2025-10-26T08:02:44.203+0000] {processor.py:839} INFO - DAG(s) dict_keys(['nyc_weather_etl']) retrieved from /opt/airflow/dags/nyc_weather_etl.py
[2025-10-26T08:02:44.216+0000] {logging_mixin.py:151} INFO - [2025-10-26T08:02:44.215+0000] {dag.py:2915} INFO - Sync 1 DAGs
[2025-10-26T08:02:44.225+0000] {logging_mixin.py:151} INFO - [2025-10-26T08:02:44.225+0000] {dag.py:3696} INFO - Setting next_dagrun for nyc_weather_etl to 2025-10-26T07:37:44.609647+00:00, run_after=2025-10-26T08:37:44.609647+00:00
[2025-10-26T08:02:44.235+0000] {processor.py:179} INFO - Processing /opt/airflow/dags/nyc_weather_etl.py took 0.221 seconds
[2025-10-26T08:03:14.679+0000] {processor.py:157} INFO - Started process (PID=2991) to work on /opt/airflow/dags/nyc_weather_etl.py
[2025-10-26T08:03:14.680+0000] {processor.py:829} INFO - Processing file /opt/airflow/dags/nyc_weather_etl.py for tasks to queue
[2025-10-26T08:03:14.681+0000] {logging_mixin.py:151} INFO - [2025-10-26T08:03:14.681+0000] {dagbag.py:539} INFO - Filling up the DagBag from /opt/airflow/dags/nyc_weather_etl.py
[2025-10-26T08:03:14.882+0000] {processor.py:839} INFO - DAG(s) dict_keys(['nyc_weather_etl']) retrieved from /opt/airflow/dags/nyc_weather_etl.py
[2025-10-26T08:03:14.895+0000] {logging_mixin.py:151} INFO - [2025-10-26T08:03:14.895+0000] {dag.py:2915} INFO - Sync 1 DAGs
[2025-10-26T08:03:14.903+0000] {logging_mixin.py:151} INFO - [2025-10-26T08:03:14.903+0000] {dag.py:3696} INFO - Setting next_dagrun for nyc_weather_etl to 2025-10-26T07:37:44.609647+00:00, run_after=2025-10-26T08:37:44.609647+00:00
[2025-10-26T08:03:14.909+0000] {processor.py:179} INFO - Processing /opt/airflow/dags/nyc_weather_etl.py took 0.232 seconds
[2025-10-26T08:03:45.334+0000] {processor.py:157} INFO - Started process (PID=3036) to work on /opt/airflow/dags/nyc_weather_etl.py
[2025-10-26T08:03:45.335+0000] {processor.py:829} INFO - Processing file /opt/airflow/dags/nyc_weather_etl.py for tasks to queue
[2025-10-26T08:03:45.336+0000] {logging_mixin.py:151} INFO - [2025-10-26T08:03:45.336+0000] {dagbag.py:539} INFO - Filling up the DagBag from /opt/airflow/dags/nyc_weather_etl.py
[2025-10-26T08:03:45.520+0000] {processor.py:839} INFO - DAG(s) dict_keys(['nyc_weather_etl']) retrieved from /opt/airflow/dags/nyc_weather_etl.py
[2025-10-26T08:03:45.533+0000] {logging_mixin.py:151} INFO - [2025-10-26T08:03:45.533+0000] {dag.py:2915} INFO - Sync 1 DAGs
[2025-10-26T08:03:45.541+0000] {logging_mixin.py:151} INFO - [2025-10-26T08:03:45.540+0000] {dag.py:3696} INFO - Setting next_dagrun for nyc_weather_etl to 2025-10-26T07:37:44.609647+00:00, run_after=2025-10-26T08:37:44.609647+00:00
[2025-10-26T08:03:45.546+0000] {processor.py:179} INFO - Processing /opt/airflow/dags/nyc_weather_etl.py took 0.214 seconds
[2025-10-26T08:04:15.979+0000] {processor.py:157} INFO - Started process (PID=3081) to work on /opt/airflow/dags/nyc_weather_etl.py
[2025-10-26T08:04:15.979+0000] {processor.py:829} INFO - Processing file /opt/airflow/dags/nyc_weather_etl.py for tasks to queue
[2025-10-26T08:04:15.982+0000] {logging_mixin.py:151} INFO - [2025-10-26T08:04:15.982+0000] {dagbag.py:539} INFO - Filling up the DagBag from /opt/airflow/dags/nyc_weather_etl.py
[2025-10-26T08:04:16.173+0000] {processor.py:839} INFO - DAG(s) dict_keys(['nyc_weather_etl']) retrieved from /opt/airflow/dags/nyc_weather_etl.py
[2025-10-26T08:04:16.186+0000] {logging_mixin.py:151} INFO - [2025-10-26T08:04:16.186+0000] {dag.py:2915} INFO - Sync 1 DAGs
[2025-10-26T08:04:16.193+0000] {logging_mixin.py:151} INFO - [2025-10-26T08:04:16.193+0000] {dag.py:3696} INFO - Setting next_dagrun for nyc_weather_etl to 2025-10-26T07:37:44.609647+00:00, run_after=2025-10-26T08:37:44.609647+00:00
[2025-10-26T08:04:16.198+0000] {processor.py:179} INFO - Processing /opt/airflow/dags/nyc_weather_etl.py took 0.222 seconds
[2025-10-26T08:04:46.602+0000] {processor.py:157} INFO - Started process (PID=3126) to work on /opt/airflow/dags/nyc_weather_etl.py
[2025-10-26T08:04:46.603+0000] {processor.py:829} INFO - Processing file /opt/airflow/dags/nyc_weather_etl.py for tasks to queue
[2025-10-26T08:04:46.605+0000] {logging_mixin.py:151} INFO - [2025-10-26T08:04:46.605+0000] {dagbag.py:539} INFO - Filling up the DagBag from /opt/airflow/dags/nyc_weather_etl.py
[2025-10-26T08:04:46.813+0000] {processor.py:839} INFO - DAG(s) dict_keys(['nyc_weather_etl']) retrieved from /opt/airflow/dags/nyc_weather_etl.py
[2025-10-26T08:04:46.826+0000] {logging_mixin.py:151} INFO - [2025-10-26T08:04:46.825+0000] {dag.py:2915} INFO - Sync 1 DAGs
[2025-10-26T08:04:46.833+0000] {logging_mixin.py:151} INFO - [2025-10-26T08:04:46.833+0000] {dag.py:3696} INFO - Setting next_dagrun for nyc_weather_etl to 2025-10-26T07:37:44.609647+00:00, run_after=2025-10-26T08:37:44.609647+00:00
[2025-10-26T08:04:46.838+0000] {processor.py:179} INFO - Processing /opt/airflow/dags/nyc_weather_etl.py took 0.240 seconds
[2025-10-26T08:05:17.253+0000] {processor.py:157} INFO - Started process (PID=3171) to work on /opt/airflow/dags/nyc_weather_etl.py
[2025-10-26T08:05:17.254+0000] {processor.py:829} INFO - Processing file /opt/airflow/dags/nyc_weather_etl.py for tasks to queue
[2025-10-26T08:05:17.256+0000] {logging_mixin.py:151} INFO - [2025-10-26T08:05:17.256+0000] {dagbag.py:539} INFO - Filling up the DagBag from /opt/airflow/dags/nyc_weather_etl.py
[2025-10-26T08:05:17.441+0000] {processor.py:839} INFO - DAG(s) dict_keys(['nyc_weather_etl']) retrieved from /opt/airflow/dags/nyc_weather_etl.py
[2025-10-26T08:05:17.454+0000] {logging_mixin.py:151} INFO - [2025-10-26T08:05:17.454+0000] {dag.py:2915} INFO - Sync 1 DAGs
[2025-10-26T08:05:17.462+0000] {logging_mixin.py:151} INFO - [2025-10-26T08:05:17.462+0000] {dag.py:3696} INFO - Setting next_dagrun for nyc_weather_etl to 2025-10-26T07:37:44.609647+00:00, run_after=2025-10-26T08:37:44.609647+00:00
[2025-10-26T08:05:17.469+0000] {processor.py:179} INFO - Processing /opt/airflow/dags/nyc_weather_etl.py took 0.218 seconds
[2025-10-26T08:05:47.924+0000] {processor.py:157} INFO - Started process (PID=3216) to work on /opt/airflow/dags/nyc_weather_etl.py
[2025-10-26T08:05:47.924+0000] {processor.py:829} INFO - Processing file /opt/airflow/dags/nyc_weather_etl.py for tasks to queue
[2025-10-26T08:05:47.926+0000] {logging_mixin.py:151} INFO - [2025-10-26T08:05:47.926+0000] {dagbag.py:539} INFO - Filling up the DagBag from /opt/airflow/dags/nyc_weather_etl.py
[2025-10-26T08:05:48.109+0000] {processor.py:839} INFO - DAG(s) dict_keys(['nyc_weather_etl']) retrieved from /opt/airflow/dags/nyc_weather_etl.py
[2025-10-26T08:05:48.126+0000] {logging_mixin.py:151} INFO - [2025-10-26T08:05:48.126+0000] {dag.py:2915} INFO - Sync 1 DAGs
[2025-10-26T08:05:48.133+0000] {logging_mixin.py:151} INFO - [2025-10-26T08:05:48.133+0000] {dag.py:3696} INFO - Setting next_dagrun for nyc_weather_etl to 2025-10-26T07:37:44.609647+00:00, run_after=2025-10-26T08:37:44.609647+00:00
[2025-10-26T08:05:48.139+0000] {processor.py:179} INFO - Processing /opt/airflow/dags/nyc_weather_etl.py took 0.218 seconds
[2025-10-26T08:06:18.555+0000] {processor.py:157} INFO - Started process (PID=3261) to work on /opt/airflow/dags/nyc_weather_etl.py
[2025-10-26T08:06:18.556+0000] {processor.py:829} INFO - Processing file /opt/airflow/dags/nyc_weather_etl.py for tasks to queue
[2025-10-26T08:06:18.558+0000] {logging_mixin.py:151} INFO - [2025-10-26T08:06:18.557+0000] {dagbag.py:539} INFO - Filling up the DagBag from /opt/airflow/dags/nyc_weather_etl.py
[2025-10-26T08:06:18.750+0000] {processor.py:839} INFO - DAG(s) dict_keys(['nyc_weather_etl']) retrieved from /opt/airflow/dags/nyc_weather_etl.py
[2025-10-26T08:06:18.768+0000] {logging_mixin.py:151} INFO - [2025-10-26T08:06:18.768+0000] {dag.py:2915} INFO - Sync 1 DAGs
[2025-10-26T08:06:18.776+0000] {logging_mixin.py:151} INFO - [2025-10-26T08:06:18.776+0000] {dag.py:3696} INFO - Setting next_dagrun for nyc_weather_etl to 2025-10-26T07:37:44.609647+00:00, run_after=2025-10-26T08:37:44.609647+00:00
[2025-10-26T08:06:18.782+0000] {processor.py:179} INFO - Processing /opt/airflow/dags/nyc_weather_etl.py took 0.231 seconds
[2025-10-26T08:06:49.204+0000] {processor.py:157} INFO - Started process (PID=3306) to work on /opt/airflow/dags/nyc_weather_etl.py
[2025-10-26T08:06:49.205+0000] {processor.py:829} INFO - Processing file /opt/airflow/dags/nyc_weather_etl.py for tasks to queue
[2025-10-26T08:06:49.207+0000] {logging_mixin.py:151} INFO - [2025-10-26T08:06:49.206+0000] {dagbag.py:539} INFO - Filling up the DagBag from /opt/airflow/dags/nyc_weather_etl.py
[2025-10-26T08:06:49.397+0000] {processor.py:839} INFO - DAG(s) dict_keys(['nyc_weather_etl']) retrieved from /opt/airflow/dags/nyc_weather_etl.py
[2025-10-26T08:06:49.414+0000] {logging_mixin.py:151} INFO - [2025-10-26T08:06:49.414+0000] {dag.py:2915} INFO - Sync 1 DAGs
[2025-10-26T08:06:49.423+0000] {logging_mixin.py:151} INFO - [2025-10-26T08:06:49.423+0000] {dag.py:3696} INFO - Setting next_dagrun for nyc_weather_etl to 2025-10-26T07:37:44.609647+00:00, run_after=2025-10-26T08:37:44.609647+00:00
[2025-10-26T08:06:49.429+0000] {processor.py:179} INFO - Processing /opt/airflow/dags/nyc_weather_etl.py took 0.228 seconds
[2025-10-26T08:07:19.827+0000] {processor.py:157} INFO - Started process (PID=3351) to work on /opt/airflow/dags/nyc_weather_etl.py
[2025-10-26T08:07:19.827+0000] {processor.py:829} INFO - Processing file /opt/airflow/dags/nyc_weather_etl.py for tasks to queue
[2025-10-26T08:07:19.828+0000] {logging_mixin.py:151} INFO - [2025-10-26T08:07:19.828+0000] {dagbag.py:539} INFO - Filling up the DagBag from /opt/airflow/dags/nyc_weather_etl.py
[2025-10-26T08:07:20.005+0000] {processor.py:839} INFO - DAG(s) dict_keys(['nyc_weather_etl']) retrieved from /opt/airflow/dags/nyc_weather_etl.py
[2025-10-26T08:07:20.021+0000] {logging_mixin.py:151} INFO - [2025-10-26T08:07:20.021+0000] {dag.py:2915} INFO - Sync 1 DAGs
[2025-10-26T08:07:20.028+0000] {logging_mixin.py:151} INFO - [2025-10-26T08:07:20.028+0000] {dag.py:3696} INFO - Setting next_dagrun for nyc_weather_etl to 2025-10-26T07:37:44.609647+00:00, run_after=2025-10-26T08:37:44.609647+00:00
[2025-10-26T08:07:20.034+0000] {processor.py:179} INFO - Processing /opt/airflow/dags/nyc_weather_etl.py took 0.209 seconds
[2025-10-26T08:07:50.469+0000] {processor.py:157} INFO - Started process (PID=3396) to work on /opt/airflow/dags/nyc_weather_etl.py
[2025-10-26T08:07:50.470+0000] {processor.py:829} INFO - Processing file /opt/airflow/dags/nyc_weather_etl.py for tasks to queue
[2025-10-26T08:07:50.472+0000] {logging_mixin.py:151} INFO - [2025-10-26T08:07:50.471+0000] {dagbag.py:539} INFO - Filling up the DagBag from /opt/airflow/dags/nyc_weather_etl.py
[2025-10-26T08:07:50.651+0000] {processor.py:839} INFO - DAG(s) dict_keys(['nyc_weather_etl']) retrieved from /opt/airflow/dags/nyc_weather_etl.py
[2025-10-26T08:07:50.665+0000] {logging_mixin.py:151} INFO - [2025-10-26T08:07:50.665+0000] {dag.py:2915} INFO - Sync 1 DAGs
[2025-10-26T08:07:50.672+0000] {logging_mixin.py:151} INFO - [2025-10-26T08:07:50.672+0000] {dag.py:3696} INFO - Setting next_dagrun for nyc_weather_etl to 2025-10-26T07:37:44.609647+00:00, run_after=2025-10-26T08:37:44.609647+00:00
[2025-10-26T08:07:50.678+0000] {processor.py:179} INFO - Processing /opt/airflow/dags/nyc_weather_etl.py took 0.212 seconds
