[2025-10-26T07:37:44.618+0000] {processor.py:157} INFO - Started process (PID=245) to work on /opt/airflow/dags/simple_nyc_taxi_etl.py
[2025-10-26T07:37:44.618+0000] {processor.py:829} INFO - Processing file /opt/airflow/dags/simple_nyc_taxi_etl.py for tasks to queue
[2025-10-26T07:37:44.619+0000] {logging_mixin.py:151} INFO - [2025-10-26T07:37:44.619+0000] {dagbag.py:539} INFO - Filling up the DagBag from /opt/airflow/dags/simple_nyc_taxi_etl.py
[2025-10-26T07:37:44.757+0000] {processor.py:839} INFO - DAG(s) dict_keys(['simple_nyc_taxi_etl']) retrieved from /opt/airflow/dags/simple_nyc_taxi_etl.py
[2025-10-26T07:37:44.872+0000] {logging_mixin.py:151} INFO - [2025-10-26T07:37:44.871+0000] {security.py:708} INFO - Not syncing DAG-level permissions for DAG 'DAG:simple_nyc_taxi_etl' as access control is unset.
[2025-10-26T07:37:44.872+0000] {logging_mixin.py:151} INFO - [2025-10-26T07:37:44.872+0000] {dag.py:2915} INFO - Sync 1 DAGs
[2025-10-26T07:37:44.880+0000] {logging_mixin.py:151} INFO - [2025-10-26T07:37:44.880+0000] {dag.py:3696} INFO - Setting next_dagrun for simple_nyc_taxi_etl to 2025-10-26T01:37:44.880424+00:00, run_after=2025-10-26T07:37:44.880424+00:00
[2025-10-26T07:37:44.888+0000] {processor.py:179} INFO - Processing /opt/airflow/dags/simple_nyc_taxi_etl.py took 0.272 seconds
[2025-10-26T07:38:15.265+0000] {processor.py:157} INFO - Started process (PID=804) to work on /opt/airflow/dags/simple_nyc_taxi_etl.py
[2025-10-26T07:38:15.266+0000] {processor.py:829} INFO - Processing file /opt/airflow/dags/simple_nyc_taxi_etl.py for tasks to queue
[2025-10-26T07:38:15.267+0000] {logging_mixin.py:151} INFO - [2025-10-26T07:38:15.267+0000] {dagbag.py:539} INFO - Filling up the DagBag from /opt/airflow/dags/simple_nyc_taxi_etl.py
[2025-10-26T07:38:15.382+0000] {processor.py:839} INFO - DAG(s) dict_keys(['simple_nyc_taxi_etl']) retrieved from /opt/airflow/dags/simple_nyc_taxi_etl.py
[2025-10-26T07:38:15.396+0000] {logging_mixin.py:151} INFO - [2025-10-26T07:38:15.396+0000] {dag.py:2915} INFO - Sync 1 DAGs
[2025-10-26T07:38:15.406+0000] {logging_mixin.py:151} INFO - [2025-10-26T07:38:15.406+0000] {dag.py:3696} INFO - Setting next_dagrun for simple_nyc_taxi_etl to 2025-10-26T01:38:15.406662+00:00, run_after=2025-10-26T07:38:15.406662+00:00
[2025-10-26T07:38:15.415+0000] {processor.py:179} INFO - Processing /opt/airflow/dags/simple_nyc_taxi_etl.py took 0.151 seconds
[2025-10-26T07:38:45.787+0000] {processor.py:157} INFO - Started process (PID=849) to work on /opt/airflow/dags/simple_nyc_taxi_etl.py
[2025-10-26T07:38:45.788+0000] {processor.py:829} INFO - Processing file /opt/airflow/dags/simple_nyc_taxi_etl.py for tasks to queue
[2025-10-26T07:38:45.790+0000] {logging_mixin.py:151} INFO - [2025-10-26T07:38:45.789+0000] {dagbag.py:539} INFO - Filling up the DagBag from /opt/airflow/dags/simple_nyc_taxi_etl.py
[2025-10-26T07:38:45.894+0000] {processor.py:839} INFO - DAG(s) dict_keys(['simple_nyc_taxi_etl']) retrieved from /opt/airflow/dags/simple_nyc_taxi_etl.py
[2025-10-26T07:38:45.906+0000] {logging_mixin.py:151} INFO - [2025-10-26T07:38:45.906+0000] {dag.py:2915} INFO - Sync 1 DAGs
[2025-10-26T07:38:45.913+0000] {logging_mixin.py:151} INFO - [2025-10-26T07:38:45.913+0000] {dag.py:3696} INFO - Setting next_dagrun for simple_nyc_taxi_etl to 2025-10-26T01:38:45.913613+00:00, run_after=2025-10-26T07:38:45.913613+00:00
[2025-10-26T07:38:45.922+0000] {processor.py:179} INFO - Processing /opt/airflow/dags/simple_nyc_taxi_etl.py took 0.137 seconds
[2025-10-26T07:39:16.313+0000] {processor.py:157} INFO - Started process (PID=894) to work on /opt/airflow/dags/simple_nyc_taxi_etl.py
[2025-10-26T07:39:16.314+0000] {processor.py:829} INFO - Processing file /opt/airflow/dags/simple_nyc_taxi_etl.py for tasks to queue
[2025-10-26T07:39:16.315+0000] {logging_mixin.py:151} INFO - [2025-10-26T07:39:16.315+0000] {dagbag.py:539} INFO - Filling up the DagBag from /opt/airflow/dags/simple_nyc_taxi_etl.py
[2025-10-26T07:39:16.418+0000] {processor.py:839} INFO - DAG(s) dict_keys(['simple_nyc_taxi_etl']) retrieved from /opt/airflow/dags/simple_nyc_taxi_etl.py
[2025-10-26T07:39:16.431+0000] {logging_mixin.py:151} INFO - [2025-10-26T07:39:16.431+0000] {dag.py:2915} INFO - Sync 1 DAGs
[2025-10-26T07:39:16.438+0000] {logging_mixin.py:151} INFO - [2025-10-26T07:39:16.438+0000] {dag.py:3696} INFO - Setting next_dagrun for simple_nyc_taxi_etl to 2025-10-26T01:39:16.438295+00:00, run_after=2025-10-26T07:39:16.438295+00:00
[2025-10-26T07:39:16.445+0000] {processor.py:179} INFO - Processing /opt/airflow/dags/simple_nyc_taxi_etl.py took 0.133 seconds
[2025-10-26T07:39:46.817+0000] {processor.py:157} INFO - Started process (PID=939) to work on /opt/airflow/dags/simple_nyc_taxi_etl.py
[2025-10-26T07:39:46.817+0000] {processor.py:829} INFO - Processing file /opt/airflow/dags/simple_nyc_taxi_etl.py for tasks to queue
[2025-10-26T07:39:46.818+0000] {logging_mixin.py:151} INFO - [2025-10-26T07:39:46.818+0000] {dagbag.py:539} INFO - Filling up the DagBag from /opt/airflow/dags/simple_nyc_taxi_etl.py
[2025-10-26T07:39:46.922+0000] {processor.py:839} INFO - DAG(s) dict_keys(['simple_nyc_taxi_etl']) retrieved from /opt/airflow/dags/simple_nyc_taxi_etl.py
[2025-10-26T07:39:46.933+0000] {logging_mixin.py:151} INFO - [2025-10-26T07:39:46.933+0000] {dag.py:2915} INFO - Sync 1 DAGs
[2025-10-26T07:39:46.944+0000] {logging_mixin.py:151} INFO - [2025-10-26T07:39:46.944+0000] {dag.py:3696} INFO - Setting next_dagrun for simple_nyc_taxi_etl to 2025-10-26T01:39:46.943647+00:00, run_after=2025-10-26T07:39:46.943647+00:00
[2025-10-26T07:39:47.023+0000] {processor.py:179} INFO - Processing /opt/airflow/dags/simple_nyc_taxi_etl.py took 0.208 seconds
[2025-10-26T07:40:17.427+0000] {processor.py:157} INFO - Started process (PID=984) to work on /opt/airflow/dags/simple_nyc_taxi_etl.py
[2025-10-26T07:40:17.430+0000] {processor.py:829} INFO - Processing file /opt/airflow/dags/simple_nyc_taxi_etl.py for tasks to queue
[2025-10-26T07:40:17.433+0000] {logging_mixin.py:151} INFO - [2025-10-26T07:40:17.433+0000] {dagbag.py:539} INFO - Filling up the DagBag from /opt/airflow/dags/simple_nyc_taxi_etl.py
[2025-10-26T07:40:17.540+0000] {processor.py:839} INFO - DAG(s) dict_keys(['simple_nyc_taxi_etl']) retrieved from /opt/airflow/dags/simple_nyc_taxi_etl.py
[2025-10-26T07:40:17.555+0000] {logging_mixin.py:151} INFO - [2025-10-26T07:40:17.555+0000] {dag.py:2915} INFO - Sync 1 DAGs
[2025-10-26T07:40:17.564+0000] {logging_mixin.py:151} INFO - [2025-10-26T07:40:17.563+0000] {dag.py:3696} INFO - Setting next_dagrun for simple_nyc_taxi_etl to 2025-10-26T01:40:17.563806+00:00, run_after=2025-10-26T07:40:17.563806+00:00
[2025-10-26T07:40:17.570+0000] {processor.py:179} INFO - Processing /opt/airflow/dags/simple_nyc_taxi_etl.py took 0.144 seconds
[2025-10-26T07:40:47.971+0000] {processor.py:157} INFO - Started process (PID=1029) to work on /opt/airflow/dags/simple_nyc_taxi_etl.py
[2025-10-26T07:40:47.971+0000] {processor.py:829} INFO - Processing file /opt/airflow/dags/simple_nyc_taxi_etl.py for tasks to queue
[2025-10-26T07:40:47.972+0000] {logging_mixin.py:151} INFO - [2025-10-26T07:40:47.972+0000] {dagbag.py:539} INFO - Filling up the DagBag from /opt/airflow/dags/simple_nyc_taxi_etl.py
[2025-10-26T07:40:48.072+0000] {processor.py:839} INFO - DAG(s) dict_keys(['simple_nyc_taxi_etl']) retrieved from /opt/airflow/dags/simple_nyc_taxi_etl.py
[2025-10-26T07:40:48.096+0000] {logging_mixin.py:151} INFO - [2025-10-26T07:40:48.096+0000] {dag.py:2915} INFO - Sync 1 DAGs
[2025-10-26T07:40:48.180+0000] {logging_mixin.py:151} INFO - [2025-10-26T07:40:48.180+0000] {dag.py:3696} INFO - Setting next_dagrun for simple_nyc_taxi_etl to 2025-10-26T01:40:48.179996+00:00, run_after=2025-10-26T07:40:48.179996+00:00
[2025-10-26T07:40:48.194+0000] {processor.py:179} INFO - Processing /opt/airflow/dags/simple_nyc_taxi_etl.py took 0.224 seconds
[2025-10-26T07:41:18.533+0000] {processor.py:157} INFO - Started process (PID=1074) to work on /opt/airflow/dags/simple_nyc_taxi_etl.py
[2025-10-26T07:41:18.533+0000] {processor.py:829} INFO - Processing file /opt/airflow/dags/simple_nyc_taxi_etl.py for tasks to queue
[2025-10-26T07:41:18.534+0000] {logging_mixin.py:151} INFO - [2025-10-26T07:41:18.534+0000] {dagbag.py:539} INFO - Filling up the DagBag from /opt/airflow/dags/simple_nyc_taxi_etl.py
[2025-10-26T07:41:18.635+0000] {processor.py:839} INFO - DAG(s) dict_keys(['simple_nyc_taxi_etl']) retrieved from /opt/airflow/dags/simple_nyc_taxi_etl.py
[2025-10-26T07:41:18.653+0000] {logging_mixin.py:151} INFO - [2025-10-26T07:41:18.653+0000] {dag.py:2915} INFO - Sync 1 DAGs
[2025-10-26T07:41:18.662+0000] {logging_mixin.py:151} INFO - [2025-10-26T07:41:18.662+0000] {dag.py:3696} INFO - Setting next_dagrun for simple_nyc_taxi_etl to 2025-10-26T01:41:18.662136+00:00, run_after=2025-10-26T07:41:18.662136+00:00
[2025-10-26T07:41:18.676+0000] {processor.py:179} INFO - Processing /opt/airflow/dags/simple_nyc_taxi_etl.py took 0.145 seconds
[2025-10-26T07:41:49.088+0000] {processor.py:157} INFO - Started process (PID=1119) to work on /opt/airflow/dags/simple_nyc_taxi_etl.py
[2025-10-26T07:41:49.088+0000] {processor.py:829} INFO - Processing file /opt/airflow/dags/simple_nyc_taxi_etl.py for tasks to queue
[2025-10-26T07:41:49.089+0000] {logging_mixin.py:151} INFO - [2025-10-26T07:41:49.089+0000] {dagbag.py:539} INFO - Filling up the DagBag from /opt/airflow/dags/simple_nyc_taxi_etl.py
[2025-10-26T07:41:49.190+0000] {processor.py:839} INFO - DAG(s) dict_keys(['simple_nyc_taxi_etl']) retrieved from /opt/airflow/dags/simple_nyc_taxi_etl.py
[2025-10-26T07:41:49.205+0000] {logging_mixin.py:151} INFO - [2025-10-26T07:41:49.205+0000] {dag.py:2915} INFO - Sync 1 DAGs
[2025-10-26T07:41:49.279+0000] {logging_mixin.py:151} INFO - [2025-10-26T07:41:49.279+0000] {dag.py:3696} INFO - Setting next_dagrun for simple_nyc_taxi_etl to 2025-10-26T01:41:49.279191+00:00, run_after=2025-10-26T07:41:49.279191+00:00
[2025-10-26T07:41:49.295+0000] {processor.py:179} INFO - Processing /opt/airflow/dags/simple_nyc_taxi_etl.py took 0.209 seconds
[2025-10-26T07:42:19.669+0000] {processor.py:157} INFO - Started process (PID=1164) to work on /opt/airflow/dags/simple_nyc_taxi_etl.py
[2025-10-26T07:42:19.671+0000] {processor.py:829} INFO - Processing file /opt/airflow/dags/simple_nyc_taxi_etl.py for tasks to queue
[2025-10-26T07:42:19.672+0000] {logging_mixin.py:151} INFO - [2025-10-26T07:42:19.672+0000] {dagbag.py:539} INFO - Filling up the DagBag from /opt/airflow/dags/simple_nyc_taxi_etl.py
[2025-10-26T07:42:19.850+0000] {processor.py:839} INFO - DAG(s) dict_keys(['simple_nyc_taxi_etl']) retrieved from /opt/airflow/dags/simple_nyc_taxi_etl.py
[2025-10-26T07:42:19.868+0000] {logging_mixin.py:151} INFO - [2025-10-26T07:42:19.867+0000] {dag.py:2915} INFO - Sync 1 DAGs
[2025-10-26T07:42:19.879+0000] {logging_mixin.py:151} INFO - [2025-10-26T07:42:19.879+0000] {dag.py:3696} INFO - Setting next_dagrun for simple_nyc_taxi_etl to 2025-10-26T01:42:19.879074+00:00, run_after=2025-10-26T07:42:19.879074+00:00
[2025-10-26T07:42:19.886+0000] {processor.py:179} INFO - Processing /opt/airflow/dags/simple_nyc_taxi_etl.py took 0.218 seconds
[2025-10-26T07:42:50.288+0000] {processor.py:157} INFO - Started process (PID=1209) to work on /opt/airflow/dags/simple_nyc_taxi_etl.py
[2025-10-26T07:42:50.288+0000] {processor.py:829} INFO - Processing file /opt/airflow/dags/simple_nyc_taxi_etl.py for tasks to queue
[2025-10-26T07:42:50.289+0000] {logging_mixin.py:151} INFO - [2025-10-26T07:42:50.289+0000] {dagbag.py:539} INFO - Filling up the DagBag from /opt/airflow/dags/simple_nyc_taxi_etl.py
[2025-10-26T07:42:50.388+0000] {processor.py:839} INFO - DAG(s) dict_keys(['simple_nyc_taxi_etl']) retrieved from /opt/airflow/dags/simple_nyc_taxi_etl.py
[2025-10-26T07:42:50.465+0000] {logging_mixin.py:151} INFO - [2025-10-26T07:42:50.465+0000] {dag.py:2915} INFO - Sync 1 DAGs
[2025-10-26T07:42:50.476+0000] {logging_mixin.py:151} INFO - [2025-10-26T07:42:50.475+0000] {dag.py:3696} INFO - Setting next_dagrun for simple_nyc_taxi_etl to 2025-10-26T01:42:50.475859+00:00, run_after=2025-10-26T07:42:50.475859+00:00
[2025-10-26T07:42:50.482+0000] {processor.py:179} INFO - Processing /opt/airflow/dags/simple_nyc_taxi_etl.py took 0.196 seconds
[2025-10-26T07:43:20.895+0000] {processor.py:157} INFO - Started process (PID=1254) to work on /opt/airflow/dags/simple_nyc_taxi_etl.py
[2025-10-26T07:43:20.895+0000] {processor.py:829} INFO - Processing file /opt/airflow/dags/simple_nyc_taxi_etl.py for tasks to queue
[2025-10-26T07:43:20.896+0000] {logging_mixin.py:151} INFO - [2025-10-26T07:43:20.896+0000] {dagbag.py:539} INFO - Filling up the DagBag from /opt/airflow/dags/simple_nyc_taxi_etl.py
[2025-10-26T07:43:20.998+0000] {processor.py:839} INFO - DAG(s) dict_keys(['simple_nyc_taxi_etl']) retrieved from /opt/airflow/dags/simple_nyc_taxi_etl.py
[2025-10-26T07:43:21.012+0000] {logging_mixin.py:151} INFO - [2025-10-26T07:43:21.012+0000] {dag.py:2915} INFO - Sync 1 DAGs
[2025-10-26T07:43:21.022+0000] {logging_mixin.py:151} INFO - [2025-10-26T07:43:21.022+0000] {dag.py:3696} INFO - Setting next_dagrun for simple_nyc_taxi_etl to 2025-10-26T01:43:21.022323+00:00, run_after=2025-10-26T07:43:21.022323+00:00
[2025-10-26T07:43:21.098+0000] {processor.py:179} INFO - Processing /opt/airflow/dags/simple_nyc_taxi_etl.py took 0.205 seconds
[2025-10-26T07:43:51.484+0000] {processor.py:157} INFO - Started process (PID=1299) to work on /opt/airflow/dags/simple_nyc_taxi_etl.py
[2025-10-26T07:43:51.484+0000] {processor.py:829} INFO - Processing file /opt/airflow/dags/simple_nyc_taxi_etl.py for tasks to queue
[2025-10-26T07:43:51.485+0000] {logging_mixin.py:151} INFO - [2025-10-26T07:43:51.485+0000] {dagbag.py:539} INFO - Filling up the DagBag from /opt/airflow/dags/simple_nyc_taxi_etl.py
[2025-10-26T07:43:51.586+0000] {processor.py:839} INFO - DAG(s) dict_keys(['simple_nyc_taxi_etl']) retrieved from /opt/airflow/dags/simple_nyc_taxi_etl.py
[2025-10-26T07:43:51.663+0000] {logging_mixin.py:151} INFO - [2025-10-26T07:43:51.663+0000] {dag.py:2915} INFO - Sync 1 DAGs
[2025-10-26T07:43:51.671+0000] {logging_mixin.py:151} INFO - [2025-10-26T07:43:51.670+0000] {dag.py:3696} INFO - Setting next_dagrun for simple_nyc_taxi_etl to 2025-10-26T01:43:51.670904+00:00, run_after=2025-10-26T07:43:51.670904+00:00
[2025-10-26T07:43:51.676+0000] {processor.py:179} INFO - Processing /opt/airflow/dags/simple_nyc_taxi_etl.py took 0.194 seconds
[2025-10-26T07:44:22.090+0000] {processor.py:157} INFO - Started process (PID=1344) to work on /opt/airflow/dags/simple_nyc_taxi_etl.py
[2025-10-26T07:44:22.091+0000] {processor.py:829} INFO - Processing file /opt/airflow/dags/simple_nyc_taxi_etl.py for tasks to queue
[2025-10-26T07:44:22.092+0000] {logging_mixin.py:151} INFO - [2025-10-26T07:44:22.092+0000] {dagbag.py:539} INFO - Filling up the DagBag from /opt/airflow/dags/simple_nyc_taxi_etl.py
[2025-10-26T07:44:22.257+0000] {processor.py:839} INFO - DAG(s) dict_keys(['simple_nyc_taxi_etl']) retrieved from /opt/airflow/dags/simple_nyc_taxi_etl.py
[2025-10-26T07:44:22.269+0000] {logging_mixin.py:151} INFO - [2025-10-26T07:44:22.269+0000] {dag.py:2915} INFO - Sync 1 DAGs
[2025-10-26T07:44:22.278+0000] {logging_mixin.py:151} INFO - [2025-10-26T07:44:22.278+0000] {dag.py:3696} INFO - Setting next_dagrun for simple_nyc_taxi_etl to 2025-10-26T01:44:22.278452+00:00, run_after=2025-10-26T07:44:22.278452+00:00
[2025-10-26T07:44:22.285+0000] {processor.py:179} INFO - Processing /opt/airflow/dags/simple_nyc_taxi_etl.py took 0.196 seconds
[2025-10-26T07:44:52.709+0000] {processor.py:157} INFO - Started process (PID=1389) to work on /opt/airflow/dags/simple_nyc_taxi_etl.py
[2025-10-26T07:44:52.709+0000] {processor.py:829} INFO - Processing file /opt/airflow/dags/simple_nyc_taxi_etl.py for tasks to queue
[2025-10-26T07:44:52.711+0000] {logging_mixin.py:151} INFO - [2025-10-26T07:44:52.711+0000] {dagbag.py:539} INFO - Filling up the DagBag from /opt/airflow/dags/simple_nyc_taxi_etl.py
[2025-10-26T07:44:52.882+0000] {processor.py:839} INFO - DAG(s) dict_keys(['simple_nyc_taxi_etl']) retrieved from /opt/airflow/dags/simple_nyc_taxi_etl.py
[2025-10-26T07:44:52.892+0000] {logging_mixin.py:151} INFO - [2025-10-26T07:44:52.892+0000] {dag.py:2915} INFO - Sync 1 DAGs
[2025-10-26T07:44:52.899+0000] {logging_mixin.py:151} INFO - [2025-10-26T07:44:52.899+0000] {dag.py:3696} INFO - Setting next_dagrun for simple_nyc_taxi_etl to 2025-10-26T01:44:52.899478+00:00, run_after=2025-10-26T07:44:52.899478+00:00
[2025-10-26T07:44:52.906+0000] {processor.py:179} INFO - Processing /opt/airflow/dags/simple_nyc_taxi_etl.py took 0.199 seconds
[2025-10-26T07:45:23.297+0000] {processor.py:157} INFO - Started process (PID=1434) to work on /opt/airflow/dags/simple_nyc_taxi_etl.py
[2025-10-26T07:45:23.298+0000] {processor.py:829} INFO - Processing file /opt/airflow/dags/simple_nyc_taxi_etl.py for tasks to queue
[2025-10-26T07:45:23.299+0000] {logging_mixin.py:151} INFO - [2025-10-26T07:45:23.299+0000] {dagbag.py:539} INFO - Filling up the DagBag from /opt/airflow/dags/simple_nyc_taxi_etl.py
[2025-10-26T07:45:23.478+0000] {processor.py:839} INFO - DAG(s) dict_keys(['simple_nyc_taxi_etl']) retrieved from /opt/airflow/dags/simple_nyc_taxi_etl.py
[2025-10-26T07:45:23.491+0000] {logging_mixin.py:151} INFO - [2025-10-26T07:45:23.490+0000] {dag.py:2915} INFO - Sync 1 DAGs
[2025-10-26T07:45:23.499+0000] {logging_mixin.py:151} INFO - [2025-10-26T07:45:23.499+0000] {dag.py:3696} INFO - Setting next_dagrun for simple_nyc_taxi_etl to 2025-10-26T01:45:23.499480+00:00, run_after=2025-10-26T07:45:23.499480+00:00
[2025-10-26T07:45:23.507+0000] {processor.py:179} INFO - Processing /opt/airflow/dags/simple_nyc_taxi_etl.py took 0.212 seconds
[2025-10-26T07:45:53.922+0000] {processor.py:157} INFO - Started process (PID=1486) to work on /opt/airflow/dags/simple_nyc_taxi_etl.py
[2025-10-26T07:45:53.923+0000] {processor.py:829} INFO - Processing file /opt/airflow/dags/simple_nyc_taxi_etl.py for tasks to queue
[2025-10-26T07:45:53.924+0000] {logging_mixin.py:151} INFO - [2025-10-26T07:45:53.924+0000] {dagbag.py:539} INFO - Filling up the DagBag from /opt/airflow/dags/simple_nyc_taxi_etl.py
[2025-10-26T07:45:54.098+0000] {processor.py:839} INFO - DAG(s) dict_keys(['simple_nyc_taxi_etl']) retrieved from /opt/airflow/dags/simple_nyc_taxi_etl.py
[2025-10-26T07:45:54.110+0000] {logging_mixin.py:151} INFO - [2025-10-26T07:45:54.110+0000] {dag.py:2915} INFO - Sync 1 DAGs
[2025-10-26T07:45:54.118+0000] {logging_mixin.py:151} INFO - [2025-10-26T07:45:54.117+0000] {dag.py:3696} INFO - Setting next_dagrun for simple_nyc_taxi_etl to 2025-10-26T01:45:54.117884+00:00, run_after=2025-10-26T07:45:54.117884+00:00
[2025-10-26T07:45:54.125+0000] {processor.py:179} INFO - Processing /opt/airflow/dags/simple_nyc_taxi_etl.py took 0.204 seconds
[2025-10-26T07:46:24.558+0000] {processor.py:157} INFO - Started process (PID=1531) to work on /opt/airflow/dags/simple_nyc_taxi_etl.py
[2025-10-26T07:46:24.558+0000] {processor.py:829} INFO - Processing file /opt/airflow/dags/simple_nyc_taxi_etl.py for tasks to queue
[2025-10-26T07:46:24.559+0000] {logging_mixin.py:151} INFO - [2025-10-26T07:46:24.559+0000] {dagbag.py:539} INFO - Filling up the DagBag from /opt/airflow/dags/simple_nyc_taxi_etl.py
[2025-10-26T07:46:24.731+0000] {processor.py:839} INFO - DAG(s) dict_keys(['simple_nyc_taxi_etl']) retrieved from /opt/airflow/dags/simple_nyc_taxi_etl.py
[2025-10-26T07:46:24.742+0000] {logging_mixin.py:151} INFO - [2025-10-26T07:46:24.742+0000] {dag.py:2915} INFO - Sync 1 DAGs
[2025-10-26T07:46:24.751+0000] {logging_mixin.py:151} INFO - [2025-10-26T07:46:24.751+0000] {dag.py:3696} INFO - Setting next_dagrun for simple_nyc_taxi_etl to 2025-10-26T01:46:24.751101+00:00, run_after=2025-10-26T07:46:24.751101+00:00
[2025-10-26T07:46:24.757+0000] {processor.py:179} INFO - Processing /opt/airflow/dags/simple_nyc_taxi_etl.py took 0.201 seconds
[2025-10-26T07:46:55.192+0000] {processor.py:157} INFO - Started process (PID=1576) to work on /opt/airflow/dags/simple_nyc_taxi_etl.py
[2025-10-26T07:46:55.192+0000] {processor.py:829} INFO - Processing file /opt/airflow/dags/simple_nyc_taxi_etl.py for tasks to queue
[2025-10-26T07:46:55.193+0000] {logging_mixin.py:151} INFO - [2025-10-26T07:46:55.193+0000] {dagbag.py:539} INFO - Filling up the DagBag from /opt/airflow/dags/simple_nyc_taxi_etl.py
[2025-10-26T07:46:55.383+0000] {processor.py:839} INFO - DAG(s) dict_keys(['simple_nyc_taxi_etl']) retrieved from /opt/airflow/dags/simple_nyc_taxi_etl.py
[2025-10-26T07:46:55.397+0000] {logging_mixin.py:151} INFO - [2025-10-26T07:46:55.397+0000] {dag.py:2915} INFO - Sync 1 DAGs
[2025-10-26T07:46:55.405+0000] {logging_mixin.py:151} INFO - [2025-10-26T07:46:55.405+0000] {dag.py:3696} INFO - Setting next_dagrun for simple_nyc_taxi_etl to 2025-10-26T01:46:55.405480+00:00, run_after=2025-10-26T07:46:55.405480+00:00
[2025-10-26T07:46:55.415+0000] {processor.py:179} INFO - Processing /opt/airflow/dags/simple_nyc_taxi_etl.py took 0.224 seconds
[2025-10-26T07:47:25.825+0000] {processor.py:157} INFO - Started process (PID=1621) to work on /opt/airflow/dags/simple_nyc_taxi_etl.py
[2025-10-26T07:47:25.826+0000] {processor.py:829} INFO - Processing file /opt/airflow/dags/simple_nyc_taxi_etl.py for tasks to queue
[2025-10-26T07:47:25.827+0000] {logging_mixin.py:151} INFO - [2025-10-26T07:47:25.827+0000] {dagbag.py:539} INFO - Filling up the DagBag from /opt/airflow/dags/simple_nyc_taxi_etl.py
[2025-10-26T07:47:25.999+0000] {processor.py:839} INFO - DAG(s) dict_keys(['simple_nyc_taxi_etl']) retrieved from /opt/airflow/dags/simple_nyc_taxi_etl.py
[2025-10-26T07:47:26.010+0000] {logging_mixin.py:151} INFO - [2025-10-26T07:47:26.010+0000] {dag.py:2915} INFO - Sync 1 DAGs
[2025-10-26T07:47:26.017+0000] {logging_mixin.py:151} INFO - [2025-10-26T07:47:26.017+0000] {dag.py:3696} INFO - Setting next_dagrun for simple_nyc_taxi_etl to 2025-10-26T01:47:26.017045+00:00, run_after=2025-10-26T07:47:26.017045+00:00
[2025-10-26T07:47:26.023+0000] {processor.py:179} INFO - Processing /opt/airflow/dags/simple_nyc_taxi_etl.py took 0.199 seconds
[2025-10-26T07:47:56.409+0000] {processor.py:157} INFO - Started process (PID=1666) to work on /opt/airflow/dags/simple_nyc_taxi_etl.py
[2025-10-26T07:47:56.409+0000] {processor.py:829} INFO - Processing file /opt/airflow/dags/simple_nyc_taxi_etl.py for tasks to queue
[2025-10-26T07:47:56.410+0000] {logging_mixin.py:151} INFO - [2025-10-26T07:47:56.410+0000] {dagbag.py:539} INFO - Filling up the DagBag from /opt/airflow/dags/simple_nyc_taxi_etl.py
[2025-10-26T07:47:56.584+0000] {processor.py:839} INFO - DAG(s) dict_keys(['simple_nyc_taxi_etl']) retrieved from /opt/airflow/dags/simple_nyc_taxi_etl.py
[2025-10-26T07:47:56.596+0000] {logging_mixin.py:151} INFO - [2025-10-26T07:47:56.596+0000] {dag.py:2915} INFO - Sync 1 DAGs
[2025-10-26T07:47:56.607+0000] {logging_mixin.py:151} INFO - [2025-10-26T07:47:56.607+0000] {dag.py:3696} INFO - Setting next_dagrun for simple_nyc_taxi_etl to 2025-10-26T01:47:56.607659+00:00, run_after=2025-10-26T07:47:56.607659+00:00
[2025-10-26T07:47:56.614+0000] {processor.py:179} INFO - Processing /opt/airflow/dags/simple_nyc_taxi_etl.py took 0.207 seconds
[2025-10-26T07:48:27.012+0000] {processor.py:157} INFO - Started process (PID=1711) to work on /opt/airflow/dags/simple_nyc_taxi_etl.py
[2025-10-26T07:48:27.012+0000] {processor.py:829} INFO - Processing file /opt/airflow/dags/simple_nyc_taxi_etl.py for tasks to queue
[2025-10-26T07:48:27.013+0000] {logging_mixin.py:151} INFO - [2025-10-26T07:48:27.013+0000] {dagbag.py:539} INFO - Filling up the DagBag from /opt/airflow/dags/simple_nyc_taxi_etl.py
[2025-10-26T07:48:27.187+0000] {processor.py:839} INFO - DAG(s) dict_keys(['simple_nyc_taxi_etl']) retrieved from /opt/airflow/dags/simple_nyc_taxi_etl.py
[2025-10-26T07:48:27.198+0000] {logging_mixin.py:151} INFO - [2025-10-26T07:48:27.198+0000] {dag.py:2915} INFO - Sync 1 DAGs
[2025-10-26T07:48:27.206+0000] {logging_mixin.py:151} INFO - [2025-10-26T07:48:27.206+0000] {dag.py:3696} INFO - Setting next_dagrun for simple_nyc_taxi_etl to 2025-10-26T01:48:27.206400+00:00, run_after=2025-10-26T07:48:27.206400+00:00
[2025-10-26T07:48:27.220+0000] {processor.py:179} INFO - Processing /opt/airflow/dags/simple_nyc_taxi_etl.py took 0.210 seconds
[2025-10-26T07:48:57.610+0000] {processor.py:157} INFO - Started process (PID=1756) to work on /opt/airflow/dags/simple_nyc_taxi_etl.py
[2025-10-26T07:48:57.611+0000] {processor.py:829} INFO - Processing file /opt/airflow/dags/simple_nyc_taxi_etl.py for tasks to queue
[2025-10-26T07:48:57.612+0000] {logging_mixin.py:151} INFO - [2025-10-26T07:48:57.611+0000] {dagbag.py:539} INFO - Filling up the DagBag from /opt/airflow/dags/simple_nyc_taxi_etl.py
[2025-10-26T07:48:57.787+0000] {processor.py:839} INFO - DAG(s) dict_keys(['simple_nyc_taxi_etl']) retrieved from /opt/airflow/dags/simple_nyc_taxi_etl.py
[2025-10-26T07:48:57.799+0000] {logging_mixin.py:151} INFO - [2025-10-26T07:48:57.799+0000] {dag.py:2915} INFO - Sync 1 DAGs
[2025-10-26T07:48:57.808+0000] {logging_mixin.py:151} INFO - [2025-10-26T07:48:57.808+0000] {dag.py:3696} INFO - Setting next_dagrun for simple_nyc_taxi_etl to 2025-10-26T01:48:57.808738+00:00, run_after=2025-10-26T07:48:57.808738+00:00
[2025-10-26T07:48:57.814+0000] {processor.py:179} INFO - Processing /opt/airflow/dags/simple_nyc_taxi_etl.py took 0.206 seconds
[2025-10-26T07:49:28.221+0000] {processor.py:157} INFO - Started process (PID=1801) to work on /opt/airflow/dags/simple_nyc_taxi_etl.py
[2025-10-26T07:49:28.222+0000] {processor.py:829} INFO - Processing file /opt/airflow/dags/simple_nyc_taxi_etl.py for tasks to queue
[2025-10-26T07:49:28.223+0000] {logging_mixin.py:151} INFO - [2025-10-26T07:49:28.222+0000] {dagbag.py:539} INFO - Filling up the DagBag from /opt/airflow/dags/simple_nyc_taxi_etl.py
[2025-10-26T07:49:28.404+0000] {processor.py:839} INFO - DAG(s) dict_keys(['simple_nyc_taxi_etl']) retrieved from /opt/airflow/dags/simple_nyc_taxi_etl.py
[2025-10-26T07:49:28.415+0000] {logging_mixin.py:151} INFO - [2025-10-26T07:49:28.415+0000] {dag.py:2915} INFO - Sync 1 DAGs
[2025-10-26T07:49:28.422+0000] {logging_mixin.py:151} INFO - [2025-10-26T07:49:28.422+0000] {dag.py:3696} INFO - Setting next_dagrun for simple_nyc_taxi_etl to 2025-10-26T01:49:28.422765+00:00, run_after=2025-10-26T07:49:28.422765+00:00
[2025-10-26T07:49:28.432+0000] {processor.py:179} INFO - Processing /opt/airflow/dags/simple_nyc_taxi_etl.py took 0.212 seconds
[2025-10-26T07:49:58.826+0000] {processor.py:157} INFO - Started process (PID=1846) to work on /opt/airflow/dags/simple_nyc_taxi_etl.py
[2025-10-26T07:49:58.827+0000] {processor.py:829} INFO - Processing file /opt/airflow/dags/simple_nyc_taxi_etl.py for tasks to queue
[2025-10-26T07:49:58.828+0000] {logging_mixin.py:151} INFO - [2025-10-26T07:49:58.827+0000] {dagbag.py:539} INFO - Filling up the DagBag from /opt/airflow/dags/simple_nyc_taxi_etl.py
[2025-10-26T07:49:58.996+0000] {processor.py:839} INFO - DAG(s) dict_keys(['simple_nyc_taxi_etl']) retrieved from /opt/airflow/dags/simple_nyc_taxi_etl.py
[2025-10-26T07:49:59.007+0000] {logging_mixin.py:151} INFO - [2025-10-26T07:49:59.007+0000] {dag.py:2915} INFO - Sync 1 DAGs
[2025-10-26T07:49:59.016+0000] {logging_mixin.py:151} INFO - [2025-10-26T07:49:59.015+0000] {dag.py:3696} INFO - Setting next_dagrun for simple_nyc_taxi_etl to 2025-10-26T01:49:59.015842+00:00, run_after=2025-10-26T07:49:59.015842+00:00
[2025-10-26T07:49:59.023+0000] {processor.py:179} INFO - Processing /opt/airflow/dags/simple_nyc_taxi_etl.py took 0.198 seconds
[2025-10-26T07:50:29.448+0000] {processor.py:157} INFO - Started process (PID=1891) to work on /opt/airflow/dags/simple_nyc_taxi_etl.py
[2025-10-26T07:50:29.449+0000] {processor.py:829} INFO - Processing file /opt/airflow/dags/simple_nyc_taxi_etl.py for tasks to queue
[2025-10-26T07:50:29.450+0000] {logging_mixin.py:151} INFO - [2025-10-26T07:50:29.450+0000] {dagbag.py:539} INFO - Filling up the DagBag from /opt/airflow/dags/simple_nyc_taxi_etl.py
[2025-10-26T07:50:29.619+0000] {processor.py:839} INFO - DAG(s) dict_keys(['simple_nyc_taxi_etl']) retrieved from /opt/airflow/dags/simple_nyc_taxi_etl.py
[2025-10-26T07:50:29.628+0000] {logging_mixin.py:151} INFO - [2025-10-26T07:50:29.628+0000] {dag.py:2915} INFO - Sync 1 DAGs
[2025-10-26T07:50:29.637+0000] {logging_mixin.py:151} INFO - [2025-10-26T07:50:29.637+0000] {dag.py:3696} INFO - Setting next_dagrun for simple_nyc_taxi_etl to 2025-10-26T01:50:29.637057+00:00, run_after=2025-10-26T07:50:29.637057+00:00
[2025-10-26T07:50:29.642+0000] {processor.py:179} INFO - Processing /opt/airflow/dags/simple_nyc_taxi_etl.py took 0.195 seconds
[2025-10-26T07:51:00.067+0000] {processor.py:157} INFO - Started process (PID=1936) to work on /opt/airflow/dags/simple_nyc_taxi_etl.py
[2025-10-26T07:51:00.067+0000] {processor.py:829} INFO - Processing file /opt/airflow/dags/simple_nyc_taxi_etl.py for tasks to queue
[2025-10-26T07:51:00.068+0000] {logging_mixin.py:151} INFO - [2025-10-26T07:51:00.068+0000] {dagbag.py:539} INFO - Filling up the DagBag from /opt/airflow/dags/simple_nyc_taxi_etl.py
[2025-10-26T07:51:00.243+0000] {processor.py:839} INFO - DAG(s) dict_keys(['simple_nyc_taxi_etl']) retrieved from /opt/airflow/dags/simple_nyc_taxi_etl.py
[2025-10-26T07:51:00.260+0000] {logging_mixin.py:151} INFO - [2025-10-26T07:51:00.259+0000] {dag.py:2915} INFO - Sync 1 DAGs
[2025-10-26T07:51:00.267+0000] {logging_mixin.py:151} INFO - [2025-10-26T07:51:00.267+0000] {dag.py:3696} INFO - Setting next_dagrun for simple_nyc_taxi_etl to 2025-10-26T01:51:00.267490+00:00, run_after=2025-10-26T07:51:00.267490+00:00
[2025-10-26T07:51:00.281+0000] {processor.py:179} INFO - Processing /opt/airflow/dags/simple_nyc_taxi_etl.py took 0.216 seconds
[2025-10-26T07:51:30.674+0000] {processor.py:157} INFO - Started process (PID=1980) to work on /opt/airflow/dags/simple_nyc_taxi_etl.py
[2025-10-26T07:51:30.675+0000] {processor.py:829} INFO - Processing file /opt/airflow/dags/simple_nyc_taxi_etl.py for tasks to queue
[2025-10-26T07:51:30.676+0000] {logging_mixin.py:151} INFO - [2025-10-26T07:51:30.676+0000] {dagbag.py:539} INFO - Filling up the DagBag from /opt/airflow/dags/simple_nyc_taxi_etl.py
[2025-10-26T07:51:30.845+0000] {processor.py:839} INFO - DAG(s) dict_keys(['simple_nyc_taxi_etl']) retrieved from /opt/airflow/dags/simple_nyc_taxi_etl.py
[2025-10-26T07:51:30.858+0000] {logging_mixin.py:151} INFO - [2025-10-26T07:51:30.858+0000] {dag.py:2915} INFO - Sync 1 DAGs
[2025-10-26T07:51:30.866+0000] {logging_mixin.py:151} INFO - [2025-10-26T07:51:30.866+0000] {dag.py:3696} INFO - Setting next_dagrun for simple_nyc_taxi_etl to 2025-10-26T01:51:30.866099+00:00, run_after=2025-10-26T07:51:30.866099+00:00
[2025-10-26T07:51:30.871+0000] {processor.py:179} INFO - Processing /opt/airflow/dags/simple_nyc_taxi_etl.py took 0.199 seconds
[2025-10-26T07:52:01.294+0000] {processor.py:157} INFO - Started process (PID=2025) to work on /opt/airflow/dags/simple_nyc_taxi_etl.py
[2025-10-26T07:52:01.295+0000] {processor.py:829} INFO - Processing file /opt/airflow/dags/simple_nyc_taxi_etl.py for tasks to queue
[2025-10-26T07:52:01.296+0000] {logging_mixin.py:151} INFO - [2025-10-26T07:52:01.296+0000] {dagbag.py:539} INFO - Filling up the DagBag from /opt/airflow/dags/simple_nyc_taxi_etl.py
[2025-10-26T07:52:01.469+0000] {processor.py:839} INFO - DAG(s) dict_keys(['simple_nyc_taxi_etl']) retrieved from /opt/airflow/dags/simple_nyc_taxi_etl.py
[2025-10-26T07:52:01.480+0000] {logging_mixin.py:151} INFO - [2025-10-26T07:52:01.479+0000] {dag.py:2915} INFO - Sync 1 DAGs
[2025-10-26T07:52:01.487+0000] {logging_mixin.py:151} INFO - [2025-10-26T07:52:01.487+0000] {dag.py:3696} INFO - Setting next_dagrun for simple_nyc_taxi_etl to 2025-10-26T01:52:01.487780+00:00, run_after=2025-10-26T07:52:01.487780+00:00
[2025-10-26T07:52:01.493+0000] {processor.py:179} INFO - Processing /opt/airflow/dags/simple_nyc_taxi_etl.py took 0.200 seconds
[2025-10-26T07:52:31.884+0000] {processor.py:157} INFO - Started process (PID=2070) to work on /opt/airflow/dags/simple_nyc_taxi_etl.py
[2025-10-26T07:52:31.885+0000] {processor.py:829} INFO - Processing file /opt/airflow/dags/simple_nyc_taxi_etl.py for tasks to queue
[2025-10-26T07:52:31.885+0000] {logging_mixin.py:151} INFO - [2025-10-26T07:52:31.885+0000] {dagbag.py:539} INFO - Filling up the DagBag from /opt/airflow/dags/simple_nyc_taxi_etl.py
[2025-10-26T07:52:32.054+0000] {processor.py:839} INFO - DAG(s) dict_keys(['simple_nyc_taxi_etl']) retrieved from /opt/airflow/dags/simple_nyc_taxi_etl.py
[2025-10-26T07:52:32.067+0000] {logging_mixin.py:151} INFO - [2025-10-26T07:52:32.067+0000] {dag.py:2915} INFO - Sync 1 DAGs
[2025-10-26T07:52:32.074+0000] {logging_mixin.py:151} INFO - [2025-10-26T07:52:32.074+0000] {dag.py:3696} INFO - Setting next_dagrun for simple_nyc_taxi_etl to 2025-10-26T01:52:32.074405+00:00, run_after=2025-10-26T07:52:32.074405+00:00
[2025-10-26T07:52:32.081+0000] {processor.py:179} INFO - Processing /opt/airflow/dags/simple_nyc_taxi_etl.py took 0.198 seconds
[2025-10-26T07:53:02.520+0000] {processor.py:157} INFO - Started process (PID=2115) to work on /opt/airflow/dags/simple_nyc_taxi_etl.py
[2025-10-26T07:53:02.521+0000] {processor.py:829} INFO - Processing file /opt/airflow/dags/simple_nyc_taxi_etl.py for tasks to queue
[2025-10-26T07:53:02.522+0000] {logging_mixin.py:151} INFO - [2025-10-26T07:53:02.522+0000] {dagbag.py:539} INFO - Filling up the DagBag from /opt/airflow/dags/simple_nyc_taxi_etl.py
[2025-10-26T07:53:02.697+0000] {processor.py:839} INFO - DAG(s) dict_keys(['simple_nyc_taxi_etl']) retrieved from /opt/airflow/dags/simple_nyc_taxi_etl.py
[2025-10-26T07:53:02.709+0000] {logging_mixin.py:151} INFO - [2025-10-26T07:53:02.709+0000] {dag.py:2915} INFO - Sync 1 DAGs
[2025-10-26T07:53:02.718+0000] {logging_mixin.py:151} INFO - [2025-10-26T07:53:02.718+0000] {dag.py:3696} INFO - Setting next_dagrun for simple_nyc_taxi_etl to 2025-10-26T01:53:02.718054+00:00, run_after=2025-10-26T07:53:02.718054+00:00
[2025-10-26T07:53:02.729+0000] {processor.py:179} INFO - Processing /opt/airflow/dags/simple_nyc_taxi_etl.py took 0.211 seconds
[2025-10-26T07:53:33.123+0000] {processor.py:157} INFO - Started process (PID=2160) to work on /opt/airflow/dags/simple_nyc_taxi_etl.py
[2025-10-26T07:53:33.126+0000] {processor.py:829} INFO - Processing file /opt/airflow/dags/simple_nyc_taxi_etl.py for tasks to queue
[2025-10-26T07:53:33.127+0000] {logging_mixin.py:151} INFO - [2025-10-26T07:53:33.127+0000] {dagbag.py:539} INFO - Filling up the DagBag from /opt/airflow/dags/simple_nyc_taxi_etl.py
[2025-10-26T07:53:33.294+0000] {processor.py:839} INFO - DAG(s) dict_keys(['simple_nyc_taxi_etl']) retrieved from /opt/airflow/dags/simple_nyc_taxi_etl.py
[2025-10-26T07:53:33.306+0000] {logging_mixin.py:151} INFO - [2025-10-26T07:53:33.306+0000] {dag.py:2915} INFO - Sync 1 DAGs
[2025-10-26T07:53:33.313+0000] {logging_mixin.py:151} INFO - [2025-10-26T07:53:33.313+0000] {dag.py:3696} INFO - Setting next_dagrun for simple_nyc_taxi_etl to 2025-10-26T01:53:33.313060+00:00, run_after=2025-10-26T07:53:33.313060+00:00
[2025-10-26T07:53:33.320+0000] {processor.py:179} INFO - Processing /opt/airflow/dags/simple_nyc_taxi_etl.py took 0.198 seconds
[2025-10-26T07:54:03.781+0000] {processor.py:157} INFO - Started process (PID=2205) to work on /opt/airflow/dags/simple_nyc_taxi_etl.py
[2025-10-26T07:54:03.782+0000] {processor.py:829} INFO - Processing file /opt/airflow/dags/simple_nyc_taxi_etl.py for tasks to queue
[2025-10-26T07:54:03.783+0000] {logging_mixin.py:151} INFO - [2025-10-26T07:54:03.783+0000] {dagbag.py:539} INFO - Filling up the DagBag from /opt/airflow/dags/simple_nyc_taxi_etl.py
[2025-10-26T07:54:03.963+0000] {processor.py:839} INFO - DAG(s) dict_keys(['simple_nyc_taxi_etl']) retrieved from /opt/airflow/dags/simple_nyc_taxi_etl.py
[2025-10-26T07:54:03.973+0000] {logging_mixin.py:151} INFO - [2025-10-26T07:54:03.973+0000] {dag.py:2915} INFO - Sync 1 DAGs
[2025-10-26T07:54:03.981+0000] {logging_mixin.py:151} INFO - [2025-10-26T07:54:03.981+0000] {dag.py:3696} INFO - Setting next_dagrun for simple_nyc_taxi_etl to 2025-10-26T01:54:03.981364+00:00, run_after=2025-10-26T07:54:03.981364+00:00
[2025-10-26T07:54:03.987+0000] {processor.py:179} INFO - Processing /opt/airflow/dags/simple_nyc_taxi_etl.py took 0.208 seconds
[2025-10-26T07:54:34.401+0000] {processor.py:157} INFO - Started process (PID=2250) to work on /opt/airflow/dags/simple_nyc_taxi_etl.py
[2025-10-26T07:54:34.401+0000] {processor.py:829} INFO - Processing file /opt/airflow/dags/simple_nyc_taxi_etl.py for tasks to queue
[2025-10-26T07:54:34.402+0000] {logging_mixin.py:151} INFO - [2025-10-26T07:54:34.402+0000] {dagbag.py:539} INFO - Filling up the DagBag from /opt/airflow/dags/simple_nyc_taxi_etl.py
[2025-10-26T07:54:34.572+0000] {processor.py:839} INFO - DAG(s) dict_keys(['simple_nyc_taxi_etl']) retrieved from /opt/airflow/dags/simple_nyc_taxi_etl.py
[2025-10-26T07:54:34.584+0000] {logging_mixin.py:151} INFO - [2025-10-26T07:54:34.584+0000] {dag.py:2915} INFO - Sync 1 DAGs
[2025-10-26T07:54:34.593+0000] {logging_mixin.py:151} INFO - [2025-10-26T07:54:34.593+0000] {dag.py:3696} INFO - Setting next_dagrun for simple_nyc_taxi_etl to 2025-10-26T01:54:34.593147+00:00, run_after=2025-10-26T07:54:34.593147+00:00
[2025-10-26T07:54:34.598+0000] {processor.py:179} INFO - Processing /opt/airflow/dags/simple_nyc_taxi_etl.py took 0.199 seconds
[2025-10-26T07:55:05.005+0000] {processor.py:157} INFO - Started process (PID=2295) to work on /opt/airflow/dags/simple_nyc_taxi_etl.py
[2025-10-26T07:55:05.005+0000] {processor.py:829} INFO - Processing file /opt/airflow/dags/simple_nyc_taxi_etl.py for tasks to queue
[2025-10-26T07:55:05.006+0000] {logging_mixin.py:151} INFO - [2025-10-26T07:55:05.006+0000] {dagbag.py:539} INFO - Filling up the DagBag from /opt/airflow/dags/simple_nyc_taxi_etl.py
[2025-10-26T07:55:05.172+0000] {processor.py:839} INFO - DAG(s) dict_keys(['simple_nyc_taxi_etl']) retrieved from /opt/airflow/dags/simple_nyc_taxi_etl.py
[2025-10-26T07:55:05.183+0000] {logging_mixin.py:151} INFO - [2025-10-26T07:55:05.183+0000] {dag.py:2915} INFO - Sync 1 DAGs
[2025-10-26T07:55:05.190+0000] {logging_mixin.py:151} INFO - [2025-10-26T07:55:05.190+0000] {dag.py:3696} INFO - Setting next_dagrun for simple_nyc_taxi_etl to 2025-10-26T01:55:05.190711+00:00, run_after=2025-10-26T07:55:05.190711+00:00
[2025-10-26T07:55:05.196+0000] {processor.py:179} INFO - Processing /opt/airflow/dags/simple_nyc_taxi_etl.py took 0.193 seconds
[2025-10-26T07:55:35.609+0000] {processor.py:157} INFO - Started process (PID=2340) to work on /opt/airflow/dags/simple_nyc_taxi_etl.py
[2025-10-26T07:55:35.610+0000] {processor.py:829} INFO - Processing file /opt/airflow/dags/simple_nyc_taxi_etl.py for tasks to queue
[2025-10-26T07:55:35.610+0000] {logging_mixin.py:151} INFO - [2025-10-26T07:55:35.610+0000] {dagbag.py:539} INFO - Filling up the DagBag from /opt/airflow/dags/simple_nyc_taxi_etl.py
[2025-10-26T07:55:35.781+0000] {processor.py:839} INFO - DAG(s) dict_keys(['simple_nyc_taxi_etl']) retrieved from /opt/airflow/dags/simple_nyc_taxi_etl.py
[2025-10-26T07:55:35.791+0000] {logging_mixin.py:151} INFO - [2025-10-26T07:55:35.791+0000] {dag.py:2915} INFO - Sync 1 DAGs
[2025-10-26T07:55:35.798+0000] {logging_mixin.py:151} INFO - [2025-10-26T07:55:35.797+0000] {dag.py:3696} INFO - Setting next_dagrun for simple_nyc_taxi_etl to 2025-10-26T01:55:35.797905+00:00, run_after=2025-10-26T07:55:35.797905+00:00
[2025-10-26T07:55:35.804+0000] {processor.py:179} INFO - Processing /opt/airflow/dags/simple_nyc_taxi_etl.py took 0.196 seconds
[2025-10-26T07:56:06.193+0000] {processor.py:157} INFO - Started process (PID=2385) to work on /opt/airflow/dags/simple_nyc_taxi_etl.py
[2025-10-26T07:56:06.193+0000] {processor.py:829} INFO - Processing file /opt/airflow/dags/simple_nyc_taxi_etl.py for tasks to queue
[2025-10-26T07:56:06.194+0000] {logging_mixin.py:151} INFO - [2025-10-26T07:56:06.194+0000] {dagbag.py:539} INFO - Filling up the DagBag from /opt/airflow/dags/simple_nyc_taxi_etl.py
[2025-10-26T07:56:06.365+0000] {processor.py:839} INFO - DAG(s) dict_keys(['simple_nyc_taxi_etl']) retrieved from /opt/airflow/dags/simple_nyc_taxi_etl.py
[2025-10-26T07:56:06.377+0000] {logging_mixin.py:151} INFO - [2025-10-26T07:56:06.377+0000] {dag.py:2915} INFO - Sync 1 DAGs
[2025-10-26T07:56:06.384+0000] {logging_mixin.py:151} INFO - [2025-10-26T07:56:06.384+0000] {dag.py:3696} INFO - Setting next_dagrun for simple_nyc_taxi_etl to 2025-10-26T01:56:06.384509+00:00, run_after=2025-10-26T07:56:06.384509+00:00
[2025-10-26T07:56:06.391+0000] {processor.py:179} INFO - Processing /opt/airflow/dags/simple_nyc_taxi_etl.py took 0.200 seconds
[2025-10-26T07:56:36.808+0000] {processor.py:157} INFO - Started process (PID=2430) to work on /opt/airflow/dags/simple_nyc_taxi_etl.py
[2025-10-26T07:56:36.808+0000] {processor.py:829} INFO - Processing file /opt/airflow/dags/simple_nyc_taxi_etl.py for tasks to queue
[2025-10-26T07:56:36.809+0000] {logging_mixin.py:151} INFO - [2025-10-26T07:56:36.809+0000] {dagbag.py:539} INFO - Filling up the DagBag from /opt/airflow/dags/simple_nyc_taxi_etl.py
[2025-10-26T07:56:36.978+0000] {processor.py:839} INFO - DAG(s) dict_keys(['simple_nyc_taxi_etl']) retrieved from /opt/airflow/dags/simple_nyc_taxi_etl.py
[2025-10-26T07:56:36.992+0000] {logging_mixin.py:151} INFO - [2025-10-26T07:56:36.992+0000] {dag.py:2915} INFO - Sync 1 DAGs
[2025-10-26T07:56:36.999+0000] {logging_mixin.py:151} INFO - [2025-10-26T07:56:36.999+0000] {dag.py:3696} INFO - Setting next_dagrun for simple_nyc_taxi_etl to 2025-10-26T01:56:36.999552+00:00, run_after=2025-10-26T07:56:36.999552+00:00
[2025-10-26T07:56:37.006+0000] {processor.py:179} INFO - Processing /opt/airflow/dags/simple_nyc_taxi_etl.py took 0.199 seconds
[2025-10-26T07:57:07.404+0000] {processor.py:157} INFO - Started process (PID=2475) to work on /opt/airflow/dags/simple_nyc_taxi_etl.py
[2025-10-26T07:57:07.404+0000] {processor.py:829} INFO - Processing file /opt/airflow/dags/simple_nyc_taxi_etl.py for tasks to queue
[2025-10-26T07:57:07.405+0000] {logging_mixin.py:151} INFO - [2025-10-26T07:57:07.405+0000] {dagbag.py:539} INFO - Filling up the DagBag from /opt/airflow/dags/simple_nyc_taxi_etl.py
[2025-10-26T07:57:07.573+0000] {processor.py:839} INFO - DAG(s) dict_keys(['simple_nyc_taxi_etl']) retrieved from /opt/airflow/dags/simple_nyc_taxi_etl.py
[2025-10-26T07:57:07.584+0000] {logging_mixin.py:151} INFO - [2025-10-26T07:57:07.583+0000] {dag.py:2915} INFO - Sync 1 DAGs
[2025-10-26T07:57:07.590+0000] {logging_mixin.py:151} INFO - [2025-10-26T07:57:07.590+0000] {dag.py:3696} INFO - Setting next_dagrun for simple_nyc_taxi_etl to 2025-10-26T01:57:07.590295+00:00, run_after=2025-10-26T07:57:07.590295+00:00
[2025-10-26T07:57:07.596+0000] {processor.py:179} INFO - Processing /opt/airflow/dags/simple_nyc_taxi_etl.py took 0.193 seconds
[2025-10-26T07:57:37.999+0000] {processor.py:157} INFO - Started process (PID=2520) to work on /opt/airflow/dags/simple_nyc_taxi_etl.py
[2025-10-26T07:57:38.000+0000] {processor.py:829} INFO - Processing file /opt/airflow/dags/simple_nyc_taxi_etl.py for tasks to queue
[2025-10-26T07:57:38.001+0000] {logging_mixin.py:151} INFO - [2025-10-26T07:57:38.001+0000] {dagbag.py:539} INFO - Filling up the DagBag from /opt/airflow/dags/simple_nyc_taxi_etl.py
[2025-10-26T07:57:38.167+0000] {processor.py:839} INFO - DAG(s) dict_keys(['simple_nyc_taxi_etl']) retrieved from /opt/airflow/dags/simple_nyc_taxi_etl.py
[2025-10-26T07:57:38.177+0000] {logging_mixin.py:151} INFO - [2025-10-26T07:57:38.176+0000] {dag.py:2915} INFO - Sync 1 DAGs
[2025-10-26T07:57:38.184+0000] {logging_mixin.py:151} INFO - [2025-10-26T07:57:38.184+0000] {dag.py:3696} INFO - Setting next_dagrun for simple_nyc_taxi_etl to 2025-10-26T01:57:38.184112+00:00, run_after=2025-10-26T07:57:38.184112+00:00
[2025-10-26T07:57:38.189+0000] {processor.py:179} INFO - Processing /opt/airflow/dags/simple_nyc_taxi_etl.py took 0.192 seconds
[2025-10-26T07:58:08.631+0000] {processor.py:157} INFO - Started process (PID=2565) to work on /opt/airflow/dags/simple_nyc_taxi_etl.py
[2025-10-26T07:58:08.632+0000] {processor.py:829} INFO - Processing file /opt/airflow/dags/simple_nyc_taxi_etl.py for tasks to queue
[2025-10-26T07:58:08.633+0000] {logging_mixin.py:151} INFO - [2025-10-26T07:58:08.632+0000] {dagbag.py:539} INFO - Filling up the DagBag from /opt/airflow/dags/simple_nyc_taxi_etl.py
[2025-10-26T07:58:08.801+0000] {processor.py:839} INFO - DAG(s) dict_keys(['simple_nyc_taxi_etl']) retrieved from /opt/airflow/dags/simple_nyc_taxi_etl.py
[2025-10-26T07:58:08.812+0000] {logging_mixin.py:151} INFO - [2025-10-26T07:58:08.812+0000] {dag.py:2915} INFO - Sync 1 DAGs
[2025-10-26T07:58:08.819+0000] {logging_mixin.py:151} INFO - [2025-10-26T07:58:08.819+0000] {dag.py:3696} INFO - Setting next_dagrun for simple_nyc_taxi_etl to 2025-10-26T01:58:08.819278+00:00, run_after=2025-10-26T07:58:08.819278+00:00
[2025-10-26T07:58:08.826+0000] {processor.py:179} INFO - Processing /opt/airflow/dags/simple_nyc_taxi_etl.py took 0.196 seconds
[2025-10-26T07:58:39.212+0000] {processor.py:157} INFO - Started process (PID=2610) to work on /opt/airflow/dags/simple_nyc_taxi_etl.py
[2025-10-26T07:58:39.213+0000] {processor.py:829} INFO - Processing file /opt/airflow/dags/simple_nyc_taxi_etl.py for tasks to queue
[2025-10-26T07:58:39.214+0000] {logging_mixin.py:151} INFO - [2025-10-26T07:58:39.213+0000] {dagbag.py:539} INFO - Filling up the DagBag from /opt/airflow/dags/simple_nyc_taxi_etl.py
[2025-10-26T07:58:39.398+0000] {processor.py:839} INFO - DAG(s) dict_keys(['simple_nyc_taxi_etl']) retrieved from /opt/airflow/dags/simple_nyc_taxi_etl.py
[2025-10-26T07:58:39.411+0000] {logging_mixin.py:151} INFO - [2025-10-26T07:58:39.411+0000] {dag.py:2915} INFO - Sync 1 DAGs
[2025-10-26T07:58:39.420+0000] {logging_mixin.py:151} INFO - [2025-10-26T07:58:39.420+0000] {dag.py:3696} INFO - Setting next_dagrun for simple_nyc_taxi_etl to 2025-10-26T01:58:39.420749+00:00, run_after=2025-10-26T07:58:39.420749+00:00
[2025-10-26T07:58:39.429+0000] {processor.py:179} INFO - Processing /opt/airflow/dags/simple_nyc_taxi_etl.py took 0.218 seconds
[2025-10-26T07:59:09.865+0000] {processor.py:157} INFO - Started process (PID=2655) to work on /opt/airflow/dags/simple_nyc_taxi_etl.py
[2025-10-26T07:59:09.865+0000] {processor.py:829} INFO - Processing file /opt/airflow/dags/simple_nyc_taxi_etl.py for tasks to queue
[2025-10-26T07:59:09.867+0000] {logging_mixin.py:151} INFO - [2025-10-26T07:59:09.866+0000] {dagbag.py:539} INFO - Filling up the DagBag from /opt/airflow/dags/simple_nyc_taxi_etl.py
[2025-10-26T07:59:10.043+0000] {processor.py:839} INFO - DAG(s) dict_keys(['simple_nyc_taxi_etl']) retrieved from /opt/airflow/dags/simple_nyc_taxi_etl.py
[2025-10-26T07:59:10.054+0000] {logging_mixin.py:151} INFO - [2025-10-26T07:59:10.054+0000] {dag.py:2915} INFO - Sync 1 DAGs
[2025-10-26T07:59:10.061+0000] {logging_mixin.py:151} INFO - [2025-10-26T07:59:10.061+0000] {dag.py:3696} INFO - Setting next_dagrun for simple_nyc_taxi_etl to 2025-10-26T01:59:10.061592+00:00, run_after=2025-10-26T07:59:10.061592+00:00
[2025-10-26T07:59:10.073+0000] {processor.py:179} INFO - Processing /opt/airflow/dags/simple_nyc_taxi_etl.py took 0.210 seconds
[2025-10-26T07:59:40.449+0000] {processor.py:157} INFO - Started process (PID=2700) to work on /opt/airflow/dags/simple_nyc_taxi_etl.py
[2025-10-26T07:59:40.449+0000] {processor.py:829} INFO - Processing file /opt/airflow/dags/simple_nyc_taxi_etl.py for tasks to queue
[2025-10-26T07:59:40.450+0000] {logging_mixin.py:151} INFO - [2025-10-26T07:59:40.450+0000] {dagbag.py:539} INFO - Filling up the DagBag from /opt/airflow/dags/simple_nyc_taxi_etl.py
[2025-10-26T07:59:40.620+0000] {processor.py:839} INFO - DAG(s) dict_keys(['simple_nyc_taxi_etl']) retrieved from /opt/airflow/dags/simple_nyc_taxi_etl.py
[2025-10-26T07:59:40.630+0000] {logging_mixin.py:151} INFO - [2025-10-26T07:59:40.630+0000] {dag.py:2915} INFO - Sync 1 DAGs
[2025-10-26T07:59:40.638+0000] {logging_mixin.py:151} INFO - [2025-10-26T07:59:40.638+0000] {dag.py:3696} INFO - Setting next_dagrun for simple_nyc_taxi_etl to 2025-10-26T01:59:40.638595+00:00, run_after=2025-10-26T07:59:40.638595+00:00
[2025-10-26T07:59:40.645+0000] {processor.py:179} INFO - Processing /opt/airflow/dags/simple_nyc_taxi_etl.py took 0.198 seconds
[2025-10-26T08:00:11.092+0000] {processor.py:157} INFO - Started process (PID=2745) to work on /opt/airflow/dags/simple_nyc_taxi_etl.py
[2025-10-26T08:00:11.093+0000] {processor.py:829} INFO - Processing file /opt/airflow/dags/simple_nyc_taxi_etl.py for tasks to queue
[2025-10-26T08:00:11.094+0000] {logging_mixin.py:151} INFO - [2025-10-26T08:00:11.094+0000] {dagbag.py:539} INFO - Filling up the DagBag from /opt/airflow/dags/simple_nyc_taxi_etl.py
[2025-10-26T08:00:11.263+0000] {processor.py:839} INFO - DAG(s) dict_keys(['simple_nyc_taxi_etl']) retrieved from /opt/airflow/dags/simple_nyc_taxi_etl.py
[2025-10-26T08:00:11.273+0000] {logging_mixin.py:151} INFO - [2025-10-26T08:00:11.273+0000] {dag.py:2915} INFO - Sync 1 DAGs
[2025-10-26T08:00:11.282+0000] {logging_mixin.py:151} INFO - [2025-10-26T08:00:11.282+0000] {dag.py:3696} INFO - Setting next_dagrun for simple_nyc_taxi_etl to 2025-10-26T02:00:11.282007+00:00, run_after=2025-10-26T08:00:11.282007+00:00
[2025-10-26T08:00:11.289+0000] {processor.py:179} INFO - Processing /opt/airflow/dags/simple_nyc_taxi_etl.py took 0.198 seconds
[2025-10-26T08:00:41.714+0000] {processor.py:157} INFO - Started process (PID=2790) to work on /opt/airflow/dags/simple_nyc_taxi_etl.py
[2025-10-26T08:00:41.714+0000] {processor.py:829} INFO - Processing file /opt/airflow/dags/simple_nyc_taxi_etl.py for tasks to queue
[2025-10-26T08:00:41.716+0000] {logging_mixin.py:151} INFO - [2025-10-26T08:00:41.716+0000] {dagbag.py:539} INFO - Filling up the DagBag from /opt/airflow/dags/simple_nyc_taxi_etl.py
[2025-10-26T08:00:41.885+0000] {processor.py:839} INFO - DAG(s) dict_keys(['simple_nyc_taxi_etl']) retrieved from /opt/airflow/dags/simple_nyc_taxi_etl.py
[2025-10-26T08:00:41.894+0000] {logging_mixin.py:151} INFO - [2025-10-26T08:00:41.894+0000] {dag.py:2915} INFO - Sync 1 DAGs
[2025-10-26T08:00:41.902+0000] {logging_mixin.py:151} INFO - [2025-10-26T08:00:41.901+0000] {dag.py:3696} INFO - Setting next_dagrun for simple_nyc_taxi_etl to 2025-10-26T02:00:41.901935+00:00, run_after=2025-10-26T08:00:41.901935+00:00
[2025-10-26T08:00:41.909+0000] {processor.py:179} INFO - Processing /opt/airflow/dags/simple_nyc_taxi_etl.py took 0.197 seconds
[2025-10-26T08:01:12.323+0000] {processor.py:157} INFO - Started process (PID=2835) to work on /opt/airflow/dags/simple_nyc_taxi_etl.py
[2025-10-26T08:01:12.323+0000] {processor.py:829} INFO - Processing file /opt/airflow/dags/simple_nyc_taxi_etl.py for tasks to queue
[2025-10-26T08:01:12.325+0000] {logging_mixin.py:151} INFO - [2025-10-26T08:01:12.325+0000] {dagbag.py:539} INFO - Filling up the DagBag from /opt/airflow/dags/simple_nyc_taxi_etl.py
[2025-10-26T08:01:12.500+0000] {processor.py:839} INFO - DAG(s) dict_keys(['simple_nyc_taxi_etl']) retrieved from /opt/airflow/dags/simple_nyc_taxi_etl.py
[2025-10-26T08:01:12.516+0000] {logging_mixin.py:151} INFO - [2025-10-26T08:01:12.516+0000] {dag.py:2915} INFO - Sync 1 DAGs
[2025-10-26T08:01:12.525+0000] {logging_mixin.py:151} INFO - [2025-10-26T08:01:12.525+0000] {dag.py:3696} INFO - Setting next_dagrun for simple_nyc_taxi_etl to 2025-10-26T02:01:12.525752+00:00, run_after=2025-10-26T08:01:12.525752+00:00
[2025-10-26T08:01:12.537+0000] {processor.py:179} INFO - Processing /opt/airflow/dags/simple_nyc_taxi_etl.py took 0.215 seconds
[2025-10-26T08:01:42.968+0000] {processor.py:157} INFO - Started process (PID=2880) to work on /opt/airflow/dags/simple_nyc_taxi_etl.py
[2025-10-26T08:01:42.970+0000] {processor.py:829} INFO - Processing file /opt/airflow/dags/simple_nyc_taxi_etl.py for tasks to queue
[2025-10-26T08:01:42.973+0000] {logging_mixin.py:151} INFO - [2025-10-26T08:01:42.973+0000] {dagbag.py:539} INFO - Filling up the DagBag from /opt/airflow/dags/simple_nyc_taxi_etl.py
[2025-10-26T08:01:43.142+0000] {processor.py:839} INFO - DAG(s) dict_keys(['simple_nyc_taxi_etl']) retrieved from /opt/airflow/dags/simple_nyc_taxi_etl.py
[2025-10-26T08:01:43.154+0000] {logging_mixin.py:151} INFO - [2025-10-26T08:01:43.154+0000] {dag.py:2915} INFO - Sync 1 DAGs
[2025-10-26T08:01:43.161+0000] {logging_mixin.py:151} INFO - [2025-10-26T08:01:43.161+0000] {dag.py:3696} INFO - Setting next_dagrun for simple_nyc_taxi_etl to 2025-10-26T02:01:43.161457+00:00, run_after=2025-10-26T08:01:43.161457+00:00
[2025-10-26T08:01:43.168+0000] {processor.py:179} INFO - Processing /opt/airflow/dags/simple_nyc_taxi_etl.py took 0.201 seconds
[2025-10-26T08:02:13.585+0000] {processor.py:157} INFO - Started process (PID=2925) to work on /opt/airflow/dags/simple_nyc_taxi_etl.py
[2025-10-26T08:02:13.585+0000] {processor.py:829} INFO - Processing file /opt/airflow/dags/simple_nyc_taxi_etl.py for tasks to queue
[2025-10-26T08:02:13.586+0000] {logging_mixin.py:151} INFO - [2025-10-26T08:02:13.586+0000] {dagbag.py:539} INFO - Filling up the DagBag from /opt/airflow/dags/simple_nyc_taxi_etl.py
[2025-10-26T08:02:13.765+0000] {processor.py:839} INFO - DAG(s) dict_keys(['simple_nyc_taxi_etl']) retrieved from /opt/airflow/dags/simple_nyc_taxi_etl.py
[2025-10-26T08:02:13.777+0000] {logging_mixin.py:151} INFO - [2025-10-26T08:02:13.777+0000] {dag.py:2915} INFO - Sync 1 DAGs
[2025-10-26T08:02:13.784+0000] {logging_mixin.py:151} INFO - [2025-10-26T08:02:13.784+0000] {dag.py:3696} INFO - Setting next_dagrun for simple_nyc_taxi_etl to 2025-10-26T02:02:13.784013+00:00, run_after=2025-10-26T08:02:13.784013+00:00
[2025-10-26T08:02:13.791+0000] {processor.py:179} INFO - Processing /opt/airflow/dags/simple_nyc_taxi_etl.py took 0.208 seconds
[2025-10-26T08:02:44.209+0000] {processor.py:157} INFO - Started process (PID=2970) to work on /opt/airflow/dags/simple_nyc_taxi_etl.py
[2025-10-26T08:02:44.211+0000] {processor.py:829} INFO - Processing file /opt/airflow/dags/simple_nyc_taxi_etl.py for tasks to queue
[2025-10-26T08:02:44.212+0000] {logging_mixin.py:151} INFO - [2025-10-26T08:02:44.212+0000] {dagbag.py:539} INFO - Filling up the DagBag from /opt/airflow/dags/simple_nyc_taxi_etl.py
[2025-10-26T08:02:44.384+0000] {processor.py:839} INFO - DAG(s) dict_keys(['simple_nyc_taxi_etl']) retrieved from /opt/airflow/dags/simple_nyc_taxi_etl.py
[2025-10-26T08:02:44.395+0000] {logging_mixin.py:151} INFO - [2025-10-26T08:02:44.395+0000] {dag.py:2915} INFO - Sync 1 DAGs
[2025-10-26T08:02:44.402+0000] {logging_mixin.py:151} INFO - [2025-10-26T08:02:44.402+0000] {dag.py:3696} INFO - Setting next_dagrun for simple_nyc_taxi_etl to 2025-10-26T02:02:44.402733+00:00, run_after=2025-10-26T08:02:44.402733+00:00
[2025-10-26T08:02:44.408+0000] {processor.py:179} INFO - Processing /opt/airflow/dags/simple_nyc_taxi_etl.py took 0.200 seconds
[2025-10-26T08:03:14.874+0000] {processor.py:157} INFO - Started process (PID=3015) to work on /opt/airflow/dags/simple_nyc_taxi_etl.py
[2025-10-26T08:03:14.874+0000] {processor.py:829} INFO - Processing file /opt/airflow/dags/simple_nyc_taxi_etl.py for tasks to queue
[2025-10-26T08:03:14.875+0000] {logging_mixin.py:151} INFO - [2025-10-26T08:03:14.875+0000] {dagbag.py:539} INFO - Filling up the DagBag from /opt/airflow/dags/simple_nyc_taxi_etl.py
[2025-10-26T08:03:15.055+0000] {processor.py:839} INFO - DAG(s) dict_keys(['simple_nyc_taxi_etl']) retrieved from /opt/airflow/dags/simple_nyc_taxi_etl.py
[2025-10-26T08:03:15.065+0000] {logging_mixin.py:151} INFO - [2025-10-26T08:03:15.065+0000] {dag.py:2915} INFO - Sync 1 DAGs
[2025-10-26T08:03:15.073+0000] {logging_mixin.py:151} INFO - [2025-10-26T08:03:15.073+0000] {dag.py:3696} INFO - Setting next_dagrun for simple_nyc_taxi_etl to 2025-10-26T02:03:15.072967+00:00, run_after=2025-10-26T08:03:15.072967+00:00
[2025-10-26T08:03:15.078+0000] {processor.py:179} INFO - Processing /opt/airflow/dags/simple_nyc_taxi_etl.py took 0.206 seconds
[2025-10-26T08:03:45.522+0000] {processor.py:157} INFO - Started process (PID=3060) to work on /opt/airflow/dags/simple_nyc_taxi_etl.py
[2025-10-26T08:03:45.522+0000] {processor.py:829} INFO - Processing file /opt/airflow/dags/simple_nyc_taxi_etl.py for tasks to queue
[2025-10-26T08:03:45.523+0000] {logging_mixin.py:151} INFO - [2025-10-26T08:03:45.523+0000] {dagbag.py:539} INFO - Filling up the DagBag from /opt/airflow/dags/simple_nyc_taxi_etl.py
[2025-10-26T08:03:45.709+0000] {processor.py:839} INFO - DAG(s) dict_keys(['simple_nyc_taxi_etl']) retrieved from /opt/airflow/dags/simple_nyc_taxi_etl.py
[2025-10-26T08:03:45.721+0000] {logging_mixin.py:151} INFO - [2025-10-26T08:03:45.721+0000] {dag.py:2915} INFO - Sync 1 DAGs
[2025-10-26T08:03:45.731+0000] {logging_mixin.py:151} INFO - [2025-10-26T08:03:45.731+0000] {dag.py:3696} INFO - Setting next_dagrun for simple_nyc_taxi_etl to 2025-10-26T02:03:45.731142+00:00, run_after=2025-10-26T08:03:45.731142+00:00
[2025-10-26T08:03:45.738+0000] {processor.py:179} INFO - Processing /opt/airflow/dags/simple_nyc_taxi_etl.py took 0.218 seconds
[2025-10-26T08:04:16.168+0000] {processor.py:157} INFO - Started process (PID=3105) to work on /opt/airflow/dags/simple_nyc_taxi_etl.py
[2025-10-26T08:04:16.169+0000] {processor.py:829} INFO - Processing file /opt/airflow/dags/simple_nyc_taxi_etl.py for tasks to queue
[2025-10-26T08:04:16.170+0000] {logging_mixin.py:151} INFO - [2025-10-26T08:04:16.170+0000] {dagbag.py:539} INFO - Filling up the DagBag from /opt/airflow/dags/simple_nyc_taxi_etl.py
[2025-10-26T08:04:16.343+0000] {processor.py:839} INFO - DAG(s) dict_keys(['simple_nyc_taxi_etl']) retrieved from /opt/airflow/dags/simple_nyc_taxi_etl.py
[2025-10-26T08:04:16.353+0000] {logging_mixin.py:151} INFO - [2025-10-26T08:04:16.353+0000] {dag.py:2915} INFO - Sync 1 DAGs
[2025-10-26T08:04:16.362+0000] {logging_mixin.py:151} INFO - [2025-10-26T08:04:16.362+0000] {dag.py:3696} INFO - Setting next_dagrun for simple_nyc_taxi_etl to 2025-10-26T02:04:16.362778+00:00, run_after=2025-10-26T08:04:16.362778+00:00
[2025-10-26T08:04:16.370+0000] {processor.py:179} INFO - Processing /opt/airflow/dags/simple_nyc_taxi_etl.py took 0.204 seconds
[2025-10-26T08:04:46.801+0000] {processor.py:157} INFO - Started process (PID=3150) to work on /opt/airflow/dags/simple_nyc_taxi_etl.py
[2025-10-26T08:04:46.802+0000] {processor.py:829} INFO - Processing file /opt/airflow/dags/simple_nyc_taxi_etl.py for tasks to queue
[2025-10-26T08:04:46.803+0000] {logging_mixin.py:151} INFO - [2025-10-26T08:04:46.803+0000] {dagbag.py:539} INFO - Filling up the DagBag from /opt/airflow/dags/simple_nyc_taxi_etl.py
[2025-10-26T08:04:46.973+0000] {processor.py:839} INFO - DAG(s) dict_keys(['simple_nyc_taxi_etl']) retrieved from /opt/airflow/dags/simple_nyc_taxi_etl.py
[2025-10-26T08:04:46.985+0000] {logging_mixin.py:151} INFO - [2025-10-26T08:04:46.985+0000] {dag.py:2915} INFO - Sync 1 DAGs
[2025-10-26T08:04:46.992+0000] {logging_mixin.py:151} INFO - [2025-10-26T08:04:46.992+0000] {dag.py:3696} INFO - Setting next_dagrun for simple_nyc_taxi_etl to 2025-10-26T02:04:46.992111+00:00, run_after=2025-10-26T08:04:46.992111+00:00
[2025-10-26T08:04:46.998+0000] {processor.py:179} INFO - Processing /opt/airflow/dags/simple_nyc_taxi_etl.py took 0.198 seconds
[2025-10-26T08:05:17.438+0000] {processor.py:157} INFO - Started process (PID=3195) to work on /opt/airflow/dags/simple_nyc_taxi_etl.py
[2025-10-26T08:05:17.439+0000] {processor.py:829} INFO - Processing file /opt/airflow/dags/simple_nyc_taxi_etl.py for tasks to queue
[2025-10-26T08:05:17.440+0000] {logging_mixin.py:151} INFO - [2025-10-26T08:05:17.439+0000] {dagbag.py:539} INFO - Filling up the DagBag from /opt/airflow/dags/simple_nyc_taxi_etl.py
[2025-10-26T08:05:17.609+0000] {processor.py:839} INFO - DAG(s) dict_keys(['simple_nyc_taxi_etl']) retrieved from /opt/airflow/dags/simple_nyc_taxi_etl.py
[2025-10-26T08:05:17.623+0000] {logging_mixin.py:151} INFO - [2025-10-26T08:05:17.623+0000] {dag.py:2915} INFO - Sync 1 DAGs
[2025-10-26T08:05:17.632+0000] {logging_mixin.py:151} INFO - [2025-10-26T08:05:17.632+0000] {dag.py:3696} INFO - Setting next_dagrun for simple_nyc_taxi_etl to 2025-10-26T02:05:17.632196+00:00, run_after=2025-10-26T08:05:17.632196+00:00
[2025-10-26T08:05:17.640+0000] {processor.py:179} INFO - Processing /opt/airflow/dags/simple_nyc_taxi_etl.py took 0.203 seconds
[2025-10-26T08:05:48.106+0000] {processor.py:157} INFO - Started process (PID=3240) to work on /opt/airflow/dags/simple_nyc_taxi_etl.py
[2025-10-26T08:05:48.107+0000] {processor.py:829} INFO - Processing file /opt/airflow/dags/simple_nyc_taxi_etl.py for tasks to queue
[2025-10-26T08:05:48.108+0000] {logging_mixin.py:151} INFO - [2025-10-26T08:05:48.108+0000] {dagbag.py:539} INFO - Filling up the DagBag from /opt/airflow/dags/simple_nyc_taxi_etl.py
[2025-10-26T08:05:48.279+0000] {processor.py:839} INFO - DAG(s) dict_keys(['simple_nyc_taxi_etl']) retrieved from /opt/airflow/dags/simple_nyc_taxi_etl.py
[2025-10-26T08:05:48.293+0000] {logging_mixin.py:151} INFO - [2025-10-26T08:05:48.292+0000] {dag.py:2915} INFO - Sync 1 DAGs
[2025-10-26T08:05:48.299+0000] {logging_mixin.py:151} INFO - [2025-10-26T08:05:48.299+0000] {dag.py:3696} INFO - Setting next_dagrun for simple_nyc_taxi_etl to 2025-10-26T02:05:48.299318+00:00, run_after=2025-10-26T08:05:48.299318+00:00
[2025-10-26T08:05:48.305+0000] {processor.py:179} INFO - Processing /opt/airflow/dags/simple_nyc_taxi_etl.py took 0.200 seconds
[2025-10-26T08:06:18.746+0000] {processor.py:157} INFO - Started process (PID=3285) to work on /opt/airflow/dags/simple_nyc_taxi_etl.py
[2025-10-26T08:06:18.746+0000] {processor.py:829} INFO - Processing file /opt/airflow/dags/simple_nyc_taxi_etl.py for tasks to queue
[2025-10-26T08:06:18.747+0000] {logging_mixin.py:151} INFO - [2025-10-26T08:06:18.747+0000] {dagbag.py:539} INFO - Filling up the DagBag from /opt/airflow/dags/simple_nyc_taxi_etl.py
[2025-10-26T08:06:18.924+0000] {processor.py:839} INFO - DAG(s) dict_keys(['simple_nyc_taxi_etl']) retrieved from /opt/airflow/dags/simple_nyc_taxi_etl.py
[2025-10-26T08:06:18.938+0000] {logging_mixin.py:151} INFO - [2025-10-26T08:06:18.938+0000] {dag.py:2915} INFO - Sync 1 DAGs
[2025-10-26T08:06:18.946+0000] {logging_mixin.py:151} INFO - [2025-10-26T08:06:18.946+0000] {dag.py:3696} INFO - Setting next_dagrun for simple_nyc_taxi_etl to 2025-10-26T02:06:18.946737+00:00, run_after=2025-10-26T08:06:18.946737+00:00
[2025-10-26T08:06:18.954+0000] {processor.py:179} INFO - Processing /opt/airflow/dags/simple_nyc_taxi_etl.py took 0.210 seconds
[2025-10-26T08:06:49.393+0000] {processor.py:157} INFO - Started process (PID=3330) to work on /opt/airflow/dags/simple_nyc_taxi_etl.py
[2025-10-26T08:06:49.393+0000] {processor.py:829} INFO - Processing file /opt/airflow/dags/simple_nyc_taxi_etl.py for tasks to queue
[2025-10-26T08:06:49.394+0000] {logging_mixin.py:151} INFO - [2025-10-26T08:06:49.394+0000] {dagbag.py:539} INFO - Filling up the DagBag from /opt/airflow/dags/simple_nyc_taxi_etl.py
[2025-10-26T08:06:49.573+0000] {processor.py:839} INFO - DAG(s) dict_keys(['simple_nyc_taxi_etl']) retrieved from /opt/airflow/dags/simple_nyc_taxi_etl.py
[2025-10-26T08:06:49.583+0000] {logging_mixin.py:151} INFO - [2025-10-26T08:06:49.583+0000] {dag.py:2915} INFO - Sync 1 DAGs
[2025-10-26T08:06:49.590+0000] {logging_mixin.py:151} INFO - [2025-10-26T08:06:49.590+0000] {dag.py:3696} INFO - Setting next_dagrun for simple_nyc_taxi_etl to 2025-10-26T02:06:49.590683+00:00, run_after=2025-10-26T08:06:49.590683+00:00
[2025-10-26T08:06:49.597+0000] {processor.py:179} INFO - Processing /opt/airflow/dags/simple_nyc_taxi_etl.py took 0.206 seconds
[2025-10-26T08:07:20.002+0000] {processor.py:157} INFO - Started process (PID=3375) to work on /opt/airflow/dags/simple_nyc_taxi_etl.py
[2025-10-26T08:07:20.003+0000] {processor.py:829} INFO - Processing file /opt/airflow/dags/simple_nyc_taxi_etl.py for tasks to queue
[2025-10-26T08:07:20.004+0000] {logging_mixin.py:151} INFO - [2025-10-26T08:07:20.004+0000] {dagbag.py:539} INFO - Filling up the DagBag from /opt/airflow/dags/simple_nyc_taxi_etl.py
[2025-10-26T08:07:20.169+0000] {processor.py:839} INFO - DAG(s) dict_keys(['simple_nyc_taxi_etl']) retrieved from /opt/airflow/dags/simple_nyc_taxi_etl.py
[2025-10-26T08:07:20.182+0000] {logging_mixin.py:151} INFO - [2025-10-26T08:07:20.182+0000] {dag.py:2915} INFO - Sync 1 DAGs
[2025-10-26T08:07:20.189+0000] {logging_mixin.py:151} INFO - [2025-10-26T08:07:20.189+0000] {dag.py:3696} INFO - Setting next_dagrun for simple_nyc_taxi_etl to 2025-10-26T02:07:20.189186+00:00, run_after=2025-10-26T08:07:20.189186+00:00
[2025-10-26T08:07:20.195+0000] {processor.py:179} INFO - Processing /opt/airflow/dags/simple_nyc_taxi_etl.py took 0.194 seconds
[2025-10-26T08:07:50.700+0000] {processor.py:157} INFO - Started process (PID=3420) to work on /opt/airflow/dags/simple_nyc_taxi_etl.py
[2025-10-26T08:07:50.702+0000] {processor.py:829} INFO - Processing file /opt/airflow/dags/simple_nyc_taxi_etl.py for tasks to queue
[2025-10-26T08:07:50.705+0000] {logging_mixin.py:151} INFO - [2025-10-26T08:07:50.705+0000] {dagbag.py:539} INFO - Filling up the DagBag from /opt/airflow/dags/simple_nyc_taxi_etl.py
[2025-10-26T08:07:50.877+0000] {processor.py:839} INFO - DAG(s) dict_keys(['simple_nyc_taxi_etl']) retrieved from /opt/airflow/dags/simple_nyc_taxi_etl.py
[2025-10-26T08:07:50.889+0000] {logging_mixin.py:151} INFO - [2025-10-26T08:07:50.889+0000] {dag.py:2915} INFO - Sync 1 DAGs
[2025-10-26T08:07:50.898+0000] {logging_mixin.py:151} INFO - [2025-10-26T08:07:50.898+0000] {dag.py:3696} INFO - Setting next_dagrun for simple_nyc_taxi_etl to 2025-10-26T02:07:50.898120+00:00, run_after=2025-10-26T08:07:50.898120+00:00
[2025-10-26T08:07:50.907+0000] {processor.py:179} INFO - Processing /opt/airflow/dags/simple_nyc_taxi_etl.py took 0.209 seconds
