[2025-11-03T02:53:19.194+0000] {taskinstance.py:1157} INFO - Dependencies all met for dep_context=non-requeueable deps ti=<TaskInstance: nyc_weather_etl.spark_process_location_to_iceberg scheduled__2025-11-03T01:53:15.902171+00:00 [queued]>
[2025-11-03T02:53:19.200+0000] {taskinstance.py:1157} INFO - Dependencies all met for dep_context=requeueable deps ti=<TaskInstance: nyc_weather_etl.spark_process_location_to_iceberg scheduled__2025-11-03T01:53:15.902171+00:00 [queued]>
[2025-11-03T02:53:19.204+0000] {taskinstance.py:1359} INFO - Starting attempt 1 of 1
[2025-11-03T02:53:19.211+0000] {taskinstance.py:1380} INFO - Executing <Task(SparkSubmitOperator): spark_process_location_to_iceberg> on 2025-11-03 01:53:15.902171+00:00
[2025-11-03T02:53:19.213+0000] {standard_task_runner.py:57} INFO - Started process 1271 to run task
[2025-11-03T02:53:19.215+0000] {standard_task_runner.py:84} INFO - Running: ['***', 'tasks', 'run', 'nyc_weather_etl', 'spark_process_location_to_iceberg', 'scheduled__2025-11-03T01:53:15.902171+00:00', '--job-id', '58', '--raw', '--subdir', 'DAGS_FOLDER/nyc_weather_etl.py', '--cfg-path', '/tmp/tmphgjsrq9t']
[2025-11-03T02:53:19.218+0000] {standard_task_runner.py:85} INFO - Job 58: Subtask spark_process_location_to_iceberg
[2025-11-03T02:53:19.243+0000] {task_command.py:415} INFO - Running <TaskInstance: nyc_weather_etl.spark_process_location_to_iceberg scheduled__2025-11-03T01:53:15.902171+00:00 [running]> on host ec57452a9f33
[2025-11-03T02:53:19.392+0000] {taskinstance.py:1660} INFO - Exporting env vars: AIRFLOW_CTX_DAG_OWNER='data-engineering' AIRFLOW_CTX_DAG_ID='nyc_weather_etl' AIRFLOW_CTX_TASK_ID='spark_process_location_to_iceberg' AIRFLOW_CTX_EXECUTION_DATE='2025-11-03T01:53:15.902171+00:00' AIRFLOW_CTX_TRY_NUMBER='1' AIRFLOW_CTX_DAG_RUN_ID='scheduled__2025-11-03T01:53:15.902171+00:00'
[2025-11-03T02:53:19.394+0000] {base.py:73} INFO - Using connection ID 'spark_default' for task execution.
[2025-11-03T02:53:19.395+0000] {spark_submit.py:340} INFO - Spark-Submit cmd: /opt/bitnami/spark/bin/spark-submit --master spark-master:7077 --conf spark.master=spark://spark-master:7077 --conf spark.sql.catalog.spark_catalog=org.apache.iceberg.spark.SparkSessionCatalog --conf spark.sql.catalog.spark_catalog.type=hive --conf spark.sql.catalog.iceberg=org.apache.iceberg.spark.SparkCatalog --conf spark.sql.catalog.iceberg.type=hadoop --conf spark.sql.catalog.iceberg.warehouse=s3a://lakehouse/warehouse --conf spark.sql.extensions=org.apache.iceberg.spark.extensions.IcebergSparkSessionExtensions --conf spark.hadoop.fs.s3a.endpoint=http://minio:9000 --conf spark.hadoop.fs.s3a.access.key=admin --conf spark.hadoop.fs.s3a.secret.key=****** --conf spark.hadoop.fs.s3a.path.style.access=true --conf spark.hadoop.fs.s3a.impl=org.apache.hadoop.fs.s3a.S3AFileSystem --jars /opt/***/jars/iceberg-spark-runtime-3.5_2.12-1.4.2.jar,/opt/***/jars/aws-java-sdk-bundle-1.12.367.jar,/opt/***/jars/hadoop-aws-3.3.4.jar --name arrow-spark /opt/***/dags/spark_jobs/location_to_iceberg.py /opt/***/data/locations/nyc_taxi_zones.json
[2025-11-03T02:53:20.419+0000] {spark_submit.py:491} INFO - 25/11/03 02:53:20 WARN NativeCodeLoader: Unable to load native-hadoop library for your platform... using builtin-java classes where applicable
[2025-11-03T02:53:21.037+0000] {spark_submit.py:491} INFO - 25/11/03 02:53:21 INFO SparkContext: Running Spark version 3.5.1
[2025-11-03T02:53:21.038+0000] {spark_submit.py:491} INFO - 25/11/03 02:53:21 INFO SparkContext: OS info Linux, 6.10.14-linuxkit, aarch64
[2025-11-03T02:53:21.038+0000] {spark_submit.py:491} INFO - 25/11/03 02:53:21 INFO SparkContext: Java version 11.0.28
[2025-11-03T02:53:21.056+0000] {spark_submit.py:491} INFO - 25/11/03 02:53:21 INFO ResourceUtils: ==============================================================
[2025-11-03T02:53:21.056+0000] {spark_submit.py:491} INFO - 25/11/03 02:53:21 INFO ResourceUtils: No custom resources configured for spark.driver.
[2025-11-03T02:53:21.057+0000] {spark_submit.py:491} INFO - 25/11/03 02:53:21 INFO ResourceUtils: ==============================================================
[2025-11-03T02:53:21.057+0000] {spark_submit.py:491} INFO - 25/11/03 02:53:21 INFO SparkContext: Submitted application: Location to Iceberg ETL
[2025-11-03T02:53:21.067+0000] {spark_submit.py:491} INFO - 25/11/03 02:53:21 INFO ResourceProfile: Default ResourceProfile created, executor resources: Map(cores -> name: cores, amount: 1, script: , vendor: , memory -> name: memory, amount: 1024, script: , vendor: , offHeap -> name: offHeap, amount: 0, script: , vendor: ), task resources: Map(cpus -> name: cpus, amount: 1.0)
[2025-11-03T02:53:21.074+0000] {spark_submit.py:491} INFO - 25/11/03 02:53:21 INFO ResourceProfile: Limiting resource is cpu
[2025-11-03T02:53:21.074+0000] {spark_submit.py:491} INFO - 25/11/03 02:53:21 INFO ResourceProfileManager: Added ResourceProfile id: 0
[2025-11-03T02:53:21.128+0000] {spark_submit.py:491} INFO - 25/11/03 02:53:21 INFO SecurityManager: Changing view acls to: ***
[2025-11-03T02:53:21.129+0000] {spark_submit.py:491} INFO - 25/11/03 02:53:21 INFO SecurityManager: Changing modify acls to: ***
[2025-11-03T02:53:21.129+0000] {spark_submit.py:491} INFO - 25/11/03 02:53:21 INFO SecurityManager: Changing view acls groups to:
[2025-11-03T02:53:21.130+0000] {spark_submit.py:491} INFO - 25/11/03 02:53:21 INFO SecurityManager: Changing modify acls groups to:
[2025-11-03T02:53:21.130+0000] {spark_submit.py:491} INFO - 25/11/03 02:53:21 INFO SecurityManager: SecurityManager: authentication disabled; ui acls disabled; users with view permissions: ***; groups with view permissions: EMPTY; users with modify permissions: ***; groups with modify permissions: EMPTY
[2025-11-03T02:53:21.256+0000] {spark_submit.py:491} INFO - 25/11/03 02:53:21 INFO Utils: Successfully started service 'sparkDriver' on port 40347.
[2025-11-03T02:53:21.275+0000] {spark_submit.py:491} INFO - 25/11/03 02:53:21 INFO SparkEnv: Registering MapOutputTracker
[2025-11-03T02:53:21.292+0000] {spark_submit.py:491} INFO - 25/11/03 02:53:21 INFO SparkEnv: Registering BlockManagerMaster
[2025-11-03T02:53:21.302+0000] {spark_submit.py:491} INFO - 25/11/03 02:53:21 INFO BlockManagerMasterEndpoint: Using org.apache.spark.storage.DefaultTopologyMapper for getting topology information
[2025-11-03T02:53:21.303+0000] {spark_submit.py:491} INFO - 25/11/03 02:53:21 INFO BlockManagerMasterEndpoint: BlockManagerMasterEndpoint up
[2025-11-03T02:53:21.304+0000] {spark_submit.py:491} INFO - 25/11/03 02:53:21 INFO SparkEnv: Registering BlockManagerMasterHeartbeat
[2025-11-03T02:53:21.314+0000] {spark_submit.py:491} INFO - 25/11/03 02:53:21 INFO DiskBlockManager: Created local directory at /tmp/blockmgr-14b0eb3e-f8ae-49eb-a332-7ebc61bcad20
[2025-11-03T02:53:21.320+0000] {spark_submit.py:491} INFO - 25/11/03 02:53:21 INFO MemoryStore: MemoryStore started with capacity 434.4 MiB
[2025-11-03T02:53:21.331+0000] {spark_submit.py:491} INFO - 25/11/03 02:53:21 INFO SparkEnv: Registering OutputCommitCoordinator
[2025-11-03T02:53:21.396+0000] {spark_submit.py:491} INFO - 25/11/03 02:53:21 INFO JettyUtils: Start Jetty 0.0.0.0:4040 for SparkUI
[2025-11-03T02:53:21.427+0000] {spark_submit.py:491} INFO - 25/11/03 02:53:21 WARN Utils: Service 'SparkUI' could not bind on port 4040. Attempting port 4041.
[2025-11-03T02:53:21.429+0000] {spark_submit.py:491} INFO - 25/11/03 02:53:21 WARN Utils: Service 'SparkUI' could not bind on port 4041. Attempting port 4042.
[2025-11-03T02:53:21.432+0000] {spark_submit.py:491} INFO - 25/11/03 02:53:21 INFO Utils: Successfully started service 'SparkUI' on port 4042.
[2025-11-03T02:53:21.451+0000] {spark_submit.py:491} INFO - 25/11/03 02:53:21 INFO SparkContext: Added JAR file:///opt/***/jars/iceberg-spark-runtime-3.5_2.12-1.4.2.jar at spark://ec57452a9f33:40347/jars/iceberg-spark-runtime-3.5_2.12-1.4.2.jar with timestamp 1762138401028
[2025-11-03T02:53:21.451+0000] {spark_submit.py:491} INFO - 25/11/03 02:53:21 INFO SparkContext: Added JAR file:///opt/***/jars/aws-java-sdk-bundle-1.12.367.jar at spark://ec57452a9f33:40347/jars/aws-java-sdk-bundle-1.12.367.jar with timestamp 1762138401028
[2025-11-03T02:53:21.451+0000] {spark_submit.py:491} INFO - 25/11/03 02:53:21 INFO SparkContext: Added JAR file:///opt/***/jars/hadoop-aws-3.3.4.jar at spark://ec57452a9f33:40347/jars/hadoop-aws-3.3.4.jar with timestamp 1762138401028
[2025-11-03T02:53:21.494+0000] {spark_submit.py:491} INFO - 25/11/03 02:53:21 INFO Executor: Starting executor ID driver on host ec57452a9f33
[2025-11-03T02:53:21.494+0000] {spark_submit.py:491} INFO - 25/11/03 02:53:21 INFO Executor: OS info Linux, 6.10.14-linuxkit, aarch64
[2025-11-03T02:53:21.495+0000] {spark_submit.py:491} INFO - 25/11/03 02:53:21 INFO Executor: Java version 11.0.28
[2025-11-03T02:53:21.495+0000] {spark_submit.py:491} INFO - 25/11/03 02:53:21 INFO Executor: Starting executor with user classpath (userClassPathFirst = false): ''
[2025-11-03T02:53:21.495+0000] {spark_submit.py:491} INFO - 25/11/03 02:53:21 INFO Executor: Created or updated repl class loader org.apache.spark.util.MutableURLClassLoader@23522f1 for default.
[2025-11-03T02:53:21.501+0000] {spark_submit.py:491} INFO - 25/11/03 02:53:21 INFO Executor: Fetching spark://ec57452a9f33:40347/jars/aws-java-sdk-bundle-1.12.367.jar with timestamp 1762138401028
[2025-11-03T02:53:21.533+0000] {spark_submit.py:491} INFO - 25/11/03 02:53:21 INFO TransportClientFactory: Successfully created connection to ec57452a9f33/172.18.0.4:40347 after 15 ms (0 ms spent in bootstraps)
[2025-11-03T02:53:21.536+0000] {spark_submit.py:491} INFO - 25/11/03 02:53:21 INFO Utils: Fetching spark://ec57452a9f33:40347/jars/aws-java-sdk-bundle-1.12.367.jar to /tmp/spark-b97eb2c7-6249-4576-aa1b-8152e5268af1/userFiles-cd8c089c-c316-47b7-8bf3-72de7811cb95/fetchFileTemp5795647625436512654.tmp
[2025-11-03T02:53:22.135+0000] {spark_submit.py:491} INFO - 25/11/03 02:53:22 INFO Executor: Adding file:/tmp/spark-b97eb2c7-6249-4576-aa1b-8152e5268af1/userFiles-cd8c089c-c316-47b7-8bf3-72de7811cb95/aws-java-sdk-bundle-1.12.367.jar to class loader default
[2025-11-03T02:53:22.141+0000] {spark_submit.py:491} INFO - 25/11/03 02:53:22 INFO Executor: Fetching spark://ec57452a9f33:40347/jars/iceberg-spark-runtime-3.5_2.12-1.4.2.jar with timestamp 1762138401028
[2025-11-03T02:53:22.142+0000] {spark_submit.py:491} INFO - 25/11/03 02:53:22 INFO Utils: Fetching spark://ec57452a9f33:40347/jars/iceberg-spark-runtime-3.5_2.12-1.4.2.jar to /tmp/spark-b97eb2c7-6249-4576-aa1b-8152e5268af1/userFiles-cd8c089c-c316-47b7-8bf3-72de7811cb95/fetchFileTemp6779437059136227652.tmp
[2025-11-03T02:53:22.205+0000] {spark_submit.py:491} INFO - 25/11/03 02:53:22 INFO Executor: Adding file:/tmp/spark-b97eb2c7-6249-4576-aa1b-8152e5268af1/userFiles-cd8c089c-c316-47b7-8bf3-72de7811cb95/iceberg-spark-runtime-3.5_2.12-1.4.2.jar to class loader default
[2025-11-03T02:53:22.205+0000] {spark_submit.py:491} INFO - 25/11/03 02:53:22 INFO Executor: Fetching spark://ec57452a9f33:40347/jars/hadoop-aws-3.3.4.jar with timestamp 1762138401028
[2025-11-03T02:53:22.206+0000] {spark_submit.py:491} INFO - 25/11/03 02:53:22 INFO Utils: Fetching spark://ec57452a9f33:40347/jars/hadoop-aws-3.3.4.jar to /tmp/spark-b97eb2c7-6249-4576-aa1b-8152e5268af1/userFiles-cd8c089c-c316-47b7-8bf3-72de7811cb95/fetchFileTemp2344928993214697253.tmp
[2025-11-03T02:53:22.211+0000] {spark_submit.py:491} INFO - 25/11/03 02:53:22 INFO Executor: Adding file:/tmp/spark-b97eb2c7-6249-4576-aa1b-8152e5268af1/userFiles-cd8c089c-c316-47b7-8bf3-72de7811cb95/hadoop-aws-3.3.4.jar to class loader default
[2025-11-03T02:53:22.219+0000] {spark_submit.py:491} INFO - 25/11/03 02:53:22 INFO Utils: Successfully started service 'org.apache.spark.network.netty.NettyBlockTransferService' on port 33649.
[2025-11-03T02:53:22.221+0000] {spark_submit.py:491} INFO - 25/11/03 02:53:22 INFO NettyBlockTransferService: Server created on ec57452a9f33:33649
[2025-11-03T02:53:22.221+0000] {spark_submit.py:491} INFO - 25/11/03 02:53:22 INFO BlockManager: Using org.apache.spark.storage.RandomBlockReplicationPolicy for block replication policy
[2025-11-03T02:53:22.225+0000] {spark_submit.py:491} INFO - 25/11/03 02:53:22 INFO BlockManagerMaster: Registering BlockManager BlockManagerId(driver, ec57452a9f33, 33649, None)
[2025-11-03T02:53:22.227+0000] {spark_submit.py:491} INFO - 25/11/03 02:53:22 INFO BlockManagerMasterEndpoint: Registering block manager ec57452a9f33:33649 with 434.4 MiB RAM, BlockManagerId(driver, ec57452a9f33, 33649, None)
[2025-11-03T02:53:22.229+0000] {spark_submit.py:491} INFO - 25/11/03 02:53:22 INFO BlockManagerMaster: Registered BlockManager BlockManagerId(driver, ec57452a9f33, 33649, None)
[2025-11-03T02:53:22.230+0000] {spark_submit.py:491} INFO - 25/11/03 02:53:22 INFO BlockManager: Initialized BlockManager: BlockManagerId(driver, ec57452a9f33, 33649, None)
[2025-11-03T02:53:24.167+0000] {spark_submit.py:491} INFO - 25/11/03 02:53:24 WARN MetricsConfig: Cannot locate configuration: tried hadoop-metrics2-s3a-file-system.properties,hadoop-metrics2.properties
[2025-11-03T02:53:24.997+0000] {spark_submit.py:491} INFO - Created/verified taxi zones table
[2025-11-03T02:53:24.997+0000] {spark_submit.py:491} INFO - Reading location data from: /opt/***/data/locations/nyc_taxi_zones.json
[2025-11-03T02:53:26.471+0000] {spark_submit.py:491} INFO - Raw location data count: 16
[2025-11-03T02:53:26.471+0000] {spark_submit.py:491} INFO - root
[2025-11-03T02:53:26.471+0000] {spark_submit.py:491} INFO - |-- borough: string (nullable = true)
[2025-11-03T02:53:26.471+0000] {spark_submit.py:491} INFO - |-- created_at: string (nullable = true)
[2025-11-03T02:53:26.471+0000] {spark_submit.py:491} INFO - |-- is_business_district: boolean (nullable = true)
[2025-11-03T02:53:26.471+0000] {spark_submit.py:491} INFO - |-- is_tourist_area: boolean (nullable = true)
[2025-11-03T02:53:26.471+0000] {spark_submit.py:491} INFO - |-- lat: double (nullable = true)
[2025-11-03T02:53:26.471+0000] {spark_submit.py:491} INFO - |-- location_id: long (nullable = true)
[2025-11-03T02:53:26.471+0000] {spark_submit.py:491} INFO - |-- lon: double (nullable = true)
[2025-11-03T02:53:26.471+0000] {spark_submit.py:491} INFO - |-- zone: string (nullable = true)
[2025-11-03T02:53:26.471+0000] {spark_submit.py:491} INFO - |-- zone_type: string (nullable = true)
[2025-11-03T02:53:26.471+0000] {spark_submit.py:491} INFO - 
[2025-11-03T02:53:26.803+0000] {spark_submit.py:491} INFO - Processed location data count: 16
[2025-11-03T02:53:28.432+0000] {spark_submit.py:491} INFO - Successfully wrote location data to Iceberg table
[2025-11-03T02:53:29.662+0000] {spark_submit.py:491} INFO - +---------+----------+-------------+--------------+
[2025-11-03T02:53:29.663+0000] {spark_submit.py:491} INFO - |  borough|zone_count|tourist_zones|business_zones|
[2025-11-03T02:53:29.663+0000] {spark_submit.py:491} INFO - +---------+----------+-------------+--------------+
[2025-11-03T02:53:29.663+0000] {spark_submit.py:491} INFO - |Manhattan|        13|            4|             3|
[2025-11-03T02:53:29.663+0000] {spark_submit.py:491} INFO - |   Queens|         2|            0|             0|
[2025-11-03T02:53:29.663+0000] {spark_submit.py:491} INFO - | Brooklyn|         1|            0|             0|
[2025-11-03T02:53:29.663+0000] {spark_submit.py:491} INFO - +---------+----------+-------------+--------------+
[2025-11-03T02:53:29.663+0000] {spark_submit.py:491} INFO - 
[2025-11-03T02:53:29.663+0000] {spark_submit.py:491} INFO - Location ETL job completed successfully!
[2025-11-03T02:53:30.375+0000] {taskinstance.py:1398} INFO - Marking task as SUCCESS. dag_id=nyc_weather_etl, task_id=spark_process_location_to_iceberg, execution_date=20251103T015315, start_date=20251103T025319, end_date=20251103T025330
[2025-11-03T02:53:30.412+0000] {local_task_job_runner.py:228} INFO - Task exited with return code 0
[2025-11-03T02:53:30.422+0000] {taskinstance.py:2776} INFO - 0 downstream tasks scheduled from follow-on schedule check
