[2025-10-25T10:57:27.549+0000] {taskinstance.py:1157} INFO - Dependencies all met for dep_context=non-requeueable deps ti=<TaskInstance: nyc_weather_etl.spark_process_weather_to_iceberg manual__2025-10-25T10:57:24.927785+00:00 [queued]>
[2025-10-25T10:57:27.554+0000] {taskinstance.py:1157} INFO - Dependencies all met for dep_context=requeueable deps ti=<TaskInstance: nyc_weather_etl.spark_process_weather_to_iceberg manual__2025-10-25T10:57:24.927785+00:00 [queued]>
[2025-10-25T10:57:27.554+0000] {taskinstance.py:1359} INFO - Starting attempt 1 of 1
[2025-10-25T10:57:27.559+0000] {taskinstance.py:1380} INFO - Executing <Task(SparkSubmitOperator): spark_process_weather_to_iceberg> on 2025-10-25 10:57:24.927785+00:00
[2025-10-25T10:57:27.562+0000] {standard_task_runner.py:57} INFO - Started process 1738 to run task
[2025-10-25T10:57:27.564+0000] {standard_task_runner.py:84} INFO - Running: ['***', 'tasks', 'run', 'nyc_weather_etl', 'spark_process_weather_to_iceberg', 'manual__2025-10-25T10:57:24.927785+00:00', '--job-id', '639', '--raw', '--subdir', 'DAGS_FOLDER/nyc_weather_etl.py', '--cfg-path', '/tmp/tmp6sqm2ewk']
[2025-10-25T10:57:27.565+0000] {standard_task_runner.py:85} INFO - Job 639: Subtask spark_process_weather_to_iceberg
[2025-10-25T10:57:27.588+0000] {task_command.py:415} INFO - Running <TaskInstance: nyc_weather_etl.spark_process_weather_to_iceberg manual__2025-10-25T10:57:24.927785+00:00 [running]> on host b40be2a595bb
[2025-10-25T10:57:27.730+0000] {taskinstance.py:1660} INFO - Exporting env vars: AIRFLOW_CTX_DAG_OWNER='data-engineering' AIRFLOW_CTX_DAG_ID='nyc_weather_etl' AIRFLOW_CTX_TASK_ID='spark_process_weather_to_iceberg' AIRFLOW_CTX_EXECUTION_DATE='2025-10-25T10:57:24.927785+00:00' AIRFLOW_CTX_TRY_NUMBER='1' AIRFLOW_CTX_DAG_RUN_ID='manual__2025-10-25T10:57:24.927785+00:00'
[2025-10-25T10:57:27.734+0000] {base.py:73} INFO - Using connection ID 'spark_default' for task execution.
[2025-10-25T10:57:27.735+0000] {spark_submit.py:340} INFO - Spark-Submit cmd: /opt/bitnami/spark/bin/spark-submit --master spark://spark-master:7077 --conf spark.master=spark://spark-master:7077 --conf spark.sql.catalog.spark_catalog=org.apache.iceberg.spark.SparkSessionCatalog --conf spark.sql.catalog.spark_catalog.type=hive --conf spark.sql.catalog.iceberg=org.apache.iceberg.spark.SparkCatalog --conf spark.sql.catalog.iceberg.type=hadoop --conf spark.sql.catalog.iceberg.warehouse=s3a://lakehouse/warehouse --conf spark.sql.extensions=org.apache.iceberg.spark.extensions.IcebergSparkSessionExtensions --conf spark.hadoop.fs.s3a.endpoint=http://minio:9000 --conf spark.hadoop.fs.s3a.access.key=admin --conf spark.hadoop.fs.s3a.secret.key=****** --conf spark.hadoop.fs.s3a.path.style.access=true --conf spark.hadoop.fs.s3a.impl=org.apache.hadoop.fs.s3a.S3AFileSystem --jars /opt/***/jars/iceberg-spark-runtime-3.5_2.12-1.4.2.jar,/opt/***/jars/aws-java-sdk-bundle-1.12.367.jar,/opt/***/jars/hadoop-aws-3.3.4.jar --name arrow-spark --queue default /opt/***/dags/spark_jobs/weather_to_iceberg.py /opt/***/data/weather/weather_data_20251008_06.json
[2025-10-25T10:57:28.515+0000] {spark_submit.py:491} INFO - 25/10/25 10:57:28 WARN NativeCodeLoader: Unable to load native-hadoop library for your platform... using builtin-java classes where applicable
[2025-10-25T10:57:29.127+0000] {spark_submit.py:491} INFO - 25/10/25 10:57:29 INFO SparkContext: Running Spark version 3.5.1
[2025-10-25T10:57:29.129+0000] {spark_submit.py:491} INFO - 25/10/25 10:57:29 INFO SparkContext: OS info Linux, 6.10.14-linuxkit, aarch64
[2025-10-25T10:57:29.131+0000] {spark_submit.py:491} INFO - 25/10/25 10:57:29 INFO SparkContext: Java version 11.0.28
[2025-10-25T10:57:29.143+0000] {spark_submit.py:491} INFO - 25/10/25 10:57:29 INFO ResourceUtils: ==============================================================
[2025-10-25T10:57:29.144+0000] {spark_submit.py:491} INFO - 25/10/25 10:57:29 INFO ResourceUtils: No custom resources configured for spark.driver.
[2025-10-25T10:57:29.144+0000] {spark_submit.py:491} INFO - 25/10/25 10:57:29 INFO ResourceUtils: ==============================================================
[2025-10-25T10:57:29.144+0000] {spark_submit.py:491} INFO - 25/10/25 10:57:29 INFO SparkContext: Submitted application: Weather to Iceberg ETL
[2025-10-25T10:57:29.151+0000] {spark_submit.py:491} INFO - 25/10/25 10:57:29 INFO ResourceProfile: Default ResourceProfile created, executor resources: Map(cores -> name: cores, amount: 1, script: , vendor: , memory -> name: memory, amount: 1024, script: , vendor: , offHeap -> name: offHeap, amount: 0, script: , vendor: ), task resources: Map(cpus -> name: cpus, amount: 1.0)
[2025-10-25T10:57:29.155+0000] {spark_submit.py:491} INFO - 25/10/25 10:57:29 INFO ResourceProfile: Limiting resource is cpu
[2025-10-25T10:57:29.155+0000] {spark_submit.py:491} INFO - 25/10/25 10:57:29 INFO ResourceProfileManager: Added ResourceProfile id: 0
[2025-10-25T10:57:29.184+0000] {spark_submit.py:491} INFO - 25/10/25 10:57:29 INFO SecurityManager: Changing view acls to: ***
[2025-10-25T10:57:29.184+0000] {spark_submit.py:491} INFO - 25/10/25 10:57:29 INFO SecurityManager: Changing modify acls to: ***
[2025-10-25T10:57:29.184+0000] {spark_submit.py:491} INFO - 25/10/25 10:57:29 INFO SecurityManager: Changing view acls groups to:
[2025-10-25T10:57:29.185+0000] {spark_submit.py:491} INFO - 25/10/25 10:57:29 INFO SecurityManager: Changing modify acls groups to:
[2025-10-25T10:57:29.185+0000] {spark_submit.py:491} INFO - 25/10/25 10:57:29 INFO SecurityManager: SecurityManager: authentication disabled; ui acls disabled; users with view permissions: ***; groups with view permissions: EMPTY; users with modify permissions: ***; groups with modify permissions: EMPTY
[2025-10-25T10:57:29.272+0000] {spark_submit.py:491} INFO - 25/10/25 10:57:29 INFO Utils: Successfully started service 'sparkDriver' on port 33501.
[2025-10-25T10:57:29.283+0000] {spark_submit.py:491} INFO - 25/10/25 10:57:29 INFO SparkEnv: Registering MapOutputTracker
[2025-10-25T10:57:29.295+0000] {spark_submit.py:491} INFO - 25/10/25 10:57:29 INFO SparkEnv: Registering BlockManagerMaster
[2025-10-25T10:57:29.304+0000] {spark_submit.py:491} INFO - 25/10/25 10:57:29 INFO BlockManagerMasterEndpoint: Using org.apache.spark.storage.DefaultTopologyMapper for getting topology information
[2025-10-25T10:57:29.306+0000] {spark_submit.py:491} INFO - 25/10/25 10:57:29 INFO BlockManagerMasterEndpoint: BlockManagerMasterEndpoint up
[2025-10-25T10:57:29.306+0000] {spark_submit.py:491} INFO - 25/10/25 10:57:29 INFO SparkEnv: Registering BlockManagerMasterHeartbeat
[2025-10-25T10:57:29.316+0000] {spark_submit.py:491} INFO - 25/10/25 10:57:29 INFO DiskBlockManager: Created local directory at /tmp/blockmgr-8ff0ca95-6b58-4607-a420-89feca18870a
[2025-10-25T10:57:29.322+0000] {spark_submit.py:491} INFO - 25/10/25 10:57:29 INFO MemoryStore: MemoryStore started with capacity 434.4 MiB
[2025-10-25T10:57:29.327+0000] {spark_submit.py:491} INFO - 25/10/25 10:57:29 INFO SparkEnv: Registering OutputCommitCoordinator
[2025-10-25T10:57:29.375+0000] {spark_submit.py:491} INFO - 25/10/25 10:57:29 INFO JettyUtils: Start Jetty 0.0.0.0:4040 for SparkUI
[2025-10-25T10:57:29.396+0000] {spark_submit.py:491} INFO - 25/10/25 10:57:29 INFO Utils: Successfully started service 'SparkUI' on port 4040.
[2025-10-25T10:57:29.409+0000] {spark_submit.py:491} INFO - 25/10/25 10:57:29 INFO SparkContext: Added JAR file:///opt/***/jars/iceberg-spark-runtime-3.5_2.12-1.4.2.jar at spark://b40be2a595bb:33501/jars/iceberg-spark-runtime-3.5_2.12-1.4.2.jar with timestamp 1761389849123
[2025-10-25T10:57:29.409+0000] {spark_submit.py:491} INFO - 25/10/25 10:57:29 INFO SparkContext: Added JAR file:///opt/***/jars/aws-java-sdk-bundle-1.12.367.jar at spark://b40be2a595bb:33501/jars/aws-java-sdk-bundle-1.12.367.jar with timestamp 1761389849123
[2025-10-25T10:57:29.411+0000] {spark_submit.py:491} INFO - 25/10/25 10:57:29 INFO SparkContext: Added JAR file:///opt/***/jars/hadoop-aws-3.3.4.jar at spark://b40be2a595bb:33501/jars/hadoop-aws-3.3.4.jar with timestamp 1761389849123
[2025-10-25T10:57:29.430+0000] {spark_submit.py:491} INFO - 25/10/25 10:57:29 INFO Executor: Starting executor ID driver on host b40be2a595bb
[2025-10-25T10:57:29.432+0000] {spark_submit.py:491} INFO - 25/10/25 10:57:29 INFO Executor: OS info Linux, 6.10.14-linuxkit, aarch64
[2025-10-25T10:57:29.432+0000] {spark_submit.py:491} INFO - 25/10/25 10:57:29 INFO Executor: Java version 11.0.28
[2025-10-25T10:57:29.432+0000] {spark_submit.py:491} INFO - 25/10/25 10:57:29 INFO Executor: Starting executor with user classpath (userClassPathFirst = false): ''
[2025-10-25T10:57:29.432+0000] {spark_submit.py:491} INFO - 25/10/25 10:57:29 INFO Executor: Created or updated repl class loader org.apache.spark.util.MutableURLClassLoader@6aff3922 for default.
[2025-10-25T10:57:29.436+0000] {spark_submit.py:491} INFO - 25/10/25 10:57:29 INFO Executor: Fetching spark://b40be2a595bb:33501/jars/hadoop-aws-3.3.4.jar with timestamp 1761389849123
[2025-10-25T10:57:29.457+0000] {spark_submit.py:491} INFO - 25/10/25 10:57:29 INFO TransportClientFactory: Successfully created connection to b40be2a595bb/172.18.0.3:33501 after 10 ms (0 ms spent in bootstraps)
[2025-10-25T10:57:29.460+0000] {spark_submit.py:491} INFO - 25/10/25 10:57:29 INFO Utils: Fetching spark://b40be2a595bb:33501/jars/hadoop-aws-3.3.4.jar to /tmp/spark-01d92f9a-f77f-4f42-9fc4-9a1fa712d955/userFiles-0073576a-5607-46bb-9092-722287cb0304/fetchFileTemp17954216922925178174.tmp
[2025-10-25T10:57:29.471+0000] {spark_submit.py:491} INFO - 25/10/25 10:57:29 INFO Executor: Adding file:/tmp/spark-01d92f9a-f77f-4f42-9fc4-9a1fa712d955/userFiles-0073576a-5607-46bb-9092-722287cb0304/hadoop-aws-3.3.4.jar to class loader default
[2025-10-25T10:57:29.472+0000] {spark_submit.py:491} INFO - 25/10/25 10:57:29 INFO Executor: Fetching spark://b40be2a595bb:33501/jars/aws-java-sdk-bundle-1.12.367.jar with timestamp 1761389849123
[2025-10-25T10:57:29.472+0000] {spark_submit.py:491} INFO - 25/10/25 10:57:29 INFO Utils: Fetching spark://b40be2a595bb:33501/jars/aws-java-sdk-bundle-1.12.367.jar to /tmp/spark-01d92f9a-f77f-4f42-9fc4-9a1fa712d955/userFiles-0073576a-5607-46bb-9092-722287cb0304/fetchFileTemp14764196376752128540.tmp
[2025-10-25T10:57:29.672+0000] {spark_submit.py:491} INFO - 25/10/25 10:57:29 INFO Executor: Adding file:/tmp/spark-01d92f9a-f77f-4f42-9fc4-9a1fa712d955/userFiles-0073576a-5607-46bb-9092-722287cb0304/aws-java-sdk-bundle-1.12.367.jar to class loader default
[2025-10-25T10:57:29.672+0000] {spark_submit.py:491} INFO - 25/10/25 10:57:29 INFO Executor: Fetching spark://b40be2a595bb:33501/jars/iceberg-spark-runtime-3.5_2.12-1.4.2.jar with timestamp 1761389849123
[2025-10-25T10:57:29.673+0000] {spark_submit.py:491} INFO - 25/10/25 10:57:29 INFO Utils: Fetching spark://b40be2a595bb:33501/jars/iceberg-spark-runtime-3.5_2.12-1.4.2.jar to /tmp/spark-01d92f9a-f77f-4f42-9fc4-9a1fa712d955/userFiles-0073576a-5607-46bb-9092-722287cb0304/fetchFileTemp13039931684818015963.tmp
[2025-10-25T10:57:29.709+0000] {spark_submit.py:491} INFO - 25/10/25 10:57:29 INFO Executor: Adding file:/tmp/spark-01d92f9a-f77f-4f42-9fc4-9a1fa712d955/userFiles-0073576a-5607-46bb-9092-722287cb0304/iceberg-spark-runtime-3.5_2.12-1.4.2.jar to class loader default
[2025-10-25T10:57:29.717+0000] {spark_submit.py:491} INFO - 25/10/25 10:57:29 INFO Utils: Successfully started service 'org.apache.spark.network.netty.NettyBlockTransferService' on port 41255.
[2025-10-25T10:57:29.717+0000] {spark_submit.py:491} INFO - 25/10/25 10:57:29 INFO NettyBlockTransferService: Server created on b40be2a595bb:41255
[2025-10-25T10:57:29.718+0000] {spark_submit.py:491} INFO - 25/10/25 10:57:29 INFO BlockManager: Using org.apache.spark.storage.RandomBlockReplicationPolicy for block replication policy
[2025-10-25T10:57:29.721+0000] {spark_submit.py:491} INFO - 25/10/25 10:57:29 INFO BlockManagerMaster: Registering BlockManager BlockManagerId(driver, b40be2a595bb, 41255, None)
[2025-10-25T10:57:29.722+0000] {spark_submit.py:491} INFO - 25/10/25 10:57:29 INFO BlockManagerMasterEndpoint: Registering block manager b40be2a595bb:41255 with 434.4 MiB RAM, BlockManagerId(driver, b40be2a595bb, 41255, None)
[2025-10-25T10:57:29.723+0000] {spark_submit.py:491} INFO - 25/10/25 10:57:29 INFO BlockManagerMaster: Registered BlockManager BlockManagerId(driver, b40be2a595bb, 41255, None)
[2025-10-25T10:57:29.723+0000] {spark_submit.py:491} INFO - 25/10/25 10:57:29 INFO BlockManager: Initialized BlockManager: BlockManagerId(driver, b40be2a595bb, 41255, None)
[2025-10-25T10:57:30.861+0000] {spark_submit.py:491} INFO - 25/10/25 10:57:30 WARN MetricsConfig: Cannot locate configuration: tried hadoop-metrics2-s3a-file-system.properties,hadoop-metrics2.properties
[2025-10-25T10:57:31.402+0000] {spark_submit.py:491} INFO - Created/verified weather table
[2025-10-25T10:57:31.403+0000] {spark_submit.py:491} INFO - Reading weather data from: /opt/***/data/weather/weather_data_20251008_06.json
[2025-10-25T10:57:32.459+0000] {spark_submit.py:491} INFO - Raw weather data count: 24
[2025-10-25T10:57:32.460+0000] {spark_submit.py:491} INFO - root
[2025-10-25T10:57:32.463+0000] {spark_submit.py:491} INFO - |-- timestamp: string (nullable = true)
[2025-10-25T10:57:32.463+0000] {spark_submit.py:491} INFO - |-- location: string (nullable = true)
[2025-10-25T10:57:32.463+0000] {spark_submit.py:491} INFO - |-- latitude: double (nullable = true)
[2025-10-25T10:57:32.463+0000] {spark_submit.py:491} INFO - |-- longitude: double (nullable = true)
[2025-10-25T10:57:32.463+0000] {spark_submit.py:491} INFO - |-- temperature_celsius: double (nullable = true)
[2025-10-25T10:57:32.464+0000] {spark_submit.py:491} INFO - |-- temperature_fahrenheit: double (nullable = true)
[2025-10-25T10:57:32.464+0000] {spark_submit.py:491} INFO - |-- humidity_percent: double (nullable = true)
[2025-10-25T10:57:32.464+0000] {spark_submit.py:491} INFO - |-- pressure_hpa: double (nullable = true)
[2025-10-25T10:57:32.464+0000] {spark_submit.py:491} INFO - |-- wind_speed_kmh: double (nullable = true)
[2025-10-25T10:57:32.464+0000] {spark_submit.py:491} INFO - |-- weather_condition: string (nullable = true)
[2025-10-25T10:57:32.464+0000] {spark_submit.py:491} INFO - |-- visibility_km: double (nullable = true)
[2025-10-25T10:57:32.464+0000] {spark_submit.py:491} INFO - |-- uv_index: double (nullable = true)
[2025-10-25T10:57:32.464+0000] {spark_submit.py:491} INFO - |-- hour: integer (nullable = true)
[2025-10-25T10:57:32.464+0000] {spark_submit.py:491} INFO - |-- day_of_week: integer (nullable = true)
[2025-10-25T10:57:32.464+0000] {spark_submit.py:491} INFO - |-- is_weekend: boolean (nullable = true)
[2025-10-25T10:57:32.465+0000] {spark_submit.py:491} INFO - 
[2025-10-25T10:57:32.675+0000] {spark_submit.py:491} INFO - Processed weather data count: 24
[2025-10-25T10:57:33.582+0000] {spark_submit.py:491} INFO - Successfully wrote weather data to Iceberg table
[2025-10-25T10:57:34.570+0000] {spark_submit.py:491} INFO - +------------+------------------+------------------+-----------------+--------------------+
[2025-10-25T10:57:34.570+0000] {spark_submit.py:491} INFO - |weather_date|        avg_temp_c|      avg_humidity|   avg_wind_speed|          conditions|
[2025-10-25T10:57:34.570+0000] {spark_submit.py:491} INFO - +------------+------------------+------------------+-----------------+--------------------+
[2025-10-25T10:57:34.571+0000] {spark_submit.py:491} INFO - |  2025-10-08|14.865714285714287|55.285714285714285|9.157142857142857|[clear, snow, clo...|
[2025-10-25T10:57:34.571+0000] {spark_submit.py:491} INFO - |  2025-10-07|16.545882352941174|61.094117647058816|7.899999999999999|[clear, snow, rai...|
[2025-10-25T10:57:34.571+0000] {spark_submit.py:491} INFO - +------------+------------------+------------------+-----------------+--------------------+
[2025-10-25T10:57:34.571+0000] {spark_submit.py:491} INFO - 
[2025-10-25T10:57:34.571+0000] {spark_submit.py:491} INFO - Weather ETL job completed successfully!
[2025-10-25T10:57:34.978+0000] {taskinstance.py:1398} INFO - Marking task as SUCCESS. dag_id=nyc_weather_etl, task_id=spark_process_weather_to_iceberg, execution_date=20251025T105724, start_date=20251025T105727, end_date=20251025T105734
[2025-10-25T10:57:35.021+0000] {local_task_job_runner.py:228} INFO - Task exited with return code 0
[2025-10-25T10:57:35.028+0000] {taskinstance.py:2776} INFO - 0 downstream tasks scheduled from follow-on schedule check
