[2025-10-28T09:30:36.373+0000] {taskinstance.py:1157} INFO - Dependencies all met for dep_context=non-requeueable deps ti=<TaskInstance: nyc_weather_etl.spark_process_location_to_iceberg scheduled__2025-10-28T08:30:31.569158+00:00 [queued]>
[2025-10-28T09:30:36.387+0000] {taskinstance.py:1157} INFO - Dependencies all met for dep_context=requeueable deps ti=<TaskInstance: nyc_weather_etl.spark_process_location_to_iceberg scheduled__2025-10-28T08:30:31.569158+00:00 [queued]>
[2025-10-28T09:30:36.387+0000] {taskinstance.py:1359} INFO - Starting attempt 1 of 1
[2025-10-28T09:30:36.577+0000] {taskinstance.py:1380} INFO - Executing <Task(SparkSubmitOperator): spark_process_location_to_iceberg> on 2025-10-28 08:30:31.569158+00:00
[2025-10-28T09:30:36.584+0000] {standard_task_runner.py:57} INFO - Started process 237 to run task
[2025-10-28T09:30:36.586+0000] {standard_task_runner.py:84} INFO - Running: ['***', 'tasks', 'run', 'nyc_weather_etl', 'spark_process_location_to_iceberg', 'scheduled__2025-10-28T08:30:31.569158+00:00', '--job-id', '731', '--raw', '--subdir', 'DAGS_FOLDER/nyc_weather_etl.py', '--cfg-path', '/tmp/tmppxc607wi']
[2025-10-28T09:30:36.589+0000] {standard_task_runner.py:85} INFO - Job 731: Subtask spark_process_location_to_iceberg
[2025-10-28T09:30:36.638+0000] {task_command.py:415} INFO - Running <TaskInstance: nyc_weather_etl.spark_process_location_to_iceberg scheduled__2025-10-28T08:30:31.569158+00:00 [running]> on host 431bd7d9d171
[2025-10-28T09:30:36.698+0000] {taskinstance.py:1660} INFO - Exporting env vars: AIRFLOW_CTX_DAG_OWNER='data-engineering' AIRFLOW_CTX_DAG_ID='nyc_weather_etl' AIRFLOW_CTX_TASK_ID='spark_process_location_to_iceberg' AIRFLOW_CTX_EXECUTION_DATE='2025-10-28T08:30:31.569158+00:00' AIRFLOW_CTX_TRY_NUMBER='1' AIRFLOW_CTX_DAG_RUN_ID='scheduled__2025-10-28T08:30:31.569158+00:00'
[2025-10-28T09:30:36.699+0000] {base.py:73} INFO - Using connection ID 'spark_default' for task execution.
[2025-10-28T09:30:36.701+0000] {spark_submit.py:340} INFO - Spark-Submit cmd: /opt/bitnami/spark/bin/spark-submit --master spark-master:7077 --conf spark.master=spark://spark-master:7077 --conf spark.sql.catalog.spark_catalog=org.apache.iceberg.spark.SparkSessionCatalog --conf spark.sql.catalog.spark_catalog.type=hive --conf spark.sql.catalog.iceberg=org.apache.iceberg.spark.SparkCatalog --conf spark.sql.catalog.iceberg.type=hadoop --conf spark.sql.catalog.iceberg.warehouse=s3a://lakehouse/warehouse --conf spark.sql.extensions=org.apache.iceberg.spark.extensions.IcebergSparkSessionExtensions --conf spark.hadoop.fs.s3a.endpoint=http://minio:9000 --conf spark.hadoop.fs.s3a.access.key=admin --conf spark.hadoop.fs.s3a.secret.key=****** --conf spark.hadoop.fs.s3a.path.style.access=true --conf spark.hadoop.fs.s3a.impl=org.apache.hadoop.fs.s3a.S3AFileSystem --jars /opt/***/jars/iceberg-spark-runtime-3.5_2.12-1.4.2.jar,/opt/***/jars/aws-java-sdk-bundle-1.12.367.jar,/opt/***/jars/hadoop-aws-3.3.4.jar --name arrow-spark /opt/***/dags/spark_jobs/location_to_iceberg.py /opt/***/data/locations/nyc_taxi_zones.json
[2025-10-28T09:30:39.573+0000] {spark_submit.py:491} INFO - 25/10/28 09:30:39 WARN NativeCodeLoader: Unable to load native-hadoop library for your platform... using builtin-java classes where applicable
[2025-10-28T09:30:41.028+0000] {spark_submit.py:491} INFO - 25/10/28 09:30:41 INFO SparkContext: Running Spark version 3.5.1
[2025-10-28T09:30:41.033+0000] {spark_submit.py:491} INFO - 25/10/28 09:30:41 INFO SparkContext: OS info Linux, 6.10.14-linuxkit, aarch64
[2025-10-28T09:30:41.034+0000] {spark_submit.py:491} INFO - 25/10/28 09:30:41 INFO SparkContext: Java version 11.0.28
[2025-10-28T09:30:41.059+0000] {spark_submit.py:491} INFO - 25/10/28 09:30:41 INFO ResourceUtils: ==============================================================
[2025-10-28T09:30:41.060+0000] {spark_submit.py:491} INFO - 25/10/28 09:30:41 INFO ResourceUtils: No custom resources configured for spark.driver.
[2025-10-28T09:30:41.061+0000] {spark_submit.py:491} INFO - 25/10/28 09:30:41 INFO ResourceUtils: ==============================================================
[2025-10-28T09:30:41.062+0000] {spark_submit.py:491} INFO - 25/10/28 09:30:41 INFO SparkContext: Submitted application: Location to Iceberg ETL
[2025-10-28T09:30:41.095+0000] {spark_submit.py:491} INFO - 25/10/28 09:30:41 INFO ResourceProfile: Default ResourceProfile created, executor resources: Map(cores -> name: cores, amount: 1, script: , vendor: , memory -> name: memory, amount: 1024, script: , vendor: , offHeap -> name: offHeap, amount: 0, script: , vendor: ), task resources: Map(cpus -> name: cpus, amount: 1.0)
[2025-10-28T09:30:41.101+0000] {spark_submit.py:491} INFO - 25/10/28 09:30:41 INFO ResourceProfile: Limiting resource is cpu
[2025-10-28T09:30:41.101+0000] {spark_submit.py:491} INFO - 25/10/28 09:30:41 INFO ResourceProfileManager: Added ResourceProfile id: 0
[2025-10-28T09:30:41.244+0000] {spark_submit.py:491} INFO - 25/10/28 09:30:41 INFO SecurityManager: Changing view acls to: ***
[2025-10-28T09:30:41.247+0000] {spark_submit.py:491} INFO - 25/10/28 09:30:41 INFO SecurityManager: Changing modify acls to: ***
[2025-10-28T09:30:41.249+0000] {spark_submit.py:491} INFO - 25/10/28 09:30:41 INFO SecurityManager: Changing view acls groups to:
[2025-10-28T09:30:41.249+0000] {spark_submit.py:491} INFO - 25/10/28 09:30:41 INFO SecurityManager: Changing modify acls groups to:
[2025-10-28T09:30:41.249+0000] {spark_submit.py:491} INFO - 25/10/28 09:30:41 INFO SecurityManager: SecurityManager: authentication disabled; ui acls disabled; users with view permissions: ***; groups with view permissions: EMPTY; users with modify permissions: ***; groups with modify permissions: EMPTY
[2025-10-28T09:30:41.667+0000] {spark_submit.py:491} INFO - 25/10/28 09:30:41 INFO Utils: Successfully started service 'sparkDriver' on port 44089.
[2025-10-28T09:30:41.721+0000] {spark_submit.py:491} INFO - 25/10/28 09:30:41 INFO SparkEnv: Registering MapOutputTracker
[2025-10-28T09:30:41.772+0000] {spark_submit.py:491} INFO - 25/10/28 09:30:41 INFO SparkEnv: Registering BlockManagerMaster
[2025-10-28T09:30:41.893+0000] {spark_submit.py:491} INFO - 25/10/28 09:30:41 INFO BlockManagerMasterEndpoint: Using org.apache.spark.storage.DefaultTopologyMapper for getting topology information
[2025-10-28T09:30:41.907+0000] {spark_submit.py:491} INFO - 25/10/28 09:30:41 INFO BlockManagerMasterEndpoint: BlockManagerMasterEndpoint up
[2025-10-28T09:30:41.917+0000] {spark_submit.py:491} INFO - 25/10/28 09:30:41 INFO SparkEnv: Registering BlockManagerMasterHeartbeat
[2025-10-28T09:30:41.987+0000] {spark_submit.py:491} INFO - 25/10/28 09:30:41 INFO DiskBlockManager: Created local directory at /tmp/blockmgr-507c97fe-d254-498f-9c4f-abab9f52c24b
[2025-10-28T09:30:42.016+0000] {spark_submit.py:491} INFO - 25/10/28 09:30:42 INFO MemoryStore: MemoryStore started with capacity 434.4 MiB
[2025-10-28T09:30:42.039+0000] {spark_submit.py:491} INFO - 25/10/28 09:30:42 INFO SparkEnv: Registering OutputCommitCoordinator
[2025-10-28T09:30:42.321+0000] {spark_submit.py:491} INFO - 25/10/28 09:30:42 INFO JettyUtils: Start Jetty 0.0.0.0:4040 for SparkUI
[2025-10-28T09:30:42.460+0000] {spark_submit.py:491} INFO - 25/10/28 09:30:42 INFO Utils: Successfully started service 'SparkUI' on port 4040.
[2025-10-28T09:30:42.538+0000] {spark_submit.py:491} INFO - 25/10/28 09:30:42 INFO SparkContext: Added JAR file:///opt/***/jars/iceberg-spark-runtime-3.5_2.12-1.4.2.jar at spark://431bd7d9d171:44089/jars/iceberg-spark-runtime-3.5_2.12-1.4.2.jar with timestamp 1761643841015
[2025-10-28T09:30:42.539+0000] {spark_submit.py:491} INFO - 25/10/28 09:30:42 INFO SparkContext: Added JAR file:///opt/***/jars/aws-java-sdk-bundle-1.12.367.jar at spark://431bd7d9d171:44089/jars/aws-java-sdk-bundle-1.12.367.jar with timestamp 1761643841015
[2025-10-28T09:30:42.539+0000] {spark_submit.py:491} INFO - 25/10/28 09:30:42 INFO SparkContext: Added JAR file:///opt/***/jars/hadoop-aws-3.3.4.jar at spark://431bd7d9d171:44089/jars/hadoop-aws-3.3.4.jar with timestamp 1761643841015
[2025-10-28T09:30:42.664+0000] {spark_submit.py:491} INFO - 25/10/28 09:30:42 INFO Executor: Starting executor ID driver on host 431bd7d9d171
[2025-10-28T09:30:42.667+0000] {spark_submit.py:491} INFO - 25/10/28 09:30:42 INFO Executor: OS info Linux, 6.10.14-linuxkit, aarch64
[2025-10-28T09:30:42.667+0000] {spark_submit.py:491} INFO - 25/10/28 09:30:42 INFO Executor: Java version 11.0.28
[2025-10-28T09:30:42.673+0000] {spark_submit.py:491} INFO - 25/10/28 09:30:42 INFO Executor: Starting executor with user classpath (userClassPathFirst = false): ''
[2025-10-28T09:30:42.674+0000] {spark_submit.py:491} INFO - 25/10/28 09:30:42 INFO Executor: Created or updated repl class loader org.apache.spark.util.MutableURLClassLoader@3f8a82a7 for default.
[2025-10-28T09:30:42.691+0000] {spark_submit.py:491} INFO - 25/10/28 09:30:42 INFO Executor: Fetching spark://431bd7d9d171:44089/jars/aws-java-sdk-bundle-1.12.367.jar with timestamp 1761643841015
[2025-10-28T09:30:42.821+0000] {spark_submit.py:491} INFO - 25/10/28 09:30:42 INFO TransportClientFactory: Successfully created connection to 431bd7d9d171/172.18.0.14:44089 after 44 ms (0 ms spent in bootstraps)
[2025-10-28T09:30:42.825+0000] {spark_submit.py:491} INFO - 25/10/28 09:30:42 INFO Utils: Fetching spark://431bd7d9d171:44089/jars/aws-java-sdk-bundle-1.12.367.jar to /tmp/spark-9ad9a0e0-222a-46bb-ab18-b8d959a9992e/userFiles-9f118997-93e4-464a-96e2-d6a9c0196520/fetchFileTemp1050872201596346087.tmp
[2025-10-28T09:30:44.397+0000] {spark_submit.py:491} INFO - 25/10/28 09:30:44 INFO Executor: Adding file:/tmp/spark-9ad9a0e0-222a-46bb-ab18-b8d959a9992e/userFiles-9f118997-93e4-464a-96e2-d6a9c0196520/aws-java-sdk-bundle-1.12.367.jar to class loader default
[2025-10-28T09:30:44.399+0000] {spark_submit.py:491} INFO - 25/10/28 09:30:44 INFO Executor: Fetching spark://431bd7d9d171:44089/jars/hadoop-aws-3.3.4.jar with timestamp 1761643841015
[2025-10-28T09:30:44.402+0000] {spark_submit.py:491} INFO - 25/10/28 09:30:44 INFO Utils: Fetching spark://431bd7d9d171:44089/jars/hadoop-aws-3.3.4.jar to /tmp/spark-9ad9a0e0-222a-46bb-ab18-b8d959a9992e/userFiles-9f118997-93e4-464a-96e2-d6a9c0196520/fetchFileTemp1947530514793563691.tmp
[2025-10-28T09:30:44.417+0000] {spark_submit.py:491} INFO - 25/10/28 09:30:44 INFO Executor: Adding file:/tmp/spark-9ad9a0e0-222a-46bb-ab18-b8d959a9992e/userFiles-9f118997-93e4-464a-96e2-d6a9c0196520/hadoop-aws-3.3.4.jar to class loader default
[2025-10-28T09:30:44.418+0000] {spark_submit.py:491} INFO - 25/10/28 09:30:44 INFO Executor: Fetching spark://431bd7d9d171:44089/jars/iceberg-spark-runtime-3.5_2.12-1.4.2.jar with timestamp 1761643841015
[2025-10-28T09:30:44.418+0000] {spark_submit.py:491} INFO - 25/10/28 09:30:44 INFO Utils: Fetching spark://431bd7d9d171:44089/jars/iceberg-spark-runtime-3.5_2.12-1.4.2.jar to /tmp/spark-9ad9a0e0-222a-46bb-ab18-b8d959a9992e/userFiles-9f118997-93e4-464a-96e2-d6a9c0196520/fetchFileTemp6863811060768433417.tmp
[2025-10-28T09:30:44.552+0000] {spark_submit.py:491} INFO - 25/10/28 09:30:44 INFO Executor: Adding file:/tmp/spark-9ad9a0e0-222a-46bb-ab18-b8d959a9992e/userFiles-9f118997-93e4-464a-96e2-d6a9c0196520/iceberg-spark-runtime-3.5_2.12-1.4.2.jar to class loader default
[2025-10-28T09:30:44.578+0000] {spark_submit.py:491} INFO - 25/10/28 09:30:44 INFO Utils: Successfully started service 'org.apache.spark.network.netty.NettyBlockTransferService' on port 44837.
[2025-10-28T09:30:44.582+0000] {spark_submit.py:491} INFO - 25/10/28 09:30:44 INFO NettyBlockTransferService: Server created on 431bd7d9d171:44837
[2025-10-28T09:30:44.582+0000] {spark_submit.py:491} INFO - 25/10/28 09:30:44 INFO BlockManager: Using org.apache.spark.storage.RandomBlockReplicationPolicy for block replication policy
[2025-10-28T09:30:44.596+0000] {spark_submit.py:491} INFO - 25/10/28 09:30:44 INFO BlockManagerMaster: Registering BlockManager BlockManagerId(driver, 431bd7d9d171, 44837, None)
[2025-10-28T09:30:44.600+0000] {spark_submit.py:491} INFO - 25/10/28 09:30:44 INFO BlockManagerMasterEndpoint: Registering block manager 431bd7d9d171:44837 with 434.4 MiB RAM, BlockManagerId(driver, 431bd7d9d171, 44837, None)
[2025-10-28T09:30:44.603+0000] {spark_submit.py:491} INFO - 25/10/28 09:30:44 INFO BlockManagerMaster: Registered BlockManager BlockManagerId(driver, 431bd7d9d171, 44837, None)
[2025-10-28T09:30:44.605+0000] {spark_submit.py:491} INFO - 25/10/28 09:30:44 INFO BlockManager: Initialized BlockManager: BlockManagerId(driver, 431bd7d9d171, 44837, None)
[2025-10-28T09:30:48.753+0000] {spark_submit.py:491} INFO - 25/10/28 09:30:48 WARN MetricsConfig: Cannot locate configuration: tried hadoop-metrics2-s3a-file-system.properties,hadoop-metrics2.properties
[2025-10-28T09:30:50.238+0000] {spark_submit.py:491} INFO - Created/verified taxi zones table
[2025-10-28T09:30:50.239+0000] {spark_submit.py:491} INFO - Reading location data from: /opt/***/data/locations/nyc_taxi_zones.json
[2025-10-28T09:30:53.461+0000] {spark_submit.py:491} INFO - Raw location data count: 16
[2025-10-28T09:30:53.520+0000] {spark_submit.py:491} INFO - root
[2025-10-28T09:30:53.521+0000] {spark_submit.py:491} INFO - |-- borough: string (nullable = true)
[2025-10-28T09:30:53.522+0000] {spark_submit.py:491} INFO - |-- created_at: string (nullable = true)
[2025-10-28T09:30:53.522+0000] {spark_submit.py:491} INFO - |-- is_business_district: boolean (nullable = true)
[2025-10-28T09:30:53.523+0000] {spark_submit.py:491} INFO - |-- is_tourist_area: boolean (nullable = true)
[2025-10-28T09:30:53.523+0000] {spark_submit.py:491} INFO - |-- lat: double (nullable = true)
[2025-10-28T09:30:53.524+0000] {spark_submit.py:491} INFO - |-- location_id: long (nullable = true)
[2025-10-28T09:30:53.529+0000] {spark_submit.py:491} INFO - |-- lon: double (nullable = true)
[2025-10-28T09:30:53.531+0000] {spark_submit.py:491} INFO - |-- zone: string (nullable = true)
[2025-10-28T09:30:53.532+0000] {spark_submit.py:491} INFO - |-- zone_type: string (nullable = true)
[2025-10-28T09:30:53.534+0000] {spark_submit.py:491} INFO - 
[2025-10-28T09:30:54.022+0000] {spark_submit.py:491} INFO - Processed location data count: 16
[2025-10-28T09:30:57.668+0000] {spark_submit.py:491} INFO - Successfully wrote location data to Iceberg table
[2025-10-28T09:31:00.531+0000] {spark_submit.py:491} INFO - +---------+----------+-------------+--------------+
[2025-10-28T09:31:00.532+0000] {spark_submit.py:491} INFO - |  borough|zone_count|tourist_zones|business_zones|
[2025-10-28T09:31:00.532+0000] {spark_submit.py:491} INFO - +---------+----------+-------------+--------------+
[2025-10-28T09:31:00.532+0000] {spark_submit.py:491} INFO - |Manhattan|        13|            4|             3|
[2025-10-28T09:31:00.533+0000] {spark_submit.py:491} INFO - |   Queens|         2|            0|             0|
[2025-10-28T09:31:00.533+0000] {spark_submit.py:491} INFO - | Brooklyn|         1|            0|             0|
[2025-10-28T09:31:00.533+0000] {spark_submit.py:491} INFO - +---------+----------+-------------+--------------+
[2025-10-28T09:31:00.533+0000] {spark_submit.py:491} INFO - 
[2025-10-28T09:31:00.533+0000] {spark_submit.py:491} INFO - Location ETL job completed successfully!
[2025-10-28T09:31:01.426+0000] {taskinstance.py:1398} INFO - Marking task as SUCCESS. dag_id=nyc_weather_etl, task_id=spark_process_location_to_iceberg, execution_date=20251028T083031, start_date=20251028T093036, end_date=20251028T093101
[2025-10-28T09:31:01.504+0000] {local_task_job_runner.py:228} INFO - Task exited with return code 0
[2025-10-28T09:31:01.580+0000] {taskinstance.py:2776} INFO - 0 downstream tasks scheduled from follow-on schedule check
