[2025-10-31T06:52:42.157+0000] {taskinstance.py:1157} INFO - Dependencies all met for dep_context=non-requeueable deps ti=<TaskInstance: nyc_weather_etl.spark_process_location_to_iceberg manual__2025-10-31T06:52:38.974923+00:00 [queued]>
[2025-10-31T06:52:42.161+0000] {taskinstance.py:1157} INFO - Dependencies all met for dep_context=requeueable deps ti=<TaskInstance: nyc_weather_etl.spark_process_location_to_iceberg manual__2025-10-31T06:52:38.974923+00:00 [queued]>
[2025-10-31T06:52:42.162+0000] {taskinstance.py:1359} INFO - Starting attempt 1 of 1
[2025-10-31T06:52:42.223+0000] {taskinstance.py:1380} INFO - Executing <Task(SparkSubmitOperator): spark_process_location_to_iceberg> on 2025-10-31 06:52:38.974923+00:00
[2025-10-31T06:52:42.225+0000] {standard_task_runner.py:57} INFO - Started process 832 to run task
[2025-10-31T06:52:42.226+0000] {standard_task_runner.py:84} INFO - Running: ['***', 'tasks', 'run', 'nyc_weather_etl', 'spark_process_location_to_iceberg', 'manual__2025-10-31T06:52:38.974923+00:00', '--job-id', '75', '--raw', '--subdir', 'DAGS_FOLDER/nyc_weather_etl.py', '--cfg-path', '/tmp/tmpbounq0wi']
[2025-10-31T06:52:42.228+0000] {standard_task_runner.py:85} INFO - Job 75: Subtask spark_process_location_to_iceberg
[2025-10-31T06:52:42.246+0000] {task_command.py:415} INFO - Running <TaskInstance: nyc_weather_etl.spark_process_location_to_iceberg manual__2025-10-31T06:52:38.974923+00:00 [running]> on host d3553ba1dd4a
[2025-10-31T06:52:42.279+0000] {taskinstance.py:1660} INFO - Exporting env vars: AIRFLOW_CTX_DAG_OWNER='data-engineering' AIRFLOW_CTX_DAG_ID='nyc_weather_etl' AIRFLOW_CTX_TASK_ID='spark_process_location_to_iceberg' AIRFLOW_CTX_EXECUTION_DATE='2025-10-31T06:52:38.974923+00:00' AIRFLOW_CTX_TRY_NUMBER='1' AIRFLOW_CTX_DAG_RUN_ID='manual__2025-10-31T06:52:38.974923+00:00'
[2025-10-31T06:52:42.280+0000] {base.py:73} INFO - Using connection ID 'spark_default' for task execution.
[2025-10-31T06:52:42.281+0000] {spark_submit.py:340} INFO - Spark-Submit cmd: /opt/bitnami/spark/bin/spark-submit --master spark-master:7077 --conf spark.master=spark://spark-master:7077 --conf spark.sql.catalog.spark_catalog=org.apache.iceberg.spark.SparkSessionCatalog --conf spark.sql.catalog.spark_catalog.type=hive --conf spark.sql.catalog.iceberg=org.apache.iceberg.spark.SparkCatalog --conf spark.sql.catalog.iceberg.type=hadoop --conf spark.sql.catalog.iceberg.warehouse=s3a://lakehouse/warehouse --conf spark.sql.extensions=org.apache.iceberg.spark.extensions.IcebergSparkSessionExtensions --conf spark.hadoop.fs.s3a.endpoint=http://minio:9000 --conf spark.hadoop.fs.s3a.access.key=admin --conf spark.hadoop.fs.s3a.secret.key=****** --conf spark.hadoop.fs.s3a.path.style.access=true --conf spark.hadoop.fs.s3a.impl=org.apache.hadoop.fs.s3a.S3AFileSystem --jars /opt/***/jars/iceberg-spark-runtime-3.5_2.12-1.4.2.jar,/opt/***/jars/aws-java-sdk-bundle-1.12.367.jar,/opt/***/jars/hadoop-aws-3.3.4.jar --name arrow-spark /opt/***/dags/spark_jobs/location_to_iceberg.py /opt/***/data/locations/nyc_taxi_zones.json
[2025-10-31T06:52:43.085+0000] {spark_submit.py:491} INFO - 25/10/31 06:52:43 WARN NativeCodeLoader: Unable to load native-hadoop library for your platform... using builtin-java classes where applicable
[2025-10-31T06:52:43.684+0000] {spark_submit.py:491} INFO - 25/10/31 06:52:43 INFO SparkContext: Running Spark version 3.5.1
[2025-10-31T06:52:43.687+0000] {spark_submit.py:491} INFO - 25/10/31 06:52:43 INFO SparkContext: OS info Linux, 6.10.14-linuxkit, aarch64
[2025-10-31T06:52:43.687+0000] {spark_submit.py:491} INFO - 25/10/31 06:52:43 INFO SparkContext: Java version 11.0.28
[2025-10-31T06:52:43.696+0000] {spark_submit.py:491} INFO - 25/10/31 06:52:43 INFO ResourceUtils: ==============================================================
[2025-10-31T06:52:43.696+0000] {spark_submit.py:491} INFO - 25/10/31 06:52:43 INFO ResourceUtils: No custom resources configured for spark.driver.
[2025-10-31T06:52:43.696+0000] {spark_submit.py:491} INFO - 25/10/31 06:52:43 INFO ResourceUtils: ==============================================================
[2025-10-31T06:52:43.697+0000] {spark_submit.py:491} INFO - 25/10/31 06:52:43 INFO SparkContext: Submitted application: Location to Iceberg ETL
[2025-10-31T06:52:43.705+0000] {spark_submit.py:491} INFO - 25/10/31 06:52:43 INFO ResourceProfile: Default ResourceProfile created, executor resources: Map(cores -> name: cores, amount: 1, script: , vendor: , memory -> name: memory, amount: 1024, script: , vendor: , offHeap -> name: offHeap, amount: 0, script: , vendor: ), task resources: Map(cpus -> name: cpus, amount: 1.0)
[2025-10-31T06:52:43.709+0000] {spark_submit.py:491} INFO - 25/10/31 06:52:43 INFO ResourceProfile: Limiting resource is cpu
[2025-10-31T06:52:43.709+0000] {spark_submit.py:491} INFO - 25/10/31 06:52:43 INFO ResourceProfileManager: Added ResourceProfile id: 0
[2025-10-31T06:52:43.741+0000] {spark_submit.py:491} INFO - 25/10/31 06:52:43 INFO SecurityManager: Changing view acls to: ***
[2025-10-31T06:52:43.741+0000] {spark_submit.py:491} INFO - 25/10/31 06:52:43 INFO SecurityManager: Changing modify acls to: ***
[2025-10-31T06:52:43.741+0000] {spark_submit.py:491} INFO - 25/10/31 06:52:43 INFO SecurityManager: Changing view acls groups to:
[2025-10-31T06:52:43.741+0000] {spark_submit.py:491} INFO - 25/10/31 06:52:43 INFO SecurityManager: Changing modify acls groups to:
[2025-10-31T06:52:43.741+0000] {spark_submit.py:491} INFO - 25/10/31 06:52:43 INFO SecurityManager: SecurityManager: authentication disabled; ui acls disabled; users with view permissions: ***; groups with view permissions: EMPTY; users with modify permissions: ***; groups with modify permissions: EMPTY
[2025-10-31T06:52:43.839+0000] {spark_submit.py:491} INFO - 25/10/31 06:52:43 INFO Utils: Successfully started service 'sparkDriver' on port 43247.
[2025-10-31T06:52:43.853+0000] {spark_submit.py:491} INFO - 25/10/31 06:52:43 INFO SparkEnv: Registering MapOutputTracker
[2025-10-31T06:52:43.867+0000] {spark_submit.py:491} INFO - 25/10/31 06:52:43 INFO SparkEnv: Registering BlockManagerMaster
[2025-10-31T06:52:43.876+0000] {spark_submit.py:491} INFO - 25/10/31 06:52:43 INFO BlockManagerMasterEndpoint: Using org.apache.spark.storage.DefaultTopologyMapper for getting topology information
[2025-10-31T06:52:43.876+0000] {spark_submit.py:491} INFO - 25/10/31 06:52:43 INFO BlockManagerMasterEndpoint: BlockManagerMasterEndpoint up
[2025-10-31T06:52:43.878+0000] {spark_submit.py:491} INFO - 25/10/31 06:52:43 INFO SparkEnv: Registering BlockManagerMasterHeartbeat
[2025-10-31T06:52:43.890+0000] {spark_submit.py:491} INFO - 25/10/31 06:52:43 INFO DiskBlockManager: Created local directory at /tmp/blockmgr-296932aa-ad4f-49b6-ba7a-ff079cde7263
[2025-10-31T06:52:43.897+0000] {spark_submit.py:491} INFO - 25/10/31 06:52:43 INFO MemoryStore: MemoryStore started with capacity 434.4 MiB
[2025-10-31T06:52:43.904+0000] {spark_submit.py:491} INFO - 25/10/31 06:52:43 INFO SparkEnv: Registering OutputCommitCoordinator
[2025-10-31T06:52:43.961+0000] {spark_submit.py:491} INFO - 25/10/31 06:52:43 INFO JettyUtils: Start Jetty 0.0.0.0:4040 for SparkUI
[2025-10-31T06:52:43.989+0000] {spark_submit.py:491} INFO - 25/10/31 06:52:43 INFO Utils: Successfully started service 'SparkUI' on port 4040.
[2025-10-31T06:52:44.003+0000] {spark_submit.py:491} INFO - 25/10/31 06:52:44 INFO SparkContext: Added JAR file:///opt/***/jars/iceberg-spark-runtime-3.5_2.12-1.4.2.jar at spark://d3553ba1dd4a:43247/jars/iceberg-spark-runtime-3.5_2.12-1.4.2.jar with timestamp 1761893563680
[2025-10-31T06:52:44.003+0000] {spark_submit.py:491} INFO - 25/10/31 06:52:44 INFO SparkContext: Added JAR file:///opt/***/jars/aws-java-sdk-bundle-1.12.367.jar at spark://d3553ba1dd4a:43247/jars/aws-java-sdk-bundle-1.12.367.jar with timestamp 1761893563680
[2025-10-31T06:52:44.004+0000] {spark_submit.py:491} INFO - 25/10/31 06:52:44 INFO SparkContext: Added JAR file:///opt/***/jars/hadoop-aws-3.3.4.jar at spark://d3553ba1dd4a:43247/jars/hadoop-aws-3.3.4.jar with timestamp 1761893563680
[2025-10-31T06:52:44.030+0000] {spark_submit.py:491} INFO - 25/10/31 06:52:44 INFO Executor: Starting executor ID driver on host d3553ba1dd4a
[2025-10-31T06:52:44.031+0000] {spark_submit.py:491} INFO - 25/10/31 06:52:44 INFO Executor: OS info Linux, 6.10.14-linuxkit, aarch64
[2025-10-31T06:52:44.031+0000] {spark_submit.py:491} INFO - 25/10/31 06:52:44 INFO Executor: Java version 11.0.28
[2025-10-31T06:52:44.033+0000] {spark_submit.py:491} INFO - 25/10/31 06:52:44 INFO Executor: Starting executor with user classpath (userClassPathFirst = false): ''
[2025-10-31T06:52:44.033+0000] {spark_submit.py:491} INFO - 25/10/31 06:52:44 INFO Executor: Created or updated repl class loader org.apache.spark.util.MutableURLClassLoader@168a1360 for default.
[2025-10-31T06:52:44.042+0000] {spark_submit.py:491} INFO - 25/10/31 06:52:44 INFO Executor: Fetching spark://d3553ba1dd4a:43247/jars/aws-java-sdk-bundle-1.12.367.jar with timestamp 1761893563680
[2025-10-31T06:52:44.069+0000] {spark_submit.py:491} INFO - 25/10/31 06:52:44 INFO TransportClientFactory: Successfully created connection to d3553ba1dd4a/172.18.0.14:43247 after 14 ms (0 ms spent in bootstraps)
[2025-10-31T06:52:44.072+0000] {spark_submit.py:491} INFO - 25/10/31 06:52:44 INFO Utils: Fetching spark://d3553ba1dd4a:43247/jars/aws-java-sdk-bundle-1.12.367.jar to /tmp/spark-b64c7f17-9d22-4f5b-92cb-4a16f762b871/userFiles-dbbc2efc-c950-4d4b-8207-537463763896/fetchFileTemp16162250831273685359.tmp
[2025-10-31T06:52:44.819+0000] {spark_submit.py:491} INFO - 25/10/31 06:52:44 INFO Executor: Adding file:/tmp/spark-b64c7f17-9d22-4f5b-92cb-4a16f762b871/userFiles-dbbc2efc-c950-4d4b-8207-537463763896/aws-java-sdk-bundle-1.12.367.jar to class loader default
[2025-10-31T06:52:44.820+0000] {spark_submit.py:491} INFO - 25/10/31 06:52:44 INFO Executor: Fetching spark://d3553ba1dd4a:43247/jars/iceberg-spark-runtime-3.5_2.12-1.4.2.jar with timestamp 1761893563680
[2025-10-31T06:52:44.820+0000] {spark_submit.py:491} INFO - 25/10/31 06:52:44 INFO Utils: Fetching spark://d3553ba1dd4a:43247/jars/iceberg-spark-runtime-3.5_2.12-1.4.2.jar to /tmp/spark-b64c7f17-9d22-4f5b-92cb-4a16f762b871/userFiles-dbbc2efc-c950-4d4b-8207-537463763896/fetchFileTemp623660224946852402.tmp
[2025-10-31T06:52:44.930+0000] {spark_submit.py:491} INFO - 25/10/31 06:52:44 INFO Executor: Adding file:/tmp/spark-b64c7f17-9d22-4f5b-92cb-4a16f762b871/userFiles-dbbc2efc-c950-4d4b-8207-537463763896/iceberg-spark-runtime-3.5_2.12-1.4.2.jar to class loader default
[2025-10-31T06:52:44.930+0000] {spark_submit.py:491} INFO - 25/10/31 06:52:44 INFO Executor: Fetching spark://d3553ba1dd4a:43247/jars/hadoop-aws-3.3.4.jar with timestamp 1761893563680
[2025-10-31T06:52:44.931+0000] {spark_submit.py:491} INFO - 25/10/31 06:52:44 INFO Utils: Fetching spark://d3553ba1dd4a:43247/jars/hadoop-aws-3.3.4.jar to /tmp/spark-b64c7f17-9d22-4f5b-92cb-4a16f762b871/userFiles-dbbc2efc-c950-4d4b-8207-537463763896/fetchFileTemp4191118443419355990.tmp
[2025-10-31T06:52:44.944+0000] {spark_submit.py:491} INFO - 25/10/31 06:52:44 INFO Executor: Adding file:/tmp/spark-b64c7f17-9d22-4f5b-92cb-4a16f762b871/userFiles-dbbc2efc-c950-4d4b-8207-537463763896/hadoop-aws-3.3.4.jar to class loader default
[2025-10-31T06:52:44.951+0000] {spark_submit.py:491} INFO - 25/10/31 06:52:44 INFO Utils: Successfully started service 'org.apache.spark.network.netty.NettyBlockTransferService' on port 40183.
[2025-10-31T06:52:44.952+0000] {spark_submit.py:491} INFO - 25/10/31 06:52:44 INFO NettyBlockTransferService: Server created on d3553ba1dd4a:40183
[2025-10-31T06:52:44.953+0000] {spark_submit.py:491} INFO - 25/10/31 06:52:44 INFO BlockManager: Using org.apache.spark.storage.RandomBlockReplicationPolicy for block replication policy
[2025-10-31T06:52:44.959+0000] {spark_submit.py:491} INFO - 25/10/31 06:52:44 INFO BlockManagerMaster: Registering BlockManager BlockManagerId(driver, d3553ba1dd4a, 40183, None)
[2025-10-31T06:52:44.961+0000] {spark_submit.py:491} INFO - 25/10/31 06:52:44 INFO BlockManagerMasterEndpoint: Registering block manager d3553ba1dd4a:40183 with 434.4 MiB RAM, BlockManagerId(driver, d3553ba1dd4a, 40183, None)
[2025-10-31T06:52:44.962+0000] {spark_submit.py:491} INFO - 25/10/31 06:52:44 INFO BlockManagerMaster: Registered BlockManager BlockManagerId(driver, d3553ba1dd4a, 40183, None)
[2025-10-31T06:52:44.963+0000] {spark_submit.py:491} INFO - 25/10/31 06:52:44 INFO BlockManager: Initialized BlockManager: BlockManagerId(driver, d3553ba1dd4a, 40183, None)
[2025-10-31T06:52:46.322+0000] {spark_submit.py:491} INFO - 25/10/31 06:52:46 WARN MetricsConfig: Cannot locate configuration: tried hadoop-metrics2-s3a-file-system.properties,hadoop-metrics2.properties
[2025-10-31T06:52:47.010+0000] {spark_submit.py:491} INFO - Created/verified taxi zones table
[2025-10-31T06:52:47.011+0000] {spark_submit.py:491} INFO - Reading location data from: /opt/***/data/locations/nyc_taxi_zones.json
[2025-10-31T06:52:48.247+0000] {spark_submit.py:491} INFO - Raw location data count: 16
[2025-10-31T06:52:48.253+0000] {spark_submit.py:491} INFO - root
[2025-10-31T06:52:48.253+0000] {spark_submit.py:491} INFO - |-- borough: string (nullable = true)
[2025-10-31T06:52:48.254+0000] {spark_submit.py:491} INFO - |-- created_at: string (nullable = true)
[2025-10-31T06:52:48.254+0000] {spark_submit.py:491} INFO - |-- is_business_district: boolean (nullable = true)
[2025-10-31T06:52:48.254+0000] {spark_submit.py:491} INFO - |-- is_tourist_area: boolean (nullable = true)
[2025-10-31T06:52:48.254+0000] {spark_submit.py:491} INFO - |-- lat: double (nullable = true)
[2025-10-31T06:52:48.254+0000] {spark_submit.py:491} INFO - |-- location_id: long (nullable = true)
[2025-10-31T06:52:48.254+0000] {spark_submit.py:491} INFO - |-- lon: double (nullable = true)
[2025-10-31T06:52:48.254+0000] {spark_submit.py:491} INFO - |-- zone: string (nullable = true)
[2025-10-31T06:52:48.254+0000] {spark_submit.py:491} INFO - |-- zone_type: string (nullable = true)
[2025-10-31T06:52:48.254+0000] {spark_submit.py:491} INFO - 
[2025-10-31T06:52:48.435+0000] {spark_submit.py:491} INFO - Processed location data count: 16
[2025-10-31T06:52:49.959+0000] {spark_submit.py:491} INFO - Successfully wrote location data to Iceberg table
[2025-10-31T06:52:51.089+0000] {spark_submit.py:491} INFO - +---------+----------+-------------+--------------+
[2025-10-31T06:52:51.089+0000] {spark_submit.py:491} INFO - |  borough|zone_count|tourist_zones|business_zones|
[2025-10-31T06:52:51.090+0000] {spark_submit.py:491} INFO - +---------+----------+-------------+--------------+
[2025-10-31T06:52:51.090+0000] {spark_submit.py:491} INFO - |Manhattan|        13|            4|             3|
[2025-10-31T06:52:51.090+0000] {spark_submit.py:491} INFO - |   Queens|         2|            0|             0|
[2025-10-31T06:52:51.090+0000] {spark_submit.py:491} INFO - | Brooklyn|         1|            0|             0|
[2025-10-31T06:52:51.090+0000] {spark_submit.py:491} INFO - +---------+----------+-------------+--------------+
[2025-10-31T06:52:51.090+0000] {spark_submit.py:491} INFO - 
[2025-10-31T06:52:51.091+0000] {spark_submit.py:491} INFO - Location ETL job completed successfully!
[2025-10-31T06:52:51.930+0000] {taskinstance.py:1398} INFO - Marking task as SUCCESS. dag_id=nyc_weather_etl, task_id=spark_process_location_to_iceberg, execution_date=20251031T065238, start_date=20251031T065242, end_date=20251031T065251
[2025-10-31T06:52:51.944+0000] {local_task_job_runner.py:228} INFO - Task exited with return code 0
[2025-10-31T06:52:51.953+0000] {taskinstance.py:2776} INFO - 0 downstream tasks scheduled from follow-on schedule check
