[2025-10-29T05:20:14.350+0000] {taskinstance.py:1157} INFO - Dependencies all met for dep_context=non-requeueable deps ti=<TaskInstance: nyc_weather_etl.spark_process_location_to_iceberg scheduled__2025-10-29T04:20:10.843578+00:00 [queued]>
[2025-10-29T05:20:14.355+0000] {taskinstance.py:1157} INFO - Dependencies all met for dep_context=requeueable deps ti=<TaskInstance: nyc_weather_etl.spark_process_location_to_iceberg scheduled__2025-10-29T04:20:10.843578+00:00 [queued]>
[2025-10-29T05:20:14.356+0000] {taskinstance.py:1359} INFO - Starting attempt 1 of 1
[2025-10-29T05:20:14.417+0000] {taskinstance.py:1380} INFO - Executing <Task(SparkSubmitOperator): spark_process_location_to_iceberg> on 2025-10-29 04:20:10.843578+00:00
[2025-10-29T05:20:14.421+0000] {standard_task_runner.py:57} INFO - Started process 253 to run task
[2025-10-29T05:20:14.423+0000] {standard_task_runner.py:84} INFO - Running: ['***', 'tasks', 'run', 'nyc_weather_etl', 'spark_process_location_to_iceberg', 'scheduled__2025-10-29T04:20:10.843578+00:00', '--job-id', '25', '--raw', '--subdir', 'DAGS_FOLDER/nyc_weather_etl.py', '--cfg-path', '/tmp/tmpgsyesmtl']
[2025-10-29T05:20:14.424+0000] {standard_task_runner.py:85} INFO - Job 25: Subtask spark_process_location_to_iceberg
[2025-10-29T05:20:14.443+0000] {task_command.py:415} INFO - Running <TaskInstance: nyc_weather_etl.spark_process_location_to_iceberg scheduled__2025-10-29T04:20:10.843578+00:00 [running]> on host 11a5c523951d
[2025-10-29T05:20:14.477+0000] {taskinstance.py:1660} INFO - Exporting env vars: AIRFLOW_CTX_DAG_OWNER='data-engineering' AIRFLOW_CTX_DAG_ID='nyc_weather_etl' AIRFLOW_CTX_TASK_ID='spark_process_location_to_iceberg' AIRFLOW_CTX_EXECUTION_DATE='2025-10-29T04:20:10.843578+00:00' AIRFLOW_CTX_TRY_NUMBER='1' AIRFLOW_CTX_DAG_RUN_ID='scheduled__2025-10-29T04:20:10.843578+00:00'
[2025-10-29T05:20:14.478+0000] {base.py:73} INFO - Using connection ID 'spark_default' for task execution.
[2025-10-29T05:20:14.479+0000] {spark_submit.py:340} INFO - Spark-Submit cmd: /opt/bitnami/spark/bin/spark-submit --master spark-master:7077 --conf spark.master=spark://spark-master:7077 --conf spark.sql.catalog.spark_catalog=org.apache.iceberg.spark.SparkSessionCatalog --conf spark.sql.catalog.spark_catalog.type=hive --conf spark.sql.catalog.iceberg=org.apache.iceberg.spark.SparkCatalog --conf spark.sql.catalog.iceberg.type=hadoop --conf spark.sql.catalog.iceberg.warehouse=s3a://lakehouse/warehouse --conf spark.sql.extensions=org.apache.iceberg.spark.extensions.IcebergSparkSessionExtensions --conf spark.hadoop.fs.s3a.endpoint=http://minio:9000 --conf spark.hadoop.fs.s3a.access.key=admin --conf spark.hadoop.fs.s3a.secret.key=****** --conf spark.hadoop.fs.s3a.path.style.access=true --conf spark.hadoop.fs.s3a.impl=org.apache.hadoop.fs.s3a.S3AFileSystem --jars /opt/***/jars/iceberg-spark-runtime-3.5_2.12-1.4.2.jar,/opt/***/jars/aws-java-sdk-bundle-1.12.367.jar,/opt/***/jars/hadoop-aws-3.3.4.jar --name arrow-spark /opt/***/dags/spark_jobs/location_to_iceberg.py /opt/***/data/locations/nyc_taxi_zones.json
[2025-10-29T05:20:15.571+0000] {spark_submit.py:491} INFO - 25/10/29 05:20:15 WARN NativeCodeLoader: Unable to load native-hadoop library for your platform... using builtin-java classes where applicable
[2025-10-29T05:20:16.336+0000] {spark_submit.py:491} INFO - 25/10/29 05:20:16 INFO SparkContext: Running Spark version 3.5.1
[2025-10-29T05:20:16.337+0000] {spark_submit.py:491} INFO - 25/10/29 05:20:16 INFO SparkContext: OS info Linux, 6.10.14-linuxkit, aarch64
[2025-10-29T05:20:16.337+0000] {spark_submit.py:491} INFO - 25/10/29 05:20:16 INFO SparkContext: Java version 11.0.28
[2025-10-29T05:20:16.353+0000] {spark_submit.py:491} INFO - 25/10/29 05:20:16 INFO ResourceUtils: ==============================================================
[2025-10-29T05:20:16.354+0000] {spark_submit.py:491} INFO - 25/10/29 05:20:16 INFO ResourceUtils: No custom resources configured for spark.driver.
[2025-10-29T05:20:16.354+0000] {spark_submit.py:491} INFO - 25/10/29 05:20:16 INFO ResourceUtils: ==============================================================
[2025-10-29T05:20:16.354+0000] {spark_submit.py:491} INFO - 25/10/29 05:20:16 INFO SparkContext: Submitted application: Location to Iceberg ETL
[2025-10-29T05:20:16.380+0000] {spark_submit.py:491} INFO - 25/10/29 05:20:16 INFO ResourceProfile: Default ResourceProfile created, executor resources: Map(cores -> name: cores, amount: 1, script: , vendor: , memory -> name: memory, amount: 1024, script: , vendor: , offHeap -> name: offHeap, amount: 0, script: , vendor: ), task resources: Map(cpus -> name: cpus, amount: 1.0)
[2025-10-29T05:20:16.385+0000] {spark_submit.py:491} INFO - 25/10/29 05:20:16 INFO ResourceProfile: Limiting resource is cpu
[2025-10-29T05:20:16.385+0000] {spark_submit.py:491} INFO - 25/10/29 05:20:16 INFO ResourceProfileManager: Added ResourceProfile id: 0
[2025-10-29T05:20:16.424+0000] {spark_submit.py:491} INFO - 25/10/29 05:20:16 INFO SecurityManager: Changing view acls to: ***
[2025-10-29T05:20:16.425+0000] {spark_submit.py:491} INFO - 25/10/29 05:20:16 INFO SecurityManager: Changing modify acls to: ***
[2025-10-29T05:20:16.425+0000] {spark_submit.py:491} INFO - 25/10/29 05:20:16 INFO SecurityManager: Changing view acls groups to:
[2025-10-29T05:20:16.425+0000] {spark_submit.py:491} INFO - 25/10/29 05:20:16 INFO SecurityManager: Changing modify acls groups to:
[2025-10-29T05:20:16.425+0000] {spark_submit.py:491} INFO - 25/10/29 05:20:16 INFO SecurityManager: SecurityManager: authentication disabled; ui acls disabled; users with view permissions: ***; groups with view permissions: EMPTY; users with modify permissions: ***; groups with modify permissions: EMPTY
[2025-10-29T05:20:16.591+0000] {spark_submit.py:491} INFO - 25/10/29 05:20:16 INFO Utils: Successfully started service 'sparkDriver' on port 46063.
[2025-10-29T05:20:16.622+0000] {spark_submit.py:491} INFO - 25/10/29 05:20:16 INFO SparkEnv: Registering MapOutputTracker
[2025-10-29T05:20:16.648+0000] {spark_submit.py:491} INFO - 25/10/29 05:20:16 INFO SparkEnv: Registering BlockManagerMaster
[2025-10-29T05:20:16.668+0000] {spark_submit.py:491} INFO - 25/10/29 05:20:16 INFO BlockManagerMasterEndpoint: Using org.apache.spark.storage.DefaultTopologyMapper for getting topology information
[2025-10-29T05:20:16.668+0000] {spark_submit.py:491} INFO - 25/10/29 05:20:16 INFO BlockManagerMasterEndpoint: BlockManagerMasterEndpoint up
[2025-10-29T05:20:16.670+0000] {spark_submit.py:491} INFO - 25/10/29 05:20:16 INFO SparkEnv: Registering BlockManagerMasterHeartbeat
[2025-10-29T05:20:16.687+0000] {spark_submit.py:491} INFO - 25/10/29 05:20:16 INFO DiskBlockManager: Created local directory at /tmp/blockmgr-31405c8a-5ecb-44ba-8f63-c25c013d4779
[2025-10-29T05:20:16.698+0000] {spark_submit.py:491} INFO - 25/10/29 05:20:16 INFO MemoryStore: MemoryStore started with capacity 434.4 MiB
[2025-10-29T05:20:16.709+0000] {spark_submit.py:491} INFO - 25/10/29 05:20:16 INFO SparkEnv: Registering OutputCommitCoordinator
[2025-10-29T05:20:16.818+0000] {spark_submit.py:491} INFO - 25/10/29 05:20:16 INFO JettyUtils: Start Jetty 0.0.0.0:4040 for SparkUI
[2025-10-29T05:20:16.850+0000] {spark_submit.py:491} INFO - 25/10/29 05:20:16 INFO Utils: Successfully started service 'SparkUI' on port 4040.
[2025-10-29T05:20:16.866+0000] {spark_submit.py:491} INFO - 25/10/29 05:20:16 INFO SparkContext: Added JAR file:///opt/***/jars/iceberg-spark-runtime-3.5_2.12-1.4.2.jar at spark://11a5c523951d:46063/jars/iceberg-spark-runtime-3.5_2.12-1.4.2.jar with timestamp 1761715216290
[2025-10-29T05:20:16.866+0000] {spark_submit.py:491} INFO - 25/10/29 05:20:16 INFO SparkContext: Added JAR file:///opt/***/jars/aws-java-sdk-bundle-1.12.367.jar at spark://11a5c523951d:46063/jars/aws-java-sdk-bundle-1.12.367.jar with timestamp 1761715216290
[2025-10-29T05:20:16.866+0000] {spark_submit.py:491} INFO - 25/10/29 05:20:16 INFO SparkContext: Added JAR file:///opt/***/jars/hadoop-aws-3.3.4.jar at spark://11a5c523951d:46063/jars/hadoop-aws-3.3.4.jar with timestamp 1761715216290
[2025-10-29T05:20:16.911+0000] {spark_submit.py:491} INFO - 25/10/29 05:20:16 INFO Executor: Starting executor ID driver on host 11a5c523951d
[2025-10-29T05:20:16.912+0000] {spark_submit.py:491} INFO - 25/10/29 05:20:16 INFO Executor: OS info Linux, 6.10.14-linuxkit, aarch64
[2025-10-29T05:20:16.912+0000] {spark_submit.py:491} INFO - 25/10/29 05:20:16 INFO Executor: Java version 11.0.28
[2025-10-29T05:20:16.914+0000] {spark_submit.py:491} INFO - 25/10/29 05:20:16 INFO Executor: Starting executor with user classpath (userClassPathFirst = false): ''
[2025-10-29T05:20:16.914+0000] {spark_submit.py:491} INFO - 25/10/29 05:20:16 INFO Executor: Created or updated repl class loader org.apache.spark.util.MutableURLClassLoader@5abdbe02 for default.
[2025-10-29T05:20:16.919+0000] {spark_submit.py:491} INFO - 25/10/29 05:20:16 INFO Executor: Fetching spark://11a5c523951d:46063/jars/aws-java-sdk-bundle-1.12.367.jar with timestamp 1761715216290
[2025-10-29T05:20:16.947+0000] {spark_submit.py:491} INFO - 25/10/29 05:20:16 INFO TransportClientFactory: Successfully created connection to 11a5c523951d/172.18.0.15:46063 after 13 ms (0 ms spent in bootstraps)
[2025-10-29T05:20:16.952+0000] {spark_submit.py:491} INFO - 25/10/29 05:20:16 INFO Utils: Fetching spark://11a5c523951d:46063/jars/aws-java-sdk-bundle-1.12.367.jar to /tmp/spark-32e78cb0-3141-4cd2-ac88-644ed4b17717/userFiles-d7355ba8-58dd-4214-b3e0-35a05dc65c56/fetchFileTemp16473924535833740764.tmp
[2025-10-29T05:20:17.676+0000] {spark_submit.py:491} INFO - 25/10/29 05:20:17 INFO Executor: Adding file:/tmp/spark-32e78cb0-3141-4cd2-ac88-644ed4b17717/userFiles-d7355ba8-58dd-4214-b3e0-35a05dc65c56/aws-java-sdk-bundle-1.12.367.jar to class loader default
[2025-10-29T05:20:17.677+0000] {spark_submit.py:491} INFO - 25/10/29 05:20:17 INFO Executor: Fetching spark://11a5c523951d:46063/jars/iceberg-spark-runtime-3.5_2.12-1.4.2.jar with timestamp 1761715216290
[2025-10-29T05:20:17.677+0000] {spark_submit.py:491} INFO - 25/10/29 05:20:17 INFO Utils: Fetching spark://11a5c523951d:46063/jars/iceberg-spark-runtime-3.5_2.12-1.4.2.jar to /tmp/spark-32e78cb0-3141-4cd2-ac88-644ed4b17717/userFiles-d7355ba8-58dd-4214-b3e0-35a05dc65c56/fetchFileTemp6935364198002151874.tmp
[2025-10-29T05:20:17.767+0000] {spark_submit.py:491} INFO - 25/10/29 05:20:17 INFO Executor: Adding file:/tmp/spark-32e78cb0-3141-4cd2-ac88-644ed4b17717/userFiles-d7355ba8-58dd-4214-b3e0-35a05dc65c56/iceberg-spark-runtime-3.5_2.12-1.4.2.jar to class loader default
[2025-10-29T05:20:17.767+0000] {spark_submit.py:491} INFO - 25/10/29 05:20:17 INFO Executor: Fetching spark://11a5c523951d:46063/jars/hadoop-aws-3.3.4.jar with timestamp 1761715216290
[2025-10-29T05:20:17.768+0000] {spark_submit.py:491} INFO - 25/10/29 05:20:17 INFO Utils: Fetching spark://11a5c523951d:46063/jars/hadoop-aws-3.3.4.jar to /tmp/spark-32e78cb0-3141-4cd2-ac88-644ed4b17717/userFiles-d7355ba8-58dd-4214-b3e0-35a05dc65c56/fetchFileTemp5147142014805151755.tmp
[2025-10-29T05:20:17.779+0000] {spark_submit.py:491} INFO - 25/10/29 05:20:17 INFO Executor: Adding file:/tmp/spark-32e78cb0-3141-4cd2-ac88-644ed4b17717/userFiles-d7355ba8-58dd-4214-b3e0-35a05dc65c56/hadoop-aws-3.3.4.jar to class loader default
[2025-10-29T05:20:17.816+0000] {spark_submit.py:491} INFO - 25/10/29 05:20:17 INFO Utils: Successfully started service 'org.apache.spark.network.netty.NettyBlockTransferService' on port 36657.
[2025-10-29T05:20:17.816+0000] {spark_submit.py:491} INFO - 25/10/29 05:20:17 INFO NettyBlockTransferService: Server created on 11a5c523951d:36657
[2025-10-29T05:20:17.834+0000] {spark_submit.py:491} INFO - 25/10/29 05:20:17 INFO BlockManager: Using org.apache.spark.storage.RandomBlockReplicationPolicy for block replication policy
[2025-10-29T05:20:17.839+0000] {spark_submit.py:491} INFO - 25/10/29 05:20:17 INFO BlockManagerMaster: Registering BlockManager BlockManagerId(driver, 11a5c523951d, 36657, None)
[2025-10-29T05:20:17.841+0000] {spark_submit.py:491} INFO - 25/10/29 05:20:17 INFO BlockManagerMasterEndpoint: Registering block manager 11a5c523951d:36657 with 434.4 MiB RAM, BlockManagerId(driver, 11a5c523951d, 36657, None)
[2025-10-29T05:20:17.843+0000] {spark_submit.py:491} INFO - 25/10/29 05:20:17 INFO BlockManagerMaster: Registered BlockManager BlockManagerId(driver, 11a5c523951d, 36657, None)
[2025-10-29T05:20:17.843+0000] {spark_submit.py:491} INFO - 25/10/29 05:20:17 INFO BlockManager: Initialized BlockManager: BlockManagerId(driver, 11a5c523951d, 36657, None)
[2025-10-29T05:20:20.220+0000] {spark_submit.py:491} INFO - 25/10/29 05:20:20 WARN MetricsConfig: Cannot locate configuration: tried hadoop-metrics2-s3a-file-system.properties,hadoop-metrics2.properties
[2025-10-29T05:20:21.071+0000] {spark_submit.py:491} INFO - Created/verified taxi zones table
[2025-10-29T05:20:21.071+0000] {spark_submit.py:491} INFO - Reading location data from: /opt/***/data/locations/nyc_taxi_zones.json
[2025-10-29T05:20:22.829+0000] {spark_submit.py:491} INFO - Raw location data count: 16
[2025-10-29T05:20:22.830+0000] {spark_submit.py:491} INFO - root
[2025-10-29T05:20:22.830+0000] {spark_submit.py:491} INFO - |-- borough: string (nullable = true)
[2025-10-29T05:20:22.830+0000] {spark_submit.py:491} INFO - |-- created_at: string (nullable = true)
[2025-10-29T05:20:22.830+0000] {spark_submit.py:491} INFO - |-- is_business_district: boolean (nullable = true)
[2025-10-29T05:20:22.831+0000] {spark_submit.py:491} INFO - |-- is_tourist_area: boolean (nullable = true)
[2025-10-29T05:20:22.835+0000] {spark_submit.py:491} INFO - |-- lat: double (nullable = true)
[2025-10-29T05:20:22.835+0000] {spark_submit.py:491} INFO - |-- location_id: long (nullable = true)
[2025-10-29T05:20:22.835+0000] {spark_submit.py:491} INFO - |-- lon: double (nullable = true)
[2025-10-29T05:20:22.835+0000] {spark_submit.py:491} INFO - |-- zone: string (nullable = true)
[2025-10-29T05:20:22.835+0000] {spark_submit.py:491} INFO - |-- zone_type: string (nullable = true)
[2025-10-29T05:20:22.835+0000] {spark_submit.py:491} INFO - 
[2025-10-29T05:20:23.051+0000] {spark_submit.py:491} INFO - Processed location data count: 16
[2025-10-29T05:20:24.509+0000] {spark_submit.py:491} INFO - Successfully wrote location data to Iceberg table
[2025-10-29T05:20:25.761+0000] {spark_submit.py:491} INFO - +---------+----------+-------------+--------------+
[2025-10-29T05:20:25.761+0000] {spark_submit.py:491} INFO - |  borough|zone_count|tourist_zones|business_zones|
[2025-10-29T05:20:25.761+0000] {spark_submit.py:491} INFO - +---------+----------+-------------+--------------+
[2025-10-29T05:20:25.762+0000] {spark_submit.py:491} INFO - |Manhattan|        13|            4|             3|
[2025-10-29T05:20:25.762+0000] {spark_submit.py:491} INFO - |   Queens|         2|            0|             0|
[2025-10-29T05:20:25.762+0000] {spark_submit.py:491} INFO - | Brooklyn|         1|            0|             0|
[2025-10-29T05:20:25.762+0000] {spark_submit.py:491} INFO - +---------+----------+-------------+--------------+
[2025-10-29T05:20:25.763+0000] {spark_submit.py:491} INFO - 
[2025-10-29T05:20:25.763+0000] {spark_submit.py:491} INFO - Location ETL job completed successfully!
[2025-10-29T05:20:26.434+0000] {taskinstance.py:1398} INFO - Marking task as SUCCESS. dag_id=nyc_weather_etl, task_id=spark_process_location_to_iceberg, execution_date=20251029T042010, start_date=20251029T052014, end_date=20251029T052026
[2025-10-29T05:20:26.456+0000] {local_task_job_runner.py:228} INFO - Task exited with return code 0
[2025-10-29T05:20:26.464+0000] {taskinstance.py:2776} INFO - 0 downstream tasks scheduled from follow-on schedule check
