[2025-10-26T11:35:55.600+0000] {taskinstance.py:1157} INFO - Dependencies all met for dep_context=non-requeueable deps ti=<TaskInstance: nyc_weather_etl.spark_process_weather_to_iceberg scheduled__2025-10-26T10:34:42.579660+00:00 [queued]>
[2025-10-26T11:35:55.617+0000] {taskinstance.py:1157} INFO - Dependencies all met for dep_context=requeueable deps ti=<TaskInstance: nyc_weather_etl.spark_process_weather_to_iceberg scheduled__2025-10-26T10:34:42.579660+00:00 [queued]>
[2025-10-26T11:35:55.617+0000] {taskinstance.py:1359} INFO - Starting attempt 1 of 1
[2025-10-26T11:35:55.643+0000] {taskinstance.py:1380} INFO - Executing <Task(SparkSubmitOperator): spark_process_weather_to_iceberg> on 2025-10-26 10:34:42.579660+00:00
[2025-10-26T11:35:55.655+0000] {standard_task_runner.py:57} INFO - Started process 8946 to run task
[2025-10-26T11:35:55.659+0000] {standard_task_runner.py:84} INFO - Running: ['***', 'tasks', 'run', 'nyc_weather_etl', 'spark_process_weather_to_iceberg', 'scheduled__2025-10-26T10:34:42.579660+00:00', '--job-id', '676', '--raw', '--subdir', 'DAGS_FOLDER/nyc_weather_etl.py', '--cfg-path', '/tmp/tmpaa4ym3r_']
[2025-10-26T11:35:55.663+0000] {standard_task_runner.py:85} INFO - Job 676: Subtask spark_process_weather_to_iceberg
[2025-10-26T11:35:55.738+0000] {task_command.py:415} INFO - Running <TaskInstance: nyc_weather_etl.spark_process_weather_to_iceberg scheduled__2025-10-26T10:34:42.579660+00:00 [running]> on host b40be2a595bb
[2025-10-26T11:35:56.211+0000] {taskinstance.py:1660} INFO - Exporting env vars: AIRFLOW_CTX_DAG_OWNER='data-engineering' AIRFLOW_CTX_DAG_ID='nyc_weather_etl' AIRFLOW_CTX_TASK_ID='spark_process_weather_to_iceberg' AIRFLOW_CTX_EXECUTION_DATE='2025-10-26T10:34:42.579660+00:00' AIRFLOW_CTX_TRY_NUMBER='1' AIRFLOW_CTX_DAG_RUN_ID='scheduled__2025-10-26T10:34:42.579660+00:00'
[2025-10-26T11:35:56.227+0000] {base.py:73} INFO - Using connection ID 'spark_default' for task execution.
[2025-10-26T11:35:56.230+0000] {spark_submit.py:340} INFO - Spark-Submit cmd: /opt/bitnami/spark/bin/spark-submit --master spark://spark-master:7077 --conf spark.master=spark://spark-master:7077 --conf spark.sql.catalog.spark_catalog=org.apache.iceberg.spark.SparkSessionCatalog --conf spark.sql.catalog.spark_catalog.type=hive --conf spark.sql.catalog.iceberg=org.apache.iceberg.spark.SparkCatalog --conf spark.sql.catalog.iceberg.type=hadoop --conf spark.sql.catalog.iceberg.warehouse=s3a://lakehouse/warehouse --conf spark.sql.extensions=org.apache.iceberg.spark.extensions.IcebergSparkSessionExtensions --conf spark.hadoop.fs.s3a.endpoint=http://minio:9000 --conf spark.hadoop.fs.s3a.access.key=admin --conf spark.hadoop.fs.s3a.secret.key=****** --conf spark.hadoop.fs.s3a.path.style.access=true --conf spark.hadoop.fs.s3a.impl=org.apache.hadoop.fs.s3a.S3AFileSystem --jars /opt/***/jars/iceberg-spark-runtime-3.5_2.12-1.4.2.jar,/opt/***/jars/aws-java-sdk-bundle-1.12.367.jar,/opt/***/jars/hadoop-aws-3.3.4.jar --name arrow-spark --queue default /opt/***/dags/spark_jobs/weather_to_iceberg.py /opt/***/data/weather/weather_data_20251008_06.json
[2025-10-26T11:35:58.928+0000] {spark_submit.py:491} INFO - 25/10/26 11:35:58 WARN NativeCodeLoader: Unable to load native-hadoop library for your platform... using builtin-java classes where applicable
[2025-10-26T11:36:01.109+0000] {spark_submit.py:491} INFO - 25/10/26 11:36:01 INFO SparkContext: Running Spark version 3.5.1
[2025-10-26T11:36:01.113+0000] {spark_submit.py:491} INFO - 25/10/26 11:36:01 INFO SparkContext: OS info Linux, 6.10.14-linuxkit, aarch64
[2025-10-26T11:36:01.114+0000] {spark_submit.py:491} INFO - 25/10/26 11:36:01 INFO SparkContext: Java version 11.0.28
[2025-10-26T11:36:01.157+0000] {spark_submit.py:491} INFO - 25/10/26 11:36:01 INFO ResourceUtils: ==============================================================
[2025-10-26T11:36:01.160+0000] {spark_submit.py:491} INFO - 25/10/26 11:36:01 INFO ResourceUtils: No custom resources configured for spark.driver.
[2025-10-26T11:36:01.161+0000] {spark_submit.py:491} INFO - 25/10/26 11:36:01 INFO ResourceUtils: ==============================================================
[2025-10-26T11:36:01.162+0000] {spark_submit.py:491} INFO - 25/10/26 11:36:01 INFO SparkContext: Submitted application: Weather to Iceberg ETL
[2025-10-26T11:36:01.196+0000] {spark_submit.py:491} INFO - 25/10/26 11:36:01 INFO ResourceProfile: Default ResourceProfile created, executor resources: Map(cores -> name: cores, amount: 1, script: , vendor: , memory -> name: memory, amount: 1024, script: , vendor: , offHeap -> name: offHeap, amount: 0, script: , vendor: ), task resources: Map(cpus -> name: cpus, amount: 1.0)
[2025-10-26T11:36:01.216+0000] {spark_submit.py:491} INFO - 25/10/26 11:36:01 INFO ResourceProfile: Limiting resource is cpu
[2025-10-26T11:36:01.218+0000] {spark_submit.py:491} INFO - 25/10/26 11:36:01 INFO ResourceProfileManager: Added ResourceProfile id: 0
[2025-10-26T11:36:01.366+0000] {spark_submit.py:491} INFO - 25/10/26 11:36:01 INFO SecurityManager: Changing view acls to: ***
[2025-10-26T11:36:01.372+0000] {spark_submit.py:491} INFO - 25/10/26 11:36:01 INFO SecurityManager: Changing modify acls to: ***
[2025-10-26T11:36:01.383+0000] {spark_submit.py:491} INFO - 25/10/26 11:36:01 INFO SecurityManager: Changing view acls groups to:
[2025-10-26T11:36:01.387+0000] {spark_submit.py:491} INFO - 25/10/26 11:36:01 INFO SecurityManager: Changing modify acls groups to:
[2025-10-26T11:36:01.390+0000] {spark_submit.py:491} INFO - 25/10/26 11:36:01 INFO SecurityManager: SecurityManager: authentication disabled; ui acls disabled; users with view permissions: ***; groups with view permissions: EMPTY; users with modify permissions: ***; groups with modify permissions: EMPTY
[2025-10-26T11:36:02.036+0000] {spark_submit.py:491} INFO - 25/10/26 11:36:02 INFO Utils: Successfully started service 'sparkDriver' on port 43423.
[2025-10-26T11:36:02.258+0000] {spark_submit.py:491} INFO - 25/10/26 11:36:02 INFO SparkEnv: Registering MapOutputTracker
[2025-10-26T11:36:02.396+0000] {spark_submit.py:491} INFO - 25/10/26 11:36:02 INFO SparkEnv: Registering BlockManagerMaster
[2025-10-26T11:36:02.440+0000] {spark_submit.py:491} INFO - 25/10/26 11:36:02 INFO BlockManagerMasterEndpoint: Using org.apache.spark.storage.DefaultTopologyMapper for getting topology information
[2025-10-26T11:36:02.449+0000] {spark_submit.py:491} INFO - 25/10/26 11:36:02 INFO BlockManagerMasterEndpoint: BlockManagerMasterEndpoint up
[2025-10-26T11:36:02.450+0000] {spark_submit.py:491} INFO - 25/10/26 11:36:02 INFO SparkEnv: Registering BlockManagerMasterHeartbeat
[2025-10-26T11:36:02.513+0000] {spark_submit.py:491} INFO - 25/10/26 11:36:02 INFO DiskBlockManager: Created local directory at /tmp/blockmgr-3c3ed93e-4cf6-4b75-ab3c-a3dfec20805d
[2025-10-26T11:36:02.538+0000] {spark_submit.py:491} INFO - 25/10/26 11:36:02 INFO MemoryStore: MemoryStore started with capacity 434.4 MiB
[2025-10-26T11:36:02.578+0000] {spark_submit.py:491} INFO - 25/10/26 11:36:02 INFO SparkEnv: Registering OutputCommitCoordinator
[2025-10-26T11:36:03.000+0000] {spark_submit.py:491} INFO - 25/10/26 11:36:02 INFO JettyUtils: Start Jetty 0.0.0.0:4040 for SparkUI
[2025-10-26T11:36:03.072+0000] {spark_submit.py:491} INFO - 25/10/26 11:36:03 WARN Utils: Service 'SparkUI' could not bind on port 4040. Attempting port 4041.
[2025-10-26T11:36:03.093+0000] {spark_submit.py:491} INFO - 25/10/26 11:36:03 INFO Utils: Successfully started service 'SparkUI' on port 4041.
[2025-10-26T11:36:03.166+0000] {spark_submit.py:491} INFO - 25/10/26 11:36:03 INFO SparkContext: Added JAR file:///opt/***/jars/iceberg-spark-runtime-3.5_2.12-1.4.2.jar at spark://b40be2a595bb:43423/jars/iceberg-spark-runtime-3.5_2.12-1.4.2.jar with timestamp 1761478561082
[2025-10-26T11:36:03.167+0000] {spark_submit.py:491} INFO - 25/10/26 11:36:03 INFO SparkContext: Added JAR file:///opt/***/jars/aws-java-sdk-bundle-1.12.367.jar at spark://b40be2a595bb:43423/jars/aws-java-sdk-bundle-1.12.367.jar with timestamp 1761478561082
[2025-10-26T11:36:03.167+0000] {spark_submit.py:491} INFO - 25/10/26 11:36:03 INFO SparkContext: Added JAR file:///opt/***/jars/hadoop-aws-3.3.4.jar at spark://b40be2a595bb:43423/jars/hadoop-aws-3.3.4.jar with timestamp 1761478561082
[2025-10-26T11:36:03.276+0000] {spark_submit.py:491} INFO - 25/10/26 11:36:03 INFO Executor: Starting executor ID driver on host b40be2a595bb
[2025-10-26T11:36:03.278+0000] {spark_submit.py:491} INFO - 25/10/26 11:36:03 INFO Executor: OS info Linux, 6.10.14-linuxkit, aarch64
[2025-10-26T11:36:03.279+0000] {spark_submit.py:491} INFO - 25/10/26 11:36:03 INFO Executor: Java version 11.0.28
[2025-10-26T11:36:03.281+0000] {spark_submit.py:491} INFO - 25/10/26 11:36:03 INFO Executor: Starting executor with user classpath (userClassPathFirst = false): ''
[2025-10-26T11:36:03.282+0000] {spark_submit.py:491} INFO - 25/10/26 11:36:03 INFO Executor: Created or updated repl class loader org.apache.spark.util.MutableURLClassLoader@7e71e10b for default.
[2025-10-26T11:36:03.300+0000] {spark_submit.py:491} INFO - 25/10/26 11:36:03 INFO Executor: Fetching spark://b40be2a595bb:43423/jars/iceberg-spark-runtime-3.5_2.12-1.4.2.jar with timestamp 1761478561082
[2025-10-26T11:36:03.442+0000] {spark_submit.py:491} INFO - 25/10/26 11:36:03 INFO TransportClientFactory: Successfully created connection to b40be2a595bb/172.18.0.5:43423 after 96 ms (0 ms spent in bootstraps)
[2025-10-26T11:36:03.457+0000] {spark_submit.py:491} INFO - 25/10/26 11:36:03 INFO Utils: Fetching spark://b40be2a595bb:43423/jars/iceberg-spark-runtime-3.5_2.12-1.4.2.jar to /tmp/spark-f1ff065b-6760-4c11-a8a5-e148b9158cae/userFiles-2137e89d-788d-4fd3-902a-5aa096930f2d/fetchFileTemp4232995059576819120.tmp
[2025-10-26T11:36:03.681+0000] {spark_submit.py:491} INFO - 25/10/26 11:36:03 INFO Executor: Adding file:/tmp/spark-f1ff065b-6760-4c11-a8a5-e148b9158cae/userFiles-2137e89d-788d-4fd3-902a-5aa096930f2d/iceberg-spark-runtime-3.5_2.12-1.4.2.jar to class loader default
[2025-10-26T11:36:03.683+0000] {spark_submit.py:491} INFO - 25/10/26 11:36:03 INFO Executor: Fetching spark://b40be2a595bb:43423/jars/hadoop-aws-3.3.4.jar with timestamp 1761478561082
[2025-10-26T11:36:03.684+0000] {spark_submit.py:491} INFO - 25/10/26 11:36:03 INFO Utils: Fetching spark://b40be2a595bb:43423/jars/hadoop-aws-3.3.4.jar to /tmp/spark-f1ff065b-6760-4c11-a8a5-e148b9158cae/userFiles-2137e89d-788d-4fd3-902a-5aa096930f2d/fetchFileTemp10771075443484286657.tmp
[2025-10-26T11:36:03.704+0000] {spark_submit.py:491} INFO - 25/10/26 11:36:03 INFO Executor: Adding file:/tmp/spark-f1ff065b-6760-4c11-a8a5-e148b9158cae/userFiles-2137e89d-788d-4fd3-902a-5aa096930f2d/hadoop-aws-3.3.4.jar to class loader default
[2025-10-26T11:36:03.706+0000] {spark_submit.py:491} INFO - 25/10/26 11:36:03 INFO Executor: Fetching spark://b40be2a595bb:43423/jars/aws-java-sdk-bundle-1.12.367.jar with timestamp 1761478561082
[2025-10-26T11:36:03.708+0000] {spark_submit.py:491} INFO - 25/10/26 11:36:03 INFO Utils: Fetching spark://b40be2a595bb:43423/jars/aws-java-sdk-bundle-1.12.367.jar to /tmp/spark-f1ff065b-6760-4c11-a8a5-e148b9158cae/userFiles-2137e89d-788d-4fd3-902a-5aa096930f2d/fetchFileTemp16802050430491839436.tmp
[2025-10-26T11:36:05.605+0000] {spark_submit.py:491} INFO - 25/10/26 11:36:05 INFO Executor: Adding file:/tmp/spark-f1ff065b-6760-4c11-a8a5-e148b9158cae/userFiles-2137e89d-788d-4fd3-902a-5aa096930f2d/aws-java-sdk-bundle-1.12.367.jar to class loader default
[2025-10-26T11:36:05.635+0000] {spark_submit.py:491} INFO - 25/10/26 11:36:05 INFO Utils: Successfully started service 'org.apache.spark.network.netty.NettyBlockTransferService' on port 37485.
[2025-10-26T11:36:05.638+0000] {spark_submit.py:491} INFO - 25/10/26 11:36:05 INFO NettyBlockTransferService: Server created on b40be2a595bb:37485
[2025-10-26T11:36:05.638+0000] {spark_submit.py:491} INFO - 25/10/26 11:36:05 INFO BlockManager: Using org.apache.spark.storage.RandomBlockReplicationPolicy for block replication policy
[2025-10-26T11:36:05.656+0000] {spark_submit.py:491} INFO - 25/10/26 11:36:05 INFO BlockManagerMaster: Registering BlockManager BlockManagerId(driver, b40be2a595bb, 37485, None)
[2025-10-26T11:36:05.662+0000] {spark_submit.py:491} INFO - 25/10/26 11:36:05 INFO BlockManagerMasterEndpoint: Registering block manager b40be2a595bb:37485 with 434.4 MiB RAM, BlockManagerId(driver, b40be2a595bb, 37485, None)
[2025-10-26T11:36:05.664+0000] {spark_submit.py:491} INFO - 25/10/26 11:36:05 INFO BlockManagerMaster: Registered BlockManager BlockManagerId(driver, b40be2a595bb, 37485, None)
[2025-10-26T11:36:05.665+0000] {spark_submit.py:491} INFO - 25/10/26 11:36:05 INFO BlockManager: Initialized BlockManager: BlockManagerId(driver, b40be2a595bb, 37485, None)
[2025-10-26T11:36:10.405+0000] {spark_submit.py:491} INFO - 25/10/26 11:36:10 WARN MetricsConfig: Cannot locate configuration: tried hadoop-metrics2-s3a-file-system.properties,hadoop-metrics2.properties
[2025-10-26T11:36:12.983+0000] {spark_submit.py:491} INFO - Created/verified weather table
[2025-10-26T11:36:12.987+0000] {spark_submit.py:491} INFO - Reading weather data from: /opt/***/data/weather/weather_data_20251008_06.json
[2025-10-26T11:36:17.209+0000] {spark_submit.py:491} INFO - Raw weather data count: 24
[2025-10-26T11:36:17.216+0000] {spark_submit.py:491} INFO - root
[2025-10-26T11:36:17.219+0000] {spark_submit.py:491} INFO - |-- timestamp: string (nullable = true)
[2025-10-26T11:36:17.225+0000] {spark_submit.py:491} INFO - |-- location: string (nullable = true)
[2025-10-26T11:36:17.226+0000] {spark_submit.py:491} INFO - |-- latitude: double (nullable = true)
[2025-10-26T11:36:17.226+0000] {spark_submit.py:491} INFO - |-- longitude: double (nullable = true)
[2025-10-26T11:36:17.228+0000] {spark_submit.py:491} INFO - |-- temperature_celsius: double (nullable = true)
[2025-10-26T11:36:17.228+0000] {spark_submit.py:491} INFO - |-- temperature_fahrenheit: double (nullable = true)
[2025-10-26T11:36:17.229+0000] {spark_submit.py:491} INFO - |-- humidity_percent: double (nullable = true)
[2025-10-26T11:36:17.229+0000] {spark_submit.py:491} INFO - |-- pressure_hpa: double (nullable = true)
[2025-10-26T11:36:17.230+0000] {spark_submit.py:491} INFO - |-- wind_speed_kmh: double (nullable = true)
[2025-10-26T11:36:17.230+0000] {spark_submit.py:491} INFO - |-- weather_condition: string (nullable = true)
[2025-10-26T11:36:17.230+0000] {spark_submit.py:491} INFO - |-- visibility_km: double (nullable = true)
[2025-10-26T11:36:17.232+0000] {spark_submit.py:491} INFO - |-- uv_index: double (nullable = true)
[2025-10-26T11:36:17.232+0000] {spark_submit.py:491} INFO - |-- hour: integer (nullable = true)
[2025-10-26T11:36:17.234+0000] {spark_submit.py:491} INFO - |-- day_of_week: integer (nullable = true)
[2025-10-26T11:36:17.234+0000] {spark_submit.py:491} INFO - |-- is_weekend: boolean (nullable = true)
[2025-10-26T11:36:17.235+0000] {spark_submit.py:491} INFO - 
[2025-10-26T11:36:18.014+0000] {spark_submit.py:491} INFO - Processed weather data count: 24
[2025-10-26T11:36:21.978+0000] {spark_submit.py:491} INFO - Successfully wrote weather data to Iceberg table
[2025-10-26T11:36:27.541+0000] {spark_submit.py:491} INFO - +------------+------------------+------------------+-----------------+--------------------+
[2025-10-26T11:36:27.543+0000] {spark_submit.py:491} INFO - |weather_date|        avg_temp_c|      avg_humidity|   avg_wind_speed|          conditions|
[2025-10-26T11:36:27.543+0000] {spark_submit.py:491} INFO - +------------+------------------+------------------+-----------------+--------------------+
[2025-10-26T11:36:27.543+0000] {spark_submit.py:491} INFO - |  2025-10-08|14.865714285714287| 55.28571428571428|9.157142857142857|[clear, snow, clo...|
[2025-10-26T11:36:27.544+0000] {spark_submit.py:491} INFO - |  2025-10-07|16.545882352941174|61.094117647058845|7.900000000000002|[clear, snow, rai...|
[2025-10-26T11:36:27.544+0000] {spark_submit.py:491} INFO - +------------+------------------+------------------+-----------------+--------------------+
[2025-10-26T11:36:27.544+0000] {spark_submit.py:491} INFO - 
[2025-10-26T11:36:27.544+0000] {spark_submit.py:491} INFO - Weather ETL job completed successfully!
[2025-10-26T11:36:27.940+0000] {taskinstance.py:1398} INFO - Marking task as SUCCESS. dag_id=nyc_weather_etl, task_id=spark_process_weather_to_iceberg, execution_date=20251026T103442, start_date=20251026T113555, end_date=20251026T113627
[2025-10-26T11:36:27.985+0000] {local_task_job_runner.py:228} INFO - Task exited with return code 0
[2025-10-26T11:36:28.000+0000] {taskinstance.py:2776} INFO - 0 downstream tasks scheduled from follow-on schedule check
