[2025-10-29T09:20:14.195+0000] {taskinstance.py:1157} INFO - Dependencies all met for dep_context=non-requeueable deps ti=<TaskInstance: nyc_weather_etl.spark_process_location_to_iceberg scheduled__2025-10-29T08:20:10.843578+00:00 [queued]>
[2025-10-29T09:20:14.199+0000] {taskinstance.py:1157} INFO - Dependencies all met for dep_context=requeueable deps ti=<TaskInstance: nyc_weather_etl.spark_process_location_to_iceberg scheduled__2025-10-29T08:20:10.843578+00:00 [queued]>
[2025-10-29T09:20:14.199+0000] {taskinstance.py:1359} INFO - Starting attempt 1 of 1
[2025-10-29T09:20:14.261+0000] {taskinstance.py:1380} INFO - Executing <Task(SparkSubmitOperator): spark_process_location_to_iceberg> on 2025-10-29 08:20:10.843578+00:00
[2025-10-29T09:20:14.265+0000] {standard_task_runner.py:57} INFO - Started process 20713 to run task
[2025-10-29T09:20:14.267+0000] {standard_task_runner.py:84} INFO - Running: ['***', 'tasks', 'run', 'nyc_weather_etl', 'spark_process_location_to_iceberg', 'scheduled__2025-10-29T08:20:10.843578+00:00', '--job-id', '44', '--raw', '--subdir', 'DAGS_FOLDER/nyc_weather_etl.py', '--cfg-path', '/tmp/tmp45bvtiw5']
[2025-10-29T09:20:14.271+0000] {standard_task_runner.py:85} INFO - Job 44: Subtask spark_process_location_to_iceberg
[2025-10-29T09:20:14.298+0000] {task_command.py:415} INFO - Running <TaskInstance: nyc_weather_etl.spark_process_location_to_iceberg scheduled__2025-10-29T08:20:10.843578+00:00 [running]> on host 11a5c523951d
[2025-10-29T09:20:14.335+0000] {taskinstance.py:1660} INFO - Exporting env vars: AIRFLOW_CTX_DAG_OWNER='data-engineering' AIRFLOW_CTX_DAG_ID='nyc_weather_etl' AIRFLOW_CTX_TASK_ID='spark_process_location_to_iceberg' AIRFLOW_CTX_EXECUTION_DATE='2025-10-29T08:20:10.843578+00:00' AIRFLOW_CTX_TRY_NUMBER='1' AIRFLOW_CTX_DAG_RUN_ID='scheduled__2025-10-29T08:20:10.843578+00:00'
[2025-10-29T09:20:14.336+0000] {base.py:73} INFO - Using connection ID 'spark_default' for task execution.
[2025-10-29T09:20:14.337+0000] {spark_submit.py:340} INFO - Spark-Submit cmd: /opt/bitnami/spark/bin/spark-submit --master spark-master:7077 --conf spark.master=spark://spark-master:7077 --conf spark.sql.catalog.spark_catalog=org.apache.iceberg.spark.SparkSessionCatalog --conf spark.sql.catalog.spark_catalog.type=hive --conf spark.sql.catalog.iceberg=org.apache.iceberg.spark.SparkCatalog --conf spark.sql.catalog.iceberg.type=hadoop --conf spark.sql.catalog.iceberg.warehouse=s3a://lakehouse/warehouse --conf spark.sql.extensions=org.apache.iceberg.spark.extensions.IcebergSparkSessionExtensions --conf spark.hadoop.fs.s3a.endpoint=http://minio:9000 --conf spark.hadoop.fs.s3a.access.key=admin --conf spark.hadoop.fs.s3a.secret.key=****** --conf spark.hadoop.fs.s3a.path.style.access=true --conf spark.hadoop.fs.s3a.impl=org.apache.hadoop.fs.s3a.S3AFileSystem --jars /opt/***/jars/iceberg-spark-runtime-3.5_2.12-1.4.2.jar,/opt/***/jars/aws-java-sdk-bundle-1.12.367.jar,/opt/***/jars/hadoop-aws-3.3.4.jar --name arrow-spark /opt/***/dags/spark_jobs/location_to_iceberg.py /opt/***/data/locations/nyc_taxi_zones.json
[2025-10-29T09:20:15.168+0000] {spark_submit.py:491} INFO - 25/10/29 09:20:15 WARN NativeCodeLoader: Unable to load native-hadoop library for your platform... using builtin-java classes where applicable
[2025-10-29T09:20:15.759+0000] {spark_submit.py:491} INFO - 25/10/29 09:20:15 INFO SparkContext: Running Spark version 3.5.1
[2025-10-29T09:20:15.760+0000] {spark_submit.py:491} INFO - 25/10/29 09:20:15 INFO SparkContext: OS info Linux, 6.10.14-linuxkit, aarch64
[2025-10-29T09:20:15.760+0000] {spark_submit.py:491} INFO - 25/10/29 09:20:15 INFO SparkContext: Java version 11.0.28
[2025-10-29T09:20:15.771+0000] {spark_submit.py:491} INFO - 25/10/29 09:20:15 INFO ResourceUtils: ==============================================================
[2025-10-29T09:20:15.772+0000] {spark_submit.py:491} INFO - 25/10/29 09:20:15 INFO ResourceUtils: No custom resources configured for spark.driver.
[2025-10-29T09:20:15.772+0000] {spark_submit.py:491} INFO - 25/10/29 09:20:15 INFO ResourceUtils: ==============================================================
[2025-10-29T09:20:15.772+0000] {spark_submit.py:491} INFO - 25/10/29 09:20:15 INFO SparkContext: Submitted application: Location to Iceberg ETL
[2025-10-29T09:20:15.780+0000] {spark_submit.py:491} INFO - 25/10/29 09:20:15 INFO ResourceProfile: Default ResourceProfile created, executor resources: Map(cores -> name: cores, amount: 1, script: , vendor: , memory -> name: memory, amount: 1024, script: , vendor: , offHeap -> name: offHeap, amount: 0, script: , vendor: ), task resources: Map(cpus -> name: cpus, amount: 1.0)
[2025-10-29T09:20:15.791+0000] {spark_submit.py:491} INFO - 25/10/29 09:20:15 INFO ResourceProfile: Limiting resource is cpu
[2025-10-29T09:20:15.791+0000] {spark_submit.py:491} INFO - 25/10/29 09:20:15 INFO ResourceProfileManager: Added ResourceProfile id: 0
[2025-10-29T09:20:15.822+0000] {spark_submit.py:491} INFO - 25/10/29 09:20:15 INFO SecurityManager: Changing view acls to: ***
[2025-10-29T09:20:15.822+0000] {spark_submit.py:491} INFO - 25/10/29 09:20:15 INFO SecurityManager: Changing modify acls to: ***
[2025-10-29T09:20:15.822+0000] {spark_submit.py:491} INFO - 25/10/29 09:20:15 INFO SecurityManager: Changing view acls groups to:
[2025-10-29T09:20:15.823+0000] {spark_submit.py:491} INFO - 25/10/29 09:20:15 INFO SecurityManager: Changing modify acls groups to:
[2025-10-29T09:20:15.824+0000] {spark_submit.py:491} INFO - 25/10/29 09:20:15 INFO SecurityManager: SecurityManager: authentication disabled; ui acls disabled; users with view permissions: ***; groups with view permissions: EMPTY; users with modify permissions: ***; groups with modify permissions: EMPTY
[2025-10-29T09:20:15.930+0000] {spark_submit.py:491} INFO - 25/10/29 09:20:15 INFO Utils: Successfully started service 'sparkDriver' on port 39897.
[2025-10-29T09:20:15.945+0000] {spark_submit.py:491} INFO - 25/10/29 09:20:15 INFO SparkEnv: Registering MapOutputTracker
[2025-10-29T09:20:15.960+0000] {spark_submit.py:491} INFO - 25/10/29 09:20:15 INFO SparkEnv: Registering BlockManagerMaster
[2025-10-29T09:20:15.974+0000] {spark_submit.py:491} INFO - 25/10/29 09:20:15 INFO BlockManagerMasterEndpoint: Using org.apache.spark.storage.DefaultTopologyMapper for getting topology information
[2025-10-29T09:20:15.974+0000] {spark_submit.py:491} INFO - 25/10/29 09:20:15 INFO BlockManagerMasterEndpoint: BlockManagerMasterEndpoint up
[2025-10-29T09:20:15.976+0000] {spark_submit.py:491} INFO - 25/10/29 09:20:15 INFO SparkEnv: Registering BlockManagerMasterHeartbeat
[2025-10-29T09:20:15.985+0000] {spark_submit.py:491} INFO - 25/10/29 09:20:15 INFO DiskBlockManager: Created local directory at /tmp/blockmgr-ffd7fc34-e896-47f1-9ea4-c8afd694ec34
[2025-10-29T09:20:15.991+0000] {spark_submit.py:491} INFO - 25/10/29 09:20:15 INFO MemoryStore: MemoryStore started with capacity 434.4 MiB
[2025-10-29T09:20:15.998+0000] {spark_submit.py:491} INFO - 25/10/29 09:20:15 INFO SparkEnv: Registering OutputCommitCoordinator
[2025-10-29T09:20:16.051+0000] {spark_submit.py:491} INFO - 25/10/29 09:20:16 INFO JettyUtils: Start Jetty 0.0.0.0:4040 for SparkUI
[2025-10-29T09:20:16.078+0000] {spark_submit.py:491} INFO - 25/10/29 09:20:16 INFO Utils: Successfully started service 'SparkUI' on port 4040.
[2025-10-29T09:20:16.093+0000] {spark_submit.py:491} INFO - 25/10/29 09:20:16 INFO SparkContext: Added JAR file:///opt/***/jars/iceberg-spark-runtime-3.5_2.12-1.4.2.jar at spark://11a5c523951d:39897/jars/iceberg-spark-runtime-3.5_2.12-1.4.2.jar with timestamp 1761729615754
[2025-10-29T09:20:16.094+0000] {spark_submit.py:491} INFO - 25/10/29 09:20:16 INFO SparkContext: Added JAR file:///opt/***/jars/aws-java-sdk-bundle-1.12.367.jar at spark://11a5c523951d:39897/jars/aws-java-sdk-bundle-1.12.367.jar with timestamp 1761729615754
[2025-10-29T09:20:16.094+0000] {spark_submit.py:491} INFO - 25/10/29 09:20:16 INFO SparkContext: Added JAR file:///opt/***/jars/hadoop-aws-3.3.4.jar at spark://11a5c523951d:39897/jars/hadoop-aws-3.3.4.jar with timestamp 1761729615754
[2025-10-29T09:20:16.118+0000] {spark_submit.py:491} INFO - 25/10/29 09:20:16 INFO Executor: Starting executor ID driver on host 11a5c523951d
[2025-10-29T09:20:16.119+0000] {spark_submit.py:491} INFO - 25/10/29 09:20:16 INFO Executor: OS info Linux, 6.10.14-linuxkit, aarch64
[2025-10-29T09:20:16.119+0000] {spark_submit.py:491} INFO - 25/10/29 09:20:16 INFO Executor: Java version 11.0.28
[2025-10-29T09:20:16.121+0000] {spark_submit.py:491} INFO - 25/10/29 09:20:16 INFO Executor: Starting executor with user classpath (userClassPathFirst = false): ''
[2025-10-29T09:20:16.121+0000] {spark_submit.py:491} INFO - 25/10/29 09:20:16 INFO Executor: Created or updated repl class loader org.apache.spark.util.MutableURLClassLoader@629cc601 for default.
[2025-10-29T09:20:16.126+0000] {spark_submit.py:491} INFO - 25/10/29 09:20:16 INFO Executor: Fetching spark://11a5c523951d:39897/jars/aws-java-sdk-bundle-1.12.367.jar with timestamp 1761729615754
[2025-10-29T09:20:16.153+0000] {spark_submit.py:491} INFO - 25/10/29 09:20:16 INFO TransportClientFactory: Successfully created connection to 11a5c523951d/172.18.0.15:39897 after 13 ms (0 ms spent in bootstraps)
[2025-10-29T09:20:16.156+0000] {spark_submit.py:491} INFO - 25/10/29 09:20:16 INFO Utils: Fetching spark://11a5c523951d:39897/jars/aws-java-sdk-bundle-1.12.367.jar to /tmp/spark-d89b045b-f532-49ce-9521-0de2289dfaa0/userFiles-087130b8-7bd9-4214-b234-59447c271b0e/fetchFileTemp14109771261523547861.tmp
[2025-10-29T09:20:16.852+0000] {spark_submit.py:491} INFO - 25/10/29 09:20:16 INFO Executor: Adding file:/tmp/spark-d89b045b-f532-49ce-9521-0de2289dfaa0/userFiles-087130b8-7bd9-4214-b234-59447c271b0e/aws-java-sdk-bundle-1.12.367.jar to class loader default
[2025-10-29T09:20:16.853+0000] {spark_submit.py:491} INFO - 25/10/29 09:20:16 INFO Executor: Fetching spark://11a5c523951d:39897/jars/iceberg-spark-runtime-3.5_2.12-1.4.2.jar with timestamp 1761729615754
[2025-10-29T09:20:16.853+0000] {spark_submit.py:491} INFO - 25/10/29 09:20:16 INFO Utils: Fetching spark://11a5c523951d:39897/jars/iceberg-spark-runtime-3.5_2.12-1.4.2.jar to /tmp/spark-d89b045b-f532-49ce-9521-0de2289dfaa0/userFiles-087130b8-7bd9-4214-b234-59447c271b0e/fetchFileTemp7060915777821928847.tmp
[2025-10-29T09:20:16.906+0000] {spark_submit.py:491} INFO - 25/10/29 09:20:16 INFO Executor: Adding file:/tmp/spark-d89b045b-f532-49ce-9521-0de2289dfaa0/userFiles-087130b8-7bd9-4214-b234-59447c271b0e/iceberg-spark-runtime-3.5_2.12-1.4.2.jar to class loader default
[2025-10-29T09:20:16.907+0000] {spark_submit.py:491} INFO - 25/10/29 09:20:16 INFO Executor: Fetching spark://11a5c523951d:39897/jars/hadoop-aws-3.3.4.jar with timestamp 1761729615754
[2025-10-29T09:20:16.907+0000] {spark_submit.py:491} INFO - 25/10/29 09:20:16 INFO Utils: Fetching spark://11a5c523951d:39897/jars/hadoop-aws-3.3.4.jar to /tmp/spark-d89b045b-f532-49ce-9521-0de2289dfaa0/userFiles-087130b8-7bd9-4214-b234-59447c271b0e/fetchFileTemp8358300161577773126.tmp
[2025-10-29T09:20:16.910+0000] {spark_submit.py:491} INFO - 25/10/29 09:20:16 INFO Executor: Adding file:/tmp/spark-d89b045b-f532-49ce-9521-0de2289dfaa0/userFiles-087130b8-7bd9-4214-b234-59447c271b0e/hadoop-aws-3.3.4.jar to class loader default
[2025-10-29T09:20:16.916+0000] {spark_submit.py:491} INFO - 25/10/29 09:20:16 INFO Utils: Successfully started service 'org.apache.spark.network.netty.NettyBlockTransferService' on port 33545.
[2025-10-29T09:20:16.916+0000] {spark_submit.py:491} INFO - 25/10/29 09:20:16 INFO NettyBlockTransferService: Server created on 11a5c523951d:33545
[2025-10-29T09:20:16.918+0000] {spark_submit.py:491} INFO - 25/10/29 09:20:16 INFO BlockManager: Using org.apache.spark.storage.RandomBlockReplicationPolicy for block replication policy
[2025-10-29T09:20:16.922+0000] {spark_submit.py:491} INFO - 25/10/29 09:20:16 INFO BlockManagerMaster: Registering BlockManager BlockManagerId(driver, 11a5c523951d, 33545, None)
[2025-10-29T09:20:16.924+0000] {spark_submit.py:491} INFO - 25/10/29 09:20:16 INFO BlockManagerMasterEndpoint: Registering block manager 11a5c523951d:33545 with 434.4 MiB RAM, BlockManagerId(driver, 11a5c523951d, 33545, None)
[2025-10-29T09:20:16.925+0000] {spark_submit.py:491} INFO - 25/10/29 09:20:16 INFO BlockManagerMaster: Registered BlockManager BlockManagerId(driver, 11a5c523951d, 33545, None)
[2025-10-29T09:20:16.929+0000] {spark_submit.py:491} INFO - 25/10/29 09:20:16 INFO BlockManager: Initialized BlockManager: BlockManagerId(driver, 11a5c523951d, 33545, None)
[2025-10-29T09:20:18.468+0000] {spark_submit.py:491} INFO - 25/10/29 09:20:18 WARN MetricsConfig: Cannot locate configuration: tried hadoop-metrics2-s3a-file-system.properties,hadoop-metrics2.properties
[2025-10-29T09:20:19.327+0000] {spark_submit.py:491} INFO - Created/verified taxi zones table
[2025-10-29T09:20:19.327+0000] {spark_submit.py:491} INFO - Reading location data from: /opt/***/data/locations/nyc_taxi_zones.json
[2025-10-29T09:20:20.932+0000] {spark_submit.py:491} INFO - Raw location data count: 16
[2025-10-29T09:20:20.934+0000] {spark_submit.py:491} INFO - root
[2025-10-29T09:20:20.934+0000] {spark_submit.py:491} INFO - |-- borough: string (nullable = true)
[2025-10-29T09:20:20.935+0000] {spark_submit.py:491} INFO - |-- created_at: string (nullable = true)
[2025-10-29T09:20:20.935+0000] {spark_submit.py:491} INFO - |-- is_business_district: boolean (nullable = true)
[2025-10-29T09:20:20.935+0000] {spark_submit.py:491} INFO - |-- is_tourist_area: boolean (nullable = true)
[2025-10-29T09:20:20.935+0000] {spark_submit.py:491} INFO - |-- lat: double (nullable = true)
[2025-10-29T09:20:20.935+0000] {spark_submit.py:491} INFO - |-- location_id: long (nullable = true)
[2025-10-29T09:20:20.935+0000] {spark_submit.py:491} INFO - |-- lon: double (nullable = true)
[2025-10-29T09:20:20.935+0000] {spark_submit.py:491} INFO - |-- zone: string (nullable = true)
[2025-10-29T09:20:20.935+0000] {spark_submit.py:491} INFO - |-- zone_type: string (nullable = true)
[2025-10-29T09:20:20.935+0000] {spark_submit.py:491} INFO - 
[2025-10-29T09:20:21.143+0000] {spark_submit.py:491} INFO - Processed location data count: 16
[2025-10-29T09:20:22.555+0000] {spark_submit.py:491} INFO - Successfully wrote location data to Iceberg table
[2025-10-29T09:20:23.900+0000] {spark_submit.py:491} INFO - +---------+----------+-------------+--------------+
[2025-10-29T09:20:23.900+0000] {spark_submit.py:491} INFO - |  borough|zone_count|tourist_zones|business_zones|
[2025-10-29T09:20:23.900+0000] {spark_submit.py:491} INFO - +---------+----------+-------------+--------------+
[2025-10-29T09:20:23.900+0000] {spark_submit.py:491} INFO - |Manhattan|        13|            4|             3|
[2025-10-29T09:20:23.901+0000] {spark_submit.py:491} INFO - |   Queens|         2|            0|             0|
[2025-10-29T09:20:23.901+0000] {spark_submit.py:491} INFO - | Brooklyn|         1|            0|             0|
[2025-10-29T09:20:23.901+0000] {spark_submit.py:491} INFO - +---------+----------+-------------+--------------+
[2025-10-29T09:20:23.901+0000] {spark_submit.py:491} INFO - 
[2025-10-29T09:20:23.901+0000] {spark_submit.py:491} INFO - Location ETL job completed successfully!
[2025-10-29T09:20:24.495+0000] {taskinstance.py:1398} INFO - Marking task as SUCCESS. dag_id=nyc_weather_etl, task_id=spark_process_location_to_iceberg, execution_date=20251029T082010, start_date=20251029T092014, end_date=20251029T092024
[2025-10-29T09:20:24.526+0000] {local_task_job_runner.py:228} INFO - Task exited with return code 0
[2025-10-29T09:20:24.535+0000] {taskinstance.py:2776} INFO - 0 downstream tasks scheduled from follow-on schedule check
