[2025-10-08T12:55:00.472+0000] {taskinstance.py:1157} INFO - Dependencies all met for dep_context=non-requeueable deps ti=<TaskInstance: nyc_weather_etl.spark_process_weather_to_iceberg manual__2025-10-08T12:54:57.534211+00:00 [queued]>
[2025-10-08T12:55:00.476+0000] {taskinstance.py:1157} INFO - Dependencies all met for dep_context=requeueable deps ti=<TaskInstance: nyc_weather_etl.spark_process_weather_to_iceberg manual__2025-10-08T12:54:57.534211+00:00 [queued]>
[2025-10-08T12:55:00.476+0000] {taskinstance.py:1359} INFO - Starting attempt 1 of 1
[2025-10-08T12:55:00.537+0000] {taskinstance.py:1380} INFO - Executing <Task(SparkSubmitOperator): spark_process_weather_to_iceberg> on 2025-10-08 12:54:57.534211+00:00
[2025-10-08T12:55:00.539+0000] {standard_task_runner.py:57} INFO - Started process 10551 to run task
[2025-10-08T12:55:00.541+0000] {standard_task_runner.py:84} INFO - Running: ['***', 'tasks', 'run', 'nyc_weather_etl', 'spark_process_weather_to_iceberg', 'manual__2025-10-08T12:54:57.534211+00:00', '--job-id', '373', '--raw', '--subdir', 'DAGS_FOLDER/nyc_weather_etl.py', '--cfg-path', '/tmp/tmpa1_yjqve']
[2025-10-08T12:55:00.545+0000] {standard_task_runner.py:85} INFO - Job 373: Subtask spark_process_weather_to_iceberg
[2025-10-08T12:55:00.570+0000] {task_command.py:415} INFO - Running <TaskInstance: nyc_weather_etl.spark_process_weather_to_iceberg manual__2025-10-08T12:54:57.534211+00:00 [running]> on host b40be2a595bb
[2025-10-08T12:55:00.609+0000] {taskinstance.py:1660} INFO - Exporting env vars: AIRFLOW_CTX_DAG_OWNER='data-engineering' AIRFLOW_CTX_DAG_ID='nyc_weather_etl' AIRFLOW_CTX_TASK_ID='spark_process_weather_to_iceberg' AIRFLOW_CTX_EXECUTION_DATE='2025-10-08T12:54:57.534211+00:00' AIRFLOW_CTX_TRY_NUMBER='1' AIRFLOW_CTX_DAG_RUN_ID='manual__2025-10-08T12:54:57.534211+00:00'
[2025-10-08T12:55:00.614+0000] {base.py:73} INFO - Using connection ID 'spark_default' for task execution.
[2025-10-08T12:55:00.615+0000] {spark_submit.py:340} INFO - Spark-Submit cmd: /opt/bitnami/spark/bin/spark-submit --master spark://spark-master:7077 --conf spark.master=spark://spark-master:7077 --conf spark.sql.catalog.spark_catalog=org.apache.iceberg.spark.SparkSessionCatalog --conf spark.sql.catalog.spark_catalog.type=hive --conf spark.sql.catalog.iceberg=org.apache.iceberg.spark.SparkCatalog --conf spark.sql.catalog.iceberg.type=hadoop --conf spark.sql.catalog.iceberg.warehouse=s3a://lakehouse/warehouse --conf spark.sql.extensions=org.apache.iceberg.spark.extensions.IcebergSparkSessionExtensions --conf spark.hadoop.fs.s3a.endpoint=http://minio:9000 --conf spark.hadoop.fs.s3a.access.key=admin --conf spark.hadoop.fs.s3a.secret.key=****** --conf spark.hadoop.fs.s3a.path.style.access=true --conf spark.hadoop.fs.s3a.impl=org.apache.hadoop.fs.s3a.S3AFileSystem --jars /opt/***/jars/iceberg-spark-runtime-3.5_2.12-1.4.2.jar,/opt/***/jars/aws-java-sdk-bundle-1.12.367.jar,/opt/***/jars/hadoop-aws-3.3.4.jar --name arrow-spark --queue default /opt/***/dags/spark_jobs/weather_to_iceberg.py /opt/***/data/weather/weather_data_20251008_07.json
[2025-10-08T12:55:01.479+0000] {spark_submit.py:491} INFO - 25/10/08 12:55:01 WARN NativeCodeLoader: Unable to load native-hadoop library for your platform... using builtin-java classes where applicable
[2025-10-08T12:55:02.039+0000] {spark_submit.py:491} INFO - 25/10/08 12:55:02 INFO SparkContext: Running Spark version 3.5.1
[2025-10-08T12:55:02.042+0000] {spark_submit.py:491} INFO - 25/10/08 12:55:02 INFO SparkContext: OS info Linux, 6.10.14-linuxkit, aarch64
[2025-10-08T12:55:02.044+0000] {spark_submit.py:491} INFO - 25/10/08 12:55:02 INFO SparkContext: Java version 11.0.28
[2025-10-08T12:55:02.051+0000] {spark_submit.py:491} INFO - 25/10/08 12:55:02 INFO ResourceUtils: ==============================================================
[2025-10-08T12:55:02.051+0000] {spark_submit.py:491} INFO - 25/10/08 12:55:02 INFO ResourceUtils: No custom resources configured for spark.driver.
[2025-10-08T12:55:02.051+0000] {spark_submit.py:491} INFO - 25/10/08 12:55:02 INFO ResourceUtils: ==============================================================
[2025-10-08T12:55:02.051+0000] {spark_submit.py:491} INFO - 25/10/08 12:55:02 INFO SparkContext: Submitted application: Weather to Iceberg ETL
[2025-10-08T12:55:02.059+0000] {spark_submit.py:491} INFO - 25/10/08 12:55:02 INFO ResourceProfile: Default ResourceProfile created, executor resources: Map(cores -> name: cores, amount: 1, script: , vendor: , memory -> name: memory, amount: 1024, script: , vendor: , offHeap -> name: offHeap, amount: 0, script: , vendor: ), task resources: Map(cpus -> name: cpus, amount: 1.0)
[2025-10-08T12:55:02.064+0000] {spark_submit.py:491} INFO - 25/10/08 12:55:02 INFO ResourceProfile: Limiting resource is cpu
[2025-10-08T12:55:02.064+0000] {spark_submit.py:491} INFO - 25/10/08 12:55:02 INFO ResourceProfileManager: Added ResourceProfile id: 0
[2025-10-08T12:55:02.090+0000] {spark_submit.py:491} INFO - 25/10/08 12:55:02 INFO SecurityManager: Changing view acls to: ***
[2025-10-08T12:55:02.090+0000] {spark_submit.py:491} INFO - 25/10/08 12:55:02 INFO SecurityManager: Changing modify acls to: ***
[2025-10-08T12:55:02.090+0000] {spark_submit.py:491} INFO - 25/10/08 12:55:02 INFO SecurityManager: Changing view acls groups to:
[2025-10-08T12:55:02.090+0000] {spark_submit.py:491} INFO - 25/10/08 12:55:02 INFO SecurityManager: Changing modify acls groups to:
[2025-10-08T12:55:02.090+0000] {spark_submit.py:491} INFO - 25/10/08 12:55:02 INFO SecurityManager: SecurityManager: authentication disabled; ui acls disabled; users with view permissions: ***; groups with view permissions: EMPTY; users with modify permissions: ***; groups with modify permissions: EMPTY
[2025-10-08T12:55:02.182+0000] {spark_submit.py:491} INFO - 25/10/08 12:55:02 INFO Utils: Successfully started service 'sparkDriver' on port 38841.
[2025-10-08T12:55:02.194+0000] {spark_submit.py:491} INFO - 25/10/08 12:55:02 INFO SparkEnv: Registering MapOutputTracker
[2025-10-08T12:55:02.208+0000] {spark_submit.py:491} INFO - 25/10/08 12:55:02 INFO SparkEnv: Registering BlockManagerMaster
[2025-10-08T12:55:02.217+0000] {spark_submit.py:491} INFO - 25/10/08 12:55:02 INFO BlockManagerMasterEndpoint: Using org.apache.spark.storage.DefaultTopologyMapper for getting topology information
[2025-10-08T12:55:02.218+0000] {spark_submit.py:491} INFO - 25/10/08 12:55:02 INFO BlockManagerMasterEndpoint: BlockManagerMasterEndpoint up
[2025-10-08T12:55:02.218+0000] {spark_submit.py:491} INFO - 25/10/08 12:55:02 INFO SparkEnv: Registering BlockManagerMasterHeartbeat
[2025-10-08T12:55:02.227+0000] {spark_submit.py:491} INFO - 25/10/08 12:55:02 INFO DiskBlockManager: Created local directory at /tmp/blockmgr-bf3b8c22-dcd0-4a9d-8668-df2bc275f961
[2025-10-08T12:55:02.232+0000] {spark_submit.py:491} INFO - 25/10/08 12:55:02 INFO MemoryStore: MemoryStore started with capacity 434.4 MiB
[2025-10-08T12:55:02.238+0000] {spark_submit.py:491} INFO - 25/10/08 12:55:02 INFO SparkEnv: Registering OutputCommitCoordinator
[2025-10-08T12:55:02.284+0000] {spark_submit.py:491} INFO - 25/10/08 12:55:02 INFO JettyUtils: Start Jetty 0.0.0.0:4040 for SparkUI
[2025-10-08T12:55:02.303+0000] {spark_submit.py:491} INFO - 25/10/08 12:55:02 INFO Utils: Successfully started service 'SparkUI' on port 4040.
[2025-10-08T12:55:02.317+0000] {spark_submit.py:491} INFO - 25/10/08 12:55:02 INFO SparkContext: Added JAR file:///opt/***/jars/iceberg-spark-runtime-3.5_2.12-1.4.2.jar at spark://b40be2a595bb:38841/jars/iceberg-spark-runtime-3.5_2.12-1.4.2.jar with timestamp 1759928102036
[2025-10-08T12:55:02.317+0000] {spark_submit.py:491} INFO - 25/10/08 12:55:02 INFO SparkContext: Added JAR file:///opt/***/jars/aws-java-sdk-bundle-1.12.367.jar at spark://b40be2a595bb:38841/jars/aws-java-sdk-bundle-1.12.367.jar with timestamp 1759928102036
[2025-10-08T12:55:02.317+0000] {spark_submit.py:491} INFO - 25/10/08 12:55:02 INFO SparkContext: Added JAR file:///opt/***/jars/hadoop-aws-3.3.4.jar at spark://b40be2a595bb:38841/jars/hadoop-aws-3.3.4.jar with timestamp 1759928102036
[2025-10-08T12:55:02.342+0000] {spark_submit.py:491} INFO - 25/10/08 12:55:02 INFO Executor: Starting executor ID driver on host b40be2a595bb
[2025-10-08T12:55:02.343+0000] {spark_submit.py:491} INFO - 25/10/08 12:55:02 INFO Executor: OS info Linux, 6.10.14-linuxkit, aarch64
[2025-10-08T12:55:02.343+0000] {spark_submit.py:491} INFO - 25/10/08 12:55:02 INFO Executor: Java version 11.0.28
[2025-10-08T12:55:02.345+0000] {spark_submit.py:491} INFO - 25/10/08 12:55:02 INFO Executor: Starting executor with user classpath (userClassPathFirst = false): ''
[2025-10-08T12:55:02.345+0000] {spark_submit.py:491} INFO - 25/10/08 12:55:02 INFO Executor: Created or updated repl class loader org.apache.spark.util.MutableURLClassLoader@440dfedf for default.
[2025-10-08T12:55:02.354+0000] {spark_submit.py:491} INFO - 25/10/08 12:55:02 INFO Executor: Fetching spark://b40be2a595bb:38841/jars/iceberg-spark-runtime-3.5_2.12-1.4.2.jar with timestamp 1759928102036
[2025-10-08T12:55:02.376+0000] {spark_submit.py:491} INFO - 25/10/08 12:55:02 INFO TransportClientFactory: Successfully created connection to b40be2a595bb/172.18.0.15:38841 after 10 ms (0 ms spent in bootstraps)
[2025-10-08T12:55:02.378+0000] {spark_submit.py:491} INFO - 25/10/08 12:55:02 INFO Utils: Fetching spark://b40be2a595bb:38841/jars/iceberg-spark-runtime-3.5_2.12-1.4.2.jar to /tmp/spark-91c6368c-b823-412c-894c-aefb064ec918/userFiles-23275ac3-60b4-4bdb-af2d-87316fedef6b/fetchFileTemp8200467637281698408.tmp
[2025-10-08T12:55:02.446+0000] {spark_submit.py:491} INFO - 25/10/08 12:55:02 INFO Executor: Adding file:/tmp/spark-91c6368c-b823-412c-894c-aefb064ec918/userFiles-23275ac3-60b4-4bdb-af2d-87316fedef6b/iceberg-spark-runtime-3.5_2.12-1.4.2.jar to class loader default
[2025-10-08T12:55:02.446+0000] {spark_submit.py:491} INFO - 25/10/08 12:55:02 INFO Executor: Fetching spark://b40be2a595bb:38841/jars/hadoop-aws-3.3.4.jar with timestamp 1759928102036
[2025-10-08T12:55:02.446+0000] {spark_submit.py:491} INFO - 25/10/08 12:55:02 INFO Utils: Fetching spark://b40be2a595bb:38841/jars/hadoop-aws-3.3.4.jar to /tmp/spark-91c6368c-b823-412c-894c-aefb064ec918/userFiles-23275ac3-60b4-4bdb-af2d-87316fedef6b/fetchFileTemp2734709827929661817.tmp
[2025-10-08T12:55:02.451+0000] {spark_submit.py:491} INFO - 25/10/08 12:55:02 INFO Executor: Adding file:/tmp/spark-91c6368c-b823-412c-894c-aefb064ec918/userFiles-23275ac3-60b4-4bdb-af2d-87316fedef6b/hadoop-aws-3.3.4.jar to class loader default
[2025-10-08T12:55:02.451+0000] {spark_submit.py:491} INFO - 25/10/08 12:55:02 INFO Executor: Fetching spark://b40be2a595bb:38841/jars/aws-java-sdk-bundle-1.12.367.jar with timestamp 1759928102036
[2025-10-08T12:55:02.451+0000] {spark_submit.py:491} INFO - 25/10/08 12:55:02 INFO Utils: Fetching spark://b40be2a595bb:38841/jars/aws-java-sdk-bundle-1.12.367.jar to /tmp/spark-91c6368c-b823-412c-894c-aefb064ec918/userFiles-23275ac3-60b4-4bdb-af2d-87316fedef6b/fetchFileTemp5116050271912412158.tmp
[2025-10-08T12:55:02.815+0000] {spark_submit.py:491} INFO - 25/10/08 12:55:02 INFO Executor: Adding file:/tmp/spark-91c6368c-b823-412c-894c-aefb064ec918/userFiles-23275ac3-60b4-4bdb-af2d-87316fedef6b/aws-java-sdk-bundle-1.12.367.jar to class loader default
[2025-10-08T12:55:02.822+0000] {spark_submit.py:491} INFO - 25/10/08 12:55:02 INFO Utils: Successfully started service 'org.apache.spark.network.netty.NettyBlockTransferService' on port 37917.
[2025-10-08T12:55:02.822+0000] {spark_submit.py:491} INFO - 25/10/08 12:55:02 INFO NettyBlockTransferService: Server created on b40be2a595bb:37917
[2025-10-08T12:55:02.822+0000] {spark_submit.py:491} INFO - 25/10/08 12:55:02 INFO BlockManager: Using org.apache.spark.storage.RandomBlockReplicationPolicy for block replication policy
[2025-10-08T12:55:02.825+0000] {spark_submit.py:491} INFO - 25/10/08 12:55:02 INFO BlockManagerMaster: Registering BlockManager BlockManagerId(driver, b40be2a595bb, 37917, None)
[2025-10-08T12:55:02.827+0000] {spark_submit.py:491} INFO - 25/10/08 12:55:02 INFO BlockManagerMasterEndpoint: Registering block manager b40be2a595bb:37917 with 434.4 MiB RAM, BlockManagerId(driver, b40be2a595bb, 37917, None)
[2025-10-08T12:55:02.829+0000] {spark_submit.py:491} INFO - 25/10/08 12:55:02 INFO BlockManagerMaster: Registered BlockManager BlockManagerId(driver, b40be2a595bb, 37917, None)
[2025-10-08T12:55:02.830+0000] {spark_submit.py:491} INFO - 25/10/08 12:55:02 INFO BlockManager: Initialized BlockManager: BlockManagerId(driver, b40be2a595bb, 37917, None)
[2025-10-08T12:55:04.144+0000] {spark_submit.py:491} INFO - 25/10/08 12:55:04 WARN MetricsConfig: Cannot locate configuration: tried hadoop-metrics2-s3a-file-system.properties,hadoop-metrics2.properties
[2025-10-08T12:55:04.729+0000] {spark_submit.py:491} INFO - Created/verified weather table
[2025-10-08T12:55:04.730+0000] {spark_submit.py:491} INFO - Reading weather data from: /opt/***/data/weather/weather_data_20251008_07.json
[2025-10-08T12:55:04.853+0000] {spark_submit.py:491} INFO - Error in weather ETL job: [CANNOT_MERGE_TYPE] Can not merge type `LongType` and `DoubleType`.
[2025-10-08T12:55:04.923+0000] {spark_submit.py:491} INFO - Traceback (most recent call last):
[2025-10-08T12:55:04.923+0000] {spark_submit.py:491} INFO - File "/opt/***/dags/spark_jobs/weather_to_iceberg.py", line 151, in <module>
[2025-10-08T12:55:04.923+0000] {spark_submit.py:491} INFO - main()
[2025-10-08T12:55:04.923+0000] {spark_submit.py:491} INFO - File "/opt/***/dags/spark_jobs/weather_to_iceberg.py", line 140, in main
[2025-10-08T12:55:04.923+0000] {spark_submit.py:491} INFO - process_weather_data(spark, input_path)
[2025-10-08T12:55:04.923+0000] {spark_submit.py:491} INFO - File "/opt/***/dags/spark_jobs/weather_to_iceberg.py", line 86, in process_weather_data
[2025-10-08T12:55:04.924+0000] {spark_submit.py:491} INFO - df = spark.createDataFrame(weather_data)
[2025-10-08T12:55:04.924+0000] {spark_submit.py:491} INFO - File "/opt/bitnami/spark/python/lib/pyspark.zip/pyspark/sql/session.py", line 1443, in createDataFrame
[2025-10-08T12:55:04.924+0000] {spark_submit.py:491} INFO - File "/opt/bitnami/spark/python/lib/pyspark.zip/pyspark/sql/session.py", line 1485, in _create_dataframe
[2025-10-08T12:55:04.924+0000] {spark_submit.py:491} INFO - File "/opt/bitnami/spark/python/lib/pyspark.zip/pyspark/sql/session.py", line 1093, in _createFromLocal
[2025-10-08T12:55:04.924+0000] {spark_submit.py:491} INFO - File "/opt/bitnami/spark/python/lib/pyspark.zip/pyspark/sql/session.py", line 955, in _inferSchemaFromList
[2025-10-08T12:55:04.924+0000] {spark_submit.py:491} INFO - File "/opt/bitnami/spark/python/lib/pyspark.zip/pyspark/sql/types.py", line 1787, in _merge_type
[2025-10-08T12:55:04.924+0000] {spark_submit.py:491} INFO - File "/opt/bitnami/spark/python/lib/pyspark.zip/pyspark/sql/types.py", line 1789, in <listcomp>
[2025-10-08T12:55:04.924+0000] {spark_submit.py:491} INFO - File "/opt/bitnami/spark/python/lib/pyspark.zip/pyspark/sql/types.py", line 1779, in _merge_type
[2025-10-08T12:55:04.924+0000] {spark_submit.py:491} INFO - pyspark.errors.exceptions.base.PySparkTypeError: [CANNOT_MERGE_TYPE] Can not merge type `LongType` and `DoubleType`.
[2025-10-08T12:55:04.998+0000] {taskinstance.py:1935} ERROR - Task failed with exception
Traceback (most recent call last):
  File "/home/airflow/.local/lib/python3.8/site-packages/airflow/providers/apache/spark/operators/spark_submit.py", line 156, in execute
    self._hook.submit(self._application)
  File "/home/airflow/.local/lib/python3.8/site-packages/airflow/providers/apache/spark/hooks/spark_submit.py", line 422, in submit
    raise AirflowException(
airflow.exceptions.AirflowException: Cannot execute: /opt/bitnami/spark/bin/spark-submit --master spark://spark-master:7077 --conf spark.master=spark://spark-master:7077 --conf spark.sql.catalog.spark_catalog=org.apache.iceberg.spark.SparkSessionCatalog --conf spark.sql.catalog.spark_catalog.type=hive --conf spark.sql.catalog.iceberg=org.apache.iceberg.spark.SparkCatalog --conf spark.sql.catalog.iceberg.type=hadoop --conf spark.sql.catalog.iceberg.warehouse=s3a://lakehouse/warehouse --conf spark.sql.extensions=org.apache.iceberg.spark.extensions.IcebergSparkSessionExtensions --conf spark.hadoop.fs.s3a.endpoint=http://minio:9000 --conf spark.hadoop.fs.s3a.access.key=admin --conf spark.hadoop.fs.s3a.secret.key=****** --conf spark.hadoop.fs.s3a.path.style.access=true --conf spark.hadoop.fs.s3a.impl=org.apache.hadoop.fs.s3a.S3AFileSystem --jars /opt/***/jars/iceberg-spark-runtime-3.5_2.12-1.4.2.jar,/opt/***/jars/aws-java-sdk-bundle-1.12.367.jar,/opt/***/jars/hadoop-aws-3.3.4.jar --name arrow-spark --queue default /opt/***/dags/spark_jobs/weather_to_iceberg.py /opt/***/data/weather/weather_data_20251008_07.json. Error code is: 1.
[2025-10-08T12:55:05.001+0000] {taskinstance.py:1398} INFO - Marking task as FAILED. dag_id=nyc_weather_etl, task_id=spark_process_weather_to_iceberg, execution_date=20251008T125457, start_date=20251008T125500, end_date=20251008T125505
[2025-10-08T12:55:05.007+0000] {standard_task_runner.py:104} ERROR - Failed to execute job 373 for task spark_process_weather_to_iceberg (Cannot execute: /opt/bitnami/spark/bin/spark-submit --master spark://spark-master:7077 --conf spark.master=spark://spark-master:7077 --conf spark.sql.catalog.spark_catalog=org.apache.iceberg.spark.SparkSessionCatalog --conf spark.sql.catalog.spark_catalog.type=hive --conf spark.sql.catalog.iceberg=org.apache.iceberg.spark.SparkCatalog --conf spark.sql.catalog.iceberg.type=hadoop --conf spark.sql.catalog.iceberg.warehouse=s3a://lakehouse/warehouse --conf spark.sql.extensions=org.apache.iceberg.spark.extensions.IcebergSparkSessionExtensions --conf spark.hadoop.fs.s3a.endpoint=http://minio:9000 --conf spark.hadoop.fs.s3a.access.key=admin --conf spark.hadoop.fs.s3a.secret.key=****** --conf spark.hadoop.fs.s3a.path.style.access=true --conf spark.hadoop.fs.s3a.impl=org.apache.hadoop.fs.s3a.S3AFileSystem --jars /opt/***/jars/iceberg-spark-runtime-3.5_2.12-1.4.2.jar,/opt/***/jars/aws-java-sdk-bundle-1.12.367.jar,/opt/***/jars/hadoop-aws-3.3.4.jar --name arrow-spark --queue default /opt/***/dags/spark_jobs/weather_to_iceberg.py /opt/***/data/weather/weather_data_20251008_07.json. Error code is: 1.; 10551)
[2025-10-08T12:55:05.039+0000] {local_task_job_runner.py:228} INFO - Task exited with return code 1
[2025-10-08T12:55:05.052+0000] {taskinstance.py:2776} INFO - 0 downstream tasks scheduled from follow-on schedule check
