[2025-10-29T12:20:13.739+0000] {taskinstance.py:1157} INFO - Dependencies all met for dep_context=non-requeueable deps ti=<TaskInstance: nyc_weather_etl.spark_process_weather_to_iceberg scheduled__2025-10-29T11:20:10.843578+00:00 [queued]>
[2025-10-29T12:20:13.742+0000] {taskinstance.py:1157} INFO - Dependencies all met for dep_context=requeueable deps ti=<TaskInstance: nyc_weather_etl.spark_process_weather_to_iceberg scheduled__2025-10-29T11:20:10.843578+00:00 [queued]>
[2025-10-29T12:20:13.742+0000] {taskinstance.py:1359} INFO - Starting attempt 1 of 1
[2025-10-29T12:20:13.801+0000] {taskinstance.py:1380} INFO - Executing <Task(SparkSubmitOperator): spark_process_weather_to_iceberg> on 2025-10-29 11:20:10.843578+00:00
[2025-10-29T12:20:13.805+0000] {standard_task_runner.py:57} INFO - Started process 36744 to run task
[2025-10-29T12:20:13.806+0000] {standard_task_runner.py:84} INFO - Running: ['***', 'tasks', 'run', 'nyc_weather_etl', 'spark_process_weather_to_iceberg', 'scheduled__2025-10-29T11:20:10.843578+00:00', '--job-id', '61', '--raw', '--subdir', 'DAGS_FOLDER/nyc_weather_etl.py', '--cfg-path', '/tmp/tmpyhd3xfr4']
[2025-10-29T12:20:13.808+0000] {standard_task_runner.py:85} INFO - Job 61: Subtask spark_process_weather_to_iceberg
[2025-10-29T12:20:13.830+0000] {task_command.py:415} INFO - Running <TaskInstance: nyc_weather_etl.spark_process_weather_to_iceberg scheduled__2025-10-29T11:20:10.843578+00:00 [running]> on host 11a5c523951d
[2025-10-29T12:20:13.868+0000] {taskinstance.py:1660} INFO - Exporting env vars: AIRFLOW_CTX_DAG_OWNER='data-engineering' AIRFLOW_CTX_DAG_ID='nyc_weather_etl' AIRFLOW_CTX_TASK_ID='spark_process_weather_to_iceberg' AIRFLOW_CTX_EXECUTION_DATE='2025-10-29T11:20:10.843578+00:00' AIRFLOW_CTX_TRY_NUMBER='1' AIRFLOW_CTX_DAG_RUN_ID='scheduled__2025-10-29T11:20:10.843578+00:00'
[2025-10-29T12:20:13.869+0000] {base.py:73} INFO - Using connection ID 'spark_default' for task execution.
[2025-10-29T12:20:13.871+0000] {spark_submit.py:340} INFO - Spark-Submit cmd: /opt/bitnami/spark/bin/spark-submit --master spark-master:7077 --conf spark.master=spark://spark-master:7077 --conf spark.sql.catalog.spark_catalog=org.apache.iceberg.spark.SparkSessionCatalog --conf spark.sql.catalog.spark_catalog.type=hive --conf spark.sql.catalog.iceberg=org.apache.iceberg.spark.SparkCatalog --conf spark.sql.catalog.iceberg.type=hadoop --conf spark.sql.catalog.iceberg.warehouse=s3a://lakehouse/warehouse --conf spark.sql.extensions=org.apache.iceberg.spark.extensions.IcebergSparkSessionExtensions --conf spark.hadoop.fs.s3a.endpoint=http://minio:9000 --conf spark.hadoop.fs.s3a.access.key=admin --conf spark.hadoop.fs.s3a.secret.key=****** --conf spark.hadoop.fs.s3a.path.style.access=true --conf spark.hadoop.fs.s3a.impl=org.apache.hadoop.fs.s3a.S3AFileSystem --jars /opt/***/jars/iceberg-spark-runtime-3.5_2.12-1.4.2.jar,/opt/***/jars/aws-java-sdk-bundle-1.12.367.jar,/opt/***/jars/hadoop-aws-3.3.4.jar --name arrow-spark /opt/***/dags/spark_jobs/weather_to_iceberg.py /opt/***/data/weather/weather_data_20251029_12.json
[2025-10-29T12:20:14.798+0000] {spark_submit.py:491} INFO - 25/10/29 12:20:14 WARN NativeCodeLoader: Unable to load native-hadoop library for your platform... using builtin-java classes where applicable
[2025-10-29T12:20:15.553+0000] {spark_submit.py:491} INFO - 25/10/29 12:20:15 INFO SparkContext: Running Spark version 3.5.1
[2025-10-29T12:20:15.553+0000] {spark_submit.py:491} INFO - 25/10/29 12:20:15 INFO SparkContext: OS info Linux, 6.10.14-linuxkit, aarch64
[2025-10-29T12:20:15.553+0000] {spark_submit.py:491} INFO - 25/10/29 12:20:15 INFO SparkContext: Java version 11.0.28
[2025-10-29T12:20:15.567+0000] {spark_submit.py:491} INFO - 25/10/29 12:20:15 INFO ResourceUtils: ==============================================================
[2025-10-29T12:20:15.567+0000] {spark_submit.py:491} INFO - 25/10/29 12:20:15 INFO ResourceUtils: No custom resources configured for spark.driver.
[2025-10-29T12:20:15.567+0000] {spark_submit.py:491} INFO - 25/10/29 12:20:15 INFO ResourceUtils: ==============================================================
[2025-10-29T12:20:15.567+0000] {spark_submit.py:491} INFO - 25/10/29 12:20:15 INFO SparkContext: Submitted application: Weather to Iceberg ETL
[2025-10-29T12:20:15.575+0000] {spark_submit.py:491} INFO - 25/10/29 12:20:15 INFO ResourceProfile: Default ResourceProfile created, executor resources: Map(cores -> name: cores, amount: 1, script: , vendor: , memory -> name: memory, amount: 1024, script: , vendor: , offHeap -> name: offHeap, amount: 0, script: , vendor: ), task resources: Map(cpus -> name: cpus, amount: 1.0)
[2025-10-29T12:20:15.580+0000] {spark_submit.py:491} INFO - 25/10/29 12:20:15 INFO ResourceProfile: Limiting resource is cpu
[2025-10-29T12:20:15.580+0000] {spark_submit.py:491} INFO - 25/10/29 12:20:15 INFO ResourceProfileManager: Added ResourceProfile id: 0
[2025-10-29T12:20:15.611+0000] {spark_submit.py:491} INFO - 25/10/29 12:20:15 INFO SecurityManager: Changing view acls to: ***
[2025-10-29T12:20:15.612+0000] {spark_submit.py:491} INFO - 25/10/29 12:20:15 INFO SecurityManager: Changing modify acls to: ***
[2025-10-29T12:20:15.612+0000] {spark_submit.py:491} INFO - 25/10/29 12:20:15 INFO SecurityManager: Changing view acls groups to:
[2025-10-29T12:20:15.612+0000] {spark_submit.py:491} INFO - 25/10/29 12:20:15 INFO SecurityManager: Changing modify acls groups to:
[2025-10-29T12:20:15.612+0000] {spark_submit.py:491} INFO - 25/10/29 12:20:15 INFO SecurityManager: SecurityManager: authentication disabled; ui acls disabled; users with view permissions: ***; groups with view permissions: EMPTY; users with modify permissions: ***; groups with modify permissions: EMPTY
[2025-10-29T12:20:15.725+0000] {spark_submit.py:491} INFO - 25/10/29 12:20:15 INFO Utils: Successfully started service 'sparkDriver' on port 45649.
[2025-10-29T12:20:15.739+0000] {spark_submit.py:491} INFO - 25/10/29 12:20:15 INFO SparkEnv: Registering MapOutputTracker
[2025-10-29T12:20:15.751+0000] {spark_submit.py:491} INFO - 25/10/29 12:20:15 INFO SparkEnv: Registering BlockManagerMaster
[2025-10-29T12:20:15.761+0000] {spark_submit.py:491} INFO - 25/10/29 12:20:15 INFO BlockManagerMasterEndpoint: Using org.apache.spark.storage.DefaultTopologyMapper for getting topology information
[2025-10-29T12:20:15.761+0000] {spark_submit.py:491} INFO - 25/10/29 12:20:15 INFO BlockManagerMasterEndpoint: BlockManagerMasterEndpoint up
[2025-10-29T12:20:15.762+0000] {spark_submit.py:491} INFO - 25/10/29 12:20:15 INFO SparkEnv: Registering BlockManagerMasterHeartbeat
[2025-10-29T12:20:15.772+0000] {spark_submit.py:491} INFO - 25/10/29 12:20:15 INFO DiskBlockManager: Created local directory at /tmp/blockmgr-440a81b8-de8d-4950-8e05-dd4f56534198
[2025-10-29T12:20:15.778+0000] {spark_submit.py:491} INFO - 25/10/29 12:20:15 INFO MemoryStore: MemoryStore started with capacity 434.4 MiB
[2025-10-29T12:20:15.784+0000] {spark_submit.py:491} INFO - 25/10/29 12:20:15 INFO SparkEnv: Registering OutputCommitCoordinator
[2025-10-29T12:20:15.841+0000] {spark_submit.py:491} INFO - 25/10/29 12:20:15 INFO JettyUtils: Start Jetty 0.0.0.0:4040 for SparkUI
[2025-10-29T12:20:15.864+0000] {spark_submit.py:491} INFO - 25/10/29 12:20:15 WARN Utils: Service 'SparkUI' could not bind on port 4040. Attempting port 4041.
[2025-10-29T12:20:15.868+0000] {spark_submit.py:491} INFO - 25/10/29 12:20:15 INFO Utils: Successfully started service 'SparkUI' on port 4041.
[2025-10-29T12:20:15.884+0000] {spark_submit.py:491} INFO - 25/10/29 12:20:15 INFO SparkContext: Added JAR file:///opt/***/jars/iceberg-spark-runtime-3.5_2.12-1.4.2.jar at spark://11a5c523951d:45649/jars/iceberg-spark-runtime-3.5_2.12-1.4.2.jar with timestamp 1761740415546
[2025-10-29T12:20:15.884+0000] {spark_submit.py:491} INFO - 25/10/29 12:20:15 INFO SparkContext: Added JAR file:///opt/***/jars/aws-java-sdk-bundle-1.12.367.jar at spark://11a5c523951d:45649/jars/aws-java-sdk-bundle-1.12.367.jar with timestamp 1761740415546
[2025-10-29T12:20:15.885+0000] {spark_submit.py:491} INFO - 25/10/29 12:20:15 INFO SparkContext: Added JAR file:///opt/***/jars/hadoop-aws-3.3.4.jar at spark://11a5c523951d:45649/jars/hadoop-aws-3.3.4.jar with timestamp 1761740415546
[2025-10-29T12:20:15.916+0000] {spark_submit.py:491} INFO - 25/10/29 12:20:15 INFO Executor: Starting executor ID driver on host 11a5c523951d
[2025-10-29T12:20:15.917+0000] {spark_submit.py:491} INFO - 25/10/29 12:20:15 INFO Executor: OS info Linux, 6.10.14-linuxkit, aarch64
[2025-10-29T12:20:15.917+0000] {spark_submit.py:491} INFO - 25/10/29 12:20:15 INFO Executor: Java version 11.0.28
[2025-10-29T12:20:15.919+0000] {spark_submit.py:491} INFO - 25/10/29 12:20:15 INFO Executor: Starting executor with user classpath (userClassPathFirst = false): ''
[2025-10-29T12:20:15.919+0000] {spark_submit.py:491} INFO - 25/10/29 12:20:15 INFO Executor: Created or updated repl class loader org.apache.spark.util.MutableURLClassLoader@2020384b for default.
[2025-10-29T12:20:15.925+0000] {spark_submit.py:491} INFO - 25/10/29 12:20:15 INFO Executor: Fetching spark://11a5c523951d:45649/jars/iceberg-spark-runtime-3.5_2.12-1.4.2.jar with timestamp 1761740415546
[2025-10-29T12:20:15.951+0000] {spark_submit.py:491} INFO - 25/10/29 12:20:15 INFO TransportClientFactory: Successfully created connection to 11a5c523951d/172.18.0.15:45649 after 13 ms (0 ms spent in bootstraps)
[2025-10-29T12:20:15.954+0000] {spark_submit.py:491} INFO - 25/10/29 12:20:15 INFO Utils: Fetching spark://11a5c523951d:45649/jars/iceberg-spark-runtime-3.5_2.12-1.4.2.jar to /tmp/spark-6e32c71c-7a5b-4ac5-9d59-bd7e30310dd1/userFiles-bbfb7d5e-0a88-420b-8c8d-3574f74920aa/fetchFileTemp13540853683450971259.tmp
[2025-10-29T12:20:16.049+0000] {spark_submit.py:491} INFO - 25/10/29 12:20:16 INFO Executor: Adding file:/tmp/spark-6e32c71c-7a5b-4ac5-9d59-bd7e30310dd1/userFiles-bbfb7d5e-0a88-420b-8c8d-3574f74920aa/iceberg-spark-runtime-3.5_2.12-1.4.2.jar to class loader default
[2025-10-29T12:20:16.050+0000] {spark_submit.py:491} INFO - 25/10/29 12:20:16 INFO Executor: Fetching spark://11a5c523951d:45649/jars/hadoop-aws-3.3.4.jar with timestamp 1761740415546
[2025-10-29T12:20:16.050+0000] {spark_submit.py:491} INFO - 25/10/29 12:20:16 INFO Utils: Fetching spark://11a5c523951d:45649/jars/hadoop-aws-3.3.4.jar to /tmp/spark-6e32c71c-7a5b-4ac5-9d59-bd7e30310dd1/userFiles-bbfb7d5e-0a88-420b-8c8d-3574f74920aa/fetchFileTemp347260533577019098.tmp
[2025-10-29T12:20:16.054+0000] {spark_submit.py:491} INFO - 25/10/29 12:20:16 INFO Executor: Adding file:/tmp/spark-6e32c71c-7a5b-4ac5-9d59-bd7e30310dd1/userFiles-bbfb7d5e-0a88-420b-8c8d-3574f74920aa/hadoop-aws-3.3.4.jar to class loader default
[2025-10-29T12:20:16.054+0000] {spark_submit.py:491} INFO - 25/10/29 12:20:16 INFO Executor: Fetching spark://11a5c523951d:45649/jars/aws-java-sdk-bundle-1.12.367.jar with timestamp 1761740415546
[2025-10-29T12:20:16.054+0000] {spark_submit.py:491} INFO - 25/10/29 12:20:16 INFO Utils: Fetching spark://11a5c523951d:45649/jars/aws-java-sdk-bundle-1.12.367.jar to /tmp/spark-6e32c71c-7a5b-4ac5-9d59-bd7e30310dd1/userFiles-bbfb7d5e-0a88-420b-8c8d-3574f74920aa/fetchFileTemp13733917651820850624.tmp
[2025-10-29T12:20:16.778+0000] {spark_submit.py:491} INFO - 25/10/29 12:20:16 INFO Executor: Adding file:/tmp/spark-6e32c71c-7a5b-4ac5-9d59-bd7e30310dd1/userFiles-bbfb7d5e-0a88-420b-8c8d-3574f74920aa/aws-java-sdk-bundle-1.12.367.jar to class loader default
[2025-10-29T12:20:16.787+0000] {spark_submit.py:491} INFO - 25/10/29 12:20:16 INFO Utils: Successfully started service 'org.apache.spark.network.netty.NettyBlockTransferService' on port 37421.
[2025-10-29T12:20:16.788+0000] {spark_submit.py:491} INFO - 25/10/29 12:20:16 INFO NettyBlockTransferService: Server created on 11a5c523951d:37421
[2025-10-29T12:20:16.789+0000] {spark_submit.py:491} INFO - 25/10/29 12:20:16 INFO BlockManager: Using org.apache.spark.storage.RandomBlockReplicationPolicy for block replication policy
[2025-10-29T12:20:16.793+0000] {spark_submit.py:491} INFO - 25/10/29 12:20:16 INFO BlockManagerMaster: Registering BlockManager BlockManagerId(driver, 11a5c523951d, 37421, None)
[2025-10-29T12:20:16.795+0000] {spark_submit.py:491} INFO - 25/10/29 12:20:16 INFO BlockManagerMasterEndpoint: Registering block manager 11a5c523951d:37421 with 434.4 MiB RAM, BlockManagerId(driver, 11a5c523951d, 37421, None)
[2025-10-29T12:20:16.797+0000] {spark_submit.py:491} INFO - 25/10/29 12:20:16 INFO BlockManagerMaster: Registered BlockManager BlockManagerId(driver, 11a5c523951d, 37421, None)
[2025-10-29T12:20:16.797+0000] {spark_submit.py:491} INFO - 25/10/29 12:20:16 INFO BlockManager: Initialized BlockManager: BlockManagerId(driver, 11a5c523951d, 37421, None)
[2025-10-29T12:20:18.133+0000] {spark_submit.py:491} INFO - 25/10/29 12:20:18 WARN MetricsConfig: Cannot locate configuration: tried hadoop-metrics2-s3a-file-system.properties,hadoop-metrics2.properties
[2025-10-29T12:20:18.769+0000] {spark_submit.py:491} INFO - Created/verified weather table
[2025-10-29T12:20:18.769+0000] {spark_submit.py:491} INFO - Reading weather data from: /opt/***/data/weather/weather_data_20251029_12.json
[2025-10-29T12:20:20.084+0000] {spark_submit.py:491} INFO - Raw weather data count: 24
[2025-10-29T12:20:20.090+0000] {spark_submit.py:491} INFO - root
[2025-10-29T12:20:20.090+0000] {spark_submit.py:491} INFO - |-- timestamp: string (nullable = true)
[2025-10-29T12:20:20.090+0000] {spark_submit.py:491} INFO - |-- location: string (nullable = true)
[2025-10-29T12:20:20.090+0000] {spark_submit.py:491} INFO - |-- latitude: double (nullable = true)
[2025-10-29T12:20:20.091+0000] {spark_submit.py:491} INFO - |-- longitude: double (nullable = true)
[2025-10-29T12:20:20.091+0000] {spark_submit.py:491} INFO - |-- temperature_celsius: double (nullable = true)
[2025-10-29T12:20:20.091+0000] {spark_submit.py:491} INFO - |-- temperature_fahrenheit: double (nullable = true)
[2025-10-29T12:20:20.091+0000] {spark_submit.py:491} INFO - |-- humidity_percent: double (nullable = true)
[2025-10-29T12:20:20.091+0000] {spark_submit.py:491} INFO - |-- pressure_hpa: double (nullable = true)
[2025-10-29T12:20:20.091+0000] {spark_submit.py:491} INFO - |-- wind_speed_kmh: double (nullable = true)
[2025-10-29T12:20:20.091+0000] {spark_submit.py:491} INFO - |-- weather_condition: string (nullable = true)
[2025-10-29T12:20:20.091+0000] {spark_submit.py:491} INFO - |-- visibility_km: double (nullable = true)
[2025-10-29T12:20:20.091+0000] {spark_submit.py:491} INFO - |-- uv_index: double (nullable = true)
[2025-10-29T12:20:20.091+0000] {spark_submit.py:491} INFO - |-- hour: integer (nullable = true)
[2025-10-29T12:20:20.091+0000] {spark_submit.py:491} INFO - |-- day_of_week: integer (nullable = true)
[2025-10-29T12:20:20.093+0000] {spark_submit.py:491} INFO - |-- is_weekend: boolean (nullable = true)
[2025-10-29T12:20:20.094+0000] {spark_submit.py:491} INFO - 
[2025-10-29T12:20:20.340+0000] {spark_submit.py:491} INFO - Processed weather data count: 24
[2025-10-29T12:20:21.420+0000] {spark_submit.py:491} INFO - Successfully wrote weather data to Iceberg table
[2025-10-29T12:20:22.660+0000] {spark_submit.py:491} INFO - +------------+------------------+-----------------+------------------+--------------------+
[2025-10-29T12:20:22.660+0000] {spark_submit.py:491} INFO - |weather_date|        avg_temp_c|     avg_humidity|    avg_wind_speed|          conditions|
[2025-10-29T12:20:22.660+0000] {spark_submit.py:491} INFO - +------------+------------------+-----------------+------------------+--------------------+
[2025-10-29T12:20:22.661+0000] {spark_submit.py:491} INFO - |  2025-10-29| 17.77223684210527|64.86184210526316|7.7105263157894735|[clear, snow, rai...|
[2025-10-29T12:20:22.661+0000] {spark_submit.py:491} INFO - |  2025-10-28|16.767758620689655|59.47327586206896| 7.521551724137931|[clear, snow, rai...|
[2025-10-29T12:20:22.661+0000] {spark_submit.py:491} INFO - +------------+------------------+-----------------+------------------+--------------------+
[2025-10-29T12:20:22.661+0000] {spark_submit.py:491} INFO - 
[2025-10-29T12:20:22.661+0000] {spark_submit.py:491} INFO - Weather ETL job completed successfully!
[2025-10-29T12:20:23.669+0000] {taskinstance.py:1398} INFO - Marking task as SUCCESS. dag_id=nyc_weather_etl, task_id=spark_process_weather_to_iceberg, execution_date=20251029T112010, start_date=20251029T122013, end_date=20251029T122023
[2025-10-29T12:20:23.696+0000] {local_task_job_runner.py:228} INFO - Task exited with return code 0
[2025-10-29T12:20:23.705+0000] {taskinstance.py:2776} INFO - 0 downstream tasks scheduled from follow-on schedule check
