[2025-11-02T09:29:56.975+0000] {taskinstance.py:1157} INFO - Dependencies all met for dep_context=non-requeueable deps ti=<TaskInstance: nyc_weather_etl.spark_process_weather_to_iceberg scheduled__2025-11-02T08:29:54.545867+00:00 [queued]>
[2025-11-02T09:29:56.981+0000] {taskinstance.py:1157} INFO - Dependencies all met for dep_context=requeueable deps ti=<TaskInstance: nyc_weather_etl.spark_process_weather_to_iceberg scheduled__2025-11-02T08:29:54.545867+00:00 [queued]>
[2025-11-02T09:29:56.981+0000] {taskinstance.py:1359} INFO - Starting attempt 1 of 1
[2025-11-02T09:29:56.988+0000] {taskinstance.py:1380} INFO - Executing <Task(SparkSubmitOperator): spark_process_weather_to_iceberg> on 2025-11-02 08:29:54.545867+00:00
[2025-11-02T09:29:56.991+0000] {standard_task_runner.py:57} INFO - Started process 22130 to run task
[2025-11-02T09:29:56.992+0000] {standard_task_runner.py:84} INFO - Running: ['***', 'tasks', 'run', 'nyc_weather_etl', 'spark_process_weather_to_iceberg', 'scheduled__2025-11-02T08:29:54.545867+00:00', '--job-id', '137', '--raw', '--subdir', 'DAGS_FOLDER/nyc_weather_etl.py', '--cfg-path', '/tmp/tmpj07sb_qe']
[2025-11-02T09:29:56.994+0000] {standard_task_runner.py:85} INFO - Job 137: Subtask spark_process_weather_to_iceberg
[2025-11-02T09:29:57.016+0000] {task_command.py:415} INFO - Running <TaskInstance: nyc_weather_etl.spark_process_weather_to_iceberg scheduled__2025-11-02T08:29:54.545867+00:00 [running]> on host d3553ba1dd4a
[2025-11-02T09:29:57.149+0000] {taskinstance.py:1660} INFO - Exporting env vars: AIRFLOW_CTX_DAG_OWNER='data-engineering' AIRFLOW_CTX_DAG_ID='nyc_weather_etl' AIRFLOW_CTX_TASK_ID='spark_process_weather_to_iceberg' AIRFLOW_CTX_EXECUTION_DATE='2025-11-02T08:29:54.545867+00:00' AIRFLOW_CTX_TRY_NUMBER='1' AIRFLOW_CTX_DAG_RUN_ID='scheduled__2025-11-02T08:29:54.545867+00:00'
[2025-11-02T09:29:57.150+0000] {base.py:73} INFO - Using connection ID 'spark_default' for task execution.
[2025-11-02T09:29:57.151+0000] {spark_submit.py:340} INFO - Spark-Submit cmd: /opt/bitnami/spark/bin/spark-submit --master spark-master:7077 --conf spark.master=spark://spark-master:7077 --conf spark.sql.catalog.spark_catalog=org.apache.iceberg.spark.SparkSessionCatalog --conf spark.sql.catalog.spark_catalog.type=hive --conf spark.sql.catalog.iceberg=org.apache.iceberg.spark.SparkCatalog --conf spark.sql.catalog.iceberg.type=hadoop --conf spark.sql.catalog.iceberg.warehouse=s3a://lakehouse/warehouse --conf spark.sql.extensions=org.apache.iceberg.spark.extensions.IcebergSparkSessionExtensions --conf spark.hadoop.fs.s3a.endpoint=http://minio:9000 --conf spark.hadoop.fs.s3a.access.key=admin --conf spark.hadoop.fs.s3a.secret.key=****** --conf spark.hadoop.fs.s3a.path.style.access=true --conf spark.hadoop.fs.s3a.impl=org.apache.hadoop.fs.s3a.S3AFileSystem --jars /opt/***/jars/iceberg-spark-runtime-3.5_2.12-1.4.2.jar,/opt/***/jars/aws-java-sdk-bundle-1.12.367.jar,/opt/***/jars/hadoop-aws-3.3.4.jar --name arrow-spark /opt/***/dags/spark_jobs/weather_to_iceberg.py /opt/***/data/weather/weather_data_20251102_09.json
[2025-11-02T09:29:57.932+0000] {spark_submit.py:491} INFO - 25/11/02 09:29:57 WARN NativeCodeLoader: Unable to load native-hadoop library for your platform... using builtin-java classes where applicable
[2025-11-02T09:29:58.574+0000] {spark_submit.py:491} INFO - 25/11/02 09:29:58 INFO SparkContext: Running Spark version 3.5.1
[2025-11-02T09:29:58.574+0000] {spark_submit.py:491} INFO - 25/11/02 09:29:58 INFO SparkContext: OS info Linux, 6.10.14-linuxkit, aarch64
[2025-11-02T09:29:58.576+0000] {spark_submit.py:491} INFO - 25/11/02 09:29:58 INFO SparkContext: Java version 11.0.28
[2025-11-02T09:29:58.585+0000] {spark_submit.py:491} INFO - 25/11/02 09:29:58 INFO ResourceUtils: ==============================================================
[2025-11-02T09:29:58.586+0000] {spark_submit.py:491} INFO - 25/11/02 09:29:58 INFO ResourceUtils: No custom resources configured for spark.driver.
[2025-11-02T09:29:58.587+0000] {spark_submit.py:491} INFO - 25/11/02 09:29:58 INFO ResourceUtils: ==============================================================
[2025-11-02T09:29:58.591+0000] {spark_submit.py:491} INFO - 25/11/02 09:29:58 INFO SparkContext: Submitted application: Weather to Iceberg ETL
[2025-11-02T09:29:58.593+0000] {spark_submit.py:491} INFO - 25/11/02 09:29:58 INFO ResourceProfile: Default ResourceProfile created, executor resources: Map(cores -> name: cores, amount: 1, script: , vendor: , memory -> name: memory, amount: 1024, script: , vendor: , offHeap -> name: offHeap, amount: 0, script: , vendor: ), task resources: Map(cpus -> name: cpus, amount: 1.0)
[2025-11-02T09:29:58.598+0000] {spark_submit.py:491} INFO - 25/11/02 09:29:58 INFO ResourceProfile: Limiting resource is cpu
[2025-11-02T09:29:58.598+0000] {spark_submit.py:491} INFO - 25/11/02 09:29:58 INFO ResourceProfileManager: Added ResourceProfile id: 0
[2025-11-02T09:29:58.625+0000] {spark_submit.py:491} INFO - 25/11/02 09:29:58 INFO SecurityManager: Changing view acls to: ***
[2025-11-02T09:29:58.625+0000] {spark_submit.py:491} INFO - 25/11/02 09:29:58 INFO SecurityManager: Changing modify acls to: ***
[2025-11-02T09:29:58.625+0000] {spark_submit.py:491} INFO - 25/11/02 09:29:58 INFO SecurityManager: Changing view acls groups to:
[2025-11-02T09:29:58.625+0000] {spark_submit.py:491} INFO - 25/11/02 09:29:58 INFO SecurityManager: Changing modify acls groups to:
[2025-11-02T09:29:58.625+0000] {spark_submit.py:491} INFO - 25/11/02 09:29:58 INFO SecurityManager: SecurityManager: authentication disabled; ui acls disabled; users with view permissions: ***; groups with view permissions: EMPTY; users with modify permissions: ***; groups with modify permissions: EMPTY
[2025-11-02T09:29:58.730+0000] {spark_submit.py:491} INFO - 25/11/02 09:29:58 INFO Utils: Successfully started service 'sparkDriver' on port 40587.
[2025-11-02T09:29:58.745+0000] {spark_submit.py:491} INFO - 25/11/02 09:29:58 INFO SparkEnv: Registering MapOutputTracker
[2025-11-02T09:29:58.762+0000] {spark_submit.py:491} INFO - 25/11/02 09:29:58 INFO SparkEnv: Registering BlockManagerMaster
[2025-11-02T09:29:58.772+0000] {spark_submit.py:491} INFO - 25/11/02 09:29:58 INFO BlockManagerMasterEndpoint: Using org.apache.spark.storage.DefaultTopologyMapper for getting topology information
[2025-11-02T09:29:58.773+0000] {spark_submit.py:491} INFO - 25/11/02 09:29:58 INFO BlockManagerMasterEndpoint: BlockManagerMasterEndpoint up
[2025-11-02T09:29:58.774+0000] {spark_submit.py:491} INFO - 25/11/02 09:29:58 INFO SparkEnv: Registering BlockManagerMasterHeartbeat
[2025-11-02T09:29:58.786+0000] {spark_submit.py:491} INFO - 25/11/02 09:29:58 INFO DiskBlockManager: Created local directory at /tmp/blockmgr-8a83d62f-6f86-4e25-889c-02ff86a81302
[2025-11-02T09:29:58.795+0000] {spark_submit.py:491} INFO - 25/11/02 09:29:58 INFO MemoryStore: MemoryStore started with capacity 434.4 MiB
[2025-11-02T09:29:58.802+0000] {spark_submit.py:491} INFO - 25/11/02 09:29:58 INFO SparkEnv: Registering OutputCommitCoordinator
[2025-11-02T09:29:58.856+0000] {spark_submit.py:491} INFO - 25/11/02 09:29:58 INFO JettyUtils: Start Jetty 0.0.0.0:4040 for SparkUI
[2025-11-02T09:29:58.877+0000] {spark_submit.py:491} INFO - 25/11/02 09:29:58 WARN Utils: Service 'SparkUI' could not bind on port 4040. Attempting port 4041.
[2025-11-02T09:29:58.882+0000] {spark_submit.py:491} INFO - 25/11/02 09:29:58 INFO Utils: Successfully started service 'SparkUI' on port 4041.
[2025-11-02T09:29:58.902+0000] {spark_submit.py:491} INFO - 25/11/02 09:29:58 INFO SparkContext: Added JAR file:///opt/***/jars/iceberg-spark-runtime-3.5_2.12-1.4.2.jar at spark://d3553ba1dd4a:40587/jars/iceberg-spark-runtime-3.5_2.12-1.4.2.jar with timestamp 1762075798568
[2025-11-02T09:29:58.902+0000] {spark_submit.py:491} INFO - 25/11/02 09:29:58 INFO SparkContext: Added JAR file:///opt/***/jars/aws-java-sdk-bundle-1.12.367.jar at spark://d3553ba1dd4a:40587/jars/aws-java-sdk-bundle-1.12.367.jar with timestamp 1762075798568
[2025-11-02T09:29:58.902+0000] {spark_submit.py:491} INFO - 25/11/02 09:29:58 INFO SparkContext: Added JAR file:///opt/***/jars/hadoop-aws-3.3.4.jar at spark://d3553ba1dd4a:40587/jars/hadoop-aws-3.3.4.jar with timestamp 1762075798568
[2025-11-02T09:29:58.942+0000] {spark_submit.py:491} INFO - 25/11/02 09:29:58 INFO Executor: Starting executor ID driver on host d3553ba1dd4a
[2025-11-02T09:29:58.942+0000] {spark_submit.py:491} INFO - 25/11/02 09:29:58 INFO Executor: OS info Linux, 6.10.14-linuxkit, aarch64
[2025-11-02T09:29:58.942+0000] {spark_submit.py:491} INFO - 25/11/02 09:29:58 INFO Executor: Java version 11.0.28
[2025-11-02T09:29:58.944+0000] {spark_submit.py:491} INFO - 25/11/02 09:29:58 INFO Executor: Starting executor with user classpath (userClassPathFirst = false): ''
[2025-11-02T09:29:58.945+0000] {spark_submit.py:491} INFO - 25/11/02 09:29:58 INFO Executor: Created or updated repl class loader org.apache.spark.util.MutableURLClassLoader@6deeb3b8 for default.
[2025-11-02T09:29:58.953+0000] {spark_submit.py:491} INFO - 25/11/02 09:29:58 INFO Executor: Fetching spark://d3553ba1dd4a:40587/jars/hadoop-aws-3.3.4.jar with timestamp 1762075798568
[2025-11-02T09:29:58.983+0000] {spark_submit.py:491} INFO - 25/11/02 09:29:58 INFO TransportClientFactory: Successfully created connection to d3553ba1dd4a/172.18.0.5:40587 after 15 ms (0 ms spent in bootstraps)
[2025-11-02T09:29:58.986+0000] {spark_submit.py:491} INFO - 25/11/02 09:29:58 INFO Utils: Fetching spark://d3553ba1dd4a:40587/jars/hadoop-aws-3.3.4.jar to /tmp/spark-b8d84901-05bc-4b2c-8aba-fb977a64d824/userFiles-a2718076-3228-4d91-b053-580bd03d6461/fetchFileTemp12546532015123701987.tmp
[2025-11-02T09:29:59.006+0000] {spark_submit.py:491} INFO - 25/11/02 09:29:59 INFO Executor: Adding file:/tmp/spark-b8d84901-05bc-4b2c-8aba-fb977a64d824/userFiles-a2718076-3228-4d91-b053-580bd03d6461/hadoop-aws-3.3.4.jar to class loader default
[2025-11-02T09:29:59.007+0000] {spark_submit.py:491} INFO - 25/11/02 09:29:59 INFO Executor: Fetching spark://d3553ba1dd4a:40587/jars/iceberg-spark-runtime-3.5_2.12-1.4.2.jar with timestamp 1762075798568
[2025-11-02T09:29:59.007+0000] {spark_submit.py:491} INFO - 25/11/02 09:29:59 INFO Utils: Fetching spark://d3553ba1dd4a:40587/jars/iceberg-spark-runtime-3.5_2.12-1.4.2.jar to /tmp/spark-b8d84901-05bc-4b2c-8aba-fb977a64d824/userFiles-a2718076-3228-4d91-b053-580bd03d6461/fetchFileTemp13659258143155746913.tmp
[2025-11-02T09:29:59.056+0000] {spark_submit.py:491} INFO - 25/11/02 09:29:59 INFO Executor: Adding file:/tmp/spark-b8d84901-05bc-4b2c-8aba-fb977a64d824/userFiles-a2718076-3228-4d91-b053-580bd03d6461/iceberg-spark-runtime-3.5_2.12-1.4.2.jar to class loader default
[2025-11-02T09:29:59.056+0000] {spark_submit.py:491} INFO - 25/11/02 09:29:59 INFO Executor: Fetching spark://d3553ba1dd4a:40587/jars/aws-java-sdk-bundle-1.12.367.jar with timestamp 1762075798568
[2025-11-02T09:29:59.057+0000] {spark_submit.py:491} INFO - 25/11/02 09:29:59 INFO Utils: Fetching spark://d3553ba1dd4a:40587/jars/aws-java-sdk-bundle-1.12.367.jar to /tmp/spark-b8d84901-05bc-4b2c-8aba-fb977a64d824/userFiles-a2718076-3228-4d91-b053-580bd03d6461/fetchFileTemp14506279008069779780.tmp
[2025-11-02T09:29:59.750+0000] {spark_submit.py:491} INFO - 25/11/02 09:29:59 INFO Executor: Adding file:/tmp/spark-b8d84901-05bc-4b2c-8aba-fb977a64d824/userFiles-a2718076-3228-4d91-b053-580bd03d6461/aws-java-sdk-bundle-1.12.367.jar to class loader default
[2025-11-02T09:29:59.762+0000] {spark_submit.py:491} INFO - 25/11/02 09:29:59 INFO Utils: Successfully started service 'org.apache.spark.network.netty.NettyBlockTransferService' on port 39235.
[2025-11-02T09:29:59.763+0000] {spark_submit.py:491} INFO - 25/11/02 09:29:59 INFO NettyBlockTransferService: Server created on d3553ba1dd4a:39235
[2025-11-02T09:29:59.764+0000] {spark_submit.py:491} INFO - 25/11/02 09:29:59 INFO BlockManager: Using org.apache.spark.storage.RandomBlockReplicationPolicy for block replication policy
[2025-11-02T09:29:59.768+0000] {spark_submit.py:491} INFO - 25/11/02 09:29:59 INFO BlockManagerMaster: Registering BlockManager BlockManagerId(driver, d3553ba1dd4a, 39235, None)
[2025-11-02T09:29:59.770+0000] {spark_submit.py:491} INFO - 25/11/02 09:29:59 INFO BlockManagerMasterEndpoint: Registering block manager d3553ba1dd4a:39235 with 434.4 MiB RAM, BlockManagerId(driver, d3553ba1dd4a, 39235, None)
[2025-11-02T09:29:59.772+0000] {spark_submit.py:491} INFO - 25/11/02 09:29:59 INFO BlockManagerMaster: Registered BlockManager BlockManagerId(driver, d3553ba1dd4a, 39235, None)
[2025-11-02T09:29:59.773+0000] {spark_submit.py:491} INFO - 25/11/02 09:29:59 INFO BlockManager: Initialized BlockManager: BlockManagerId(driver, d3553ba1dd4a, 39235, None)
[2025-11-02T09:30:01.446+0000] {spark_submit.py:491} INFO - 25/11/02 09:30:01 WARN MetricsConfig: Cannot locate configuration: tried hadoop-metrics2-s3a-file-system.properties,hadoop-metrics2.properties
[2025-11-02T09:30:02.272+0000] {spark_submit.py:491} INFO - Created/verified weather table
[2025-11-02T09:30:02.273+0000] {spark_submit.py:491} INFO - Reading weather data from: /opt/***/data/weather/weather_data_20251102_09.json
[2025-11-02T09:30:03.711+0000] {spark_submit.py:491} INFO - Raw weather data count: 24
[2025-11-02T09:30:03.713+0000] {spark_submit.py:491} INFO - root
[2025-11-02T09:30:03.713+0000] {spark_submit.py:491} INFO - |-- timestamp: string (nullable = true)
[2025-11-02T09:30:03.713+0000] {spark_submit.py:491} INFO - |-- location: string (nullable = true)
[2025-11-02T09:30:03.714+0000] {spark_submit.py:491} INFO - |-- latitude: double (nullable = true)
[2025-11-02T09:30:03.714+0000] {spark_submit.py:491} INFO - |-- longitude: double (nullable = true)
[2025-11-02T09:30:03.714+0000] {spark_submit.py:491} INFO - |-- temperature_celsius: double (nullable = true)
[2025-11-02T09:30:03.714+0000] {spark_submit.py:491} INFO - |-- temperature_fahrenheit: double (nullable = true)
[2025-11-02T09:30:03.714+0000] {spark_submit.py:491} INFO - |-- humidity_percent: double (nullable = true)
[2025-11-02T09:30:03.714+0000] {spark_submit.py:491} INFO - |-- pressure_hpa: double (nullable = true)
[2025-11-02T09:30:03.714+0000] {spark_submit.py:491} INFO - |-- wind_speed_kmh: double (nullable = true)
[2025-11-02T09:30:03.715+0000] {spark_submit.py:491} INFO - |-- weather_condition: string (nullable = true)
[2025-11-02T09:30:03.715+0000] {spark_submit.py:491} INFO - |-- visibility_km: double (nullable = true)
[2025-11-02T09:30:03.715+0000] {spark_submit.py:491} INFO - |-- uv_index: double (nullable = true)
[2025-11-02T09:30:03.715+0000] {spark_submit.py:491} INFO - |-- hour: integer (nullable = true)
[2025-11-02T09:30:03.715+0000] {spark_submit.py:491} INFO - |-- day_of_week: integer (nullable = true)
[2025-11-02T09:30:03.715+0000] {spark_submit.py:491} INFO - |-- is_weekend: boolean (nullable = true)
[2025-11-02T09:30:03.715+0000] {spark_submit.py:491} INFO - 
[2025-11-02T09:30:04.010+0000] {spark_submit.py:491} INFO - Processed weather data count: 24
[2025-11-02T09:30:05.479+0000] {spark_submit.py:491} INFO - Successfully wrote weather data to Iceberg table
[2025-11-02T09:30:07.540+0000] {spark_submit.py:491} INFO - +------------+-----------------+-----------------+-----------------+--------------------+
[2025-11-02T09:30:07.541+0000] {spark_submit.py:491} INFO - |weather_date|       avg_temp_c|     avg_humidity|   avg_wind_speed|          conditions|
[2025-11-02T09:30:07.541+0000] {spark_submit.py:491} INFO - +------------+-----------------+-----------------+-----------------+--------------------+
[2025-11-02T09:30:07.541+0000] {spark_submit.py:491} INFO - |  2025-11-02|18.73673913043478|61.10217391304349|5.956521739130434|[clear, rain, clo...|
[2025-11-02T09:30:07.541+0000] {spark_submit.py:491} INFO - |  2025-11-01|17.59397959183674|62.81632653061224|6.989795918367347|[clear, snow, rai...|
[2025-11-02T09:30:07.541+0000] {spark_submit.py:491} INFO - +------------+-----------------+-----------------+-----------------+--------------------+
[2025-11-02T09:30:07.541+0000] {spark_submit.py:491} INFO - 
[2025-11-02T09:30:07.542+0000] {spark_submit.py:491} INFO - Weather ETL job completed successfully!
[2025-11-02T09:30:08.419+0000] {taskinstance.py:1398} INFO - Marking task as SUCCESS. dag_id=nyc_weather_etl, task_id=spark_process_weather_to_iceberg, execution_date=20251102T082954, start_date=20251102T092956, end_date=20251102T093008
[2025-11-02T09:30:08.461+0000] {local_task_job_runner.py:228} INFO - Task exited with return code 0
[2025-11-02T09:30:08.472+0000] {taskinstance.py:2776} INFO - 0 downstream tasks scheduled from follow-on schedule check
