[2025-11-02T12:54:38.454+0000] {taskinstance.py:1157} INFO - Dependencies all met for dep_context=non-requeueable deps ti=<TaskInstance: nyc_taxi_iceberg_etl.spark_process_to_iceberg manual__2025-11-02T12:54:29.328651+00:00 [queued]>
[2025-11-02T12:54:38.457+0000] {taskinstance.py:1157} INFO - Dependencies all met for dep_context=requeueable deps ti=<TaskInstance: nyc_taxi_iceberg_etl.spark_process_to_iceberg manual__2025-11-02T12:54:29.328651+00:00 [queued]>
[2025-11-02T12:54:38.457+0000] {taskinstance.py:1359} INFO - Starting attempt 1 of 1
[2025-11-02T12:54:38.509+0000] {taskinstance.py:1380} INFO - Executing <Task(SparkSubmitOperator): spark_process_to_iceberg> on 2025-11-02 12:54:29.328651+00:00
[2025-11-02T12:54:38.511+0000] {standard_task_runner.py:57} INFO - Started process 1809 to run task
[2025-11-02T12:54:38.513+0000] {standard_task_runner.py:84} INFO - Running: ['***', 'tasks', 'run', 'nyc_taxi_iceberg_etl', 'spark_process_to_iceberg', 'manual__2025-11-02T12:54:29.328651+00:00', '--job-id', '23', '--raw', '--subdir', 'DAGS_FOLDER/nyc_taxi_iceberg_etl.py', '--cfg-path', '/tmp/tmpohef8m64']
[2025-11-02T12:54:38.514+0000] {standard_task_runner.py:85} INFO - Job 23: Subtask spark_process_to_iceberg
[2025-11-02T12:54:38.537+0000] {task_command.py:415} INFO - Running <TaskInstance: nyc_taxi_iceberg_etl.spark_process_to_iceberg manual__2025-11-02T12:54:29.328651+00:00 [running]> on host ec57452a9f33
[2025-11-02T12:54:38.573+0000] {taskinstance.py:1660} INFO - Exporting env vars: AIRFLOW_CTX_DAG_OWNER='data-engineering' AIRFLOW_CTX_DAG_ID='nyc_taxi_iceberg_etl' AIRFLOW_CTX_TASK_ID='spark_process_to_iceberg' AIRFLOW_CTX_EXECUTION_DATE='2025-11-02T12:54:29.328651+00:00' AIRFLOW_CTX_TRY_NUMBER='1' AIRFLOW_CTX_DAG_RUN_ID='manual__2025-11-02T12:54:29.328651+00:00'
[2025-11-02T12:54:38.574+0000] {base.py:73} INFO - Using connection ID 'spark_default' for task execution.
[2025-11-02T12:54:38.575+0000] {spark_submit.py:340} INFO - Spark-Submit cmd: /opt/bitnami/spark/bin/spark-submit --master spark-master:7077 --conf spark.master=spark://spark-master:7077 --conf spark.sql.catalog.spark_catalog=org.apache.iceberg.spark.SparkSessionCatalog --conf spark.sql.catalog.spark_catalog.type=hive --conf spark.sql.catalog.iceberg=org.apache.iceberg.spark.SparkCatalog --conf spark.sql.catalog.iceberg.type=hadoop --conf spark.sql.catalog.iceberg.warehouse=s3a://lakehouse/warehouse --conf spark.sql.extensions=org.apache.iceberg.spark.extensions.IcebergSparkSessionExtensions --conf spark.hadoop.fs.s3a.endpoint=http://minio:9000 --conf spark.hadoop.fs.s3a.access.key=admin --conf spark.hadoop.fs.s3a.secret.key=****** --conf spark.hadoop.fs.s3a.path.style.access=true --conf spark.hadoop.fs.s3a.impl=org.apache.hadoop.fs.s3a.S3AFileSystem --jars /opt/***/jars/iceberg-spark-runtime-3.5_2.12-1.4.2.jar,/opt/***/jars/aws-java-sdk-bundle-1.12.367.jar,/opt/***/jars/hadoop-aws-3.3.4.jar --name arrow-spark /opt/***/dags/spark_jobs/nyc_taxi_to_iceberg.py /opt/***/data/raw/yellow_tripdata_2025-11.parquet
[2025-11-02T12:54:39.280+0000] {spark_submit.py:491} INFO - 25/11/02 12:54:39 WARN NativeCodeLoader: Unable to load native-hadoop library for your platform... using builtin-java classes where applicable
[2025-11-02T12:54:39.762+0000] {spark_submit.py:491} INFO - 25/11/02 12:54:39 INFO SparkContext: Running Spark version 3.5.1
[2025-11-02T12:54:39.764+0000] {spark_submit.py:491} INFO - 25/11/02 12:54:39 INFO SparkContext: OS info Linux, 6.10.14-linuxkit, aarch64
[2025-11-02T12:54:39.765+0000] {spark_submit.py:491} INFO - 25/11/02 12:54:39 INFO SparkContext: Java version 11.0.28
[2025-11-02T12:54:39.772+0000] {spark_submit.py:491} INFO - 25/11/02 12:54:39 INFO ResourceUtils: ==============================================================
[2025-11-02T12:54:39.772+0000] {spark_submit.py:491} INFO - 25/11/02 12:54:39 INFO ResourceUtils: No custom resources configured for spark.driver.
[2025-11-02T12:54:39.772+0000] {spark_submit.py:491} INFO - 25/11/02 12:54:39 INFO ResourceUtils: ==============================================================
[2025-11-02T12:54:39.772+0000] {spark_submit.py:491} INFO - 25/11/02 12:54:39 INFO SparkContext: Submitted application: NYC Taxi to Iceberg ETL
[2025-11-02T12:54:39.779+0000] {spark_submit.py:491} INFO - 25/11/02 12:54:39 INFO ResourceProfile: Default ResourceProfile created, executor resources: Map(cores -> name: cores, amount: 1, script: , vendor: , memory -> name: memory, amount: 1024, script: , vendor: , offHeap -> name: offHeap, amount: 0, script: , vendor: ), task resources: Map(cpus -> name: cpus, amount: 1.0)
[2025-11-02T12:54:39.783+0000] {spark_submit.py:491} INFO - 25/11/02 12:54:39 INFO ResourceProfile: Limiting resource is cpu
[2025-11-02T12:54:39.783+0000] {spark_submit.py:491} INFO - 25/11/02 12:54:39 INFO ResourceProfileManager: Added ResourceProfile id: 0
[2025-11-02T12:54:39.807+0000] {spark_submit.py:491} INFO - 25/11/02 12:54:39 INFO SecurityManager: Changing view acls to: ***
[2025-11-02T12:54:39.807+0000] {spark_submit.py:491} INFO - 25/11/02 12:54:39 INFO SecurityManager: Changing modify acls to: ***
[2025-11-02T12:54:39.807+0000] {spark_submit.py:491} INFO - 25/11/02 12:54:39 INFO SecurityManager: Changing view acls groups to:
[2025-11-02T12:54:39.807+0000] {spark_submit.py:491} INFO - 25/11/02 12:54:39 INFO SecurityManager: Changing modify acls groups to:
[2025-11-02T12:54:39.807+0000] {spark_submit.py:491} INFO - 25/11/02 12:54:39 INFO SecurityManager: SecurityManager: authentication disabled; ui acls disabled; users with view permissions: ***; groups with view permissions: EMPTY; users with modify permissions: ***; groups with modify permissions: EMPTY
[2025-11-02T12:54:39.892+0000] {spark_submit.py:491} INFO - 25/11/02 12:54:39 INFO Utils: Successfully started service 'sparkDriver' on port 40713.
[2025-11-02T12:54:39.903+0000] {spark_submit.py:491} INFO - 25/11/02 12:54:39 INFO SparkEnv: Registering MapOutputTracker
[2025-11-02T12:54:39.915+0000] {spark_submit.py:491} INFO - 25/11/02 12:54:39 INFO SparkEnv: Registering BlockManagerMaster
[2025-11-02T12:54:39.925+0000] {spark_submit.py:491} INFO - 25/11/02 12:54:39 INFO BlockManagerMasterEndpoint: Using org.apache.spark.storage.DefaultTopologyMapper for getting topology information
[2025-11-02T12:54:39.925+0000] {spark_submit.py:491} INFO - 25/11/02 12:54:39 INFO BlockManagerMasterEndpoint: BlockManagerMasterEndpoint up
[2025-11-02T12:54:39.927+0000] {spark_submit.py:491} INFO - 25/11/02 12:54:39 INFO SparkEnv: Registering BlockManagerMasterHeartbeat
[2025-11-02T12:54:39.936+0000] {spark_submit.py:491} INFO - 25/11/02 12:54:39 INFO DiskBlockManager: Created local directory at /tmp/blockmgr-e83c6e8a-2609-4d74-b8c1-e7608d5b95fe
[2025-11-02T12:54:39.940+0000] {spark_submit.py:491} INFO - 25/11/02 12:54:39 INFO MemoryStore: MemoryStore started with capacity 434.4 MiB
[2025-11-02T12:54:39.945+0000] {spark_submit.py:491} INFO - 25/11/02 12:54:39 INFO SparkEnv: Registering OutputCommitCoordinator
[2025-11-02T12:54:39.990+0000] {spark_submit.py:491} INFO - 25/11/02 12:54:39 INFO JettyUtils: Start Jetty 0.0.0.0:4040 for SparkUI
[2025-11-02T12:54:40.009+0000] {spark_submit.py:491} INFO - 25/11/02 12:54:40 INFO Utils: Successfully started service 'SparkUI' on port 4040.
[2025-11-02T12:54:40.022+0000] {spark_submit.py:491} INFO - 25/11/02 12:54:40 INFO SparkContext: Added JAR file:///opt/***/jars/iceberg-spark-runtime-3.5_2.12-1.4.2.jar at spark://ec57452a9f33:40713/jars/iceberg-spark-runtime-3.5_2.12-1.4.2.jar with timestamp 1762088079758
[2025-11-02T12:54:40.022+0000] {spark_submit.py:491} INFO - 25/11/02 12:54:40 INFO SparkContext: Added JAR file:///opt/***/jars/aws-java-sdk-bundle-1.12.367.jar at spark://ec57452a9f33:40713/jars/aws-java-sdk-bundle-1.12.367.jar with timestamp 1762088079758
[2025-11-02T12:54:40.022+0000] {spark_submit.py:491} INFO - 25/11/02 12:54:40 INFO SparkContext: Added JAR file:///opt/***/jars/hadoop-aws-3.3.4.jar at spark://ec57452a9f33:40713/jars/hadoop-aws-3.3.4.jar with timestamp 1762088079758
[2025-11-02T12:54:40.044+0000] {spark_submit.py:491} INFO - 25/11/02 12:54:40 INFO Executor: Starting executor ID driver on host ec57452a9f33
[2025-11-02T12:54:40.044+0000] {spark_submit.py:491} INFO - 25/11/02 12:54:40 INFO Executor: OS info Linux, 6.10.14-linuxkit, aarch64
[2025-11-02T12:54:40.044+0000] {spark_submit.py:491} INFO - 25/11/02 12:54:40 INFO Executor: Java version 11.0.28
[2025-11-02T12:54:40.046+0000] {spark_submit.py:491} INFO - 25/11/02 12:54:40 INFO Executor: Starting executor with user classpath (userClassPathFirst = false): ''
[2025-11-02T12:54:40.046+0000] {spark_submit.py:491} INFO - 25/11/02 12:54:40 INFO Executor: Created or updated repl class loader org.apache.spark.util.MutableURLClassLoader@dc2cd6f for default.
[2025-11-02T12:54:40.054+0000] {spark_submit.py:491} INFO - 25/11/02 12:54:40 INFO Executor: Fetching spark://ec57452a9f33:40713/jars/iceberg-spark-runtime-3.5_2.12-1.4.2.jar with timestamp 1762088079758
[2025-11-02T12:54:40.074+0000] {spark_submit.py:491} INFO - 25/11/02 12:54:40 INFO TransportClientFactory: Successfully created connection to ec57452a9f33/172.18.0.14:40713 after 10 ms (0 ms spent in bootstraps)
[2025-11-02T12:54:40.077+0000] {spark_submit.py:491} INFO - 25/11/02 12:54:40 INFO Utils: Fetching spark://ec57452a9f33:40713/jars/iceberg-spark-runtime-3.5_2.12-1.4.2.jar to /tmp/spark-eadb9fde-748c-4de1-b0a0-1e8100e73044/userFiles-b9313a5f-a61e-4bec-845c-74c5c26d6a7e/fetchFileTemp15107541401290733443.tmp
[2025-11-02T12:54:40.120+0000] {spark_submit.py:491} INFO - 25/11/02 12:54:40 INFO Executor: Adding file:/tmp/spark-eadb9fde-748c-4de1-b0a0-1e8100e73044/userFiles-b9313a5f-a61e-4bec-845c-74c5c26d6a7e/iceberg-spark-runtime-3.5_2.12-1.4.2.jar to class loader default
[2025-11-02T12:54:40.120+0000] {spark_submit.py:491} INFO - 25/11/02 12:54:40 INFO Executor: Fetching spark://ec57452a9f33:40713/jars/aws-java-sdk-bundle-1.12.367.jar with timestamp 1762088079758
[2025-11-02T12:54:40.120+0000] {spark_submit.py:491} INFO - 25/11/02 12:54:40 INFO Utils: Fetching spark://ec57452a9f33:40713/jars/aws-java-sdk-bundle-1.12.367.jar to /tmp/spark-eadb9fde-748c-4de1-b0a0-1e8100e73044/userFiles-b9313a5f-a61e-4bec-845c-74c5c26d6a7e/fetchFileTemp17215496829042971150.tmp
[2025-11-02T12:54:40.310+0000] {spark_submit.py:491} INFO - 25/11/02 12:54:40 INFO Executor: Adding file:/tmp/spark-eadb9fde-748c-4de1-b0a0-1e8100e73044/userFiles-b9313a5f-a61e-4bec-845c-74c5c26d6a7e/aws-java-sdk-bundle-1.12.367.jar to class loader default
[2025-11-02T12:54:40.310+0000] {spark_submit.py:491} INFO - 25/11/02 12:54:40 INFO Executor: Fetching spark://ec57452a9f33:40713/jars/hadoop-aws-3.3.4.jar with timestamp 1762088079758
[2025-11-02T12:54:40.310+0000] {spark_submit.py:491} INFO - 25/11/02 12:54:40 INFO Utils: Fetching spark://ec57452a9f33:40713/jars/hadoop-aws-3.3.4.jar to /tmp/spark-eadb9fde-748c-4de1-b0a0-1e8100e73044/userFiles-b9313a5f-a61e-4bec-845c-74c5c26d6a7e/fetchFileTemp5717177907928767092.tmp
[2025-11-02T12:54:40.313+0000] {spark_submit.py:491} INFO - 25/11/02 12:54:40 INFO Executor: Adding file:/tmp/spark-eadb9fde-748c-4de1-b0a0-1e8100e73044/userFiles-b9313a5f-a61e-4bec-845c-74c5c26d6a7e/hadoop-aws-3.3.4.jar to class loader default
[2025-11-02T12:54:40.317+0000] {spark_submit.py:491} INFO - 25/11/02 12:54:40 INFO Utils: Successfully started service 'org.apache.spark.network.netty.NettyBlockTransferService' on port 46277.
[2025-11-02T12:54:40.317+0000] {spark_submit.py:491} INFO - 25/11/02 12:54:40 INFO NettyBlockTransferService: Server created on ec57452a9f33:46277
[2025-11-02T12:54:40.318+0000] {spark_submit.py:491} INFO - 25/11/02 12:54:40 INFO BlockManager: Using org.apache.spark.storage.RandomBlockReplicationPolicy for block replication policy
[2025-11-02T12:54:40.321+0000] {spark_submit.py:491} INFO - 25/11/02 12:54:40 INFO BlockManagerMaster: Registering BlockManager BlockManagerId(driver, ec57452a9f33, 46277, None)
[2025-11-02T12:54:40.322+0000] {spark_submit.py:491} INFO - 25/11/02 12:54:40 INFO BlockManagerMasterEndpoint: Registering block manager ec57452a9f33:46277 with 434.4 MiB RAM, BlockManagerId(driver, ec57452a9f33, 46277, None)
[2025-11-02T12:54:40.323+0000] {spark_submit.py:491} INFO - 25/11/02 12:54:40 INFO BlockManagerMaster: Registered BlockManager BlockManagerId(driver, ec57452a9f33, 46277, None)
[2025-11-02T12:54:40.323+0000] {spark_submit.py:491} INFO - 25/11/02 12:54:40 INFO BlockManager: Initialized BlockManager: BlockManagerId(driver, ec57452a9f33, 46277, None)
[2025-11-02T12:54:41.401+0000] {spark_submit.py:491} INFO - 25/11/02 12:54:41 WARN MetricsConfig: Cannot locate configuration: tried hadoop-metrics2-s3a-file-system.properties,hadoop-metrics2.properties
[2025-11-02T12:54:42.137+0000] {spark_submit.py:491} INFO - Created/verified trips table
[2025-11-02T12:54:42.139+0000] {spark_submit.py:491} INFO - Reading data from: /opt/***/data/raw/yellow_tripdata_2025-11.parquet
[2025-11-02T12:54:42.969+0000] {spark_submit.py:491} INFO - Raw data count: 3252717
[2025-11-02T12:54:42.970+0000] {spark_submit.py:491} INFO - root
[2025-11-02T12:54:42.971+0000] {spark_submit.py:491} INFO - |-- VendorID: long (nullable = true)
[2025-11-02T12:54:42.971+0000] {spark_submit.py:491} INFO - |-- tpep_pickup_datetime: timestamp_ntz (nullable = true)
[2025-11-02T12:54:42.971+0000] {spark_submit.py:491} INFO - |-- tpep_dropoff_datetime: timestamp_ntz (nullable = true)
[2025-11-02T12:54:42.971+0000] {spark_submit.py:491} INFO - |-- passenger_count: double (nullable = true)
[2025-11-02T12:54:42.971+0000] {spark_submit.py:491} INFO - |-- trip_distance: double (nullable = true)
[2025-11-02T12:54:42.971+0000] {spark_submit.py:491} INFO - |-- RatecodeID: double (nullable = true)
[2025-11-02T12:54:42.971+0000] {spark_submit.py:491} INFO - |-- store_and_fwd_flag: string (nullable = true)
[2025-11-02T12:54:42.971+0000] {spark_submit.py:491} INFO - |-- PULocationID: long (nullable = true)
[2025-11-02T12:54:42.971+0000] {spark_submit.py:491} INFO - |-- DOLocationID: long (nullable = true)
[2025-11-02T12:54:42.971+0000] {spark_submit.py:491} INFO - |-- payment_type: long (nullable = true)
[2025-11-02T12:54:42.972+0000] {spark_submit.py:491} INFO - |-- fare_amount: double (nullable = true)
[2025-11-02T12:54:42.972+0000] {spark_submit.py:491} INFO - |-- extra: double (nullable = true)
[2025-11-02T12:54:42.972+0000] {spark_submit.py:491} INFO - |-- mta_tax: double (nullable = true)
[2025-11-02T12:54:42.972+0000] {spark_submit.py:491} INFO - |-- tip_amount: double (nullable = true)
[2025-11-02T12:54:42.972+0000] {spark_submit.py:491} INFO - |-- tolls_amount: double (nullable = true)
[2025-11-02T12:54:42.972+0000] {spark_submit.py:491} INFO - |-- improvement_surcharge: double (nullable = true)
[2025-11-02T12:54:42.972+0000] {spark_submit.py:491} INFO - |-- total_amount: double (nullable = true)
[2025-11-02T12:54:42.972+0000] {spark_submit.py:491} INFO - |-- congestion_surcharge: double (nullable = true)
[2025-11-02T12:54:42.972+0000] {spark_submit.py:491} INFO - |-- airport_fee: double (nullable = true)
[2025-11-02T12:54:42.972+0000] {spark_submit.py:491} INFO - 
[2025-11-02T12:54:43.692+0000] {spark_submit.py:491} INFO - Processed data count: 3019653
[2025-11-02T12:54:50.160+0000] {spark_submit.py:491} INFO - Successfully wrote data to Iceberg table
[2025-11-02T12:54:51.265+0000] {spark_submit.py:491} INFO - +----+-----+----------+------------------+------------------+
[2025-11-02T12:54:51.266+0000] {spark_submit.py:491} INFO - |year|month|trip_count|      avg_distance|        avg_amount|
[2025-11-02T12:54:51.266+0000] {spark_submit.py:491} INFO - +----+-----+----------+------------------+------------------+
[2025-11-02T12:54:51.267+0000] {spark_submit.py:491} INFO - |2022|   12|        57|2.8629824561403505|20.792280701754382|
[2025-11-02T12:54:51.267+0000] {spark_submit.py:491} INFO - |2022|   11|   3019559|3.6727699773374036|21.917788524301486|
[2025-11-02T12:54:51.267+0000] {spark_submit.py:491} INFO - |2022|   10|        32|          5.545625| 26.39656249999999|
[2025-11-02T12:54:51.268+0000] {spark_submit.py:491} INFO - |2009|    1|         2|             2.955|             18.55|
[2025-11-02T12:54:51.268+0000] {spark_submit.py:491} INFO - |2008|   12|         2|             6.095|29.534999999999997|
[2025-11-02T12:54:51.268+0000] {spark_submit.py:491} INFO - |2002|   12|         1|              8.43|             47.31|
[2025-11-02T12:54:51.268+0000] {spark_submit.py:491} INFO - +----+-----+----------+------------------+------------------+
[2025-11-02T12:54:51.268+0000] {spark_submit.py:491} INFO - 
[2025-11-02T12:54:51.439+0000] {spark_submit.py:491} INFO - 25/11/02 12:54:51 WARN HadoopTableOperations: Error reading version hint file s3a://lakehouse/warehouse/nyc_taxi/daily_summary/metadata/version-hint.text
[2025-11-02T12:54:51.439+0000] {spark_submit.py:491} INFO - java.io.FileNotFoundException: No such file or directory: s3a://lakehouse/warehouse/nyc_taxi/daily_summary/metadata/version-hint.text
[2025-11-02T12:54:51.439+0000] {spark_submit.py:491} INFO - at org.apache.hadoop.fs.s3a.S3AFileSystem.s3GetFileStatus(S3AFileSystem.java:3866)
[2025-11-02T12:54:51.439+0000] {spark_submit.py:491} INFO - at org.apache.hadoop.fs.s3a.S3AFileSystem.innerGetFileStatus(S3AFileSystem.java:3688)
[2025-11-02T12:54:51.439+0000] {spark_submit.py:491} INFO - at org.apache.hadoop.fs.s3a.S3AFileSystem.extractOrFetchSimpleFileStatus(S3AFileSystem.java:5401)
[2025-11-02T12:54:51.439+0000] {spark_submit.py:491} INFO - at org.apache.hadoop.fs.s3a.S3AFileSystem.open(S3AFileSystem.java:1465)
[2025-11-02T12:54:51.440+0000] {spark_submit.py:491} INFO - at org.apache.hadoop.fs.s3a.S3AFileSystem.open(S3AFileSystem.java:1441)
[2025-11-02T12:54:51.440+0000] {spark_submit.py:491} INFO - at org.apache.hadoop.fs.FileSystem.open(FileSystem.java:976)
[2025-11-02T12:54:51.440+0000] {spark_submit.py:491} INFO - at org.apache.iceberg.hadoop.HadoopTableOperations.findVersion(HadoopTableOperations.java:318)
[2025-11-02T12:54:51.440+0000] {spark_submit.py:491} INFO - at org.apache.iceberg.hadoop.HadoopTableOperations.refresh(HadoopTableOperations.java:104)
[2025-11-02T12:54:51.440+0000] {spark_submit.py:491} INFO - at org.apache.iceberg.BaseTransaction.lambda$commitReplaceTransaction$1(BaseTransaction.java:357)
[2025-11-02T12:54:51.440+0000] {spark_submit.py:491} INFO - at org.apache.iceberg.util.Tasks$Builder.runTaskWithRetry(Tasks.java:413)
[2025-11-02T12:54:51.440+0000] {spark_submit.py:491} INFO - at org.apache.iceberg.util.Tasks$Builder.runSingleThreaded(Tasks.java:219)
[2025-11-02T12:54:51.440+0000] {spark_submit.py:491} INFO - at org.apache.iceberg.util.Tasks$Builder.run(Tasks.java:203)
[2025-11-02T12:54:51.440+0000] {spark_submit.py:491} INFO - at org.apache.iceberg.util.Tasks$Builder.run(Tasks.java:196)
[2025-11-02T12:54:51.440+0000] {spark_submit.py:491} INFO - at org.apache.iceberg.BaseTransaction.commitReplaceTransaction(BaseTransaction.java:354)
[2025-11-02T12:54:51.440+0000] {spark_submit.py:491} INFO - at org.apache.iceberg.BaseTransaction.commitTransaction(BaseTransaction.java:303)
[2025-11-02T12:54:51.440+0000] {spark_submit.py:491} INFO - at org.apache.iceberg.CommitCallbackTransaction.commitTransaction(CommitCallbackTransaction.java:121)
[2025-11-02T12:54:51.440+0000] {spark_submit.py:491} INFO - at org.apache.iceberg.spark.source.StagedSparkTable.commitStagedChanges(StagedSparkTable.java:34)
[2025-11-02T12:54:51.440+0000] {spark_submit.py:491} INFO - at org.apache.spark.sql.execution.datasources.v2.V2CreateTableAsSelectBaseExec.$anonfun$writeToTable$1(WriteToDataSourceV2Exec.scala:580)
[2025-11-02T12:54:51.441+0000] {spark_submit.py:491} INFO - at org.apache.spark.util.Utils$.tryWithSafeFinallyAndFailureCallbacks(Utils.scala:1397)
[2025-11-02T12:54:51.441+0000] {spark_submit.py:491} INFO - at org.apache.spark.sql.execution.datasources.v2.V2CreateTableAsSelectBaseExec.writeToTable(WriteToDataSourceV2Exec.scala:573)
[2025-11-02T12:54:51.441+0000] {spark_submit.py:491} INFO - at org.apache.spark.sql.execution.datasources.v2.V2CreateTableAsSelectBaseExec.writeToTable$(WriteToDataSourceV2Exec.scala:567)
[2025-11-02T12:54:51.441+0000] {spark_submit.py:491} INFO - at org.apache.spark.sql.execution.datasources.v2.AtomicReplaceTableAsSelectExec.writeToTable(WriteToDataSourceV2Exec.scala:183)
[2025-11-02T12:54:51.441+0000] {spark_submit.py:491} INFO - at org.apache.spark.sql.execution.datasources.v2.AtomicReplaceTableAsSelectExec.run(WriteToDataSourceV2Exec.scala:216)
[2025-11-02T12:54:51.441+0000] {spark_submit.py:491} INFO - at org.apache.spark.sql.execution.datasources.v2.V2CommandExec.result$lzycompute(V2CommandExec.scala:43)
[2025-11-02T12:54:51.441+0000] {spark_submit.py:491} INFO - at org.apache.spark.sql.execution.datasources.v2.V2CommandExec.result(V2CommandExec.scala:43)
[2025-11-02T12:54:51.441+0000] {spark_submit.py:491} INFO - at org.apache.spark.sql.execution.datasources.v2.V2CommandExec.executeCollect(V2CommandExec.scala:49)
[2025-11-02T12:54:51.441+0000] {spark_submit.py:491} INFO - at org.apache.spark.sql.execution.QueryExecution$$anonfun$eagerlyExecuteCommands$1.$anonfun$applyOrElse$1(QueryExecution.scala:107)
[2025-11-02T12:54:51.441+0000] {spark_submit.py:491} INFO - at org.apache.spark.sql.execution.SQLExecution$.$anonfun$withNewExecutionId$6(SQLExecution.scala:125)
[2025-11-02T12:54:51.442+0000] {spark_submit.py:491} INFO - at org.apache.spark.sql.execution.SQLExecution$.withSQLConfPropagated(SQLExecution.scala:201)
[2025-11-02T12:54:51.442+0000] {spark_submit.py:491} INFO - at org.apache.spark.sql.execution.SQLExecution$.$anonfun$withNewExecutionId$1(SQLExecution.scala:108)
[2025-11-02T12:54:51.442+0000] {spark_submit.py:491} INFO - at org.apache.spark.sql.SparkSession.withActive(SparkSession.scala:900)
[2025-11-02T12:54:51.442+0000] {spark_submit.py:491} INFO - at org.apache.spark.sql.execution.SQLExecution$.withNewExecutionId(SQLExecution.scala:66)
[2025-11-02T12:54:51.442+0000] {spark_submit.py:491} INFO - at org.apache.spark.sql.execution.QueryExecution$$anonfun$eagerlyExecuteCommands$1.applyOrElse(QueryExecution.scala:107)
[2025-11-02T12:54:51.442+0000] {spark_submit.py:491} INFO - at org.apache.spark.sql.execution.QueryExecution$$anonfun$eagerlyExecuteCommands$1.applyOrElse(QueryExecution.scala:98)
[2025-11-02T12:54:51.442+0000] {spark_submit.py:491} INFO - at org.apache.spark.sql.catalyst.trees.TreeNode.$anonfun$transformDownWithPruning$1(TreeNode.scala:461)
[2025-11-02T12:54:51.445+0000] {spark_submit.py:491} INFO - at org.apache.spark.sql.catalyst.trees.CurrentOrigin$.withOrigin(origin.scala:76)
[2025-11-02T12:54:51.445+0000] {spark_submit.py:491} INFO - at org.apache.spark.sql.catalyst.trees.TreeNode.transformDownWithPruning(TreeNode.scala:461)
[2025-11-02T12:54:51.445+0000] {spark_submit.py:491} INFO - at org.apache.spark.sql.catalyst.plans.logical.LogicalPlan.org$apache$spark$sql$catalyst$plans$logical$AnalysisHelper$$super$transformDownWithPruning(LogicalPlan.scala:32)
[2025-11-02T12:54:51.445+0000] {spark_submit.py:491} INFO - at org.apache.spark.sql.catalyst.plans.logical.AnalysisHelper.transformDownWithPruning(AnalysisHelper.scala:267)
[2025-11-02T12:54:51.446+0000] {spark_submit.py:491} INFO - at org.apache.spark.sql.catalyst.plans.logical.AnalysisHelper.transformDownWithPruning$(AnalysisHelper.scala:263)
[2025-11-02T12:54:51.446+0000] {spark_submit.py:491} INFO - at org.apache.spark.sql.catalyst.plans.logical.LogicalPlan.transformDownWithPruning(LogicalPlan.scala:32)
[2025-11-02T12:54:51.447+0000] {spark_submit.py:491} INFO - at org.apache.spark.sql.catalyst.plans.logical.LogicalPlan.transformDownWithPruning(LogicalPlan.scala:32)
[2025-11-02T12:54:51.447+0000] {spark_submit.py:491} INFO - at org.apache.spark.sql.catalyst.trees.TreeNode.transformDown(TreeNode.scala:437)
[2025-11-02T12:54:51.447+0000] {spark_submit.py:491} INFO - at org.apache.spark.sql.execution.QueryExecution.eagerlyExecuteCommands(QueryExecution.scala:98)
[2025-11-02T12:54:51.447+0000] {spark_submit.py:491} INFO - at org.apache.spark.sql.execution.QueryExecution.commandExecuted$lzycompute(QueryExecution.scala:85)
[2025-11-02T12:54:51.448+0000] {spark_submit.py:491} INFO - at org.apache.spark.sql.execution.QueryExecution.commandExecuted(QueryExecution.scala:83)
[2025-11-02T12:54:51.449+0000] {spark_submit.py:491} INFO - at org.apache.spark.sql.Dataset.<init>(Dataset.scala:220)
[2025-11-02T12:54:51.449+0000] {spark_submit.py:491} INFO - at org.apache.spark.sql.Dataset$.$anonfun$ofRows$2(Dataset.scala:100)
[2025-11-02T12:54:51.449+0000] {spark_submit.py:491} INFO - at org.apache.spark.sql.SparkSession.withActive(SparkSession.scala:900)
[2025-11-02T12:54:51.449+0000] {spark_submit.py:491} INFO - at org.apache.spark.sql.Dataset$.ofRows(Dataset.scala:97)
[2025-11-02T12:54:51.449+0000] {spark_submit.py:491} INFO - at org.apache.spark.sql.SparkSession.$anonfun$sql$1(SparkSession.scala:638)
[2025-11-02T12:54:51.449+0000] {spark_submit.py:491} INFO - at org.apache.spark.sql.SparkSession.withActive(SparkSession.scala:900)
[2025-11-02T12:54:51.449+0000] {spark_submit.py:491} INFO - at org.apache.spark.sql.SparkSession.sql(SparkSession.scala:629)
[2025-11-02T12:54:51.449+0000] {spark_submit.py:491} INFO - at org.apache.spark.sql.SparkSession.sql(SparkSession.scala:659)
[2025-11-02T12:54:51.450+0000] {spark_submit.py:491} INFO - at java.base/jdk.internal.reflect.NativeMethodAccessorImpl.invoke0(Native Method)
[2025-11-02T12:54:51.450+0000] {spark_submit.py:491} INFO - at java.base/jdk.internal.reflect.NativeMethodAccessorImpl.invoke(NativeMethodAccessorImpl.java:62)
[2025-11-02T12:54:51.450+0000] {spark_submit.py:491} INFO - at java.base/jdk.internal.reflect.DelegatingMethodAccessorImpl.invoke(DelegatingMethodAccessorImpl.java:43)
[2025-11-02T12:54:51.450+0000] {spark_submit.py:491} INFO - at java.base/java.lang.reflect.Method.invoke(Method.java:566)
[2025-11-02T12:54:51.450+0000] {spark_submit.py:491} INFO - at py4j.reflection.MethodInvoker.invoke(MethodInvoker.java:244)
[2025-11-02T12:54:51.450+0000] {spark_submit.py:491} INFO - at py4j.reflection.ReflectionEngine.invoke(ReflectionEngine.java:374)
[2025-11-02T12:54:51.450+0000] {spark_submit.py:491} INFO - at py4j.Gateway.invoke(Gateway.java:282)
[2025-11-02T12:54:51.450+0000] {spark_submit.py:491} INFO - at py4j.commands.AbstractCommand.invokeMethod(AbstractCommand.java:132)
[2025-11-02T12:54:51.450+0000] {spark_submit.py:491} INFO - at py4j.commands.CallCommand.execute(CallCommand.java:79)
[2025-11-02T12:54:51.450+0000] {spark_submit.py:491} INFO - at py4j.ClientServerConnection.waitForCommands(ClientServerConnection.java:182)
[2025-11-02T12:54:51.450+0000] {spark_submit.py:491} INFO - at py4j.ClientServerConnection.run(ClientServerConnection.java:106)
[2025-11-02T12:54:51.450+0000] {spark_submit.py:491} INFO - at java.base/java.lang.Thread.run(Thread.java:829)
[2025-11-02T12:54:51.452+0000] {spark_submit.py:491} INFO - 25/11/02 12:54:51 WARN HadoopTableOperations: Error reading version hint file s3a://lakehouse/warehouse/nyc_taxi/daily_summary/metadata/version-hint.text
[2025-11-02T12:54:51.453+0000] {spark_submit.py:491} INFO - java.io.FileNotFoundException: No such file or directory: s3a://lakehouse/warehouse/nyc_taxi/daily_summary/metadata/version-hint.text
[2025-11-02T12:54:51.453+0000] {spark_submit.py:491} INFO - at org.apache.hadoop.fs.s3a.S3AFileSystem.s3GetFileStatus(S3AFileSystem.java:3866)
[2025-11-02T12:54:51.453+0000] {spark_submit.py:491} INFO - at org.apache.hadoop.fs.s3a.S3AFileSystem.innerGetFileStatus(S3AFileSystem.java:3688)
[2025-11-02T12:54:51.453+0000] {spark_submit.py:491} INFO - at org.apache.hadoop.fs.s3a.S3AFileSystem.extractOrFetchSimpleFileStatus(S3AFileSystem.java:5401)
[2025-11-02T12:54:51.453+0000] {spark_submit.py:491} INFO - at org.apache.hadoop.fs.s3a.S3AFileSystem.open(S3AFileSystem.java:1465)
[2025-11-02T12:54:51.453+0000] {spark_submit.py:491} INFO - at org.apache.hadoop.fs.s3a.S3AFileSystem.open(S3AFileSystem.java:1441)
[2025-11-02T12:54:51.453+0000] {spark_submit.py:491} INFO - at org.apache.hadoop.fs.FileSystem.open(FileSystem.java:976)
[2025-11-02T12:54:51.453+0000] {spark_submit.py:491} INFO - at org.apache.iceberg.hadoop.HadoopTableOperations.findVersion(HadoopTableOperations.java:318)
[2025-11-02T12:54:51.454+0000] {spark_submit.py:491} INFO - at org.apache.iceberg.hadoop.HadoopTableOperations.refresh(HadoopTableOperations.java:104)
[2025-11-02T12:54:51.454+0000] {spark_submit.py:491} INFO - at org.apache.iceberg.hadoop.HadoopTableOperations.current(HadoopTableOperations.java:84)
[2025-11-02T12:54:51.454+0000] {spark_submit.py:491} INFO - at org.apache.iceberg.BaseTransaction.lambda$commitReplaceTransaction$1(BaseTransaction.java:366)
[2025-11-02T12:54:51.454+0000] {spark_submit.py:491} INFO - at org.apache.iceberg.util.Tasks$Builder.runTaskWithRetry(Tasks.java:413)
[2025-11-02T12:54:51.454+0000] {spark_submit.py:491} INFO - at org.apache.iceberg.util.Tasks$Builder.runSingleThreaded(Tasks.java:219)
[2025-11-02T12:54:51.454+0000] {spark_submit.py:491} INFO - at org.apache.iceberg.util.Tasks$Builder.run(Tasks.java:203)
[2025-11-02T12:54:51.455+0000] {spark_submit.py:491} INFO - at org.apache.iceberg.util.Tasks$Builder.run(Tasks.java:196)
[2025-11-02T12:54:51.455+0000] {spark_submit.py:491} INFO - at org.apache.iceberg.BaseTransaction.commitReplaceTransaction(BaseTransaction.java:354)
[2025-11-02T12:54:51.455+0000] {spark_submit.py:491} INFO - at org.apache.iceberg.BaseTransaction.commitTransaction(BaseTransaction.java:303)
[2025-11-02T12:54:51.455+0000] {spark_submit.py:491} INFO - at org.apache.iceberg.CommitCallbackTransaction.commitTransaction(CommitCallbackTransaction.java:121)
[2025-11-02T12:54:51.455+0000] {spark_submit.py:491} INFO - at org.apache.iceberg.spark.source.StagedSparkTable.commitStagedChanges(StagedSparkTable.java:34)
[2025-11-02T12:54:51.455+0000] {spark_submit.py:491} INFO - at org.apache.spark.sql.execution.datasources.v2.V2CreateTableAsSelectBaseExec.$anonfun$writeToTable$1(WriteToDataSourceV2Exec.scala:580)
[2025-11-02T12:54:51.455+0000] {spark_submit.py:491} INFO - at org.apache.spark.util.Utils$.tryWithSafeFinallyAndFailureCallbacks(Utils.scala:1397)
[2025-11-02T12:54:51.455+0000] {spark_submit.py:491} INFO - at org.apache.spark.sql.execution.datasources.v2.V2CreateTableAsSelectBaseExec.writeToTable(WriteToDataSourceV2Exec.scala:573)
[2025-11-02T12:54:51.455+0000] {spark_submit.py:491} INFO - at org.apache.spark.sql.execution.datasources.v2.V2CreateTableAsSelectBaseExec.writeToTable$(WriteToDataSourceV2Exec.scala:567)
[2025-11-02T12:54:51.455+0000] {spark_submit.py:491} INFO - at org.apache.spark.sql.execution.datasources.v2.AtomicReplaceTableAsSelectExec.writeToTable(WriteToDataSourceV2Exec.scala:183)
[2025-11-02T12:54:51.455+0000] {spark_submit.py:491} INFO - at org.apache.spark.sql.execution.datasources.v2.AtomicReplaceTableAsSelectExec.run(WriteToDataSourceV2Exec.scala:216)
[2025-11-02T12:54:51.456+0000] {spark_submit.py:491} INFO - at org.apache.spark.sql.execution.datasources.v2.V2CommandExec.result$lzycompute(V2CommandExec.scala:43)
[2025-11-02T12:54:51.456+0000] {spark_submit.py:491} INFO - at org.apache.spark.sql.execution.datasources.v2.V2CommandExec.result(V2CommandExec.scala:43)
[2025-11-02T12:54:51.456+0000] {spark_submit.py:491} INFO - at org.apache.spark.sql.execution.datasources.v2.V2CommandExec.executeCollect(V2CommandExec.scala:49)
[2025-11-02T12:54:51.456+0000] {spark_submit.py:491} INFO - at org.apache.spark.sql.execution.QueryExecution$$anonfun$eagerlyExecuteCommands$1.$anonfun$applyOrElse$1(QueryExecution.scala:107)
[2025-11-02T12:54:51.457+0000] {spark_submit.py:491} INFO - at org.apache.spark.sql.execution.SQLExecution$.$anonfun$withNewExecutionId$6(SQLExecution.scala:125)
[2025-11-02T12:54:51.457+0000] {spark_submit.py:491} INFO - at org.apache.spark.sql.execution.SQLExecution$.withSQLConfPropagated(SQLExecution.scala:201)
[2025-11-02T12:54:51.457+0000] {spark_submit.py:491} INFO - at org.apache.spark.sql.execution.SQLExecution$.$anonfun$withNewExecutionId$1(SQLExecution.scala:108)
[2025-11-02T12:54:51.457+0000] {spark_submit.py:491} INFO - at org.apache.spark.sql.SparkSession.withActive(SparkSession.scala:900)
[2025-11-02T12:54:51.457+0000] {spark_submit.py:491} INFO - at org.apache.spark.sql.execution.SQLExecution$.withNewExecutionId(SQLExecution.scala:66)
[2025-11-02T12:54:51.457+0000] {spark_submit.py:491} INFO - at org.apache.spark.sql.execution.QueryExecution$$anonfun$eagerlyExecuteCommands$1.applyOrElse(QueryExecution.scala:107)
[2025-11-02T12:54:51.457+0000] {spark_submit.py:491} INFO - at org.apache.spark.sql.execution.QueryExecution$$anonfun$eagerlyExecuteCommands$1.applyOrElse(QueryExecution.scala:98)
[2025-11-02T12:54:51.457+0000] {spark_submit.py:491} INFO - at org.apache.spark.sql.catalyst.trees.TreeNode.$anonfun$transformDownWithPruning$1(TreeNode.scala:461)
[2025-11-02T12:54:51.457+0000] {spark_submit.py:491} INFO - at org.apache.spark.sql.catalyst.trees.CurrentOrigin$.withOrigin(origin.scala:76)
[2025-11-02T12:54:51.458+0000] {spark_submit.py:491} INFO - at org.apache.spark.sql.catalyst.trees.TreeNode.transformDownWithPruning(TreeNode.scala:461)
[2025-11-02T12:54:51.458+0000] {spark_submit.py:491} INFO - at org.apache.spark.sql.catalyst.plans.logical.LogicalPlan.org$apache$spark$sql$catalyst$plans$logical$AnalysisHelper$$super$transformDownWithPruning(LogicalPlan.scala:32)
[2025-11-02T12:54:51.458+0000] {spark_submit.py:491} INFO - at org.apache.spark.sql.catalyst.plans.logical.AnalysisHelper.transformDownWithPruning(AnalysisHelper.scala:267)
[2025-11-02T12:54:51.458+0000] {spark_submit.py:491} INFO - at org.apache.spark.sql.catalyst.plans.logical.AnalysisHelper.transformDownWithPruning$(AnalysisHelper.scala:263)
[2025-11-02T12:54:51.458+0000] {spark_submit.py:491} INFO - at org.apache.spark.sql.catalyst.plans.logical.LogicalPlan.transformDownWithPruning(LogicalPlan.scala:32)
[2025-11-02T12:54:51.460+0000] {spark_submit.py:491} INFO - at org.apache.spark.sql.catalyst.plans.logical.LogicalPlan.transformDownWithPruning(LogicalPlan.scala:32)
[2025-11-02T12:54:51.460+0000] {spark_submit.py:491} INFO - at org.apache.spark.sql.catalyst.trees.TreeNode.transformDown(TreeNode.scala:437)
[2025-11-02T12:54:51.460+0000] {spark_submit.py:491} INFO - at org.apache.spark.sql.execution.QueryExecution.eagerlyExecuteCommands(QueryExecution.scala:98)
[2025-11-02T12:54:51.460+0000] {spark_submit.py:491} INFO - at org.apache.spark.sql.execution.QueryExecution.commandExecuted$lzycompute(QueryExecution.scala:85)
[2025-11-02T12:54:51.460+0000] {spark_submit.py:491} INFO - at org.apache.spark.sql.execution.QueryExecution.commandExecuted(QueryExecution.scala:83)
[2025-11-02T12:54:51.460+0000] {spark_submit.py:491} INFO - at org.apache.spark.sql.Dataset.<init>(Dataset.scala:220)
[2025-11-02T12:54:51.461+0000] {spark_submit.py:491} INFO - at org.apache.spark.sql.Dataset$.$anonfun$ofRows$2(Dataset.scala:100)
[2025-11-02T12:54:51.461+0000] {spark_submit.py:491} INFO - at org.apache.spark.sql.SparkSession.withActive(SparkSession.scala:900)
[2025-11-02T12:54:51.461+0000] {spark_submit.py:491} INFO - at org.apache.spark.sql.Dataset$.ofRows(Dataset.scala:97)
[2025-11-02T12:54:51.461+0000] {spark_submit.py:491} INFO - at org.apache.spark.sql.SparkSession.$anonfun$sql$1(SparkSession.scala:638)
[2025-11-02T12:54:51.461+0000] {spark_submit.py:491} INFO - at org.apache.spark.sql.SparkSession.withActive(SparkSession.scala:900)
[2025-11-02T12:54:51.461+0000] {spark_submit.py:491} INFO - at org.apache.spark.sql.SparkSession.sql(SparkSession.scala:629)
[2025-11-02T12:54:51.462+0000] {spark_submit.py:491} INFO - at org.apache.spark.sql.SparkSession.sql(SparkSession.scala:659)
[2025-11-02T12:54:51.462+0000] {spark_submit.py:491} INFO - at java.base/jdk.internal.reflect.NativeMethodAccessorImpl.invoke0(Native Method)
[2025-11-02T12:54:51.462+0000] {spark_submit.py:491} INFO - at java.base/jdk.internal.reflect.NativeMethodAccessorImpl.invoke(NativeMethodAccessorImpl.java:62)
[2025-11-02T12:54:51.462+0000] {spark_submit.py:491} INFO - at java.base/jdk.internal.reflect.DelegatingMethodAccessorImpl.invoke(DelegatingMethodAccessorImpl.java:43)
[2025-11-02T12:54:51.462+0000] {spark_submit.py:491} INFO - at java.base/java.lang.reflect.Method.invoke(Method.java:566)
[2025-11-02T12:54:51.462+0000] {spark_submit.py:491} INFO - at py4j.reflection.MethodInvoker.invoke(MethodInvoker.java:244)
[2025-11-02T12:54:51.462+0000] {spark_submit.py:491} INFO - at py4j.reflection.ReflectionEngine.invoke(ReflectionEngine.java:374)
[2025-11-02T12:54:51.462+0000] {spark_submit.py:491} INFO - at py4j.Gateway.invoke(Gateway.java:282)
[2025-11-02T12:54:51.463+0000] {spark_submit.py:491} INFO - at py4j.commands.AbstractCommand.invokeMethod(AbstractCommand.java:132)
[2025-11-02T12:54:51.463+0000] {spark_submit.py:491} INFO - at py4j.commands.CallCommand.execute(CallCommand.java:79)
[2025-11-02T12:54:51.463+0000] {spark_submit.py:491} INFO - at py4j.ClientServerConnection.waitForCommands(ClientServerConnection.java:182)
[2025-11-02T12:54:51.463+0000] {spark_submit.py:491} INFO - at py4j.ClientServerConnection.run(ClientServerConnection.java:106)
[2025-11-02T12:54:51.463+0000] {spark_submit.py:491} INFO - at java.base/java.lang.Thread.run(Thread.java:829)
[2025-11-02T12:54:51.498+0000] {spark_submit.py:491} INFO - Created daily summary table
[2025-11-02T12:54:51.498+0000] {spark_submit.py:491} INFO - ETL job completed successfully!
[2025-11-02T12:54:52.000+0000] {taskinstance.py:1398} INFO - Marking task as SUCCESS. dag_id=nyc_taxi_iceberg_etl, task_id=spark_process_to_iceberg, execution_date=20251102T125429, start_date=20251102T125438, end_date=20251102T125452
[2025-11-02T12:54:52.011+0000] {local_task_job_runner.py:228} INFO - Task exited with return code 0
[2025-11-02T12:54:52.019+0000] {taskinstance.py:2776} INFO - 1 downstream tasks scheduled from follow-on schedule check
