[2025-10-28T13:07:52.387+0000] {taskinstance.py:1157} INFO - Dependencies all met for dep_context=non-requeueable deps ti=<TaskInstance: nyc_weather_etl.spark_process_weather_to_iceberg manual__2025-10-28T13:07:37.074751+00:00 [queued]>
[2025-10-28T13:07:52.392+0000] {taskinstance.py:1157} INFO - Dependencies all met for dep_context=requeueable deps ti=<TaskInstance: nyc_weather_etl.spark_process_weather_to_iceberg manual__2025-10-28T13:07:37.074751+00:00 [queued]>
[2025-10-28T13:07:52.392+0000] {taskinstance.py:1359} INFO - Starting attempt 1 of 1
[2025-10-28T13:07:52.459+0000] {taskinstance.py:1380} INFO - Executing <Task(SparkSubmitOperator): spark_process_weather_to_iceberg> on 2025-10-28 13:07:37.074751+00:00
[2025-10-28T13:07:52.462+0000] {standard_task_runner.py:57} INFO - Started process 845 to run task
[2025-10-28T13:07:52.465+0000] {standard_task_runner.py:84} INFO - Running: ['***', 'tasks', 'run', 'nyc_weather_etl', 'spark_process_weather_to_iceberg', 'manual__2025-10-28T13:07:37.074751+00:00', '--job-id', '10', '--raw', '--subdir', 'DAGS_FOLDER/nyc_weather_etl.py', '--cfg-path', '/tmp/tmps6exf740']
[2025-10-28T13:07:52.468+0000] {standard_task_runner.py:85} INFO - Job 10: Subtask spark_process_weather_to_iceberg
[2025-10-28T13:07:52.490+0000] {task_command.py:415} INFO - Running <TaskInstance: nyc_weather_etl.spark_process_weather_to_iceberg manual__2025-10-28T13:07:37.074751+00:00 [running]> on host c6c4842a6e7c
[2025-10-28T13:07:52.530+0000] {taskinstance.py:1660} INFO - Exporting env vars: AIRFLOW_CTX_DAG_OWNER='data-engineering' AIRFLOW_CTX_DAG_ID='nyc_weather_etl' AIRFLOW_CTX_TASK_ID='spark_process_weather_to_iceberg' AIRFLOW_CTX_EXECUTION_DATE='2025-10-28T13:07:37.074751+00:00' AIRFLOW_CTX_TRY_NUMBER='1' AIRFLOW_CTX_DAG_RUN_ID='manual__2025-10-28T13:07:37.074751+00:00'
[2025-10-28T13:07:52.531+0000] {base.py:73} INFO - Using connection ID 'spark_default' for task execution.
[2025-10-28T13:07:52.532+0000] {spark_submit.py:340} INFO - Spark-Submit cmd: /opt/bitnami/spark/bin/spark-submit --master spark-master:7077 --conf spark.master=spark://spark-master:7077 --conf spark.sql.catalog.spark_catalog=org.apache.iceberg.spark.SparkSessionCatalog --conf spark.sql.catalog.spark_catalog.type=hive --conf spark.sql.catalog.iceberg=org.apache.iceberg.spark.SparkCatalog --conf spark.sql.catalog.iceberg.type=hadoop --conf spark.sql.catalog.iceberg.warehouse=s3a://lakehouse/warehouse --conf spark.sql.extensions=org.apache.iceberg.spark.extensions.IcebergSparkSessionExtensions --conf spark.hadoop.fs.s3a.endpoint=http://minio:9000 --conf spark.hadoop.fs.s3a.access.key=admin --conf spark.hadoop.fs.s3a.secret.key=****** --conf spark.hadoop.fs.s3a.path.style.access=true --conf spark.hadoop.fs.s3a.impl=org.apache.hadoop.fs.s3a.S3AFileSystem --jars /opt/***/jars/iceberg-spark-runtime-3.5_2.12-1.4.2.jar,/opt/***/jars/aws-java-sdk-bundle-1.12.367.jar,/opt/***/jars/hadoop-aws-3.3.4.jar --name arrow-spark /opt/***/dags/spark_jobs/weather_to_iceberg.py /opt/***/data/weather/weather_data_20251028_13.json
[2025-10-28T13:07:53.447+0000] {spark_submit.py:491} INFO - 25/10/28 13:07:53 WARN NativeCodeLoader: Unable to load native-hadoop library for your platform... using builtin-java classes where applicable
[2025-10-28T13:07:54.118+0000] {spark_submit.py:491} INFO - 25/10/28 13:07:54 INFO SparkContext: Running Spark version 3.5.1
[2025-10-28T13:07:54.118+0000] {spark_submit.py:491} INFO - 25/10/28 13:07:54 INFO SparkContext: OS info Linux, 6.10.14-linuxkit, aarch64
[2025-10-28T13:07:54.119+0000] {spark_submit.py:491} INFO - 25/10/28 13:07:54 INFO SparkContext: Java version 11.0.28
[2025-10-28T13:07:54.131+0000] {spark_submit.py:491} INFO - 25/10/28 13:07:54 INFO ResourceUtils: ==============================================================
[2025-10-28T13:07:54.131+0000] {spark_submit.py:491} INFO - 25/10/28 13:07:54 INFO ResourceUtils: No custom resources configured for spark.driver.
[2025-10-28T13:07:54.131+0000] {spark_submit.py:491} INFO - 25/10/28 13:07:54 INFO ResourceUtils: ==============================================================
[2025-10-28T13:07:54.132+0000] {spark_submit.py:491} INFO - 25/10/28 13:07:54 INFO SparkContext: Submitted application: Weather to Iceberg ETL
[2025-10-28T13:07:54.141+0000] {spark_submit.py:491} INFO - 25/10/28 13:07:54 INFO ResourceProfile: Default ResourceProfile created, executor resources: Map(cores -> name: cores, amount: 1, script: , vendor: , memory -> name: memory, amount: 1024, script: , vendor: , offHeap -> name: offHeap, amount: 0, script: , vendor: ), task resources: Map(cpus -> name: cpus, amount: 1.0)
[2025-10-28T13:07:54.146+0000] {spark_submit.py:491} INFO - 25/10/28 13:07:54 INFO ResourceProfile: Limiting resource is cpu
[2025-10-28T13:07:54.146+0000] {spark_submit.py:491} INFO - 25/10/28 13:07:54 INFO ResourceProfileManager: Added ResourceProfile id: 0
[2025-10-28T13:07:54.180+0000] {spark_submit.py:491} INFO - 25/10/28 13:07:54 INFO SecurityManager: Changing view acls to: ***
[2025-10-28T13:07:54.181+0000] {spark_submit.py:491} INFO - 25/10/28 13:07:54 INFO SecurityManager: Changing modify acls to: ***
[2025-10-28T13:07:54.181+0000] {spark_submit.py:491} INFO - 25/10/28 13:07:54 INFO SecurityManager: Changing view acls groups to:
[2025-10-28T13:07:54.181+0000] {spark_submit.py:491} INFO - 25/10/28 13:07:54 INFO SecurityManager: Changing modify acls groups to:
[2025-10-28T13:07:54.181+0000] {spark_submit.py:491} INFO - 25/10/28 13:07:54 INFO SecurityManager: SecurityManager: authentication disabled; ui acls disabled; users with view permissions: ***; groups with view permissions: EMPTY; users with modify permissions: ***; groups with modify permissions: EMPTY
[2025-10-28T13:07:54.278+0000] {spark_submit.py:491} INFO - 25/10/28 13:07:54 INFO Utils: Successfully started service 'sparkDriver' on port 35831.
[2025-10-28T13:07:54.291+0000] {spark_submit.py:491} INFO - 25/10/28 13:07:54 INFO SparkEnv: Registering MapOutputTracker
[2025-10-28T13:07:54.306+0000] {spark_submit.py:491} INFO - 25/10/28 13:07:54 INFO SparkEnv: Registering BlockManagerMaster
[2025-10-28T13:07:54.315+0000] {spark_submit.py:491} INFO - 25/10/28 13:07:54 INFO BlockManagerMasterEndpoint: Using org.apache.spark.storage.DefaultTopologyMapper for getting topology information
[2025-10-28T13:07:54.315+0000] {spark_submit.py:491} INFO - 25/10/28 13:07:54 INFO BlockManagerMasterEndpoint: BlockManagerMasterEndpoint up
[2025-10-28T13:07:54.317+0000] {spark_submit.py:491} INFO - 25/10/28 13:07:54 INFO SparkEnv: Registering BlockManagerMasterHeartbeat
[2025-10-28T13:07:54.329+0000] {spark_submit.py:491} INFO - 25/10/28 13:07:54 INFO DiskBlockManager: Created local directory at /tmp/blockmgr-cde6c61e-6e87-483e-aec3-3d84a97aef88
[2025-10-28T13:07:54.337+0000] {spark_submit.py:491} INFO - 25/10/28 13:07:54 INFO MemoryStore: MemoryStore started with capacity 434.4 MiB
[2025-10-28T13:07:54.344+0000] {spark_submit.py:491} INFO - 25/10/28 13:07:54 INFO SparkEnv: Registering OutputCommitCoordinator
[2025-10-28T13:07:54.417+0000] {spark_submit.py:491} INFO - 25/10/28 13:07:54 INFO JettyUtils: Start Jetty 0.0.0.0:4040 for SparkUI
[2025-10-28T13:07:54.453+0000] {spark_submit.py:491} INFO - 25/10/28 13:07:54 INFO Utils: Successfully started service 'SparkUI' on port 4040.
[2025-10-28T13:07:54.471+0000] {spark_submit.py:491} INFO - 25/10/28 13:07:54 INFO SparkContext: Added JAR file:///opt/***/jars/iceberg-spark-runtime-3.5_2.12-1.4.2.jar at spark://c6c4842a6e7c:35831/jars/iceberg-spark-runtime-3.5_2.12-1.4.2.jar with timestamp 1761656874114
[2025-10-28T13:07:54.472+0000] {spark_submit.py:491} INFO - 25/10/28 13:07:54 INFO SparkContext: Added JAR file:///opt/***/jars/aws-java-sdk-bundle-1.12.367.jar at spark://c6c4842a6e7c:35831/jars/aws-java-sdk-bundle-1.12.367.jar with timestamp 1761656874114
[2025-10-28T13:07:54.473+0000] {spark_submit.py:491} INFO - 25/10/28 13:07:54 INFO SparkContext: Added JAR file:///opt/***/jars/hadoop-aws-3.3.4.jar at spark://c6c4842a6e7c:35831/jars/hadoop-aws-3.3.4.jar with timestamp 1761656874114
[2025-10-28T13:07:54.565+0000] {spark_submit.py:491} INFO - 25/10/28 13:07:54 INFO Executor: Starting executor ID driver on host c6c4842a6e7c
[2025-10-28T13:07:54.566+0000] {spark_submit.py:491} INFO - 25/10/28 13:07:54 INFO Executor: OS info Linux, 6.10.14-linuxkit, aarch64
[2025-10-28T13:07:54.566+0000] {spark_submit.py:491} INFO - 25/10/28 13:07:54 INFO Executor: Java version 11.0.28
[2025-10-28T13:07:54.568+0000] {spark_submit.py:491} INFO - 25/10/28 13:07:54 INFO Executor: Starting executor with user classpath (userClassPathFirst = false): ''
[2025-10-28T13:07:54.568+0000] {spark_submit.py:491} INFO - 25/10/28 13:07:54 INFO Executor: Created or updated repl class loader org.apache.spark.util.MutableURLClassLoader@40c34ab5 for default.
[2025-10-28T13:07:54.586+0000] {spark_submit.py:491} INFO - 25/10/28 13:07:54 INFO Executor: Fetching spark://c6c4842a6e7c:35831/jars/aws-java-sdk-bundle-1.12.367.jar with timestamp 1761656874114
[2025-10-28T13:07:54.632+0000] {spark_submit.py:491} INFO - 25/10/28 13:07:54 INFO TransportClientFactory: Successfully created connection to c6c4842a6e7c/172.18.0.9:35831 after 23 ms (0 ms spent in bootstraps)
[2025-10-28T13:07:54.635+0000] {spark_submit.py:491} INFO - 25/10/28 13:07:54 INFO Utils: Fetching spark://c6c4842a6e7c:35831/jars/aws-java-sdk-bundle-1.12.367.jar to /tmp/spark-b46f32c0-cb31-45d9-a0ce-a44341f72efa/userFiles-afb417da-5531-40b3-80c4-cbf668572601/fetchFileTemp3263126292701342390.tmp
[2025-10-28T13:07:55.010+0000] {spark_submit.py:491} INFO - 25/10/28 13:07:55 INFO Executor: Adding file:/tmp/spark-b46f32c0-cb31-45d9-a0ce-a44341f72efa/userFiles-afb417da-5531-40b3-80c4-cbf668572601/aws-java-sdk-bundle-1.12.367.jar to class loader default
[2025-10-28T13:07:55.010+0000] {spark_submit.py:491} INFO - 25/10/28 13:07:55 INFO Executor: Fetching spark://c6c4842a6e7c:35831/jars/iceberg-spark-runtime-3.5_2.12-1.4.2.jar with timestamp 1761656874114
[2025-10-28T13:07:55.011+0000] {spark_submit.py:491} INFO - 25/10/28 13:07:55 INFO Utils: Fetching spark://c6c4842a6e7c:35831/jars/iceberg-spark-runtime-3.5_2.12-1.4.2.jar to /tmp/spark-b46f32c0-cb31-45d9-a0ce-a44341f72efa/userFiles-afb417da-5531-40b3-80c4-cbf668572601/fetchFileTemp12637630181415150444.tmp
[2025-10-28T13:07:55.053+0000] {spark_submit.py:491} INFO - 25/10/28 13:07:55 INFO Executor: Adding file:/tmp/spark-b46f32c0-cb31-45d9-a0ce-a44341f72efa/userFiles-afb417da-5531-40b3-80c4-cbf668572601/iceberg-spark-runtime-3.5_2.12-1.4.2.jar to class loader default
[2025-10-28T13:07:55.054+0000] {spark_submit.py:491} INFO - 25/10/28 13:07:55 INFO Executor: Fetching spark://c6c4842a6e7c:35831/jars/hadoop-aws-3.3.4.jar with timestamp 1761656874114
[2025-10-28T13:07:55.054+0000] {spark_submit.py:491} INFO - 25/10/28 13:07:55 INFO Utils: Fetching spark://c6c4842a6e7c:35831/jars/hadoop-aws-3.3.4.jar to /tmp/spark-b46f32c0-cb31-45d9-a0ce-a44341f72efa/userFiles-afb417da-5531-40b3-80c4-cbf668572601/fetchFileTemp4812867948465634479.tmp
[2025-10-28T13:07:55.057+0000] {spark_submit.py:491} INFO - 25/10/28 13:07:55 INFO Executor: Adding file:/tmp/spark-b46f32c0-cb31-45d9-a0ce-a44341f72efa/userFiles-afb417da-5531-40b3-80c4-cbf668572601/hadoop-aws-3.3.4.jar to class loader default
[2025-10-28T13:07:55.064+0000] {spark_submit.py:491} INFO - 25/10/28 13:07:55 INFO Utils: Successfully started service 'org.apache.spark.network.netty.NettyBlockTransferService' on port 36193.
[2025-10-28T13:07:55.064+0000] {spark_submit.py:491} INFO - 25/10/28 13:07:55 INFO NettyBlockTransferService: Server created on c6c4842a6e7c:36193
[2025-10-28T13:07:55.107+0000] {spark_submit.py:491} INFO - 25/10/28 13:07:55 INFO BlockManager: Using org.apache.spark.storage.RandomBlockReplicationPolicy for block replication policy
[2025-10-28T13:07:55.144+0000] {spark_submit.py:491} INFO - 25/10/28 13:07:55 INFO BlockManagerMaster: Registering BlockManager BlockManagerId(driver, c6c4842a6e7c, 36193, None)
[2025-10-28T13:07:55.147+0000] {spark_submit.py:491} INFO - 25/10/28 13:07:55 INFO BlockManagerMasterEndpoint: Registering block manager c6c4842a6e7c:36193 with 434.4 MiB RAM, BlockManagerId(driver, c6c4842a6e7c, 36193, None)
[2025-10-28T13:07:55.169+0000] {spark_submit.py:491} INFO - 25/10/28 13:07:55 INFO BlockManagerMaster: Registered BlockManager BlockManagerId(driver, c6c4842a6e7c, 36193, None)
[2025-10-28T13:07:55.170+0000] {spark_submit.py:491} INFO - 25/10/28 13:07:55 INFO BlockManager: Initialized BlockManager: BlockManagerId(driver, c6c4842a6e7c, 36193, None)
[2025-10-28T13:07:56.714+0000] {spark_submit.py:491} INFO - 25/10/28 13:07:56 WARN MetricsConfig: Cannot locate configuration: tried hadoop-metrics2-s3a-file-system.properties,hadoop-metrics2.properties
[2025-10-28T13:07:57.414+0000] {spark_submit.py:491} INFO - Created/verified weather table
[2025-10-28T13:07:57.415+0000] {spark_submit.py:491} INFO - Reading weather data from: /opt/***/data/weather/weather_data_20251028_13.json
[2025-10-28T13:07:58.693+0000] {spark_submit.py:491} INFO - Raw weather data count: 24
[2025-10-28T13:07:58.700+0000] {spark_submit.py:491} INFO - root
[2025-10-28T13:07:58.700+0000] {spark_submit.py:491} INFO - |-- timestamp: string (nullable = true)
[2025-10-28T13:07:58.700+0000] {spark_submit.py:491} INFO - |-- location: string (nullable = true)
[2025-10-28T13:07:58.700+0000] {spark_submit.py:491} INFO - |-- latitude: double (nullable = true)
[2025-10-28T13:07:58.700+0000] {spark_submit.py:491} INFO - |-- longitude: double (nullable = true)
[2025-10-28T13:07:58.700+0000] {spark_submit.py:491} INFO - |-- temperature_celsius: double (nullable = true)
[2025-10-28T13:07:58.700+0000] {spark_submit.py:491} INFO - |-- temperature_fahrenheit: double (nullable = true)
[2025-10-28T13:07:58.701+0000] {spark_submit.py:491} INFO - |-- humidity_percent: double (nullable = true)
[2025-10-28T13:07:58.701+0000] {spark_submit.py:491} INFO - |-- pressure_hpa: double (nullable = true)
[2025-10-28T13:07:58.701+0000] {spark_submit.py:491} INFO - |-- wind_speed_kmh: double (nullable = true)
[2025-10-28T13:07:58.701+0000] {spark_submit.py:491} INFO - |-- weather_condition: string (nullable = true)
[2025-10-28T13:07:58.701+0000] {spark_submit.py:491} INFO - |-- visibility_km: double (nullable = true)
[2025-10-28T13:07:58.701+0000] {spark_submit.py:491} INFO - |-- uv_index: double (nullable = true)
[2025-10-28T13:07:58.701+0000] {spark_submit.py:491} INFO - |-- hour: integer (nullable = true)
[2025-10-28T13:07:58.701+0000] {spark_submit.py:491} INFO - |-- day_of_week: integer (nullable = true)
[2025-10-28T13:07:58.701+0000] {spark_submit.py:491} INFO - |-- is_weekend: boolean (nullable = true)
[2025-10-28T13:07:58.703+0000] {spark_submit.py:491} INFO - 
[2025-10-28T13:07:59.004+0000] {spark_submit.py:491} INFO - Processed weather data count: 24
[2025-10-28T13:08:00.091+0000] {spark_submit.py:491} INFO - Successfully wrote weather data to Iceberg table
[2025-10-28T13:08:01.352+0000] {spark_submit.py:491} INFO - +------------+------------------+-----------------+-----------------+--------------------+
[2025-10-28T13:08:01.352+0000] {spark_submit.py:491} INFO - |weather_date|        avg_temp_c|     avg_humidity|   avg_wind_speed|          conditions|
[2025-10-28T13:08:01.352+0000] {spark_submit.py:491} INFO - +------------+------------------+-----------------+-----------------+--------------------+
[2025-10-28T13:08:01.352+0000] {spark_submit.py:491} INFO - |  2025-10-28|16.378571428571426|65.55357142857143|8.446428571428571|[clear, snow, rai...|
[2025-10-28T13:08:01.352+0000] {spark_submit.py:491} INFO - |  2025-10-27|17.179499999999997|66.86500000000001|            5.345|[clear, snow, rai...|
[2025-10-28T13:08:01.353+0000] {spark_submit.py:491} INFO - +------------+------------------+-----------------+-----------------+--------------------+
[2025-10-28T13:08:01.353+0000] {spark_submit.py:491} INFO - 
[2025-10-28T13:08:01.353+0000] {spark_submit.py:491} INFO - Weather ETL job completed successfully!
[2025-10-28T13:08:02.324+0000] {taskinstance.py:1398} INFO - Marking task as SUCCESS. dag_id=nyc_weather_etl, task_id=spark_process_weather_to_iceberg, execution_date=20251028T130737, start_date=20251028T130752, end_date=20251028T130802
[2025-10-28T13:08:02.342+0000] {local_task_job_runner.py:228} INFO - Task exited with return code 0
[2025-10-28T13:08:02.350+0000] {taskinstance.py:2776} INFO - 0 downstream tasks scheduled from follow-on schedule check
