[2025-10-28T07:30:18.929+0000] {taskinstance.py:1157} INFO - Dependencies all met for dep_context=non-requeueable deps ti=<TaskInstance: nyc_weather_etl.spark_process_location_to_iceberg scheduled__2025-10-28T06:30:16.075677+00:00 [queued]>
[2025-10-28T07:30:18.934+0000] {taskinstance.py:1157} INFO - Dependencies all met for dep_context=requeueable deps ti=<TaskInstance: nyc_weather_etl.spark_process_location_to_iceberg scheduled__2025-10-28T06:30:16.075677+00:00 [queued]>
[2025-10-28T07:30:18.934+0000] {taskinstance.py:1359} INFO - Starting attempt 1 of 1
[2025-10-28T07:30:18.940+0000] {taskinstance.py:1380} INFO - Executing <Task(SparkSubmitOperator): spark_process_location_to_iceberg> on 2025-10-28 06:30:16.075677+00:00
[2025-10-28T07:30:18.943+0000] {standard_task_runner.py:57} INFO - Started process 24754 to run task
[2025-10-28T07:30:18.944+0000] {standard_task_runner.py:84} INFO - Running: ['***', 'tasks', 'run', 'nyc_weather_etl', 'spark_process_location_to_iceberg', 'scheduled__2025-10-28T06:30:16.075677+00:00', '--job-id', '711', '--raw', '--subdir', 'DAGS_FOLDER/nyc_weather_etl.py', '--cfg-path', '/tmp/tmpxn2ykmte']
[2025-10-28T07:30:18.946+0000] {standard_task_runner.py:85} INFO - Job 711: Subtask spark_process_location_to_iceberg
[2025-10-28T07:30:18.969+0000] {task_command.py:415} INFO - Running <TaskInstance: nyc_weather_etl.spark_process_location_to_iceberg scheduled__2025-10-28T06:30:16.075677+00:00 [running]> on host b40be2a595bb
[2025-10-28T07:30:19.133+0000] {taskinstance.py:1660} INFO - Exporting env vars: AIRFLOW_CTX_DAG_OWNER='data-engineering' AIRFLOW_CTX_DAG_ID='nyc_weather_etl' AIRFLOW_CTX_TASK_ID='spark_process_location_to_iceberg' AIRFLOW_CTX_EXECUTION_DATE='2025-10-28T06:30:16.075677+00:00' AIRFLOW_CTX_TRY_NUMBER='1' AIRFLOW_CTX_DAG_RUN_ID='scheduled__2025-10-28T06:30:16.075677+00:00'
[2025-10-28T07:30:19.139+0000] {base.py:73} INFO - Using connection ID 'spark_default' for task execution.
[2025-10-28T07:30:19.140+0000] {spark_submit.py:340} INFO - Spark-Submit cmd: /opt/bitnami/spark/bin/spark-submit --master spark://spark-master:7077 --conf spark.master=spark://spark-master:7077 --conf spark.sql.catalog.spark_catalog=org.apache.iceberg.spark.SparkSessionCatalog --conf spark.sql.catalog.spark_catalog.type=hive --conf spark.sql.catalog.iceberg=org.apache.iceberg.spark.SparkCatalog --conf spark.sql.catalog.iceberg.type=hadoop --conf spark.sql.catalog.iceberg.warehouse=s3a://lakehouse/warehouse --conf spark.sql.extensions=org.apache.iceberg.spark.extensions.IcebergSparkSessionExtensions --conf spark.hadoop.fs.s3a.endpoint=http://minio:9000 --conf spark.hadoop.fs.s3a.access.key=admin --conf spark.hadoop.fs.s3a.secret.key=****** --conf spark.hadoop.fs.s3a.path.style.access=true --conf spark.hadoop.fs.s3a.impl=org.apache.hadoop.fs.s3a.S3AFileSystem --jars /opt/***/jars/iceberg-spark-runtime-3.5_2.12-1.4.2.jar,/opt/***/jars/aws-java-sdk-bundle-1.12.367.jar,/opt/***/jars/hadoop-aws-3.3.4.jar --name arrow-spark --queue default /opt/***/dags/spark_jobs/location_to_iceberg.py /opt/***/data/locations/nyc_taxi_zones.json
[2025-10-28T07:30:20.022+0000] {spark_submit.py:491} INFO - 25/10/28 07:30:20 WARN NativeCodeLoader: Unable to load native-hadoop library for your platform... using builtin-java classes where applicable
[2025-10-28T07:30:20.609+0000] {spark_submit.py:491} INFO - 25/10/28 07:30:20 INFO SparkContext: Running Spark version 3.5.1
[2025-10-28T07:30:20.612+0000] {spark_submit.py:491} INFO - 25/10/28 07:30:20 INFO SparkContext: OS info Linux, 6.10.14-linuxkit, aarch64
[2025-10-28T07:30:20.614+0000] {spark_submit.py:491} INFO - 25/10/28 07:30:20 INFO SparkContext: Java version 11.0.28
[2025-10-28T07:30:20.621+0000] {spark_submit.py:491} INFO - 25/10/28 07:30:20 INFO ResourceUtils: ==============================================================
[2025-10-28T07:30:20.621+0000] {spark_submit.py:491} INFO - 25/10/28 07:30:20 INFO ResourceUtils: No custom resources configured for spark.driver.
[2025-10-28T07:30:20.621+0000] {spark_submit.py:491} INFO - 25/10/28 07:30:20 INFO ResourceUtils: ==============================================================
[2025-10-28T07:30:20.621+0000] {spark_submit.py:491} INFO - 25/10/28 07:30:20 INFO SparkContext: Submitted application: Location to Iceberg ETL
[2025-10-28T07:30:20.630+0000] {spark_submit.py:491} INFO - 25/10/28 07:30:20 INFO ResourceProfile: Default ResourceProfile created, executor resources: Map(cores -> name: cores, amount: 1, script: , vendor: , memory -> name: memory, amount: 1024, script: , vendor: , offHeap -> name: offHeap, amount: 0, script: , vendor: ), task resources: Map(cpus -> name: cpus, amount: 1.0)
[2025-10-28T07:30:20.634+0000] {spark_submit.py:491} INFO - 25/10/28 07:30:20 INFO ResourceProfile: Limiting resource is cpu
[2025-10-28T07:30:20.634+0000] {spark_submit.py:491} INFO - 25/10/28 07:30:20 INFO ResourceProfileManager: Added ResourceProfile id: 0
[2025-10-28T07:30:20.662+0000] {spark_submit.py:491} INFO - 25/10/28 07:30:20 INFO SecurityManager: Changing view acls to: ***
[2025-10-28T07:30:20.662+0000] {spark_submit.py:491} INFO - 25/10/28 07:30:20 INFO SecurityManager: Changing modify acls to: ***
[2025-10-28T07:30:20.662+0000] {spark_submit.py:491} INFO - 25/10/28 07:30:20 INFO SecurityManager: Changing view acls groups to:
[2025-10-28T07:30:20.662+0000] {spark_submit.py:491} INFO - 25/10/28 07:30:20 INFO SecurityManager: Changing modify acls groups to:
[2025-10-28T07:30:20.662+0000] {spark_submit.py:491} INFO - 25/10/28 07:30:20 INFO SecurityManager: SecurityManager: authentication disabled; ui acls disabled; users with view permissions: ***; groups with view permissions: EMPTY; users with modify permissions: ***; groups with modify permissions: EMPTY
[2025-10-28T07:30:20.763+0000] {spark_submit.py:491} INFO - 25/10/28 07:30:20 INFO Utils: Successfully started service 'sparkDriver' on port 42621.
[2025-10-28T07:30:20.777+0000] {spark_submit.py:491} INFO - 25/10/28 07:30:20 INFO SparkEnv: Registering MapOutputTracker
[2025-10-28T07:30:20.792+0000] {spark_submit.py:491} INFO - 25/10/28 07:30:20 INFO SparkEnv: Registering BlockManagerMaster
[2025-10-28T07:30:20.801+0000] {spark_submit.py:491} INFO - 25/10/28 07:30:20 INFO BlockManagerMasterEndpoint: Using org.apache.spark.storage.DefaultTopologyMapper for getting topology information
[2025-10-28T07:30:20.801+0000] {spark_submit.py:491} INFO - 25/10/28 07:30:20 INFO BlockManagerMasterEndpoint: BlockManagerMasterEndpoint up
[2025-10-28T07:30:20.802+0000] {spark_submit.py:491} INFO - 25/10/28 07:30:20 INFO SparkEnv: Registering BlockManagerMasterHeartbeat
[2025-10-28T07:30:20.812+0000] {spark_submit.py:491} INFO - 25/10/28 07:30:20 INFO DiskBlockManager: Created local directory at /tmp/blockmgr-06986033-5b79-45d7-a3bc-5bc9614cba19
[2025-10-28T07:30:20.817+0000] {spark_submit.py:491} INFO - 25/10/28 07:30:20 INFO MemoryStore: MemoryStore started with capacity 434.4 MiB
[2025-10-28T07:30:20.824+0000] {spark_submit.py:491} INFO - 25/10/28 07:30:20 INFO SparkEnv: Registering OutputCommitCoordinator
[2025-10-28T07:30:20.875+0000] {spark_submit.py:491} INFO - 25/10/28 07:30:20 INFO JettyUtils: Start Jetty 0.0.0.0:4040 for SparkUI
[2025-10-28T07:30:20.899+0000] {spark_submit.py:491} INFO - 25/10/28 07:30:20 INFO Utils: Successfully started service 'SparkUI' on port 4040.
[2025-10-28T07:30:20.912+0000] {spark_submit.py:491} INFO - 25/10/28 07:30:20 INFO SparkContext: Added JAR file:///opt/***/jars/iceberg-spark-runtime-3.5_2.12-1.4.2.jar at spark://b40be2a595bb:42621/jars/iceberg-spark-runtime-3.5_2.12-1.4.2.jar with timestamp 1761636620605
[2025-10-28T07:30:20.913+0000] {spark_submit.py:491} INFO - 25/10/28 07:30:20 INFO SparkContext: Added JAR file:///opt/***/jars/aws-java-sdk-bundle-1.12.367.jar at spark://b40be2a595bb:42621/jars/aws-java-sdk-bundle-1.12.367.jar with timestamp 1761636620605
[2025-10-28T07:30:20.913+0000] {spark_submit.py:491} INFO - 25/10/28 07:30:20 INFO SparkContext: Added JAR file:///opt/***/jars/hadoop-aws-3.3.4.jar at spark://b40be2a595bb:42621/jars/hadoop-aws-3.3.4.jar with timestamp 1761636620605
[2025-10-28T07:30:20.942+0000] {spark_submit.py:491} INFO - 25/10/28 07:30:20 INFO Executor: Starting executor ID driver on host b40be2a595bb
[2025-10-28T07:30:20.942+0000] {spark_submit.py:491} INFO - 25/10/28 07:30:20 INFO Executor: OS info Linux, 6.10.14-linuxkit, aarch64
[2025-10-28T07:30:20.942+0000] {spark_submit.py:491} INFO - 25/10/28 07:30:20 INFO Executor: Java version 11.0.28
[2025-10-28T07:30:20.944+0000] {spark_submit.py:491} INFO - 25/10/28 07:30:20 INFO Executor: Starting executor with user classpath (userClassPathFirst = false): ''
[2025-10-28T07:30:20.944+0000] {spark_submit.py:491} INFO - 25/10/28 07:30:20 INFO Executor: Created or updated repl class loader org.apache.spark.util.MutableURLClassLoader@2907b71c for default.
[2025-10-28T07:30:20.949+0000] {spark_submit.py:491} INFO - 25/10/28 07:30:20 INFO Executor: Fetching spark://b40be2a595bb:42621/jars/hadoop-aws-3.3.4.jar with timestamp 1761636620605
[2025-10-28T07:30:20.973+0000] {spark_submit.py:491} INFO - 25/10/28 07:30:20 INFO TransportClientFactory: Successfully created connection to b40be2a595bb/172.18.0.5:42621 after 12 ms (0 ms spent in bootstraps)
[2025-10-28T07:30:20.976+0000] {spark_submit.py:491} INFO - 25/10/28 07:30:20 INFO Utils: Fetching spark://b40be2a595bb:42621/jars/hadoop-aws-3.3.4.jar to /tmp/spark-c391a499-113a-4e2a-a217-cb3c3c57db20/userFiles-ba95f787-fee5-4c5b-b11f-9c01daa082e6/fetchFileTemp2689200627474376552.tmp
[2025-10-28T07:30:20.990+0000] {spark_submit.py:491} INFO - 25/10/28 07:30:20 INFO Executor: Adding file:/tmp/spark-c391a499-113a-4e2a-a217-cb3c3c57db20/userFiles-ba95f787-fee5-4c5b-b11f-9c01daa082e6/hadoop-aws-3.3.4.jar to class loader default
[2025-10-28T07:30:20.990+0000] {spark_submit.py:491} INFO - 25/10/28 07:30:20 INFO Executor: Fetching spark://b40be2a595bb:42621/jars/aws-java-sdk-bundle-1.12.367.jar with timestamp 1761636620605
[2025-10-28T07:30:20.990+0000] {spark_submit.py:491} INFO - 25/10/28 07:30:20 INFO Utils: Fetching spark://b40be2a595bb:42621/jars/aws-java-sdk-bundle-1.12.367.jar to /tmp/spark-c391a499-113a-4e2a-a217-cb3c3c57db20/userFiles-ba95f787-fee5-4c5b-b11f-9c01daa082e6/fetchFileTemp11215522802279266705.tmp
[2025-10-28T07:30:21.471+0000] {spark_submit.py:491} INFO - 25/10/28 07:30:21 INFO Executor: Adding file:/tmp/spark-c391a499-113a-4e2a-a217-cb3c3c57db20/userFiles-ba95f787-fee5-4c5b-b11f-9c01daa082e6/aws-java-sdk-bundle-1.12.367.jar to class loader default
[2025-10-28T07:30:21.471+0000] {spark_submit.py:491} INFO - 25/10/28 07:30:21 INFO Executor: Fetching spark://b40be2a595bb:42621/jars/iceberg-spark-runtime-3.5_2.12-1.4.2.jar with timestamp 1761636620605
[2025-10-28T07:30:21.472+0000] {spark_submit.py:491} INFO - 25/10/28 07:30:21 INFO Utils: Fetching spark://b40be2a595bb:42621/jars/iceberg-spark-runtime-3.5_2.12-1.4.2.jar to /tmp/spark-c391a499-113a-4e2a-a217-cb3c3c57db20/userFiles-ba95f787-fee5-4c5b-b11f-9c01daa082e6/fetchFileTemp977044921023237760.tmp
[2025-10-28T07:30:21.522+0000] {spark_submit.py:491} INFO - 25/10/28 07:30:21 INFO Executor: Adding file:/tmp/spark-c391a499-113a-4e2a-a217-cb3c3c57db20/userFiles-ba95f787-fee5-4c5b-b11f-9c01daa082e6/iceberg-spark-runtime-3.5_2.12-1.4.2.jar to class loader default
[2025-10-28T07:30:21.528+0000] {spark_submit.py:491} INFO - 25/10/28 07:30:21 INFO Utils: Successfully started service 'org.apache.spark.network.netty.NettyBlockTransferService' on port 43121.
[2025-10-28T07:30:21.528+0000] {spark_submit.py:491} INFO - 25/10/28 07:30:21 INFO NettyBlockTransferService: Server created on b40be2a595bb:43121
[2025-10-28T07:30:21.529+0000] {spark_submit.py:491} INFO - 25/10/28 07:30:21 INFO BlockManager: Using org.apache.spark.storage.RandomBlockReplicationPolicy for block replication policy
[2025-10-28T07:30:21.533+0000] {spark_submit.py:491} INFO - 25/10/28 07:30:21 INFO BlockManagerMaster: Registering BlockManager BlockManagerId(driver, b40be2a595bb, 43121, None)
[2025-10-28T07:30:21.534+0000] {spark_submit.py:491} INFO - 25/10/28 07:30:21 INFO BlockManagerMasterEndpoint: Registering block manager b40be2a595bb:43121 with 434.4 MiB RAM, BlockManagerId(driver, b40be2a595bb, 43121, None)
[2025-10-28T07:30:21.536+0000] {spark_submit.py:491} INFO - 25/10/28 07:30:21 INFO BlockManagerMaster: Registered BlockManager BlockManagerId(driver, b40be2a595bb, 43121, None)
[2025-10-28T07:30:21.536+0000] {spark_submit.py:491} INFO - 25/10/28 07:30:21 INFO BlockManager: Initialized BlockManager: BlockManagerId(driver, b40be2a595bb, 43121, None)
[2025-10-28T07:30:22.727+0000] {spark_submit.py:491} INFO - 25/10/28 07:30:22 WARN MetricsConfig: Cannot locate configuration: tried hadoop-metrics2-s3a-file-system.properties,hadoop-metrics2.properties
[2025-10-28T07:30:23.528+0000] {spark_submit.py:491} INFO - Created/verified taxi zones table
[2025-10-28T07:30:23.529+0000] {spark_submit.py:491} INFO - Reading location data from: /opt/***/data/locations/nyc_taxi_zones.json
[2025-10-28T07:30:24.652+0000] {spark_submit.py:491} INFO - Raw location data count: 16
[2025-10-28T07:30:24.662+0000] {spark_submit.py:491} INFO - root
[2025-10-28T07:30:24.662+0000] {spark_submit.py:491} INFO - |-- borough: string (nullable = true)
[2025-10-28T07:30:24.664+0000] {spark_submit.py:491} INFO - |-- created_at: string (nullable = true)
[2025-10-28T07:30:24.664+0000] {spark_submit.py:491} INFO - |-- is_business_district: boolean (nullable = true)
[2025-10-28T07:30:24.664+0000] {spark_submit.py:491} INFO - |-- is_tourist_area: boolean (nullable = true)
[2025-10-28T07:30:24.664+0000] {spark_submit.py:491} INFO - |-- lat: double (nullable = true)
[2025-10-28T07:30:24.664+0000] {spark_submit.py:491} INFO - |-- location_id: long (nullable = true)
[2025-10-28T07:30:24.664+0000] {spark_submit.py:491} INFO - |-- lon: double (nullable = true)
[2025-10-28T07:30:24.664+0000] {spark_submit.py:491} INFO - |-- zone: string (nullable = true)
[2025-10-28T07:30:24.664+0000] {spark_submit.py:491} INFO - |-- zone_type: string (nullable = true)
[2025-10-28T07:30:24.664+0000] {spark_submit.py:491} INFO - 
[2025-10-28T07:30:24.839+0000] {spark_submit.py:491} INFO - Processed location data count: 16
[2025-10-28T07:30:25.738+0000] {spark_submit.py:491} INFO - Successfully wrote location data to Iceberg table
[2025-10-28T07:30:26.940+0000] {spark_submit.py:491} INFO - +---------+----------+-------------+--------------+
[2025-10-28T07:30:26.941+0000] {spark_submit.py:491} INFO - |  borough|zone_count|tourist_zones|business_zones|
[2025-10-28T07:30:26.941+0000] {spark_submit.py:491} INFO - +---------+----------+-------------+--------------+
[2025-10-28T07:30:26.941+0000] {spark_submit.py:491} INFO - |Manhattan|        13|            4|             3|
[2025-10-28T07:30:26.941+0000] {spark_submit.py:491} INFO - |   Queens|         2|            0|             0|
[2025-10-28T07:30:26.941+0000] {spark_submit.py:491} INFO - | Brooklyn|         1|            0|             0|
[2025-10-28T07:30:26.941+0000] {spark_submit.py:491} INFO - +---------+----------+-------------+--------------+
[2025-10-28T07:30:26.942+0000] {spark_submit.py:491} INFO - 
[2025-10-28T07:30:26.942+0000] {spark_submit.py:491} INFO - Location ETL job completed successfully!
[2025-10-28T07:30:27.683+0000] {taskinstance.py:1398} INFO - Marking task as SUCCESS. dag_id=nyc_weather_etl, task_id=spark_process_location_to_iceberg, execution_date=20251028T063016, start_date=20251028T073018, end_date=20251028T073027
[2025-10-28T07:30:27.701+0000] {local_task_job_runner.py:228} INFO - Task exited with return code 0
[2025-10-28T07:30:27.709+0000] {taskinstance.py:2776} INFO - 0 downstream tasks scheduled from follow-on schedule check
