[2025-10-29T10:20:14.246+0000] {taskinstance.py:1157} INFO - Dependencies all met for dep_context=non-requeueable deps ti=<TaskInstance: nyc_weather_etl.spark_process_location_to_iceberg scheduled__2025-10-29T09:20:10.843578+00:00 [queued]>
[2025-10-29T10:20:14.252+0000] {taskinstance.py:1157} INFO - Dependencies all met for dep_context=requeueable deps ti=<TaskInstance: nyc_weather_etl.spark_process_location_to_iceberg scheduled__2025-10-29T09:20:10.843578+00:00 [queued]>
[2025-10-29T10:20:14.253+0000] {taskinstance.py:1359} INFO - Starting attempt 1 of 1
[2025-10-29T10:20:14.315+0000] {taskinstance.py:1380} INFO - Executing <Task(SparkSubmitOperator): spark_process_location_to_iceberg> on 2025-10-29 09:20:10.843578+00:00
[2025-10-29T10:20:14.317+0000] {standard_task_runner.py:57} INFO - Started process 26549 to run task
[2025-10-29T10:20:14.318+0000] {standard_task_runner.py:84} INFO - Running: ['***', 'tasks', 'run', 'nyc_weather_etl', 'spark_process_location_to_iceberg', 'scheduled__2025-10-29T09:20:10.843578+00:00', '--job-id', '50', '--raw', '--subdir', 'DAGS_FOLDER/nyc_weather_etl.py', '--cfg-path', '/tmp/tmpb4govcgi']
[2025-10-29T10:20:14.320+0000] {standard_task_runner.py:85} INFO - Job 50: Subtask spark_process_location_to_iceberg
[2025-10-29T10:20:14.339+0000] {task_command.py:415} INFO - Running <TaskInstance: nyc_weather_etl.spark_process_location_to_iceberg scheduled__2025-10-29T09:20:10.843578+00:00 [running]> on host 11a5c523951d
[2025-10-29T10:20:14.371+0000] {taskinstance.py:1660} INFO - Exporting env vars: AIRFLOW_CTX_DAG_OWNER='data-engineering' AIRFLOW_CTX_DAG_ID='nyc_weather_etl' AIRFLOW_CTX_TASK_ID='spark_process_location_to_iceberg' AIRFLOW_CTX_EXECUTION_DATE='2025-10-29T09:20:10.843578+00:00' AIRFLOW_CTX_TRY_NUMBER='1' AIRFLOW_CTX_DAG_RUN_ID='scheduled__2025-10-29T09:20:10.843578+00:00'
[2025-10-29T10:20:14.372+0000] {base.py:73} INFO - Using connection ID 'spark_default' for task execution.
[2025-10-29T10:20:14.373+0000] {spark_submit.py:340} INFO - Spark-Submit cmd: /opt/bitnami/spark/bin/spark-submit --master spark-master:7077 --conf spark.master=spark://spark-master:7077 --conf spark.sql.catalog.spark_catalog=org.apache.iceberg.spark.SparkSessionCatalog --conf spark.sql.catalog.spark_catalog.type=hive --conf spark.sql.catalog.iceberg=org.apache.iceberg.spark.SparkCatalog --conf spark.sql.catalog.iceberg.type=hadoop --conf spark.sql.catalog.iceberg.warehouse=s3a://lakehouse/warehouse --conf spark.sql.extensions=org.apache.iceberg.spark.extensions.IcebergSparkSessionExtensions --conf spark.hadoop.fs.s3a.endpoint=http://minio:9000 --conf spark.hadoop.fs.s3a.access.key=admin --conf spark.hadoop.fs.s3a.secret.key=****** --conf spark.hadoop.fs.s3a.path.style.access=true --conf spark.hadoop.fs.s3a.impl=org.apache.hadoop.fs.s3a.S3AFileSystem --jars /opt/***/jars/iceberg-spark-runtime-3.5_2.12-1.4.2.jar,/opt/***/jars/aws-java-sdk-bundle-1.12.367.jar,/opt/***/jars/hadoop-aws-3.3.4.jar --name arrow-spark /opt/***/dags/spark_jobs/location_to_iceberg.py /opt/***/data/locations/nyc_taxi_zones.json
[2025-10-29T10:20:15.200+0000] {spark_submit.py:491} INFO - 25/10/29 10:20:15 WARN NativeCodeLoader: Unable to load native-hadoop library for your platform... using builtin-java classes where applicable
[2025-10-29T10:20:15.752+0000] {spark_submit.py:491} INFO - 25/10/29 10:20:15 INFO SparkContext: Running Spark version 3.5.1
[2025-10-29T10:20:15.755+0000] {spark_submit.py:491} INFO - 25/10/29 10:20:15 INFO SparkContext: OS info Linux, 6.10.14-linuxkit, aarch64
[2025-10-29T10:20:15.757+0000] {spark_submit.py:491} INFO - 25/10/29 10:20:15 INFO SparkContext: Java version 11.0.28
[2025-10-29T10:20:15.765+0000] {spark_submit.py:491} INFO - 25/10/29 10:20:15 INFO ResourceUtils: ==============================================================
[2025-10-29T10:20:15.765+0000] {spark_submit.py:491} INFO - 25/10/29 10:20:15 INFO ResourceUtils: No custom resources configured for spark.driver.
[2025-10-29T10:20:15.765+0000] {spark_submit.py:491} INFO - 25/10/29 10:20:15 INFO ResourceUtils: ==============================================================
[2025-10-29T10:20:15.766+0000] {spark_submit.py:491} INFO - 25/10/29 10:20:15 INFO SparkContext: Submitted application: Location to Iceberg ETL
[2025-10-29T10:20:15.774+0000] {spark_submit.py:491} INFO - 25/10/29 10:20:15 INFO ResourceProfile: Default ResourceProfile created, executor resources: Map(cores -> name: cores, amount: 1, script: , vendor: , memory -> name: memory, amount: 1024, script: , vendor: , offHeap -> name: offHeap, amount: 0, script: , vendor: ), task resources: Map(cpus -> name: cpus, amount: 1.0)
[2025-10-29T10:20:15.780+0000] {spark_submit.py:491} INFO - 25/10/29 10:20:15 INFO ResourceProfile: Limiting resource is cpu
[2025-10-29T10:20:15.781+0000] {spark_submit.py:491} INFO - 25/10/29 10:20:15 INFO ResourceProfileManager: Added ResourceProfile id: 0
[2025-10-29T10:20:15.816+0000] {spark_submit.py:491} INFO - 25/10/29 10:20:15 INFO SecurityManager: Changing view acls to: ***
[2025-10-29T10:20:15.817+0000] {spark_submit.py:491} INFO - 25/10/29 10:20:15 INFO SecurityManager: Changing modify acls to: ***
[2025-10-29T10:20:15.817+0000] {spark_submit.py:491} INFO - 25/10/29 10:20:15 INFO SecurityManager: Changing view acls groups to:
[2025-10-29T10:20:15.817+0000] {spark_submit.py:491} INFO - 25/10/29 10:20:15 INFO SecurityManager: Changing modify acls groups to:
[2025-10-29T10:20:15.817+0000] {spark_submit.py:491} INFO - 25/10/29 10:20:15 INFO SecurityManager: SecurityManager: authentication disabled; ui acls disabled; users with view permissions: ***; groups with view permissions: EMPTY; users with modify permissions: ***; groups with modify permissions: EMPTY
[2025-10-29T10:20:15.933+0000] {spark_submit.py:491} INFO - 25/10/29 10:20:15 INFO Utils: Successfully started service 'sparkDriver' on port 44209.
[2025-10-29T10:20:15.951+0000] {spark_submit.py:491} INFO - 25/10/29 10:20:15 INFO SparkEnv: Registering MapOutputTracker
[2025-10-29T10:20:15.966+0000] {spark_submit.py:491} INFO - 25/10/29 10:20:15 INFO SparkEnv: Registering BlockManagerMaster
[2025-10-29T10:20:15.978+0000] {spark_submit.py:491} INFO - 25/10/29 10:20:15 INFO BlockManagerMasterEndpoint: Using org.apache.spark.storage.DefaultTopologyMapper for getting topology information
[2025-10-29T10:20:15.980+0000] {spark_submit.py:491} INFO - 25/10/29 10:20:15 INFO BlockManagerMasterEndpoint: BlockManagerMasterEndpoint up
[2025-10-29T10:20:15.981+0000] {spark_submit.py:491} INFO - 25/10/29 10:20:15 INFO SparkEnv: Registering BlockManagerMasterHeartbeat
[2025-10-29T10:20:15.993+0000] {spark_submit.py:491} INFO - 25/10/29 10:20:15 INFO DiskBlockManager: Created local directory at /tmp/blockmgr-7aa58673-2ab4-46f2-80ff-522815fdf341
[2025-10-29T10:20:16.000+0000] {spark_submit.py:491} INFO - 25/10/29 10:20:16 INFO MemoryStore: MemoryStore started with capacity 434.4 MiB
[2025-10-29T10:20:16.008+0000] {spark_submit.py:491} INFO - 25/10/29 10:20:16 INFO SparkEnv: Registering OutputCommitCoordinator
[2025-10-29T10:20:16.069+0000] {spark_submit.py:491} INFO - 25/10/29 10:20:16 INFO JettyUtils: Start Jetty 0.0.0.0:4040 for SparkUI
[2025-10-29T10:20:16.093+0000] {spark_submit.py:491} INFO - 25/10/29 10:20:16 INFO Utils: Successfully started service 'SparkUI' on port 4040.
[2025-10-29T10:20:16.108+0000] {spark_submit.py:491} INFO - 25/10/29 10:20:16 INFO SparkContext: Added JAR file:///opt/***/jars/iceberg-spark-runtime-3.5_2.12-1.4.2.jar at spark://11a5c523951d:44209/jars/iceberg-spark-runtime-3.5_2.12-1.4.2.jar with timestamp 1761733215748
[2025-10-29T10:20:16.108+0000] {spark_submit.py:491} INFO - 25/10/29 10:20:16 INFO SparkContext: Added JAR file:///opt/***/jars/aws-java-sdk-bundle-1.12.367.jar at spark://11a5c523951d:44209/jars/aws-java-sdk-bundle-1.12.367.jar with timestamp 1761733215748
[2025-10-29T10:20:16.109+0000] {spark_submit.py:491} INFO - 25/10/29 10:20:16 INFO SparkContext: Added JAR file:///opt/***/jars/hadoop-aws-3.3.4.jar at spark://11a5c523951d:44209/jars/hadoop-aws-3.3.4.jar with timestamp 1761733215748
[2025-10-29T10:20:16.137+0000] {spark_submit.py:491} INFO - 25/10/29 10:20:16 INFO Executor: Starting executor ID driver on host 11a5c523951d
[2025-10-29T10:20:16.137+0000] {spark_submit.py:491} INFO - 25/10/29 10:20:16 INFO Executor: OS info Linux, 6.10.14-linuxkit, aarch64
[2025-10-29T10:20:16.138+0000] {spark_submit.py:491} INFO - 25/10/29 10:20:16 INFO Executor: Java version 11.0.28
[2025-10-29T10:20:16.140+0000] {spark_submit.py:491} INFO - 25/10/29 10:20:16 INFO Executor: Starting executor with user classpath (userClassPathFirst = false): ''
[2025-10-29T10:20:16.140+0000] {spark_submit.py:491} INFO - 25/10/29 10:20:16 INFO Executor: Created or updated repl class loader org.apache.spark.util.MutableURLClassLoader@ccf7e5f for default.
[2025-10-29T10:20:16.145+0000] {spark_submit.py:491} INFO - 25/10/29 10:20:16 INFO Executor: Fetching spark://11a5c523951d:44209/jars/hadoop-aws-3.3.4.jar with timestamp 1761733215748
[2025-10-29T10:20:16.178+0000] {spark_submit.py:491} INFO - 25/10/29 10:20:16 INFO TransportClientFactory: Successfully created connection to 11a5c523951d/172.18.0.15:44209 after 13 ms (0 ms spent in bootstraps)
[2025-10-29T10:20:16.183+0000] {spark_submit.py:491} INFO - 25/10/29 10:20:16 INFO Utils: Fetching spark://11a5c523951d:44209/jars/hadoop-aws-3.3.4.jar to /tmp/spark-ce2da2a2-aac1-4c86-9385-4a183e3d8257/userFiles-4dd4d151-f9c8-4064-ad72-311e53e64d75/fetchFileTemp2788060428901912353.tmp
[2025-10-29T10:20:16.200+0000] {spark_submit.py:491} INFO - 25/10/29 10:20:16 INFO Executor: Adding file:/tmp/spark-ce2da2a2-aac1-4c86-9385-4a183e3d8257/userFiles-4dd4d151-f9c8-4064-ad72-311e53e64d75/hadoop-aws-3.3.4.jar to class loader default
[2025-10-29T10:20:16.201+0000] {spark_submit.py:491} INFO - 25/10/29 10:20:16 INFO Executor: Fetching spark://11a5c523951d:44209/jars/iceberg-spark-runtime-3.5_2.12-1.4.2.jar with timestamp 1761733215748
[2025-10-29T10:20:16.201+0000] {spark_submit.py:491} INFO - 25/10/29 10:20:16 INFO Utils: Fetching spark://11a5c523951d:44209/jars/iceberg-spark-runtime-3.5_2.12-1.4.2.jar to /tmp/spark-ce2da2a2-aac1-4c86-9385-4a183e3d8257/userFiles-4dd4d151-f9c8-4064-ad72-311e53e64d75/fetchFileTemp4348034639000413004.tmp
[2025-10-29T10:20:16.258+0000] {spark_submit.py:491} INFO - 25/10/29 10:20:16 INFO Executor: Adding file:/tmp/spark-ce2da2a2-aac1-4c86-9385-4a183e3d8257/userFiles-4dd4d151-f9c8-4064-ad72-311e53e64d75/iceberg-spark-runtime-3.5_2.12-1.4.2.jar to class loader default
[2025-10-29T10:20:16.259+0000] {spark_submit.py:491} INFO - 25/10/29 10:20:16 INFO Executor: Fetching spark://11a5c523951d:44209/jars/aws-java-sdk-bundle-1.12.367.jar with timestamp 1761733215748
[2025-10-29T10:20:16.259+0000] {spark_submit.py:491} INFO - 25/10/29 10:20:16 INFO Utils: Fetching spark://11a5c523951d:44209/jars/aws-java-sdk-bundle-1.12.367.jar to /tmp/spark-ce2da2a2-aac1-4c86-9385-4a183e3d8257/userFiles-4dd4d151-f9c8-4064-ad72-311e53e64d75/fetchFileTemp12181624458711348274.tmp
[2025-10-29T10:20:16.933+0000] {spark_submit.py:491} INFO - 25/10/29 10:20:16 INFO Executor: Adding file:/tmp/spark-ce2da2a2-aac1-4c86-9385-4a183e3d8257/userFiles-4dd4d151-f9c8-4064-ad72-311e53e64d75/aws-java-sdk-bundle-1.12.367.jar to class loader default
[2025-10-29T10:20:16.945+0000] {spark_submit.py:491} INFO - 25/10/29 10:20:16 INFO Utils: Successfully started service 'org.apache.spark.network.netty.NettyBlockTransferService' on port 45797.
[2025-10-29T10:20:16.948+0000] {spark_submit.py:491} INFO - 25/10/29 10:20:16 INFO NettyBlockTransferService: Server created on 11a5c523951d:45797
[2025-10-29T10:20:16.948+0000] {spark_submit.py:491} INFO - 25/10/29 10:20:16 INFO BlockManager: Using org.apache.spark.storage.RandomBlockReplicationPolicy for block replication policy
[2025-10-29T10:20:16.955+0000] {spark_submit.py:491} INFO - 25/10/29 10:20:16 INFO BlockManagerMaster: Registering BlockManager BlockManagerId(driver, 11a5c523951d, 45797, None)
[2025-10-29T10:20:16.959+0000] {spark_submit.py:491} INFO - 25/10/29 10:20:16 INFO BlockManagerMasterEndpoint: Registering block manager 11a5c523951d:45797 with 434.4 MiB RAM, BlockManagerId(driver, 11a5c523951d, 45797, None)
[2025-10-29T10:20:16.962+0000] {spark_submit.py:491} INFO - 25/10/29 10:20:16 INFO BlockManagerMaster: Registered BlockManager BlockManagerId(driver, 11a5c523951d, 45797, None)
[2025-10-29T10:20:16.963+0000] {spark_submit.py:491} INFO - 25/10/29 10:20:16 INFO BlockManager: Initialized BlockManager: BlockManagerId(driver, 11a5c523951d, 45797, None)
[2025-10-29T10:20:18.377+0000] {spark_submit.py:491} INFO - 25/10/29 10:20:18 WARN MetricsConfig: Cannot locate configuration: tried hadoop-metrics2-s3a-file-system.properties,hadoop-metrics2.properties
[2025-10-29T10:20:19.156+0000] {spark_submit.py:491} INFO - Created/verified taxi zones table
[2025-10-29T10:20:19.157+0000] {spark_submit.py:491} INFO - Reading location data from: /opt/***/data/locations/nyc_taxi_zones.json
[2025-10-29T10:20:20.595+0000] {spark_submit.py:491} INFO - Raw location data count: 16
[2025-10-29T10:20:20.601+0000] {spark_submit.py:491} INFO - root
[2025-10-29T10:20:20.601+0000] {spark_submit.py:491} INFO - |-- borough: string (nullable = true)
[2025-10-29T10:20:20.602+0000] {spark_submit.py:491} INFO - |-- created_at: string (nullable = true)
[2025-10-29T10:20:20.602+0000] {spark_submit.py:491} INFO - |-- is_business_district: boolean (nullable = true)
[2025-10-29T10:20:20.602+0000] {spark_submit.py:491} INFO - |-- is_tourist_area: boolean (nullable = true)
[2025-10-29T10:20:20.602+0000] {spark_submit.py:491} INFO - |-- lat: double (nullable = true)
[2025-10-29T10:20:20.602+0000] {spark_submit.py:491} INFO - |-- location_id: long (nullable = true)
[2025-10-29T10:20:20.602+0000] {spark_submit.py:491} INFO - |-- lon: double (nullable = true)
[2025-10-29T10:20:20.602+0000] {spark_submit.py:491} INFO - |-- zone: string (nullable = true)
[2025-10-29T10:20:20.602+0000] {spark_submit.py:491} INFO - |-- zone_type: string (nullable = true)
[2025-10-29T10:20:20.602+0000] {spark_submit.py:491} INFO - 
[2025-10-29T10:20:20.791+0000] {spark_submit.py:491} INFO - Processed location data count: 16
[2025-10-29T10:20:22.197+0000] {spark_submit.py:491} INFO - Successfully wrote location data to Iceberg table
[2025-10-29T10:20:23.571+0000] {spark_submit.py:491} INFO - +---------+----------+-------------+--------------+
[2025-10-29T10:20:23.572+0000] {spark_submit.py:491} INFO - |  borough|zone_count|tourist_zones|business_zones|
[2025-10-29T10:20:23.572+0000] {spark_submit.py:491} INFO - +---------+----------+-------------+--------------+
[2025-10-29T10:20:23.572+0000] {spark_submit.py:491} INFO - |Manhattan|        13|            4|             3|
[2025-10-29T10:20:23.572+0000] {spark_submit.py:491} INFO - |   Queens|         2|            0|             0|
[2025-10-29T10:20:23.573+0000] {spark_submit.py:491} INFO - | Brooklyn|         1|            0|             0|
[2025-10-29T10:20:23.573+0000] {spark_submit.py:491} INFO - +---------+----------+-------------+--------------+
[2025-10-29T10:20:23.573+0000] {spark_submit.py:491} INFO - 
[2025-10-29T10:20:23.573+0000] {spark_submit.py:491} INFO - Location ETL job completed successfully!
[2025-10-29T10:20:24.160+0000] {taskinstance.py:1398} INFO - Marking task as SUCCESS. dag_id=nyc_weather_etl, task_id=spark_process_location_to_iceberg, execution_date=20251029T092010, start_date=20251029T102014, end_date=20251029T102024
[2025-10-29T10:20:24.203+0000] {local_task_job_runner.py:228} INFO - Task exited with return code 0
[2025-10-29T10:20:24.216+0000] {taskinstance.py:2776} INFO - 0 downstream tasks scheduled from follow-on schedule check
