[2025-11-03T04:53:18.437+0000] {taskinstance.py:1157} INFO - Dependencies all met for dep_context=non-requeueable deps ti=<TaskInstance: nyc_weather_etl.spark_process_location_to_iceberg scheduled__2025-11-03T03:53:15.902171+00:00 [queued]>
[2025-11-03T04:53:18.442+0000] {taskinstance.py:1157} INFO - Dependencies all met for dep_context=requeueable deps ti=<TaskInstance: nyc_weather_etl.spark_process_location_to_iceberg scheduled__2025-11-03T03:53:15.902171+00:00 [queued]>
[2025-11-03T04:53:18.443+0000] {taskinstance.py:1359} INFO - Starting attempt 1 of 1
[2025-11-03T04:53:18.447+0000] {taskinstance.py:1380} INFO - Executing <Task(SparkSubmitOperator): spark_process_location_to_iceberg> on 2025-11-03 03:53:15.902171+00:00
[2025-11-03T04:53:18.449+0000] {standard_task_runner.py:57} INFO - Started process 20753 to run task
[2025-11-03T04:53:18.451+0000] {standard_task_runner.py:84} INFO - Running: ['***', 'tasks', 'run', 'nyc_weather_etl', 'spark_process_location_to_iceberg', 'scheduled__2025-11-03T03:53:15.902171+00:00', '--job-id', '161', '--raw', '--subdir', 'DAGS_FOLDER/nyc_weather_etl.py', '--cfg-path', '/tmp/tmpty07ddt5']
[2025-11-03T04:53:18.452+0000] {standard_task_runner.py:85} INFO - Job 161: Subtask spark_process_location_to_iceberg
[2025-11-03T04:53:18.471+0000] {task_command.py:415} INFO - Running <TaskInstance: nyc_weather_etl.spark_process_location_to_iceberg scheduled__2025-11-03T03:53:15.902171+00:00 [running]> on host ec57452a9f33
[2025-11-03T04:53:18.599+0000] {taskinstance.py:1660} INFO - Exporting env vars: AIRFLOW_CTX_DAG_OWNER='data-engineering' AIRFLOW_CTX_DAG_ID='nyc_weather_etl' AIRFLOW_CTX_TASK_ID='spark_process_location_to_iceberg' AIRFLOW_CTX_EXECUTION_DATE='2025-11-03T03:53:15.902171+00:00' AIRFLOW_CTX_TRY_NUMBER='1' AIRFLOW_CTX_DAG_RUN_ID='scheduled__2025-11-03T03:53:15.902171+00:00'
[2025-11-03T04:53:18.600+0000] {base.py:73} INFO - Using connection ID 'spark_default' for task execution.
[2025-11-03T04:53:18.601+0000] {spark_submit.py:340} INFO - Spark-Submit cmd: /opt/bitnami/spark/bin/spark-submit --master spark-master:7077 --conf spark.master=spark://spark-master:7077 --conf spark.sql.catalog.spark_catalog=org.apache.iceberg.spark.SparkSessionCatalog --conf spark.sql.catalog.spark_catalog.type=hive --conf spark.sql.catalog.iceberg=org.apache.iceberg.spark.SparkCatalog --conf spark.sql.catalog.iceberg.type=hadoop --conf spark.sql.catalog.iceberg.warehouse=s3a://lakehouse/warehouse --conf spark.sql.extensions=org.apache.iceberg.spark.extensions.IcebergSparkSessionExtensions --conf spark.hadoop.fs.s3a.endpoint=http://minio:9000 --conf spark.hadoop.fs.s3a.access.key=admin --conf spark.hadoop.fs.s3a.secret.key=****** --conf spark.hadoop.fs.s3a.path.style.access=true --conf spark.hadoop.fs.s3a.impl=org.apache.hadoop.fs.s3a.S3AFileSystem --jars /opt/***/jars/iceberg-spark-runtime-3.5_2.12-1.4.2.jar,/opt/***/jars/aws-java-sdk-bundle-1.12.367.jar,/opt/***/jars/hadoop-aws-3.3.4.jar --name arrow-spark /opt/***/dags/spark_jobs/location_to_iceberg.py /opt/***/data/locations/nyc_taxi_zones.json
[2025-11-03T04:53:19.412+0000] {spark_submit.py:491} INFO - 25/11/03 04:53:19 WARN NativeCodeLoader: Unable to load native-hadoop library for your platform... using builtin-java classes where applicable
[2025-11-03T04:53:19.974+0000] {spark_submit.py:491} INFO - 25/11/03 04:53:19 INFO SparkContext: Running Spark version 3.5.1
[2025-11-03T04:53:19.976+0000] {spark_submit.py:491} INFO - 25/11/03 04:53:19 INFO SparkContext: OS info Linux, 6.10.14-linuxkit, aarch64
[2025-11-03T04:53:19.977+0000] {spark_submit.py:491} INFO - 25/11/03 04:53:19 INFO SparkContext: Java version 11.0.28
[2025-11-03T04:53:19.987+0000] {spark_submit.py:491} INFO - 25/11/03 04:53:19 INFO ResourceUtils: ==============================================================
[2025-11-03T04:53:19.987+0000] {spark_submit.py:491} INFO - 25/11/03 04:53:19 INFO ResourceUtils: No custom resources configured for spark.driver.
[2025-11-03T04:53:19.987+0000] {spark_submit.py:491} INFO - 25/11/03 04:53:19 INFO ResourceUtils: ==============================================================
[2025-11-03T04:53:19.988+0000] {spark_submit.py:491} INFO - 25/11/03 04:53:19 INFO SparkContext: Submitted application: Location to Iceberg ETL
[2025-11-03T04:53:19.998+0000] {spark_submit.py:491} INFO - 25/11/03 04:53:19 INFO ResourceProfile: Default ResourceProfile created, executor resources: Map(cores -> name: cores, amount: 1, script: , vendor: , memory -> name: memory, amount: 1024, script: , vendor: , offHeap -> name: offHeap, amount: 0, script: , vendor: ), task resources: Map(cpus -> name: cpus, amount: 1.0)
[2025-11-03T04:53:20.003+0000] {spark_submit.py:491} INFO - 25/11/03 04:53:20 INFO ResourceProfile: Limiting resource is cpu
[2025-11-03T04:53:20.004+0000] {spark_submit.py:491} INFO - 25/11/03 04:53:20 INFO ResourceProfileManager: Added ResourceProfile id: 0
[2025-11-03T04:53:20.036+0000] {spark_submit.py:491} INFO - 25/11/03 04:53:20 INFO SecurityManager: Changing view acls to: ***
[2025-11-03T04:53:20.037+0000] {spark_submit.py:491} INFO - 25/11/03 04:53:20 INFO SecurityManager: Changing modify acls to: ***
[2025-11-03T04:53:20.037+0000] {spark_submit.py:491} INFO - 25/11/03 04:53:20 INFO SecurityManager: Changing view acls groups to:
[2025-11-03T04:53:20.037+0000] {spark_submit.py:491} INFO - 25/11/03 04:53:20 INFO SecurityManager: Changing modify acls groups to:
[2025-11-03T04:53:20.037+0000] {spark_submit.py:491} INFO - 25/11/03 04:53:20 INFO SecurityManager: SecurityManager: authentication disabled; ui acls disabled; users with view permissions: ***; groups with view permissions: EMPTY; users with modify permissions: ***; groups with modify permissions: EMPTY
[2025-11-03T04:53:20.146+0000] {spark_submit.py:491} INFO - 25/11/03 04:53:20 INFO Utils: Successfully started service 'sparkDriver' on port 38975.
[2025-11-03T04:53:20.163+0000] {spark_submit.py:491} INFO - 25/11/03 04:53:20 INFO SparkEnv: Registering MapOutputTracker
[2025-11-03T04:53:20.178+0000] {spark_submit.py:491} INFO - 25/11/03 04:53:20 INFO SparkEnv: Registering BlockManagerMaster
[2025-11-03T04:53:20.191+0000] {spark_submit.py:491} INFO - 25/11/03 04:53:20 INFO BlockManagerMasterEndpoint: Using org.apache.spark.storage.DefaultTopologyMapper for getting topology information
[2025-11-03T04:53:20.191+0000] {spark_submit.py:491} INFO - 25/11/03 04:53:20 INFO BlockManagerMasterEndpoint: BlockManagerMasterEndpoint up
[2025-11-03T04:53:20.193+0000] {spark_submit.py:491} INFO - 25/11/03 04:53:20 INFO SparkEnv: Registering BlockManagerMasterHeartbeat
[2025-11-03T04:53:20.204+0000] {spark_submit.py:491} INFO - 25/11/03 04:53:20 INFO DiskBlockManager: Created local directory at /tmp/blockmgr-7e45de3a-4205-43fc-b3c5-873ecfe68df5
[2025-11-03T04:53:20.210+0000] {spark_submit.py:491} INFO - 25/11/03 04:53:20 INFO MemoryStore: MemoryStore started with capacity 434.4 MiB
[2025-11-03T04:53:20.218+0000] {spark_submit.py:491} INFO - 25/11/03 04:53:20 INFO SparkEnv: Registering OutputCommitCoordinator
[2025-11-03T04:53:20.270+0000] {spark_submit.py:491} INFO - 25/11/03 04:53:20 INFO JettyUtils: Start Jetty 0.0.0.0:4040 for SparkUI
[2025-11-03T04:53:20.302+0000] {spark_submit.py:491} INFO - 25/11/03 04:53:20 INFO Utils: Successfully started service 'SparkUI' on port 4040.
[2025-11-03T04:53:20.321+0000] {spark_submit.py:491} INFO - 25/11/03 04:53:20 INFO SparkContext: Added JAR file:///opt/***/jars/iceberg-spark-runtime-3.5_2.12-1.4.2.jar at spark://ec57452a9f33:38975/jars/iceberg-spark-runtime-3.5_2.12-1.4.2.jar with timestamp 1762145599970
[2025-11-03T04:53:20.322+0000] {spark_submit.py:491} INFO - 25/11/03 04:53:20 INFO SparkContext: Added JAR file:///opt/***/jars/aws-java-sdk-bundle-1.12.367.jar at spark://ec57452a9f33:38975/jars/aws-java-sdk-bundle-1.12.367.jar with timestamp 1762145599970
[2025-11-03T04:53:20.322+0000] {spark_submit.py:491} INFO - 25/11/03 04:53:20 INFO SparkContext: Added JAR file:///opt/***/jars/hadoop-aws-3.3.4.jar at spark://ec57452a9f33:38975/jars/hadoop-aws-3.3.4.jar with timestamp 1762145599970
[2025-11-03T04:53:20.360+0000] {spark_submit.py:491} INFO - 25/11/03 04:53:20 INFO Executor: Starting executor ID driver on host ec57452a9f33
[2025-11-03T04:53:20.361+0000] {spark_submit.py:491} INFO - 25/11/03 04:53:20 INFO Executor: OS info Linux, 6.10.14-linuxkit, aarch64
[2025-11-03T04:53:20.361+0000] {spark_submit.py:491} INFO - 25/11/03 04:53:20 INFO Executor: Java version 11.0.28
[2025-11-03T04:53:20.363+0000] {spark_submit.py:491} INFO - 25/11/03 04:53:20 INFO Executor: Starting executor with user classpath (userClassPathFirst = false): ''
[2025-11-03T04:53:20.364+0000] {spark_submit.py:491} INFO - 25/11/03 04:53:20 INFO Executor: Created or updated repl class loader org.apache.spark.util.MutableURLClassLoader@62afc027 for default.
[2025-11-03T04:53:20.370+0000] {spark_submit.py:491} INFO - 25/11/03 04:53:20 INFO Executor: Fetching spark://ec57452a9f33:38975/jars/iceberg-spark-runtime-3.5_2.12-1.4.2.jar with timestamp 1762145599970
[2025-11-03T04:53:20.399+0000] {spark_submit.py:491} INFO - 25/11/03 04:53:20 INFO TransportClientFactory: Successfully created connection to ec57452a9f33/172.18.0.4:38975 after 14 ms (0 ms spent in bootstraps)
[2025-11-03T04:53:20.403+0000] {spark_submit.py:491} INFO - 25/11/03 04:53:20 INFO Utils: Fetching spark://ec57452a9f33:38975/jars/iceberg-spark-runtime-3.5_2.12-1.4.2.jar to /tmp/spark-47184a64-b222-4581-8ee2-7ba23d4bee6e/userFiles-55fe868e-889d-4140-af7d-4c2a7069bbba/fetchFileTemp13331948084413082778.tmp
[2025-11-03T04:53:20.516+0000] {spark_submit.py:491} INFO - 25/11/03 04:53:20 INFO Executor: Adding file:/tmp/spark-47184a64-b222-4581-8ee2-7ba23d4bee6e/userFiles-55fe868e-889d-4140-af7d-4c2a7069bbba/iceberg-spark-runtime-3.5_2.12-1.4.2.jar to class loader default
[2025-11-03T04:53:20.517+0000] {spark_submit.py:491} INFO - 25/11/03 04:53:20 INFO Executor: Fetching spark://ec57452a9f33:38975/jars/hadoop-aws-3.3.4.jar with timestamp 1762145599970
[2025-11-03T04:53:20.517+0000] {spark_submit.py:491} INFO - 25/11/03 04:53:20 INFO Utils: Fetching spark://ec57452a9f33:38975/jars/hadoop-aws-3.3.4.jar to /tmp/spark-47184a64-b222-4581-8ee2-7ba23d4bee6e/userFiles-55fe868e-889d-4140-af7d-4c2a7069bbba/fetchFileTemp1704298462147795253.tmp
[2025-11-03T04:53:20.522+0000] {spark_submit.py:491} INFO - 25/11/03 04:53:20 INFO Executor: Adding file:/tmp/spark-47184a64-b222-4581-8ee2-7ba23d4bee6e/userFiles-55fe868e-889d-4140-af7d-4c2a7069bbba/hadoop-aws-3.3.4.jar to class loader default
[2025-11-03T04:53:20.522+0000] {spark_submit.py:491} INFO - 25/11/03 04:53:20 INFO Executor: Fetching spark://ec57452a9f33:38975/jars/aws-java-sdk-bundle-1.12.367.jar with timestamp 1762145599970
[2025-11-03T04:53:20.522+0000] {spark_submit.py:491} INFO - 25/11/03 04:53:20 INFO Utils: Fetching spark://ec57452a9f33:38975/jars/aws-java-sdk-bundle-1.12.367.jar to /tmp/spark-47184a64-b222-4581-8ee2-7ba23d4bee6e/userFiles-55fe868e-889d-4140-af7d-4c2a7069bbba/fetchFileTemp4099137127959970006.tmp
[2025-11-03T04:53:20.949+0000] {spark_submit.py:491} INFO - 25/11/03 04:53:20 INFO Executor: Adding file:/tmp/spark-47184a64-b222-4581-8ee2-7ba23d4bee6e/userFiles-55fe868e-889d-4140-af7d-4c2a7069bbba/aws-java-sdk-bundle-1.12.367.jar to class loader default
[2025-11-03T04:53:20.957+0000] {spark_submit.py:491} INFO - 25/11/03 04:53:20 INFO Utils: Successfully started service 'org.apache.spark.network.netty.NettyBlockTransferService' on port 45615.
[2025-11-03T04:53:20.958+0000] {spark_submit.py:491} INFO - 25/11/03 04:53:20 INFO NettyBlockTransferService: Server created on ec57452a9f33:45615
[2025-11-03T04:53:20.958+0000] {spark_submit.py:491} INFO - 25/11/03 04:53:20 INFO BlockManager: Using org.apache.spark.storage.RandomBlockReplicationPolicy for block replication policy
[2025-11-03T04:53:20.965+0000] {spark_submit.py:491} INFO - 25/11/03 04:53:20 INFO BlockManagerMaster: Registering BlockManager BlockManagerId(driver, ec57452a9f33, 45615, None)
[2025-11-03T04:53:20.968+0000] {spark_submit.py:491} INFO - 25/11/03 04:53:20 INFO BlockManagerMasterEndpoint: Registering block manager ec57452a9f33:45615 with 434.4 MiB RAM, BlockManagerId(driver, ec57452a9f33, 45615, None)
[2025-11-03T04:53:20.971+0000] {spark_submit.py:491} INFO - 25/11/03 04:53:20 INFO BlockManagerMaster: Registered BlockManager BlockManagerId(driver, ec57452a9f33, 45615, None)
[2025-11-03T04:53:20.972+0000] {spark_submit.py:491} INFO - 25/11/03 04:53:20 INFO BlockManager: Initialized BlockManager: BlockManagerId(driver, ec57452a9f33, 45615, None)
[2025-11-03T04:53:22.276+0000] {spark_submit.py:491} INFO - 25/11/03 04:53:22 WARN MetricsConfig: Cannot locate configuration: tried hadoop-metrics2-s3a-file-system.properties,hadoop-metrics2.properties
[2025-11-03T04:53:22.912+0000] {spark_submit.py:491} INFO - Created/verified taxi zones table
[2025-11-03T04:53:22.913+0000] {spark_submit.py:491} INFO - Reading location data from: /opt/***/data/locations/nyc_taxi_zones.json
[2025-11-03T04:53:24.091+0000] {spark_submit.py:491} INFO - Raw location data count: 16
[2025-11-03T04:53:24.092+0000] {spark_submit.py:491} INFO - root
[2025-11-03T04:53:24.092+0000] {spark_submit.py:491} INFO - |-- borough: string (nullable = true)
[2025-11-03T04:53:24.092+0000] {spark_submit.py:491} INFO - |-- created_at: string (nullable = true)
[2025-11-03T04:53:24.092+0000] {spark_submit.py:491} INFO - |-- is_business_district: boolean (nullable = true)
[2025-11-03T04:53:24.092+0000] {spark_submit.py:491} INFO - |-- is_tourist_area: boolean (nullable = true)
[2025-11-03T04:53:24.092+0000] {spark_submit.py:491} INFO - |-- lat: double (nullable = true)
[2025-11-03T04:53:24.093+0000] {spark_submit.py:491} INFO - |-- location_id: long (nullable = true)
[2025-11-03T04:53:24.093+0000] {spark_submit.py:491} INFO - |-- lon: double (nullable = true)
[2025-11-03T04:53:24.093+0000] {spark_submit.py:491} INFO - |-- zone: string (nullable = true)
[2025-11-03T04:53:24.093+0000] {spark_submit.py:491} INFO - |-- zone_type: string (nullable = true)
[2025-11-03T04:53:24.093+0000] {spark_submit.py:491} INFO - 
[2025-11-03T04:53:24.272+0000] {spark_submit.py:491} INFO - Processed location data count: 16
[2025-11-03T04:53:25.502+0000] {spark_submit.py:491} INFO - Successfully wrote location data to Iceberg table
[2025-11-03T04:53:26.628+0000] {spark_submit.py:491} INFO - +---------+----------+-------------+--------------+
[2025-11-03T04:53:26.629+0000] {spark_submit.py:491} INFO - |  borough|zone_count|tourist_zones|business_zones|
[2025-11-03T04:53:26.629+0000] {spark_submit.py:491} INFO - +---------+----------+-------------+--------------+
[2025-11-03T04:53:26.629+0000] {spark_submit.py:491} INFO - |Manhattan|        13|            4|             3|
[2025-11-03T04:53:26.629+0000] {spark_submit.py:491} INFO - |   Queens|         2|            0|             0|
[2025-11-03T04:53:26.629+0000] {spark_submit.py:491} INFO - | Brooklyn|         1|            0|             0|
[2025-11-03T04:53:26.629+0000] {spark_submit.py:491} INFO - +---------+----------+-------------+--------------+
[2025-11-03T04:53:26.629+0000] {spark_submit.py:491} INFO - 
[2025-11-03T04:53:26.629+0000] {spark_submit.py:491} INFO - Location ETL job completed successfully!
[2025-11-03T04:53:27.480+0000] {taskinstance.py:1398} INFO - Marking task as SUCCESS. dag_id=nyc_weather_etl, task_id=spark_process_location_to_iceberg, execution_date=20251103T035315, start_date=20251103T045318, end_date=20251103T045327
[2025-11-03T04:53:27.521+0000] {local_task_job_runner.py:228} INFO - Task exited with return code 0
[2025-11-03T04:53:27.529+0000] {taskinstance.py:2776} INFO - 0 downstream tasks scheduled from follow-on schedule check
