[2025-10-27T05:22:04.857+0000] {taskinstance.py:1157} INFO - Dependencies all met for dep_context=non-requeueable deps ti=<TaskInstance: nyc_weather_etl.spark_process_weather_to_iceberg scheduled__2025-10-27T04:22:01.412179+00:00 [queued]>
[2025-10-27T05:22:04.864+0000] {taskinstance.py:1157} INFO - Dependencies all met for dep_context=requeueable deps ti=<TaskInstance: nyc_weather_etl.spark_process_weather_to_iceberg scheduled__2025-10-27T04:22:01.412179+00:00 [queued]>
[2025-10-27T05:22:04.864+0000] {taskinstance.py:1359} INFO - Starting attempt 1 of 1
[2025-10-27T05:22:04.872+0000] {taskinstance.py:1380} INFO - Executing <Task(SparkSubmitOperator): spark_process_weather_to_iceberg> on 2025-10-27 04:22:01.412179+00:00
[2025-10-27T05:22:04.875+0000] {standard_task_runner.py:57} INFO - Started process 10286 to run task
[2025-10-27T05:22:04.878+0000] {standard_task_runner.py:84} INFO - Running: ['***', 'tasks', 'run', 'nyc_weather_etl', 'spark_process_weather_to_iceberg', 'scheduled__2025-10-27T04:22:01.412179+00:00', '--job-id', '688', '--raw', '--subdir', 'DAGS_FOLDER/nyc_weather_etl.py', '--cfg-path', '/tmp/tmp7khxr1xe']
[2025-10-27T05:22:04.879+0000] {standard_task_runner.py:85} INFO - Job 688: Subtask spark_process_weather_to_iceberg
[2025-10-27T05:22:04.904+0000] {task_command.py:415} INFO - Running <TaskInstance: nyc_weather_etl.spark_process_weather_to_iceberg scheduled__2025-10-27T04:22:01.412179+00:00 [running]> on host b40be2a595bb
[2025-10-27T05:22:05.058+0000] {taskinstance.py:1660} INFO - Exporting env vars: AIRFLOW_CTX_DAG_OWNER='data-engineering' AIRFLOW_CTX_DAG_ID='nyc_weather_etl' AIRFLOW_CTX_TASK_ID='spark_process_weather_to_iceberg' AIRFLOW_CTX_EXECUTION_DATE='2025-10-27T04:22:01.412179+00:00' AIRFLOW_CTX_TRY_NUMBER='1' AIRFLOW_CTX_DAG_RUN_ID='scheduled__2025-10-27T04:22:01.412179+00:00'
[2025-10-27T05:22:05.066+0000] {base.py:73} INFO - Using connection ID 'spark_default' for task execution.
[2025-10-27T05:22:05.067+0000] {spark_submit.py:340} INFO - Spark-Submit cmd: /opt/bitnami/spark/bin/spark-submit --master spark://spark-master:7077 --conf spark.master=spark://spark-master:7077 --conf spark.sql.catalog.spark_catalog=org.apache.iceberg.spark.SparkSessionCatalog --conf spark.sql.catalog.spark_catalog.type=hive --conf spark.sql.catalog.iceberg=org.apache.iceberg.spark.SparkCatalog --conf spark.sql.catalog.iceberg.type=hadoop --conf spark.sql.catalog.iceberg.warehouse=s3a://lakehouse/warehouse --conf spark.sql.extensions=org.apache.iceberg.spark.extensions.IcebergSparkSessionExtensions --conf spark.hadoop.fs.s3a.endpoint=http://minio:9000 --conf spark.hadoop.fs.s3a.access.key=admin --conf spark.hadoop.fs.s3a.secret.key=****** --conf spark.hadoop.fs.s3a.path.style.access=true --conf spark.hadoop.fs.s3a.impl=org.apache.hadoop.fs.s3a.S3AFileSystem --jars /opt/***/jars/iceberg-spark-runtime-3.5_2.12-1.4.2.jar,/opt/***/jars/aws-java-sdk-bundle-1.12.367.jar,/opt/***/jars/hadoop-aws-3.3.4.jar --name arrow-spark --queue default /opt/***/dags/spark_jobs/weather_to_iceberg.py /opt/***/data/weather/weather_data_20251008_06.json
[2025-10-27T05:22:06.396+0000] {spark_submit.py:491} INFO - 25/10/27 05:22:06 WARN NativeCodeLoader: Unable to load native-hadoop library for your platform... using builtin-java classes where applicable
[2025-10-27T05:22:07.442+0000] {spark_submit.py:491} INFO - 25/10/27 05:22:07 INFO SparkContext: Running Spark version 3.5.1
[2025-10-27T05:22:07.442+0000] {spark_submit.py:491} INFO - 25/10/27 05:22:07 INFO SparkContext: OS info Linux, 6.10.14-linuxkit, aarch64
[2025-10-27T05:22:07.443+0000] {spark_submit.py:491} INFO - 25/10/27 05:22:07 INFO SparkContext: Java version 11.0.28
[2025-10-27T05:22:07.457+0000] {spark_submit.py:491} INFO - 25/10/27 05:22:07 INFO ResourceUtils: ==============================================================
[2025-10-27T05:22:07.458+0000] {spark_submit.py:491} INFO - 25/10/27 05:22:07 INFO ResourceUtils: No custom resources configured for spark.driver.
[2025-10-27T05:22:07.458+0000] {spark_submit.py:491} INFO - 25/10/27 05:22:07 INFO ResourceUtils: ==============================================================
[2025-10-27T05:22:07.458+0000] {spark_submit.py:491} INFO - 25/10/27 05:22:07 INFO SparkContext: Submitted application: Weather to Iceberg ETL
[2025-10-27T05:22:07.474+0000] {spark_submit.py:491} INFO - 25/10/27 05:22:07 INFO ResourceProfile: Default ResourceProfile created, executor resources: Map(cores -> name: cores, amount: 1, script: , vendor: , memory -> name: memory, amount: 1024, script: , vendor: , offHeap -> name: offHeap, amount: 0, script: , vendor: ), task resources: Map(cpus -> name: cpus, amount: 1.0)
[2025-10-27T05:22:07.486+0000] {spark_submit.py:491} INFO - 25/10/27 05:22:07 INFO ResourceProfile: Limiting resource is cpu
[2025-10-27T05:22:07.487+0000] {spark_submit.py:491} INFO - 25/10/27 05:22:07 INFO ResourceProfileManager: Added ResourceProfile id: 0
[2025-10-27T05:22:07.533+0000] {spark_submit.py:491} INFO - 25/10/27 05:22:07 INFO SecurityManager: Changing view acls to: ***
[2025-10-27T05:22:07.534+0000] {spark_submit.py:491} INFO - 25/10/27 05:22:07 INFO SecurityManager: Changing modify acls to: ***
[2025-10-27T05:22:07.535+0000] {spark_submit.py:491} INFO - 25/10/27 05:22:07 INFO SecurityManager: Changing view acls groups to:
[2025-10-27T05:22:07.536+0000] {spark_submit.py:491} INFO - 25/10/27 05:22:07 INFO SecurityManager: Changing modify acls groups to:
[2025-10-27T05:22:07.536+0000] {spark_submit.py:491} INFO - 25/10/27 05:22:07 INFO SecurityManager: SecurityManager: authentication disabled; ui acls disabled; users with view permissions: ***; groups with view permissions: EMPTY; users with modify permissions: ***; groups with modify permissions: EMPTY
[2025-10-27T05:22:07.840+0000] {spark_submit.py:491} INFO - 25/10/27 05:22:07 INFO Utils: Successfully started service 'sparkDriver' on port 39467.
[2025-10-27T05:22:07.874+0000] {spark_submit.py:491} INFO - 25/10/27 05:22:07 INFO SparkEnv: Registering MapOutputTracker
[2025-10-27T05:22:07.897+0000] {spark_submit.py:491} INFO - 25/10/27 05:22:07 INFO SparkEnv: Registering BlockManagerMaster
[2025-10-27T05:22:07.917+0000] {spark_submit.py:491} INFO - 25/10/27 05:22:07 INFO BlockManagerMasterEndpoint: Using org.apache.spark.storage.DefaultTopologyMapper for getting topology information
[2025-10-27T05:22:07.918+0000] {spark_submit.py:491} INFO - 25/10/27 05:22:07 INFO BlockManagerMasterEndpoint: BlockManagerMasterEndpoint up
[2025-10-27T05:22:07.922+0000] {spark_submit.py:491} INFO - 25/10/27 05:22:07 INFO SparkEnv: Registering BlockManagerMasterHeartbeat
[2025-10-27T05:22:07.940+0000] {spark_submit.py:491} INFO - 25/10/27 05:22:07 INFO DiskBlockManager: Created local directory at /tmp/blockmgr-2f47ac5a-c96b-494d-a2ea-7577f12511eb
[2025-10-27T05:22:07.948+0000] {spark_submit.py:491} INFO - 25/10/27 05:22:07 INFO MemoryStore: MemoryStore started with capacity 434.4 MiB
[2025-10-27T05:22:07.958+0000] {spark_submit.py:491} INFO - 25/10/27 05:22:07 INFO SparkEnv: Registering OutputCommitCoordinator
[2025-10-27T05:22:08.049+0000] {spark_submit.py:491} INFO - 25/10/27 05:22:08 INFO JettyUtils: Start Jetty 0.0.0.0:4040 for SparkUI
[2025-10-27T05:22:08.108+0000] {spark_submit.py:491} INFO - 25/10/27 05:22:08 WARN Utils: Service 'SparkUI' could not bind on port 4040. Attempting port 4041.
[2025-10-27T05:22:08.118+0000] {spark_submit.py:491} INFO - 25/10/27 05:22:08 INFO Utils: Successfully started service 'SparkUI' on port 4041.
[2025-10-27T05:22:08.144+0000] {spark_submit.py:491} INFO - 25/10/27 05:22:08 INFO SparkContext: Added JAR file:///opt/***/jars/iceberg-spark-runtime-3.5_2.12-1.4.2.jar at spark://b40be2a595bb:39467/jars/iceberg-spark-runtime-3.5_2.12-1.4.2.jar with timestamp 1761542527431
[2025-10-27T05:22:08.144+0000] {spark_submit.py:491} INFO - 25/10/27 05:22:08 INFO SparkContext: Added JAR file:///opt/***/jars/aws-java-sdk-bundle-1.12.367.jar at spark://b40be2a595bb:39467/jars/aws-java-sdk-bundle-1.12.367.jar with timestamp 1761542527431
[2025-10-27T05:22:08.144+0000] {spark_submit.py:491} INFO - 25/10/27 05:22:08 INFO SparkContext: Added JAR file:///opt/***/jars/hadoop-aws-3.3.4.jar at spark://b40be2a595bb:39467/jars/hadoop-aws-3.3.4.jar with timestamp 1761542527431
[2025-10-27T05:22:08.224+0000] {spark_submit.py:491} INFO - 25/10/27 05:22:08 INFO Executor: Starting executor ID driver on host b40be2a595bb
[2025-10-27T05:22:08.228+0000] {spark_submit.py:491} INFO - 25/10/27 05:22:08 INFO Executor: OS info Linux, 6.10.14-linuxkit, aarch64
[2025-10-27T05:22:08.228+0000] {spark_submit.py:491} INFO - 25/10/27 05:22:08 INFO Executor: Java version 11.0.28
[2025-10-27T05:22:08.233+0000] {spark_submit.py:491} INFO - 25/10/27 05:22:08 INFO Executor: Starting executor with user classpath (userClassPathFirst = false): ''
[2025-10-27T05:22:08.233+0000] {spark_submit.py:491} INFO - 25/10/27 05:22:08 INFO Executor: Created or updated repl class loader org.apache.spark.util.MutableURLClassLoader@3aebde94 for default.
[2025-10-27T05:22:08.244+0000] {spark_submit.py:491} INFO - 25/10/27 05:22:08 INFO Executor: Fetching spark://b40be2a595bb:39467/jars/hadoop-aws-3.3.4.jar with timestamp 1761542527431
[2025-10-27T05:22:08.301+0000] {spark_submit.py:491} INFO - 25/10/27 05:22:08 INFO TransportClientFactory: Successfully created connection to b40be2a595bb/172.18.0.5:39467 after 37 ms (0 ms spent in bootstraps)
[2025-10-27T05:22:08.307+0000] {spark_submit.py:491} INFO - 25/10/27 05:22:08 INFO Utils: Fetching spark://b40be2a595bb:39467/jars/hadoop-aws-3.3.4.jar to /tmp/spark-22ca0882-1518-4da6-9f16-9d41f549d372/userFiles-65bc15bc-5daf-42ee-9345-99557b4b084a/fetchFileTemp3611066486290936435.tmp
[2025-10-27T05:22:08.346+0000] {spark_submit.py:491} INFO - 25/10/27 05:22:08 INFO Executor: Adding file:/tmp/spark-22ca0882-1518-4da6-9f16-9d41f549d372/userFiles-65bc15bc-5daf-42ee-9345-99557b4b084a/hadoop-aws-3.3.4.jar to class loader default
[2025-10-27T05:22:08.347+0000] {spark_submit.py:491} INFO - 25/10/27 05:22:08 INFO Executor: Fetching spark://b40be2a595bb:39467/jars/iceberg-spark-runtime-3.5_2.12-1.4.2.jar with timestamp 1761542527431
[2025-10-27T05:22:08.348+0000] {spark_submit.py:491} INFO - 25/10/27 05:22:08 INFO Utils: Fetching spark://b40be2a595bb:39467/jars/iceberg-spark-runtime-3.5_2.12-1.4.2.jar to /tmp/spark-22ca0882-1518-4da6-9f16-9d41f549d372/userFiles-65bc15bc-5daf-42ee-9345-99557b4b084a/fetchFileTemp18130567703363130873.tmp
[2025-10-27T05:22:08.492+0000] {spark_submit.py:491} INFO - 25/10/27 05:22:08 INFO Executor: Adding file:/tmp/spark-22ca0882-1518-4da6-9f16-9d41f549d372/userFiles-65bc15bc-5daf-42ee-9345-99557b4b084a/iceberg-spark-runtime-3.5_2.12-1.4.2.jar to class loader default
[2025-10-27T05:22:08.494+0000] {spark_submit.py:491} INFO - 25/10/27 05:22:08 INFO Executor: Fetching spark://b40be2a595bb:39467/jars/aws-java-sdk-bundle-1.12.367.jar with timestamp 1761542527431
[2025-10-27T05:22:08.494+0000] {spark_submit.py:491} INFO - 25/10/27 05:22:08 INFO Utils: Fetching spark://b40be2a595bb:39467/jars/aws-java-sdk-bundle-1.12.367.jar to /tmp/spark-22ca0882-1518-4da6-9f16-9d41f549d372/userFiles-65bc15bc-5daf-42ee-9345-99557b4b084a/fetchFileTemp13544139930572793802.tmp
[2025-10-27T05:22:09.030+0000] {spark_submit.py:491} INFO - 25/10/27 05:22:09 INFO Executor: Adding file:/tmp/spark-22ca0882-1518-4da6-9f16-9d41f549d372/userFiles-65bc15bc-5daf-42ee-9345-99557b4b084a/aws-java-sdk-bundle-1.12.367.jar to class loader default
[2025-10-27T05:22:09.047+0000] {spark_submit.py:491} INFO - 25/10/27 05:22:09 INFO Utils: Successfully started service 'org.apache.spark.network.netty.NettyBlockTransferService' on port 43565.
[2025-10-27T05:22:09.047+0000] {spark_submit.py:491} INFO - 25/10/27 05:22:09 INFO NettyBlockTransferService: Server created on b40be2a595bb:43565
[2025-10-27T05:22:09.048+0000] {spark_submit.py:491} INFO - 25/10/27 05:22:09 INFO BlockManager: Using org.apache.spark.storage.RandomBlockReplicationPolicy for block replication policy
[2025-10-27T05:22:09.059+0000] {spark_submit.py:491} INFO - 25/10/27 05:22:09 INFO BlockManagerMaster: Registering BlockManager BlockManagerId(driver, b40be2a595bb, 43565, None)
[2025-10-27T05:22:09.067+0000] {spark_submit.py:491} INFO - 25/10/27 05:22:09 INFO BlockManagerMasterEndpoint: Registering block manager b40be2a595bb:43565 with 434.4 MiB RAM, BlockManagerId(driver, b40be2a595bb, 43565, None)
[2025-10-27T05:22:09.069+0000] {spark_submit.py:491} INFO - 25/10/27 05:22:09 INFO BlockManagerMaster: Registered BlockManager BlockManagerId(driver, b40be2a595bb, 43565, None)
[2025-10-27T05:22:09.071+0000] {spark_submit.py:491} INFO - 25/10/27 05:22:09 INFO BlockManager: Initialized BlockManager: BlockManagerId(driver, b40be2a595bb, 43565, None)
[2025-10-27T05:22:11.998+0000] {spark_submit.py:491} INFO - 25/10/27 05:22:11 WARN MetricsConfig: Cannot locate configuration: tried hadoop-metrics2-s3a-file-system.properties,hadoop-metrics2.properties
[2025-10-27T05:22:13.216+0000] {spark_submit.py:491} INFO - Created/verified weather table
[2025-10-27T05:22:13.216+0000] {spark_submit.py:491} INFO - Reading weather data from: /opt/***/data/weather/weather_data_20251008_06.json
[2025-10-27T05:22:15.569+0000] {spark_submit.py:491} INFO - Raw weather data count: 24
[2025-10-27T05:22:15.569+0000] {spark_submit.py:491} INFO - root
[2025-10-27T05:22:15.569+0000] {spark_submit.py:491} INFO - |-- timestamp: string (nullable = true)
[2025-10-27T05:22:15.570+0000] {spark_submit.py:491} INFO - |-- location: string (nullable = true)
[2025-10-27T05:22:15.571+0000] {spark_submit.py:491} INFO - |-- latitude: double (nullable = true)
[2025-10-27T05:22:15.571+0000] {spark_submit.py:491} INFO - |-- longitude: double (nullable = true)
[2025-10-27T05:22:15.571+0000] {spark_submit.py:491} INFO - |-- temperature_celsius: double (nullable = true)
[2025-10-27T05:22:15.571+0000] {spark_submit.py:491} INFO - |-- temperature_fahrenheit: double (nullable = true)
[2025-10-27T05:22:15.571+0000] {spark_submit.py:491} INFO - |-- humidity_percent: double (nullable = true)
[2025-10-27T05:22:15.571+0000] {spark_submit.py:491} INFO - |-- pressure_hpa: double (nullable = true)
[2025-10-27T05:22:15.571+0000] {spark_submit.py:491} INFO - |-- wind_speed_kmh: double (nullable = true)
[2025-10-27T05:22:15.571+0000] {spark_submit.py:491} INFO - |-- weather_condition: string (nullable = true)
[2025-10-27T05:22:15.571+0000] {spark_submit.py:491} INFO - |-- visibility_km: double (nullable = true)
[2025-10-27T05:22:15.571+0000] {spark_submit.py:491} INFO - |-- uv_index: double (nullable = true)
[2025-10-27T05:22:15.571+0000] {spark_submit.py:491} INFO - |-- hour: integer (nullable = true)
[2025-10-27T05:22:15.571+0000] {spark_submit.py:491} INFO - |-- day_of_week: integer (nullable = true)
[2025-10-27T05:22:15.571+0000] {spark_submit.py:491} INFO - |-- is_weekend: boolean (nullable = true)
[2025-10-27T05:22:15.572+0000] {spark_submit.py:491} INFO - 
[2025-10-27T05:22:15.996+0000] {spark_submit.py:491} INFO - Processed weather data count: 24
[2025-10-27T05:22:17.902+0000] {spark_submit.py:491} INFO - Successfully wrote weather data to Iceberg table
[2025-10-27T05:22:19.845+0000] {spark_submit.py:491} INFO - +------------+------------------+------------------+-----------------+--------------------+
[2025-10-27T05:22:19.846+0000] {spark_submit.py:491} INFO - |weather_date|        avg_temp_c|      avg_humidity|   avg_wind_speed|          conditions|
[2025-10-27T05:22:19.846+0000] {spark_submit.py:491} INFO - +------------+------------------+------------------+-----------------+--------------------+
[2025-10-27T05:22:19.846+0000] {spark_submit.py:491} INFO - |  2025-10-08|14.865714285714287| 55.28571428571428|9.157142857142857|[clear, snow, clo...|
[2025-10-27T05:22:19.846+0000] {spark_submit.py:491} INFO - |  2025-10-07|16.545882352941174|61.094117647058845|7.900000000000002|[clear, snow, rai...|
[2025-10-27T05:22:19.846+0000] {spark_submit.py:491} INFO - +------------+------------------+------------------+-----------------+--------------------+
[2025-10-27T05:22:19.846+0000] {spark_submit.py:491} INFO - 
[2025-10-27T05:22:19.846+0000] {spark_submit.py:491} INFO - Weather ETL job completed successfully!
[2025-10-27T05:22:20.497+0000] {taskinstance.py:1398} INFO - Marking task as SUCCESS. dag_id=nyc_weather_etl, task_id=spark_process_weather_to_iceberg, execution_date=20251027T042201, start_date=20251027T052204, end_date=20251027T052220
[2025-10-27T05:22:20.547+0000] {local_task_job_runner.py:228} INFO - Task exited with return code 0
[2025-10-27T05:22:20.561+0000] {taskinstance.py:2776} INFO - 0 downstream tasks scheduled from follow-on schedule check
