[2025-10-27T06:44:03.007+0000] {taskinstance.py:1157} INFO - Dependencies all met for dep_context=non-requeueable deps ti=<TaskInstance: nyc_weather_etl.spark_process_weather_to_iceberg manual__2025-10-27T06:44:00.659958+00:00 [queued]>
[2025-10-27T06:44:03.012+0000] {taskinstance.py:1157} INFO - Dependencies all met for dep_context=requeueable deps ti=<TaskInstance: nyc_weather_etl.spark_process_weather_to_iceberg manual__2025-10-27T06:44:00.659958+00:00 [queued]>
[2025-10-27T06:44:03.012+0000] {taskinstance.py:1359} INFO - Starting attempt 1 of 1
[2025-10-27T06:44:03.019+0000] {taskinstance.py:1380} INFO - Executing <Task(SparkSubmitOperator): spark_process_weather_to_iceberg> on 2025-10-27 06:44:00.659958+00:00
[2025-10-27T06:44:03.023+0000] {standard_task_runner.py:57} INFO - Started process 19119 to run task
[2025-10-27T06:44:03.025+0000] {standard_task_runner.py:84} INFO - Running: ['***', 'tasks', 'run', 'nyc_weather_etl', 'spark_process_weather_to_iceberg', 'manual__2025-10-27T06:44:00.659958+00:00', '--job-id', '705', '--raw', '--subdir', 'DAGS_FOLDER/nyc_weather_etl.py', '--cfg-path', '/tmp/tmpq60j8119']
[2025-10-27T06:44:03.026+0000] {standard_task_runner.py:85} INFO - Job 705: Subtask spark_process_weather_to_iceberg
[2025-10-27T06:44:03.065+0000] {task_command.py:415} INFO - Running <TaskInstance: nyc_weather_etl.spark_process_weather_to_iceberg manual__2025-10-27T06:44:00.659958+00:00 [running]> on host b40be2a595bb
[2025-10-27T06:44:03.201+0000] {taskinstance.py:1660} INFO - Exporting env vars: AIRFLOW_CTX_DAG_OWNER='data-engineering' AIRFLOW_CTX_DAG_ID='nyc_weather_etl' AIRFLOW_CTX_TASK_ID='spark_process_weather_to_iceberg' AIRFLOW_CTX_EXECUTION_DATE='2025-10-27T06:44:00.659958+00:00' AIRFLOW_CTX_TRY_NUMBER='1' AIRFLOW_CTX_DAG_RUN_ID='manual__2025-10-27T06:44:00.659958+00:00'
[2025-10-27T06:44:03.206+0000] {base.py:73} INFO - Using connection ID 'spark_default' for task execution.
[2025-10-27T06:44:03.207+0000] {spark_submit.py:340} INFO - Spark-Submit cmd: /opt/bitnami/spark/bin/spark-submit --master spark://spark-master:7077 --conf spark.master=spark://spark-master:7077 --conf spark.sql.catalog.spark_catalog=org.apache.iceberg.spark.SparkSessionCatalog --conf spark.sql.catalog.spark_catalog.type=hive --conf spark.sql.catalog.iceberg=org.apache.iceberg.spark.SparkCatalog --conf spark.sql.catalog.iceberg.type=hadoop --conf spark.sql.catalog.iceberg.warehouse=s3a://lakehouse/warehouse --conf spark.sql.extensions=org.apache.iceberg.spark.extensions.IcebergSparkSessionExtensions --conf spark.hadoop.fs.s3a.endpoint=http://minio:9000 --conf spark.hadoop.fs.s3a.access.key=admin --conf spark.hadoop.fs.s3a.secret.key=****** --conf spark.hadoop.fs.s3a.path.style.access=true --conf spark.hadoop.fs.s3a.impl=org.apache.hadoop.fs.s3a.S3AFileSystem --jars /opt/***/jars/iceberg-spark-runtime-3.5_2.12-1.4.2.jar,/opt/***/jars/aws-java-sdk-bundle-1.12.367.jar,/opt/***/jars/hadoop-aws-3.3.4.jar --name arrow-spark --queue default /opt/***/dags/spark_jobs/weather_to_iceberg.py /opt/***/data/weather/weather_data_20251008_06.json
[2025-10-27T06:44:04.069+0000] {spark_submit.py:491} INFO - 25/10/27 06:44:04 WARN NativeCodeLoader: Unable to load native-hadoop library for your platform... using builtin-java classes where applicable
[2025-10-27T06:44:04.745+0000] {spark_submit.py:491} INFO - 25/10/27 06:44:04 INFO SparkContext: Running Spark version 3.5.1
[2025-10-27T06:44:04.745+0000] {spark_submit.py:491} INFO - 25/10/27 06:44:04 INFO SparkContext: OS info Linux, 6.10.14-linuxkit, aarch64
[2025-10-27T06:44:04.745+0000] {spark_submit.py:491} INFO - 25/10/27 06:44:04 INFO SparkContext: Java version 11.0.28
[2025-10-27T06:44:04.758+0000] {spark_submit.py:491} INFO - 25/10/27 06:44:04 INFO ResourceUtils: ==============================================================
[2025-10-27T06:44:04.758+0000] {spark_submit.py:491} INFO - 25/10/27 06:44:04 INFO ResourceUtils: No custom resources configured for spark.driver.
[2025-10-27T06:44:04.758+0000] {spark_submit.py:491} INFO - 25/10/27 06:44:04 INFO ResourceUtils: ==============================================================
[2025-10-27T06:44:04.759+0000] {spark_submit.py:491} INFO - 25/10/27 06:44:04 INFO SparkContext: Submitted application: Weather to Iceberg ETL
[2025-10-27T06:44:04.774+0000] {spark_submit.py:491} INFO - 25/10/27 06:44:04 INFO ResourceProfile: Default ResourceProfile created, executor resources: Map(cores -> name: cores, amount: 1, script: , vendor: , memory -> name: memory, amount: 1024, script: , vendor: , offHeap -> name: offHeap, amount: 0, script: , vendor: ), task resources: Map(cpus -> name: cpus, amount: 1.0)
[2025-10-27T06:44:04.778+0000] {spark_submit.py:491} INFO - 25/10/27 06:44:04 INFO ResourceProfile: Limiting resource is cpu
[2025-10-27T06:44:04.779+0000] {spark_submit.py:491} INFO - 25/10/27 06:44:04 INFO ResourceProfileManager: Added ResourceProfile id: 0
[2025-10-27T06:44:04.810+0000] {spark_submit.py:491} INFO - 25/10/27 06:44:04 INFO SecurityManager: Changing view acls to: ***
[2025-10-27T06:44:04.810+0000] {spark_submit.py:491} INFO - 25/10/27 06:44:04 INFO SecurityManager: Changing modify acls to: ***
[2025-10-27T06:44:04.810+0000] {spark_submit.py:491} INFO - 25/10/27 06:44:04 INFO SecurityManager: Changing view acls groups to:
[2025-10-27T06:44:04.810+0000] {spark_submit.py:491} INFO - 25/10/27 06:44:04 INFO SecurityManager: Changing modify acls groups to:
[2025-10-27T06:44:04.811+0000] {spark_submit.py:491} INFO - 25/10/27 06:44:04 INFO SecurityManager: SecurityManager: authentication disabled; ui acls disabled; users with view permissions: ***; groups with view permissions: EMPTY; users with modify permissions: ***; groups with modify permissions: EMPTY
[2025-10-27T06:44:04.906+0000] {spark_submit.py:491} INFO - 25/10/27 06:44:04 INFO Utils: Successfully started service 'sparkDriver' on port 46381.
[2025-10-27T06:44:04.924+0000] {spark_submit.py:491} INFO - 25/10/27 06:44:04 INFO SparkEnv: Registering MapOutputTracker
[2025-10-27T06:44:04.938+0000] {spark_submit.py:491} INFO - 25/10/27 06:44:04 INFO SparkEnv: Registering BlockManagerMaster
[2025-10-27T06:44:04.950+0000] {spark_submit.py:491} INFO - 25/10/27 06:44:04 INFO BlockManagerMasterEndpoint: Using org.apache.spark.storage.DefaultTopologyMapper for getting topology information
[2025-10-27T06:44:04.951+0000] {spark_submit.py:491} INFO - 25/10/27 06:44:04 INFO BlockManagerMasterEndpoint: BlockManagerMasterEndpoint up
[2025-10-27T06:44:04.952+0000] {spark_submit.py:491} INFO - 25/10/27 06:44:04 INFO SparkEnv: Registering BlockManagerMasterHeartbeat
[2025-10-27T06:44:04.963+0000] {spark_submit.py:491} INFO - 25/10/27 06:44:04 INFO DiskBlockManager: Created local directory at /tmp/blockmgr-34d44b0c-2aa1-48c4-aec4-ed21a144f78c
[2025-10-27T06:44:04.969+0000] {spark_submit.py:491} INFO - 25/10/27 06:44:04 INFO MemoryStore: MemoryStore started with capacity 434.4 MiB
[2025-10-27T06:44:04.974+0000] {spark_submit.py:491} INFO - 25/10/27 06:44:04 INFO SparkEnv: Registering OutputCommitCoordinator
[2025-10-27T06:44:05.026+0000] {spark_submit.py:491} INFO - 25/10/27 06:44:05 INFO JettyUtils: Start Jetty 0.0.0.0:4040 for SparkUI
[2025-10-27T06:44:05.051+0000] {spark_submit.py:491} INFO - 25/10/27 06:44:05 WARN Utils: Service 'SparkUI' could not bind on port 4040. Attempting port 4041.
[2025-10-27T06:44:05.056+0000] {spark_submit.py:491} INFO - 25/10/27 06:44:05 INFO Utils: Successfully started service 'SparkUI' on port 4041.
[2025-10-27T06:44:05.081+0000] {spark_submit.py:491} INFO - 25/10/27 06:44:05 INFO SparkContext: Added JAR file:///opt/***/jars/iceberg-spark-runtime-3.5_2.12-1.4.2.jar at spark://b40be2a595bb:46381/jars/iceberg-spark-runtime-3.5_2.12-1.4.2.jar with timestamp 1761547444739
[2025-10-27T06:44:05.081+0000] {spark_submit.py:491} INFO - 25/10/27 06:44:05 INFO SparkContext: Added JAR file:///opt/***/jars/aws-java-sdk-bundle-1.12.367.jar at spark://b40be2a595bb:46381/jars/aws-java-sdk-bundle-1.12.367.jar with timestamp 1761547444739
[2025-10-27T06:44:05.081+0000] {spark_submit.py:491} INFO - 25/10/27 06:44:05 INFO SparkContext: Added JAR file:///opt/***/jars/hadoop-aws-3.3.4.jar at spark://b40be2a595bb:46381/jars/hadoop-aws-3.3.4.jar with timestamp 1761547444739
[2025-10-27T06:44:05.115+0000] {spark_submit.py:491} INFO - 25/10/27 06:44:05 INFO Executor: Starting executor ID driver on host b40be2a595bb
[2025-10-27T06:44:05.117+0000] {spark_submit.py:491} INFO - 25/10/27 06:44:05 INFO Executor: OS info Linux, 6.10.14-linuxkit, aarch64
[2025-10-27T06:44:05.118+0000] {spark_submit.py:491} INFO - 25/10/27 06:44:05 INFO Executor: Java version 11.0.28
[2025-10-27T06:44:05.120+0000] {spark_submit.py:491} INFO - 25/10/27 06:44:05 INFO Executor: Starting executor with user classpath (userClassPathFirst = false): ''
[2025-10-27T06:44:05.121+0000] {spark_submit.py:491} INFO - 25/10/27 06:44:05 INFO Executor: Created or updated repl class loader org.apache.spark.util.MutableURLClassLoader@57b86bfd for default.
[2025-10-27T06:44:05.128+0000] {spark_submit.py:491} INFO - 25/10/27 06:44:05 INFO Executor: Fetching spark://b40be2a595bb:46381/jars/hadoop-aws-3.3.4.jar with timestamp 1761547444739
[2025-10-27T06:44:05.158+0000] {spark_submit.py:491} INFO - 25/10/27 06:44:05 INFO TransportClientFactory: Successfully created connection to b40be2a595bb/172.18.0.5:46381 after 11 ms (0 ms spent in bootstraps)
[2025-10-27T06:44:05.160+0000] {spark_submit.py:491} INFO - 25/10/27 06:44:05 INFO Utils: Fetching spark://b40be2a595bb:46381/jars/hadoop-aws-3.3.4.jar to /tmp/spark-8f7a6507-6c36-4f27-995e-54c5f0902020/userFiles-b169464c-94bd-449f-bad0-efc14aed137d/fetchFileTemp4314763495732209125.tmp
[2025-10-27T06:44:05.182+0000] {spark_submit.py:491} INFO - 25/10/27 06:44:05 INFO Executor: Adding file:/tmp/spark-8f7a6507-6c36-4f27-995e-54c5f0902020/userFiles-b169464c-94bd-449f-bad0-efc14aed137d/hadoop-aws-3.3.4.jar to class loader default
[2025-10-27T06:44:05.183+0000] {spark_submit.py:491} INFO - 25/10/27 06:44:05 INFO Executor: Fetching spark://b40be2a595bb:46381/jars/iceberg-spark-runtime-3.5_2.12-1.4.2.jar with timestamp 1761547444739
[2025-10-27T06:44:05.183+0000] {spark_submit.py:491} INFO - 25/10/27 06:44:05 INFO Utils: Fetching spark://b40be2a595bb:46381/jars/iceberg-spark-runtime-3.5_2.12-1.4.2.jar to /tmp/spark-8f7a6507-6c36-4f27-995e-54c5f0902020/userFiles-b169464c-94bd-449f-bad0-efc14aed137d/fetchFileTemp18069443202458965858.tmp
[2025-10-27T06:44:05.227+0000] {spark_submit.py:491} INFO - 25/10/27 06:44:05 INFO Executor: Adding file:/tmp/spark-8f7a6507-6c36-4f27-995e-54c5f0902020/userFiles-b169464c-94bd-449f-bad0-efc14aed137d/iceberg-spark-runtime-3.5_2.12-1.4.2.jar to class loader default
[2025-10-27T06:44:05.227+0000] {spark_submit.py:491} INFO - 25/10/27 06:44:05 INFO Executor: Fetching spark://b40be2a595bb:46381/jars/aws-java-sdk-bundle-1.12.367.jar with timestamp 1761547444739
[2025-10-27T06:44:05.227+0000] {spark_submit.py:491} INFO - 25/10/27 06:44:05 INFO Utils: Fetching spark://b40be2a595bb:46381/jars/aws-java-sdk-bundle-1.12.367.jar to /tmp/spark-8f7a6507-6c36-4f27-995e-54c5f0902020/userFiles-b169464c-94bd-449f-bad0-efc14aed137d/fetchFileTemp8349625857260453538.tmp
[2025-10-27T06:44:05.749+0000] {spark_submit.py:491} INFO - 25/10/27 06:44:05 INFO Executor: Adding file:/tmp/spark-8f7a6507-6c36-4f27-995e-54c5f0902020/userFiles-b169464c-94bd-449f-bad0-efc14aed137d/aws-java-sdk-bundle-1.12.367.jar to class loader default
[2025-10-27T06:44:05.755+0000] {spark_submit.py:491} INFO - 25/10/27 06:44:05 INFO Utils: Successfully started service 'org.apache.spark.network.netty.NettyBlockTransferService' on port 42007.
[2025-10-27T06:44:05.757+0000] {spark_submit.py:491} INFO - 25/10/27 06:44:05 INFO NettyBlockTransferService: Server created on b40be2a595bb:42007
[2025-10-27T06:44:05.757+0000] {spark_submit.py:491} INFO - 25/10/27 06:44:05 INFO BlockManager: Using org.apache.spark.storage.RandomBlockReplicationPolicy for block replication policy
[2025-10-27T06:44:05.764+0000] {spark_submit.py:491} INFO - 25/10/27 06:44:05 INFO BlockManagerMaster: Registering BlockManager BlockManagerId(driver, b40be2a595bb, 42007, None)
[2025-10-27T06:44:05.766+0000] {spark_submit.py:491} INFO - 25/10/27 06:44:05 INFO BlockManagerMasterEndpoint: Registering block manager b40be2a595bb:42007 with 434.4 MiB RAM, BlockManagerId(driver, b40be2a595bb, 42007, None)
[2025-10-27T06:44:05.768+0000] {spark_submit.py:491} INFO - 25/10/27 06:44:05 INFO BlockManagerMaster: Registered BlockManager BlockManagerId(driver, b40be2a595bb, 42007, None)
[2025-10-27T06:44:05.768+0000] {spark_submit.py:491} INFO - 25/10/27 06:44:05 INFO BlockManager: Initialized BlockManager: BlockManagerId(driver, b40be2a595bb, 42007, None)
[2025-10-27T06:44:07.248+0000] {spark_submit.py:491} INFO - 25/10/27 06:44:07 WARN MetricsConfig: Cannot locate configuration: tried hadoop-metrics2-s3a-file-system.properties,hadoop-metrics2.properties
[2025-10-27T06:44:07.994+0000] {spark_submit.py:491} INFO - Created/verified weather table
[2025-10-27T06:44:07.995+0000] {spark_submit.py:491} INFO - Reading weather data from: /opt/***/data/weather/weather_data_20251008_06.json
[2025-10-27T06:44:07.996+0000] {spark_submit.py:491} INFO - Error in weather ETL job: [Errno 2] No such file or directory: '/opt/***/data/weather/weather_data_20251008_06.json'
[2025-10-27T06:44:08.392+0000] {spark_submit.py:491} INFO - Traceback (most recent call last):
[2025-10-27T06:44:08.393+0000] {spark_submit.py:491} INFO - File "/opt/***/dags/spark_jobs/weather_to_iceberg.py", line 216, in <module>
[2025-10-27T06:44:08.393+0000] {spark_submit.py:491} INFO - main()
[2025-10-27T06:44:08.393+0000] {spark_submit.py:491} INFO - File "/opt/***/dags/spark_jobs/weather_to_iceberg.py", line 205, in main
[2025-10-27T06:44:08.393+0000] {spark_submit.py:491} INFO - process_weather_data(spark, input_path)
[2025-10-27T06:44:08.393+0000] {spark_submit.py:491} INFO - File "/opt/***/dags/spark_jobs/weather_to_iceberg.py", line 104, in process_weather_data
[2025-10-27T06:44:08.394+0000] {spark_submit.py:491} INFO - with open(input_path, 'r') as f:
[2025-10-27T06:44:08.394+0000] {spark_submit.py:491} INFO - FileNotFoundError: [Errno 2] No such file or directory: '/opt/***/data/weather/weather_data_20251008_06.json'
[2025-10-27T06:44:08.471+0000] {taskinstance.py:1935} ERROR - Task failed with exception
Traceback (most recent call last):
  File "/home/airflow/.local/lib/python3.8/site-packages/airflow/providers/apache/spark/operators/spark_submit.py", line 156, in execute
    self._hook.submit(self._application)
  File "/home/airflow/.local/lib/python3.8/site-packages/airflow/providers/apache/spark/hooks/spark_submit.py", line 422, in submit
    raise AirflowException(
airflow.exceptions.AirflowException: Cannot execute: /opt/bitnami/spark/bin/spark-submit --master spark://spark-master:7077 --conf spark.master=spark://spark-master:7077 --conf spark.sql.catalog.spark_catalog=org.apache.iceberg.spark.SparkSessionCatalog --conf spark.sql.catalog.spark_catalog.type=hive --conf spark.sql.catalog.iceberg=org.apache.iceberg.spark.SparkCatalog --conf spark.sql.catalog.iceberg.type=hadoop --conf spark.sql.catalog.iceberg.warehouse=s3a://lakehouse/warehouse --conf spark.sql.extensions=org.apache.iceberg.spark.extensions.IcebergSparkSessionExtensions --conf spark.hadoop.fs.s3a.endpoint=http://minio:9000 --conf spark.hadoop.fs.s3a.access.key=admin --conf spark.hadoop.fs.s3a.secret.key=****** --conf spark.hadoop.fs.s3a.path.style.access=true --conf spark.hadoop.fs.s3a.impl=org.apache.hadoop.fs.s3a.S3AFileSystem --jars /opt/***/jars/iceberg-spark-runtime-3.5_2.12-1.4.2.jar,/opt/***/jars/aws-java-sdk-bundle-1.12.367.jar,/opt/***/jars/hadoop-aws-3.3.4.jar --name arrow-spark --queue default /opt/***/dags/spark_jobs/weather_to_iceberg.py /opt/***/data/weather/weather_data_20251008_06.json. Error code is: 1.
[2025-10-27T06:44:08.474+0000] {taskinstance.py:1398} INFO - Marking task as FAILED. dag_id=nyc_weather_etl, task_id=spark_process_weather_to_iceberg, execution_date=20251027T064400, start_date=20251027T064403, end_date=20251027T064408
[2025-10-27T06:44:08.483+0000] {standard_task_runner.py:104} ERROR - Failed to execute job 705 for task spark_process_weather_to_iceberg (Cannot execute: /opt/bitnami/spark/bin/spark-submit --master spark://spark-master:7077 --conf spark.master=spark://spark-master:7077 --conf spark.sql.catalog.spark_catalog=org.apache.iceberg.spark.SparkSessionCatalog --conf spark.sql.catalog.spark_catalog.type=hive --conf spark.sql.catalog.iceberg=org.apache.iceberg.spark.SparkCatalog --conf spark.sql.catalog.iceberg.type=hadoop --conf spark.sql.catalog.iceberg.warehouse=s3a://lakehouse/warehouse --conf spark.sql.extensions=org.apache.iceberg.spark.extensions.IcebergSparkSessionExtensions --conf spark.hadoop.fs.s3a.endpoint=http://minio:9000 --conf spark.hadoop.fs.s3a.access.key=admin --conf spark.hadoop.fs.s3a.secret.key=****** --conf spark.hadoop.fs.s3a.path.style.access=true --conf spark.hadoop.fs.s3a.impl=org.apache.hadoop.fs.s3a.S3AFileSystem --jars /opt/***/jars/iceberg-spark-runtime-3.5_2.12-1.4.2.jar,/opt/***/jars/aws-java-sdk-bundle-1.12.367.jar,/opt/***/jars/hadoop-aws-3.3.4.jar --name arrow-spark --queue default /opt/***/dags/spark_jobs/weather_to_iceberg.py /opt/***/data/weather/weather_data_20251008_06.json. Error code is: 1.; 19119)
[2025-10-27T06:44:08.496+0000] {local_task_job_runner.py:228} INFO - Task exited with return code 1
[2025-10-27T06:44:08.504+0000] {taskinstance.py:2776} INFO - 0 downstream tasks scheduled from follow-on schedule check
