[2025-10-28T07:30:18.911+0000] {taskinstance.py:1157} INFO - Dependencies all met for dep_context=non-requeueable deps ti=<TaskInstance: nyc_weather_etl.spark_process_weather_to_iceberg scheduled__2025-10-28T06:30:16.075677+00:00 [queued]>
[2025-10-28T07:30:18.914+0000] {taskinstance.py:1157} INFO - Dependencies all met for dep_context=requeueable deps ti=<TaskInstance: nyc_weather_etl.spark_process_weather_to_iceberg scheduled__2025-10-28T06:30:16.075677+00:00 [queued]>
[2025-10-28T07:30:18.914+0000] {taskinstance.py:1359} INFO - Starting attempt 1 of 1
[2025-10-28T07:30:18.919+0000] {taskinstance.py:1380} INFO - Executing <Task(SparkSubmitOperator): spark_process_weather_to_iceberg> on 2025-10-28 06:30:16.075677+00:00
[2025-10-28T07:30:18.922+0000] {standard_task_runner.py:57} INFO - Started process 24753 to run task
[2025-10-28T07:30:18.926+0000] {standard_task_runner.py:84} INFO - Running: ['***', 'tasks', 'run', 'nyc_weather_etl', 'spark_process_weather_to_iceberg', 'scheduled__2025-10-28T06:30:16.075677+00:00', '--job-id', '710', '--raw', '--subdir', 'DAGS_FOLDER/nyc_weather_etl.py', '--cfg-path', '/tmp/tmpuac68yf_']
[2025-10-28T07:30:18.928+0000] {standard_task_runner.py:85} INFO - Job 710: Subtask spark_process_weather_to_iceberg
[2025-10-28T07:30:18.953+0000] {task_command.py:415} INFO - Running <TaskInstance: nyc_weather_etl.spark_process_weather_to_iceberg scheduled__2025-10-28T06:30:16.075677+00:00 [running]> on host b40be2a595bb
[2025-10-28T07:30:19.107+0000] {taskinstance.py:1660} INFO - Exporting env vars: AIRFLOW_CTX_DAG_OWNER='data-engineering' AIRFLOW_CTX_DAG_ID='nyc_weather_etl' AIRFLOW_CTX_TASK_ID='spark_process_weather_to_iceberg' AIRFLOW_CTX_EXECUTION_DATE='2025-10-28T06:30:16.075677+00:00' AIRFLOW_CTX_TRY_NUMBER='1' AIRFLOW_CTX_DAG_RUN_ID='scheduled__2025-10-28T06:30:16.075677+00:00'
[2025-10-28T07:30:19.114+0000] {base.py:73} INFO - Using connection ID 'spark_default' for task execution.
[2025-10-28T07:30:19.115+0000] {spark_submit.py:340} INFO - Spark-Submit cmd: /opt/bitnami/spark/bin/spark-submit --master spark://spark-master:7077 --conf spark.master=spark://spark-master:7077 --conf spark.sql.catalog.spark_catalog=org.apache.iceberg.spark.SparkSessionCatalog --conf spark.sql.catalog.spark_catalog.type=hive --conf spark.sql.catalog.iceberg=org.apache.iceberg.spark.SparkCatalog --conf spark.sql.catalog.iceberg.type=hadoop --conf spark.sql.catalog.iceberg.warehouse=s3a://lakehouse/warehouse --conf spark.sql.extensions=org.apache.iceberg.spark.extensions.IcebergSparkSessionExtensions --conf spark.hadoop.fs.s3a.endpoint=http://minio:9000 --conf spark.hadoop.fs.s3a.access.key=admin --conf spark.hadoop.fs.s3a.secret.key=****** --conf spark.hadoop.fs.s3a.path.style.access=true --conf spark.hadoop.fs.s3a.impl=org.apache.hadoop.fs.s3a.S3AFileSystem --jars /opt/***/jars/iceberg-spark-runtime-3.5_2.12-1.4.2.jar,/opt/***/jars/aws-java-sdk-bundle-1.12.367.jar,/opt/***/jars/hadoop-aws-3.3.4.jar --name arrow-spark --queue default /opt/***/dags/spark_jobs/weather_to_iceberg.py
[2025-10-28T07:30:20.023+0000] {spark_submit.py:491} INFO - 25/10/28 07:30:20 WARN NativeCodeLoader: Unable to load native-hadoop library for your platform... using builtin-java classes where applicable
[2025-10-28T07:30:20.624+0000] {spark_submit.py:491} INFO - Usage: weather_to_iceberg.py <input_json_path>
[2025-10-28T07:30:20.662+0000] {spark_submit.py:491} INFO - 25/10/28 07:30:20 INFO ShutdownHookManager: Shutdown hook called
[2025-10-28T07:30:20.662+0000] {spark_submit.py:491} INFO - 25/10/28 07:30:20 INFO ShutdownHookManager: Deleting directory /tmp/spark-1616466d-3ded-4214-87e3-8a8b349cec41
[2025-10-28T07:30:20.696+0000] {taskinstance.py:1935} ERROR - Task failed with exception
Traceback (most recent call last):
  File "/home/airflow/.local/lib/python3.8/site-packages/airflow/providers/apache/spark/operators/spark_submit.py", line 156, in execute
    self._hook.submit(self._application)
  File "/home/airflow/.local/lib/python3.8/site-packages/airflow/providers/apache/spark/hooks/spark_submit.py", line 422, in submit
    raise AirflowException(
airflow.exceptions.AirflowException: Cannot execute: /opt/bitnami/spark/bin/spark-submit --master spark://spark-master:7077 --conf spark.master=spark://spark-master:7077 --conf spark.sql.catalog.spark_catalog=org.apache.iceberg.spark.SparkSessionCatalog --conf spark.sql.catalog.spark_catalog.type=hive --conf spark.sql.catalog.iceberg=org.apache.iceberg.spark.SparkCatalog --conf spark.sql.catalog.iceberg.type=hadoop --conf spark.sql.catalog.iceberg.warehouse=s3a://lakehouse/warehouse --conf spark.sql.extensions=org.apache.iceberg.spark.extensions.IcebergSparkSessionExtensions --conf spark.hadoop.fs.s3a.endpoint=http://minio:9000 --conf spark.hadoop.fs.s3a.access.key=admin --conf spark.hadoop.fs.s3a.secret.key=****** --conf spark.hadoop.fs.s3a.path.style.access=true --conf spark.hadoop.fs.s3a.impl=org.apache.hadoop.fs.s3a.S3AFileSystem --jars /opt/***/jars/iceberg-spark-runtime-3.5_2.12-1.4.2.jar,/opt/***/jars/aws-java-sdk-bundle-1.12.367.jar,/opt/***/jars/hadoop-aws-3.3.4.jar --name arrow-spark --queue default /opt/***/dags/spark_jobs/weather_to_iceberg.py. Error code is: 1.
[2025-10-28T07:30:20.698+0000] {taskinstance.py:1398} INFO - Marking task as FAILED. dag_id=nyc_weather_etl, task_id=spark_process_weather_to_iceberg, execution_date=20251028T063016, start_date=20251028T073018, end_date=20251028T073020
[2025-10-28T07:30:20.705+0000] {standard_task_runner.py:104} ERROR - Failed to execute job 710 for task spark_process_weather_to_iceberg (Cannot execute: /opt/bitnami/spark/bin/spark-submit --master spark://spark-master:7077 --conf spark.master=spark://spark-master:7077 --conf spark.sql.catalog.spark_catalog=org.apache.iceberg.spark.SparkSessionCatalog --conf spark.sql.catalog.spark_catalog.type=hive --conf spark.sql.catalog.iceberg=org.apache.iceberg.spark.SparkCatalog --conf spark.sql.catalog.iceberg.type=hadoop --conf spark.sql.catalog.iceberg.warehouse=s3a://lakehouse/warehouse --conf spark.sql.extensions=org.apache.iceberg.spark.extensions.IcebergSparkSessionExtensions --conf spark.hadoop.fs.s3a.endpoint=http://minio:9000 --conf spark.hadoop.fs.s3a.access.key=admin --conf spark.hadoop.fs.s3a.secret.key=****** --conf spark.hadoop.fs.s3a.path.style.access=true --conf spark.hadoop.fs.s3a.impl=org.apache.hadoop.fs.s3a.S3AFileSystem --jars /opt/***/jars/iceberg-spark-runtime-3.5_2.12-1.4.2.jar,/opt/***/jars/aws-java-sdk-bundle-1.12.367.jar,/opt/***/jars/hadoop-aws-3.3.4.jar --name arrow-spark --queue default /opt/***/dags/spark_jobs/weather_to_iceberg.py. Error code is: 1.; 24753)
[2025-10-28T07:30:20.713+0000] {local_task_job_runner.py:228} INFO - Task exited with return code 1
[2025-10-28T07:30:20.724+0000] {taskinstance.py:2776} INFO - 0 downstream tasks scheduled from follow-on schedule check
