[2025-10-26T07:37:47.397+0000] {taskinstance.py:1157} INFO - Dependencies all met for dep_context=non-requeueable deps ti=<TaskInstance: nyc_weather_etl.spark_process_location_to_iceberg scheduled__2025-10-26T06:37:44.609647+00:00 [queued]>
[2025-10-26T07:37:47.402+0000] {taskinstance.py:1157} INFO - Dependencies all met for dep_context=requeueable deps ti=<TaskInstance: nyc_weather_etl.spark_process_location_to_iceberg scheduled__2025-10-26T06:37:44.609647+00:00 [queued]>
[2025-10-26T07:37:47.403+0000] {taskinstance.py:1359} INFO - Starting attempt 1 of 1
[2025-10-26T07:37:47.409+0000] {taskinstance.py:1380} INFO - Executing <Task(SparkSubmitOperator): spark_process_location_to_iceberg> on 2025-10-26 06:37:44.609647+00:00
[2025-10-26T07:37:47.412+0000] {standard_task_runner.py:57} INFO - Started process 272 to run task
[2025-10-26T07:37:47.414+0000] {standard_task_runner.py:84} INFO - Running: ['***', 'tasks', 'run', 'nyc_weather_etl', 'spark_process_location_to_iceberg', 'scheduled__2025-10-26T06:37:44.609647+00:00', '--job-id', '660', '--raw', '--subdir', 'DAGS_FOLDER/nyc_weather_etl.py', '--cfg-path', '/tmp/tmp5_99f352']
[2025-10-26T07:37:47.416+0000] {standard_task_runner.py:85} INFO - Job 660: Subtask spark_process_location_to_iceberg
[2025-10-26T07:37:47.439+0000] {task_command.py:415} INFO - Running <TaskInstance: nyc_weather_etl.spark_process_location_to_iceberg scheduled__2025-10-26T06:37:44.609647+00:00 [running]> on host b40be2a595bb
[2025-10-26T07:37:47.589+0000] {taskinstance.py:1660} INFO - Exporting env vars: AIRFLOW_CTX_DAG_OWNER='data-engineering' AIRFLOW_CTX_DAG_ID='nyc_weather_etl' AIRFLOW_CTX_TASK_ID='spark_process_location_to_iceberg' AIRFLOW_CTX_EXECUTION_DATE='2025-10-26T06:37:44.609647+00:00' AIRFLOW_CTX_TRY_NUMBER='1' AIRFLOW_CTX_DAG_RUN_ID='scheduled__2025-10-26T06:37:44.609647+00:00'
[2025-10-26T07:37:47.594+0000] {base.py:73} INFO - Using connection ID 'spark_default' for task execution.
[2025-10-26T07:37:47.595+0000] {spark_submit.py:340} INFO - Spark-Submit cmd: /opt/bitnami/spark/bin/spark-submit --master spark://spark-master:7077 --conf spark.master=spark://spark-master:7077 --conf spark.sql.catalog.spark_catalog=org.apache.iceberg.spark.SparkSessionCatalog --conf spark.sql.catalog.spark_catalog.type=hive --conf spark.sql.catalog.iceberg=org.apache.iceberg.spark.SparkCatalog --conf spark.sql.catalog.iceberg.type=hadoop --conf spark.sql.catalog.iceberg.warehouse=s3a://lakehouse/warehouse --conf spark.sql.extensions=org.apache.iceberg.spark.extensions.IcebergSparkSessionExtensions --conf spark.hadoop.fs.s3a.endpoint=http://minio:9000 --conf spark.hadoop.fs.s3a.access.key=admin --conf spark.hadoop.fs.s3a.secret.key=****** --conf spark.hadoop.fs.s3a.path.style.access=true --conf spark.hadoop.fs.s3a.impl=org.apache.hadoop.fs.s3a.S3AFileSystem --jars /opt/***/jars/iceberg-spark-runtime-3.5_2.12-1.4.2.jar,/opt/***/jars/aws-java-sdk-bundle-1.12.367.jar,/opt/***/jars/hadoop-aws-3.3.4.jar --name arrow-spark --queue default /opt/***/dags/spark_jobs/location_to_iceberg.py /opt/***/data/locations/nyc_taxi_zones.json
[2025-10-26T07:37:48.743+0000] {spark_submit.py:491} INFO - 25/10/26 07:37:48 WARN NativeCodeLoader: Unable to load native-hadoop library for your platform... using builtin-java classes where applicable
[2025-10-26T07:37:49.347+0000] {spark_submit.py:491} INFO - 25/10/26 07:37:49 INFO SparkContext: Running Spark version 3.5.1
[2025-10-26T07:37:49.350+0000] {spark_submit.py:491} INFO - 25/10/26 07:37:49 INFO SparkContext: OS info Linux, 6.10.14-linuxkit, aarch64
[2025-10-26T07:37:49.350+0000] {spark_submit.py:491} INFO - 25/10/26 07:37:49 INFO SparkContext: Java version 11.0.28
[2025-10-26T07:37:49.359+0000] {spark_submit.py:491} INFO - 25/10/26 07:37:49 INFO ResourceUtils: ==============================================================
[2025-10-26T07:37:49.359+0000] {spark_submit.py:491} INFO - 25/10/26 07:37:49 INFO ResourceUtils: No custom resources configured for spark.driver.
[2025-10-26T07:37:49.359+0000] {spark_submit.py:491} INFO - 25/10/26 07:37:49 INFO ResourceUtils: ==============================================================
[2025-10-26T07:37:49.359+0000] {spark_submit.py:491} INFO - 25/10/26 07:37:49 INFO SparkContext: Submitted application: Location to Iceberg ETL
[2025-10-26T07:37:49.368+0000] {spark_submit.py:491} INFO - 25/10/26 07:37:49 INFO ResourceProfile: Default ResourceProfile created, executor resources: Map(cores -> name: cores, amount: 1, script: , vendor: , memory -> name: memory, amount: 1024, script: , vendor: , offHeap -> name: offHeap, amount: 0, script: , vendor: ), task resources: Map(cpus -> name: cpus, amount: 1.0)
[2025-10-26T07:37:49.372+0000] {spark_submit.py:491} INFO - 25/10/26 07:37:49 INFO ResourceProfile: Limiting resource is cpu
[2025-10-26T07:37:49.372+0000] {spark_submit.py:491} INFO - 25/10/26 07:37:49 INFO ResourceProfileManager: Added ResourceProfile id: 0
[2025-10-26T07:37:49.408+0000] {spark_submit.py:491} INFO - 25/10/26 07:37:49 INFO SecurityManager: Changing view acls to: ***
[2025-10-26T07:37:49.411+0000] {spark_submit.py:491} INFO - 25/10/26 07:37:49 INFO SecurityManager: Changing modify acls to: ***
[2025-10-26T07:37:49.411+0000] {spark_submit.py:491} INFO - 25/10/26 07:37:49 INFO SecurityManager: Changing view acls groups to:
[2025-10-26T07:37:49.411+0000] {spark_submit.py:491} INFO - 25/10/26 07:37:49 INFO SecurityManager: Changing modify acls groups to:
[2025-10-26T07:37:49.411+0000] {spark_submit.py:491} INFO - 25/10/26 07:37:49 INFO SecurityManager: SecurityManager: authentication disabled; ui acls disabled; users with view permissions: ***; groups with view permissions: EMPTY; users with modify permissions: ***; groups with modify permissions: EMPTY
[2025-10-26T07:37:49.530+0000] {spark_submit.py:491} INFO - 25/10/26 07:37:49 INFO Utils: Successfully started service 'sparkDriver' on port 38161.
[2025-10-26T07:37:49.548+0000] {spark_submit.py:491} INFO - 25/10/26 07:37:49 INFO SparkEnv: Registering MapOutputTracker
[2025-10-26T07:37:49.565+0000] {spark_submit.py:491} INFO - 25/10/26 07:37:49 INFO SparkEnv: Registering BlockManagerMaster
[2025-10-26T07:37:49.576+0000] {spark_submit.py:491} INFO - 25/10/26 07:37:49 INFO BlockManagerMasterEndpoint: Using org.apache.spark.storage.DefaultTopologyMapper for getting topology information
[2025-10-26T07:37:49.576+0000] {spark_submit.py:491} INFO - 25/10/26 07:37:49 INFO BlockManagerMasterEndpoint: BlockManagerMasterEndpoint up
[2025-10-26T07:37:49.578+0000] {spark_submit.py:491} INFO - 25/10/26 07:37:49 INFO SparkEnv: Registering BlockManagerMasterHeartbeat
[2025-10-26T07:37:49.592+0000] {spark_submit.py:491} INFO - 25/10/26 07:37:49 INFO DiskBlockManager: Created local directory at /tmp/blockmgr-3bc2b654-274f-471f-91c4-d2b98b78987f
[2025-10-26T07:37:49.599+0000] {spark_submit.py:491} INFO - 25/10/26 07:37:49 INFO MemoryStore: MemoryStore started with capacity 434.4 MiB
[2025-10-26T07:37:49.606+0000] {spark_submit.py:491} INFO - 25/10/26 07:37:49 INFO SparkEnv: Registering OutputCommitCoordinator
[2025-10-26T07:37:49.676+0000] {spark_submit.py:491} INFO - 25/10/26 07:37:49 INFO JettyUtils: Start Jetty 0.0.0.0:4040 for SparkUI
[2025-10-26T07:37:49.707+0000] {spark_submit.py:491} INFO - 25/10/26 07:37:49 INFO Utils: Successfully started service 'SparkUI' on port 4040.
[2025-10-26T07:37:49.726+0000] {spark_submit.py:491} INFO - 25/10/26 07:37:49 INFO SparkContext: Added JAR file:///opt/***/jars/iceberg-spark-runtime-3.5_2.12-1.4.2.jar at spark://b40be2a595bb:38161/jars/iceberg-spark-runtime-3.5_2.12-1.4.2.jar with timestamp 1761464269343
[2025-10-26T07:37:49.727+0000] {spark_submit.py:491} INFO - 25/10/26 07:37:49 INFO SparkContext: Added JAR file:///opt/***/jars/aws-java-sdk-bundle-1.12.367.jar at spark://b40be2a595bb:38161/jars/aws-java-sdk-bundle-1.12.367.jar with timestamp 1761464269343
[2025-10-26T07:37:49.727+0000] {spark_submit.py:491} INFO - 25/10/26 07:37:49 INFO SparkContext: Added JAR file:///opt/***/jars/hadoop-aws-3.3.4.jar at spark://b40be2a595bb:38161/jars/hadoop-aws-3.3.4.jar with timestamp 1761464269343
[2025-10-26T07:37:49.760+0000] {spark_submit.py:491} INFO - 25/10/26 07:37:49 INFO Executor: Starting executor ID driver on host b40be2a595bb
[2025-10-26T07:37:49.761+0000] {spark_submit.py:491} INFO - 25/10/26 07:37:49 INFO Executor: OS info Linux, 6.10.14-linuxkit, aarch64
[2025-10-26T07:37:49.761+0000] {spark_submit.py:491} INFO - 25/10/26 07:37:49 INFO Executor: Java version 11.0.28
[2025-10-26T07:37:49.764+0000] {spark_submit.py:491} INFO - 25/10/26 07:37:49 INFO Executor: Starting executor with user classpath (userClassPathFirst = false): ''
[2025-10-26T07:37:49.764+0000] {spark_submit.py:491} INFO - 25/10/26 07:37:49 INFO Executor: Created or updated repl class loader org.apache.spark.util.MutableURLClassLoader@378af882 for default.
[2025-10-26T07:37:49.771+0000] {spark_submit.py:491} INFO - 25/10/26 07:37:49 INFO Executor: Fetching spark://b40be2a595bb:38161/jars/iceberg-spark-runtime-3.5_2.12-1.4.2.jar with timestamp 1761464269343
[2025-10-26T07:37:49.815+0000] {spark_submit.py:491} INFO - 25/10/26 07:37:49 INFO TransportClientFactory: Successfully created connection to b40be2a595bb/172.18.0.5:38161 after 26 ms (0 ms spent in bootstraps)
[2025-10-26T07:37:49.822+0000] {spark_submit.py:491} INFO - 25/10/26 07:37:49 INFO Utils: Fetching spark://b40be2a595bb:38161/jars/iceberg-spark-runtime-3.5_2.12-1.4.2.jar to /tmp/spark-29643227-8d30-4ac3-bb34-e6c48493f2c2/userFiles-29d2c6ef-8523-4ab6-a67b-cd0bb8be00cc/fetchFileTemp14767977254146805808.tmp
[2025-10-26T07:37:49.886+0000] {spark_submit.py:491} INFO - 25/10/26 07:37:49 INFO Executor: Adding file:/tmp/spark-29643227-8d30-4ac3-bb34-e6c48493f2c2/userFiles-29d2c6ef-8523-4ab6-a67b-cd0bb8be00cc/iceberg-spark-runtime-3.5_2.12-1.4.2.jar to class loader default
[2025-10-26T07:37:49.887+0000] {spark_submit.py:491} INFO - 25/10/26 07:37:49 INFO Executor: Fetching spark://b40be2a595bb:38161/jars/aws-java-sdk-bundle-1.12.367.jar with timestamp 1761464269343
[2025-10-26T07:37:49.887+0000] {spark_submit.py:491} INFO - 25/10/26 07:37:49 INFO Utils: Fetching spark://b40be2a595bb:38161/jars/aws-java-sdk-bundle-1.12.367.jar to /tmp/spark-29643227-8d30-4ac3-bb34-e6c48493f2c2/userFiles-29d2c6ef-8523-4ab6-a67b-cd0bb8be00cc/fetchFileTemp15421901922687186456.tmp
[2025-10-26T07:37:50.301+0000] {spark_submit.py:491} INFO - 25/10/26 07:37:50 INFO Executor: Adding file:/tmp/spark-29643227-8d30-4ac3-bb34-e6c48493f2c2/userFiles-29d2c6ef-8523-4ab6-a67b-cd0bb8be00cc/aws-java-sdk-bundle-1.12.367.jar to class loader default
[2025-10-26T07:37:50.302+0000] {spark_submit.py:491} INFO - 25/10/26 07:37:50 INFO Executor: Fetching spark://b40be2a595bb:38161/jars/hadoop-aws-3.3.4.jar with timestamp 1761464269343
[2025-10-26T07:37:50.302+0000] {spark_submit.py:491} INFO - 25/10/26 07:37:50 INFO Utils: Fetching spark://b40be2a595bb:38161/jars/hadoop-aws-3.3.4.jar to /tmp/spark-29643227-8d30-4ac3-bb34-e6c48493f2c2/userFiles-29d2c6ef-8523-4ab6-a67b-cd0bb8be00cc/fetchFileTemp14974588613608024375.tmp
[2025-10-26T07:37:50.312+0000] {spark_submit.py:491} INFO - 25/10/26 07:37:50 INFO Executor: Adding file:/tmp/spark-29643227-8d30-4ac3-bb34-e6c48493f2c2/userFiles-29d2c6ef-8523-4ab6-a67b-cd0bb8be00cc/hadoop-aws-3.3.4.jar to class loader default
[2025-10-26T07:37:50.396+0000] {spark_submit.py:491} INFO - 25/10/26 07:37:50 INFO Utils: Successfully started service 'org.apache.spark.network.netty.NettyBlockTransferService' on port 45649.
[2025-10-26T07:37:50.396+0000] {spark_submit.py:491} INFO - 25/10/26 07:37:50 INFO NettyBlockTransferService: Server created on b40be2a595bb:45649
[2025-10-26T07:37:50.437+0000] {spark_submit.py:491} INFO - 25/10/26 07:37:50 INFO BlockManager: Using org.apache.spark.storage.RandomBlockReplicationPolicy for block replication policy
[2025-10-26T07:37:50.456+0000] {spark_submit.py:491} INFO - 25/10/26 07:37:50 INFO BlockManagerMaster: Registering BlockManager BlockManagerId(driver, b40be2a595bb, 45649, None)
[2025-10-26T07:37:50.458+0000] {spark_submit.py:491} INFO - 25/10/26 07:37:50 INFO BlockManagerMasterEndpoint: Registering block manager b40be2a595bb:45649 with 434.4 MiB RAM, BlockManagerId(driver, b40be2a595bb, 45649, None)
[2025-10-26T07:37:50.459+0000] {spark_submit.py:491} INFO - 25/10/26 07:37:50 INFO BlockManagerMaster: Registered BlockManager BlockManagerId(driver, b40be2a595bb, 45649, None)
[2025-10-26T07:37:50.462+0000] {spark_submit.py:491} INFO - 25/10/26 07:37:50 INFO BlockManager: Initialized BlockManager: BlockManagerId(driver, b40be2a595bb, 45649, None)
[2025-10-26T07:37:52.059+0000] {spark_submit.py:491} INFO - 25/10/26 07:37:52 WARN MetricsConfig: Cannot locate configuration: tried hadoop-metrics2-s3a-file-system.properties,hadoop-metrics2.properties
[2025-10-26T07:37:52.760+0000] {spark_submit.py:491} INFO - Created/verified taxi zones table
[2025-10-26T07:37:52.760+0000] {spark_submit.py:491} INFO - Reading location data from: /opt/***/data/locations/nyc_taxi_zones.json
[2025-10-26T07:37:54.138+0000] {spark_submit.py:491} INFO - Raw location data count: 16
[2025-10-26T07:37:54.142+0000] {spark_submit.py:491} INFO - root
[2025-10-26T07:37:54.142+0000] {spark_submit.py:491} INFO - |-- borough: string (nullable = true)
[2025-10-26T07:37:54.142+0000] {spark_submit.py:491} INFO - |-- created_at: string (nullable = true)
[2025-10-26T07:37:54.142+0000] {spark_submit.py:491} INFO - |-- is_business_district: boolean (nullable = true)
[2025-10-26T07:37:54.142+0000] {spark_submit.py:491} INFO - |-- is_tourist_area: boolean (nullable = true)
[2025-10-26T07:37:54.143+0000] {spark_submit.py:491} INFO - |-- lat: double (nullable = true)
[2025-10-26T07:37:54.145+0000] {spark_submit.py:491} INFO - |-- location_id: long (nullable = true)
[2025-10-26T07:37:54.145+0000] {spark_submit.py:491} INFO - |-- lon: double (nullable = true)
[2025-10-26T07:37:54.146+0000] {spark_submit.py:491} INFO - |-- zone: string (nullable = true)
[2025-10-26T07:37:54.146+0000] {spark_submit.py:491} INFO - |-- zone_type: string (nullable = true)
[2025-10-26T07:37:54.146+0000] {spark_submit.py:491} INFO - 
[2025-10-26T07:37:54.402+0000] {spark_submit.py:491} INFO - Processed location data count: 16
[2025-10-26T07:37:55.655+0000] {spark_submit.py:491} INFO - Successfully wrote location data to Iceberg table
[2025-10-26T07:37:56.822+0000] {spark_submit.py:491} INFO - +---------+----------+-------------+--------------+
[2025-10-26T07:37:56.823+0000] {spark_submit.py:491} INFO - |  borough|zone_count|tourist_zones|business_zones|
[2025-10-26T07:37:56.823+0000] {spark_submit.py:491} INFO - +---------+----------+-------------+--------------+
[2025-10-26T07:37:56.823+0000] {spark_submit.py:491} INFO - |Manhattan|        13|            4|             3|
[2025-10-26T07:37:56.823+0000] {spark_submit.py:491} INFO - |   Queens|         2|            0|             0|
[2025-10-26T07:37:56.823+0000] {spark_submit.py:491} INFO - | Brooklyn|         1|            0|             0|
[2025-10-26T07:37:56.823+0000] {spark_submit.py:491} INFO - +---------+----------+-------------+--------------+
[2025-10-26T07:37:56.823+0000] {spark_submit.py:491} INFO - 
[2025-10-26T07:37:56.823+0000] {spark_submit.py:491} INFO - Location ETL job completed successfully!
[2025-10-26T07:37:57.608+0000] {taskinstance.py:1398} INFO - Marking task as SUCCESS. dag_id=nyc_weather_etl, task_id=spark_process_location_to_iceberg, execution_date=20251026T063744, start_date=20251026T073747, end_date=20251026T073757
[2025-10-26T07:37:57.625+0000] {local_task_job_runner.py:228} INFO - Task exited with return code 0
[2025-10-26T07:37:57.631+0000] {taskinstance.py:2776} INFO - 0 downstream tasks scheduled from follow-on schedule check
