[2025-10-25T10:55:56.036+0000] {taskinstance.py:1157} INFO - Dependencies all met for dep_context=non-requeueable deps ti=<TaskInstance: nyc_weather_etl.spark_process_weather_to_iceberg manual__2025-10-25T10:55:52.758152+00:00 [queued]>
[2025-10-25T10:55:56.042+0000] {taskinstance.py:1157} INFO - Dependencies all met for dep_context=requeueable deps ti=<TaskInstance: nyc_weather_etl.spark_process_weather_to_iceberg manual__2025-10-25T10:55:52.758152+00:00 [queued]>
[2025-10-25T10:55:56.042+0000] {taskinstance.py:1359} INFO - Starting attempt 1 of 1
[2025-10-25T10:55:56.047+0000] {taskinstance.py:1380} INFO - Executing <Task(SparkSubmitOperator): spark_process_weather_to_iceberg> on 2025-10-25 10:55:52.758152+00:00
[2025-10-25T10:55:56.049+0000] {standard_task_runner.py:57} INFO - Started process 1387 to run task
[2025-10-25T10:55:56.050+0000] {standard_task_runner.py:84} INFO - Running: ['***', 'tasks', 'run', 'nyc_weather_etl', 'spark_process_weather_to_iceberg', 'manual__2025-10-25T10:55:52.758152+00:00', '--job-id', '634', '--raw', '--subdir', 'DAGS_FOLDER/nyc_weather_etl.py', '--cfg-path', '/tmp/tmpdoifq0xc']
[2025-10-25T10:55:56.051+0000] {standard_task_runner.py:85} INFO - Job 634: Subtask spark_process_weather_to_iceberg
[2025-10-25T10:55:56.074+0000] {task_command.py:415} INFO - Running <TaskInstance: nyc_weather_etl.spark_process_weather_to_iceberg manual__2025-10-25T10:55:52.758152+00:00 [running]> on host b40be2a595bb
[2025-10-25T10:55:56.187+0000] {taskinstance.py:1660} INFO - Exporting env vars: AIRFLOW_CTX_DAG_OWNER='data-engineering' AIRFLOW_CTX_DAG_ID='nyc_weather_etl' AIRFLOW_CTX_TASK_ID='spark_process_weather_to_iceberg' AIRFLOW_CTX_EXECUTION_DATE='2025-10-25T10:55:52.758152+00:00' AIRFLOW_CTX_TRY_NUMBER='1' AIRFLOW_CTX_DAG_RUN_ID='manual__2025-10-25T10:55:52.758152+00:00'
[2025-10-25T10:55:56.191+0000] {base.py:73} INFO - Using connection ID 'spark_default' for task execution.
[2025-10-25T10:55:56.192+0000] {spark_submit.py:340} INFO - Spark-Submit cmd: /opt/bitnami/spark/bin/spark-submit --master spark://spark-master:7077 --conf spark.master=spark://spark-master:7077 --conf spark.sql.catalog.spark_catalog=org.apache.iceberg.spark.SparkSessionCatalog --conf spark.sql.catalog.spark_catalog.type=hive --conf spark.sql.catalog.iceberg=org.apache.iceberg.spark.SparkCatalog --conf spark.sql.catalog.iceberg.type=hadoop --conf spark.sql.catalog.iceberg.warehouse=s3a://lakehouse/warehouse --conf spark.sql.extensions=org.apache.iceberg.spark.extensions.IcebergSparkSessionExtensions --conf spark.hadoop.fs.s3a.endpoint=http://minio:9000 --conf spark.hadoop.fs.s3a.access.key=admin --conf spark.hadoop.fs.s3a.secret.key=****** --conf spark.hadoop.fs.s3a.path.style.access=true --conf spark.hadoop.fs.s3a.impl=org.apache.hadoop.fs.s3a.S3AFileSystem --jars /opt/***/jars/iceberg-spark-runtime-3.5_2.12-1.4.2.jar,/opt/***/jars/aws-java-sdk-bundle-1.12.367.jar,/opt/***/jars/hadoop-aws-3.3.4.jar --name arrow-spark --queue default /opt/***/dags/spark_jobs/weather_to_iceberg.py /opt/***/data/weather/weather_data_20251008_06.json
[2025-10-25T10:55:57.091+0000] {spark_submit.py:491} INFO - 25/10/25 10:55:57 WARN NativeCodeLoader: Unable to load native-hadoop library for your platform... using builtin-java classes where applicable
[2025-10-25T10:55:57.806+0000] {spark_submit.py:491} INFO - 25/10/25 10:55:57 INFO SparkContext: Running Spark version 3.5.1
[2025-10-25T10:55:57.808+0000] {spark_submit.py:491} INFO - 25/10/25 10:55:57 INFO SparkContext: OS info Linux, 6.10.14-linuxkit, aarch64
[2025-10-25T10:55:57.808+0000] {spark_submit.py:491} INFO - 25/10/25 10:55:57 INFO SparkContext: Java version 11.0.28
[2025-10-25T10:55:57.817+0000] {spark_submit.py:491} INFO - 25/10/25 10:55:57 INFO ResourceUtils: ==============================================================
[2025-10-25T10:55:57.818+0000] {spark_submit.py:491} INFO - 25/10/25 10:55:57 INFO ResourceUtils: No custom resources configured for spark.driver.
[2025-10-25T10:55:57.821+0000] {spark_submit.py:491} INFO - 25/10/25 10:55:57 INFO ResourceUtils: ==============================================================
[2025-10-25T10:55:57.822+0000] {spark_submit.py:491} INFO - 25/10/25 10:55:57 INFO SparkContext: Submitted application: Weather to Iceberg ETL
[2025-10-25T10:55:57.824+0000] {spark_submit.py:491} INFO - 25/10/25 10:55:57 INFO ResourceProfile: Default ResourceProfile created, executor resources: Map(cores -> name: cores, amount: 1, script: , vendor: , memory -> name: memory, amount: 1024, script: , vendor: , offHeap -> name: offHeap, amount: 0, script: , vendor: ), task resources: Map(cpus -> name: cpus, amount: 1.0)
[2025-10-25T10:55:57.829+0000] {spark_submit.py:491} INFO - 25/10/25 10:55:57 INFO ResourceProfile: Limiting resource is cpu
[2025-10-25T10:55:57.829+0000] {spark_submit.py:491} INFO - 25/10/25 10:55:57 INFO ResourceProfileManager: Added ResourceProfile id: 0
[2025-10-25T10:55:57.854+0000] {spark_submit.py:491} INFO - 25/10/25 10:55:57 INFO SecurityManager: Changing view acls to: ***
[2025-10-25T10:55:57.855+0000] {spark_submit.py:491} INFO - 25/10/25 10:55:57 INFO SecurityManager: Changing modify acls to: ***
[2025-10-25T10:55:57.855+0000] {spark_submit.py:491} INFO - 25/10/25 10:55:57 INFO SecurityManager: Changing view acls groups to:
[2025-10-25T10:55:57.855+0000] {spark_submit.py:491} INFO - 25/10/25 10:55:57 INFO SecurityManager: Changing modify acls groups to:
[2025-10-25T10:55:57.856+0000] {spark_submit.py:491} INFO - 25/10/25 10:55:57 INFO SecurityManager: SecurityManager: authentication disabled; ui acls disabled; users with view permissions: ***; groups with view permissions: EMPTY; users with modify permissions: ***; groups with modify permissions: EMPTY
[2025-10-25T10:55:57.943+0000] {spark_submit.py:491} INFO - 25/10/25 10:55:57 INFO Utils: Successfully started service 'sparkDriver' on port 35327.
[2025-10-25T10:55:57.955+0000] {spark_submit.py:491} INFO - 25/10/25 10:55:57 INFO SparkEnv: Registering MapOutputTracker
[2025-10-25T10:55:57.968+0000] {spark_submit.py:491} INFO - 25/10/25 10:55:57 INFO SparkEnv: Registering BlockManagerMaster
[2025-10-25T10:55:57.977+0000] {spark_submit.py:491} INFO - 25/10/25 10:55:57 INFO BlockManagerMasterEndpoint: Using org.apache.spark.storage.DefaultTopologyMapper for getting topology information
[2025-10-25T10:55:57.977+0000] {spark_submit.py:491} INFO - 25/10/25 10:55:57 INFO BlockManagerMasterEndpoint: BlockManagerMasterEndpoint up
[2025-10-25T10:55:57.980+0000] {spark_submit.py:491} INFO - 25/10/25 10:55:57 INFO SparkEnv: Registering BlockManagerMasterHeartbeat
[2025-10-25T10:55:57.989+0000] {spark_submit.py:491} INFO - 25/10/25 10:55:57 INFO DiskBlockManager: Created local directory at /tmp/blockmgr-59e8fc05-30b1-41d2-9dfc-b74e66a83360
[2025-10-25T10:55:57.995+0000] {spark_submit.py:491} INFO - 25/10/25 10:55:57 INFO MemoryStore: MemoryStore started with capacity 434.4 MiB
[2025-10-25T10:55:58.000+0000] {spark_submit.py:491} INFO - 25/10/25 10:55:58 INFO SparkEnv: Registering OutputCommitCoordinator
[2025-10-25T10:55:58.049+0000] {spark_submit.py:491} INFO - 25/10/25 10:55:58 INFO JettyUtils: Start Jetty 0.0.0.0:4040 for SparkUI
[2025-10-25T10:55:58.069+0000] {spark_submit.py:491} INFO - 25/10/25 10:55:58 INFO Utils: Successfully started service 'SparkUI' on port 4040.
[2025-10-25T10:55:58.083+0000] {spark_submit.py:491} INFO - 25/10/25 10:55:58 INFO SparkContext: Added JAR file:///opt/***/jars/iceberg-spark-runtime-3.5_2.12-1.4.2.jar at spark://b40be2a595bb:35327/jars/iceberg-spark-runtime-3.5_2.12-1.4.2.jar with timestamp 1761389757802
[2025-10-25T10:55:58.083+0000] {spark_submit.py:491} INFO - 25/10/25 10:55:58 INFO SparkContext: Added JAR file:///opt/***/jars/aws-java-sdk-bundle-1.12.367.jar at spark://b40be2a595bb:35327/jars/aws-java-sdk-bundle-1.12.367.jar with timestamp 1761389757802
[2025-10-25T10:55:58.084+0000] {spark_submit.py:491} INFO - 25/10/25 10:55:58 INFO SparkContext: Added JAR file:///opt/***/jars/hadoop-aws-3.3.4.jar at spark://b40be2a595bb:35327/jars/hadoop-aws-3.3.4.jar with timestamp 1761389757802
[2025-10-25T10:55:58.114+0000] {spark_submit.py:491} INFO - 25/10/25 10:55:58 INFO Executor: Starting executor ID driver on host b40be2a595bb
[2025-10-25T10:55:58.114+0000] {spark_submit.py:491} INFO - 25/10/25 10:55:58 INFO Executor: OS info Linux, 6.10.14-linuxkit, aarch64
[2025-10-25T10:55:58.115+0000] {spark_submit.py:491} INFO - 25/10/25 10:55:58 INFO Executor: Java version 11.0.28
[2025-10-25T10:55:58.116+0000] {spark_submit.py:491} INFO - 25/10/25 10:55:58 INFO Executor: Starting executor with user classpath (userClassPathFirst = false): ''
[2025-10-25T10:55:58.116+0000] {spark_submit.py:491} INFO - 25/10/25 10:55:58 INFO Executor: Created or updated repl class loader org.apache.spark.util.MutableURLClassLoader@37b1a9fa for default.
[2025-10-25T10:55:58.120+0000] {spark_submit.py:491} INFO - 25/10/25 10:55:58 INFO Executor: Fetching spark://b40be2a595bb:35327/jars/hadoop-aws-3.3.4.jar with timestamp 1761389757802
[2025-10-25T10:55:58.143+0000] {spark_submit.py:491} INFO - 25/10/25 10:55:58 INFO TransportClientFactory: Successfully created connection to b40be2a595bb/172.18.0.3:35327 after 11 ms (0 ms spent in bootstraps)
[2025-10-25T10:55:58.146+0000] {spark_submit.py:491} INFO - 25/10/25 10:55:58 INFO Utils: Fetching spark://b40be2a595bb:35327/jars/hadoop-aws-3.3.4.jar to /tmp/spark-72128cee-c2b8-4e8e-acad-3a0023531243/userFiles-71fc005d-eb7a-4ecc-a1e7-ec12f2643ca7/fetchFileTemp802347992765329319.tmp
[2025-10-25T10:55:58.158+0000] {spark_submit.py:491} INFO - 25/10/25 10:55:58 INFO Executor: Adding file:/tmp/spark-72128cee-c2b8-4e8e-acad-3a0023531243/userFiles-71fc005d-eb7a-4ecc-a1e7-ec12f2643ca7/hadoop-aws-3.3.4.jar to class loader default
[2025-10-25T10:55:58.158+0000] {spark_submit.py:491} INFO - 25/10/25 10:55:58 INFO Executor: Fetching spark://b40be2a595bb:35327/jars/aws-java-sdk-bundle-1.12.367.jar with timestamp 1761389757802
[2025-10-25T10:55:58.159+0000] {spark_submit.py:491} INFO - 25/10/25 10:55:58 INFO Utils: Fetching spark://b40be2a595bb:35327/jars/aws-java-sdk-bundle-1.12.367.jar to /tmp/spark-72128cee-c2b8-4e8e-acad-3a0023531243/userFiles-71fc005d-eb7a-4ecc-a1e7-ec12f2643ca7/fetchFileTemp6868931777012164757.tmp
[2025-10-25T10:55:58.445+0000] {spark_submit.py:491} INFO - 25/10/25 10:55:58 INFO Executor: Adding file:/tmp/spark-72128cee-c2b8-4e8e-acad-3a0023531243/userFiles-71fc005d-eb7a-4ecc-a1e7-ec12f2643ca7/aws-java-sdk-bundle-1.12.367.jar to class loader default
[2025-10-25T10:55:58.446+0000] {spark_submit.py:491} INFO - 25/10/25 10:55:58 INFO Executor: Fetching spark://b40be2a595bb:35327/jars/iceberg-spark-runtime-3.5_2.12-1.4.2.jar with timestamp 1761389757802
[2025-10-25T10:55:58.446+0000] {spark_submit.py:491} INFO - 25/10/25 10:55:58 INFO Utils: Fetching spark://b40be2a595bb:35327/jars/iceberg-spark-runtime-3.5_2.12-1.4.2.jar to /tmp/spark-72128cee-c2b8-4e8e-acad-3a0023531243/userFiles-71fc005d-eb7a-4ecc-a1e7-ec12f2643ca7/fetchFileTemp6234342284484697994.tmp
[2025-10-25T10:55:58.500+0000] {spark_submit.py:491} INFO - 25/10/25 10:55:58 INFO Executor: Adding file:/tmp/spark-72128cee-c2b8-4e8e-acad-3a0023531243/userFiles-71fc005d-eb7a-4ecc-a1e7-ec12f2643ca7/iceberg-spark-runtime-3.5_2.12-1.4.2.jar to class loader default
[2025-10-25T10:55:58.507+0000] {spark_submit.py:491} INFO - 25/10/25 10:55:58 INFO Utils: Successfully started service 'org.apache.spark.network.netty.NettyBlockTransferService' on port 36801.
[2025-10-25T10:55:58.510+0000] {spark_submit.py:491} INFO - 25/10/25 10:55:58 INFO NettyBlockTransferService: Server created on b40be2a595bb:36801
[2025-10-25T10:55:58.510+0000] {spark_submit.py:491} INFO - 25/10/25 10:55:58 INFO BlockManager: Using org.apache.spark.storage.RandomBlockReplicationPolicy for block replication policy
[2025-10-25T10:55:58.512+0000] {spark_submit.py:491} INFO - 25/10/25 10:55:58 INFO BlockManagerMaster: Registering BlockManager BlockManagerId(driver, b40be2a595bb, 36801, None)
[2025-10-25T10:55:58.515+0000] {spark_submit.py:491} INFO - 25/10/25 10:55:58 INFO BlockManagerMasterEndpoint: Registering block manager b40be2a595bb:36801 with 434.4 MiB RAM, BlockManagerId(driver, b40be2a595bb, 36801, None)
[2025-10-25T10:55:58.516+0000] {spark_submit.py:491} INFO - 25/10/25 10:55:58 INFO BlockManagerMaster: Registered BlockManager BlockManagerId(driver, b40be2a595bb, 36801, None)
[2025-10-25T10:55:58.517+0000] {spark_submit.py:491} INFO - 25/10/25 10:55:58 INFO BlockManager: Initialized BlockManager: BlockManagerId(driver, b40be2a595bb, 36801, None)
[2025-10-25T10:55:59.836+0000] {spark_submit.py:491} INFO - 25/10/25 10:55:59 WARN MetricsConfig: Cannot locate configuration: tried hadoop-metrics2-s3a-file-system.properties,hadoop-metrics2.properties
[2025-10-25T10:56:00.419+0000] {spark_submit.py:491} INFO - Created/verified weather table
[2025-10-25T10:56:00.419+0000] {spark_submit.py:491} INFO - Reading weather data from: /opt/***/data/weather/weather_data_20251008_06.json
[2025-10-25T10:56:00.420+0000] {spark_submit.py:491} INFO - Error in weather ETL job: name 'wheather_data' is not defined
[2025-10-25T10:56:00.657+0000] {spark_submit.py:491} INFO - Traceback (most recent call last):
[2025-10-25T10:56:00.657+0000] {spark_submit.py:491} INFO - File "/opt/***/dags/spark_jobs/weather_to_iceberg.py", line 216, in <module>
[2025-10-25T10:56:00.657+0000] {spark_submit.py:491} INFO - main()
[2025-10-25T10:56:00.657+0000] {spark_submit.py:491} INFO - File "/opt/***/dags/spark_jobs/weather_to_iceberg.py", line 205, in main
[2025-10-25T10:56:00.657+0000] {spark_submit.py:491} INFO - process_weather_data(spark, input_path)
[2025-10-25T10:56:00.657+0000] {spark_submit.py:491} INFO - File "/opt/***/dags/spark_jobs/weather_to_iceberg.py", line 127, in process_weather_data
[2025-10-25T10:56:00.658+0000] {spark_submit.py:491} INFO - for record in wheather_data:
[2025-10-25T10:56:00.658+0000] {spark_submit.py:491} INFO - NameError: name 'wheather_data' is not defined
[2025-10-25T10:56:00.727+0000] {taskinstance.py:1935} ERROR - Task failed with exception
Traceback (most recent call last):
  File "/home/airflow/.local/lib/python3.8/site-packages/airflow/providers/apache/spark/operators/spark_submit.py", line 156, in execute
    self._hook.submit(self._application)
  File "/home/airflow/.local/lib/python3.8/site-packages/airflow/providers/apache/spark/hooks/spark_submit.py", line 422, in submit
    raise AirflowException(
airflow.exceptions.AirflowException: Cannot execute: /opt/bitnami/spark/bin/spark-submit --master spark://spark-master:7077 --conf spark.master=spark://spark-master:7077 --conf spark.sql.catalog.spark_catalog=org.apache.iceberg.spark.SparkSessionCatalog --conf spark.sql.catalog.spark_catalog.type=hive --conf spark.sql.catalog.iceberg=org.apache.iceberg.spark.SparkCatalog --conf spark.sql.catalog.iceberg.type=hadoop --conf spark.sql.catalog.iceberg.warehouse=s3a://lakehouse/warehouse --conf spark.sql.extensions=org.apache.iceberg.spark.extensions.IcebergSparkSessionExtensions --conf spark.hadoop.fs.s3a.endpoint=http://minio:9000 --conf spark.hadoop.fs.s3a.access.key=admin --conf spark.hadoop.fs.s3a.secret.key=****** --conf spark.hadoop.fs.s3a.path.style.access=true --conf spark.hadoop.fs.s3a.impl=org.apache.hadoop.fs.s3a.S3AFileSystem --jars /opt/***/jars/iceberg-spark-runtime-3.5_2.12-1.4.2.jar,/opt/***/jars/aws-java-sdk-bundle-1.12.367.jar,/opt/***/jars/hadoop-aws-3.3.4.jar --name arrow-spark --queue default /opt/***/dags/spark_jobs/weather_to_iceberg.py /opt/***/data/weather/weather_data_20251008_06.json. Error code is: 1.
[2025-10-25T10:56:00.729+0000] {taskinstance.py:1398} INFO - Marking task as FAILED. dag_id=nyc_weather_etl, task_id=spark_process_weather_to_iceberg, execution_date=20251025T105552, start_date=20251025T105556, end_date=20251025T105600
[2025-10-25T10:56:00.735+0000] {standard_task_runner.py:104} ERROR - Failed to execute job 634 for task spark_process_weather_to_iceberg (Cannot execute: /opt/bitnami/spark/bin/spark-submit --master spark://spark-master:7077 --conf spark.master=spark://spark-master:7077 --conf spark.sql.catalog.spark_catalog=org.apache.iceberg.spark.SparkSessionCatalog --conf spark.sql.catalog.spark_catalog.type=hive --conf spark.sql.catalog.iceberg=org.apache.iceberg.spark.SparkCatalog --conf spark.sql.catalog.iceberg.type=hadoop --conf spark.sql.catalog.iceberg.warehouse=s3a://lakehouse/warehouse --conf spark.sql.extensions=org.apache.iceberg.spark.extensions.IcebergSparkSessionExtensions --conf spark.hadoop.fs.s3a.endpoint=http://minio:9000 --conf spark.hadoop.fs.s3a.access.key=admin --conf spark.hadoop.fs.s3a.secret.key=****** --conf spark.hadoop.fs.s3a.path.style.access=true --conf spark.hadoop.fs.s3a.impl=org.apache.hadoop.fs.s3a.S3AFileSystem --jars /opt/***/jars/iceberg-spark-runtime-3.5_2.12-1.4.2.jar,/opt/***/jars/aws-java-sdk-bundle-1.12.367.jar,/opt/***/jars/hadoop-aws-3.3.4.jar --name arrow-spark --queue default /opt/***/dags/spark_jobs/weather_to_iceberg.py /opt/***/data/weather/weather_data_20251008_06.json. Error code is: 1.; 1387)
[2025-10-25T10:56:00.768+0000] {local_task_job_runner.py:228} INFO - Task exited with return code 1
[2025-10-25T10:56:00.779+0000] {taskinstance.py:2776} INFO - 0 downstream tasks scheduled from follow-on schedule check
