[2025-10-31T07:51:49.861+0000] {taskinstance.py:1157} INFO - Dependencies all met for dep_context=non-requeueable deps ti=<TaskInstance: nyc_weather_etl.spark_process_weather_to_iceberg scheduled__2025-10-31T06:51:47.519123+00:00 [queued]>
[2025-10-31T07:51:49.864+0000] {taskinstance.py:1157} INFO - Dependencies all met for dep_context=requeueable deps ti=<TaskInstance: nyc_weather_etl.spark_process_weather_to_iceberg scheduled__2025-10-31T06:51:47.519123+00:00 [queued]>
[2025-10-31T07:51:49.865+0000] {taskinstance.py:1359} INFO - Starting attempt 1 of 1
[2025-10-31T07:51:49.926+0000] {taskinstance.py:1380} INFO - Executing <Task(SparkSubmitOperator): spark_process_weather_to_iceberg> on 2025-10-31 06:51:47.519123+00:00
[2025-10-31T07:51:49.928+0000] {standard_task_runner.py:57} INFO - Started process 6573 to run task
[2025-10-31T07:51:49.930+0000] {standard_task_runner.py:84} INFO - Running: ['***', 'tasks', 'run', 'nyc_weather_etl', 'spark_process_weather_to_iceberg', 'scheduled__2025-10-31T06:51:47.519123+00:00', '--job-id', '80', '--raw', '--subdir', 'DAGS_FOLDER/nyc_weather_etl.py', '--cfg-path', '/tmp/tmpm5bp0bfo']
[2025-10-31T07:51:49.932+0000] {standard_task_runner.py:85} INFO - Job 80: Subtask spark_process_weather_to_iceberg
[2025-10-31T07:51:49.954+0000] {task_command.py:415} INFO - Running <TaskInstance: nyc_weather_etl.spark_process_weather_to_iceberg scheduled__2025-10-31T06:51:47.519123+00:00 [running]> on host d3553ba1dd4a
[2025-10-31T07:51:49.998+0000] {taskinstance.py:1660} INFO - Exporting env vars: AIRFLOW_CTX_DAG_OWNER='data-engineering' AIRFLOW_CTX_DAG_ID='nyc_weather_etl' AIRFLOW_CTX_TASK_ID='spark_process_weather_to_iceberg' AIRFLOW_CTX_EXECUTION_DATE='2025-10-31T06:51:47.519123+00:00' AIRFLOW_CTX_TRY_NUMBER='1' AIRFLOW_CTX_DAG_RUN_ID='scheduled__2025-10-31T06:51:47.519123+00:00'
[2025-10-31T07:51:49.999+0000] {base.py:73} INFO - Using connection ID 'spark_default' for task execution.
[2025-10-31T07:51:50.000+0000] {spark_submit.py:340} INFO - Spark-Submit cmd: /opt/bitnami/spark/bin/spark-submit --master spark-master:7077 --conf spark.master=spark://spark-master:7077 --conf spark.sql.catalog.spark_catalog=org.apache.iceberg.spark.SparkSessionCatalog --conf spark.sql.catalog.spark_catalog.type=hive --conf spark.sql.catalog.iceberg=org.apache.iceberg.spark.SparkCatalog --conf spark.sql.catalog.iceberg.type=hadoop --conf spark.sql.catalog.iceberg.warehouse=s3a://lakehouse/warehouse --conf spark.sql.extensions=org.apache.iceberg.spark.extensions.IcebergSparkSessionExtensions --conf spark.hadoop.fs.s3a.endpoint=http://minio:9000 --conf spark.hadoop.fs.s3a.access.key=admin --conf spark.hadoop.fs.s3a.secret.key=****** --conf spark.hadoop.fs.s3a.path.style.access=true --conf spark.hadoop.fs.s3a.impl=org.apache.hadoop.fs.s3a.S3AFileSystem --jars /opt/***/jars/iceberg-spark-runtime-3.5_2.12-1.4.2.jar,/opt/***/jars/aws-java-sdk-bundle-1.12.367.jar,/opt/***/jars/hadoop-aws-3.3.4.jar --name arrow-spark /opt/***/dags/spark_jobs/weather_to_iceberg.py /opt/***/data/weather/weather_data_20251031_07.json
[2025-10-31T07:51:50.850+0000] {spark_submit.py:491} INFO - 25/10/31 07:51:50 WARN NativeCodeLoader: Unable to load native-hadoop library for your platform... using builtin-java classes where applicable
[2025-10-31T07:51:51.514+0000] {spark_submit.py:491} INFO - 25/10/31 07:51:51 INFO SparkContext: Running Spark version 3.5.1
[2025-10-31T07:51:51.514+0000] {spark_submit.py:491} INFO - 25/10/31 07:51:51 INFO SparkContext: OS info Linux, 6.10.14-linuxkit, aarch64
[2025-10-31T07:51:51.514+0000] {spark_submit.py:491} INFO - 25/10/31 07:51:51 INFO SparkContext: Java version 11.0.28
[2025-10-31T07:51:51.528+0000] {spark_submit.py:491} INFO - 25/10/31 07:51:51 INFO ResourceUtils: ==============================================================
[2025-10-31T07:51:51.528+0000] {spark_submit.py:491} INFO - 25/10/31 07:51:51 INFO ResourceUtils: No custom resources configured for spark.driver.
[2025-10-31T07:51:51.529+0000] {spark_submit.py:491} INFO - 25/10/31 07:51:51 INFO ResourceUtils: ==============================================================
[2025-10-31T07:51:51.529+0000] {spark_submit.py:491} INFO - 25/10/31 07:51:51 INFO SparkContext: Submitted application: Weather to Iceberg ETL
[2025-10-31T07:51:51.536+0000] {spark_submit.py:491} INFO - 25/10/31 07:51:51 INFO ResourceProfile: Default ResourceProfile created, executor resources: Map(cores -> name: cores, amount: 1, script: , vendor: , memory -> name: memory, amount: 1024, script: , vendor: , offHeap -> name: offHeap, amount: 0, script: , vendor: ), task resources: Map(cpus -> name: cpus, amount: 1.0)
[2025-10-31T07:51:51.542+0000] {spark_submit.py:491} INFO - 25/10/31 07:51:51 INFO ResourceProfile: Limiting resource is cpu
[2025-10-31T07:51:51.542+0000] {spark_submit.py:491} INFO - 25/10/31 07:51:51 INFO ResourceProfileManager: Added ResourceProfile id: 0
[2025-10-31T07:51:51.572+0000] {spark_submit.py:491} INFO - 25/10/31 07:51:51 INFO SecurityManager: Changing view acls to: ***
[2025-10-31T07:51:51.572+0000] {spark_submit.py:491} INFO - 25/10/31 07:51:51 INFO SecurityManager: Changing modify acls to: ***
[2025-10-31T07:51:51.572+0000] {spark_submit.py:491} INFO - 25/10/31 07:51:51 INFO SecurityManager: Changing view acls groups to:
[2025-10-31T07:51:51.573+0000] {spark_submit.py:491} INFO - 25/10/31 07:51:51 INFO SecurityManager: Changing modify acls groups to:
[2025-10-31T07:51:51.573+0000] {spark_submit.py:491} INFO - 25/10/31 07:51:51 INFO SecurityManager: SecurityManager: authentication disabled; ui acls disabled; users with view permissions: ***; groups with view permissions: EMPTY; users with modify permissions: ***; groups with modify permissions: EMPTY
[2025-10-31T07:51:51.681+0000] {spark_submit.py:491} INFO - 25/10/31 07:51:51 INFO Utils: Successfully started service 'sparkDriver' on port 40133.
[2025-10-31T07:51:51.699+0000] {spark_submit.py:491} INFO - 25/10/31 07:51:51 INFO SparkEnv: Registering MapOutputTracker
[2025-10-31T07:51:51.714+0000] {spark_submit.py:491} INFO - 25/10/31 07:51:51 INFO SparkEnv: Registering BlockManagerMaster
[2025-10-31T07:51:51.730+0000] {spark_submit.py:491} INFO - 25/10/31 07:51:51 INFO BlockManagerMasterEndpoint: Using org.apache.spark.storage.DefaultTopologyMapper for getting topology information
[2025-10-31T07:51:51.730+0000] {spark_submit.py:491} INFO - 25/10/31 07:51:51 INFO BlockManagerMasterEndpoint: BlockManagerMasterEndpoint up
[2025-10-31T07:51:51.732+0000] {spark_submit.py:491} INFO - 25/10/31 07:51:51 INFO SparkEnv: Registering BlockManagerMasterHeartbeat
[2025-10-31T07:51:51.745+0000] {spark_submit.py:491} INFO - 25/10/31 07:51:51 INFO DiskBlockManager: Created local directory at /tmp/blockmgr-eb3d0ef1-4897-4218-9113-348da29087a7
[2025-10-31T07:51:51.751+0000] {spark_submit.py:491} INFO - 25/10/31 07:51:51 INFO MemoryStore: MemoryStore started with capacity 434.4 MiB
[2025-10-31T07:51:51.758+0000] {spark_submit.py:491} INFO - 25/10/31 07:51:51 INFO SparkEnv: Registering OutputCommitCoordinator
[2025-10-31T07:51:51.820+0000] {spark_submit.py:491} INFO - 25/10/31 07:51:51 INFO JettyUtils: Start Jetty 0.0.0.0:4040 for SparkUI
[2025-10-31T07:51:51.851+0000] {spark_submit.py:491} INFO - 25/10/31 07:51:51 WARN Utils: Service 'SparkUI' could not bind on port 4040. Attempting port 4041.
[2025-10-31T07:51:51.856+0000] {spark_submit.py:491} INFO - 25/10/31 07:51:51 INFO Utils: Successfully started service 'SparkUI' on port 4041.
[2025-10-31T07:51:51.879+0000] {spark_submit.py:491} INFO - 25/10/31 07:51:51 INFO SparkContext: Added JAR file:///opt/***/jars/iceberg-spark-runtime-3.5_2.12-1.4.2.jar at spark://d3553ba1dd4a:40133/jars/iceberg-spark-runtime-3.5_2.12-1.4.2.jar with timestamp 1761897111508
[2025-10-31T07:51:51.879+0000] {spark_submit.py:491} INFO - 25/10/31 07:51:51 INFO SparkContext: Added JAR file:///opt/***/jars/aws-java-sdk-bundle-1.12.367.jar at spark://d3553ba1dd4a:40133/jars/aws-java-sdk-bundle-1.12.367.jar with timestamp 1761897111508
[2025-10-31T07:51:51.879+0000] {spark_submit.py:491} INFO - 25/10/31 07:51:51 INFO SparkContext: Added JAR file:///opt/***/jars/hadoop-aws-3.3.4.jar at spark://d3553ba1dd4a:40133/jars/hadoop-aws-3.3.4.jar with timestamp 1761897111508
[2025-10-31T07:51:51.914+0000] {spark_submit.py:491} INFO - 25/10/31 07:51:51 INFO Executor: Starting executor ID driver on host d3553ba1dd4a
[2025-10-31T07:51:51.915+0000] {spark_submit.py:491} INFO - 25/10/31 07:51:51 INFO Executor: OS info Linux, 6.10.14-linuxkit, aarch64
[2025-10-31T07:51:51.916+0000] {spark_submit.py:491} INFO - 25/10/31 07:51:51 INFO Executor: Java version 11.0.28
[2025-10-31T07:51:51.919+0000] {spark_submit.py:491} INFO - 25/10/31 07:51:51 INFO Executor: Starting executor with user classpath (userClassPathFirst = false): ''
[2025-10-31T07:51:51.920+0000] {spark_submit.py:491} INFO - 25/10/31 07:51:51 INFO Executor: Created or updated repl class loader org.apache.spark.util.MutableURLClassLoader@40d15ab0 for default.
[2025-10-31T07:51:51.935+0000] {spark_submit.py:491} INFO - 25/10/31 07:51:51 INFO Executor: Fetching spark://d3553ba1dd4a:40133/jars/iceberg-spark-runtime-3.5_2.12-1.4.2.jar with timestamp 1761897111508
[2025-10-31T07:51:51.964+0000] {spark_submit.py:491} INFO - 25/10/31 07:51:51 INFO TransportClientFactory: Successfully created connection to d3553ba1dd4a/172.18.0.14:40133 after 16 ms (0 ms spent in bootstraps)
[2025-10-31T07:51:51.968+0000] {spark_submit.py:491} INFO - 25/10/31 07:51:51 INFO Utils: Fetching spark://d3553ba1dd4a:40133/jars/iceberg-spark-runtime-3.5_2.12-1.4.2.jar to /tmp/spark-9f18af6b-a658-4450-9e10-d1978b27cfbc/userFiles-86fa85af-eab4-4754-bf50-7b9d1e64024a/fetchFileTemp5262127420033948885.tmp
[2025-10-31T07:51:52.039+0000] {spark_submit.py:491} INFO - 25/10/31 07:51:52 INFO Executor: Adding file:/tmp/spark-9f18af6b-a658-4450-9e10-d1978b27cfbc/userFiles-86fa85af-eab4-4754-bf50-7b9d1e64024a/iceberg-spark-runtime-3.5_2.12-1.4.2.jar to class loader default
[2025-10-31T07:51:52.039+0000] {spark_submit.py:491} INFO - 25/10/31 07:51:52 INFO Executor: Fetching spark://d3553ba1dd4a:40133/jars/hadoop-aws-3.3.4.jar with timestamp 1761897111508
[2025-10-31T07:51:52.040+0000] {spark_submit.py:491} INFO - 25/10/31 07:51:52 INFO Utils: Fetching spark://d3553ba1dd4a:40133/jars/hadoop-aws-3.3.4.jar to /tmp/spark-9f18af6b-a658-4450-9e10-d1978b27cfbc/userFiles-86fa85af-eab4-4754-bf50-7b9d1e64024a/fetchFileTemp645312825375386085.tmp
[2025-10-31T07:51:52.045+0000] {spark_submit.py:491} INFO - 25/10/31 07:51:52 INFO Executor: Adding file:/tmp/spark-9f18af6b-a658-4450-9e10-d1978b27cfbc/userFiles-86fa85af-eab4-4754-bf50-7b9d1e64024a/hadoop-aws-3.3.4.jar to class loader default
[2025-10-31T07:51:52.045+0000] {spark_submit.py:491} INFO - 25/10/31 07:51:52 INFO Executor: Fetching spark://d3553ba1dd4a:40133/jars/aws-java-sdk-bundle-1.12.367.jar with timestamp 1761897111508
[2025-10-31T07:51:52.045+0000] {spark_submit.py:491} INFO - 25/10/31 07:51:52 INFO Utils: Fetching spark://d3553ba1dd4a:40133/jars/aws-java-sdk-bundle-1.12.367.jar to /tmp/spark-9f18af6b-a658-4450-9e10-d1978b27cfbc/userFiles-86fa85af-eab4-4754-bf50-7b9d1e64024a/fetchFileTemp13919881697598003733.tmp
[2025-10-31T07:51:52.816+0000] {spark_submit.py:491} INFO - 25/10/31 07:51:52 INFO Executor: Adding file:/tmp/spark-9f18af6b-a658-4450-9e10-d1978b27cfbc/userFiles-86fa85af-eab4-4754-bf50-7b9d1e64024a/aws-java-sdk-bundle-1.12.367.jar to class loader default
[2025-10-31T07:51:52.821+0000] {spark_submit.py:491} INFO - 25/10/31 07:51:52 INFO Utils: Successfully started service 'org.apache.spark.network.netty.NettyBlockTransferService' on port 32935.
[2025-10-31T07:51:52.821+0000] {spark_submit.py:491} INFO - 25/10/31 07:51:52 INFO NettyBlockTransferService: Server created on d3553ba1dd4a:32935
[2025-10-31T07:51:52.822+0000] {spark_submit.py:491} INFO - 25/10/31 07:51:52 INFO BlockManager: Using org.apache.spark.storage.RandomBlockReplicationPolicy for block replication policy
[2025-10-31T07:51:52.826+0000] {spark_submit.py:491} INFO - 25/10/31 07:51:52 INFO BlockManagerMaster: Registering BlockManager BlockManagerId(driver, d3553ba1dd4a, 32935, None)
[2025-10-31T07:51:52.829+0000] {spark_submit.py:491} INFO - 25/10/31 07:51:52 INFO BlockManagerMasterEndpoint: Registering block manager d3553ba1dd4a:32935 with 434.4 MiB RAM, BlockManagerId(driver, d3553ba1dd4a, 32935, None)
[2025-10-31T07:51:52.829+0000] {spark_submit.py:491} INFO - 25/10/31 07:51:52 INFO BlockManagerMaster: Registered BlockManager BlockManagerId(driver, d3553ba1dd4a, 32935, None)
[2025-10-31T07:51:52.830+0000] {spark_submit.py:491} INFO - 25/10/31 07:51:52 INFO BlockManager: Initialized BlockManager: BlockManagerId(driver, d3553ba1dd4a, 32935, None)
[2025-10-31T07:51:54.436+0000] {spark_submit.py:491} INFO - 25/10/31 07:51:54 WARN MetricsConfig: Cannot locate configuration: tried hadoop-metrics2-s3a-file-system.properties,hadoop-metrics2.properties
[2025-10-31T07:51:55.303+0000] {spark_submit.py:491} INFO - Created/verified weather table
[2025-10-31T07:51:55.303+0000] {spark_submit.py:491} INFO - Reading weather data from: /opt/***/data/weather/weather_data_20251031_07.json
[2025-10-31T07:51:56.500+0000] {spark_submit.py:491} INFO - Raw weather data count: 24
[2025-10-31T07:51:56.501+0000] {spark_submit.py:491} INFO - root
[2025-10-31T07:51:56.502+0000] {spark_submit.py:491} INFO - |-- timestamp: string (nullable = true)
[2025-10-31T07:51:56.502+0000] {spark_submit.py:491} INFO - |-- location: string (nullable = true)
[2025-10-31T07:51:56.502+0000] {spark_submit.py:491} INFO - |-- latitude: double (nullable = true)
[2025-10-31T07:51:56.502+0000] {spark_submit.py:491} INFO - |-- longitude: double (nullable = true)
[2025-10-31T07:51:56.502+0000] {spark_submit.py:491} INFO - |-- temperature_celsius: double (nullable = true)
[2025-10-31T07:51:56.502+0000] {spark_submit.py:491} INFO - |-- temperature_fahrenheit: double (nullable = true)
[2025-10-31T07:51:56.502+0000] {spark_submit.py:491} INFO - |-- humidity_percent: double (nullable = true)
[2025-10-31T07:51:56.502+0000] {spark_submit.py:491} INFO - |-- pressure_hpa: double (nullable = true)
[2025-10-31T07:51:56.502+0000] {spark_submit.py:491} INFO - |-- wind_speed_kmh: double (nullable = true)
[2025-10-31T07:51:56.502+0000] {spark_submit.py:491} INFO - |-- weather_condition: string (nullable = true)
[2025-10-31T07:51:56.502+0000] {spark_submit.py:491} INFO - |-- visibility_km: double (nullable = true)
[2025-10-31T07:51:56.502+0000] {spark_submit.py:491} INFO - |-- uv_index: double (nullable = true)
[2025-10-31T07:51:56.502+0000] {spark_submit.py:491} INFO - |-- hour: integer (nullable = true)
[2025-10-31T07:51:56.503+0000] {spark_submit.py:491} INFO - |-- day_of_week: integer (nullable = true)
[2025-10-31T07:51:56.503+0000] {spark_submit.py:491} INFO - |-- is_weekend: boolean (nullable = true)
[2025-10-31T07:51:56.503+0000] {spark_submit.py:491} INFO - 
[2025-10-31T07:51:56.763+0000] {spark_submit.py:491} INFO - Processed weather data count: 24
[2025-10-31T07:51:57.860+0000] {spark_submit.py:491} INFO - Successfully wrote weather data to Iceberg table
[2025-10-31T07:51:59.224+0000] {spark_submit.py:491} INFO - +------------+------------------+-----------------+-----------------+--------------------+
[2025-10-31T07:51:59.224+0000] {spark_submit.py:491} INFO - |weather_date|        avg_temp_c|     avg_humidity|   avg_wind_speed|          conditions|
[2025-10-31T07:51:59.224+0000] {spark_submit.py:491} INFO - +------------+------------------+-----------------+-----------------+--------------------+
[2025-10-31T07:51:59.224+0000] {spark_submit.py:491} INFO - |  2025-10-31| 17.43045454545455|59.60909090909092|7.663636363636365|[clear, snow, rai...|
[2025-10-31T07:51:59.224+0000] {spark_submit.py:491} INFO - |  2025-10-30|16.846200000000003|59.85999999999999|              6.8|[clear, snow, rai...|
[2025-10-31T07:51:59.224+0000] {spark_submit.py:491} INFO - +------------+------------------+-----------------+-----------------+--------------------+
[2025-10-31T07:51:59.224+0000] {spark_submit.py:491} INFO - 
[2025-10-31T07:51:59.224+0000] {spark_submit.py:491} INFO - Weather ETL job completed successfully!
[2025-10-31T07:52:00.121+0000] {taskinstance.py:1398} INFO - Marking task as SUCCESS. dag_id=nyc_weather_etl, task_id=spark_process_weather_to_iceberg, execution_date=20251031T065147, start_date=20251031T075149, end_date=20251031T075200
[2025-10-31T07:52:00.152+0000] {local_task_job_runner.py:228} INFO - Task exited with return code 0
[2025-10-31T07:52:00.161+0000] {taskinstance.py:2776} INFO - 0 downstream tasks scheduled from follow-on schedule check
