[2025-10-27T05:55:08.222+0000] {taskinstance.py:1157} INFO - Dependencies all met for dep_context=non-requeueable deps ti=<TaskInstance: nyc_weather_etl.spark_process_location_to_iceberg manual__2025-10-27T05:55:05.024634+00:00 [queued]>
[2025-10-27T05:55:08.225+0000] {taskinstance.py:1157} INFO - Dependencies all met for dep_context=requeueable deps ti=<TaskInstance: nyc_weather_etl.spark_process_location_to_iceberg manual__2025-10-27T05:55:05.024634+00:00 [queued]>
[2025-10-27T05:55:08.225+0000] {taskinstance.py:1359} INFO - Starting attempt 1 of 1
[2025-10-27T05:55:08.230+0000] {taskinstance.py:1380} INFO - Executing <Task(SparkSubmitOperator): spark_process_location_to_iceberg> on 2025-10-27 05:55:05.024634+00:00
[2025-10-27T05:55:08.233+0000] {standard_task_runner.py:57} INFO - Started process 13718 to run task
[2025-10-27T05:55:08.234+0000] {standard_task_runner.py:84} INFO - Running: ['***', 'tasks', 'run', 'nyc_weather_etl', 'spark_process_location_to_iceberg', 'manual__2025-10-27T05:55:05.024634+00:00', '--job-id', '692', '--raw', '--subdir', 'DAGS_FOLDER/nyc_weather_etl.py', '--cfg-path', '/tmp/tmp_4sv75jk']
[2025-10-27T05:55:08.236+0000] {standard_task_runner.py:85} INFO - Job 692: Subtask spark_process_location_to_iceberg
[2025-10-27T05:55:08.256+0000] {task_command.py:415} INFO - Running <TaskInstance: nyc_weather_etl.spark_process_location_to_iceberg manual__2025-10-27T05:55:05.024634+00:00 [running]> on host b40be2a595bb
[2025-10-27T05:55:08.384+0000] {taskinstance.py:1660} INFO - Exporting env vars: AIRFLOW_CTX_DAG_OWNER='data-engineering' AIRFLOW_CTX_DAG_ID='nyc_weather_etl' AIRFLOW_CTX_TASK_ID='spark_process_location_to_iceberg' AIRFLOW_CTX_EXECUTION_DATE='2025-10-27T05:55:05.024634+00:00' AIRFLOW_CTX_TRY_NUMBER='1' AIRFLOW_CTX_DAG_RUN_ID='manual__2025-10-27T05:55:05.024634+00:00'
[2025-10-27T05:55:08.390+0000] {base.py:73} INFO - Using connection ID 'spark_default' for task execution.
[2025-10-27T05:55:08.391+0000] {spark_submit.py:340} INFO - Spark-Submit cmd: /opt/bitnami/spark/bin/spark-submit --master spark://spark-master:7077 --conf spark.master=spark://spark-master:7077 --conf spark.sql.catalog.spark_catalog=org.apache.iceberg.spark.SparkSessionCatalog --conf spark.sql.catalog.spark_catalog.type=hive --conf spark.sql.catalog.iceberg=org.apache.iceberg.spark.SparkCatalog --conf spark.sql.catalog.iceberg.type=hadoop --conf spark.sql.catalog.iceberg.warehouse=s3a://lakehouse/warehouse --conf spark.sql.extensions=org.apache.iceberg.spark.extensions.IcebergSparkSessionExtensions --conf spark.hadoop.fs.s3a.endpoint=http://minio:9000 --conf spark.hadoop.fs.s3a.access.key=admin --conf spark.hadoop.fs.s3a.secret.key=****** --conf spark.hadoop.fs.s3a.path.style.access=true --conf spark.hadoop.fs.s3a.impl=org.apache.hadoop.fs.s3a.S3AFileSystem --jars /opt/***/jars/iceberg-spark-runtime-3.5_2.12-1.4.2.jar,/opt/***/jars/aws-java-sdk-bundle-1.12.367.jar,/opt/***/jars/hadoop-aws-3.3.4.jar --name arrow-spark --queue default /opt/***/dags/spark_jobs/location_to_iceberg.py /opt/***/data/locations/nyc_taxi_zones.json
[2025-10-27T05:55:09.202+0000] {spark_submit.py:491} INFO - 25/10/27 05:55:09 WARN NativeCodeLoader: Unable to load native-hadoop library for your platform... using builtin-java classes where applicable
[2025-10-27T05:55:09.761+0000] {spark_submit.py:491} INFO - 25/10/27 05:55:09 INFO SparkContext: Running Spark version 3.5.1
[2025-10-27T05:55:09.764+0000] {spark_submit.py:491} INFO - 25/10/27 05:55:09 INFO SparkContext: OS info Linux, 6.10.14-linuxkit, aarch64
[2025-10-27T05:55:09.766+0000] {spark_submit.py:491} INFO - 25/10/27 05:55:09 INFO SparkContext: Java version 11.0.28
[2025-10-27T05:55:09.773+0000] {spark_submit.py:491} INFO - 25/10/27 05:55:09 INFO ResourceUtils: ==============================================================
[2025-10-27T05:55:09.775+0000] {spark_submit.py:491} INFO - 25/10/27 05:55:09 INFO ResourceUtils: No custom resources configured for spark.driver.
[2025-10-27T05:55:09.775+0000] {spark_submit.py:491} INFO - 25/10/27 05:55:09 INFO ResourceUtils: ==============================================================
[2025-10-27T05:55:09.779+0000] {spark_submit.py:491} INFO - 25/10/27 05:55:09 INFO SparkContext: Submitted application: Location to Iceberg ETL
[2025-10-27T05:55:09.782+0000] {spark_submit.py:491} INFO - 25/10/27 05:55:09 INFO ResourceProfile: Default ResourceProfile created, executor resources: Map(cores -> name: cores, amount: 1, script: , vendor: , memory -> name: memory, amount: 1024, script: , vendor: , offHeap -> name: offHeap, amount: 0, script: , vendor: ), task resources: Map(cpus -> name: cpus, amount: 1.0)
[2025-10-27T05:55:09.787+0000] {spark_submit.py:491} INFO - 25/10/27 05:55:09 INFO ResourceProfile: Limiting resource is cpu
[2025-10-27T05:55:09.788+0000] {spark_submit.py:491} INFO - 25/10/27 05:55:09 INFO ResourceProfileManager: Added ResourceProfile id: 0
[2025-10-27T05:55:09.817+0000] {spark_submit.py:491} INFO - 25/10/27 05:55:09 INFO SecurityManager: Changing view acls to: ***
[2025-10-27T05:55:09.817+0000] {spark_submit.py:491} INFO - 25/10/27 05:55:09 INFO SecurityManager: Changing modify acls to: ***
[2025-10-27T05:55:09.817+0000] {spark_submit.py:491} INFO - 25/10/27 05:55:09 INFO SecurityManager: Changing view acls groups to:
[2025-10-27T05:55:09.818+0000] {spark_submit.py:491} INFO - 25/10/27 05:55:09 INFO SecurityManager: Changing modify acls groups to:
[2025-10-27T05:55:09.818+0000] {spark_submit.py:491} INFO - 25/10/27 05:55:09 INFO SecurityManager: SecurityManager: authentication disabled; ui acls disabled; users with view permissions: ***; groups with view permissions: EMPTY; users with modify permissions: ***; groups with modify permissions: EMPTY
[2025-10-27T05:55:09.916+0000] {spark_submit.py:491} INFO - 25/10/27 05:55:09 INFO Utils: Successfully started service 'sparkDriver' on port 33249.
[2025-10-27T05:55:09.931+0000] {spark_submit.py:491} INFO - 25/10/27 05:55:09 INFO SparkEnv: Registering MapOutputTracker
[2025-10-27T05:55:09.946+0000] {spark_submit.py:491} INFO - 25/10/27 05:55:09 INFO SparkEnv: Registering BlockManagerMaster
[2025-10-27T05:55:09.956+0000] {spark_submit.py:491} INFO - 25/10/27 05:55:09 INFO BlockManagerMasterEndpoint: Using org.apache.spark.storage.DefaultTopologyMapper for getting topology information
[2025-10-27T05:55:09.957+0000] {spark_submit.py:491} INFO - 25/10/27 05:55:09 INFO BlockManagerMasterEndpoint: BlockManagerMasterEndpoint up
[2025-10-27T05:55:09.958+0000] {spark_submit.py:491} INFO - 25/10/27 05:55:09 INFO SparkEnv: Registering BlockManagerMasterHeartbeat
[2025-10-27T05:55:09.968+0000] {spark_submit.py:491} INFO - 25/10/27 05:55:09 INFO DiskBlockManager: Created local directory at /tmp/blockmgr-497f299e-f4e0-4556-b9b8-c502780d9c2c
[2025-10-27T05:55:09.975+0000] {spark_submit.py:491} INFO - 25/10/27 05:55:09 INFO MemoryStore: MemoryStore started with capacity 434.4 MiB
[2025-10-27T05:55:09.981+0000] {spark_submit.py:491} INFO - 25/10/27 05:55:09 INFO SparkEnv: Registering OutputCommitCoordinator
[2025-10-27T05:55:10.035+0000] {spark_submit.py:491} INFO - 25/10/27 05:55:10 INFO JettyUtils: Start Jetty 0.0.0.0:4040 for SparkUI
[2025-10-27T05:55:10.060+0000] {spark_submit.py:491} INFO - 25/10/27 05:55:10 INFO Utils: Successfully started service 'SparkUI' on port 4040.
[2025-10-27T05:55:10.074+0000] {spark_submit.py:491} INFO - 25/10/27 05:55:10 INFO SparkContext: Added JAR file:///opt/***/jars/iceberg-spark-runtime-3.5_2.12-1.4.2.jar at spark://b40be2a595bb:33249/jars/iceberg-spark-runtime-3.5_2.12-1.4.2.jar with timestamp 1761544509757
[2025-10-27T05:55:10.074+0000] {spark_submit.py:491} INFO - 25/10/27 05:55:10 INFO SparkContext: Added JAR file:///opt/***/jars/aws-java-sdk-bundle-1.12.367.jar at spark://b40be2a595bb:33249/jars/aws-java-sdk-bundle-1.12.367.jar with timestamp 1761544509757
[2025-10-27T05:55:10.074+0000] {spark_submit.py:491} INFO - 25/10/27 05:55:10 INFO SparkContext: Added JAR file:///opt/***/jars/hadoop-aws-3.3.4.jar at spark://b40be2a595bb:33249/jars/hadoop-aws-3.3.4.jar with timestamp 1761544509757
[2025-10-27T05:55:10.100+0000] {spark_submit.py:491} INFO - 25/10/27 05:55:10 INFO Executor: Starting executor ID driver on host b40be2a595bb
[2025-10-27T05:55:10.101+0000] {spark_submit.py:491} INFO - 25/10/27 05:55:10 INFO Executor: OS info Linux, 6.10.14-linuxkit, aarch64
[2025-10-27T05:55:10.101+0000] {spark_submit.py:491} INFO - 25/10/27 05:55:10 INFO Executor: Java version 11.0.28
[2025-10-27T05:55:10.103+0000] {spark_submit.py:491} INFO - 25/10/27 05:55:10 INFO Executor: Starting executor with user classpath (userClassPathFirst = false): ''
[2025-10-27T05:55:10.103+0000] {spark_submit.py:491} INFO - 25/10/27 05:55:10 INFO Executor: Created or updated repl class loader org.apache.spark.util.MutableURLClassLoader@38c74e98 for default.
[2025-10-27T05:55:10.107+0000] {spark_submit.py:491} INFO - 25/10/27 05:55:10 INFO Executor: Fetching spark://b40be2a595bb:33249/jars/hadoop-aws-3.3.4.jar with timestamp 1761544509757
[2025-10-27T05:55:10.131+0000] {spark_submit.py:491} INFO - 25/10/27 05:55:10 INFO TransportClientFactory: Successfully created connection to b40be2a595bb/172.18.0.5:33249 after 11 ms (0 ms spent in bootstraps)
[2025-10-27T05:55:10.134+0000] {spark_submit.py:491} INFO - 25/10/27 05:55:10 INFO Utils: Fetching spark://b40be2a595bb:33249/jars/hadoop-aws-3.3.4.jar to /tmp/spark-80e63366-1b26-4827-bf40-5d086e72d405/userFiles-5d754fb6-68c1-4eb4-acae-f023b4307ca4/fetchFileTemp8898477056891491010.tmp
[2025-10-27T05:55:10.150+0000] {spark_submit.py:491} INFO - 25/10/27 05:55:10 INFO Executor: Adding file:/tmp/spark-80e63366-1b26-4827-bf40-5d086e72d405/userFiles-5d754fb6-68c1-4eb4-acae-f023b4307ca4/hadoop-aws-3.3.4.jar to class loader default
[2025-10-27T05:55:10.151+0000] {spark_submit.py:491} INFO - 25/10/27 05:55:10 INFO Executor: Fetching spark://b40be2a595bb:33249/jars/aws-java-sdk-bundle-1.12.367.jar with timestamp 1761544509757
[2025-10-27T05:55:10.151+0000] {spark_submit.py:491} INFO - 25/10/27 05:55:10 INFO Utils: Fetching spark://b40be2a595bb:33249/jars/aws-java-sdk-bundle-1.12.367.jar to /tmp/spark-80e63366-1b26-4827-bf40-5d086e72d405/userFiles-5d754fb6-68c1-4eb4-acae-f023b4307ca4/fetchFileTemp11172884821492655420.tmp
[2025-10-27T05:55:10.706+0000] {spark_submit.py:491} INFO - 25/10/27 05:55:10 INFO Executor: Adding file:/tmp/spark-80e63366-1b26-4827-bf40-5d086e72d405/userFiles-5d754fb6-68c1-4eb4-acae-f023b4307ca4/aws-java-sdk-bundle-1.12.367.jar to class loader default
[2025-10-27T05:55:10.707+0000] {spark_submit.py:491} INFO - 25/10/27 05:55:10 INFO Executor: Fetching spark://b40be2a595bb:33249/jars/iceberg-spark-runtime-3.5_2.12-1.4.2.jar with timestamp 1761544509757
[2025-10-27T05:55:10.707+0000] {spark_submit.py:491} INFO - 25/10/27 05:55:10 INFO Utils: Fetching spark://b40be2a595bb:33249/jars/iceberg-spark-runtime-3.5_2.12-1.4.2.jar to /tmp/spark-80e63366-1b26-4827-bf40-5d086e72d405/userFiles-5d754fb6-68c1-4eb4-acae-f023b4307ca4/fetchFileTemp3818237321886478944.tmp
[2025-10-27T05:55:10.758+0000] {spark_submit.py:491} INFO - 25/10/27 05:55:10 INFO Executor: Adding file:/tmp/spark-80e63366-1b26-4827-bf40-5d086e72d405/userFiles-5d754fb6-68c1-4eb4-acae-f023b4307ca4/iceberg-spark-runtime-3.5_2.12-1.4.2.jar to class loader default
[2025-10-27T05:55:10.765+0000] {spark_submit.py:491} INFO - 25/10/27 05:55:10 INFO Utils: Successfully started service 'org.apache.spark.network.netty.NettyBlockTransferService' on port 39381.
[2025-10-27T05:55:10.765+0000] {spark_submit.py:491} INFO - 25/10/27 05:55:10 INFO NettyBlockTransferService: Server created on b40be2a595bb:39381
[2025-10-27T05:55:10.768+0000] {spark_submit.py:491} INFO - 25/10/27 05:55:10 INFO BlockManager: Using org.apache.spark.storage.RandomBlockReplicationPolicy for block replication policy
[2025-10-27T05:55:10.770+0000] {spark_submit.py:491} INFO - 25/10/27 05:55:10 INFO BlockManagerMaster: Registering BlockManager BlockManagerId(driver, b40be2a595bb, 39381, None)
[2025-10-27T05:55:10.771+0000] {spark_submit.py:491} INFO - 25/10/27 05:55:10 INFO BlockManagerMasterEndpoint: Registering block manager b40be2a595bb:39381 with 434.4 MiB RAM, BlockManagerId(driver, b40be2a595bb, 39381, None)
[2025-10-27T05:55:10.772+0000] {spark_submit.py:491} INFO - 25/10/27 05:55:10 INFO BlockManagerMaster: Registered BlockManager BlockManagerId(driver, b40be2a595bb, 39381, None)
[2025-10-27T05:55:10.776+0000] {spark_submit.py:491} INFO - 25/10/27 05:55:10 INFO BlockManager: Initialized BlockManager: BlockManagerId(driver, b40be2a595bb, 39381, None)
[2025-10-27T05:55:12.071+0000] {spark_submit.py:491} INFO - 25/10/27 05:55:12 WARN MetricsConfig: Cannot locate configuration: tried hadoop-metrics2-s3a-file-system.properties,hadoop-metrics2.properties
[2025-10-27T05:55:12.704+0000] {spark_submit.py:491} INFO - Created/verified taxi zones table
[2025-10-27T05:55:12.704+0000] {spark_submit.py:491} INFO - Reading location data from: /opt/***/data/locations/nyc_taxi_zones.json
[2025-10-27T05:55:13.856+0000] {spark_submit.py:491} INFO - Raw location data count: 16
[2025-10-27T05:55:13.859+0000] {spark_submit.py:491} INFO - root
[2025-10-27T05:55:13.859+0000] {spark_submit.py:491} INFO - |-- borough: string (nullable = true)
[2025-10-27T05:55:13.859+0000] {spark_submit.py:491} INFO - |-- created_at: string (nullable = true)
[2025-10-27T05:55:13.860+0000] {spark_submit.py:491} INFO - |-- is_business_district: boolean (nullable = true)
[2025-10-27T05:55:13.860+0000] {spark_submit.py:491} INFO - |-- is_tourist_area: boolean (nullable = true)
[2025-10-27T05:55:13.860+0000] {spark_submit.py:491} INFO - |-- lat: double (nullable = true)
[2025-10-27T05:55:13.861+0000] {spark_submit.py:491} INFO - |-- location_id: long (nullable = true)
[2025-10-27T05:55:13.861+0000] {spark_submit.py:491} INFO - |-- lon: double (nullable = true)
[2025-10-27T05:55:13.861+0000] {spark_submit.py:491} INFO - |-- zone: string (nullable = true)
[2025-10-27T05:55:13.861+0000] {spark_submit.py:491} INFO - |-- zone_type: string (nullable = true)
[2025-10-27T05:55:13.861+0000] {spark_submit.py:491} INFO - 
[2025-10-27T05:55:14.030+0000] {spark_submit.py:491} INFO - Processed location data count: 16
[2025-10-27T05:55:15.283+0000] {spark_submit.py:491} INFO - Successfully wrote location data to Iceberg table
[2025-10-27T05:55:16.440+0000] {spark_submit.py:491} INFO - +---------+----------+-------------+--------------+
[2025-10-27T05:55:16.441+0000] {spark_submit.py:491} INFO - |  borough|zone_count|tourist_zones|business_zones|
[2025-10-27T05:55:16.441+0000] {spark_submit.py:491} INFO - +---------+----------+-------------+--------------+
[2025-10-27T05:55:16.441+0000] {spark_submit.py:491} INFO - |Manhattan|        13|            4|             3|
[2025-10-27T05:55:16.441+0000] {spark_submit.py:491} INFO - |   Queens|         2|            0|             0|
[2025-10-27T05:55:16.441+0000] {spark_submit.py:491} INFO - | Brooklyn|         1|            0|             0|
[2025-10-27T05:55:16.441+0000] {spark_submit.py:491} INFO - +---------+----------+-------------+--------------+
[2025-10-27T05:55:16.441+0000] {spark_submit.py:491} INFO - 
[2025-10-27T05:55:16.441+0000] {spark_submit.py:491} INFO - Location ETL job completed successfully!
[2025-10-27T05:55:17.255+0000] {taskinstance.py:1398} INFO - Marking task as SUCCESS. dag_id=nyc_weather_etl, task_id=spark_process_location_to_iceberg, execution_date=20251027T055505, start_date=20251027T055508, end_date=20251027T055517
[2025-10-27T05:55:17.298+0000] {local_task_job_runner.py:228} INFO - Task exited with return code 0
[2025-10-27T05:55:17.306+0000] {taskinstance.py:2776} INFO - 0 downstream tasks scheduled from follow-on schedule check
