[2025-11-02T06:27:03.597+0000] {taskinstance.py:1157} INFO - Dependencies all met for dep_context=non-requeueable deps ti=<TaskInstance: nyc_taxi_iceberg_etl.spark_process_to_iceberg manual__2025-11-02T06:26:55.412176+00:00 [queued]>
[2025-11-02T06:27:03.600+0000] {taskinstance.py:1157} INFO - Dependencies all met for dep_context=requeueable deps ti=<TaskInstance: nyc_taxi_iceberg_etl.spark_process_to_iceberg manual__2025-11-02T06:26:55.412176+00:00 [queued]>
[2025-11-02T06:27:03.600+0000] {taskinstance.py:1359} INFO - Starting attempt 1 of 1
[2025-11-02T06:27:03.605+0000] {taskinstance.py:1380} INFO - Executing <Task(BashOperator): spark_process_to_iceberg> on 2025-11-02 06:26:55.412176+00:00
[2025-11-02T06:27:03.608+0000] {standard_task_runner.py:57} INFO - Started process 7480 to run task
[2025-11-02T06:27:03.610+0000] {standard_task_runner.py:84} INFO - Running: ['***', 'tasks', 'run', 'nyc_taxi_iceberg_etl', 'spark_process_to_iceberg', 'manual__2025-11-02T06:26:55.412176+00:00', '--job-id', '112', '--raw', '--subdir', 'DAGS_FOLDER/nyc_taxi_iceberg_etl.py', '--cfg-path', '/tmp/tmpmlp086bb']
[2025-11-02T06:27:03.611+0000] {standard_task_runner.py:85} INFO - Job 112: Subtask spark_process_to_iceberg
[2025-11-02T06:27:03.638+0000] {task_command.py:415} INFO - Running <TaskInstance: nyc_taxi_iceberg_etl.spark_process_to_iceberg manual__2025-11-02T06:26:55.412176+00:00 [running]> on host d3553ba1dd4a
[2025-11-02T06:27:03.766+0000] {taskinstance.py:1660} INFO - Exporting env vars: AIRFLOW_CTX_DAG_OWNER='data-engineering' AIRFLOW_CTX_DAG_ID='nyc_taxi_iceberg_etl' AIRFLOW_CTX_TASK_ID='spark_process_to_iceberg' AIRFLOW_CTX_EXECUTION_DATE='2025-11-02T06:26:55.412176+00:00' AIRFLOW_CTX_TRY_NUMBER='1' AIRFLOW_CTX_DAG_RUN_ID='manual__2025-11-02T06:26:55.412176+00:00'
[2025-11-02T06:27:03.766+0000] {subprocess.py:63} INFO - Tmp dir root location: /tmp
[2025-11-02T06:27:03.767+0000] {subprocess.py:75} INFO - Running command: ['/bin/bash', '-c', '\n    docker exec spark-master spark-submit         --master spark://spark-master:7077         --deploy-mode client         --conf spark.sql.catalog.spark_catalog=org.apache.iceberg.spark.SparkSessionCatalog         --conf spark.sql.catalog.spark_catalog.type=hive         --conf spark.sql.catalog.iceberg=org.apache.iceberg.spark.SparkCatalog         --conf spark.sql.catalog.iceberg.type=hadoop         --conf spark.sql.catalog.iceberg.warehouse=s3a://lakehouse/warehouse         --conf spark.sql.extensions=org.apache.iceberg.spark.extensions.IcebergSparkSessionExtensions         --conf spark.hadoop.fs.s3a.endpoint=http://minio:9000         --conf spark.hadoop.fs.s3a.access.key=admin         --conf spark.hadoop.fs.s3a.secret.key=password         --conf spark.hadoop.fs.s3a.path.style.access=true         --conf spark.hadoop.fs.s3a.impl=org.apache.hadoop.fs.s3a.S3AFileSystem         --jars /opt/bitnami/spark/jars/iceberg-spark-runtime-3.5_2.12-1.4.2.jar,/opt/bitnami/spark/jars/aws-java-sdk-bundle-1.12.262.jar,/opt/bitnami/spark/jars/hadoop-aws-3.3.4.jar         /opt/***/dags/spark_jobs/nyc_taxi_to_iceberg.py /opt/***/data/raw/yellow_tripdata_2025-11.parquet\n    ']
[2025-11-02T06:27:03.771+0000] {subprocess.py:86} INFO - Output:
[2025-11-02T06:27:04.519+0000] {subprocess.py:93} INFO - 25/11/02 06:27:04 WARN NativeCodeLoader: Unable to load native-hadoop library for your platform... using builtin-java classes where applicable
[2025-11-02T06:27:04.591+0000] {subprocess.py:93} INFO - 25/11/02 06:27:04 WARN DependencyUtils: Local jar /opt/bitnami/spark/jars/iceberg-spark-runtime-3.5_2.12-1.4.2.jar does not exist, skipping.
[2025-11-02T06:27:04.623+0000] {subprocess.py:93} INFO - python3: can't open file '/opt/***/dags/spark_jobs/nyc_taxi_to_iceberg.py': [Errno 2] No such file or directory
[2025-11-02T06:27:04.627+0000] {subprocess.py:93} INFO - 25/11/02 06:27:04 INFO ShutdownHookManager: Shutdown hook called
[2025-11-02T06:27:04.627+0000] {subprocess.py:93} INFO - 25/11/02 06:27:04 INFO ShutdownHookManager: Deleting directory /tmp/spark-8bb34f3e-be58-4a86-963f-d85e0e5275b9
[2025-11-02T06:27:04.656+0000] {subprocess.py:97} INFO - Command exited with return code 2
[2025-11-02T06:27:04.662+0000] {taskinstance.py:1935} ERROR - Task failed with exception
Traceback (most recent call last):
  File "/home/airflow/.local/lib/python3.8/site-packages/airflow/operators/bash.py", line 210, in execute
    raise AirflowException(
airflow.exceptions.AirflowException: Bash command failed. The command returned a non-zero exit code 2.
[2025-11-02T06:27:04.663+0000] {taskinstance.py:1398} INFO - Marking task as FAILED. dag_id=nyc_taxi_iceberg_etl, task_id=spark_process_to_iceberg, execution_date=20251102T062655, start_date=20251102T062703, end_date=20251102T062704
[2025-11-02T06:27:04.669+0000] {standard_task_runner.py:104} ERROR - Failed to execute job 112 for task spark_process_to_iceberg (Bash command failed. The command returned a non-zero exit code 2.; 7480)
[2025-11-02T06:27:04.699+0000] {local_task_job_runner.py:228} INFO - Task exited with return code 1
[2025-11-02T06:27:04.711+0000] {taskinstance.py:2776} INFO - 0 downstream tasks scheduled from follow-on schedule check
