[2025-11-03T03:56:00.011+0000] {taskinstance.py:1157} INFO - Dependencies all met for dep_context=non-requeueable deps ti=<TaskInstance: comprehensive_analytics_pipeline.wait_for_weather_data manual__2025-11-03T03:55:59.229333+00:00 [queued]>
[2025-11-03T03:56:00.014+0000] {taskinstance.py:1157} INFO - Dependencies all met for dep_context=requeueable deps ti=<TaskInstance: comprehensive_analytics_pipeline.wait_for_weather_data manual__2025-11-03T03:55:59.229333+00:00 [queued]>
[2025-11-03T03:56:00.015+0000] {taskinstance.py:1359} INFO - Starting attempt 1 of 1
[2025-11-03T03:56:00.019+0000] {taskinstance.py:1380} INFO - Executing <Task(ExternalTaskSensor): wait_for_weather_data> on 2025-11-03 03:55:59.229333+00:00
[2025-11-03T03:56:00.022+0000] {standard_task_runner.py:57} INFO - Started process 11271 to run task
[2025-11-03T03:56:00.024+0000] {standard_task_runner.py:84} INFO - Running: ['***', 'tasks', 'run', 'comprehensive_analytics_pipeline', 'wait_for_weather_data', 'manual__2025-11-03T03:55:59.229333+00:00', '--job-id', '101', '--raw', '--subdir', 'DAGS_FOLDER/comprehensive_analytics_pipeline.py', '--cfg-path', '/tmp/tmpw9dym44o']
[2025-11-03T03:56:00.026+0000] {standard_task_runner.py:85} INFO - Job 101: Subtask wait_for_weather_data
[2025-11-03T03:56:00.060+0000] {task_command.py:415} INFO - Running <TaskInstance: comprehensive_analytics_pipeline.wait_for_weather_data manual__2025-11-03T03:55:59.229333+00:00 [running]> on host ec57452a9f33
[2025-11-03T03:56:00.097+0000] {taskinstance.py:1660} INFO - Exporting env vars: AIRFLOW_CTX_DAG_OWNER='data-engineering' AIRFLOW_CTX_DAG_ID='comprehensive_analytics_pipeline' AIRFLOW_CTX_TASK_ID='wait_for_weather_data' AIRFLOW_CTX_EXECUTION_DATE='2025-11-03T03:55:59.229333+00:00' AIRFLOW_CTX_TRY_NUMBER='1' AIRFLOW_CTX_DAG_RUN_ID='manual__2025-11-03T03:55:59.229333+00:00'
[2025-11-03T03:56:00.098+0000] {external_task.py:244} INFO - Poking for tasks ['spark_process_weather_to_iceberg'] in dag nyc_weather_etl on 2025-11-03T03:55:59.229333+00:00 ... 
[2025-11-03T03:57:00.144+0000] {external_task.py:244} INFO - Poking for tasks ['spark_process_weather_to_iceberg'] in dag nyc_weather_etl on 2025-11-03T03:55:59.229333+00:00 ... 
[2025-11-03T03:58:00.217+0000] {external_task.py:244} INFO - Poking for tasks ['spark_process_weather_to_iceberg'] in dag nyc_weather_etl on 2025-11-03T03:55:59.229333+00:00 ... 
[2025-11-03T03:59:00.289+0000] {external_task.py:244} INFO - Poking for tasks ['spark_process_weather_to_iceberg'] in dag nyc_weather_etl on 2025-11-03T03:55:59.229333+00:00 ... 
[2025-11-03T04:00:00.337+0000] {external_task.py:244} INFO - Poking for tasks ['spark_process_weather_to_iceberg'] in dag nyc_weather_etl on 2025-11-03T03:55:59.229333+00:00 ... 
[2025-11-03T04:01:00.403+0000] {external_task.py:244} INFO - Poking for tasks ['spark_process_weather_to_iceberg'] in dag nyc_weather_etl on 2025-11-03T03:55:59.229333+00:00 ... 
[2025-11-03T04:01:00.416+0000] {taskinstance.py:1935} ERROR - Task failed with exception
Traceback (most recent call last):
  File "/home/airflow/.local/lib/python3.8/site-packages/airflow/sensors/external_task.py", line 334, in execute
    super().execute(context)
  File "/home/airflow/.local/lib/python3.8/site-packages/airflow/sensors/base.py", line 274, in execute
    raise AirflowSensorTimeout(message)
airflow.exceptions.AirflowSensorTimeout: Sensor has timed out; run duration of 300.31560605399955 seconds exceeds the specified timeout of 300.0.
[2025-11-03T04:01:00.425+0000] {taskinstance.py:1398} INFO - Immediate failure requested. Marking task as FAILED. dag_id=comprehensive_analytics_pipeline, task_id=wait_for_weather_data, execution_date=20251103T035559, start_date=20251103T035600, end_date=20251103T040100
[2025-11-03T04:01:00.434+0000] {standard_task_runner.py:104} ERROR - Failed to execute job 101 for task wait_for_weather_data (Sensor has timed out; run duration of 300.31560605399955 seconds exceeds the specified timeout of 300.0.; 11271)
[2025-11-03T04:01:00.459+0000] {local_task_job_runner.py:228} INFO - Task exited with return code 1
[2025-11-03T04:01:00.480+0000] {taskinstance.py:2776} INFO - 0 downstream tasks scheduled from follow-on schedule check
