[2025-10-13T11:39:45.220+0000] {taskinstance.py:1157} INFO - Dependencies all met for dep_context=non-requeueable deps ti=<TaskInstance: nyc_weather_etl.spark_process_weather_to_iceberg scheduled__2025-10-13T09:09:23.166734+00:00 [queued]>
[2025-10-13T11:39:45.225+0000] {taskinstance.py:1157} INFO - Dependencies all met for dep_context=requeueable deps ti=<TaskInstance: nyc_weather_etl.spark_process_weather_to_iceberg scheduled__2025-10-13T09:09:23.166734+00:00 [queued]>
[2025-10-13T11:39:45.226+0000] {taskinstance.py:1359} INFO - Starting attempt 1 of 1
[2025-10-13T11:39:45.234+0000] {taskinstance.py:1380} INFO - Executing <Task(SparkSubmitOperator): spark_process_weather_to_iceberg> on 2025-10-13 09:09:23.166734+00:00
[2025-10-13T11:39:45.236+0000] {standard_task_runner.py:57} INFO - Started process 28134 to run task
[2025-10-13T11:39:45.238+0000] {standard_task_runner.py:84} INFO - Running: ['***', 'tasks', 'run', 'nyc_weather_etl', 'spark_process_weather_to_iceberg', 'scheduled__2025-10-13T09:09:23.166734+00:00', '--job-id', '567', '--raw', '--subdir', 'DAGS_FOLDER/nyc_weather_etl.py', '--cfg-path', '/tmp/tmpw3crqmyq']
[2025-10-13T11:39:45.240+0000] {standard_task_runner.py:85} INFO - Job 567: Subtask spark_process_weather_to_iceberg
[2025-10-13T11:39:45.262+0000] {task_command.py:415} INFO - Running <TaskInstance: nyc_weather_etl.spark_process_weather_to_iceberg scheduled__2025-10-13T09:09:23.166734+00:00 [running]> on host b40be2a595bb
[2025-10-13T11:39:45.384+0000] {taskinstance.py:1660} INFO - Exporting env vars: AIRFLOW_CTX_DAG_OWNER='data-engineering' AIRFLOW_CTX_DAG_ID='nyc_weather_etl' AIRFLOW_CTX_TASK_ID='spark_process_weather_to_iceberg' AIRFLOW_CTX_EXECUTION_DATE='2025-10-13T09:09:23.166734+00:00' AIRFLOW_CTX_TRY_NUMBER='1' AIRFLOW_CTX_DAG_RUN_ID='scheduled__2025-10-13T09:09:23.166734+00:00'
[2025-10-13T11:39:45.388+0000] {base.py:73} INFO - Using connection ID 'spark_default' for task execution.
[2025-10-13T11:39:45.389+0000] {spark_submit.py:340} INFO - Spark-Submit cmd: /opt/bitnami/spark/bin/spark-submit --master spark://spark-master:7077 --conf spark.master=spark://spark-master:7077 --conf spark.sql.catalog.spark_catalog=org.apache.iceberg.spark.SparkSessionCatalog --conf spark.sql.catalog.spark_catalog.type=hive --conf spark.sql.catalog.iceberg=org.apache.iceberg.spark.SparkCatalog --conf spark.sql.catalog.iceberg.type=hadoop --conf spark.sql.catalog.iceberg.warehouse=s3a://lakehouse/warehouse --conf spark.sql.extensions=org.apache.iceberg.spark.extensions.IcebergSparkSessionExtensions --conf spark.hadoop.fs.s3a.endpoint=http://minio:9000 --conf spark.hadoop.fs.s3a.access.key=admin --conf spark.hadoop.fs.s3a.secret.key=****** --conf spark.hadoop.fs.s3a.path.style.access=true --conf spark.hadoop.fs.s3a.impl=org.apache.hadoop.fs.s3a.S3AFileSystem --jars /opt/***/jars/iceberg-spark-runtime-3.5_2.12-1.4.2.jar,/opt/***/jars/aws-java-sdk-bundle-1.12.367.jar,/opt/***/jars/hadoop-aws-3.3.4.jar --name arrow-spark --queue default /opt/***/dags/spark_jobs/weather_to_iceberg.py /opt/***/data/weather/weather_data_20251008_06.json
[2025-10-13T11:39:46.164+0000] {spark_submit.py:491} INFO - 25/10/13 11:39:46 WARN NativeCodeLoader: Unable to load native-hadoop library for your platform... using builtin-java classes where applicable
[2025-10-13T11:39:46.750+0000] {spark_submit.py:491} INFO - 25/10/13 11:39:46 INFO SparkContext: Running Spark version 3.5.1
[2025-10-13T11:39:46.750+0000] {spark_submit.py:491} INFO - 25/10/13 11:39:46 INFO SparkContext: OS info Linux, 6.10.14-linuxkit, aarch64
[2025-10-13T11:39:46.750+0000] {spark_submit.py:491} INFO - 25/10/13 11:39:46 INFO SparkContext: Java version 11.0.28
[2025-10-13T11:39:46.761+0000] {spark_submit.py:491} INFO - 25/10/13 11:39:46 INFO ResourceUtils: ==============================================================
[2025-10-13T11:39:46.761+0000] {spark_submit.py:491} INFO - 25/10/13 11:39:46 INFO ResourceUtils: No custom resources configured for spark.driver.
[2025-10-13T11:39:46.762+0000] {spark_submit.py:491} INFO - 25/10/13 11:39:46 INFO ResourceUtils: ==============================================================
[2025-10-13T11:39:46.762+0000] {spark_submit.py:491} INFO - 25/10/13 11:39:46 INFO SparkContext: Submitted application: Weather to Iceberg ETL
[2025-10-13T11:39:46.769+0000] {spark_submit.py:491} INFO - 25/10/13 11:39:46 INFO ResourceProfile: Default ResourceProfile created, executor resources: Map(cores -> name: cores, amount: 1, script: , vendor: , memory -> name: memory, amount: 1024, script: , vendor: , offHeap -> name: offHeap, amount: 0, script: , vendor: ), task resources: Map(cpus -> name: cpus, amount: 1.0)
[2025-10-13T11:39:46.773+0000] {spark_submit.py:491} INFO - 25/10/13 11:39:46 INFO ResourceProfile: Limiting resource is cpu
[2025-10-13T11:39:46.773+0000] {spark_submit.py:491} INFO - 25/10/13 11:39:46 INFO ResourceProfileManager: Added ResourceProfile id: 0
[2025-10-13T11:39:46.797+0000] {spark_submit.py:491} INFO - 25/10/13 11:39:46 INFO SecurityManager: Changing view acls to: ***
[2025-10-13T11:39:46.798+0000] {spark_submit.py:491} INFO - 25/10/13 11:39:46 INFO SecurityManager: Changing modify acls to: ***
[2025-10-13T11:39:46.798+0000] {spark_submit.py:491} INFO - 25/10/13 11:39:46 INFO SecurityManager: Changing view acls groups to:
[2025-10-13T11:39:46.798+0000] {spark_submit.py:491} INFO - 25/10/13 11:39:46 INFO SecurityManager: Changing modify acls groups to:
[2025-10-13T11:39:46.798+0000] {spark_submit.py:491} INFO - 25/10/13 11:39:46 INFO SecurityManager: SecurityManager: authentication disabled; ui acls disabled; users with view permissions: ***; groups with view permissions: EMPTY; users with modify permissions: ***; groups with modify permissions: EMPTY
[2025-10-13T11:39:46.888+0000] {spark_submit.py:491} INFO - 25/10/13 11:39:46 INFO Utils: Successfully started service 'sparkDriver' on port 41763.
[2025-10-13T11:39:46.899+0000] {spark_submit.py:491} INFO - 25/10/13 11:39:46 INFO SparkEnv: Registering MapOutputTracker
[2025-10-13T11:39:46.913+0000] {spark_submit.py:491} INFO - 25/10/13 11:39:46 INFO SparkEnv: Registering BlockManagerMaster
[2025-10-13T11:39:46.922+0000] {spark_submit.py:491} INFO - 25/10/13 11:39:46 INFO BlockManagerMasterEndpoint: Using org.apache.spark.storage.DefaultTopologyMapper for getting topology information
[2025-10-13T11:39:46.922+0000] {spark_submit.py:491} INFO - 25/10/13 11:39:46 INFO BlockManagerMasterEndpoint: BlockManagerMasterEndpoint up
[2025-10-13T11:39:46.923+0000] {spark_submit.py:491} INFO - 25/10/13 11:39:46 INFO SparkEnv: Registering BlockManagerMasterHeartbeat
[2025-10-13T11:39:46.931+0000] {spark_submit.py:491} INFO - 25/10/13 11:39:46 INFO DiskBlockManager: Created local directory at /tmp/blockmgr-5df97ac2-aee5-4b31-b29d-4e470a0a7ee6
[2025-10-13T11:39:46.936+0000] {spark_submit.py:491} INFO - 25/10/13 11:39:46 INFO MemoryStore: MemoryStore started with capacity 434.4 MiB
[2025-10-13T11:39:46.941+0000] {spark_submit.py:491} INFO - 25/10/13 11:39:46 INFO SparkEnv: Registering OutputCommitCoordinator
[2025-10-13T11:39:46.988+0000] {spark_submit.py:491} INFO - 25/10/13 11:39:46 INFO JettyUtils: Start Jetty 0.0.0.0:4040 for SparkUI
[2025-10-13T11:39:47.007+0000] {spark_submit.py:491} INFO - 25/10/13 11:39:47 INFO Utils: Successfully started service 'SparkUI' on port 4040.
[2025-10-13T11:39:47.022+0000] {spark_submit.py:491} INFO - 25/10/13 11:39:47 INFO SparkContext: Added JAR file:///opt/***/jars/iceberg-spark-runtime-3.5_2.12-1.4.2.jar at spark://b40be2a595bb:41763/jars/iceberg-spark-runtime-3.5_2.12-1.4.2.jar with timestamp 1760355586746
[2025-10-13T11:39:47.023+0000] {spark_submit.py:491} INFO - 25/10/13 11:39:47 INFO SparkContext: Added JAR file:///opt/***/jars/aws-java-sdk-bundle-1.12.367.jar at spark://b40be2a595bb:41763/jars/aws-java-sdk-bundle-1.12.367.jar with timestamp 1760355586746
[2025-10-13T11:39:47.023+0000] {spark_submit.py:491} INFO - 25/10/13 11:39:47 INFO SparkContext: Added JAR file:///opt/***/jars/hadoop-aws-3.3.4.jar at spark://b40be2a595bb:41763/jars/hadoop-aws-3.3.4.jar with timestamp 1760355586746
[2025-10-13T11:39:47.046+0000] {spark_submit.py:491} INFO - 25/10/13 11:39:47 INFO Executor: Starting executor ID driver on host b40be2a595bb
[2025-10-13T11:39:47.047+0000] {spark_submit.py:491} INFO - 25/10/13 11:39:47 INFO Executor: OS info Linux, 6.10.14-linuxkit, aarch64
[2025-10-13T11:39:47.047+0000] {spark_submit.py:491} INFO - 25/10/13 11:39:47 INFO Executor: Java version 11.0.28
[2025-10-13T11:39:47.049+0000] {spark_submit.py:491} INFO - 25/10/13 11:39:47 INFO Executor: Starting executor with user classpath (userClassPathFirst = false): ''
[2025-10-13T11:39:47.049+0000] {spark_submit.py:491} INFO - 25/10/13 11:39:47 INFO Executor: Created or updated repl class loader org.apache.spark.util.MutableURLClassLoader@fcc8fb8 for default.
[2025-10-13T11:39:47.054+0000] {spark_submit.py:491} INFO - 25/10/13 11:39:47 INFO Executor: Fetching spark://b40be2a595bb:41763/jars/aws-java-sdk-bundle-1.12.367.jar with timestamp 1760355586746
[2025-10-13T11:39:47.077+0000] {spark_submit.py:491} INFO - 25/10/13 11:39:47 INFO TransportClientFactory: Successfully created connection to b40be2a595bb/172.18.0.3:41763 after 11 ms (0 ms spent in bootstraps)
[2025-10-13T11:39:47.079+0000] {spark_submit.py:491} INFO - 25/10/13 11:39:47 INFO Utils: Fetching spark://b40be2a595bb:41763/jars/aws-java-sdk-bundle-1.12.367.jar to /tmp/spark-4424ef84-e468-4ba2-aa44-1795ba403cfc/userFiles-792f36d4-ea7d-4827-b461-dfe43fa91cc7/fetchFileTemp9991663541208750154.tmp
[2025-10-13T11:39:47.446+0000] {spark_submit.py:491} INFO - 25/10/13 11:39:47 INFO Executor: Adding file:/tmp/spark-4424ef84-e468-4ba2-aa44-1795ba403cfc/userFiles-792f36d4-ea7d-4827-b461-dfe43fa91cc7/aws-java-sdk-bundle-1.12.367.jar to class loader default
[2025-10-13T11:39:47.447+0000] {spark_submit.py:491} INFO - 25/10/13 11:39:47 INFO Executor: Fetching spark://b40be2a595bb:41763/jars/hadoop-aws-3.3.4.jar with timestamp 1760355586746
[2025-10-13T11:39:47.448+0000] {spark_submit.py:491} INFO - 25/10/13 11:39:47 INFO Utils: Fetching spark://b40be2a595bb:41763/jars/hadoop-aws-3.3.4.jar to /tmp/spark-4424ef84-e468-4ba2-aa44-1795ba403cfc/userFiles-792f36d4-ea7d-4827-b461-dfe43fa91cc7/fetchFileTemp17368659608540642164.tmp
[2025-10-13T11:39:47.454+0000] {spark_submit.py:491} INFO - 25/10/13 11:39:47 INFO Executor: Adding file:/tmp/spark-4424ef84-e468-4ba2-aa44-1795ba403cfc/userFiles-792f36d4-ea7d-4827-b461-dfe43fa91cc7/hadoop-aws-3.3.4.jar to class loader default
[2025-10-13T11:39:47.455+0000] {spark_submit.py:491} INFO - 25/10/13 11:39:47 INFO Executor: Fetching spark://b40be2a595bb:41763/jars/iceberg-spark-runtime-3.5_2.12-1.4.2.jar with timestamp 1760355586746
[2025-10-13T11:39:47.455+0000] {spark_submit.py:491} INFO - 25/10/13 11:39:47 INFO Utils: Fetching spark://b40be2a595bb:41763/jars/iceberg-spark-runtime-3.5_2.12-1.4.2.jar to /tmp/spark-4424ef84-e468-4ba2-aa44-1795ba403cfc/userFiles-792f36d4-ea7d-4827-b461-dfe43fa91cc7/fetchFileTemp2336522906659660418.tmp
[2025-10-13T11:39:47.491+0000] {spark_submit.py:491} INFO - 25/10/13 11:39:47 INFO Executor: Adding file:/tmp/spark-4424ef84-e468-4ba2-aa44-1795ba403cfc/userFiles-792f36d4-ea7d-4827-b461-dfe43fa91cc7/iceberg-spark-runtime-3.5_2.12-1.4.2.jar to class loader default
[2025-10-13T11:39:47.501+0000] {spark_submit.py:491} INFO - 25/10/13 11:39:47 INFO Utils: Successfully started service 'org.apache.spark.network.netty.NettyBlockTransferService' on port 44941.
[2025-10-13T11:39:47.502+0000] {spark_submit.py:491} INFO - 25/10/13 11:39:47 INFO NettyBlockTransferService: Server created on b40be2a595bb:44941
[2025-10-13T11:39:47.502+0000] {spark_submit.py:491} INFO - 25/10/13 11:39:47 INFO BlockManager: Using org.apache.spark.storage.RandomBlockReplicationPolicy for block replication policy
[2025-10-13T11:39:47.504+0000] {spark_submit.py:491} INFO - 25/10/13 11:39:47 INFO BlockManagerMaster: Registering BlockManager BlockManagerId(driver, b40be2a595bb, 44941, None)
[2025-10-13T11:39:47.506+0000] {spark_submit.py:491} INFO - 25/10/13 11:39:47 INFO BlockManagerMasterEndpoint: Registering block manager b40be2a595bb:44941 with 434.4 MiB RAM, BlockManagerId(driver, b40be2a595bb, 44941, None)
[2025-10-13T11:39:47.507+0000] {spark_submit.py:491} INFO - 25/10/13 11:39:47 INFO BlockManagerMaster: Registered BlockManager BlockManagerId(driver, b40be2a595bb, 44941, None)
[2025-10-13T11:39:47.509+0000] {spark_submit.py:491} INFO - 25/10/13 11:39:47 INFO BlockManager: Initialized BlockManager: BlockManagerId(driver, b40be2a595bb, 44941, None)
[2025-10-13T11:39:48.639+0000] {spark_submit.py:491} INFO - 25/10/13 11:39:48 WARN MetricsConfig: Cannot locate configuration: tried hadoop-metrics2-s3a-file-system.properties,hadoop-metrics2.properties
[2025-10-13T11:39:49.191+0000] {spark_submit.py:491} INFO - Created/verified weather table
[2025-10-13T11:39:49.192+0000] {spark_submit.py:491} INFO - Reading weather data from: /opt/***/data/weather/weather_data_20251008_06.json
[2025-10-13T11:39:49.298+0000] {spark_submit.py:491} INFO - Error in weather ETL job: [CANNOT_ACCEPT_OBJECT_IN_TYPE] `DoubleType()` can not accept object `0` in type `int`.
[2025-10-13T11:39:49.607+0000] {spark_submit.py:491} INFO - Traceback (most recent call last):
[2025-10-13T11:39:49.607+0000] {spark_submit.py:491} INFO - File "/opt/***/dags/spark_jobs/weather_to_iceberg.py", line 194, in <module>
[2025-10-13T11:39:49.608+0000] {spark_submit.py:491} INFO - main()
[2025-10-13T11:39:49.608+0000] {spark_submit.py:491} INFO - File "/opt/***/dags/spark_jobs/weather_to_iceberg.py", line 183, in main
[2025-10-13T11:39:49.608+0000] {spark_submit.py:491} INFO - process_weather_data(spark, input_path)
[2025-10-13T11:39:49.608+0000] {spark_submit.py:491} INFO - File "/opt/***/dags/spark_jobs/weather_to_iceberg.py", line 127, in process_weather_data
[2025-10-13T11:39:49.609+0000] {spark_submit.py:491} INFO - df = spark.createDataFrame(weather_data, schema=weather_schema)
[2025-10-13T11:39:49.609+0000] {spark_submit.py:491} INFO - File "/opt/bitnami/spark/python/lib/pyspark.zip/pyspark/sql/session.py", line 1443, in createDataFrame
[2025-10-13T11:39:49.609+0000] {spark_submit.py:491} INFO - File "/opt/bitnami/spark/python/lib/pyspark.zip/pyspark/sql/session.py", line 1485, in _create_dataframe
[2025-10-13T11:39:49.609+0000] {spark_submit.py:491} INFO - File "/opt/bitnami/spark/python/lib/pyspark.zip/pyspark/sql/session.py", line 1090, in _createFromLocal
[2025-10-13T11:39:49.609+0000] {spark_submit.py:491} INFO - File "/opt/bitnami/spark/python/lib/pyspark.zip/pyspark/sql/session.py", line 1459, in prepare
[2025-10-13T11:39:49.610+0000] {spark_submit.py:491} INFO - File "/opt/bitnami/spark/python/lib/pyspark.zip/pyspark/sql/types.py", line 2187, in verify
[2025-10-13T11:39:49.610+0000] {spark_submit.py:491} INFO - File "/opt/bitnami/spark/python/lib/pyspark.zip/pyspark/sql/types.py", line 2147, in verify_struct
[2025-10-13T11:39:49.610+0000] {spark_submit.py:491} INFO - File "/opt/bitnami/spark/python/lib/pyspark.zip/pyspark/sql/types.py", line 2187, in verify
[2025-10-13T11:39:49.610+0000] {spark_submit.py:491} INFO - File "/opt/bitnami/spark/python/lib/pyspark.zip/pyspark/sql/types.py", line 2181, in verify_default
[2025-10-13T11:39:49.610+0000] {spark_submit.py:491} INFO - File "/opt/bitnami/spark/python/lib/pyspark.zip/pyspark/sql/types.py", line 2006, in verify_acceptable_types
[2025-10-13T11:39:49.610+0000] {spark_submit.py:491} INFO - pyspark.errors.exceptions.base.PySparkTypeError: [CANNOT_ACCEPT_OBJECT_IN_TYPE] `DoubleType()` can not accept object `0` in type `int`.
[2025-10-13T11:39:49.730+0000] {taskinstance.py:1935} ERROR - Task failed with exception
Traceback (most recent call last):
  File "/home/airflow/.local/lib/python3.8/site-packages/airflow/providers/apache/spark/operators/spark_submit.py", line 156, in execute
    self._hook.submit(self._application)
  File "/home/airflow/.local/lib/python3.8/site-packages/airflow/providers/apache/spark/hooks/spark_submit.py", line 422, in submit
    raise AirflowException(
airflow.exceptions.AirflowException: Cannot execute: /opt/bitnami/spark/bin/spark-submit --master spark://spark-master:7077 --conf spark.master=spark://spark-master:7077 --conf spark.sql.catalog.spark_catalog=org.apache.iceberg.spark.SparkSessionCatalog --conf spark.sql.catalog.spark_catalog.type=hive --conf spark.sql.catalog.iceberg=org.apache.iceberg.spark.SparkCatalog --conf spark.sql.catalog.iceberg.type=hadoop --conf spark.sql.catalog.iceberg.warehouse=s3a://lakehouse/warehouse --conf spark.sql.extensions=org.apache.iceberg.spark.extensions.IcebergSparkSessionExtensions --conf spark.hadoop.fs.s3a.endpoint=http://minio:9000 --conf spark.hadoop.fs.s3a.access.key=admin --conf spark.hadoop.fs.s3a.secret.key=****** --conf spark.hadoop.fs.s3a.path.style.access=true --conf spark.hadoop.fs.s3a.impl=org.apache.hadoop.fs.s3a.S3AFileSystem --jars /opt/***/jars/iceberg-spark-runtime-3.5_2.12-1.4.2.jar,/opt/***/jars/aws-java-sdk-bundle-1.12.367.jar,/opt/***/jars/hadoop-aws-3.3.4.jar --name arrow-spark --queue default /opt/***/dags/spark_jobs/weather_to_iceberg.py /opt/***/data/weather/weather_data_20251008_06.json. Error code is: 1.
[2025-10-13T11:39:49.731+0000] {taskinstance.py:1398} INFO - Marking task as FAILED. dag_id=nyc_weather_etl, task_id=spark_process_weather_to_iceberg, execution_date=20251013T090923, start_date=20251013T113945, end_date=20251013T113949
[2025-10-13T11:39:49.736+0000] {standard_task_runner.py:104} ERROR - Failed to execute job 567 for task spark_process_weather_to_iceberg (Cannot execute: /opt/bitnami/spark/bin/spark-submit --master spark://spark-master:7077 --conf spark.master=spark://spark-master:7077 --conf spark.sql.catalog.spark_catalog=org.apache.iceberg.spark.SparkSessionCatalog --conf spark.sql.catalog.spark_catalog.type=hive --conf spark.sql.catalog.iceberg=org.apache.iceberg.spark.SparkCatalog --conf spark.sql.catalog.iceberg.type=hadoop --conf spark.sql.catalog.iceberg.warehouse=s3a://lakehouse/warehouse --conf spark.sql.extensions=org.apache.iceberg.spark.extensions.IcebergSparkSessionExtensions --conf spark.hadoop.fs.s3a.endpoint=http://minio:9000 --conf spark.hadoop.fs.s3a.access.key=admin --conf spark.hadoop.fs.s3a.secret.key=****** --conf spark.hadoop.fs.s3a.path.style.access=true --conf spark.hadoop.fs.s3a.impl=org.apache.hadoop.fs.s3a.S3AFileSystem --jars /opt/***/jars/iceberg-spark-runtime-3.5_2.12-1.4.2.jar,/opt/***/jars/aws-java-sdk-bundle-1.12.367.jar,/opt/***/jars/hadoop-aws-3.3.4.jar --name arrow-spark --queue default /opt/***/dags/spark_jobs/weather_to_iceberg.py /opt/***/data/weather/weather_data_20251008_06.json. Error code is: 1.; 28134)
[2025-10-13T11:39:49.778+0000] {local_task_job_runner.py:228} INFO - Task exited with return code 1
[2025-10-13T11:39:49.787+0000] {taskinstance.py:2776} INFO - 0 downstream tasks scheduled from follow-on schedule check
