[2025-11-03T02:54:16.747+0000] {taskinstance.py:1157} INFO - Dependencies all met for dep_context=non-requeueable deps ti=<TaskInstance: nyc_weather_etl.spark_process_weather_to_iceberg manual__2025-11-03T02:54:14.063694+00:00 [queued]>
[2025-11-03T02:54:16.751+0000] {taskinstance.py:1157} INFO - Dependencies all met for dep_context=requeueable deps ti=<TaskInstance: nyc_weather_etl.spark_process_weather_to_iceberg manual__2025-11-03T02:54:14.063694+00:00 [queued]>
[2025-11-03T02:54:16.752+0000] {taskinstance.py:1359} INFO - Starting attempt 1 of 1
[2025-11-03T02:54:16.757+0000] {taskinstance.py:1380} INFO - Executing <Task(SparkSubmitOperator): spark_process_weather_to_iceberg> on 2025-11-03 02:54:14.063694+00:00
[2025-11-03T02:54:16.760+0000] {standard_task_runner.py:57} INFO - Started process 2167 to run task
[2025-11-03T02:54:16.761+0000] {standard_task_runner.py:84} INFO - Running: ['***', 'tasks', 'run', 'nyc_weather_etl', 'spark_process_weather_to_iceberg', 'manual__2025-11-03T02:54:14.063694+00:00', '--job-id', '64', '--raw', '--subdir', 'DAGS_FOLDER/nyc_weather_etl.py', '--cfg-path', '/tmp/tmptolnlnj2']
[2025-11-03T02:54:16.763+0000] {standard_task_runner.py:85} INFO - Job 64: Subtask spark_process_weather_to_iceberg
[2025-11-03T02:54:16.784+0000] {task_command.py:415} INFO - Running <TaskInstance: nyc_weather_etl.spark_process_weather_to_iceberg manual__2025-11-03T02:54:14.063694+00:00 [running]> on host ec57452a9f33
[2025-11-03T02:54:16.920+0000] {taskinstance.py:1660} INFO - Exporting env vars: AIRFLOW_CTX_DAG_OWNER='data-engineering' AIRFLOW_CTX_DAG_ID='nyc_weather_etl' AIRFLOW_CTX_TASK_ID='spark_process_weather_to_iceberg' AIRFLOW_CTX_EXECUTION_DATE='2025-11-03T02:54:14.063694+00:00' AIRFLOW_CTX_TRY_NUMBER='1' AIRFLOW_CTX_DAG_RUN_ID='manual__2025-11-03T02:54:14.063694+00:00'
[2025-11-03T02:54:16.921+0000] {base.py:73} INFO - Using connection ID 'spark_default' for task execution.
[2025-11-03T02:54:16.922+0000] {spark_submit.py:340} INFO - Spark-Submit cmd: /opt/bitnami/spark/bin/spark-submit --master spark-master:7077 --conf spark.master=spark://spark-master:7077 --conf spark.sql.catalog.spark_catalog=org.apache.iceberg.spark.SparkSessionCatalog --conf spark.sql.catalog.spark_catalog.type=hive --conf spark.sql.catalog.iceberg=org.apache.iceberg.spark.SparkCatalog --conf spark.sql.catalog.iceberg.type=hadoop --conf spark.sql.catalog.iceberg.warehouse=s3a://lakehouse/warehouse --conf spark.sql.extensions=org.apache.iceberg.spark.extensions.IcebergSparkSessionExtensions --conf spark.hadoop.fs.s3a.endpoint=http://minio:9000 --conf spark.hadoop.fs.s3a.access.key=admin --conf spark.hadoop.fs.s3a.secret.key=****** --conf spark.hadoop.fs.s3a.path.style.access=true --conf spark.hadoop.fs.s3a.impl=org.apache.hadoop.fs.s3a.S3AFileSystem --jars /opt/***/jars/iceberg-spark-runtime-3.5_2.12-1.4.2.jar,/opt/***/jars/aws-java-sdk-bundle-1.12.367.jar,/opt/***/jars/hadoop-aws-3.3.4.jar --name arrow-spark /opt/***/dags/spark_jobs/weather_to_iceberg.py /opt/***/data/weather/weather_data_20251103_02.json
[2025-11-03T02:54:17.719+0000] {spark_submit.py:491} INFO - 25/11/03 02:54:17 WARN NativeCodeLoader: Unable to load native-hadoop library for your platform... using builtin-java classes where applicable
[2025-11-03T02:54:18.371+0000] {spark_submit.py:491} INFO - 25/11/03 02:54:18 INFO SparkContext: Running Spark version 3.5.1
[2025-11-03T02:54:18.371+0000] {spark_submit.py:491} INFO - 25/11/03 02:54:18 INFO SparkContext: OS info Linux, 6.10.14-linuxkit, aarch64
[2025-11-03T02:54:18.371+0000] {spark_submit.py:491} INFO - 25/11/03 02:54:18 INFO SparkContext: Java version 11.0.28
[2025-11-03T02:54:18.385+0000] {spark_submit.py:491} INFO - 25/11/03 02:54:18 INFO ResourceUtils: ==============================================================
[2025-11-03T02:54:18.385+0000] {spark_submit.py:491} INFO - 25/11/03 02:54:18 INFO ResourceUtils: No custom resources configured for spark.driver.
[2025-11-03T02:54:18.385+0000] {spark_submit.py:491} INFO - 25/11/03 02:54:18 INFO ResourceUtils: ==============================================================
[2025-11-03T02:54:18.385+0000] {spark_submit.py:491} INFO - 25/11/03 02:54:18 INFO SparkContext: Submitted application: Weather to Iceberg ETL
[2025-11-03T02:54:18.393+0000] {spark_submit.py:491} INFO - 25/11/03 02:54:18 INFO ResourceProfile: Default ResourceProfile created, executor resources: Map(cores -> name: cores, amount: 1, script: , vendor: , memory -> name: memory, amount: 1024, script: , vendor: , offHeap -> name: offHeap, amount: 0, script: , vendor: ), task resources: Map(cpus -> name: cpus, amount: 1.0)
[2025-11-03T02:54:18.397+0000] {spark_submit.py:491} INFO - 25/11/03 02:54:18 INFO ResourceProfile: Limiting resource is cpu
[2025-11-03T02:54:18.397+0000] {spark_submit.py:491} INFO - 25/11/03 02:54:18 INFO ResourceProfileManager: Added ResourceProfile id: 0
[2025-11-03T02:54:18.431+0000] {spark_submit.py:491} INFO - 25/11/03 02:54:18 INFO SecurityManager: Changing view acls to: ***
[2025-11-03T02:54:18.431+0000] {spark_submit.py:491} INFO - 25/11/03 02:54:18 INFO SecurityManager: Changing modify acls to: ***
[2025-11-03T02:54:18.431+0000] {spark_submit.py:491} INFO - 25/11/03 02:54:18 INFO SecurityManager: Changing view acls groups to:
[2025-11-03T02:54:18.431+0000] {spark_submit.py:491} INFO - 25/11/03 02:54:18 INFO SecurityManager: Changing modify acls groups to:
[2025-11-03T02:54:18.432+0000] {spark_submit.py:491} INFO - 25/11/03 02:54:18 INFO SecurityManager: SecurityManager: authentication disabled; ui acls disabled; users with view permissions: ***; groups with view permissions: EMPTY; users with modify permissions: ***; groups with modify permissions: EMPTY
[2025-11-03T02:54:18.529+0000] {spark_submit.py:491} INFO - 25/11/03 02:54:18 INFO Utils: Successfully started service 'sparkDriver' on port 33901.
[2025-11-03T02:54:18.541+0000] {spark_submit.py:491} INFO - 25/11/03 02:54:18 INFO SparkEnv: Registering MapOutputTracker
[2025-11-03T02:54:18.555+0000] {spark_submit.py:491} INFO - 25/11/03 02:54:18 INFO SparkEnv: Registering BlockManagerMaster
[2025-11-03T02:54:18.567+0000] {spark_submit.py:491} INFO - 25/11/03 02:54:18 INFO BlockManagerMasterEndpoint: Using org.apache.spark.storage.DefaultTopologyMapper for getting topology information
[2025-11-03T02:54:18.568+0000] {spark_submit.py:491} INFO - 25/11/03 02:54:18 INFO BlockManagerMasterEndpoint: BlockManagerMasterEndpoint up
[2025-11-03T02:54:18.570+0000] {spark_submit.py:491} INFO - 25/11/03 02:54:18 INFO SparkEnv: Registering BlockManagerMasterHeartbeat
[2025-11-03T02:54:18.581+0000] {spark_submit.py:491} INFO - 25/11/03 02:54:18 INFO DiskBlockManager: Created local directory at /tmp/blockmgr-71efaed9-4e4d-4e51-b973-6132b2967305
[2025-11-03T02:54:18.588+0000] {spark_submit.py:491} INFO - 25/11/03 02:54:18 INFO MemoryStore: MemoryStore started with capacity 434.4 MiB
[2025-11-03T02:54:18.596+0000] {spark_submit.py:491} INFO - 25/11/03 02:54:18 INFO SparkEnv: Registering OutputCommitCoordinator
[2025-11-03T02:54:18.656+0000] {spark_submit.py:491} INFO - 25/11/03 02:54:18 INFO JettyUtils: Start Jetty 0.0.0.0:4040 for SparkUI
[2025-11-03T02:54:18.684+0000] {spark_submit.py:491} INFO - 25/11/03 02:54:18 WARN Utils: Service 'SparkUI' could not bind on port 4040. Attempting port 4041.
[2025-11-03T02:54:18.689+0000] {spark_submit.py:491} INFO - 25/11/03 02:54:18 INFO Utils: Successfully started service 'SparkUI' on port 4041.
[2025-11-03T02:54:18.707+0000] {spark_submit.py:491} INFO - 25/11/03 02:54:18 INFO SparkContext: Added JAR file:///opt/***/jars/iceberg-spark-runtime-3.5_2.12-1.4.2.jar at spark://ec57452a9f33:33901/jars/iceberg-spark-runtime-3.5_2.12-1.4.2.jar with timestamp 1762138458366
[2025-11-03T02:54:18.708+0000] {spark_submit.py:491} INFO - 25/11/03 02:54:18 INFO SparkContext: Added JAR file:///opt/***/jars/aws-java-sdk-bundle-1.12.367.jar at spark://ec57452a9f33:33901/jars/aws-java-sdk-bundle-1.12.367.jar with timestamp 1762138458366
[2025-11-03T02:54:18.708+0000] {spark_submit.py:491} INFO - 25/11/03 02:54:18 INFO SparkContext: Added JAR file:///opt/***/jars/hadoop-aws-3.3.4.jar at spark://ec57452a9f33:33901/jars/hadoop-aws-3.3.4.jar with timestamp 1762138458366
[2025-11-03T02:54:18.746+0000] {spark_submit.py:491} INFO - 25/11/03 02:54:18 INFO Executor: Starting executor ID driver on host ec57452a9f33
[2025-11-03T02:54:18.747+0000] {spark_submit.py:491} INFO - 25/11/03 02:54:18 INFO Executor: OS info Linux, 6.10.14-linuxkit, aarch64
[2025-11-03T02:54:18.748+0000] {spark_submit.py:491} INFO - 25/11/03 02:54:18 INFO Executor: Java version 11.0.28
[2025-11-03T02:54:18.750+0000] {spark_submit.py:491} INFO - 25/11/03 02:54:18 INFO Executor: Starting executor with user classpath (userClassPathFirst = false): ''
[2025-11-03T02:54:18.750+0000] {spark_submit.py:491} INFO - 25/11/03 02:54:18 INFO Executor: Created or updated repl class loader org.apache.spark.util.MutableURLClassLoader@867531c for default.
[2025-11-03T02:54:18.757+0000] {spark_submit.py:491} INFO - 25/11/03 02:54:18 INFO Executor: Fetching spark://ec57452a9f33:33901/jars/aws-java-sdk-bundle-1.12.367.jar with timestamp 1762138458366
[2025-11-03T02:54:18.792+0000] {spark_submit.py:491} INFO - 25/11/03 02:54:18 INFO TransportClientFactory: Successfully created connection to ec57452a9f33/172.18.0.4:33901 after 14 ms (0 ms spent in bootstraps)
[2025-11-03T02:54:18.797+0000] {spark_submit.py:491} INFO - 25/11/03 02:54:18 INFO Utils: Fetching spark://ec57452a9f33:33901/jars/aws-java-sdk-bundle-1.12.367.jar to /tmp/spark-d2937be7-6248-436b-ae13-b6a68e52f23b/userFiles-b3bf0db2-8b88-4c51-9236-d14d0a2b7bbd/fetchFileTemp11606514611734078963.tmp
[2025-11-03T02:54:19.231+0000] {spark_submit.py:491} INFO - 25/11/03 02:54:19 INFO Executor: Adding file:/tmp/spark-d2937be7-6248-436b-ae13-b6a68e52f23b/userFiles-b3bf0db2-8b88-4c51-9236-d14d0a2b7bbd/aws-java-sdk-bundle-1.12.367.jar to class loader default
[2025-11-03T02:54:19.233+0000] {spark_submit.py:491} INFO - 25/11/03 02:54:19 INFO Executor: Fetching spark://ec57452a9f33:33901/jars/iceberg-spark-runtime-3.5_2.12-1.4.2.jar with timestamp 1762138458366
[2025-11-03T02:54:19.235+0000] {spark_submit.py:491} INFO - 25/11/03 02:54:19 INFO Utils: Fetching spark://ec57452a9f33:33901/jars/iceberg-spark-runtime-3.5_2.12-1.4.2.jar to /tmp/spark-d2937be7-6248-436b-ae13-b6a68e52f23b/userFiles-b3bf0db2-8b88-4c51-9236-d14d0a2b7bbd/fetchFileTemp13283976407507986932.tmp
[2025-11-03T02:54:19.344+0000] {spark_submit.py:491} INFO - 25/11/03 02:54:19 INFO Executor: Adding file:/tmp/spark-d2937be7-6248-436b-ae13-b6a68e52f23b/userFiles-b3bf0db2-8b88-4c51-9236-d14d0a2b7bbd/iceberg-spark-runtime-3.5_2.12-1.4.2.jar to class loader default
[2025-11-03T02:54:19.345+0000] {spark_submit.py:491} INFO - 25/11/03 02:54:19 INFO Executor: Fetching spark://ec57452a9f33:33901/jars/hadoop-aws-3.3.4.jar with timestamp 1762138458366
[2025-11-03T02:54:19.345+0000] {spark_submit.py:491} INFO - 25/11/03 02:54:19 INFO Utils: Fetching spark://ec57452a9f33:33901/jars/hadoop-aws-3.3.4.jar to /tmp/spark-d2937be7-6248-436b-ae13-b6a68e52f23b/userFiles-b3bf0db2-8b88-4c51-9236-d14d0a2b7bbd/fetchFileTemp13536784031796354468.tmp
[2025-11-03T02:54:19.348+0000] {spark_submit.py:491} INFO - 25/11/03 02:54:19 INFO Executor: Adding file:/tmp/spark-d2937be7-6248-436b-ae13-b6a68e52f23b/userFiles-b3bf0db2-8b88-4c51-9236-d14d0a2b7bbd/hadoop-aws-3.3.4.jar to class loader default
[2025-11-03T02:54:19.355+0000] {spark_submit.py:491} INFO - 25/11/03 02:54:19 INFO Utils: Successfully started service 'org.apache.spark.network.netty.NettyBlockTransferService' on port 33571.
[2025-11-03T02:54:19.356+0000] {spark_submit.py:491} INFO - 25/11/03 02:54:19 INFO NettyBlockTransferService: Server created on ec57452a9f33:33571
[2025-11-03T02:54:19.357+0000] {spark_submit.py:491} INFO - 25/11/03 02:54:19 INFO BlockManager: Using org.apache.spark.storage.RandomBlockReplicationPolicy for block replication policy
[2025-11-03T02:54:19.359+0000] {spark_submit.py:491} INFO - 25/11/03 02:54:19 INFO BlockManagerMaster: Registering BlockManager BlockManagerId(driver, ec57452a9f33, 33571, None)
[2025-11-03T02:54:19.361+0000] {spark_submit.py:491} INFO - 25/11/03 02:54:19 INFO BlockManagerMasterEndpoint: Registering block manager ec57452a9f33:33571 with 434.4 MiB RAM, BlockManagerId(driver, ec57452a9f33, 33571, None)
[2025-11-03T02:54:19.362+0000] {spark_submit.py:491} INFO - 25/11/03 02:54:19 INFO BlockManagerMaster: Registered BlockManager BlockManagerId(driver, ec57452a9f33, 33571, None)
[2025-11-03T02:54:19.362+0000] {spark_submit.py:491} INFO - 25/11/03 02:54:19 INFO BlockManager: Initialized BlockManager: BlockManagerId(driver, ec57452a9f33, 33571, None)
[2025-11-03T02:54:20.723+0000] {spark_submit.py:491} INFO - 25/11/03 02:54:20 WARN MetricsConfig: Cannot locate configuration: tried hadoop-metrics2-s3a-file-system.properties,hadoop-metrics2.properties
[2025-11-03T02:54:21.354+0000] {spark_submit.py:491} INFO - Created/verified weather table
[2025-11-03T02:54:21.354+0000] {spark_submit.py:491} INFO - Reading weather data from: /opt/***/data/weather/weather_data_20251103_02.json
[2025-11-03T02:54:22.766+0000] {spark_submit.py:491} INFO - Raw weather data count: 24
[2025-11-03T02:54:22.767+0000] {spark_submit.py:491} INFO - root
[2025-11-03T02:54:22.767+0000] {spark_submit.py:491} INFO - |-- timestamp: string (nullable = true)
[2025-11-03T02:54:22.768+0000] {spark_submit.py:491} INFO - |-- location: string (nullable = true)
[2025-11-03T02:54:22.769+0000] {spark_submit.py:491} INFO - |-- latitude: double (nullable = true)
[2025-11-03T02:54:22.770+0000] {spark_submit.py:491} INFO - |-- longitude: double (nullable = true)
[2025-11-03T02:54:22.770+0000] {spark_submit.py:491} INFO - |-- temperature_celsius: double (nullable = true)
[2025-11-03T02:54:22.770+0000] {spark_submit.py:491} INFO - |-- temperature_fahrenheit: double (nullable = true)
[2025-11-03T02:54:22.770+0000] {spark_submit.py:491} INFO - |-- humidity_percent: double (nullable = true)
[2025-11-03T02:54:22.770+0000] {spark_submit.py:491} INFO - |-- pressure_hpa: double (nullable = true)
[2025-11-03T02:54:22.770+0000] {spark_submit.py:491} INFO - |-- wind_speed_kmh: double (nullable = true)
[2025-11-03T02:54:22.771+0000] {spark_submit.py:491} INFO - |-- weather_condition: string (nullable = true)
[2025-11-03T02:54:22.771+0000] {spark_submit.py:491} INFO - |-- visibility_km: double (nullable = true)
[2025-11-03T02:54:22.771+0000] {spark_submit.py:491} INFO - |-- uv_index: double (nullable = true)
[2025-11-03T02:54:22.771+0000] {spark_submit.py:491} INFO - |-- hour: integer (nullable = true)
[2025-11-03T02:54:22.771+0000] {spark_submit.py:491} INFO - |-- day_of_week: integer (nullable = true)
[2025-11-03T02:54:22.771+0000] {spark_submit.py:491} INFO - |-- is_weekend: boolean (nullable = true)
[2025-11-03T02:54:22.771+0000] {spark_submit.py:491} INFO - 
[2025-11-03T02:54:23.043+0000] {spark_submit.py:491} INFO - Processed weather data count: 24
[2025-11-03T02:54:24.189+0000] {spark_submit.py:491} INFO - Successfully wrote weather data to Iceberg table
[2025-11-03T02:54:25.616+0000] {spark_submit.py:491} INFO - +------------+------------------+-----------------+-----------------+--------------------+
[2025-11-03T02:54:25.616+0000] {spark_submit.py:491} INFO - |weather_date|        avg_temp_c|     avg_humidity|   avg_wind_speed|          conditions|
[2025-11-03T02:54:25.616+0000] {spark_submit.py:491} INFO - +------------+------------------+-----------------+-----------------+--------------------+
[2025-11-03T02:54:25.617+0000] {spark_submit.py:491} INFO - |  2025-11-03|             20.07|65.93333333333334|6.488888888888889|[clear, snow, rai...|
[2025-11-03T02:54:25.617+0000] {spark_submit.py:491} INFO - |  2025-11-02|17.723650793650798|62.99999999999999|8.226984126984126|[clear, snow, rai...|
[2025-11-03T02:54:25.617+0000] {spark_submit.py:491} INFO - +------------+------------------+-----------------+-----------------+--------------------+
[2025-11-03T02:54:25.617+0000] {spark_submit.py:491} INFO - 
[2025-11-03T02:54:25.617+0000] {spark_submit.py:491} INFO - Weather ETL job completed successfully!
[2025-11-03T02:54:26.427+0000] {taskinstance.py:1398} INFO - Marking task as SUCCESS. dag_id=nyc_weather_etl, task_id=spark_process_weather_to_iceberg, execution_date=20251103T025414, start_date=20251103T025416, end_date=20251103T025426
[2025-11-03T02:54:26.438+0000] {local_task_job_runner.py:228} INFO - Task exited with return code 0
[2025-11-03T02:54:26.446+0000] {taskinstance.py:2776} INFO - 0 downstream tasks scheduled from follow-on schedule check
