[2025-10-28T13:07:52.388+0000] {taskinstance.py:1157} INFO - Dependencies all met for dep_context=non-requeueable deps ti=<TaskInstance: nyc_weather_etl.spark_process_location_to_iceberg manual__2025-10-28T13:07:37.074751+00:00 [queued]>
[2025-10-28T13:07:52.392+0000] {taskinstance.py:1157} INFO - Dependencies all met for dep_context=requeueable deps ti=<TaskInstance: nyc_weather_etl.spark_process_location_to_iceberg manual__2025-10-28T13:07:37.074751+00:00 [queued]>
[2025-10-28T13:07:52.392+0000] {taskinstance.py:1359} INFO - Starting attempt 1 of 1
[2025-10-28T13:07:52.461+0000] {taskinstance.py:1380} INFO - Executing <Task(SparkSubmitOperator): spark_process_location_to_iceberg> on 2025-10-28 13:07:37.074751+00:00
[2025-10-28T13:07:52.466+0000] {standard_task_runner.py:57} INFO - Started process 846 to run task
[2025-10-28T13:07:52.468+0000] {standard_task_runner.py:84} INFO - Running: ['***', 'tasks', 'run', 'nyc_weather_etl', 'spark_process_location_to_iceberg', 'manual__2025-10-28T13:07:37.074751+00:00', '--job-id', '11', '--raw', '--subdir', 'DAGS_FOLDER/nyc_weather_etl.py', '--cfg-path', '/tmp/tmphxth68qa']
[2025-10-28T13:07:52.470+0000] {standard_task_runner.py:85} INFO - Job 11: Subtask spark_process_location_to_iceberg
[2025-10-28T13:07:52.490+0000] {task_command.py:415} INFO - Running <TaskInstance: nyc_weather_etl.spark_process_location_to_iceberg manual__2025-10-28T13:07:37.074751+00:00 [running]> on host c6c4842a6e7c
[2025-10-28T13:07:52.524+0000] {taskinstance.py:1660} INFO - Exporting env vars: AIRFLOW_CTX_DAG_OWNER='data-engineering' AIRFLOW_CTX_DAG_ID='nyc_weather_etl' AIRFLOW_CTX_TASK_ID='spark_process_location_to_iceberg' AIRFLOW_CTX_EXECUTION_DATE='2025-10-28T13:07:37.074751+00:00' AIRFLOW_CTX_TRY_NUMBER='1' AIRFLOW_CTX_DAG_RUN_ID='manual__2025-10-28T13:07:37.074751+00:00'
[2025-10-28T13:07:52.525+0000] {base.py:73} INFO - Using connection ID 'spark_default' for task execution.
[2025-10-28T13:07:52.526+0000] {spark_submit.py:340} INFO - Spark-Submit cmd: /opt/bitnami/spark/bin/spark-submit --master spark-master:7077 --conf spark.master=spark://spark-master:7077 --conf spark.sql.catalog.spark_catalog=org.apache.iceberg.spark.SparkSessionCatalog --conf spark.sql.catalog.spark_catalog.type=hive --conf spark.sql.catalog.iceberg=org.apache.iceberg.spark.SparkCatalog --conf spark.sql.catalog.iceberg.type=hadoop --conf spark.sql.catalog.iceberg.warehouse=s3a://lakehouse/warehouse --conf spark.sql.extensions=org.apache.iceberg.spark.extensions.IcebergSparkSessionExtensions --conf spark.hadoop.fs.s3a.endpoint=http://minio:9000 --conf spark.hadoop.fs.s3a.access.key=admin --conf spark.hadoop.fs.s3a.secret.key=****** --conf spark.hadoop.fs.s3a.path.style.access=true --conf spark.hadoop.fs.s3a.impl=org.apache.hadoop.fs.s3a.S3AFileSystem --jars /opt/***/jars/iceberg-spark-runtime-3.5_2.12-1.4.2.jar,/opt/***/jars/aws-java-sdk-bundle-1.12.367.jar,/opt/***/jars/hadoop-aws-3.3.4.jar --name arrow-spark /opt/***/dags/spark_jobs/location_to_iceberg.py /opt/***/data/locations/nyc_taxi_zones.json
[2025-10-28T13:07:53.448+0000] {spark_submit.py:491} INFO - 25/10/28 13:07:53 WARN NativeCodeLoader: Unable to load native-hadoop library for your platform... using builtin-java classes where applicable
[2025-10-28T13:07:54.033+0000] {spark_submit.py:491} INFO - 25/10/28 13:07:54 INFO SparkContext: Running Spark version 3.5.1
[2025-10-28T13:07:54.036+0000] {spark_submit.py:491} INFO - 25/10/28 13:07:54 INFO SparkContext: OS info Linux, 6.10.14-linuxkit, aarch64
[2025-10-28T13:07:54.038+0000] {spark_submit.py:491} INFO - 25/10/28 13:07:54 INFO SparkContext: Java version 11.0.28
[2025-10-28T13:07:54.047+0000] {spark_submit.py:491} INFO - 25/10/28 13:07:54 INFO ResourceUtils: ==============================================================
[2025-10-28T13:07:54.047+0000] {spark_submit.py:491} INFO - 25/10/28 13:07:54 INFO ResourceUtils: No custom resources configured for spark.driver.
[2025-10-28T13:07:54.049+0000] {spark_submit.py:491} INFO - 25/10/28 13:07:54 INFO ResourceUtils: ==============================================================
[2025-10-28T13:07:54.049+0000] {spark_submit.py:491} INFO - 25/10/28 13:07:54 INFO SparkContext: Submitted application: Location to Iceberg ETL
[2025-10-28T13:07:54.062+0000] {spark_submit.py:491} INFO - 25/10/28 13:07:54 INFO ResourceProfile: Default ResourceProfile created, executor resources: Map(cores -> name: cores, amount: 1, script: , vendor: , memory -> name: memory, amount: 1024, script: , vendor: , offHeap -> name: offHeap, amount: 0, script: , vendor: ), task resources: Map(cpus -> name: cpus, amount: 1.0)
[2025-10-28T13:07:54.068+0000] {spark_submit.py:491} INFO - 25/10/28 13:07:54 INFO ResourceProfile: Limiting resource is cpu
[2025-10-28T13:07:54.069+0000] {spark_submit.py:491} INFO - 25/10/28 13:07:54 INFO ResourceProfileManager: Added ResourceProfile id: 0
[2025-10-28T13:07:54.116+0000] {spark_submit.py:491} INFO - 25/10/28 13:07:54 INFO SecurityManager: Changing view acls to: ***
[2025-10-28T13:07:54.118+0000] {spark_submit.py:491} INFO - 25/10/28 13:07:54 INFO SecurityManager: Changing modify acls to: ***
[2025-10-28T13:07:54.118+0000] {spark_submit.py:491} INFO - 25/10/28 13:07:54 INFO SecurityManager: Changing view acls groups to:
[2025-10-28T13:07:54.118+0000] {spark_submit.py:491} INFO - 25/10/28 13:07:54 INFO SecurityManager: Changing modify acls groups to:
[2025-10-28T13:07:54.118+0000] {spark_submit.py:491} INFO - 25/10/28 13:07:54 INFO SecurityManager: SecurityManager: authentication disabled; ui acls disabled; users with view permissions: ***; groups with view permissions: EMPTY; users with modify permissions: ***; groups with modify permissions: EMPTY
[2025-10-28T13:07:54.266+0000] {spark_submit.py:491} INFO - 25/10/28 13:07:54 INFO Utils: Successfully started service 'sparkDriver' on port 33045.
[2025-10-28T13:07:54.285+0000] {spark_submit.py:491} INFO - 25/10/28 13:07:54 INFO SparkEnv: Registering MapOutputTracker
[2025-10-28T13:07:54.303+0000] {spark_submit.py:491} INFO - 25/10/28 13:07:54 INFO SparkEnv: Registering BlockManagerMaster
[2025-10-28T13:07:54.316+0000] {spark_submit.py:491} INFO - 25/10/28 13:07:54 INFO BlockManagerMasterEndpoint: Using org.apache.spark.storage.DefaultTopologyMapper for getting topology information
[2025-10-28T13:07:54.316+0000] {spark_submit.py:491} INFO - 25/10/28 13:07:54 INFO BlockManagerMasterEndpoint: BlockManagerMasterEndpoint up
[2025-10-28T13:07:54.318+0000] {spark_submit.py:491} INFO - 25/10/28 13:07:54 INFO SparkEnv: Registering BlockManagerMasterHeartbeat
[2025-10-28T13:07:54.330+0000] {spark_submit.py:491} INFO - 25/10/28 13:07:54 INFO DiskBlockManager: Created local directory at /tmp/blockmgr-773e6a73-ddd4-47e5-a960-a752a2031e44
[2025-10-28T13:07:54.337+0000] {spark_submit.py:491} INFO - 25/10/28 13:07:54 INFO MemoryStore: MemoryStore started with capacity 434.4 MiB
[2025-10-28T13:07:54.345+0000] {spark_submit.py:491} INFO - 25/10/28 13:07:54 INFO SparkEnv: Registering OutputCommitCoordinator
[2025-10-28T13:07:54.417+0000] {spark_submit.py:491} INFO - 25/10/28 13:07:54 INFO JettyUtils: Start Jetty 0.0.0.0:4040 for SparkUI
[2025-10-28T13:07:54.449+0000] {spark_submit.py:491} INFO - 25/10/28 13:07:54 WARN Utils: Service 'SparkUI' could not bind on port 4040. Attempting port 4041.
[2025-10-28T13:07:54.453+0000] {spark_submit.py:491} INFO - 25/10/28 13:07:54 INFO Utils: Successfully started service 'SparkUI' on port 4041.
[2025-10-28T13:07:54.471+0000] {spark_submit.py:491} INFO - 25/10/28 13:07:54 INFO SparkContext: Added JAR file:///opt/***/jars/iceberg-spark-runtime-3.5_2.12-1.4.2.jar at spark://c6c4842a6e7c:33045/jars/iceberg-spark-runtime-3.5_2.12-1.4.2.jar with timestamp 1761656874028
[2025-10-28T13:07:54.471+0000] {spark_submit.py:491} INFO - 25/10/28 13:07:54 INFO SparkContext: Added JAR file:///opt/***/jars/aws-java-sdk-bundle-1.12.367.jar at spark://c6c4842a6e7c:33045/jars/aws-java-sdk-bundle-1.12.367.jar with timestamp 1761656874028
[2025-10-28T13:07:54.472+0000] {spark_submit.py:491} INFO - 25/10/28 13:07:54 INFO SparkContext: Added JAR file:///opt/***/jars/hadoop-aws-3.3.4.jar at spark://c6c4842a6e7c:33045/jars/hadoop-aws-3.3.4.jar with timestamp 1761656874028
[2025-10-28T13:07:54.562+0000] {spark_submit.py:491} INFO - 25/10/28 13:07:54 INFO Executor: Starting executor ID driver on host c6c4842a6e7c
[2025-10-28T13:07:54.562+0000] {spark_submit.py:491} INFO - 25/10/28 13:07:54 INFO Executor: OS info Linux, 6.10.14-linuxkit, aarch64
[2025-10-28T13:07:54.563+0000] {spark_submit.py:491} INFO - 25/10/28 13:07:54 INFO Executor: Java version 11.0.28
[2025-10-28T13:07:54.566+0000] {spark_submit.py:491} INFO - 25/10/28 13:07:54 INFO Executor: Starting executor with user classpath (userClassPathFirst = false): ''
[2025-10-28T13:07:54.567+0000] {spark_submit.py:491} INFO - 25/10/28 13:07:54 INFO Executor: Created or updated repl class loader org.apache.spark.util.MutableURLClassLoader@307f50ae for default.
[2025-10-28T13:07:54.577+0000] {spark_submit.py:491} INFO - 25/10/28 13:07:54 INFO Executor: Fetching spark://c6c4842a6e7c:33045/jars/iceberg-spark-runtime-3.5_2.12-1.4.2.jar with timestamp 1761656874028
[2025-10-28T13:07:54.627+0000] {spark_submit.py:491} INFO - 25/10/28 13:07:54 INFO TransportClientFactory: Successfully created connection to c6c4842a6e7c/172.18.0.9:33045 after 22 ms (0 ms spent in bootstraps)
[2025-10-28T13:07:54.632+0000] {spark_submit.py:491} INFO - 25/10/28 13:07:54 INFO Utils: Fetching spark://c6c4842a6e7c:33045/jars/iceberg-spark-runtime-3.5_2.12-1.4.2.jar to /tmp/spark-7c050fc7-3c97-458e-bde5-dad3684b606a/userFiles-1fed3ccc-da51-49d4-b470-30ea3953dd0c/fetchFileTemp102993580498990001.tmp
[2025-10-28T13:07:54.711+0000] {spark_submit.py:491} INFO - 25/10/28 13:07:54 INFO Executor: Adding file:/tmp/spark-7c050fc7-3c97-458e-bde5-dad3684b606a/userFiles-1fed3ccc-da51-49d4-b470-30ea3953dd0c/iceberg-spark-runtime-3.5_2.12-1.4.2.jar to class loader default
[2025-10-28T13:07:54.711+0000] {spark_submit.py:491} INFO - 25/10/28 13:07:54 INFO Executor: Fetching spark://c6c4842a6e7c:33045/jars/aws-java-sdk-bundle-1.12.367.jar with timestamp 1761656874028
[2025-10-28T13:07:54.711+0000] {spark_submit.py:491} INFO - 25/10/28 13:07:54 INFO Utils: Fetching spark://c6c4842a6e7c:33045/jars/aws-java-sdk-bundle-1.12.367.jar to /tmp/spark-7c050fc7-3c97-458e-bde5-dad3684b606a/userFiles-1fed3ccc-da51-49d4-b470-30ea3953dd0c/fetchFileTemp9192434053812280760.tmp
[2025-10-28T13:07:55.149+0000] {spark_submit.py:491} INFO - 25/10/28 13:07:55 INFO Executor: Adding file:/tmp/spark-7c050fc7-3c97-458e-bde5-dad3684b606a/userFiles-1fed3ccc-da51-49d4-b470-30ea3953dd0c/aws-java-sdk-bundle-1.12.367.jar to class loader default
[2025-10-28T13:07:55.149+0000] {spark_submit.py:491} INFO - 25/10/28 13:07:55 INFO Executor: Fetching spark://c6c4842a6e7c:33045/jars/hadoop-aws-3.3.4.jar with timestamp 1761656874028
[2025-10-28T13:07:55.150+0000] {spark_submit.py:491} INFO - 25/10/28 13:07:55 INFO Utils: Fetching spark://c6c4842a6e7c:33045/jars/hadoop-aws-3.3.4.jar to /tmp/spark-7c050fc7-3c97-458e-bde5-dad3684b606a/userFiles-1fed3ccc-da51-49d4-b470-30ea3953dd0c/fetchFileTemp16813698918753207166.tmp
[2025-10-28T13:07:55.161+0000] {spark_submit.py:491} INFO - 25/10/28 13:07:55 INFO Executor: Adding file:/tmp/spark-7c050fc7-3c97-458e-bde5-dad3684b606a/userFiles-1fed3ccc-da51-49d4-b470-30ea3953dd0c/hadoop-aws-3.3.4.jar to class loader default
[2025-10-28T13:07:55.169+0000] {spark_submit.py:491} INFO - 25/10/28 13:07:55 INFO Utils: Successfully started service 'org.apache.spark.network.netty.NettyBlockTransferService' on port 44401.
[2025-10-28T13:07:55.170+0000] {spark_submit.py:491} INFO - 25/10/28 13:07:55 INFO NettyBlockTransferService: Server created on c6c4842a6e7c:44401
[2025-10-28T13:07:55.171+0000] {spark_submit.py:491} INFO - 25/10/28 13:07:55 INFO BlockManager: Using org.apache.spark.storage.RandomBlockReplicationPolicy for block replication policy
[2025-10-28T13:07:55.174+0000] {spark_submit.py:491} INFO - 25/10/28 13:07:55 INFO BlockManagerMaster: Registering BlockManager BlockManagerId(driver, c6c4842a6e7c, 44401, None)
[2025-10-28T13:07:55.176+0000] {spark_submit.py:491} INFO - 25/10/28 13:07:55 INFO BlockManagerMasterEndpoint: Registering block manager c6c4842a6e7c:44401 with 434.4 MiB RAM, BlockManagerId(driver, c6c4842a6e7c, 44401, None)
[2025-10-28T13:07:55.177+0000] {spark_submit.py:491} INFO - 25/10/28 13:07:55 INFO BlockManagerMaster: Registered BlockManager BlockManagerId(driver, c6c4842a6e7c, 44401, None)
[2025-10-28T13:07:55.177+0000] {spark_submit.py:491} INFO - 25/10/28 13:07:55 INFO BlockManager: Initialized BlockManager: BlockManagerId(driver, c6c4842a6e7c, 44401, None)
[2025-10-28T13:07:56.713+0000] {spark_submit.py:491} INFO - 25/10/28 13:07:56 WARN MetricsConfig: Cannot locate configuration: tried hadoop-metrics2-s3a-file-system.properties,hadoop-metrics2.properties
[2025-10-28T13:07:57.412+0000] {spark_submit.py:491} INFO - Created/verified taxi zones table
[2025-10-28T13:07:57.413+0000] {spark_submit.py:491} INFO - Reading location data from: /opt/***/data/locations/nyc_taxi_zones.json
[2025-10-28T13:07:58.675+0000] {spark_submit.py:491} INFO - Raw location data count: 16
[2025-10-28T13:07:58.679+0000] {spark_submit.py:491} INFO - root
[2025-10-28T13:07:58.679+0000] {spark_submit.py:491} INFO - |-- borough: string (nullable = true)
[2025-10-28T13:07:58.681+0000] {spark_submit.py:491} INFO - |-- created_at: string (nullable = true)
[2025-10-28T13:07:58.682+0000] {spark_submit.py:491} INFO - |-- is_business_district: boolean (nullable = true)
[2025-10-28T13:07:58.682+0000] {spark_submit.py:491} INFO - |-- is_tourist_area: boolean (nullable = true)
[2025-10-28T13:07:58.682+0000] {spark_submit.py:491} INFO - |-- lat: double (nullable = true)
[2025-10-28T13:07:58.682+0000] {spark_submit.py:491} INFO - |-- location_id: long (nullable = true)
[2025-10-28T13:07:58.685+0000] {spark_submit.py:491} INFO - |-- lon: double (nullable = true)
[2025-10-28T13:07:58.689+0000] {spark_submit.py:491} INFO - |-- zone: string (nullable = true)
[2025-10-28T13:07:58.691+0000] {spark_submit.py:491} INFO - |-- zone_type: string (nullable = true)
[2025-10-28T13:07:58.692+0000] {spark_submit.py:491} INFO - 
[2025-10-28T13:07:58.891+0000] {spark_submit.py:491} INFO - Processed location data count: 16
[2025-10-28T13:08:00.105+0000] {spark_submit.py:491} INFO - Successfully wrote location data to Iceberg table
[2025-10-28T13:08:01.267+0000] {spark_submit.py:491} INFO - +---------+----------+-------------+--------------+
[2025-10-28T13:08:01.269+0000] {spark_submit.py:491} INFO - |  borough|zone_count|tourist_zones|business_zones|
[2025-10-28T13:08:01.270+0000] {spark_submit.py:491} INFO - +---------+----------+-------------+--------------+
[2025-10-28T13:08:01.271+0000] {spark_submit.py:491} INFO - |Manhattan|        13|            4|             3|
[2025-10-28T13:08:01.271+0000] {spark_submit.py:491} INFO - |   Queens|         2|            0|             0|
[2025-10-28T13:08:01.271+0000] {spark_submit.py:491} INFO - | Brooklyn|         1|            0|             0|
[2025-10-28T13:08:01.271+0000] {spark_submit.py:491} INFO - +---------+----------+-------------+--------------+
[2025-10-28T13:08:01.271+0000] {spark_submit.py:491} INFO - 
[2025-10-28T13:08:01.271+0000] {spark_submit.py:491} INFO - Location ETL job completed successfully!
[2025-10-28T13:08:02.050+0000] {taskinstance.py:1398} INFO - Marking task as SUCCESS. dag_id=nyc_weather_etl, task_id=spark_process_location_to_iceberg, execution_date=20251028T130737, start_date=20251028T130752, end_date=20251028T130802
[2025-10-28T13:08:02.091+0000] {local_task_job_runner.py:228} INFO - Task exited with return code 0
[2025-10-28T13:08:02.099+0000] {taskinstance.py:2776} INFO - 0 downstream tasks scheduled from follow-on schedule check
