[2025-11-03T03:28:52.776+0000] {taskinstance.py:1157} INFO - Dependencies all met for dep_context=non-requeueable deps ti=<TaskInstance: nyc_weather_etl.spark_process_weather_to_iceberg manual__2025-11-03T03:28:50.050344+00:00 [queued]>
[2025-11-03T03:28:52.780+0000] {taskinstance.py:1157} INFO - Dependencies all met for dep_context=requeueable deps ti=<TaskInstance: nyc_weather_etl.spark_process_weather_to_iceberg manual__2025-11-03T03:28:50.050344+00:00 [queued]>
[2025-11-03T03:28:52.781+0000] {taskinstance.py:1359} INFO - Starting attempt 1 of 1
[2025-11-03T03:28:52.787+0000] {taskinstance.py:1380} INFO - Executing <Task(SparkSubmitOperator): spark_process_weather_to_iceberg> on 2025-11-03 03:28:50.050344+00:00
[2025-11-03T03:28:52.790+0000] {standard_task_runner.py:57} INFO - Started process 6600 to run task
[2025-11-03T03:28:52.794+0000] {standard_task_runner.py:84} INFO - Running: ['***', 'tasks', 'run', 'nyc_weather_etl', 'spark_process_weather_to_iceberg', 'manual__2025-11-03T03:28:50.050344+00:00', '--job-id', '79', '--raw', '--subdir', 'DAGS_FOLDER/nyc_weather_etl.py', '--cfg-path', '/tmp/tmpkfhm0htq']
[2025-11-03T03:28:52.796+0000] {standard_task_runner.py:85} INFO - Job 79: Subtask spark_process_weather_to_iceberg
[2025-11-03T03:28:52.826+0000] {task_command.py:415} INFO - Running <TaskInstance: nyc_weather_etl.spark_process_weather_to_iceberg manual__2025-11-03T03:28:50.050344+00:00 [running]> on host ec57452a9f33
[2025-11-03T03:28:52.958+0000] {taskinstance.py:1660} INFO - Exporting env vars: AIRFLOW_CTX_DAG_OWNER='data-engineering' AIRFLOW_CTX_DAG_ID='nyc_weather_etl' AIRFLOW_CTX_TASK_ID='spark_process_weather_to_iceberg' AIRFLOW_CTX_EXECUTION_DATE='2025-11-03T03:28:50.050344+00:00' AIRFLOW_CTX_TRY_NUMBER='1' AIRFLOW_CTX_DAG_RUN_ID='manual__2025-11-03T03:28:50.050344+00:00'
[2025-11-03T03:28:52.958+0000] {base.py:73} INFO - Using connection ID 'spark_default' for task execution.
[2025-11-03T03:28:52.960+0000] {spark_submit.py:340} INFO - Spark-Submit cmd: /opt/bitnami/spark/bin/spark-submit --master spark-master:7077 --conf spark.master=spark://spark-master:7077 --conf spark.sql.catalog.spark_catalog=org.apache.iceberg.spark.SparkSessionCatalog --conf spark.sql.catalog.spark_catalog.type=hive --conf spark.sql.catalog.iceberg=org.apache.iceberg.spark.SparkCatalog --conf spark.sql.catalog.iceberg.type=hadoop --conf spark.sql.catalog.iceberg.warehouse=s3a://lakehouse/warehouse --conf spark.sql.extensions=org.apache.iceberg.spark.extensions.IcebergSparkSessionExtensions --conf spark.hadoop.fs.s3a.endpoint=http://minio:9000 --conf spark.hadoop.fs.s3a.access.key=admin --conf spark.hadoop.fs.s3a.secret.key=****** --conf spark.hadoop.fs.s3a.path.style.access=true --conf spark.hadoop.fs.s3a.impl=org.apache.hadoop.fs.s3a.S3AFileSystem --jars /opt/***/jars/iceberg-spark-runtime-3.5_2.12-1.4.2.jar,/opt/***/jars/aws-java-sdk-bundle-1.12.367.jar,/opt/***/jars/hadoop-aws-3.3.4.jar --name arrow-spark /opt/***/dags/spark_jobs/weather_to_iceberg.py /opt/***/data/weather/weather_data_20251103_03.json
[2025-11-03T03:28:53.891+0000] {spark_submit.py:491} INFO - 25/11/03 03:28:53 WARN NativeCodeLoader: Unable to load native-hadoop library for your platform... using builtin-java classes where applicable
[2025-11-03T03:28:54.578+0000] {spark_submit.py:491} INFO - 25/11/03 03:28:54 INFO SparkContext: Running Spark version 3.5.1
[2025-11-03T03:28:54.578+0000] {spark_submit.py:491} INFO - 25/11/03 03:28:54 INFO SparkContext: OS info Linux, 6.10.14-linuxkit, aarch64
[2025-11-03T03:28:54.580+0000] {spark_submit.py:491} INFO - 25/11/03 03:28:54 INFO SparkContext: Java version 11.0.28
[2025-11-03T03:28:54.590+0000] {spark_submit.py:491} INFO - 25/11/03 03:28:54 INFO ResourceUtils: ==============================================================
[2025-11-03T03:28:54.591+0000] {spark_submit.py:491} INFO - 25/11/03 03:28:54 INFO ResourceUtils: No custom resources configured for spark.driver.
[2025-11-03T03:28:54.591+0000] {spark_submit.py:491} INFO - 25/11/03 03:28:54 INFO ResourceUtils: ==============================================================
[2025-11-03T03:28:54.591+0000] {spark_submit.py:491} INFO - 25/11/03 03:28:54 INFO SparkContext: Submitted application: Weather to Iceberg ETL
[2025-11-03T03:28:54.599+0000] {spark_submit.py:491} INFO - 25/11/03 03:28:54 INFO ResourceProfile: Default ResourceProfile created, executor resources: Map(cores -> name: cores, amount: 1, script: , vendor: , memory -> name: memory, amount: 1024, script: , vendor: , offHeap -> name: offHeap, amount: 0, script: , vendor: ), task resources: Map(cpus -> name: cpus, amount: 1.0)
[2025-11-03T03:28:54.606+0000] {spark_submit.py:491} INFO - 25/11/03 03:28:54 INFO ResourceProfile: Limiting resource is cpu
[2025-11-03T03:28:54.607+0000] {spark_submit.py:491} INFO - 25/11/03 03:28:54 INFO ResourceProfileManager: Added ResourceProfile id: 0
[2025-11-03T03:28:54.639+0000] {spark_submit.py:491} INFO - 25/11/03 03:28:54 INFO SecurityManager: Changing view acls to: ***
[2025-11-03T03:28:54.639+0000] {spark_submit.py:491} INFO - 25/11/03 03:28:54 INFO SecurityManager: Changing modify acls to: ***
[2025-11-03T03:28:54.639+0000] {spark_submit.py:491} INFO - 25/11/03 03:28:54 INFO SecurityManager: Changing view acls groups to:
[2025-11-03T03:28:54.639+0000] {spark_submit.py:491} INFO - 25/11/03 03:28:54 INFO SecurityManager: Changing modify acls groups to:
[2025-11-03T03:28:54.639+0000] {spark_submit.py:491} INFO - 25/11/03 03:28:54 INFO SecurityManager: SecurityManager: authentication disabled; ui acls disabled; users with view permissions: ***; groups with view permissions: EMPTY; users with modify permissions: ***; groups with modify permissions: EMPTY
[2025-11-03T03:28:54.744+0000] {spark_submit.py:491} INFO - 25/11/03 03:28:54 INFO Utils: Successfully started service 'sparkDriver' on port 40635.
[2025-11-03T03:28:54.756+0000] {spark_submit.py:491} INFO - 25/11/03 03:28:54 INFO SparkEnv: Registering MapOutputTracker
[2025-11-03T03:28:54.772+0000] {spark_submit.py:491} INFO - 25/11/03 03:28:54 INFO SparkEnv: Registering BlockManagerMaster
[2025-11-03T03:28:54.781+0000] {spark_submit.py:491} INFO - 25/11/03 03:28:54 INFO BlockManagerMasterEndpoint: Using org.apache.spark.storage.DefaultTopologyMapper for getting topology information
[2025-11-03T03:28:54.782+0000] {spark_submit.py:491} INFO - 25/11/03 03:28:54 INFO BlockManagerMasterEndpoint: BlockManagerMasterEndpoint up
[2025-11-03T03:28:54.783+0000] {spark_submit.py:491} INFO - 25/11/03 03:28:54 INFO SparkEnv: Registering BlockManagerMasterHeartbeat
[2025-11-03T03:28:54.793+0000] {spark_submit.py:491} INFO - 25/11/03 03:28:54 INFO DiskBlockManager: Created local directory at /tmp/blockmgr-bb2146b8-35d4-47a2-96f5-ce08c378ede8
[2025-11-03T03:28:54.798+0000] {spark_submit.py:491} INFO - 25/11/03 03:28:54 INFO MemoryStore: MemoryStore started with capacity 434.4 MiB
[2025-11-03T03:28:54.808+0000] {spark_submit.py:491} INFO - 25/11/03 03:28:54 INFO SparkEnv: Registering OutputCommitCoordinator
[2025-11-03T03:28:54.861+0000] {spark_submit.py:491} INFO - 25/11/03 03:28:54 INFO JettyUtils: Start Jetty 0.0.0.0:4040 for SparkUI
[2025-11-03T03:28:54.887+0000] {spark_submit.py:491} INFO - 25/11/03 03:28:54 WARN Utils: Service 'SparkUI' could not bind on port 4040. Attempting port 4041.
[2025-11-03T03:28:54.887+0000] {spark_submit.py:491} INFO - 25/11/03 03:28:54 WARN Utils: Service 'SparkUI' could not bind on port 4041. Attempting port 4042.
[2025-11-03T03:28:54.892+0000] {spark_submit.py:491} INFO - 25/11/03 03:28:54 INFO Utils: Successfully started service 'SparkUI' on port 4042.
[2025-11-03T03:28:54.910+0000] {spark_submit.py:491} INFO - 25/11/03 03:28:54 INFO SparkContext: Added JAR file:///opt/***/jars/iceberg-spark-runtime-3.5_2.12-1.4.2.jar at spark://ec57452a9f33:40635/jars/iceberg-spark-runtime-3.5_2.12-1.4.2.jar with timestamp 1762140534572
[2025-11-03T03:28:54.910+0000] {spark_submit.py:491} INFO - 25/11/03 03:28:54 INFO SparkContext: Added JAR file:///opt/***/jars/aws-java-sdk-bundle-1.12.367.jar at spark://ec57452a9f33:40635/jars/aws-java-sdk-bundle-1.12.367.jar with timestamp 1762140534572
[2025-11-03T03:28:54.911+0000] {spark_submit.py:491} INFO - 25/11/03 03:28:54 INFO SparkContext: Added JAR file:///opt/***/jars/hadoop-aws-3.3.4.jar at spark://ec57452a9f33:40635/jars/hadoop-aws-3.3.4.jar with timestamp 1762140534572
[2025-11-03T03:28:54.942+0000] {spark_submit.py:491} INFO - 25/11/03 03:28:54 INFO Executor: Starting executor ID driver on host ec57452a9f33
[2025-11-03T03:28:54.943+0000] {spark_submit.py:491} INFO - 25/11/03 03:28:54 INFO Executor: OS info Linux, 6.10.14-linuxkit, aarch64
[2025-11-03T03:28:54.943+0000] {spark_submit.py:491} INFO - 25/11/03 03:28:54 INFO Executor: Java version 11.0.28
[2025-11-03T03:28:54.945+0000] {spark_submit.py:491} INFO - 25/11/03 03:28:54 INFO Executor: Starting executor with user classpath (userClassPathFirst = false): ''
[2025-11-03T03:28:54.947+0000] {spark_submit.py:491} INFO - 25/11/03 03:28:54 INFO Executor: Created or updated repl class loader org.apache.spark.util.MutableURLClassLoader@62af7d90 for default.
[2025-11-03T03:28:54.950+0000] {spark_submit.py:491} INFO - 25/11/03 03:28:54 INFO Executor: Fetching spark://ec57452a9f33:40635/jars/aws-java-sdk-bundle-1.12.367.jar with timestamp 1762140534572
[2025-11-03T03:28:54.980+0000] {spark_submit.py:491} INFO - 25/11/03 03:28:54 INFO TransportClientFactory: Successfully created connection to ec57452a9f33/172.18.0.4:40635 after 18 ms (0 ms spent in bootstraps)
[2025-11-03T03:28:54.984+0000] {spark_submit.py:491} INFO - 25/11/03 03:28:54 INFO Utils: Fetching spark://ec57452a9f33:40635/jars/aws-java-sdk-bundle-1.12.367.jar to /tmp/spark-f817543c-e586-455d-b0d9-0e50f32e09b5/userFiles-d580be66-9567-4731-ba2d-2be8794b6d03/fetchFileTemp4619954393468498577.tmp
[2025-11-03T03:28:55.425+0000] {spark_submit.py:491} INFO - 25/11/03 03:28:55 INFO Executor: Adding file:/tmp/spark-f817543c-e586-455d-b0d9-0e50f32e09b5/userFiles-d580be66-9567-4731-ba2d-2be8794b6d03/aws-java-sdk-bundle-1.12.367.jar to class loader default
[2025-11-03T03:28:55.427+0000] {spark_submit.py:491} INFO - 25/11/03 03:28:55 INFO Executor: Fetching spark://ec57452a9f33:40635/jars/iceberg-spark-runtime-3.5_2.12-1.4.2.jar with timestamp 1762140534572
[2025-11-03T03:28:55.428+0000] {spark_submit.py:491} INFO - 25/11/03 03:28:55 INFO Utils: Fetching spark://ec57452a9f33:40635/jars/iceberg-spark-runtime-3.5_2.12-1.4.2.jar to /tmp/spark-f817543c-e586-455d-b0d9-0e50f32e09b5/userFiles-d580be66-9567-4731-ba2d-2be8794b6d03/fetchFileTemp5486512848395284846.tmp
[2025-11-03T03:28:55.459+0000] {spark_submit.py:491} INFO - 25/11/03 03:28:55 INFO Executor: Adding file:/tmp/spark-f817543c-e586-455d-b0d9-0e50f32e09b5/userFiles-d580be66-9567-4731-ba2d-2be8794b6d03/iceberg-spark-runtime-3.5_2.12-1.4.2.jar to class loader default
[2025-11-03T03:28:55.459+0000] {spark_submit.py:491} INFO - 25/11/03 03:28:55 INFO Executor: Fetching spark://ec57452a9f33:40635/jars/hadoop-aws-3.3.4.jar with timestamp 1762140534572
[2025-11-03T03:28:55.460+0000] {spark_submit.py:491} INFO - 25/11/03 03:28:55 INFO Utils: Fetching spark://ec57452a9f33:40635/jars/hadoop-aws-3.3.4.jar to /tmp/spark-f817543c-e586-455d-b0d9-0e50f32e09b5/userFiles-d580be66-9567-4731-ba2d-2be8794b6d03/fetchFileTemp13662246901398478598.tmp
[2025-11-03T03:28:55.463+0000] {spark_submit.py:491} INFO - 25/11/03 03:28:55 INFO Executor: Adding file:/tmp/spark-f817543c-e586-455d-b0d9-0e50f32e09b5/userFiles-d580be66-9567-4731-ba2d-2be8794b6d03/hadoop-aws-3.3.4.jar to class loader default
[2025-11-03T03:28:55.472+0000] {spark_submit.py:491} INFO - 25/11/03 03:28:55 INFO Utils: Successfully started service 'org.apache.spark.network.netty.NettyBlockTransferService' on port 42383.
[2025-11-03T03:28:55.472+0000] {spark_submit.py:491} INFO - 25/11/03 03:28:55 INFO NettyBlockTransferService: Server created on ec57452a9f33:42383
[2025-11-03T03:28:55.472+0000] {spark_submit.py:491} INFO - 25/11/03 03:28:55 INFO BlockManager: Using org.apache.spark.storage.RandomBlockReplicationPolicy for block replication policy
[2025-11-03T03:28:55.475+0000] {spark_submit.py:491} INFO - 25/11/03 03:28:55 INFO BlockManagerMaster: Registering BlockManager BlockManagerId(driver, ec57452a9f33, 42383, None)
[2025-11-03T03:28:55.477+0000] {spark_submit.py:491} INFO - 25/11/03 03:28:55 INFO BlockManagerMasterEndpoint: Registering block manager ec57452a9f33:42383 with 434.4 MiB RAM, BlockManagerId(driver, ec57452a9f33, 42383, None)
[2025-11-03T03:28:55.478+0000] {spark_submit.py:491} INFO - 25/11/03 03:28:55 INFO BlockManagerMaster: Registered BlockManager BlockManagerId(driver, ec57452a9f33, 42383, None)
[2025-11-03T03:28:55.478+0000] {spark_submit.py:491} INFO - 25/11/03 03:28:55 INFO BlockManager: Initialized BlockManager: BlockManagerId(driver, ec57452a9f33, 42383, None)
[2025-11-03T03:28:57.145+0000] {spark_submit.py:491} INFO - 25/11/03 03:28:57 WARN MetricsConfig: Cannot locate configuration: tried hadoop-metrics2-s3a-file-system.properties,hadoop-metrics2.properties
[2025-11-03T03:28:57.966+0000] {spark_submit.py:491} INFO - Created/verified weather table
[2025-11-03T03:28:57.967+0000] {spark_submit.py:491} INFO - Reading weather data from: /opt/***/data/weather/weather_data_20251103_03.json
[2025-11-03T03:28:59.283+0000] {spark_submit.py:491} INFO - Raw weather data count: 24
[2025-11-03T03:28:59.284+0000] {spark_submit.py:491} INFO - root
[2025-11-03T03:28:59.284+0000] {spark_submit.py:491} INFO - |-- timestamp: string (nullable = true)
[2025-11-03T03:28:59.284+0000] {spark_submit.py:491} INFO - |-- location: string (nullable = true)
[2025-11-03T03:28:59.284+0000] {spark_submit.py:491} INFO - |-- latitude: double (nullable = true)
[2025-11-03T03:28:59.284+0000] {spark_submit.py:491} INFO - |-- longitude: double (nullable = true)
[2025-11-03T03:28:59.284+0000] {spark_submit.py:491} INFO - |-- temperature_celsius: double (nullable = true)
[2025-11-03T03:28:59.284+0000] {spark_submit.py:491} INFO - |-- temperature_fahrenheit: double (nullable = true)
[2025-11-03T03:28:59.285+0000] {spark_submit.py:491} INFO - |-- humidity_percent: double (nullable = true)
[2025-11-03T03:28:59.285+0000] {spark_submit.py:491} INFO - |-- pressure_hpa: double (nullable = true)
[2025-11-03T03:28:59.285+0000] {spark_submit.py:491} INFO - |-- wind_speed_kmh: double (nullable = true)
[2025-11-03T03:28:59.285+0000] {spark_submit.py:491} INFO - |-- weather_condition: string (nullable = true)
[2025-11-03T03:28:59.285+0000] {spark_submit.py:491} INFO - |-- visibility_km: double (nullable = true)
[2025-11-03T03:28:59.285+0000] {spark_submit.py:491} INFO - |-- uv_index: double (nullable = true)
[2025-11-03T03:28:59.285+0000] {spark_submit.py:491} INFO - |-- hour: integer (nullable = true)
[2025-11-03T03:28:59.285+0000] {spark_submit.py:491} INFO - |-- day_of_week: integer (nullable = true)
[2025-11-03T03:28:59.285+0000] {spark_submit.py:491} INFO - |-- is_weekend: boolean (nullable = true)
[2025-11-03T03:28:59.285+0000] {spark_submit.py:491} INFO - 
[2025-11-03T03:28:59.592+0000] {spark_submit.py:491} INFO - Processed weather data count: 24
[2025-11-03T03:29:00.646+0000] {spark_submit.py:491} INFO - Successfully wrote weather data to Iceberg table
[2025-11-03T03:29:01.945+0000] {spark_submit.py:491} INFO - +------------+------------------+------------------+-----------------+--------------------+
[2025-11-03T03:29:01.945+0000] {spark_submit.py:491} INFO - |weather_date|        avg_temp_c|      avg_humidity|   avg_wind_speed|          conditions|
[2025-11-03T03:29:01.945+0000] {spark_submit.py:491} INFO - +------------+------------------+------------------+-----------------+--------------------+
[2025-11-03T03:29:01.945+0000] {spark_submit.py:491} INFO - |  2025-11-03| 15.75076923076923|63.876923076923084|5.776923076923077|[clear, snow, rai...|
[2025-11-03T03:29:01.945+0000] {spark_submit.py:491} INFO - |  2025-11-02|17.485301204819272|62.548192771084345|7.884337349397588|[clear, snow, rai...|
[2025-11-03T03:29:01.945+0000] {spark_submit.py:491} INFO - +------------+------------------+------------------+-----------------+--------------------+
[2025-11-03T03:29:01.945+0000] {spark_submit.py:491} INFO - 
[2025-11-03T03:29:01.945+0000] {spark_submit.py:491} INFO - Weather ETL job completed successfully!
[2025-11-03T03:29:02.902+0000] {taskinstance.py:1398} INFO - Marking task as SUCCESS. dag_id=nyc_weather_etl, task_id=spark_process_weather_to_iceberg, execution_date=20251103T032850, start_date=20251103T032852, end_date=20251103T032902
[2025-11-03T03:29:02.935+0000] {local_task_job_runner.py:228} INFO - Task exited with return code 0
[2025-11-03T03:29:02.943+0000] {taskinstance.py:2776} INFO - 0 downstream tasks scheduled from follow-on schedule check
