[2025-11-02T12:54:21.166+0000] {taskinstance.py:1157} INFO - Dependencies all met for dep_context=non-requeueable deps ti=<TaskInstance: nyc_weather_etl.spark_process_weather_to_iceberg manual__2025-11-02T12:54:04.800775+00:00 [queued]>
[2025-11-02T12:54:21.171+0000] {taskinstance.py:1157} INFO - Dependencies all met for dep_context=requeueable deps ti=<TaskInstance: nyc_weather_etl.spark_process_weather_to_iceberg manual__2025-11-02T12:54:04.800775+00:00 [queued]>
[2025-11-02T12:54:21.171+0000] {taskinstance.py:1359} INFO - Starting attempt 1 of 1
[2025-11-02T12:54:21.233+0000] {taskinstance.py:1380} INFO - Executing <Task(SparkSubmitOperator): spark_process_weather_to_iceberg> on 2025-11-02 12:54:04.800775+00:00
[2025-11-02T12:54:21.235+0000] {standard_task_runner.py:57} INFO - Started process 1254 to run task
[2025-11-02T12:54:21.237+0000] {standard_task_runner.py:84} INFO - Running: ['***', 'tasks', 'run', 'nyc_weather_etl', 'spark_process_weather_to_iceberg', 'manual__2025-11-02T12:54:04.800775+00:00', '--job-id', '18', '--raw', '--subdir', 'DAGS_FOLDER/nyc_weather_etl.py', '--cfg-path', '/tmp/tmp_ne7onmw']
[2025-11-02T12:54:21.238+0000] {standard_task_runner.py:85} INFO - Job 18: Subtask spark_process_weather_to_iceberg
[2025-11-02T12:54:21.259+0000] {task_command.py:415} INFO - Running <TaskInstance: nyc_weather_etl.spark_process_weather_to_iceberg manual__2025-11-02T12:54:04.800775+00:00 [running]> on host ec57452a9f33
[2025-11-02T12:54:21.299+0000] {taskinstance.py:1660} INFO - Exporting env vars: AIRFLOW_CTX_DAG_OWNER='data-engineering' AIRFLOW_CTX_DAG_ID='nyc_weather_etl' AIRFLOW_CTX_TASK_ID='spark_process_weather_to_iceberg' AIRFLOW_CTX_EXECUTION_DATE='2025-11-02T12:54:04.800775+00:00' AIRFLOW_CTX_TRY_NUMBER='1' AIRFLOW_CTX_DAG_RUN_ID='manual__2025-11-02T12:54:04.800775+00:00'
[2025-11-02T12:54:21.300+0000] {base.py:73} INFO - Using connection ID 'spark_default' for task execution.
[2025-11-02T12:54:21.301+0000] {spark_submit.py:340} INFO - Spark-Submit cmd: /opt/bitnami/spark/bin/spark-submit --master spark-master:7077 --conf spark.master=spark://spark-master:7077 --conf spark.sql.catalog.spark_catalog=org.apache.iceberg.spark.SparkSessionCatalog --conf spark.sql.catalog.spark_catalog.type=hive --conf spark.sql.catalog.iceberg=org.apache.iceberg.spark.SparkCatalog --conf spark.sql.catalog.iceberg.type=hadoop --conf spark.sql.catalog.iceberg.warehouse=s3a://lakehouse/warehouse --conf spark.sql.extensions=org.apache.iceberg.spark.extensions.IcebergSparkSessionExtensions --conf spark.hadoop.fs.s3a.endpoint=http://minio:9000 --conf spark.hadoop.fs.s3a.access.key=admin --conf spark.hadoop.fs.s3a.secret.key=****** --conf spark.hadoop.fs.s3a.path.style.access=true --conf spark.hadoop.fs.s3a.impl=org.apache.hadoop.fs.s3a.S3AFileSystem --jars /opt/***/jars/iceberg-spark-runtime-3.5_2.12-1.4.2.jar,/opt/***/jars/aws-java-sdk-bundle-1.12.367.jar,/opt/***/jars/hadoop-aws-3.3.4.jar --name arrow-spark /opt/***/dags/spark_jobs/weather_to_iceberg.py /opt/***/data/weather/weather_data_20251102_12.json
[2025-11-02T12:54:22.051+0000] {spark_submit.py:491} INFO - 25/11/02 12:54:22 WARN NativeCodeLoader: Unable to load native-hadoop library for your platform... using builtin-java classes where applicable
[2025-11-02T12:54:22.656+0000] {spark_submit.py:491} INFO - 25/11/02 12:54:22 INFO SparkContext: Running Spark version 3.5.1
[2025-11-02T12:54:22.659+0000] {spark_submit.py:491} INFO - 25/11/02 12:54:22 INFO SparkContext: OS info Linux, 6.10.14-linuxkit, aarch64
[2025-11-02T12:54:22.659+0000] {spark_submit.py:491} INFO - 25/11/02 12:54:22 INFO SparkContext: Java version 11.0.28
[2025-11-02T12:54:22.671+0000] {spark_submit.py:491} INFO - 25/11/02 12:54:22 INFO ResourceUtils: ==============================================================
[2025-11-02T12:54:22.671+0000] {spark_submit.py:491} INFO - 25/11/02 12:54:22 INFO ResourceUtils: No custom resources configured for spark.driver.
[2025-11-02T12:54:22.672+0000] {spark_submit.py:491} INFO - 25/11/02 12:54:22 INFO ResourceUtils: ==============================================================
[2025-11-02T12:54:22.675+0000] {spark_submit.py:491} INFO - 25/11/02 12:54:22 INFO SparkContext: Submitted application: Weather to Iceberg ETL
[2025-11-02T12:54:22.679+0000] {spark_submit.py:491} INFO - 25/11/02 12:54:22 INFO ResourceProfile: Default ResourceProfile created, executor resources: Map(cores -> name: cores, amount: 1, script: , vendor: , memory -> name: memory, amount: 1024, script: , vendor: , offHeap -> name: offHeap, amount: 0, script: , vendor: ), task resources: Map(cpus -> name: cpus, amount: 1.0)
[2025-11-02T12:54:22.684+0000] {spark_submit.py:491} INFO - 25/11/02 12:54:22 INFO ResourceProfile: Limiting resource is cpu
[2025-11-02T12:54:22.684+0000] {spark_submit.py:491} INFO - 25/11/02 12:54:22 INFO ResourceProfileManager: Added ResourceProfile id: 0
[2025-11-02T12:54:22.721+0000] {spark_submit.py:491} INFO - 25/11/02 12:54:22 INFO SecurityManager: Changing view acls to: ***
[2025-11-02T12:54:22.721+0000] {spark_submit.py:491} INFO - 25/11/02 12:54:22 INFO SecurityManager: Changing modify acls to: ***
[2025-11-02T12:54:22.721+0000] {spark_submit.py:491} INFO - 25/11/02 12:54:22 INFO SecurityManager: Changing view acls groups to:
[2025-11-02T12:54:22.722+0000] {spark_submit.py:491} INFO - 25/11/02 12:54:22 INFO SecurityManager: Changing modify acls groups to:
[2025-11-02T12:54:22.722+0000] {spark_submit.py:491} INFO - 25/11/02 12:54:22 INFO SecurityManager: SecurityManager: authentication disabled; ui acls disabled; users with view permissions: ***; groups with view permissions: EMPTY; users with modify permissions: ***; groups with modify permissions: EMPTY
[2025-11-02T12:54:22.826+0000] {spark_submit.py:491} INFO - 25/11/02 12:54:22 INFO Utils: Successfully started service 'sparkDriver' on port 38815.
[2025-11-02T12:54:22.843+0000] {spark_submit.py:491} INFO - 25/11/02 12:54:22 INFO SparkEnv: Registering MapOutputTracker
[2025-11-02T12:54:22.859+0000] {spark_submit.py:491} INFO - 25/11/02 12:54:22 INFO SparkEnv: Registering BlockManagerMaster
[2025-11-02T12:54:22.869+0000] {spark_submit.py:491} INFO - 25/11/02 12:54:22 INFO BlockManagerMasterEndpoint: Using org.apache.spark.storage.DefaultTopologyMapper for getting topology information
[2025-11-02T12:54:22.869+0000] {spark_submit.py:491} INFO - 25/11/02 12:54:22 INFO BlockManagerMasterEndpoint: BlockManagerMasterEndpoint up
[2025-11-02T12:54:22.871+0000] {spark_submit.py:491} INFO - 25/11/02 12:54:22 INFO SparkEnv: Registering BlockManagerMasterHeartbeat
[2025-11-02T12:54:22.882+0000] {spark_submit.py:491} INFO - 25/11/02 12:54:22 INFO DiskBlockManager: Created local directory at /tmp/blockmgr-d78fa8f5-981f-4061-88d7-35f63dbafdcf
[2025-11-02T12:54:22.888+0000] {spark_submit.py:491} INFO - 25/11/02 12:54:22 INFO MemoryStore: MemoryStore started with capacity 434.4 MiB
[2025-11-02T12:54:22.895+0000] {spark_submit.py:491} INFO - 25/11/02 12:54:22 INFO SparkEnv: Registering OutputCommitCoordinator
[2025-11-02T12:54:22.946+0000] {spark_submit.py:491} INFO - 25/11/02 12:54:22 INFO JettyUtils: Start Jetty 0.0.0.0:4040 for SparkUI
[2025-11-02T12:54:22.975+0000] {spark_submit.py:491} INFO - 25/11/02 12:54:22 WARN Utils: Service 'SparkUI' could not bind on port 4040. Attempting port 4041.
[2025-11-02T12:54:22.986+0000] {spark_submit.py:491} INFO - 25/11/02 12:54:22 INFO Utils: Successfully started service 'SparkUI' on port 4041.
[2025-11-02T12:54:23.008+0000] {spark_submit.py:491} INFO - 25/11/02 12:54:23 INFO SparkContext: Added JAR file:///opt/***/jars/iceberg-spark-runtime-3.5_2.12-1.4.2.jar at spark://ec57452a9f33:38815/jars/iceberg-spark-runtime-3.5_2.12-1.4.2.jar with timestamp 1762088062652
[2025-11-02T12:54:23.008+0000] {spark_submit.py:491} INFO - 25/11/02 12:54:23 INFO SparkContext: Added JAR file:///opt/***/jars/aws-java-sdk-bundle-1.12.367.jar at spark://ec57452a9f33:38815/jars/aws-java-sdk-bundle-1.12.367.jar with timestamp 1762088062652
[2025-11-02T12:54:23.008+0000] {spark_submit.py:491} INFO - 25/11/02 12:54:23 INFO SparkContext: Added JAR file:///opt/***/jars/hadoop-aws-3.3.4.jar at spark://ec57452a9f33:38815/jars/hadoop-aws-3.3.4.jar with timestamp 1762088062652
[2025-11-02T12:54:23.055+0000] {spark_submit.py:491} INFO - 25/11/02 12:54:23 INFO Executor: Starting executor ID driver on host ec57452a9f33
[2025-11-02T12:54:23.055+0000] {spark_submit.py:491} INFO - 25/11/02 12:54:23 INFO Executor: OS info Linux, 6.10.14-linuxkit, aarch64
[2025-11-02T12:54:23.056+0000] {spark_submit.py:491} INFO - 25/11/02 12:54:23 INFO Executor: Java version 11.0.28
[2025-11-02T12:54:23.058+0000] {spark_submit.py:491} INFO - 25/11/02 12:54:23 INFO Executor: Starting executor with user classpath (userClassPathFirst = false): ''
[2025-11-02T12:54:23.058+0000] {spark_submit.py:491} INFO - 25/11/02 12:54:23 INFO Executor: Created or updated repl class loader org.apache.spark.util.MutableURLClassLoader@220fddc1 for default.
[2025-11-02T12:54:23.063+0000] {spark_submit.py:491} INFO - 25/11/02 12:54:23 INFO Executor: Fetching spark://ec57452a9f33:38815/jars/aws-java-sdk-bundle-1.12.367.jar with timestamp 1762088062652
[2025-11-02T12:54:23.096+0000] {spark_submit.py:491} INFO - 25/11/02 12:54:23 INFO TransportClientFactory: Successfully created connection to ec57452a9f33/172.18.0.14:38815 after 15 ms (0 ms spent in bootstraps)
[2025-11-02T12:54:23.100+0000] {spark_submit.py:491} INFO - 25/11/02 12:54:23 INFO Utils: Fetching spark://ec57452a9f33:38815/jars/aws-java-sdk-bundle-1.12.367.jar to /tmp/spark-33b8bab2-96e3-4b31-8dc0-fbb88ae5b851/userFiles-3e73fdc4-93fd-48e6-98c4-e2f8a9738ca1/fetchFileTemp3265152517808061347.tmp
[2025-11-02T12:54:23.458+0000] {spark_submit.py:491} INFO - 25/11/02 12:54:23 INFO Executor: Adding file:/tmp/spark-33b8bab2-96e3-4b31-8dc0-fbb88ae5b851/userFiles-3e73fdc4-93fd-48e6-98c4-e2f8a9738ca1/aws-java-sdk-bundle-1.12.367.jar to class loader default
[2025-11-02T12:54:23.459+0000] {spark_submit.py:491} INFO - 25/11/02 12:54:23 INFO Executor: Fetching spark://ec57452a9f33:38815/jars/hadoop-aws-3.3.4.jar with timestamp 1762088062652
[2025-11-02T12:54:23.459+0000] {spark_submit.py:491} INFO - 25/11/02 12:54:23 INFO Utils: Fetching spark://ec57452a9f33:38815/jars/hadoop-aws-3.3.4.jar to /tmp/spark-33b8bab2-96e3-4b31-8dc0-fbb88ae5b851/userFiles-3e73fdc4-93fd-48e6-98c4-e2f8a9738ca1/fetchFileTemp10885430904945475756.tmp
[2025-11-02T12:54:23.474+0000] {spark_submit.py:491} INFO - 25/11/02 12:54:23 INFO Executor: Adding file:/tmp/spark-33b8bab2-96e3-4b31-8dc0-fbb88ae5b851/userFiles-3e73fdc4-93fd-48e6-98c4-e2f8a9738ca1/hadoop-aws-3.3.4.jar to class loader default
[2025-11-02T12:54:23.474+0000] {spark_submit.py:491} INFO - 25/11/02 12:54:23 INFO Executor: Fetching spark://ec57452a9f33:38815/jars/iceberg-spark-runtime-3.5_2.12-1.4.2.jar with timestamp 1762088062652
[2025-11-02T12:54:23.475+0000] {spark_submit.py:491} INFO - 25/11/02 12:54:23 INFO Utils: Fetching spark://ec57452a9f33:38815/jars/iceberg-spark-runtime-3.5_2.12-1.4.2.jar to /tmp/spark-33b8bab2-96e3-4b31-8dc0-fbb88ae5b851/userFiles-3e73fdc4-93fd-48e6-98c4-e2f8a9738ca1/fetchFileTemp15329656681441489322.tmp
[2025-11-02T12:54:23.552+0000] {spark_submit.py:491} INFO - 25/11/02 12:54:23 INFO Executor: Adding file:/tmp/spark-33b8bab2-96e3-4b31-8dc0-fbb88ae5b851/userFiles-3e73fdc4-93fd-48e6-98c4-e2f8a9738ca1/iceberg-spark-runtime-3.5_2.12-1.4.2.jar to class loader default
[2025-11-02T12:54:23.559+0000] {spark_submit.py:491} INFO - 25/11/02 12:54:23 INFO Utils: Successfully started service 'org.apache.spark.network.netty.NettyBlockTransferService' on port 39759.
[2025-11-02T12:54:23.560+0000] {spark_submit.py:491} INFO - 25/11/02 12:54:23 INFO NettyBlockTransferService: Server created on ec57452a9f33:39759
[2025-11-02T12:54:23.560+0000] {spark_submit.py:491} INFO - 25/11/02 12:54:23 INFO BlockManager: Using org.apache.spark.storage.RandomBlockReplicationPolicy for block replication policy
[2025-11-02T12:54:23.563+0000] {spark_submit.py:491} INFO - 25/11/02 12:54:23 INFO BlockManagerMaster: Registering BlockManager BlockManagerId(driver, ec57452a9f33, 39759, None)
[2025-11-02T12:54:23.565+0000] {spark_submit.py:491} INFO - 25/11/02 12:54:23 INFO BlockManagerMasterEndpoint: Registering block manager ec57452a9f33:39759 with 434.4 MiB RAM, BlockManagerId(driver, ec57452a9f33, 39759, None)
[2025-11-02T12:54:23.566+0000] {spark_submit.py:491} INFO - 25/11/02 12:54:23 INFO BlockManagerMaster: Registered BlockManager BlockManagerId(driver, ec57452a9f33, 39759, None)
[2025-11-02T12:54:23.567+0000] {spark_submit.py:491} INFO - 25/11/02 12:54:23 INFO BlockManager: Initialized BlockManager: BlockManagerId(driver, ec57452a9f33, 39759, None)
[2025-11-02T12:54:24.823+0000] {spark_submit.py:491} INFO - 25/11/02 12:54:24 WARN MetricsConfig: Cannot locate configuration: tried hadoop-metrics2-s3a-file-system.properties,hadoop-metrics2.properties
[2025-11-02T12:54:25.441+0000] {spark_submit.py:491} INFO - Created/verified weather table
[2025-11-02T12:54:25.441+0000] {spark_submit.py:491} INFO - Reading weather data from: /opt/***/data/weather/weather_data_20251102_12.json
[2025-11-02T12:54:26.704+0000] {spark_submit.py:491} INFO - Raw weather data count: 24
[2025-11-02T12:54:26.705+0000] {spark_submit.py:491} INFO - root
[2025-11-02T12:54:26.706+0000] {spark_submit.py:491} INFO - |-- timestamp: string (nullable = true)
[2025-11-02T12:54:26.706+0000] {spark_submit.py:491} INFO - |-- location: string (nullable = true)
[2025-11-02T12:54:26.707+0000] {spark_submit.py:491} INFO - |-- latitude: double (nullable = true)
[2025-11-02T12:54:26.707+0000] {spark_submit.py:491} INFO - |-- longitude: double (nullable = true)
[2025-11-02T12:54:26.707+0000] {spark_submit.py:491} INFO - |-- temperature_celsius: double (nullable = true)
[2025-11-02T12:54:26.707+0000] {spark_submit.py:491} INFO - |-- temperature_fahrenheit: double (nullable = true)
[2025-11-02T12:54:26.707+0000] {spark_submit.py:491} INFO - |-- humidity_percent: double (nullable = true)
[2025-11-02T12:54:26.707+0000] {spark_submit.py:491} INFO - |-- pressure_hpa: double (nullable = true)
[2025-11-02T12:54:26.707+0000] {spark_submit.py:491} INFO - |-- wind_speed_kmh: double (nullable = true)
[2025-11-02T12:54:26.708+0000] {spark_submit.py:491} INFO - |-- weather_condition: string (nullable = true)
[2025-11-02T12:54:26.708+0000] {spark_submit.py:491} INFO - |-- visibility_km: double (nullable = true)
[2025-11-02T12:54:26.708+0000] {spark_submit.py:491} INFO - |-- uv_index: double (nullable = true)
[2025-11-02T12:54:26.708+0000] {spark_submit.py:491} INFO - |-- hour: integer (nullable = true)
[2025-11-02T12:54:26.708+0000] {spark_submit.py:491} INFO - |-- day_of_week: integer (nullable = true)
[2025-11-02T12:54:26.708+0000] {spark_submit.py:491} INFO - |-- is_weekend: boolean (nullable = true)
[2025-11-02T12:54:26.708+0000] {spark_submit.py:491} INFO - 
[2025-11-02T12:54:26.964+0000] {spark_submit.py:491} INFO - Processed weather data count: 24
[2025-11-02T12:54:28.160+0000] {spark_submit.py:491} INFO - Successfully wrote weather data to Iceberg table
[2025-11-02T12:54:29.340+0000] {spark_submit.py:491} INFO - +------------+------------------+-----------------+-----------------+--------------------+
[2025-11-02T12:54:29.341+0000] {spark_submit.py:491} INFO - |weather_date|        avg_temp_c|     avg_humidity|   avg_wind_speed|          conditions|
[2025-11-02T12:54:29.341+0000] {spark_submit.py:491} INFO - +------------+------------------+-----------------+-----------------+--------------------+
[2025-11-02T12:54:29.341+0000] {spark_submit.py:491} INFO - |  2025-11-02|17.403846153846157| 63.1576923076923|7.903846153846154|[clear, snow, rai...|
[2025-11-02T12:54:29.341+0000] {spark_submit.py:491} INFO - |  2025-11-01|15.870909090909093|54.72272727272727| 6.65909090909091|[clear, snow, rai...|
[2025-11-02T12:54:29.341+0000] {spark_submit.py:491} INFO - +------------+------------------+-----------------+-----------------+--------------------+
[2025-11-02T12:54:29.341+0000] {spark_submit.py:491} INFO - 
[2025-11-02T12:54:29.341+0000] {spark_submit.py:491} INFO - Weather ETL job completed successfully!
[2025-11-02T12:54:30.330+0000] {taskinstance.py:1398} INFO - Marking task as SUCCESS. dag_id=nyc_weather_etl, task_id=spark_process_weather_to_iceberg, execution_date=20251102T125404, start_date=20251102T125421, end_date=20251102T125430
[2025-11-02T12:54:30.367+0000] {local_task_job_runner.py:228} INFO - Task exited with return code 0
[2025-11-02T12:54:30.377+0000] {taskinstance.py:2776} INFO - 0 downstream tasks scheduled from follow-on schedule check
