[2025-10-08T12:52:07.043+0000] {taskinstance.py:1157} INFO - Dependencies all met for dep_context=non-requeueable deps ti=<TaskInstance: nyc_weather_etl.spark_process_weather_to_iceberg scheduled__2025-10-08T11:52:04.253286+00:00 [queued]>
[2025-10-08T12:52:07.048+0000] {taskinstance.py:1157} INFO - Dependencies all met for dep_context=requeueable deps ti=<TaskInstance: nyc_weather_etl.spark_process_weather_to_iceberg scheduled__2025-10-08T11:52:04.253286+00:00 [queued]>
[2025-10-08T12:52:07.048+0000] {taskinstance.py:1359} INFO - Starting attempt 1 of 1
[2025-10-08T12:52:07.054+0000] {taskinstance.py:1380} INFO - Executing <Task(SparkSubmitOperator): spark_process_weather_to_iceberg> on 2025-10-08 11:52:04.253286+00:00
[2025-10-08T12:52:07.059+0000] {standard_task_runner.py:57} INFO - Started process 10071 to run task
[2025-10-08T12:52:07.060+0000] {standard_task_runner.py:84} INFO - Running: ['***', 'tasks', 'run', 'nyc_weather_etl', 'spark_process_weather_to_iceberg', 'scheduled__2025-10-08T11:52:04.253286+00:00', '--job-id', '368', '--raw', '--subdir', 'DAGS_FOLDER/nyc_weather_etl.py', '--cfg-path', '/tmp/tmpclys5q4q']
[2025-10-08T12:52:07.062+0000] {standard_task_runner.py:85} INFO - Job 368: Subtask spark_process_weather_to_iceberg
[2025-10-08T12:52:07.215+0000] {task_command.py:415} INFO - Running <TaskInstance: nyc_weather_etl.spark_process_weather_to_iceberg scheduled__2025-10-08T11:52:04.253286+00:00 [running]> on host b40be2a595bb
[2025-10-08T12:52:07.262+0000] {taskinstance.py:1660} INFO - Exporting env vars: AIRFLOW_CTX_DAG_OWNER='data-engineering' AIRFLOW_CTX_DAG_ID='nyc_weather_etl' AIRFLOW_CTX_TASK_ID='spark_process_weather_to_iceberg' AIRFLOW_CTX_EXECUTION_DATE='2025-10-08T11:52:04.253286+00:00' AIRFLOW_CTX_TRY_NUMBER='1' AIRFLOW_CTX_DAG_RUN_ID='scheduled__2025-10-08T11:52:04.253286+00:00'
[2025-10-08T12:52:07.268+0000] {base.py:73} INFO - Using connection ID 'spark_default' for task execution.
[2025-10-08T12:52:07.270+0000] {spark_submit.py:340} INFO - Spark-Submit cmd: /opt/bitnami/spark/bin/spark-submit --master spark://spark-master:7077 --conf spark.master=spark://spark-master:7077 --conf spark.sql.catalog.spark_catalog=org.apache.iceberg.spark.SparkSessionCatalog --conf spark.sql.catalog.spark_catalog.type=hive --conf spark.sql.catalog.iceberg=org.apache.iceberg.spark.SparkCatalog --conf spark.sql.catalog.iceberg.type=hadoop --conf spark.sql.catalog.iceberg.warehouse=s3a://lakehouse/warehouse --conf spark.sql.extensions=org.apache.iceberg.spark.extensions.IcebergSparkSessionExtensions --conf spark.hadoop.fs.s3a.endpoint=http://minio:9000 --conf spark.hadoop.fs.s3a.access.key=admin --conf spark.hadoop.fs.s3a.secret.key=****** --conf spark.hadoop.fs.s3a.path.style.access=true --conf spark.hadoop.fs.s3a.impl=org.apache.hadoop.fs.s3a.S3AFileSystem --jars /opt/***/jars/iceberg-spark-runtime-3.5_2.12-1.4.2.jar,/opt/***/jars/aws-java-sdk-bundle-1.12.367.jar,/opt/***/jars/hadoop-aws-3.3.4.jar --name arrow-spark --queue default /opt/***/dags/spark_jobs/weather_to_iceberg.py /opt/***/data/weather/weather_data_20251008_07.json
[2025-10-08T12:52:08.286+0000] {spark_submit.py:491} INFO - 25/10/08 12:52:08 WARN NativeCodeLoader: Unable to load native-hadoop library for your platform... using builtin-java classes where applicable
[2025-10-08T12:52:08.858+0000] {spark_submit.py:491} INFO - 25/10/08 12:52:08 INFO SparkContext: Running Spark version 3.5.1
[2025-10-08T12:52:08.858+0000] {spark_submit.py:491} INFO - 25/10/08 12:52:08 INFO SparkContext: OS info Linux, 6.10.14-linuxkit, aarch64
[2025-10-08T12:52:08.860+0000] {spark_submit.py:491} INFO - 25/10/08 12:52:08 INFO SparkContext: Java version 11.0.28
[2025-10-08T12:52:08.871+0000] {spark_submit.py:491} INFO - 25/10/08 12:52:08 INFO ResourceUtils: ==============================================================
[2025-10-08T12:52:08.871+0000] {spark_submit.py:491} INFO - 25/10/08 12:52:08 INFO ResourceUtils: No custom resources configured for spark.driver.
[2025-10-08T12:52:08.872+0000] {spark_submit.py:491} INFO - 25/10/08 12:52:08 INFO ResourceUtils: ==============================================================
[2025-10-08T12:52:08.872+0000] {spark_submit.py:491} INFO - 25/10/08 12:52:08 INFO SparkContext: Submitted application: Weather to Iceberg ETL
[2025-10-08T12:52:08.879+0000] {spark_submit.py:491} INFO - 25/10/08 12:52:08 INFO ResourceProfile: Default ResourceProfile created, executor resources: Map(cores -> name: cores, amount: 1, script: , vendor: , memory -> name: memory, amount: 1024, script: , vendor: , offHeap -> name: offHeap, amount: 0, script: , vendor: ), task resources: Map(cpus -> name: cpus, amount: 1.0)
[2025-10-08T12:52:08.885+0000] {spark_submit.py:491} INFO - 25/10/08 12:52:08 INFO ResourceProfile: Limiting resource is cpu
[2025-10-08T12:52:08.886+0000] {spark_submit.py:491} INFO - 25/10/08 12:52:08 INFO ResourceProfileManager: Added ResourceProfile id: 0
[2025-10-08T12:52:08.913+0000] {spark_submit.py:491} INFO - 25/10/08 12:52:08 INFO SecurityManager: Changing view acls to: ***
[2025-10-08T12:52:08.913+0000] {spark_submit.py:491} INFO - 25/10/08 12:52:08 INFO SecurityManager: Changing modify acls to: ***
[2025-10-08T12:52:08.913+0000] {spark_submit.py:491} INFO - 25/10/08 12:52:08 INFO SecurityManager: Changing view acls groups to:
[2025-10-08T12:52:08.914+0000] {spark_submit.py:491} INFO - 25/10/08 12:52:08 INFO SecurityManager: Changing modify acls groups to:
[2025-10-08T12:52:08.915+0000] {spark_submit.py:491} INFO - 25/10/08 12:52:08 INFO SecurityManager: SecurityManager: authentication disabled; ui acls disabled; users with view permissions: ***; groups with view permissions: EMPTY; users with modify permissions: ***; groups with modify permissions: EMPTY
[2025-10-08T12:52:09.001+0000] {spark_submit.py:491} INFO - 25/10/08 12:52:09 INFO Utils: Successfully started service 'sparkDriver' on port 45695.
[2025-10-08T12:52:09.013+0000] {spark_submit.py:491} INFO - 25/10/08 12:52:09 INFO SparkEnv: Registering MapOutputTracker
[2025-10-08T12:52:09.027+0000] {spark_submit.py:491} INFO - 25/10/08 12:52:09 INFO SparkEnv: Registering BlockManagerMaster
[2025-10-08T12:52:09.035+0000] {spark_submit.py:491} INFO - 25/10/08 12:52:09 INFO BlockManagerMasterEndpoint: Using org.apache.spark.storage.DefaultTopologyMapper for getting topology information
[2025-10-08T12:52:09.036+0000] {spark_submit.py:491} INFO - 25/10/08 12:52:09 INFO BlockManagerMasterEndpoint: BlockManagerMasterEndpoint up
[2025-10-08T12:52:09.037+0000] {spark_submit.py:491} INFO - 25/10/08 12:52:09 INFO SparkEnv: Registering BlockManagerMasterHeartbeat
[2025-10-08T12:52:09.046+0000] {spark_submit.py:491} INFO - 25/10/08 12:52:09 INFO DiskBlockManager: Created local directory at /tmp/blockmgr-7575aba8-7ba0-49b4-8952-6955d85a8a25
[2025-10-08T12:52:09.050+0000] {spark_submit.py:491} INFO - 25/10/08 12:52:09 INFO MemoryStore: MemoryStore started with capacity 434.4 MiB
[2025-10-08T12:52:09.055+0000] {spark_submit.py:491} INFO - 25/10/08 12:52:09 INFO SparkEnv: Registering OutputCommitCoordinator
[2025-10-08T12:52:09.101+0000] {spark_submit.py:491} INFO - 25/10/08 12:52:09 INFO JettyUtils: Start Jetty 0.0.0.0:4040 for SparkUI
[2025-10-08T12:52:09.120+0000] {spark_submit.py:491} INFO - 25/10/08 12:52:09 INFO Utils: Successfully started service 'SparkUI' on port 4040.
[2025-10-08T12:52:09.134+0000] {spark_submit.py:491} INFO - 25/10/08 12:52:09 INFO SparkContext: Added JAR file:///opt/***/jars/iceberg-spark-runtime-3.5_2.12-1.4.2.jar at spark://b40be2a595bb:45695/jars/iceberg-spark-runtime-3.5_2.12-1.4.2.jar with timestamp 1759927928852
[2025-10-08T12:52:09.134+0000] {spark_submit.py:491} INFO - 25/10/08 12:52:09 INFO SparkContext: Added JAR file:///opt/***/jars/aws-java-sdk-bundle-1.12.367.jar at spark://b40be2a595bb:45695/jars/aws-java-sdk-bundle-1.12.367.jar with timestamp 1759927928852
[2025-10-08T12:52:09.135+0000] {spark_submit.py:491} INFO - 25/10/08 12:52:09 INFO SparkContext: Added JAR file:///opt/***/jars/hadoop-aws-3.3.4.jar at spark://b40be2a595bb:45695/jars/hadoop-aws-3.3.4.jar with timestamp 1759927928852
[2025-10-08T12:52:09.154+0000] {spark_submit.py:491} INFO - 25/10/08 12:52:09 INFO Executor: Starting executor ID driver on host b40be2a595bb
[2025-10-08T12:52:09.155+0000] {spark_submit.py:491} INFO - 25/10/08 12:52:09 INFO Executor: OS info Linux, 6.10.14-linuxkit, aarch64
[2025-10-08T12:52:09.155+0000] {spark_submit.py:491} INFO - 25/10/08 12:52:09 INFO Executor: Java version 11.0.28
[2025-10-08T12:52:09.156+0000] {spark_submit.py:491} INFO - 25/10/08 12:52:09 INFO Executor: Starting executor with user classpath (userClassPathFirst = false): ''
[2025-10-08T12:52:09.157+0000] {spark_submit.py:491} INFO - 25/10/08 12:52:09 INFO Executor: Created or updated repl class loader org.apache.spark.util.MutableURLClassLoader@b626707 for default.
[2025-10-08T12:52:09.160+0000] {spark_submit.py:491} INFO - 25/10/08 12:52:09 INFO Executor: Fetching spark://b40be2a595bb:45695/jars/aws-java-sdk-bundle-1.12.367.jar with timestamp 1759927928852
[2025-10-08T12:52:09.185+0000] {spark_submit.py:491} INFO - 25/10/08 12:52:09 INFO TransportClientFactory: Successfully created connection to b40be2a595bb/172.18.0.15:45695 after 10 ms (0 ms spent in bootstraps)
[2025-10-08T12:52:09.188+0000] {spark_submit.py:491} INFO - 25/10/08 12:52:09 INFO Utils: Fetching spark://b40be2a595bb:45695/jars/aws-java-sdk-bundle-1.12.367.jar to /tmp/spark-47e43283-15bc-442f-9570-e8dcf7c753ad/userFiles-b9b9577a-9688-4b07-8ae6-95156118531a/fetchFileTemp10107863903833122779.tmp
[2025-10-08T12:52:09.652+0000] {spark_submit.py:491} INFO - 25/10/08 12:52:09 INFO Executor: Adding file:/tmp/spark-47e43283-15bc-442f-9570-e8dcf7c753ad/userFiles-b9b9577a-9688-4b07-8ae6-95156118531a/aws-java-sdk-bundle-1.12.367.jar to class loader default
[2025-10-08T12:52:09.653+0000] {spark_submit.py:491} INFO - 25/10/08 12:52:09 INFO Executor: Fetching spark://b40be2a595bb:45695/jars/hadoop-aws-3.3.4.jar with timestamp 1759927928852
[2025-10-08T12:52:09.653+0000] {spark_submit.py:491} INFO - 25/10/08 12:52:09 INFO Utils: Fetching spark://b40be2a595bb:45695/jars/hadoop-aws-3.3.4.jar to /tmp/spark-47e43283-15bc-442f-9570-e8dcf7c753ad/userFiles-b9b9577a-9688-4b07-8ae6-95156118531a/fetchFileTemp14978208101977759995.tmp
[2025-10-08T12:52:09.660+0000] {spark_submit.py:491} INFO - 25/10/08 12:52:09 INFO Executor: Adding file:/tmp/spark-47e43283-15bc-442f-9570-e8dcf7c753ad/userFiles-b9b9577a-9688-4b07-8ae6-95156118531a/hadoop-aws-3.3.4.jar to class loader default
[2025-10-08T12:52:09.661+0000] {spark_submit.py:491} INFO - 25/10/08 12:52:09 INFO Executor: Fetching spark://b40be2a595bb:45695/jars/iceberg-spark-runtime-3.5_2.12-1.4.2.jar with timestamp 1759927928852
[2025-10-08T12:52:09.661+0000] {spark_submit.py:491} INFO - 25/10/08 12:52:09 INFO Utils: Fetching spark://b40be2a595bb:45695/jars/iceberg-spark-runtime-3.5_2.12-1.4.2.jar to /tmp/spark-47e43283-15bc-442f-9570-e8dcf7c753ad/userFiles-b9b9577a-9688-4b07-8ae6-95156118531a/fetchFileTemp16070432128231064417.tmp
[2025-10-08T12:52:09.695+0000] {spark_submit.py:491} INFO - 25/10/08 12:52:09 INFO Executor: Adding file:/tmp/spark-47e43283-15bc-442f-9570-e8dcf7c753ad/userFiles-b9b9577a-9688-4b07-8ae6-95156118531a/iceberg-spark-runtime-3.5_2.12-1.4.2.jar to class loader default
[2025-10-08T12:52:09.701+0000] {spark_submit.py:491} INFO - 25/10/08 12:52:09 INFO Utils: Successfully started service 'org.apache.spark.network.netty.NettyBlockTransferService' on port 36171.
[2025-10-08T12:52:09.701+0000] {spark_submit.py:491} INFO - 25/10/08 12:52:09 INFO NettyBlockTransferService: Server created on b40be2a595bb:36171
[2025-10-08T12:52:09.701+0000] {spark_submit.py:491} INFO - 25/10/08 12:52:09 INFO BlockManager: Using org.apache.spark.storage.RandomBlockReplicationPolicy for block replication policy
[2025-10-08T12:52:09.705+0000] {spark_submit.py:491} INFO - 25/10/08 12:52:09 INFO BlockManagerMaster: Registering BlockManager BlockManagerId(driver, b40be2a595bb, 36171, None)
[2025-10-08T12:52:09.712+0000] {spark_submit.py:491} INFO - 25/10/08 12:52:09 INFO BlockManagerMasterEndpoint: Registering block manager b40be2a595bb:36171 with 434.4 MiB RAM, BlockManagerId(driver, b40be2a595bb, 36171, None)
[2025-10-08T12:52:09.716+0000] {spark_submit.py:491} INFO - 25/10/08 12:52:09 INFO BlockManagerMaster: Registered BlockManager BlockManagerId(driver, b40be2a595bb, 36171, None)
[2025-10-08T12:52:09.732+0000] {spark_submit.py:491} INFO - 25/10/08 12:52:09 INFO BlockManager: Initialized BlockManager: BlockManagerId(driver, b40be2a595bb, 36171, None)
[2025-10-08T12:52:11.074+0000] {spark_submit.py:491} INFO - 25/10/08 12:52:11 WARN MetricsConfig: Cannot locate configuration: tried hadoop-metrics2-s3a-file-system.properties,hadoop-metrics2.properties
[2025-10-08T12:52:11.710+0000] {spark_submit.py:491} INFO - Created/verified weather table
[2025-10-08T12:52:11.711+0000] {spark_submit.py:491} INFO - Reading weather data from: /opt/***/data/weather/weather_data_20251008_07.json
[2025-10-08T12:52:11.843+0000] {spark_submit.py:491} INFO - Error in weather ETL job: [CANNOT_MERGE_TYPE] Can not merge type `LongType` and `DoubleType`.
[2025-10-08T12:52:12.335+0000] {spark_submit.py:491} INFO - Traceback (most recent call last):
[2025-10-08T12:52:12.335+0000] {spark_submit.py:491} INFO - File "/opt/***/dags/spark_jobs/weather_to_iceberg.py", line 151, in <module>
[2025-10-08T12:52:12.335+0000] {spark_submit.py:491} INFO - main()
[2025-10-08T12:52:12.335+0000] {spark_submit.py:491} INFO - File "/opt/***/dags/spark_jobs/weather_to_iceberg.py", line 140, in main
[2025-10-08T12:52:12.336+0000] {spark_submit.py:491} INFO - process_weather_data(spark, input_path)
[2025-10-08T12:52:12.336+0000] {spark_submit.py:491} INFO - File "/opt/***/dags/spark_jobs/weather_to_iceberg.py", line 86, in process_weather_data
[2025-10-08T12:52:12.336+0000] {spark_submit.py:491} INFO - df = spark.createDataFrame(weather_data)
[2025-10-08T12:52:12.336+0000] {spark_submit.py:491} INFO - File "/opt/bitnami/spark/python/lib/pyspark.zip/pyspark/sql/session.py", line 1443, in createDataFrame
[2025-10-08T12:52:12.336+0000] {spark_submit.py:491} INFO - File "/opt/bitnami/spark/python/lib/pyspark.zip/pyspark/sql/session.py", line 1485, in _create_dataframe
[2025-10-08T12:52:12.336+0000] {spark_submit.py:491} INFO - File "/opt/bitnami/spark/python/lib/pyspark.zip/pyspark/sql/session.py", line 1093, in _createFromLocal
[2025-10-08T12:52:12.336+0000] {spark_submit.py:491} INFO - File "/opt/bitnami/spark/python/lib/pyspark.zip/pyspark/sql/session.py", line 955, in _inferSchemaFromList
[2025-10-08T12:52:12.336+0000] {spark_submit.py:491} INFO - File "/opt/bitnami/spark/python/lib/pyspark.zip/pyspark/sql/types.py", line 1787, in _merge_type
[2025-10-08T12:52:12.337+0000] {spark_submit.py:491} INFO - File "/opt/bitnami/spark/python/lib/pyspark.zip/pyspark/sql/types.py", line 1789, in <listcomp>
[2025-10-08T12:52:12.337+0000] {spark_submit.py:491} INFO - File "/opt/bitnami/spark/python/lib/pyspark.zip/pyspark/sql/types.py", line 1779, in _merge_type
[2025-10-08T12:52:12.337+0000] {spark_submit.py:491} INFO - pyspark.errors.exceptions.base.PySparkTypeError: [CANNOT_MERGE_TYPE] Can not merge type `LongType` and `DoubleType`.
[2025-10-08T12:52:12.421+0000] {taskinstance.py:1935} ERROR - Task failed with exception
Traceback (most recent call last):
  File "/home/airflow/.local/lib/python3.8/site-packages/airflow/providers/apache/spark/operators/spark_submit.py", line 156, in execute
    self._hook.submit(self._application)
  File "/home/airflow/.local/lib/python3.8/site-packages/airflow/providers/apache/spark/hooks/spark_submit.py", line 422, in submit
    raise AirflowException(
airflow.exceptions.AirflowException: Cannot execute: /opt/bitnami/spark/bin/spark-submit --master spark://spark-master:7077 --conf spark.master=spark://spark-master:7077 --conf spark.sql.catalog.spark_catalog=org.apache.iceberg.spark.SparkSessionCatalog --conf spark.sql.catalog.spark_catalog.type=hive --conf spark.sql.catalog.iceberg=org.apache.iceberg.spark.SparkCatalog --conf spark.sql.catalog.iceberg.type=hadoop --conf spark.sql.catalog.iceberg.warehouse=s3a://lakehouse/warehouse --conf spark.sql.extensions=org.apache.iceberg.spark.extensions.IcebergSparkSessionExtensions --conf spark.hadoop.fs.s3a.endpoint=http://minio:9000 --conf spark.hadoop.fs.s3a.access.key=admin --conf spark.hadoop.fs.s3a.secret.key=****** --conf spark.hadoop.fs.s3a.path.style.access=true --conf spark.hadoop.fs.s3a.impl=org.apache.hadoop.fs.s3a.S3AFileSystem --jars /opt/***/jars/iceberg-spark-runtime-3.5_2.12-1.4.2.jar,/opt/***/jars/aws-java-sdk-bundle-1.12.367.jar,/opt/***/jars/hadoop-aws-3.3.4.jar --name arrow-spark --queue default /opt/***/dags/spark_jobs/weather_to_iceberg.py /opt/***/data/weather/weather_data_20251008_07.json. Error code is: 1.
[2025-10-08T12:52:12.423+0000] {taskinstance.py:1398} INFO - Marking task as FAILED. dag_id=nyc_weather_etl, task_id=spark_process_weather_to_iceberg, execution_date=20251008T115204, start_date=20251008T125207, end_date=20251008T125212
[2025-10-08T12:52:12.431+0000] {standard_task_runner.py:104} ERROR - Failed to execute job 368 for task spark_process_weather_to_iceberg (Cannot execute: /opt/bitnami/spark/bin/spark-submit --master spark://spark-master:7077 --conf spark.master=spark://spark-master:7077 --conf spark.sql.catalog.spark_catalog=org.apache.iceberg.spark.SparkSessionCatalog --conf spark.sql.catalog.spark_catalog.type=hive --conf spark.sql.catalog.iceberg=org.apache.iceberg.spark.SparkCatalog --conf spark.sql.catalog.iceberg.type=hadoop --conf spark.sql.catalog.iceberg.warehouse=s3a://lakehouse/warehouse --conf spark.sql.extensions=org.apache.iceberg.spark.extensions.IcebergSparkSessionExtensions --conf spark.hadoop.fs.s3a.endpoint=http://minio:9000 --conf spark.hadoop.fs.s3a.access.key=admin --conf spark.hadoop.fs.s3a.secret.key=****** --conf spark.hadoop.fs.s3a.path.style.access=true --conf spark.hadoop.fs.s3a.impl=org.apache.hadoop.fs.s3a.S3AFileSystem --jars /opt/***/jars/iceberg-spark-runtime-3.5_2.12-1.4.2.jar,/opt/***/jars/aws-java-sdk-bundle-1.12.367.jar,/opt/***/jars/hadoop-aws-3.3.4.jar --name arrow-spark --queue default /opt/***/dags/spark_jobs/weather_to_iceberg.py /opt/***/data/weather/weather_data_20251008_07.json. Error code is: 1.; 10071)
[2025-10-08T12:52:12.439+0000] {local_task_job_runner.py:228} INFO - Task exited with return code 1
[2025-10-08T12:52:12.446+0000] {taskinstance.py:2776} INFO - 0 downstream tasks scheduled from follow-on schedule check
