[2025-10-16T07:38:47.019+0000] {taskinstance.py:1157} INFO - Dependencies all met for dep_context=non-requeueable deps ti=<TaskInstance: nyc_weather_etl.spark_process_weather_to_iceberg scheduled__2025-10-16T06:38:43.302003+00:00 [queued]>
[2025-10-16T07:38:47.024+0000] {taskinstance.py:1157} INFO - Dependencies all met for dep_context=requeueable deps ti=<TaskInstance: nyc_weather_etl.spark_process_weather_to_iceberg scheduled__2025-10-16T06:38:43.302003+00:00 [queued]>
[2025-10-16T07:38:47.024+0000] {taskinstance.py:1359} INFO - Starting attempt 1 of 1
[2025-10-16T07:38:47.030+0000] {taskinstance.py:1380} INFO - Executing <Task(SparkSubmitOperator): spark_process_weather_to_iceberg> on 2025-10-16 06:38:43.302003+00:00
[2025-10-16T07:38:47.032+0000] {standard_task_runner.py:57} INFO - Started process 6031 to run task
[2025-10-16T07:38:47.034+0000] {standard_task_runner.py:84} INFO - Running: ['***', 'tasks', 'run', 'nyc_weather_etl', 'spark_process_weather_to_iceberg', 'scheduled__2025-10-16T06:38:43.302003+00:00', '--job-id', '592', '--raw', '--subdir', 'DAGS_FOLDER/nyc_weather_etl.py', '--cfg-path', '/tmp/tmp9wp8i42p']
[2025-10-16T07:38:47.035+0000] {standard_task_runner.py:85} INFO - Job 592: Subtask spark_process_weather_to_iceberg
[2025-10-16T07:38:47.058+0000] {task_command.py:415} INFO - Running <TaskInstance: nyc_weather_etl.spark_process_weather_to_iceberg scheduled__2025-10-16T06:38:43.302003+00:00 [running]> on host b40be2a595bb
[2025-10-16T07:38:47.173+0000] {taskinstance.py:1660} INFO - Exporting env vars: AIRFLOW_CTX_DAG_OWNER='data-engineering' AIRFLOW_CTX_DAG_ID='nyc_weather_etl' AIRFLOW_CTX_TASK_ID='spark_process_weather_to_iceberg' AIRFLOW_CTX_EXECUTION_DATE='2025-10-16T06:38:43.302003+00:00' AIRFLOW_CTX_TRY_NUMBER='1' AIRFLOW_CTX_DAG_RUN_ID='scheduled__2025-10-16T06:38:43.302003+00:00'
[2025-10-16T07:38:47.176+0000] {base.py:73} INFO - Using connection ID 'spark_default' for task execution.
[2025-10-16T07:38:47.178+0000] {spark_submit.py:340} INFO - Spark-Submit cmd: /opt/bitnami/spark/bin/spark-submit --master spark://spark-master:7077 --conf spark.master=spark://spark-master:7077 --conf spark.sql.catalog.spark_catalog=org.apache.iceberg.spark.SparkSessionCatalog --conf spark.sql.catalog.spark_catalog.type=hive --conf spark.sql.catalog.iceberg=org.apache.iceberg.spark.SparkCatalog --conf spark.sql.catalog.iceberg.type=hadoop --conf spark.sql.catalog.iceberg.warehouse=s3a://lakehouse/warehouse --conf spark.sql.extensions=org.apache.iceberg.spark.extensions.IcebergSparkSessionExtensions --conf spark.hadoop.fs.s3a.endpoint=http://minio:9000 --conf spark.hadoop.fs.s3a.access.key=admin --conf spark.hadoop.fs.s3a.secret.key=****** --conf spark.hadoop.fs.s3a.path.style.access=true --conf spark.hadoop.fs.s3a.impl=org.apache.hadoop.fs.s3a.S3AFileSystem --jars /opt/***/jars/iceberg-spark-runtime-3.5_2.12-1.4.2.jar,/opt/***/jars/aws-java-sdk-bundle-1.12.367.jar,/opt/***/jars/hadoop-aws-3.3.4.jar --name arrow-spark --queue default /opt/***/dags/spark_jobs/weather_to_iceberg.py /opt/***/data/weather/weather_data_20251008_06.json
[2025-10-16T07:38:47.997+0000] {spark_submit.py:491} INFO - 25/10/16 07:38:47 WARN NativeCodeLoader: Unable to load native-hadoop library for your platform... using builtin-java classes where applicable
[2025-10-16T07:38:48.645+0000] {spark_submit.py:491} INFO - 25/10/16 07:38:48 INFO SparkContext: Running Spark version 3.5.1
[2025-10-16T07:38:48.648+0000] {spark_submit.py:491} INFO - 25/10/16 07:38:48 INFO SparkContext: OS info Linux, 6.10.14-linuxkit, aarch64
[2025-10-16T07:38:48.649+0000] {spark_submit.py:491} INFO - 25/10/16 07:38:48 INFO SparkContext: Java version 11.0.28
[2025-10-16T07:38:48.656+0000] {spark_submit.py:491} INFO - 25/10/16 07:38:48 INFO ResourceUtils: ==============================================================
[2025-10-16T07:38:48.657+0000] {spark_submit.py:491} INFO - 25/10/16 07:38:48 INFO ResourceUtils: No custom resources configured for spark.driver.
[2025-10-16T07:38:48.657+0000] {spark_submit.py:491} INFO - 25/10/16 07:38:48 INFO ResourceUtils: ==============================================================
[2025-10-16T07:38:48.657+0000] {spark_submit.py:491} INFO - 25/10/16 07:38:48 INFO SparkContext: Submitted application: Weather to Iceberg ETL
[2025-10-16T07:38:48.664+0000] {spark_submit.py:491} INFO - 25/10/16 07:38:48 INFO ResourceProfile: Default ResourceProfile created, executor resources: Map(cores -> name: cores, amount: 1, script: , vendor: , memory -> name: memory, amount: 1024, script: , vendor: , offHeap -> name: offHeap, amount: 0, script: , vendor: ), task resources: Map(cpus -> name: cpus, amount: 1.0)
[2025-10-16T07:38:48.668+0000] {spark_submit.py:491} INFO - 25/10/16 07:38:48 INFO ResourceProfile: Limiting resource is cpu
[2025-10-16T07:38:48.668+0000] {spark_submit.py:491} INFO - 25/10/16 07:38:48 INFO ResourceProfileManager: Added ResourceProfile id: 0
[2025-10-16T07:38:48.692+0000] {spark_submit.py:491} INFO - 25/10/16 07:38:48 INFO SecurityManager: Changing view acls to: ***
[2025-10-16T07:38:48.692+0000] {spark_submit.py:491} INFO - 25/10/16 07:38:48 INFO SecurityManager: Changing modify acls to: ***
[2025-10-16T07:38:48.692+0000] {spark_submit.py:491} INFO - 25/10/16 07:38:48 INFO SecurityManager: Changing view acls groups to:
[2025-10-16T07:38:48.693+0000] {spark_submit.py:491} INFO - 25/10/16 07:38:48 INFO SecurityManager: Changing modify acls groups to:
[2025-10-16T07:38:48.694+0000] {spark_submit.py:491} INFO - 25/10/16 07:38:48 INFO SecurityManager: SecurityManager: authentication disabled; ui acls disabled; users with view permissions: ***; groups with view permissions: EMPTY; users with modify permissions: ***; groups with modify permissions: EMPTY
[2025-10-16T07:38:48.778+0000] {spark_submit.py:491} INFO - 25/10/16 07:38:48 INFO Utils: Successfully started service 'sparkDriver' on port 37981.
[2025-10-16T07:38:48.791+0000] {spark_submit.py:491} INFO - 25/10/16 07:38:48 INFO SparkEnv: Registering MapOutputTracker
[2025-10-16T07:38:48.805+0000] {spark_submit.py:491} INFO - 25/10/16 07:38:48 INFO SparkEnv: Registering BlockManagerMaster
[2025-10-16T07:38:48.814+0000] {spark_submit.py:491} INFO - 25/10/16 07:38:48 INFO BlockManagerMasterEndpoint: Using org.apache.spark.storage.DefaultTopologyMapper for getting topology information
[2025-10-16T07:38:48.814+0000] {spark_submit.py:491} INFO - 25/10/16 07:38:48 INFO BlockManagerMasterEndpoint: BlockManagerMasterEndpoint up
[2025-10-16T07:38:48.815+0000] {spark_submit.py:491} INFO - 25/10/16 07:38:48 INFO SparkEnv: Registering BlockManagerMasterHeartbeat
[2025-10-16T07:38:48.825+0000] {spark_submit.py:491} INFO - 25/10/16 07:38:48 INFO DiskBlockManager: Created local directory at /tmp/blockmgr-8e65d03b-858a-4aa2-802c-992f631f2dfd
[2025-10-16T07:38:48.831+0000] {spark_submit.py:491} INFO - 25/10/16 07:38:48 INFO MemoryStore: MemoryStore started with capacity 434.4 MiB
[2025-10-16T07:38:48.837+0000] {spark_submit.py:491} INFO - 25/10/16 07:38:48 INFO SparkEnv: Registering OutputCommitCoordinator
[2025-10-16T07:38:48.887+0000] {spark_submit.py:491} INFO - 25/10/16 07:38:48 INFO JettyUtils: Start Jetty 0.0.0.0:4040 for SparkUI
[2025-10-16T07:38:48.907+0000] {spark_submit.py:491} INFO - 25/10/16 07:38:48 INFO Utils: Successfully started service 'SparkUI' on port 4040.
[2025-10-16T07:38:48.920+0000] {spark_submit.py:491} INFO - 25/10/16 07:38:48 INFO SparkContext: Added JAR file:///opt/***/jars/iceberg-spark-runtime-3.5_2.12-1.4.2.jar at spark://b40be2a595bb:37981/jars/iceberg-spark-runtime-3.5_2.12-1.4.2.jar with timestamp 1760600328642
[2025-10-16T07:38:48.921+0000] {spark_submit.py:491} INFO - 25/10/16 07:38:48 INFO SparkContext: Added JAR file:///opt/***/jars/aws-java-sdk-bundle-1.12.367.jar at spark://b40be2a595bb:37981/jars/aws-java-sdk-bundle-1.12.367.jar with timestamp 1760600328642
[2025-10-16T07:38:48.921+0000] {spark_submit.py:491} INFO - 25/10/16 07:38:48 INFO SparkContext: Added JAR file:///opt/***/jars/hadoop-aws-3.3.4.jar at spark://b40be2a595bb:37981/jars/hadoop-aws-3.3.4.jar with timestamp 1760600328642
[2025-10-16T07:38:48.943+0000] {spark_submit.py:491} INFO - 25/10/16 07:38:48 INFO Executor: Starting executor ID driver on host b40be2a595bb
[2025-10-16T07:38:48.943+0000] {spark_submit.py:491} INFO - 25/10/16 07:38:48 INFO Executor: OS info Linux, 6.10.14-linuxkit, aarch64
[2025-10-16T07:38:48.943+0000] {spark_submit.py:491} INFO - 25/10/16 07:38:48 INFO Executor: Java version 11.0.28
[2025-10-16T07:38:48.945+0000] {spark_submit.py:491} INFO - 25/10/16 07:38:48 INFO Executor: Starting executor with user classpath (userClassPathFirst = false): ''
[2025-10-16T07:38:48.945+0000] {spark_submit.py:491} INFO - 25/10/16 07:38:48 INFO Executor: Created or updated repl class loader org.apache.spark.util.MutableURLClassLoader@5f0b7f31 for default.
[2025-10-16T07:38:48.949+0000] {spark_submit.py:491} INFO - 25/10/16 07:38:48 INFO Executor: Fetching spark://b40be2a595bb:37981/jars/hadoop-aws-3.3.4.jar with timestamp 1760600328642
[2025-10-16T07:38:48.969+0000] {spark_submit.py:491} INFO - 25/10/16 07:38:48 INFO TransportClientFactory: Successfully created connection to b40be2a595bb/172.18.0.3:37981 after 10 ms (0 ms spent in bootstraps)
[2025-10-16T07:38:48.971+0000] {spark_submit.py:491} INFO - 25/10/16 07:38:48 INFO Utils: Fetching spark://b40be2a595bb:37981/jars/hadoop-aws-3.3.4.jar to /tmp/spark-07d111bb-fa66-4234-a58d-3e5a6378f211/userFiles-f2e7de96-4562-411b-8d47-4faa7c3a43f2/fetchFileTemp10895234064355953172.tmp
[2025-10-16T07:38:48.985+0000] {spark_submit.py:491} INFO - 25/10/16 07:38:48 INFO Executor: Adding file:/tmp/spark-07d111bb-fa66-4234-a58d-3e5a6378f211/userFiles-f2e7de96-4562-411b-8d47-4faa7c3a43f2/hadoop-aws-3.3.4.jar to class loader default
[2025-10-16T07:38:48.985+0000] {spark_submit.py:491} INFO - 25/10/16 07:38:48 INFO Executor: Fetching spark://b40be2a595bb:37981/jars/iceberg-spark-runtime-3.5_2.12-1.4.2.jar with timestamp 1760600328642
[2025-10-16T07:38:48.985+0000] {spark_submit.py:491} INFO - 25/10/16 07:38:48 INFO Utils: Fetching spark://b40be2a595bb:37981/jars/iceberg-spark-runtime-3.5_2.12-1.4.2.jar to /tmp/spark-07d111bb-fa66-4234-a58d-3e5a6378f211/userFiles-f2e7de96-4562-411b-8d47-4faa7c3a43f2/fetchFileTemp12173938888106881441.tmp
[2025-10-16T07:38:49.021+0000] {spark_submit.py:491} INFO - 25/10/16 07:38:49 INFO Executor: Adding file:/tmp/spark-07d111bb-fa66-4234-a58d-3e5a6378f211/userFiles-f2e7de96-4562-411b-8d47-4faa7c3a43f2/iceberg-spark-runtime-3.5_2.12-1.4.2.jar to class loader default
[2025-10-16T07:38:49.021+0000] {spark_submit.py:491} INFO - 25/10/16 07:38:49 INFO Executor: Fetching spark://b40be2a595bb:37981/jars/aws-java-sdk-bundle-1.12.367.jar with timestamp 1760600328642
[2025-10-16T07:38:49.022+0000] {spark_submit.py:491} INFO - 25/10/16 07:38:49 INFO Utils: Fetching spark://b40be2a595bb:37981/jars/aws-java-sdk-bundle-1.12.367.jar to /tmp/spark-07d111bb-fa66-4234-a58d-3e5a6378f211/userFiles-f2e7de96-4562-411b-8d47-4faa7c3a43f2/fetchFileTemp16517973613544292763.tmp
[2025-10-16T07:38:49.268+0000] {spark_submit.py:491} INFO - 25/10/16 07:38:49 INFO Executor: Adding file:/tmp/spark-07d111bb-fa66-4234-a58d-3e5a6378f211/userFiles-f2e7de96-4562-411b-8d47-4faa7c3a43f2/aws-java-sdk-bundle-1.12.367.jar to class loader default
[2025-10-16T07:38:49.275+0000] {spark_submit.py:491} INFO - 25/10/16 07:38:49 INFO Utils: Successfully started service 'org.apache.spark.network.netty.NettyBlockTransferService' on port 38877.
[2025-10-16T07:38:49.275+0000] {spark_submit.py:491} INFO - 25/10/16 07:38:49 INFO NettyBlockTransferService: Server created on b40be2a595bb:38877
[2025-10-16T07:38:49.276+0000] {spark_submit.py:491} INFO - 25/10/16 07:38:49 INFO BlockManager: Using org.apache.spark.storage.RandomBlockReplicationPolicy for block replication policy
[2025-10-16T07:38:49.279+0000] {spark_submit.py:491} INFO - 25/10/16 07:38:49 INFO BlockManagerMaster: Registering BlockManager BlockManagerId(driver, b40be2a595bb, 38877, None)
[2025-10-16T07:38:49.280+0000] {spark_submit.py:491} INFO - 25/10/16 07:38:49 INFO BlockManagerMasterEndpoint: Registering block manager b40be2a595bb:38877 with 434.4 MiB RAM, BlockManagerId(driver, b40be2a595bb, 38877, None)
[2025-10-16T07:38:49.281+0000] {spark_submit.py:491} INFO - 25/10/16 07:38:49 INFO BlockManagerMaster: Registered BlockManager BlockManagerId(driver, b40be2a595bb, 38877, None)
[2025-10-16T07:38:49.282+0000] {spark_submit.py:491} INFO - 25/10/16 07:38:49 INFO BlockManager: Initialized BlockManager: BlockManagerId(driver, b40be2a595bb, 38877, None)
[2025-10-16T07:38:50.445+0000] {spark_submit.py:491} INFO - 25/10/16 07:38:50 WARN MetricsConfig: Cannot locate configuration: tried hadoop-metrics2-s3a-file-system.properties,hadoop-metrics2.properties
[2025-10-16T07:38:50.991+0000] {spark_submit.py:491} INFO - Created/verified weather table
[2025-10-16T07:38:50.992+0000] {spark_submit.py:491} INFO - Reading weather data from: /opt/***/data/weather/weather_data_20251008_06.json
[2025-10-16T07:38:51.110+0000] {spark_submit.py:491} INFO - Error in weather ETL job: [CANNOT_ACCEPT_OBJECT_IN_TYPE] `DoubleType()` can not accept object `0` in type `int`.
[2025-10-16T07:38:51.385+0000] {spark_submit.py:491} INFO - Traceback (most recent call last):
[2025-10-16T07:38:51.385+0000] {spark_submit.py:491} INFO - File "/opt/***/dags/spark_jobs/weather_to_iceberg.py", line 194, in <module>
[2025-10-16T07:38:51.385+0000] {spark_submit.py:491} INFO - main()
[2025-10-16T07:38:51.385+0000] {spark_submit.py:491} INFO - File "/opt/***/dags/spark_jobs/weather_to_iceberg.py", line 183, in main
[2025-10-16T07:38:51.385+0000] {spark_submit.py:491} INFO - process_weather_data(spark, input_path)
[2025-10-16T07:38:51.385+0000] {spark_submit.py:491} INFO - File "/opt/***/dags/spark_jobs/weather_to_iceberg.py", line 127, in process_weather_data
[2025-10-16T07:38:51.385+0000] {spark_submit.py:491} INFO - df = spark.createDataFrame(weather_data, schema=weather_schema)
[2025-10-16T07:38:51.385+0000] {spark_submit.py:491} INFO - File "/opt/bitnami/spark/python/lib/pyspark.zip/pyspark/sql/session.py", line 1443, in createDataFrame
[2025-10-16T07:38:51.385+0000] {spark_submit.py:491} INFO - File "/opt/bitnami/spark/python/lib/pyspark.zip/pyspark/sql/session.py", line 1485, in _create_dataframe
[2025-10-16T07:38:51.385+0000] {spark_submit.py:491} INFO - File "/opt/bitnami/spark/python/lib/pyspark.zip/pyspark/sql/session.py", line 1090, in _createFromLocal
[2025-10-16T07:38:51.386+0000] {spark_submit.py:491} INFO - File "/opt/bitnami/spark/python/lib/pyspark.zip/pyspark/sql/session.py", line 1459, in prepare
[2025-10-16T07:38:51.386+0000] {spark_submit.py:491} INFO - File "/opt/bitnami/spark/python/lib/pyspark.zip/pyspark/sql/types.py", line 2187, in verify
[2025-10-16T07:38:51.386+0000] {spark_submit.py:491} INFO - File "/opt/bitnami/spark/python/lib/pyspark.zip/pyspark/sql/types.py", line 2147, in verify_struct
[2025-10-16T07:38:51.386+0000] {spark_submit.py:491} INFO - File "/opt/bitnami/spark/python/lib/pyspark.zip/pyspark/sql/types.py", line 2187, in verify
[2025-10-16T07:38:51.386+0000] {spark_submit.py:491} INFO - File "/opt/bitnami/spark/python/lib/pyspark.zip/pyspark/sql/types.py", line 2181, in verify_default
[2025-10-16T07:38:51.386+0000] {spark_submit.py:491} INFO - File "/opt/bitnami/spark/python/lib/pyspark.zip/pyspark/sql/types.py", line 2006, in verify_acceptable_types
[2025-10-16T07:38:51.386+0000] {spark_submit.py:491} INFO - pyspark.errors.exceptions.base.PySparkTypeError: [CANNOT_ACCEPT_OBJECT_IN_TYPE] `DoubleType()` can not accept object `0` in type `int`.
[2025-10-16T07:38:51.466+0000] {taskinstance.py:1935} ERROR - Task failed with exception
Traceback (most recent call last):
  File "/home/airflow/.local/lib/python3.8/site-packages/airflow/providers/apache/spark/operators/spark_submit.py", line 156, in execute
    self._hook.submit(self._application)
  File "/home/airflow/.local/lib/python3.8/site-packages/airflow/providers/apache/spark/hooks/spark_submit.py", line 422, in submit
    raise AirflowException(
airflow.exceptions.AirflowException: Cannot execute: /opt/bitnami/spark/bin/spark-submit --master spark://spark-master:7077 --conf spark.master=spark://spark-master:7077 --conf spark.sql.catalog.spark_catalog=org.apache.iceberg.spark.SparkSessionCatalog --conf spark.sql.catalog.spark_catalog.type=hive --conf spark.sql.catalog.iceberg=org.apache.iceberg.spark.SparkCatalog --conf spark.sql.catalog.iceberg.type=hadoop --conf spark.sql.catalog.iceberg.warehouse=s3a://lakehouse/warehouse --conf spark.sql.extensions=org.apache.iceberg.spark.extensions.IcebergSparkSessionExtensions --conf spark.hadoop.fs.s3a.endpoint=http://minio:9000 --conf spark.hadoop.fs.s3a.access.key=admin --conf spark.hadoop.fs.s3a.secret.key=****** --conf spark.hadoop.fs.s3a.path.style.access=true --conf spark.hadoop.fs.s3a.impl=org.apache.hadoop.fs.s3a.S3AFileSystem --jars /opt/***/jars/iceberg-spark-runtime-3.5_2.12-1.4.2.jar,/opt/***/jars/aws-java-sdk-bundle-1.12.367.jar,/opt/***/jars/hadoop-aws-3.3.4.jar --name arrow-spark --queue default /opt/***/dags/spark_jobs/weather_to_iceberg.py /opt/***/data/weather/weather_data_20251008_06.json. Error code is: 1.
[2025-10-16T07:38:51.467+0000] {taskinstance.py:1398} INFO - Marking task as FAILED. dag_id=nyc_weather_etl, task_id=spark_process_weather_to_iceberg, execution_date=20251016T063843, start_date=20251016T073847, end_date=20251016T073851
[2025-10-16T07:38:51.472+0000] {standard_task_runner.py:104} ERROR - Failed to execute job 592 for task spark_process_weather_to_iceberg (Cannot execute: /opt/bitnami/spark/bin/spark-submit --master spark://spark-master:7077 --conf spark.master=spark://spark-master:7077 --conf spark.sql.catalog.spark_catalog=org.apache.iceberg.spark.SparkSessionCatalog --conf spark.sql.catalog.spark_catalog.type=hive --conf spark.sql.catalog.iceberg=org.apache.iceberg.spark.SparkCatalog --conf spark.sql.catalog.iceberg.type=hadoop --conf spark.sql.catalog.iceberg.warehouse=s3a://lakehouse/warehouse --conf spark.sql.extensions=org.apache.iceberg.spark.extensions.IcebergSparkSessionExtensions --conf spark.hadoop.fs.s3a.endpoint=http://minio:9000 --conf spark.hadoop.fs.s3a.access.key=admin --conf spark.hadoop.fs.s3a.secret.key=****** --conf spark.hadoop.fs.s3a.path.style.access=true --conf spark.hadoop.fs.s3a.impl=org.apache.hadoop.fs.s3a.S3AFileSystem --jars /opt/***/jars/iceberg-spark-runtime-3.5_2.12-1.4.2.jar,/opt/***/jars/aws-java-sdk-bundle-1.12.367.jar,/opt/***/jars/hadoop-aws-3.3.4.jar --name arrow-spark --queue default /opt/***/dags/spark_jobs/weather_to_iceberg.py /opt/***/data/weather/weather_data_20251008_06.json. Error code is: 1.; 6031)
[2025-10-16T07:38:51.489+0000] {local_task_job_runner.py:228} INFO - Task exited with return code 1
[2025-10-16T07:38:51.497+0000] {taskinstance.py:2776} INFO - 0 downstream tasks scheduled from follow-on schedule check
