[2025-10-08T11:01:30.633+0000] {taskinstance.py:1157} INFO - Dependencies all met for dep_context=non-requeueable deps ti=<TaskInstance: nyc_weather_etl.spark_process_location_to_iceberg manual__2025-10-08T11:01:27.760104+00:00 [queued]>
[2025-10-08T11:01:30.637+0000] {taskinstance.py:1157} INFO - Dependencies all met for dep_context=requeueable deps ti=<TaskInstance: nyc_weather_etl.spark_process_location_to_iceberg manual__2025-10-08T11:01:27.760104+00:00 [queued]>
[2025-10-08T11:01:30.637+0000] {taskinstance.py:1359} INFO - Starting attempt 1 of 1
[2025-10-08T11:01:30.643+0000] {taskinstance.py:1380} INFO - Executing <Task(SparkSubmitOperator): spark_process_location_to_iceberg> on 2025-10-08 11:01:27.760104+00:00
[2025-10-08T11:01:30.646+0000] {standard_task_runner.py:57} INFO - Started process 842 to run task
[2025-10-08T11:01:30.648+0000] {standard_task_runner.py:84} INFO - Running: ['***', 'tasks', 'run', 'nyc_weather_etl', 'spark_process_location_to_iceberg', 'manual__2025-10-08T11:01:27.760104+00:00', '--job-id', '322', '--raw', '--subdir', 'DAGS_FOLDER/nyc_weather_etl.py', '--cfg-path', '/tmp/tmp7p2kd7h6']
[2025-10-08T11:01:30.649+0000] {standard_task_runner.py:85} INFO - Job 322: Subtask spark_process_location_to_iceberg
[2025-10-08T11:01:30.750+0000] {task_command.py:415} INFO - Running <TaskInstance: nyc_weather_etl.spark_process_location_to_iceberg manual__2025-10-08T11:01:27.760104+00:00 [running]> on host b40be2a595bb
[2025-10-08T11:01:30.780+0000] {taskinstance.py:1660} INFO - Exporting env vars: AIRFLOW_CTX_DAG_OWNER='data-engineering' AIRFLOW_CTX_DAG_ID='nyc_weather_etl' AIRFLOW_CTX_TASK_ID='spark_process_location_to_iceberg' AIRFLOW_CTX_EXECUTION_DATE='2025-10-08T11:01:27.760104+00:00' AIRFLOW_CTX_TRY_NUMBER='1' AIRFLOW_CTX_DAG_RUN_ID='manual__2025-10-08T11:01:27.760104+00:00'
[2025-10-08T11:01:30.784+0000] {base.py:73} INFO - Using connection ID 'spark_default' for task execution.
[2025-10-08T11:01:30.785+0000] {spark_submit.py:340} INFO - Spark-Submit cmd: /opt/bitnami/spark/bin/spark-submit --master spark://spark-master:7077 --conf spark.master=spark://spark-master:7077 --conf spark.sql.catalog.spark_catalog=org.apache.iceberg.spark.SparkSessionCatalog --conf spark.sql.catalog.spark_catalog.type=hive --conf spark.sql.catalog.iceberg=org.apache.iceberg.spark.SparkCatalog --conf spark.sql.catalog.iceberg.type=hadoop --conf spark.sql.catalog.iceberg.warehouse=s3a://lakehouse/warehouse --conf spark.sql.extensions=org.apache.iceberg.spark.extensions.IcebergSparkSessionExtensions --conf spark.hadoop.fs.s3a.endpoint=http://minio:9000 --conf spark.hadoop.fs.s3a.access.key=admin --conf spark.hadoop.fs.s3a.secret.key=****** --conf spark.hadoop.fs.s3a.path.style.access=true --conf spark.hadoop.fs.s3a.impl=org.apache.hadoop.fs.s3a.S3AFileSystem --jars /opt/bitnami/spark/jars/iceberg-spark-runtime-3.5_2.12-1.4.2.jar,/opt/bitnami/spark/jars/aws-java-sdk-bundle-1.12.262.jar,/opt/bitnami/spark/jars/hadoop-aws-3.3.4.jar --name arrow-spark --queue default /opt/***/dags/spark_jobs/location_to_iceberg.py
[2025-10-08T11:01:31.599+0000] {spark_submit.py:491} INFO - 25/10/08 11:01:31 WARN NativeCodeLoader: Unable to load native-hadoop library for your platform... using builtin-java classes where applicable
[2025-10-08T11:01:31.683+0000] {spark_submit.py:491} INFO - 25/10/08 11:01:31 WARN DependencyUtils: Local jar /opt/bitnami/spark/jars/iceberg-spark-runtime-3.5_2.12-1.4.2.jar does not exist, skipping.
[2025-10-08T11:01:31.684+0000] {spark_submit.py:491} INFO - 25/10/08 11:01:31 WARN DependencyUtils: Local jar /opt/bitnami/spark/jars/aws-java-sdk-bundle-1.12.262.jar does not exist, skipping.
[2025-10-08T11:01:31.684+0000] {spark_submit.py:491} INFO - 25/10/08 11:01:31 WARN DependencyUtils: Local jar /opt/bitnami/spark/jars/hadoop-aws-3.3.4.jar does not exist, skipping.
[2025-10-08T11:01:32.085+0000] {spark_submit.py:491} INFO - Usage: location_to_iceberg.py <input_json_path>
[2025-10-08T11:01:32.110+0000] {spark_submit.py:491} INFO - 25/10/08 11:01:32 INFO ShutdownHookManager: Shutdown hook called
[2025-10-08T11:01:32.110+0000] {spark_submit.py:491} INFO - 25/10/08 11:01:32 INFO ShutdownHookManager: Deleting directory /tmp/spark-b5b1c983-dae4-4e69-8ed4-e812174fac59
[2025-10-08T11:01:32.140+0000] {taskinstance.py:1935} ERROR - Task failed with exception
Traceback (most recent call last):
  File "/home/airflow/.local/lib/python3.8/site-packages/airflow/providers/apache/spark/operators/spark_submit.py", line 156, in execute
    self._hook.submit(self._application)
  File "/home/airflow/.local/lib/python3.8/site-packages/airflow/providers/apache/spark/hooks/spark_submit.py", line 422, in submit
    raise AirflowException(
airflow.exceptions.AirflowException: Cannot execute: /opt/bitnami/spark/bin/spark-submit --master spark://spark-master:7077 --conf spark.master=spark://spark-master:7077 --conf spark.sql.catalog.spark_catalog=org.apache.iceberg.spark.SparkSessionCatalog --conf spark.sql.catalog.spark_catalog.type=hive --conf spark.sql.catalog.iceberg=org.apache.iceberg.spark.SparkCatalog --conf spark.sql.catalog.iceberg.type=hadoop --conf spark.sql.catalog.iceberg.warehouse=s3a://lakehouse/warehouse --conf spark.sql.extensions=org.apache.iceberg.spark.extensions.IcebergSparkSessionExtensions --conf spark.hadoop.fs.s3a.endpoint=http://minio:9000 --conf spark.hadoop.fs.s3a.access.key=admin --conf spark.hadoop.fs.s3a.secret.key=****** --conf spark.hadoop.fs.s3a.path.style.access=true --conf spark.hadoop.fs.s3a.impl=org.apache.hadoop.fs.s3a.S3AFileSystem --jars /opt/bitnami/spark/jars/iceberg-spark-runtime-3.5_2.12-1.4.2.jar,/opt/bitnami/spark/jars/aws-java-sdk-bundle-1.12.262.jar,/opt/bitnami/spark/jars/hadoop-aws-3.3.4.jar --name arrow-spark --queue default /opt/***/dags/spark_jobs/location_to_iceberg.py. Error code is: 1.
[2025-10-08T11:01:32.142+0000] {taskinstance.py:1398} INFO - Marking task as FAILED. dag_id=nyc_weather_etl, task_id=spark_process_location_to_iceberg, execution_date=20251008T110127, start_date=20251008T110130, end_date=20251008T110132
[2025-10-08T11:01:32.147+0000] {standard_task_runner.py:104} ERROR - Failed to execute job 322 for task spark_process_location_to_iceberg (Cannot execute: /opt/bitnami/spark/bin/spark-submit --master spark://spark-master:7077 --conf spark.master=spark://spark-master:7077 --conf spark.sql.catalog.spark_catalog=org.apache.iceberg.spark.SparkSessionCatalog --conf spark.sql.catalog.spark_catalog.type=hive --conf spark.sql.catalog.iceberg=org.apache.iceberg.spark.SparkCatalog --conf spark.sql.catalog.iceberg.type=hadoop --conf spark.sql.catalog.iceberg.warehouse=s3a://lakehouse/warehouse --conf spark.sql.extensions=org.apache.iceberg.spark.extensions.IcebergSparkSessionExtensions --conf spark.hadoop.fs.s3a.endpoint=http://minio:9000 --conf spark.hadoop.fs.s3a.access.key=admin --conf spark.hadoop.fs.s3a.secret.key=****** --conf spark.hadoop.fs.s3a.path.style.access=true --conf spark.hadoop.fs.s3a.impl=org.apache.hadoop.fs.s3a.S3AFileSystem --jars /opt/bitnami/spark/jars/iceberg-spark-runtime-3.5_2.12-1.4.2.jar,/opt/bitnami/spark/jars/aws-java-sdk-bundle-1.12.262.jar,/opt/bitnami/spark/jars/hadoop-aws-3.3.4.jar --name arrow-spark --queue default /opt/***/dags/spark_jobs/location_to_iceberg.py. Error code is: 1.; 842)
[2025-10-08T11:01:32.155+0000] {local_task_job_runner.py:228} INFO - Task exited with return code 1
[2025-10-08T11:01:32.230+0000] {taskinstance.py:2776} INFO - 0 downstream tasks scheduled from follow-on schedule check
