[2025-10-26T11:35:55.603+0000] {taskinstance.py:1157} INFO - Dependencies all met for dep_context=non-requeueable deps ti=<TaskInstance: nyc_weather_etl.spark_process_location_to_iceberg scheduled__2025-10-26T10:34:42.579660+00:00 [queued]>
[2025-10-26T11:35:55.618+0000] {taskinstance.py:1157} INFO - Dependencies all met for dep_context=requeueable deps ti=<TaskInstance: nyc_weather_etl.spark_process_location_to_iceberg scheduled__2025-10-26T10:34:42.579660+00:00 [queued]>
[2025-10-26T11:35:55.622+0000] {taskinstance.py:1359} INFO - Starting attempt 1 of 1
[2025-10-26T11:35:55.650+0000] {taskinstance.py:1380} INFO - Executing <Task(SparkSubmitOperator): spark_process_location_to_iceberg> on 2025-10-26 10:34:42.579660+00:00
[2025-10-26T11:35:55.666+0000] {standard_task_runner.py:57} INFO - Started process 8947 to run task
[2025-10-26T11:35:55.671+0000] {standard_task_runner.py:84} INFO - Running: ['***', 'tasks', 'run', 'nyc_weather_etl', 'spark_process_location_to_iceberg', 'scheduled__2025-10-26T10:34:42.579660+00:00', '--job-id', '675', '--raw', '--subdir', 'DAGS_FOLDER/nyc_weather_etl.py', '--cfg-path', '/tmp/tmprc5mqae3']
[2025-10-26T11:35:55.674+0000] {standard_task_runner.py:85} INFO - Job 675: Subtask spark_process_location_to_iceberg
[2025-10-26T11:35:55.744+0000] {task_command.py:415} INFO - Running <TaskInstance: nyc_weather_etl.spark_process_location_to_iceberg scheduled__2025-10-26T10:34:42.579660+00:00 [running]> on host b40be2a595bb
[2025-10-26T11:35:56.211+0000] {taskinstance.py:1660} INFO - Exporting env vars: AIRFLOW_CTX_DAG_OWNER='data-engineering' AIRFLOW_CTX_DAG_ID='nyc_weather_etl' AIRFLOW_CTX_TASK_ID='spark_process_location_to_iceberg' AIRFLOW_CTX_EXECUTION_DATE='2025-10-26T10:34:42.579660+00:00' AIRFLOW_CTX_TRY_NUMBER='1' AIRFLOW_CTX_DAG_RUN_ID='scheduled__2025-10-26T10:34:42.579660+00:00'
[2025-10-26T11:35:56.227+0000] {base.py:73} INFO - Using connection ID 'spark_default' for task execution.
[2025-10-26T11:35:56.230+0000] {spark_submit.py:340} INFO - Spark-Submit cmd: /opt/bitnami/spark/bin/spark-submit --master spark://spark-master:7077 --conf spark.master=spark://spark-master:7077 --conf spark.sql.catalog.spark_catalog=org.apache.iceberg.spark.SparkSessionCatalog --conf spark.sql.catalog.spark_catalog.type=hive --conf spark.sql.catalog.iceberg=org.apache.iceberg.spark.SparkCatalog --conf spark.sql.catalog.iceberg.type=hadoop --conf spark.sql.catalog.iceberg.warehouse=s3a://lakehouse/warehouse --conf spark.sql.extensions=org.apache.iceberg.spark.extensions.IcebergSparkSessionExtensions --conf spark.hadoop.fs.s3a.endpoint=http://minio:9000 --conf spark.hadoop.fs.s3a.access.key=admin --conf spark.hadoop.fs.s3a.secret.key=****** --conf spark.hadoop.fs.s3a.path.style.access=true --conf spark.hadoop.fs.s3a.impl=org.apache.hadoop.fs.s3a.S3AFileSystem --jars /opt/***/jars/iceberg-spark-runtime-3.5_2.12-1.4.2.jar,/opt/***/jars/aws-java-sdk-bundle-1.12.367.jar,/opt/***/jars/hadoop-aws-3.3.4.jar --name arrow-spark --queue default /opt/***/dags/spark_jobs/location_to_iceberg.py /opt/***/data/locations/nyc_taxi_zones.json
[2025-10-26T11:35:58.817+0000] {spark_submit.py:491} INFO - 25/10/26 11:35:58 WARN NativeCodeLoader: Unable to load native-hadoop library for your platform... using builtin-java classes where applicable
[2025-10-26T11:36:00.582+0000] {spark_submit.py:491} INFO - 25/10/26 11:36:00 INFO SparkContext: Running Spark version 3.5.1
[2025-10-26T11:36:00.584+0000] {spark_submit.py:491} INFO - 25/10/26 11:36:00 INFO SparkContext: OS info Linux, 6.10.14-linuxkit, aarch64
[2025-10-26T11:36:00.590+0000] {spark_submit.py:491} INFO - 25/10/26 11:36:00 INFO SparkContext: Java version 11.0.28
[2025-10-26T11:36:00.654+0000] {spark_submit.py:491} INFO - 25/10/26 11:36:00 INFO ResourceUtils: ==============================================================
[2025-10-26T11:36:00.655+0000] {spark_submit.py:491} INFO - 25/10/26 11:36:00 INFO ResourceUtils: No custom resources configured for spark.driver.
[2025-10-26T11:36:00.656+0000] {spark_submit.py:491} INFO - 25/10/26 11:36:00 INFO ResourceUtils: ==============================================================
[2025-10-26T11:36:00.657+0000] {spark_submit.py:491} INFO - 25/10/26 11:36:00 INFO SparkContext: Submitted application: Location to Iceberg ETL
[2025-10-26T11:36:00.707+0000] {spark_submit.py:491} INFO - 25/10/26 11:36:00 INFO ResourceProfile: Default ResourceProfile created, executor resources: Map(cores -> name: cores, amount: 1, script: , vendor: , memory -> name: memory, amount: 1024, script: , vendor: , offHeap -> name: offHeap, amount: 0, script: , vendor: ), task resources: Map(cpus -> name: cpus, amount: 1.0)
[2025-10-26T11:36:00.746+0000] {spark_submit.py:491} INFO - 25/10/26 11:36:00 INFO ResourceProfile: Limiting resource is cpu
[2025-10-26T11:36:00.762+0000] {spark_submit.py:491} INFO - 25/10/26 11:36:00 INFO ResourceProfileManager: Added ResourceProfile id: 0
[2025-10-26T11:36:00.931+0000] {spark_submit.py:491} INFO - 25/10/26 11:36:00 INFO SecurityManager: Changing view acls to: ***
[2025-10-26T11:36:00.933+0000] {spark_submit.py:491} INFO - 25/10/26 11:36:00 INFO SecurityManager: Changing modify acls to: ***
[2025-10-26T11:36:00.939+0000] {spark_submit.py:491} INFO - 25/10/26 11:36:00 INFO SecurityManager: Changing view acls groups to:
[2025-10-26T11:36:00.946+0000] {spark_submit.py:491} INFO - 25/10/26 11:36:00 INFO SecurityManager: Changing modify acls groups to:
[2025-10-26T11:36:00.956+0000] {spark_submit.py:491} INFO - 25/10/26 11:36:00 INFO SecurityManager: SecurityManager: authentication disabled; ui acls disabled; users with view permissions: ***; groups with view permissions: EMPTY; users with modify permissions: ***; groups with modify permissions: EMPTY
[2025-10-26T11:36:01.390+0000] {spark_submit.py:491} INFO - 25/10/26 11:36:01 INFO Utils: Successfully started service 'sparkDriver' on port 37723.
[2025-10-26T11:36:01.503+0000] {spark_submit.py:491} INFO - 25/10/26 11:36:01 INFO SparkEnv: Registering MapOutputTracker
[2025-10-26T11:36:01.586+0000] {spark_submit.py:491} INFO - 25/10/26 11:36:01 INFO SparkEnv: Registering BlockManagerMaster
[2025-10-26T11:36:01.616+0000] {spark_submit.py:491} INFO - 25/10/26 11:36:01 INFO BlockManagerMasterEndpoint: Using org.apache.spark.storage.DefaultTopologyMapper for getting topology information
[2025-10-26T11:36:01.619+0000] {spark_submit.py:491} INFO - 25/10/26 11:36:01 INFO BlockManagerMasterEndpoint: BlockManagerMasterEndpoint up
[2025-10-26T11:36:01.622+0000] {spark_submit.py:491} INFO - 25/10/26 11:36:01 INFO SparkEnv: Registering BlockManagerMasterHeartbeat
[2025-10-26T11:36:01.671+0000] {spark_submit.py:491} INFO - 25/10/26 11:36:01 INFO DiskBlockManager: Created local directory at /tmp/blockmgr-5761d1a0-641b-4ccb-a864-470b7e212a30
[2025-10-26T11:36:01.694+0000] {spark_submit.py:491} INFO - 25/10/26 11:36:01 INFO MemoryStore: MemoryStore started with capacity 434.4 MiB
[2025-10-26T11:36:01.776+0000] {spark_submit.py:491} INFO - 25/10/26 11:36:01 INFO SparkEnv: Registering OutputCommitCoordinator
[2025-10-26T11:36:02.244+0000] {spark_submit.py:491} INFO - 25/10/26 11:36:02 INFO JettyUtils: Start Jetty 0.0.0.0:4040 for SparkUI
[2025-10-26T11:36:02.454+0000] {spark_submit.py:491} INFO - 25/10/26 11:36:02 INFO Utils: Successfully started service 'SparkUI' on port 4040.
[2025-10-26T11:36:02.509+0000] {spark_submit.py:491} INFO - 25/10/26 11:36:02 INFO SparkContext: Added JAR file:///opt/***/jars/iceberg-spark-runtime-3.5_2.12-1.4.2.jar at spark://b40be2a595bb:37723/jars/iceberg-spark-runtime-3.5_2.12-1.4.2.jar with timestamp 1761478560558
[2025-10-26T11:36:02.510+0000] {spark_submit.py:491} INFO - 25/10/26 11:36:02 INFO SparkContext: Added JAR file:///opt/***/jars/aws-java-sdk-bundle-1.12.367.jar at spark://b40be2a595bb:37723/jars/aws-java-sdk-bundle-1.12.367.jar with timestamp 1761478560558
[2025-10-26T11:36:02.511+0000] {spark_submit.py:491} INFO - 25/10/26 11:36:02 INFO SparkContext: Added JAR file:///opt/***/jars/hadoop-aws-3.3.4.jar at spark://b40be2a595bb:37723/jars/hadoop-aws-3.3.4.jar with timestamp 1761478560558
[2025-10-26T11:36:02.630+0000] {spark_submit.py:491} INFO - 25/10/26 11:36:02 INFO Executor: Starting executor ID driver on host b40be2a595bb
[2025-10-26T11:36:02.631+0000] {spark_submit.py:491} INFO - 25/10/26 11:36:02 INFO Executor: OS info Linux, 6.10.14-linuxkit, aarch64
[2025-10-26T11:36:02.632+0000] {spark_submit.py:491} INFO - 25/10/26 11:36:02 INFO Executor: Java version 11.0.28
[2025-10-26T11:36:02.641+0000] {spark_submit.py:491} INFO - 25/10/26 11:36:02 INFO Executor: Starting executor with user classpath (userClassPathFirst = false): ''
[2025-10-26T11:36:02.648+0000] {spark_submit.py:491} INFO - 25/10/26 11:36:02 INFO Executor: Created or updated repl class loader org.apache.spark.util.MutableURLClassLoader@2ff707c4 for default.
[2025-10-26T11:36:02.705+0000] {spark_submit.py:491} INFO - 25/10/26 11:36:02 INFO Executor: Fetching spark://b40be2a595bb:37723/jars/iceberg-spark-runtime-3.5_2.12-1.4.2.jar with timestamp 1761478560558
[2025-10-26T11:36:03.007+0000] {spark_submit.py:491} INFO - 25/10/26 11:36:03 INFO TransportClientFactory: Successfully created connection to b40be2a595bb/172.18.0.5:37723 after 253 ms (0 ms spent in bootstraps)
[2025-10-26T11:36:03.014+0000] {spark_submit.py:491} INFO - 25/10/26 11:36:03 INFO Utils: Fetching spark://b40be2a595bb:37723/jars/iceberg-spark-runtime-3.5_2.12-1.4.2.jar to /tmp/spark-ed60ccc9-459d-4d34-8578-a409d8437212/userFiles-66a5ead3-10d4-41ce-9201-d86c7534ac1b/fetchFileTemp9668099866769191128.tmp
[2025-10-26T11:36:03.263+0000] {spark_submit.py:491} INFO - 25/10/26 11:36:03 INFO Executor: Adding file:/tmp/spark-ed60ccc9-459d-4d34-8578-a409d8437212/userFiles-66a5ead3-10d4-41ce-9201-d86c7534ac1b/iceberg-spark-runtime-3.5_2.12-1.4.2.jar to class loader default
[2025-10-26T11:36:03.265+0000] {spark_submit.py:491} INFO - 25/10/26 11:36:03 INFO Executor: Fetching spark://b40be2a595bb:37723/jars/hadoop-aws-3.3.4.jar with timestamp 1761478560558
[2025-10-26T11:36:03.265+0000] {spark_submit.py:491} INFO - 25/10/26 11:36:03 INFO Utils: Fetching spark://b40be2a595bb:37723/jars/hadoop-aws-3.3.4.jar to /tmp/spark-ed60ccc9-459d-4d34-8578-a409d8437212/userFiles-66a5ead3-10d4-41ce-9201-d86c7534ac1b/fetchFileTemp7292796747375553738.tmp
[2025-10-26T11:36:03.277+0000] {spark_submit.py:491} INFO - 25/10/26 11:36:03 INFO Executor: Adding file:/tmp/spark-ed60ccc9-459d-4d34-8578-a409d8437212/userFiles-66a5ead3-10d4-41ce-9201-d86c7534ac1b/hadoop-aws-3.3.4.jar to class loader default
[2025-10-26T11:36:03.279+0000] {spark_submit.py:491} INFO - 25/10/26 11:36:03 INFO Executor: Fetching spark://b40be2a595bb:37723/jars/aws-java-sdk-bundle-1.12.367.jar with timestamp 1761478560558
[2025-10-26T11:36:03.279+0000] {spark_submit.py:491} INFO - 25/10/26 11:36:03 INFO Utils: Fetching spark://b40be2a595bb:37723/jars/aws-java-sdk-bundle-1.12.367.jar to /tmp/spark-ed60ccc9-459d-4d34-8578-a409d8437212/userFiles-66a5ead3-10d4-41ce-9201-d86c7534ac1b/fetchFileTemp11555250655697826493.tmp
[2025-10-26T11:36:04.686+0000] {spark_submit.py:491} INFO - 25/10/26 11:36:04 INFO Executor: Adding file:/tmp/spark-ed60ccc9-459d-4d34-8578-a409d8437212/userFiles-66a5ead3-10d4-41ce-9201-d86c7534ac1b/aws-java-sdk-bundle-1.12.367.jar to class loader default
[2025-10-26T11:36:04.830+0000] {spark_submit.py:491} INFO - 25/10/26 11:36:04 INFO Utils: Successfully started service 'org.apache.spark.network.netty.NettyBlockTransferService' on port 36493.
[2025-10-26T11:36:04.832+0000] {spark_submit.py:491} INFO - 25/10/26 11:36:04 INFO NettyBlockTransferService: Server created on b40be2a595bb:36493
[2025-10-26T11:36:04.837+0000] {spark_submit.py:491} INFO - 25/10/26 11:36:04 INFO BlockManager: Using org.apache.spark.storage.RandomBlockReplicationPolicy for block replication policy
[2025-10-26T11:36:04.867+0000] {spark_submit.py:491} INFO - 25/10/26 11:36:04 INFO BlockManagerMaster: Registering BlockManager BlockManagerId(driver, b40be2a595bb, 36493, None)
[2025-10-26T11:36:04.887+0000] {spark_submit.py:491} INFO - 25/10/26 11:36:04 INFO BlockManagerMasterEndpoint: Registering block manager b40be2a595bb:36493 with 434.4 MiB RAM, BlockManagerId(driver, b40be2a595bb, 36493, None)
[2025-10-26T11:36:04.902+0000] {spark_submit.py:491} INFO - 25/10/26 11:36:04 INFO BlockManagerMaster: Registered BlockManager BlockManagerId(driver, b40be2a595bb, 36493, None)
[2025-10-26T11:36:04.906+0000] {spark_submit.py:491} INFO - 25/10/26 11:36:04 INFO BlockManager: Initialized BlockManager: BlockManagerId(driver, b40be2a595bb, 36493, None)
[2025-10-26T11:36:09.759+0000] {spark_submit.py:491} INFO - 25/10/26 11:36:09 WARN MetricsConfig: Cannot locate configuration: tried hadoop-metrics2-s3a-file-system.properties,hadoop-metrics2.properties
[2025-10-26T11:36:12.304+0000] {spark_submit.py:491} INFO - Created/verified taxi zones table
[2025-10-26T11:36:12.306+0000] {spark_submit.py:491} INFO - Reading location data from: /opt/***/data/locations/nyc_taxi_zones.json
[2025-10-26T11:36:16.795+0000] {spark_submit.py:491} INFO - Raw location data count: 16
[2025-10-26T11:36:16.807+0000] {spark_submit.py:491} INFO - root
[2025-10-26T11:36:16.808+0000] {spark_submit.py:491} INFO - |-- borough: string (nullable = true)
[2025-10-26T11:36:16.813+0000] {spark_submit.py:491} INFO - |-- created_at: string (nullable = true)
[2025-10-26T11:36:16.818+0000] {spark_submit.py:491} INFO - |-- is_business_district: boolean (nullable = true)
[2025-10-26T11:36:16.824+0000] {spark_submit.py:491} INFO - |-- is_tourist_area: boolean (nullable = true)
[2025-10-26T11:36:16.824+0000] {spark_submit.py:491} INFO - |-- lat: double (nullable = true)
[2025-10-26T11:36:16.825+0000] {spark_submit.py:491} INFO - |-- location_id: long (nullable = true)
[2025-10-26T11:36:16.825+0000] {spark_submit.py:491} INFO - |-- lon: double (nullable = true)
[2025-10-26T11:36:16.825+0000] {spark_submit.py:491} INFO - |-- zone: string (nullable = true)
[2025-10-26T11:36:16.826+0000] {spark_submit.py:491} INFO - |-- zone_type: string (nullable = true)
[2025-10-26T11:36:16.826+0000] {spark_submit.py:491} INFO - 
[2025-10-26T11:36:17.397+0000] {spark_submit.py:491} INFO - Processed location data count: 16
[2025-10-26T11:36:21.862+0000] {spark_submit.py:491} INFO - Successfully wrote location data to Iceberg table
[2025-10-26T11:36:27.232+0000] {spark_submit.py:491} INFO - +---------+----------+-------------+--------------+
[2025-10-26T11:36:27.233+0000] {spark_submit.py:491} INFO - |  borough|zone_count|tourist_zones|business_zones|
[2025-10-26T11:36:27.234+0000] {spark_submit.py:491} INFO - +---------+----------+-------------+--------------+
[2025-10-26T11:36:27.234+0000] {spark_submit.py:491} INFO - |Manhattan|        13|            4|             3|
[2025-10-26T11:36:27.234+0000] {spark_submit.py:491} INFO - |   Queens|         2|            0|             0|
[2025-10-26T11:36:27.234+0000] {spark_submit.py:491} INFO - | Brooklyn|         1|            0|             0|
[2025-10-26T11:36:27.234+0000] {spark_submit.py:491} INFO - +---------+----------+-------------+--------------+
[2025-10-26T11:36:27.235+0000] {spark_submit.py:491} INFO - 
[2025-10-26T11:36:27.237+0000] {spark_submit.py:491} INFO - Location ETL job completed successfully!
[2025-10-26T11:36:28.849+0000] {taskinstance.py:1398} INFO - Marking task as SUCCESS. dag_id=nyc_weather_etl, task_id=spark_process_location_to_iceberg, execution_date=20251026T103442, start_date=20251026T113555, end_date=20251026T113628
[2025-10-26T11:36:28.952+0000] {local_task_job_runner.py:228} INFO - Task exited with return code 0
[2025-10-26T11:36:29.030+0000] {taskinstance.py:2776} INFO - 0 downstream tasks scheduled from follow-on schedule check
