[2025-11-03T03:56:15.041+0000] {taskinstance.py:1157} INFO - Dependencies all met for dep_context=non-requeueable deps ti=<TaskInstance: nyc_taxi_iceberg_etl.spark_process_to_iceberg manual__2025-11-03T03:56:04.538044+00:00 [queued]>
[2025-11-03T03:56:15.046+0000] {taskinstance.py:1157} INFO - Dependencies all met for dep_context=requeueable deps ti=<TaskInstance: nyc_taxi_iceberg_etl.spark_process_to_iceberg manual__2025-11-03T03:56:04.538044+00:00 [queued]>
[2025-11-03T03:56:15.046+0000] {taskinstance.py:1359} INFO - Starting attempt 1 of 1
[2025-11-03T03:56:15.054+0000] {taskinstance.py:1380} INFO - Executing <Task(SparkSubmitOperator): spark_process_to_iceberg> on 2025-11-03 03:56:04.538044+00:00
[2025-11-03T03:56:15.057+0000] {standard_task_runner.py:57} INFO - Started process 11599 to run task
[2025-11-03T03:56:15.058+0000] {standard_task_runner.py:84} INFO - Running: ['***', 'tasks', 'run', 'nyc_taxi_iceberg_etl', 'spark_process_to_iceberg', 'manual__2025-11-03T03:56:04.538044+00:00', '--job-id', '111', '--raw', '--subdir', 'DAGS_FOLDER/nyc_taxi_iceberg_etl.py', '--cfg-path', '/tmp/tmp8frcjhzm']
[2025-11-03T03:56:15.061+0000] {standard_task_runner.py:85} INFO - Job 111: Subtask spark_process_to_iceberg
[2025-11-03T03:56:15.093+0000] {task_command.py:415} INFO - Running <TaskInstance: nyc_taxi_iceberg_etl.spark_process_to_iceberg manual__2025-11-03T03:56:04.538044+00:00 [running]> on host ec57452a9f33
[2025-11-03T03:56:15.238+0000] {taskinstance.py:1660} INFO - Exporting env vars: AIRFLOW_CTX_DAG_OWNER='data-engineering' AIRFLOW_CTX_DAG_ID='nyc_taxi_iceberg_etl' AIRFLOW_CTX_TASK_ID='spark_process_to_iceberg' AIRFLOW_CTX_EXECUTION_DATE='2025-11-03T03:56:04.538044+00:00' AIRFLOW_CTX_TRY_NUMBER='1' AIRFLOW_CTX_DAG_RUN_ID='manual__2025-11-03T03:56:04.538044+00:00'
[2025-11-03T03:56:15.238+0000] {base.py:73} INFO - Using connection ID 'spark_default' for task execution.
[2025-11-03T03:56:15.239+0000] {spark_submit.py:340} INFO - Spark-Submit cmd: /opt/bitnami/spark/bin/spark-submit --master spark-master:7077 --conf spark.master=spark://spark-master:7077 --conf spark.sql.catalog.spark_catalog=org.apache.iceberg.spark.SparkSessionCatalog --conf spark.sql.catalog.spark_catalog.type=hive --conf spark.sql.catalog.iceberg=org.apache.iceberg.spark.SparkCatalog --conf spark.sql.catalog.iceberg.type=hadoop --conf spark.sql.catalog.iceberg.warehouse=s3a://lakehouse/warehouse --conf spark.sql.extensions=org.apache.iceberg.spark.extensions.IcebergSparkSessionExtensions --conf spark.hadoop.fs.s3a.endpoint=http://minio:9000 --conf spark.hadoop.fs.s3a.access.key=admin --conf spark.hadoop.fs.s3a.secret.key=****** --conf spark.hadoop.fs.s3a.path.style.access=true --conf spark.hadoop.fs.s3a.impl=org.apache.hadoop.fs.s3a.S3AFileSystem --jars /opt/***/jars/iceberg-spark-runtime-3.5_2.12-1.4.2.jar,/opt/***/jars/aws-java-sdk-bundle-1.12.367.jar,/opt/***/jars/hadoop-aws-3.3.4.jar --name arrow-spark /opt/***/dags/spark_jobs/nyc_taxi_to_iceberg.py /opt/***/data/raw/yellow_tripdata_2025-11.parquet
[2025-11-03T03:56:16.093+0000] {spark_submit.py:491} INFO - 25/11/03 03:56:16 WARN NativeCodeLoader: Unable to load native-hadoop library for your platform... using builtin-java classes where applicable
[2025-11-03T03:56:16.675+0000] {spark_submit.py:491} INFO - 25/11/03 03:56:16 INFO SparkContext: Running Spark version 3.5.1
[2025-11-03T03:56:16.675+0000] {spark_submit.py:491} INFO - 25/11/03 03:56:16 INFO SparkContext: OS info Linux, 6.10.14-linuxkit, aarch64
[2025-11-03T03:56:16.676+0000] {spark_submit.py:491} INFO - 25/11/03 03:56:16 INFO SparkContext: Java version 11.0.28
[2025-11-03T03:56:16.699+0000] {spark_submit.py:491} INFO - 25/11/03 03:56:16 INFO ResourceUtils: ==============================================================
[2025-11-03T03:56:16.701+0000] {spark_submit.py:491} INFO - 25/11/03 03:56:16 INFO ResourceUtils: No custom resources configured for spark.driver.
[2025-11-03T03:56:16.701+0000] {spark_submit.py:491} INFO - 25/11/03 03:56:16 INFO ResourceUtils: ==============================================================
[2025-11-03T03:56:16.702+0000] {spark_submit.py:491} INFO - 25/11/03 03:56:16 INFO SparkContext: Submitted application: NYC Taxi to Iceberg ETL
[2025-11-03T03:56:16.725+0000] {spark_submit.py:491} INFO - 25/11/03 03:56:16 INFO ResourceProfile: Default ResourceProfile created, executor resources: Map(cores -> name: cores, amount: 1, script: , vendor: , memory -> name: memory, amount: 1024, script: , vendor: , offHeap -> name: offHeap, amount: 0, script: , vendor: ), task resources: Map(cpus -> name: cpus, amount: 1.0)
[2025-11-03T03:56:16.730+0000] {spark_submit.py:491} INFO - 25/11/03 03:56:16 INFO ResourceProfile: Limiting resource is cpu
[2025-11-03T03:56:16.731+0000] {spark_submit.py:491} INFO - 25/11/03 03:56:16 INFO ResourceProfileManager: Added ResourceProfile id: 0
[2025-11-03T03:56:16.772+0000] {spark_submit.py:491} INFO - 25/11/03 03:56:16 INFO SecurityManager: Changing view acls to: ***
[2025-11-03T03:56:16.772+0000] {spark_submit.py:491} INFO - 25/11/03 03:56:16 INFO SecurityManager: Changing modify acls to: ***
[2025-11-03T03:56:16.773+0000] {spark_submit.py:491} INFO - 25/11/03 03:56:16 INFO SecurityManager: Changing view acls groups to:
[2025-11-03T03:56:16.773+0000] {spark_submit.py:491} INFO - 25/11/03 03:56:16 INFO SecurityManager: Changing modify acls groups to:
[2025-11-03T03:56:16.773+0000] {spark_submit.py:491} INFO - 25/11/03 03:56:16 INFO SecurityManager: SecurityManager: authentication disabled; ui acls disabled; users with view permissions: ***; groups with view permissions: EMPTY; users with modify permissions: ***; groups with modify permissions: EMPTY
[2025-11-03T03:56:16.905+0000] {spark_submit.py:491} INFO - 25/11/03 03:56:16 INFO Utils: Successfully started service 'sparkDriver' on port 37287.
[2025-11-03T03:56:16.927+0000] {spark_submit.py:491} INFO - 25/11/03 03:56:16 INFO SparkEnv: Registering MapOutputTracker
[2025-11-03T03:56:16.943+0000] {spark_submit.py:491} INFO - 25/11/03 03:56:16 INFO SparkEnv: Registering BlockManagerMaster
[2025-11-03T03:56:16.954+0000] {spark_submit.py:491} INFO - 25/11/03 03:56:16 INFO BlockManagerMasterEndpoint: Using org.apache.spark.storage.DefaultTopologyMapper for getting topology information
[2025-11-03T03:56:16.954+0000] {spark_submit.py:491} INFO - 25/11/03 03:56:16 INFO BlockManagerMasterEndpoint: BlockManagerMasterEndpoint up
[2025-11-03T03:56:16.960+0000] {spark_submit.py:491} INFO - 25/11/03 03:56:16 INFO SparkEnv: Registering BlockManagerMasterHeartbeat
[2025-11-03T03:56:16.969+0000] {spark_submit.py:491} INFO - 25/11/03 03:56:16 INFO DiskBlockManager: Created local directory at /tmp/blockmgr-7932ae94-6cc9-49ee-8cc6-647ccc72c8be
[2025-11-03T03:56:16.976+0000] {spark_submit.py:491} INFO - 25/11/03 03:56:16 INFO MemoryStore: MemoryStore started with capacity 434.4 MiB
[2025-11-03T03:56:16.985+0000] {spark_submit.py:491} INFO - 25/11/03 03:56:16 INFO SparkEnv: Registering OutputCommitCoordinator
[2025-11-03T03:56:17.048+0000] {spark_submit.py:491} INFO - 25/11/03 03:56:17 INFO JettyUtils: Start Jetty 0.0.0.0:4040 for SparkUI
[2025-11-03T03:56:17.087+0000] {spark_submit.py:491} INFO - 25/11/03 03:56:17 WARN Utils: Service 'SparkUI' could not bind on port 4040. Attempting port 4041.
[2025-11-03T03:56:17.088+0000] {spark_submit.py:491} INFO - 25/11/03 03:56:17 WARN Utils: Service 'SparkUI' could not bind on port 4041. Attempting port 4042.
[2025-11-03T03:56:17.092+0000] {spark_submit.py:491} INFO - 25/11/03 03:56:17 INFO Utils: Successfully started service 'SparkUI' on port 4042.
[2025-11-03T03:56:17.112+0000] {spark_submit.py:491} INFO - 25/11/03 03:56:17 INFO SparkContext: Added JAR file:///opt/***/jars/iceberg-spark-runtime-3.5_2.12-1.4.2.jar at spark://ec57452a9f33:37287/jars/iceberg-spark-runtime-3.5_2.12-1.4.2.jar with timestamp 1762142176667
[2025-11-03T03:56:17.112+0000] {spark_submit.py:491} INFO - 25/11/03 03:56:17 INFO SparkContext: Added JAR file:///opt/***/jars/aws-java-sdk-bundle-1.12.367.jar at spark://ec57452a9f33:37287/jars/aws-java-sdk-bundle-1.12.367.jar with timestamp 1762142176667
[2025-11-03T03:56:17.112+0000] {spark_submit.py:491} INFO - 25/11/03 03:56:17 INFO SparkContext: Added JAR file:///opt/***/jars/hadoop-aws-3.3.4.jar at spark://ec57452a9f33:37287/jars/hadoop-aws-3.3.4.jar with timestamp 1762142176667
[2025-11-03T03:56:17.145+0000] {spark_submit.py:491} INFO - 25/11/03 03:56:17 INFO Executor: Starting executor ID driver on host ec57452a9f33
[2025-11-03T03:56:17.145+0000] {spark_submit.py:491} INFO - 25/11/03 03:56:17 INFO Executor: OS info Linux, 6.10.14-linuxkit, aarch64
[2025-11-03T03:56:17.145+0000] {spark_submit.py:491} INFO - 25/11/03 03:56:17 INFO Executor: Java version 11.0.28
[2025-11-03T03:56:17.147+0000] {spark_submit.py:491} INFO - 25/11/03 03:56:17 INFO Executor: Starting executor with user classpath (userClassPathFirst = false): ''
[2025-11-03T03:56:17.147+0000] {spark_submit.py:491} INFO - 25/11/03 03:56:17 INFO Executor: Created or updated repl class loader org.apache.spark.util.MutableURLClassLoader@213e1f74 for default.
[2025-11-03T03:56:17.152+0000] {spark_submit.py:491} INFO - 25/11/03 03:56:17 INFO Executor: Fetching spark://ec57452a9f33:37287/jars/iceberg-spark-runtime-3.5_2.12-1.4.2.jar with timestamp 1762142176667
[2025-11-03T03:56:17.183+0000] {spark_submit.py:491} INFO - 25/11/03 03:56:17 INFO TransportClientFactory: Successfully created connection to ec57452a9f33/172.18.0.4:37287 after 14 ms (0 ms spent in bootstraps)
[2025-11-03T03:56:17.187+0000] {spark_submit.py:491} INFO - 25/11/03 03:56:17 INFO Utils: Fetching spark://ec57452a9f33:37287/jars/iceberg-spark-runtime-3.5_2.12-1.4.2.jar to /tmp/spark-82fde20a-7a48-448b-9dfd-8dafdab21b1b/userFiles-d7a72219-b973-45da-8d85-36e54c3d2623/fetchFileTemp433208763874474306.tmp
[2025-11-03T03:56:17.248+0000] {spark_submit.py:491} INFO - 25/11/03 03:56:17 INFO Executor: Adding file:/tmp/spark-82fde20a-7a48-448b-9dfd-8dafdab21b1b/userFiles-d7a72219-b973-45da-8d85-36e54c3d2623/iceberg-spark-runtime-3.5_2.12-1.4.2.jar to class loader default
[2025-11-03T03:56:17.248+0000] {spark_submit.py:491} INFO - 25/11/03 03:56:17 INFO Executor: Fetching spark://ec57452a9f33:37287/jars/aws-java-sdk-bundle-1.12.367.jar with timestamp 1762142176667
[2025-11-03T03:56:17.248+0000] {spark_submit.py:491} INFO - 25/11/03 03:56:17 INFO Utils: Fetching spark://ec57452a9f33:37287/jars/aws-java-sdk-bundle-1.12.367.jar to /tmp/spark-82fde20a-7a48-448b-9dfd-8dafdab21b1b/userFiles-d7a72219-b973-45da-8d85-36e54c3d2623/fetchFileTemp9843754758521074434.tmp
[2025-11-03T03:56:17.536+0000] {spark_submit.py:491} INFO - 25/11/03 03:56:17 INFO Executor: Adding file:/tmp/spark-82fde20a-7a48-448b-9dfd-8dafdab21b1b/userFiles-d7a72219-b973-45da-8d85-36e54c3d2623/aws-java-sdk-bundle-1.12.367.jar to class loader default
[2025-11-03T03:56:17.536+0000] {spark_submit.py:491} INFO - 25/11/03 03:56:17 INFO Executor: Fetching spark://ec57452a9f33:37287/jars/hadoop-aws-3.3.4.jar with timestamp 1762142176667
[2025-11-03T03:56:17.536+0000] {spark_submit.py:491} INFO - 25/11/03 03:56:17 INFO Utils: Fetching spark://ec57452a9f33:37287/jars/hadoop-aws-3.3.4.jar to /tmp/spark-82fde20a-7a48-448b-9dfd-8dafdab21b1b/userFiles-d7a72219-b973-45da-8d85-36e54c3d2623/fetchFileTemp1766799349863204443.tmp
[2025-11-03T03:56:17.548+0000] {spark_submit.py:491} INFO - 25/11/03 03:56:17 INFO Executor: Adding file:/tmp/spark-82fde20a-7a48-448b-9dfd-8dafdab21b1b/userFiles-d7a72219-b973-45da-8d85-36e54c3d2623/hadoop-aws-3.3.4.jar to class loader default
[2025-11-03T03:56:17.555+0000] {spark_submit.py:491} INFO - 25/11/03 03:56:17 INFO Utils: Successfully started service 'org.apache.spark.network.netty.NettyBlockTransferService' on port 44173.
[2025-11-03T03:56:17.555+0000] {spark_submit.py:491} INFO - 25/11/03 03:56:17 INFO NettyBlockTransferService: Server created on ec57452a9f33:44173
[2025-11-03T03:56:17.556+0000] {spark_submit.py:491} INFO - 25/11/03 03:56:17 INFO BlockManager: Using org.apache.spark.storage.RandomBlockReplicationPolicy for block replication policy
[2025-11-03T03:56:17.560+0000] {spark_submit.py:491} INFO - 25/11/03 03:56:17 INFO BlockManagerMaster: Registering BlockManager BlockManagerId(driver, ec57452a9f33, 44173, None)
[2025-11-03T03:56:17.561+0000] {spark_submit.py:491} INFO - 25/11/03 03:56:17 INFO BlockManagerMasterEndpoint: Registering block manager ec57452a9f33:44173 with 434.4 MiB RAM, BlockManagerId(driver, ec57452a9f33, 44173, None)
[2025-11-03T03:56:17.562+0000] {spark_submit.py:491} INFO - 25/11/03 03:56:17 INFO BlockManagerMaster: Registered BlockManager BlockManagerId(driver, ec57452a9f33, 44173, None)
[2025-11-03T03:56:17.563+0000] {spark_submit.py:491} INFO - 25/11/03 03:56:17 INFO BlockManager: Initialized BlockManager: BlockManagerId(driver, ec57452a9f33, 44173, None)
[2025-11-03T03:56:19.013+0000] {spark_submit.py:491} INFO - 25/11/03 03:56:19 WARN MetricsConfig: Cannot locate configuration: tried hadoop-metrics2-s3a-file-system.properties,hadoop-metrics2.properties
[2025-11-03T03:56:19.725+0000] {spark_submit.py:491} INFO - Created/verified trips table
[2025-11-03T03:56:19.725+0000] {spark_submit.py:491} INFO - Reading data from: /opt/***/data/raw/yellow_tripdata_2025-11.parquet
[2025-11-03T03:56:20.694+0000] {spark_submit.py:491} INFO - Raw data count: 3252717
[2025-11-03T03:56:20.695+0000] {spark_submit.py:491} INFO - root
[2025-11-03T03:56:20.696+0000] {spark_submit.py:491} INFO - |-- VendorID: long (nullable = true)
[2025-11-03T03:56:20.696+0000] {spark_submit.py:491} INFO - |-- tpep_pickup_datetime: timestamp_ntz (nullable = true)
[2025-11-03T03:56:20.696+0000] {spark_submit.py:491} INFO - |-- tpep_dropoff_datetime: timestamp_ntz (nullable = true)
[2025-11-03T03:56:20.696+0000] {spark_submit.py:491} INFO - |-- passenger_count: double (nullable = true)
[2025-11-03T03:56:20.696+0000] {spark_submit.py:491} INFO - |-- trip_distance: double (nullable = true)
[2025-11-03T03:56:20.696+0000] {spark_submit.py:491} INFO - |-- RatecodeID: double (nullable = true)
[2025-11-03T03:56:20.696+0000] {spark_submit.py:491} INFO - |-- store_and_fwd_flag: string (nullable = true)
[2025-11-03T03:56:20.696+0000] {spark_submit.py:491} INFO - |-- PULocationID: long (nullable = true)
[2025-11-03T03:56:20.696+0000] {spark_submit.py:491} INFO - |-- DOLocationID: long (nullable = true)
[2025-11-03T03:56:20.696+0000] {spark_submit.py:491} INFO - |-- payment_type: long (nullable = true)
[2025-11-03T03:56:20.697+0000] {spark_submit.py:491} INFO - |-- fare_amount: double (nullable = true)
[2025-11-03T03:56:20.697+0000] {spark_submit.py:491} INFO - |-- extra: double (nullable = true)
[2025-11-03T03:56:20.697+0000] {spark_submit.py:491} INFO - |-- mta_tax: double (nullable = true)
[2025-11-03T03:56:20.697+0000] {spark_submit.py:491} INFO - |-- tip_amount: double (nullable = true)
[2025-11-03T03:56:20.697+0000] {spark_submit.py:491} INFO - |-- tolls_amount: double (nullable = true)
[2025-11-03T03:56:20.697+0000] {spark_submit.py:491} INFO - |-- improvement_surcharge: double (nullable = true)
[2025-11-03T03:56:20.697+0000] {spark_submit.py:491} INFO - |-- total_amount: double (nullable = true)
[2025-11-03T03:56:20.697+0000] {spark_submit.py:491} INFO - |-- congestion_surcharge: double (nullable = true)
[2025-11-03T03:56:20.697+0000] {spark_submit.py:491} INFO - |-- airport_fee: double (nullable = true)
[2025-11-03T03:56:20.697+0000] {spark_submit.py:491} INFO - 
[2025-11-03T03:56:21.445+0000] {spark_submit.py:491} INFO - Processed data count: 3019653
[2025-11-03T03:56:28.187+0000] {spark_submit.py:491} INFO - Successfully wrote data to Iceberg table
[2025-11-03T03:56:30.102+0000] {spark_submit.py:491} INFO - +----+-----+----------+------------------+------------------+
[2025-11-03T03:56:30.102+0000] {spark_submit.py:491} INFO - |year|month|trip_count|      avg_distance|        avg_amount|
[2025-11-03T03:56:30.102+0000] {spark_submit.py:491} INFO - +----+-----+----------+------------------+------------------+
[2025-11-03T03:56:30.103+0000] {spark_submit.py:491} INFO - |2022|   12|       285|2.8629824561403496|20.792280701754397|
[2025-11-03T03:56:30.107+0000] {spark_submit.py:491} INFO - |2022|   11|  15097795| 3.672769977337404|21.917788524301486|
[2025-11-03T03:56:30.108+0000] {spark_submit.py:491} INFO - |2022|   10|       160| 5.545624999999999|26.396562499999987|
[2025-11-03T03:56:30.108+0000] {spark_submit.py:491} INFO - |2009|    1|        10|             2.955|             18.55|
[2025-11-03T03:56:30.109+0000] {spark_submit.py:491} INFO - |2008|   12|        10|             6.095|29.534999999999997|
[2025-11-03T03:56:30.109+0000] {spark_submit.py:491} INFO - |2002|   12|         5|              8.43|             47.31|
[2025-11-03T03:56:30.110+0000] {spark_submit.py:491} INFO - +----+-----+----------+------------------+------------------+
[2025-11-03T03:56:30.111+0000] {spark_submit.py:491} INFO - 
[2025-11-03T03:56:30.355+0000] {spark_submit.py:491} INFO - Created daily summary table
[2025-11-03T03:56:30.356+0000] {spark_submit.py:491} INFO - ETL job completed successfully!
[2025-11-03T03:56:30.794+0000] {taskinstance.py:1398} INFO - Marking task as SUCCESS. dag_id=nyc_taxi_iceberg_etl, task_id=spark_process_to_iceberg, execution_date=20251103T035604, start_date=20251103T035615, end_date=20251103T035630
[2025-11-03T03:56:30.841+0000] {local_task_job_runner.py:228} INFO - Task exited with return code 0
[2025-11-03T03:56:30.852+0000] {taskinstance.py:2776} INFO - 1 downstream tasks scheduled from follow-on schedule check
