[2025-07-20T07:47:15.358+0000] {processor.py:157} INFO - Started process (PID=1955) to work on /opt/airflow/dags/simple_nyc_taxi_etl.py
[2025-07-20T07:47:15.359+0000] {processor.py:829} INFO - Processing file /opt/airflow/dags/simple_nyc_taxi_etl.py for tasks to queue
[2025-07-20T07:47:15.359+0000] {logging_mixin.py:151} INFO - [2025-07-20T07:47:15.359+0000] {dagbag.py:539} INFO - Filling up the DagBag from /opt/airflow/dags/simple_nyc_taxi_etl.py
[2025-07-20T07:47:15.572+0000] {processor.py:839} INFO - DAG(s) dict_keys(['simple_nyc_taxi_etl']) retrieved from /opt/airflow/dags/simple_nyc_taxi_etl.py
[2025-07-20T07:47:15.594+0000] {logging_mixin.py:151} INFO - [2025-07-20T07:47:15.594+0000] {dag.py:2915} INFO - Sync 1 DAGs
[2025-07-20T07:47:15.610+0000] {logging_mixin.py:151} INFO - [2025-07-20T07:47:15.610+0000] {dag.py:3696} INFO - Setting next_dagrun for simple_nyc_taxi_etl to 2025-07-20T01:47:15.610261+00:00, run_after=2025-07-20T07:47:15.610261+00:00
[2025-07-20T07:47:15.622+0000] {processor.py:179} INFO - Processing /opt/airflow/dags/simple_nyc_taxi_etl.py took 0.266 seconds
[2025-07-20T07:47:46.083+0000] {processor.py:157} INFO - Started process (PID=1990) to work on /opt/airflow/dags/simple_nyc_taxi_etl.py
[2025-07-20T07:47:46.084+0000] {processor.py:829} INFO - Processing file /opt/airflow/dags/simple_nyc_taxi_etl.py for tasks to queue
[2025-07-20T07:47:46.085+0000] {logging_mixin.py:151} INFO - [2025-07-20T07:47:46.085+0000] {dagbag.py:539} INFO - Filling up the DagBag from /opt/airflow/dags/simple_nyc_taxi_etl.py
[2025-07-20T07:47:46.273+0000] {processor.py:839} INFO - DAG(s) dict_keys(['simple_nyc_taxi_etl']) retrieved from /opt/airflow/dags/simple_nyc_taxi_etl.py
[2025-07-20T07:47:46.305+0000] {logging_mixin.py:151} INFO - [2025-07-20T07:47:46.305+0000] {dag.py:2915} INFO - Sync 1 DAGs
[2025-07-20T07:47:46.317+0000] {logging_mixin.py:151} INFO - [2025-07-20T07:47:46.316+0000] {dag.py:3696} INFO - Setting next_dagrun for simple_nyc_taxi_etl to 2025-07-20T01:47:46.316561+00:00, run_after=2025-07-20T07:47:46.316561+00:00
[2025-07-20T07:47:46.332+0000] {processor.py:179} INFO - Processing /opt/airflow/dags/simple_nyc_taxi_etl.py took 0.255 seconds
[2025-07-20T07:48:16.732+0000] {processor.py:157} INFO - Started process (PID=2025) to work on /opt/airflow/dags/simple_nyc_taxi_etl.py
[2025-07-20T07:48:16.734+0000] {processor.py:829} INFO - Processing file /opt/airflow/dags/simple_nyc_taxi_etl.py for tasks to queue
[2025-07-20T07:48:16.735+0000] {logging_mixin.py:151} INFO - [2025-07-20T07:48:16.735+0000] {dagbag.py:539} INFO - Filling up the DagBag from /opt/airflow/dags/simple_nyc_taxi_etl.py
[2025-07-20T07:48:16.994+0000] {processor.py:839} INFO - DAG(s) dict_keys(['simple_nyc_taxi_etl']) retrieved from /opt/airflow/dags/simple_nyc_taxi_etl.py
[2025-07-20T07:48:17.013+0000] {logging_mixin.py:151} INFO - [2025-07-20T07:48:17.013+0000] {dag.py:2915} INFO - Sync 1 DAGs
[2025-07-20T07:48:17.027+0000] {logging_mixin.py:151} INFO - [2025-07-20T07:48:17.027+0000] {dag.py:3696} INFO - Setting next_dagrun for simple_nyc_taxi_etl to 2025-07-20T01:48:17.027671+00:00, run_after=2025-07-20T07:48:17.027671+00:00
[2025-07-20T07:48:17.041+0000] {processor.py:179} INFO - Processing /opt/airflow/dags/simple_nyc_taxi_etl.py took 0.317 seconds
[2025-07-20T07:48:47.562+0000] {processor.py:157} INFO - Started process (PID=2060) to work on /opt/airflow/dags/simple_nyc_taxi_etl.py
[2025-07-20T07:48:47.563+0000] {processor.py:829} INFO - Processing file /opt/airflow/dags/simple_nyc_taxi_etl.py for tasks to queue
[2025-07-20T07:48:47.565+0000] {logging_mixin.py:151} INFO - [2025-07-20T07:48:47.564+0000] {dagbag.py:539} INFO - Filling up the DagBag from /opt/airflow/dags/simple_nyc_taxi_etl.py
[2025-07-20T07:48:47.768+0000] {processor.py:839} INFO - DAG(s) dict_keys(['simple_nyc_taxi_etl']) retrieved from /opt/airflow/dags/simple_nyc_taxi_etl.py
[2025-07-20T07:48:47.784+0000] {logging_mixin.py:151} INFO - [2025-07-20T07:48:47.784+0000] {dag.py:2915} INFO - Sync 1 DAGs
[2025-07-20T07:48:47.798+0000] {logging_mixin.py:151} INFO - [2025-07-20T07:48:47.798+0000] {dag.py:3696} INFO - Setting next_dagrun for simple_nyc_taxi_etl to 2025-07-20T01:48:47.798076+00:00, run_after=2025-07-20T07:48:47.798076+00:00
[2025-07-20T07:48:47.809+0000] {processor.py:179} INFO - Processing /opt/airflow/dags/simple_nyc_taxi_etl.py took 0.254 seconds
[2025-07-20T07:49:18.272+0000] {processor.py:157} INFO - Started process (PID=2095) to work on /opt/airflow/dags/simple_nyc_taxi_etl.py
[2025-07-20T07:49:18.273+0000] {processor.py:829} INFO - Processing file /opt/airflow/dags/simple_nyc_taxi_etl.py for tasks to queue
[2025-07-20T07:49:18.274+0000] {logging_mixin.py:151} INFO - [2025-07-20T07:49:18.273+0000] {dagbag.py:539} INFO - Filling up the DagBag from /opt/airflow/dags/simple_nyc_taxi_etl.py
[2025-07-20T07:49:18.473+0000] {processor.py:839} INFO - DAG(s) dict_keys(['simple_nyc_taxi_etl']) retrieved from /opt/airflow/dags/simple_nyc_taxi_etl.py
[2025-07-20T07:49:18.487+0000] {logging_mixin.py:151} INFO - [2025-07-20T07:49:18.487+0000] {dag.py:2915} INFO - Sync 1 DAGs
[2025-07-20T07:49:18.495+0000] {logging_mixin.py:151} INFO - [2025-07-20T07:49:18.495+0000] {dag.py:3696} INFO - Setting next_dagrun for simple_nyc_taxi_etl to 2025-07-20T01:49:18.495499+00:00, run_after=2025-07-20T07:49:18.495499+00:00
[2025-07-20T07:49:18.504+0000] {processor.py:179} INFO - Processing /opt/airflow/dags/simple_nyc_taxi_etl.py took 0.236 seconds
[2025-07-20T07:49:48.909+0000] {processor.py:157} INFO - Started process (PID=2130) to work on /opt/airflow/dags/simple_nyc_taxi_etl.py
[2025-07-20T07:49:48.910+0000] {processor.py:829} INFO - Processing file /opt/airflow/dags/simple_nyc_taxi_etl.py for tasks to queue
[2025-07-20T07:49:48.911+0000] {logging_mixin.py:151} INFO - [2025-07-20T07:49:48.911+0000] {dagbag.py:539} INFO - Filling up the DagBag from /opt/airflow/dags/simple_nyc_taxi_etl.py
[2025-07-20T07:49:49.078+0000] {processor.py:839} INFO - DAG(s) dict_keys(['simple_nyc_taxi_etl']) retrieved from /opt/airflow/dags/simple_nyc_taxi_etl.py
[2025-07-20T07:49:49.112+0000] {logging_mixin.py:151} INFO - [2025-07-20T07:49:49.112+0000] {dag.py:2915} INFO - Sync 1 DAGs
[2025-07-20T07:49:49.146+0000] {logging_mixin.py:151} INFO - [2025-07-20T07:49:49.146+0000] {dag.py:3696} INFO - Setting next_dagrun for simple_nyc_taxi_etl to 2025-07-20T01:49:49.145862+00:00, run_after=2025-07-20T07:49:49.145862+00:00
[2025-07-20T07:49:49.248+0000] {processor.py:179} INFO - Processing /opt/airflow/dags/simple_nyc_taxi_etl.py took 0.343 seconds
[2025-07-20T07:50:19.582+0000] {processor.py:157} INFO - Started process (PID=2165) to work on /opt/airflow/dags/simple_nyc_taxi_etl.py
[2025-07-20T07:50:19.582+0000] {processor.py:829} INFO - Processing file /opt/airflow/dags/simple_nyc_taxi_etl.py for tasks to queue
[2025-07-20T07:50:19.583+0000] {logging_mixin.py:151} INFO - [2025-07-20T07:50:19.583+0000] {dagbag.py:539} INFO - Filling up the DagBag from /opt/airflow/dags/simple_nyc_taxi_etl.py
[2025-07-20T07:50:19.751+0000] {processor.py:839} INFO - DAG(s) dict_keys(['simple_nyc_taxi_etl']) retrieved from /opt/airflow/dags/simple_nyc_taxi_etl.py
[2025-07-20T07:50:19.765+0000] {logging_mixin.py:151} INFO - [2025-07-20T07:50:19.765+0000] {dag.py:2915} INFO - Sync 1 DAGs
[2025-07-20T07:50:19.774+0000] {logging_mixin.py:151} INFO - [2025-07-20T07:50:19.774+0000] {dag.py:3696} INFO - Setting next_dagrun for simple_nyc_taxi_etl to 2025-07-20T01:50:19.774046+00:00, run_after=2025-07-20T07:50:19.774046+00:00
[2025-07-20T07:50:19.783+0000] {processor.py:179} INFO - Processing /opt/airflow/dags/simple_nyc_taxi_etl.py took 0.203 seconds
[2025-07-20T07:50:50.170+0000] {processor.py:157} INFO - Started process (PID=2200) to work on /opt/airflow/dags/simple_nyc_taxi_etl.py
[2025-07-20T07:50:50.171+0000] {processor.py:829} INFO - Processing file /opt/airflow/dags/simple_nyc_taxi_etl.py for tasks to queue
[2025-07-20T07:50:50.171+0000] {logging_mixin.py:151} INFO - [2025-07-20T07:50:50.171+0000] {dagbag.py:539} INFO - Filling up the DagBag from /opt/airflow/dags/simple_nyc_taxi_etl.py
[2025-07-20T07:50:50.379+0000] {processor.py:839} INFO - DAG(s) dict_keys(['simple_nyc_taxi_etl']) retrieved from /opt/airflow/dags/simple_nyc_taxi_etl.py
[2025-07-20T07:50:50.399+0000] {logging_mixin.py:151} INFO - [2025-07-20T07:50:50.399+0000] {dag.py:2915} INFO - Sync 1 DAGs
[2025-07-20T07:50:50.516+0000] {logging_mixin.py:151} INFO - [2025-07-20T07:50:50.516+0000] {dag.py:3696} INFO - Setting next_dagrun for simple_nyc_taxi_etl to 2025-07-20T01:50:50.516344+00:00, run_after=2025-07-20T07:50:50.516344+00:00
[2025-07-20T07:50:50.527+0000] {processor.py:179} INFO - Processing /opt/airflow/dags/simple_nyc_taxi_etl.py took 0.359 seconds
[2025-07-20T07:51:20.945+0000] {processor.py:157} INFO - Started process (PID=2235) to work on /opt/airflow/dags/simple_nyc_taxi_etl.py
[2025-07-20T07:51:20.947+0000] {processor.py:829} INFO - Processing file /opt/airflow/dags/simple_nyc_taxi_etl.py for tasks to queue
[2025-07-20T07:51:20.947+0000] {logging_mixin.py:151} INFO - [2025-07-20T07:51:20.947+0000] {dagbag.py:539} INFO - Filling up the DagBag from /opt/airflow/dags/simple_nyc_taxi_etl.py
[2025-07-20T07:51:21.151+0000] {processor.py:839} INFO - DAG(s) dict_keys(['simple_nyc_taxi_etl']) retrieved from /opt/airflow/dags/simple_nyc_taxi_etl.py
[2025-07-20T07:51:21.172+0000] {logging_mixin.py:151} INFO - [2025-07-20T07:51:21.172+0000] {dag.py:2915} INFO - Sync 1 DAGs
[2025-07-20T07:51:21.181+0000] {logging_mixin.py:151} INFO - [2025-07-20T07:51:21.181+0000] {dag.py:3696} INFO - Setting next_dagrun for simple_nyc_taxi_etl to 2025-07-20T01:51:21.181267+00:00, run_after=2025-07-20T07:51:21.181267+00:00
[2025-07-20T07:51:21.192+0000] {processor.py:179} INFO - Processing /opt/airflow/dags/simple_nyc_taxi_etl.py took 0.250 seconds
