[2025-10-27T05:22:04.840+0000] {taskinstance.py:1157} INFO - Dependencies all met for dep_context=non-requeueable deps ti=<TaskInstance: nyc_weather_etl.spark_process_location_to_iceberg scheduled__2025-10-27T04:22:01.412179+00:00 [queued]>
[2025-10-27T05:22:04.846+0000] {taskinstance.py:1157} INFO - Dependencies all met for dep_context=requeueable deps ti=<TaskInstance: nyc_weather_etl.spark_process_location_to_iceberg scheduled__2025-10-27T04:22:01.412179+00:00 [queued]>
[2025-10-27T05:22:04.846+0000] {taskinstance.py:1359} INFO - Starting attempt 1 of 1
[2025-10-27T05:22:04.854+0000] {taskinstance.py:1380} INFO - Executing <Task(SparkSubmitOperator): spark_process_location_to_iceberg> on 2025-10-27 04:22:01.412179+00:00
[2025-10-27T05:22:04.856+0000] {standard_task_runner.py:57} INFO - Started process 10285 to run task
[2025-10-27T05:22:04.858+0000] {standard_task_runner.py:84} INFO - Running: ['***', 'tasks', 'run', 'nyc_weather_etl', 'spark_process_location_to_iceberg', 'scheduled__2025-10-27T04:22:01.412179+00:00', '--job-id', '687', '--raw', '--subdir', 'DAGS_FOLDER/nyc_weather_etl.py', '--cfg-path', '/tmp/tmpzqv3j2bg']
[2025-10-27T05:22:04.859+0000] {standard_task_runner.py:85} INFO - Job 687: Subtask spark_process_location_to_iceberg
[2025-10-27T05:22:04.891+0000] {task_command.py:415} INFO - Running <TaskInstance: nyc_weather_etl.spark_process_location_to_iceberg scheduled__2025-10-27T04:22:01.412179+00:00 [running]> on host b40be2a595bb
[2025-10-27T05:22:05.033+0000] {taskinstance.py:1660} INFO - Exporting env vars: AIRFLOW_CTX_DAG_OWNER='data-engineering' AIRFLOW_CTX_DAG_ID='nyc_weather_etl' AIRFLOW_CTX_TASK_ID='spark_process_location_to_iceberg' AIRFLOW_CTX_EXECUTION_DATE='2025-10-27T04:22:01.412179+00:00' AIRFLOW_CTX_TRY_NUMBER='1' AIRFLOW_CTX_DAG_RUN_ID='scheduled__2025-10-27T04:22:01.412179+00:00'
[2025-10-27T05:22:05.044+0000] {base.py:73} INFO - Using connection ID 'spark_default' for task execution.
[2025-10-27T05:22:05.046+0000] {spark_submit.py:340} INFO - Spark-Submit cmd: /opt/bitnami/spark/bin/spark-submit --master spark://spark-master:7077 --conf spark.master=spark://spark-master:7077 --conf spark.sql.catalog.spark_catalog=org.apache.iceberg.spark.SparkSessionCatalog --conf spark.sql.catalog.spark_catalog.type=hive --conf spark.sql.catalog.iceberg=org.apache.iceberg.spark.SparkCatalog --conf spark.sql.catalog.iceberg.type=hadoop --conf spark.sql.catalog.iceberg.warehouse=s3a://lakehouse/warehouse --conf spark.sql.extensions=org.apache.iceberg.spark.extensions.IcebergSparkSessionExtensions --conf spark.hadoop.fs.s3a.endpoint=http://minio:9000 --conf spark.hadoop.fs.s3a.access.key=admin --conf spark.hadoop.fs.s3a.secret.key=****** --conf spark.hadoop.fs.s3a.path.style.access=true --conf spark.hadoop.fs.s3a.impl=org.apache.hadoop.fs.s3a.S3AFileSystem --jars /opt/***/jars/iceberg-spark-runtime-3.5_2.12-1.4.2.jar,/opt/***/jars/aws-java-sdk-bundle-1.12.367.jar,/opt/***/jars/hadoop-aws-3.3.4.jar --name arrow-spark --queue default /opt/***/dags/spark_jobs/location_to_iceberg.py /opt/***/data/locations/nyc_taxi_zones.json
[2025-10-27T05:22:06.475+0000] {spark_submit.py:491} INFO - 25/10/27 05:22:06 WARN NativeCodeLoader: Unable to load native-hadoop library for your platform... using builtin-java classes where applicable
[2025-10-27T05:22:07.393+0000] {spark_submit.py:491} INFO - 25/10/27 05:22:07 INFO SparkContext: Running Spark version 3.5.1
[2025-10-27T05:22:07.395+0000] {spark_submit.py:491} INFO - 25/10/27 05:22:07 INFO SparkContext: OS info Linux, 6.10.14-linuxkit, aarch64
[2025-10-27T05:22:07.396+0000] {spark_submit.py:491} INFO - 25/10/27 05:22:07 INFO SparkContext: Java version 11.0.28
[2025-10-27T05:22:07.411+0000] {spark_submit.py:491} INFO - 25/10/27 05:22:07 INFO ResourceUtils: ==============================================================
[2025-10-27T05:22:07.412+0000] {spark_submit.py:491} INFO - 25/10/27 05:22:07 INFO ResourceUtils: No custom resources configured for spark.driver.
[2025-10-27T05:22:07.412+0000] {spark_submit.py:491} INFO - 25/10/27 05:22:07 INFO ResourceUtils: ==============================================================
[2025-10-27T05:22:07.412+0000] {spark_submit.py:491} INFO - 25/10/27 05:22:07 INFO SparkContext: Submitted application: Location to Iceberg ETL
[2025-10-27T05:22:07.436+0000] {spark_submit.py:491} INFO - 25/10/27 05:22:07 INFO ResourceProfile: Default ResourceProfile created, executor resources: Map(cores -> name: cores, amount: 1, script: , vendor: , memory -> name: memory, amount: 1024, script: , vendor: , offHeap -> name: offHeap, amount: 0, script: , vendor: ), task resources: Map(cpus -> name: cpus, amount: 1.0)
[2025-10-27T05:22:07.449+0000] {spark_submit.py:491} INFO - 25/10/27 05:22:07 INFO ResourceProfile: Limiting resource is cpu
[2025-10-27T05:22:07.450+0000] {spark_submit.py:491} INFO - 25/10/27 05:22:07 INFO ResourceProfileManager: Added ResourceProfile id: 0
[2025-10-27T05:22:07.495+0000] {spark_submit.py:491} INFO - 25/10/27 05:22:07 INFO SecurityManager: Changing view acls to: ***
[2025-10-27T05:22:07.496+0000] {spark_submit.py:491} INFO - 25/10/27 05:22:07 INFO SecurityManager: Changing modify acls to: ***
[2025-10-27T05:22:07.497+0000] {spark_submit.py:491} INFO - 25/10/27 05:22:07 INFO SecurityManager: Changing view acls groups to:
[2025-10-27T05:22:07.499+0000] {spark_submit.py:491} INFO - 25/10/27 05:22:07 INFO SecurityManager: Changing modify acls groups to:
[2025-10-27T05:22:07.499+0000] {spark_submit.py:491} INFO - 25/10/27 05:22:07 INFO SecurityManager: SecurityManager: authentication disabled; ui acls disabled; users with view permissions: ***; groups with view permissions: EMPTY; users with modify permissions: ***; groups with modify permissions: EMPTY
[2025-10-27T05:22:07.743+0000] {spark_submit.py:491} INFO - 25/10/27 05:22:07 INFO Utils: Successfully started service 'sparkDriver' on port 44929.
[2025-10-27T05:22:07.759+0000] {spark_submit.py:491} INFO - 25/10/27 05:22:07 INFO SparkEnv: Registering MapOutputTracker
[2025-10-27T05:22:07.777+0000] {spark_submit.py:491} INFO - 25/10/27 05:22:07 INFO SparkEnv: Registering BlockManagerMaster
[2025-10-27T05:22:07.796+0000] {spark_submit.py:491} INFO - 25/10/27 05:22:07 INFO BlockManagerMasterEndpoint: Using org.apache.spark.storage.DefaultTopologyMapper for getting topology information
[2025-10-27T05:22:07.796+0000] {spark_submit.py:491} INFO - 25/10/27 05:22:07 INFO BlockManagerMasterEndpoint: BlockManagerMasterEndpoint up
[2025-10-27T05:22:07.796+0000] {spark_submit.py:491} INFO - 25/10/27 05:22:07 INFO SparkEnv: Registering BlockManagerMasterHeartbeat
[2025-10-27T05:22:07.826+0000] {spark_submit.py:491} INFO - 25/10/27 05:22:07 INFO DiskBlockManager: Created local directory at /tmp/blockmgr-c1cd9f92-4503-42d3-83de-c47abf01f43e
[2025-10-27T05:22:07.843+0000] {spark_submit.py:491} INFO - 25/10/27 05:22:07 INFO MemoryStore: MemoryStore started with capacity 434.4 MiB
[2025-10-27T05:22:07.872+0000] {spark_submit.py:491} INFO - 25/10/27 05:22:07 INFO SparkEnv: Registering OutputCommitCoordinator
[2025-10-27T05:22:07.984+0000] {spark_submit.py:491} INFO - 25/10/27 05:22:07 INFO JettyUtils: Start Jetty 0.0.0.0:4040 for SparkUI
[2025-10-27T05:22:08.070+0000] {spark_submit.py:491} INFO - 25/10/27 05:22:08 INFO Utils: Successfully started service 'SparkUI' on port 4040.
[2025-10-27T05:22:08.144+0000] {spark_submit.py:491} INFO - 25/10/27 05:22:08 INFO SparkContext: Added JAR file:///opt/***/jars/iceberg-spark-runtime-3.5_2.12-1.4.2.jar at spark://b40be2a595bb:44929/jars/iceberg-spark-runtime-3.5_2.12-1.4.2.jar with timestamp 1761542527383
[2025-10-27T05:22:08.144+0000] {spark_submit.py:491} INFO - 25/10/27 05:22:08 INFO SparkContext: Added JAR file:///opt/***/jars/aws-java-sdk-bundle-1.12.367.jar at spark://b40be2a595bb:44929/jars/aws-java-sdk-bundle-1.12.367.jar with timestamp 1761542527383
[2025-10-27T05:22:08.147+0000] {spark_submit.py:491} INFO - 25/10/27 05:22:08 INFO SparkContext: Added JAR file:///opt/***/jars/hadoop-aws-3.3.4.jar at spark://b40be2a595bb:44929/jars/hadoop-aws-3.3.4.jar with timestamp 1761542527383
[2025-10-27T05:22:08.190+0000] {spark_submit.py:491} INFO - 25/10/27 05:22:08 INFO Executor: Starting executor ID driver on host b40be2a595bb
[2025-10-27T05:22:08.190+0000] {spark_submit.py:491} INFO - 25/10/27 05:22:08 INFO Executor: OS info Linux, 6.10.14-linuxkit, aarch64
[2025-10-27T05:22:08.191+0000] {spark_submit.py:491} INFO - 25/10/27 05:22:08 INFO Executor: Java version 11.0.28
[2025-10-27T05:22:08.197+0000] {spark_submit.py:491} INFO - 25/10/27 05:22:08 INFO Executor: Starting executor with user classpath (userClassPathFirst = false): ''
[2025-10-27T05:22:08.197+0000] {spark_submit.py:491} INFO - 25/10/27 05:22:08 INFO Executor: Created or updated repl class loader org.apache.spark.util.MutableURLClassLoader@321ef44a for default.
[2025-10-27T05:22:08.206+0000] {spark_submit.py:491} INFO - 25/10/27 05:22:08 INFO Executor: Fetching spark://b40be2a595bb:44929/jars/aws-java-sdk-bundle-1.12.367.jar with timestamp 1761542527383
[2025-10-27T05:22:08.250+0000] {spark_submit.py:491} INFO - 25/10/27 05:22:08 INFO TransportClientFactory: Successfully created connection to b40be2a595bb/172.18.0.5:44929 after 22 ms (0 ms spent in bootstraps)
[2025-10-27T05:22:08.256+0000] {spark_submit.py:491} INFO - 25/10/27 05:22:08 INFO Utils: Fetching spark://b40be2a595bb:44929/jars/aws-java-sdk-bundle-1.12.367.jar to /tmp/spark-f526af9e-1bb2-4ec8-8eec-c383222a8400/userFiles-8a9ffcf1-e1ba-4d4c-ba55-d5660365f818/fetchFileTemp4880338669340932097.tmp
[2025-10-27T05:22:08.898+0000] {spark_submit.py:491} INFO - 25/10/27 05:22:08 INFO Executor: Adding file:/tmp/spark-f526af9e-1bb2-4ec8-8eec-c383222a8400/userFiles-8a9ffcf1-e1ba-4d4c-ba55-d5660365f818/aws-java-sdk-bundle-1.12.367.jar to class loader default
[2025-10-27T05:22:08.899+0000] {spark_submit.py:491} INFO - 25/10/27 05:22:08 INFO Executor: Fetching spark://b40be2a595bb:44929/jars/iceberg-spark-runtime-3.5_2.12-1.4.2.jar with timestamp 1761542527383
[2025-10-27T05:22:08.901+0000] {spark_submit.py:491} INFO - 25/10/27 05:22:08 INFO Utils: Fetching spark://b40be2a595bb:44929/jars/iceberg-spark-runtime-3.5_2.12-1.4.2.jar to /tmp/spark-f526af9e-1bb2-4ec8-8eec-c383222a8400/userFiles-8a9ffcf1-e1ba-4d4c-ba55-d5660365f818/fetchFileTemp11826536181179033360.tmp
[2025-10-27T05:22:08.959+0000] {spark_submit.py:491} INFO - 25/10/27 05:22:08 INFO Executor: Adding file:/tmp/spark-f526af9e-1bb2-4ec8-8eec-c383222a8400/userFiles-8a9ffcf1-e1ba-4d4c-ba55-d5660365f818/iceberg-spark-runtime-3.5_2.12-1.4.2.jar to class loader default
[2025-10-27T05:22:08.961+0000] {spark_submit.py:491} INFO - 25/10/27 05:22:08 INFO Executor: Fetching spark://b40be2a595bb:44929/jars/hadoop-aws-3.3.4.jar with timestamp 1761542527383
[2025-10-27T05:22:08.961+0000] {spark_submit.py:491} INFO - 25/10/27 05:22:08 INFO Utils: Fetching spark://b40be2a595bb:44929/jars/hadoop-aws-3.3.4.jar to /tmp/spark-f526af9e-1bb2-4ec8-8eec-c383222a8400/userFiles-8a9ffcf1-e1ba-4d4c-ba55-d5660365f818/fetchFileTemp8616170605642202990.tmp
[2025-10-27T05:22:08.970+0000] {spark_submit.py:491} INFO - 25/10/27 05:22:08 INFO Executor: Adding file:/tmp/spark-f526af9e-1bb2-4ec8-8eec-c383222a8400/userFiles-8a9ffcf1-e1ba-4d4c-ba55-d5660365f818/hadoop-aws-3.3.4.jar to class loader default
[2025-10-27T05:22:08.986+0000] {spark_submit.py:491} INFO - 25/10/27 05:22:08 INFO Utils: Successfully started service 'org.apache.spark.network.netty.NettyBlockTransferService' on port 33559.
[2025-10-27T05:22:08.987+0000] {spark_submit.py:491} INFO - 25/10/27 05:22:08 INFO NettyBlockTransferService: Server created on b40be2a595bb:33559
[2025-10-27T05:22:08.991+0000] {spark_submit.py:491} INFO - 25/10/27 05:22:08 INFO BlockManager: Using org.apache.spark.storage.RandomBlockReplicationPolicy for block replication policy
[2025-10-27T05:22:08.996+0000] {spark_submit.py:491} INFO - 25/10/27 05:22:08 INFO BlockManagerMaster: Registering BlockManager BlockManagerId(driver, b40be2a595bb, 33559, None)
[2025-10-27T05:22:09.006+0000] {spark_submit.py:491} INFO - 25/10/27 05:22:09 INFO BlockManagerMasterEndpoint: Registering block manager b40be2a595bb:33559 with 434.4 MiB RAM, BlockManagerId(driver, b40be2a595bb, 33559, None)
[2025-10-27T05:22:09.011+0000] {spark_submit.py:491} INFO - 25/10/27 05:22:09 INFO BlockManagerMaster: Registered BlockManager BlockManagerId(driver, b40be2a595bb, 33559, None)
[2025-10-27T05:22:09.014+0000] {spark_submit.py:491} INFO - 25/10/27 05:22:09 INFO BlockManager: Initialized BlockManager: BlockManagerId(driver, b40be2a595bb, 33559, None)
[2025-10-27T05:22:11.624+0000] {spark_submit.py:491} INFO - 25/10/27 05:22:11 WARN MetricsConfig: Cannot locate configuration: tried hadoop-metrics2-s3a-file-system.properties,hadoop-metrics2.properties
[2025-10-27T05:22:12.833+0000] {spark_submit.py:491} INFO - Created/verified taxi zones table
[2025-10-27T05:22:12.834+0000] {spark_submit.py:491} INFO - Reading location data from: /opt/***/data/locations/nyc_taxi_zones.json
[2025-10-27T05:22:14.946+0000] {spark_submit.py:491} INFO - Raw location data count: 16
[2025-10-27T05:22:14.947+0000] {spark_submit.py:491} INFO - root
[2025-10-27T05:22:14.947+0000] {spark_submit.py:491} INFO - |-- borough: string (nullable = true)
[2025-10-27T05:22:14.947+0000] {spark_submit.py:491} INFO - |-- created_at: string (nullable = true)
[2025-10-27T05:22:14.947+0000] {spark_submit.py:491} INFO - |-- is_business_district: boolean (nullable = true)
[2025-10-27T05:22:14.947+0000] {spark_submit.py:491} INFO - |-- is_tourist_area: boolean (nullable = true)
[2025-10-27T05:22:14.947+0000] {spark_submit.py:491} INFO - |-- lat: double (nullable = true)
[2025-10-27T05:22:14.947+0000] {spark_submit.py:491} INFO - |-- location_id: long (nullable = true)
[2025-10-27T05:22:14.947+0000] {spark_submit.py:491} INFO - |-- lon: double (nullable = true)
[2025-10-27T05:22:14.948+0000] {spark_submit.py:491} INFO - |-- zone: string (nullable = true)
[2025-10-27T05:22:14.948+0000] {spark_submit.py:491} INFO - |-- zone_type: string (nullable = true)
[2025-10-27T05:22:14.948+0000] {spark_submit.py:491} INFO - 
[2025-10-27T05:22:15.277+0000] {spark_submit.py:491} INFO - Processed location data count: 16
[2025-10-27T05:22:17.561+0000] {spark_submit.py:491} INFO - Successfully wrote location data to Iceberg table
[2025-10-27T05:22:19.270+0000] {spark_submit.py:491} INFO - +---------+----------+-------------+--------------+
[2025-10-27T05:22:19.271+0000] {spark_submit.py:491} INFO - |  borough|zone_count|tourist_zones|business_zones|
[2025-10-27T05:22:19.271+0000] {spark_submit.py:491} INFO - +---------+----------+-------------+--------------+
[2025-10-27T05:22:19.271+0000] {spark_submit.py:491} INFO - |Manhattan|        13|            4|             3|
[2025-10-27T05:22:19.271+0000] {spark_submit.py:491} INFO - |   Queens|         2|            0|             0|
[2025-10-27T05:22:19.271+0000] {spark_submit.py:491} INFO - | Brooklyn|         1|            0|             0|
[2025-10-27T05:22:19.271+0000] {spark_submit.py:491} INFO - +---------+----------+-------------+--------------+
[2025-10-27T05:22:19.271+0000] {spark_submit.py:491} INFO - 
[2025-10-27T05:22:19.271+0000] {spark_submit.py:491} INFO - Location ETL job completed successfully!
[2025-10-27T05:22:20.479+0000] {taskinstance.py:1398} INFO - Marking task as SUCCESS. dag_id=nyc_weather_etl, task_id=spark_process_location_to_iceberg, execution_date=20251027T042201, start_date=20251027T052204, end_date=20251027T052220
[2025-10-27T05:22:20.510+0000] {local_task_job_runner.py:228} INFO - Task exited with return code 0
[2025-10-27T05:22:20.525+0000] {taskinstance.py:2776} INFO - 0 downstream tasks scheduled from follow-on schedule check
