[2025-10-25T11:14:04.812+0000] {taskinstance.py:1157} INFO - Dependencies all met for dep_context=non-requeueable deps ti=<TaskInstance: nyc_weather_etl.spark_process_weather_to_iceberg manual__2025-10-25T11:14:02.298320+00:00 [queued]>
[2025-10-25T11:14:04.815+0000] {taskinstance.py:1157} INFO - Dependencies all met for dep_context=requeueable deps ti=<TaskInstance: nyc_weather_etl.spark_process_weather_to_iceberg manual__2025-10-25T11:14:02.298320+00:00 [queued]>
[2025-10-25T11:14:04.815+0000] {taskinstance.py:1359} INFO - Starting attempt 1 of 1
[2025-10-25T11:14:04.820+0000] {taskinstance.py:1380} INFO - Executing <Task(SparkSubmitOperator): spark_process_weather_to_iceberg> on 2025-10-25 11:14:02.298320+00:00
[2025-10-25T11:14:04.822+0000] {standard_task_runner.py:57} INFO - Started process 3524 to run task
[2025-10-25T11:14:04.824+0000] {standard_task_runner.py:84} INFO - Running: ['***', 'tasks', 'run', 'nyc_weather_etl', 'spark_process_weather_to_iceberg', 'manual__2025-10-25T11:14:02.298320+00:00', '--job-id', '645', '--raw', '--subdir', 'DAGS_FOLDER/nyc_weather_etl.py', '--cfg-path', '/tmp/tmpjpl0mu3k']
[2025-10-25T11:14:04.825+0000] {standard_task_runner.py:85} INFO - Job 645: Subtask spark_process_weather_to_iceberg
[2025-10-25T11:14:04.847+0000] {task_command.py:415} INFO - Running <TaskInstance: nyc_weather_etl.spark_process_weather_to_iceberg manual__2025-10-25T11:14:02.298320+00:00 [running]> on host b40be2a595bb
[2025-10-25T11:14:04.958+0000] {taskinstance.py:1660} INFO - Exporting env vars: AIRFLOW_CTX_DAG_OWNER='data-engineering' AIRFLOW_CTX_DAG_ID='nyc_weather_etl' AIRFLOW_CTX_TASK_ID='spark_process_weather_to_iceberg' AIRFLOW_CTX_EXECUTION_DATE='2025-10-25T11:14:02.298320+00:00' AIRFLOW_CTX_TRY_NUMBER='1' AIRFLOW_CTX_DAG_RUN_ID='manual__2025-10-25T11:14:02.298320+00:00'
[2025-10-25T11:14:04.961+0000] {base.py:73} INFO - Using connection ID 'spark_default' for task execution.
[2025-10-25T11:14:04.963+0000] {spark_submit.py:340} INFO - Spark-Submit cmd: /opt/bitnami/spark/bin/spark-submit --master spark://spark-master:7077 --conf spark.master=spark://spark-master:7077 --conf spark.sql.catalog.spark_catalog=org.apache.iceberg.spark.SparkSessionCatalog --conf spark.sql.catalog.spark_catalog.type=hive --conf spark.sql.catalog.iceberg=org.apache.iceberg.spark.SparkCatalog --conf spark.sql.catalog.iceberg.type=hadoop --conf spark.sql.catalog.iceberg.warehouse=s3a://lakehouse/warehouse --conf spark.sql.extensions=org.apache.iceberg.spark.extensions.IcebergSparkSessionExtensions --conf spark.hadoop.fs.s3a.endpoint=http://minio:9000 --conf spark.hadoop.fs.s3a.access.key=admin --conf spark.hadoop.fs.s3a.secret.key=****** --conf spark.hadoop.fs.s3a.path.style.access=true --conf spark.hadoop.fs.s3a.impl=org.apache.hadoop.fs.s3a.S3AFileSystem --jars /opt/***/jars/iceberg-spark-runtime-3.5_2.12-1.4.2.jar,/opt/***/jars/aws-java-sdk-bundle-1.12.367.jar,/opt/***/jars/hadoop-aws-3.3.4.jar --name arrow-spark --queue default /opt/***/dags/spark_jobs/weather_to_iceberg.py /opt/***/data/weather/weather_data_20251008_06.json
[2025-10-25T11:14:05.786+0000] {spark_submit.py:491} INFO - 25/10/25 11:14:05 WARN NativeCodeLoader: Unable to load native-hadoop library for your platform... using builtin-java classes where applicable
[2025-10-25T11:14:06.414+0000] {spark_submit.py:491} INFO - 25/10/25 11:14:06 INFO SparkContext: Running Spark version 3.5.1
[2025-10-25T11:14:06.417+0000] {spark_submit.py:491} INFO - 25/10/25 11:14:06 INFO SparkContext: OS info Linux, 6.10.14-linuxkit, aarch64
[2025-10-25T11:14:06.418+0000] {spark_submit.py:491} INFO - 25/10/25 11:14:06 INFO SparkContext: Java version 11.0.28
[2025-10-25T11:14:06.425+0000] {spark_submit.py:491} INFO - 25/10/25 11:14:06 INFO ResourceUtils: ==============================================================
[2025-10-25T11:14:06.425+0000] {spark_submit.py:491} INFO - 25/10/25 11:14:06 INFO ResourceUtils: No custom resources configured for spark.driver.
[2025-10-25T11:14:06.426+0000] {spark_submit.py:491} INFO - 25/10/25 11:14:06 INFO ResourceUtils: ==============================================================
[2025-10-25T11:14:06.426+0000] {spark_submit.py:491} INFO - 25/10/25 11:14:06 INFO SparkContext: Submitted application: Weather to Iceberg ETL
[2025-10-25T11:14:06.434+0000] {spark_submit.py:491} INFO - 25/10/25 11:14:06 INFO ResourceProfile: Default ResourceProfile created, executor resources: Map(cores -> name: cores, amount: 1, script: , vendor: , memory -> name: memory, amount: 1024, script: , vendor: , offHeap -> name: offHeap, amount: 0, script: , vendor: ), task resources: Map(cpus -> name: cpus, amount: 1.0)
[2025-10-25T11:14:06.438+0000] {spark_submit.py:491} INFO - 25/10/25 11:14:06 INFO ResourceProfile: Limiting resource is cpu
[2025-10-25T11:14:06.439+0000] {spark_submit.py:491} INFO - 25/10/25 11:14:06 INFO ResourceProfileManager: Added ResourceProfile id: 0
[2025-10-25T11:14:06.463+0000] {spark_submit.py:491} INFO - 25/10/25 11:14:06 INFO SecurityManager: Changing view acls to: ***
[2025-10-25T11:14:06.464+0000] {spark_submit.py:491} INFO - 25/10/25 11:14:06 INFO SecurityManager: Changing modify acls to: ***
[2025-10-25T11:14:06.464+0000] {spark_submit.py:491} INFO - 25/10/25 11:14:06 INFO SecurityManager: Changing view acls groups to:
[2025-10-25T11:14:06.466+0000] {spark_submit.py:491} INFO - 25/10/25 11:14:06 INFO SecurityManager: Changing modify acls groups to:
[2025-10-25T11:14:06.466+0000] {spark_submit.py:491} INFO - 25/10/25 11:14:06 INFO SecurityManager: SecurityManager: authentication disabled; ui acls disabled; users with view permissions: ***; groups with view permissions: EMPTY; users with modify permissions: ***; groups with modify permissions: EMPTY
[2025-10-25T11:14:06.551+0000] {spark_submit.py:491} INFO - 25/10/25 11:14:06 INFO Utils: Successfully started service 'sparkDriver' on port 45691.
[2025-10-25T11:14:06.564+0000] {spark_submit.py:491} INFO - 25/10/25 11:14:06 INFO SparkEnv: Registering MapOutputTracker
[2025-10-25T11:14:06.578+0000] {spark_submit.py:491} INFO - 25/10/25 11:14:06 INFO SparkEnv: Registering BlockManagerMaster
[2025-10-25T11:14:06.587+0000] {spark_submit.py:491} INFO - 25/10/25 11:14:06 INFO BlockManagerMasterEndpoint: Using org.apache.spark.storage.DefaultTopologyMapper for getting topology information
[2025-10-25T11:14:06.587+0000] {spark_submit.py:491} INFO - 25/10/25 11:14:06 INFO BlockManagerMasterEndpoint: BlockManagerMasterEndpoint up
[2025-10-25T11:14:06.589+0000] {spark_submit.py:491} INFO - 25/10/25 11:14:06 INFO SparkEnv: Registering BlockManagerMasterHeartbeat
[2025-10-25T11:14:06.601+0000] {spark_submit.py:491} INFO - 25/10/25 11:14:06 INFO DiskBlockManager: Created local directory at /tmp/blockmgr-ce243454-14df-4f32-ac2b-11cd77bdec85
[2025-10-25T11:14:06.607+0000] {spark_submit.py:491} INFO - 25/10/25 11:14:06 INFO MemoryStore: MemoryStore started with capacity 434.4 MiB
[2025-10-25T11:14:06.612+0000] {spark_submit.py:491} INFO - 25/10/25 11:14:06 INFO SparkEnv: Registering OutputCommitCoordinator
[2025-10-25T11:14:06.661+0000] {spark_submit.py:491} INFO - 25/10/25 11:14:06 INFO JettyUtils: Start Jetty 0.0.0.0:4040 for SparkUI
[2025-10-25T11:14:06.682+0000] {spark_submit.py:491} INFO - 25/10/25 11:14:06 INFO Utils: Successfully started service 'SparkUI' on port 4040.
[2025-10-25T11:14:06.696+0000] {spark_submit.py:491} INFO - 25/10/25 11:14:06 INFO SparkContext: Added JAR file:///opt/***/jars/iceberg-spark-runtime-3.5_2.12-1.4.2.jar at spark://b40be2a595bb:45691/jars/iceberg-spark-runtime-3.5_2.12-1.4.2.jar with timestamp 1761390846411
[2025-10-25T11:14:06.696+0000] {spark_submit.py:491} INFO - 25/10/25 11:14:06 INFO SparkContext: Added JAR file:///opt/***/jars/aws-java-sdk-bundle-1.12.367.jar at spark://b40be2a595bb:45691/jars/aws-java-sdk-bundle-1.12.367.jar with timestamp 1761390846411
[2025-10-25T11:14:06.696+0000] {spark_submit.py:491} INFO - 25/10/25 11:14:06 INFO SparkContext: Added JAR file:///opt/***/jars/hadoop-aws-3.3.4.jar at spark://b40be2a595bb:45691/jars/hadoop-aws-3.3.4.jar with timestamp 1761390846411
[2025-10-25T11:14:06.718+0000] {spark_submit.py:491} INFO - 25/10/25 11:14:06 INFO Executor: Starting executor ID driver on host b40be2a595bb
[2025-10-25T11:14:06.718+0000] {spark_submit.py:491} INFO - 25/10/25 11:14:06 INFO Executor: OS info Linux, 6.10.14-linuxkit, aarch64
[2025-10-25T11:14:06.718+0000] {spark_submit.py:491} INFO - 25/10/25 11:14:06 INFO Executor: Java version 11.0.28
[2025-10-25T11:14:06.720+0000] {spark_submit.py:491} INFO - 25/10/25 11:14:06 INFO Executor: Starting executor with user classpath (userClassPathFirst = false): ''
[2025-10-25T11:14:06.721+0000] {spark_submit.py:491} INFO - 25/10/25 11:14:06 INFO Executor: Created or updated repl class loader org.apache.spark.util.MutableURLClassLoader@67241da1 for default.
[2025-10-25T11:14:06.724+0000] {spark_submit.py:491} INFO - 25/10/25 11:14:06 INFO Executor: Fetching spark://b40be2a595bb:45691/jars/aws-java-sdk-bundle-1.12.367.jar with timestamp 1761390846411
[2025-10-25T11:14:06.745+0000] {spark_submit.py:491} INFO - 25/10/25 11:14:06 INFO TransportClientFactory: Successfully created connection to b40be2a595bb/172.18.0.3:45691 after 10 ms (0 ms spent in bootstraps)
[2025-10-25T11:14:06.748+0000] {spark_submit.py:491} INFO - 25/10/25 11:14:06 INFO Utils: Fetching spark://b40be2a595bb:45691/jars/aws-java-sdk-bundle-1.12.367.jar to /tmp/spark-4ef8d8fd-08d0-438d-a0c5-749d489c2388/userFiles-6e872c7d-858a-453f-85d4-c7d1b84a2bbe/fetchFileTemp4066036932258563698.tmp
[2025-10-25T11:14:07.143+0000] {spark_submit.py:491} INFO - 25/10/25 11:14:07 INFO Executor: Adding file:/tmp/spark-4ef8d8fd-08d0-438d-a0c5-749d489c2388/userFiles-6e872c7d-858a-453f-85d4-c7d1b84a2bbe/aws-java-sdk-bundle-1.12.367.jar to class loader default
[2025-10-25T11:14:07.144+0000] {spark_submit.py:491} INFO - 25/10/25 11:14:07 INFO Executor: Fetching spark://b40be2a595bb:45691/jars/hadoop-aws-3.3.4.jar with timestamp 1761390846411
[2025-10-25T11:14:07.144+0000] {spark_submit.py:491} INFO - 25/10/25 11:14:07 INFO Utils: Fetching spark://b40be2a595bb:45691/jars/hadoop-aws-3.3.4.jar to /tmp/spark-4ef8d8fd-08d0-438d-a0c5-749d489c2388/userFiles-6e872c7d-858a-453f-85d4-c7d1b84a2bbe/fetchFileTemp1642671257176596031.tmp
[2025-10-25T11:14:07.151+0000] {spark_submit.py:491} INFO - 25/10/25 11:14:07 INFO Executor: Adding file:/tmp/spark-4ef8d8fd-08d0-438d-a0c5-749d489c2388/userFiles-6e872c7d-858a-453f-85d4-c7d1b84a2bbe/hadoop-aws-3.3.4.jar to class loader default
[2025-10-25T11:14:07.152+0000] {spark_submit.py:491} INFO - 25/10/25 11:14:07 INFO Executor: Fetching spark://b40be2a595bb:45691/jars/iceberg-spark-runtime-3.5_2.12-1.4.2.jar with timestamp 1761390846411
[2025-10-25T11:14:07.152+0000] {spark_submit.py:491} INFO - 25/10/25 11:14:07 INFO Utils: Fetching spark://b40be2a595bb:45691/jars/iceberg-spark-runtime-3.5_2.12-1.4.2.jar to /tmp/spark-4ef8d8fd-08d0-438d-a0c5-749d489c2388/userFiles-6e872c7d-858a-453f-85d4-c7d1b84a2bbe/fetchFileTemp16998913533923923276.tmp
[2025-10-25T11:14:07.184+0000] {spark_submit.py:491} INFO - 25/10/25 11:14:07 INFO Executor: Adding file:/tmp/spark-4ef8d8fd-08d0-438d-a0c5-749d489c2388/userFiles-6e872c7d-858a-453f-85d4-c7d1b84a2bbe/iceberg-spark-runtime-3.5_2.12-1.4.2.jar to class loader default
[2025-10-25T11:14:07.188+0000] {spark_submit.py:491} INFO - 25/10/25 11:14:07 INFO Utils: Successfully started service 'org.apache.spark.network.netty.NettyBlockTransferService' on port 45763.
[2025-10-25T11:14:07.189+0000] {spark_submit.py:491} INFO - 25/10/25 11:14:07 INFO NettyBlockTransferService: Server created on b40be2a595bb:45763
[2025-10-25T11:14:07.189+0000] {spark_submit.py:491} INFO - 25/10/25 11:14:07 INFO BlockManager: Using org.apache.spark.storage.RandomBlockReplicationPolicy for block replication policy
[2025-10-25T11:14:07.192+0000] {spark_submit.py:491} INFO - 25/10/25 11:14:07 INFO BlockManagerMaster: Registering BlockManager BlockManagerId(driver, b40be2a595bb, 45763, None)
[2025-10-25T11:14:07.194+0000] {spark_submit.py:491} INFO - 25/10/25 11:14:07 INFO BlockManagerMasterEndpoint: Registering block manager b40be2a595bb:45763 with 434.4 MiB RAM, BlockManagerId(driver, b40be2a595bb, 45763, None)
[2025-10-25T11:14:07.196+0000] {spark_submit.py:491} INFO - 25/10/25 11:14:07 INFO BlockManagerMaster: Registered BlockManager BlockManagerId(driver, b40be2a595bb, 45763, None)
[2025-10-25T11:14:07.198+0000] {spark_submit.py:491} INFO - 25/10/25 11:14:07 INFO BlockManager: Initialized BlockManager: BlockManagerId(driver, b40be2a595bb, 45763, None)
[2025-10-25T11:14:08.378+0000] {spark_submit.py:491} INFO - 25/10/25 11:14:08 WARN MetricsConfig: Cannot locate configuration: tried hadoop-metrics2-s3a-file-system.properties,hadoop-metrics2.properties
[2025-10-25T11:14:08.959+0000] {spark_submit.py:491} INFO - Created/verified weather table
[2025-10-25T11:14:08.959+0000] {spark_submit.py:491} INFO - Reading weather data from: /opt/***/data/weather/weather_data_20251008_06.json
[2025-10-25T11:14:10.023+0000] {spark_submit.py:491} INFO - Raw weather data count: 24
[2025-10-25T11:14:10.024+0000] {spark_submit.py:491} INFO - root
[2025-10-25T11:14:10.027+0000] {spark_submit.py:491} INFO - |-- timestamp: string (nullable = true)
[2025-10-25T11:14:10.027+0000] {spark_submit.py:491} INFO - |-- location: string (nullable = true)
[2025-10-25T11:14:10.027+0000] {spark_submit.py:491} INFO - |-- latitude: double (nullable = true)
[2025-10-25T11:14:10.027+0000] {spark_submit.py:491} INFO - |-- longitude: double (nullable = true)
[2025-10-25T11:14:10.027+0000] {spark_submit.py:491} INFO - |-- temperature_celsius: double (nullable = true)
[2025-10-25T11:14:10.027+0000] {spark_submit.py:491} INFO - |-- temperature_fahrenheit: double (nullable = true)
[2025-10-25T11:14:10.027+0000] {spark_submit.py:491} INFO - |-- humidity_percent: double (nullable = true)
[2025-10-25T11:14:10.027+0000] {spark_submit.py:491} INFO - |-- pressure_hpa: double (nullable = true)
[2025-10-25T11:14:10.027+0000] {spark_submit.py:491} INFO - |-- wind_speed_kmh: double (nullable = true)
[2025-10-25T11:14:10.027+0000] {spark_submit.py:491} INFO - |-- weather_condition: string (nullable = true)
[2025-10-25T11:14:10.028+0000] {spark_submit.py:491} INFO - |-- visibility_km: double (nullable = true)
[2025-10-25T11:14:10.028+0000] {spark_submit.py:491} INFO - |-- uv_index: double (nullable = true)
[2025-10-25T11:14:10.028+0000] {spark_submit.py:491} INFO - |-- hour: integer (nullable = true)
[2025-10-25T11:14:10.028+0000] {spark_submit.py:491} INFO - |-- day_of_week: integer (nullable = true)
[2025-10-25T11:14:10.028+0000] {spark_submit.py:491} INFO - |-- is_weekend: boolean (nullable = true)
[2025-10-25T11:14:10.028+0000] {spark_submit.py:491} INFO - 
[2025-10-25T11:14:10.222+0000] {spark_submit.py:491} INFO - Processed weather data count: 24
[2025-10-25T11:14:11.162+0000] {spark_submit.py:491} INFO - Successfully wrote weather data to Iceberg table
[2025-10-25T11:14:12.157+0000] {spark_submit.py:491} INFO - +------------+------------------+------------------+-----------------+--------------------+
[2025-10-25T11:14:12.158+0000] {spark_submit.py:491} INFO - |weather_date|        avg_temp_c|      avg_humidity|   avg_wind_speed|          conditions|
[2025-10-25T11:14:12.159+0000] {spark_submit.py:491} INFO - +------------+------------------+------------------+-----------------+--------------------+
[2025-10-25T11:14:12.159+0000] {spark_submit.py:491} INFO - |  2025-10-08|14.865714285714287| 55.28571428571428|9.157142857142857|[clear, snow, clo...|
[2025-10-25T11:14:12.159+0000] {spark_submit.py:491} INFO - |  2025-10-07|16.545882352941174|61.094117647058845|7.900000000000002|[clear, snow, rai...|
[2025-10-25T11:14:12.159+0000] {spark_submit.py:491} INFO - +------------+------------------+------------------+-----------------+--------------------+
[2025-10-25T11:14:12.159+0000] {spark_submit.py:491} INFO - 
[2025-10-25T11:14:12.159+0000] {spark_submit.py:491} INFO - Weather ETL job completed successfully!
[2025-10-25T11:14:12.573+0000] {taskinstance.py:1398} INFO - Marking task as SUCCESS. dag_id=nyc_weather_etl, task_id=spark_process_weather_to_iceberg, execution_date=20251025T111402, start_date=20251025T111404, end_date=20251025T111412
[2025-10-25T11:14:12.595+0000] {local_task_job_runner.py:228} INFO - Task exited with return code 0
[2025-10-25T11:14:12.604+0000] {taskinstance.py:2776} INFO - 0 downstream tasks scheduled from follow-on schedule check
