[2025-11-03T04:17:46.258+0000] {taskinstance.py:1157} INFO - Dependencies all met for dep_context=non-requeueable deps ti=<TaskInstance: nyc_taxi_iceberg_etl.spark_process_to_iceberg manual__2025-11-03T04:17:20.627481+00:00 [queued]>
[2025-11-03T04:17:46.260+0000] {taskinstance.py:1157} INFO - Dependencies all met for dep_context=requeueable deps ti=<TaskInstance: nyc_taxi_iceberg_etl.spark_process_to_iceberg manual__2025-11-03T04:17:20.627481+00:00 [queued]>
[2025-11-03T04:17:46.260+0000] {taskinstance.py:1359} INFO - Starting attempt 1 of 1
[2025-11-03T04:17:46.265+0000] {taskinstance.py:1380} INFO - Executing <Task(SparkSubmitOperator): spark_process_to_iceberg> on 2025-11-03 04:17:20.627481+00:00
[2025-11-03T04:17:46.267+0000] {standard_task_runner.py:57} INFO - Started process 15955 to run task
[2025-11-03T04:17:46.268+0000] {standard_task_runner.py:84} INFO - Running: ['***', 'tasks', 'run', 'nyc_taxi_iceberg_etl', 'spark_process_to_iceberg', 'manual__2025-11-03T04:17:20.627481+00:00', '--job-id', '140', '--raw', '--subdir', 'DAGS_FOLDER/nyc_taxi_iceberg_etl.py', '--cfg-path', '/tmp/tmp9svtpdqn']
[2025-11-03T04:17:46.269+0000] {standard_task_runner.py:85} INFO - Job 140: Subtask spark_process_to_iceberg
[2025-11-03T04:17:46.287+0000] {task_command.py:415} INFO - Running <TaskInstance: nyc_taxi_iceberg_etl.spark_process_to_iceberg manual__2025-11-03T04:17:20.627481+00:00 [running]> on host ec57452a9f33
[2025-11-03T04:17:46.398+0000] {taskinstance.py:1660} INFO - Exporting env vars: AIRFLOW_CTX_DAG_OWNER='data-engineering' AIRFLOW_CTX_DAG_ID='nyc_taxi_iceberg_etl' AIRFLOW_CTX_TASK_ID='spark_process_to_iceberg' AIRFLOW_CTX_EXECUTION_DATE='2025-11-03T04:17:20.627481+00:00' AIRFLOW_CTX_TRY_NUMBER='1' AIRFLOW_CTX_DAG_RUN_ID='manual__2025-11-03T04:17:20.627481+00:00'
[2025-11-03T04:17:46.398+0000] {base.py:73} INFO - Using connection ID 'spark_default' for task execution.
[2025-11-03T04:17:46.399+0000] {spark_submit.py:340} INFO - Spark-Submit cmd: /opt/bitnami/spark/bin/spark-submit --master spark-master:7077 --conf spark.master=spark://spark-master:7077 --conf spark.sql.catalog.spark_catalog=org.apache.iceberg.spark.SparkSessionCatalog --conf spark.sql.catalog.spark_catalog.type=hive --conf spark.sql.catalog.iceberg=org.apache.iceberg.spark.SparkCatalog --conf spark.sql.catalog.iceberg.type=hadoop --conf spark.sql.catalog.iceberg.warehouse=s3a://lakehouse/warehouse --conf spark.sql.extensions=org.apache.iceberg.spark.extensions.IcebergSparkSessionExtensions --conf spark.hadoop.fs.s3a.endpoint=http://minio:9000 --conf spark.hadoop.fs.s3a.access.key=admin --conf spark.hadoop.fs.s3a.secret.key=****** --conf spark.hadoop.fs.s3a.path.style.access=true --conf spark.hadoop.fs.s3a.impl=org.apache.hadoop.fs.s3a.S3AFileSystem --jars /opt/***/jars/iceberg-spark-runtime-3.5_2.12-1.4.2.jar,/opt/***/jars/aws-java-sdk-bundle-1.12.367.jar,/opt/***/jars/hadoop-aws-3.3.4.jar --name arrow-spark /opt/***/dags/spark_jobs/nyc_taxi_to_iceberg.py /opt/***/data/raw/yellow_tripdata_2025-11.parquet
[2025-11-03T04:17:47.239+0000] {spark_submit.py:491} INFO - 25/11/03 04:17:47 WARN NativeCodeLoader: Unable to load native-hadoop library for your platform... using builtin-java classes where applicable
[2025-11-03T04:17:47.847+0000] {spark_submit.py:491} INFO - 25/11/03 04:17:47 INFO SparkContext: Running Spark version 3.5.1
[2025-11-03T04:17:47.849+0000] {spark_submit.py:491} INFO - 25/11/03 04:17:47 INFO SparkContext: OS info Linux, 6.10.14-linuxkit, aarch64
[2025-11-03T04:17:47.849+0000] {spark_submit.py:491} INFO - 25/11/03 04:17:47 INFO SparkContext: Java version 11.0.28
[2025-11-03T04:17:47.862+0000] {spark_submit.py:491} INFO - 25/11/03 04:17:47 INFO ResourceUtils: ==============================================================
[2025-11-03T04:17:47.863+0000] {spark_submit.py:491} INFO - 25/11/03 04:17:47 INFO ResourceUtils: No custom resources configured for spark.driver.
[2025-11-03T04:17:47.863+0000] {spark_submit.py:491} INFO - 25/11/03 04:17:47 INFO ResourceUtils: ==============================================================
[2025-11-03T04:17:47.863+0000] {spark_submit.py:491} INFO - 25/11/03 04:17:47 INFO SparkContext: Submitted application: NYC Taxi to Iceberg ETL
[2025-11-03T04:17:47.870+0000] {spark_submit.py:491} INFO - 25/11/03 04:17:47 INFO ResourceProfile: Default ResourceProfile created, executor resources: Map(cores -> name: cores, amount: 1, script: , vendor: , memory -> name: memory, amount: 1024, script: , vendor: , offHeap -> name: offHeap, amount: 0, script: , vendor: ), task resources: Map(cpus -> name: cpus, amount: 1.0)
[2025-11-03T04:17:47.875+0000] {spark_submit.py:491} INFO - 25/11/03 04:17:47 INFO ResourceProfile: Limiting resource is cpu
[2025-11-03T04:17:47.875+0000] {spark_submit.py:491} INFO - 25/11/03 04:17:47 INFO ResourceProfileManager: Added ResourceProfile id: 0
[2025-11-03T04:17:47.905+0000] {spark_submit.py:491} INFO - 25/11/03 04:17:47 INFO SecurityManager: Changing view acls to: ***
[2025-11-03T04:17:47.905+0000] {spark_submit.py:491} INFO - 25/11/03 04:17:47 INFO SecurityManager: Changing modify acls to: ***
[2025-11-03T04:17:47.905+0000] {spark_submit.py:491} INFO - 25/11/03 04:17:47 INFO SecurityManager: Changing view acls groups to:
[2025-11-03T04:17:47.905+0000] {spark_submit.py:491} INFO - 25/11/03 04:17:47 INFO SecurityManager: Changing modify acls groups to:
[2025-11-03T04:17:47.905+0000] {spark_submit.py:491} INFO - 25/11/03 04:17:47 INFO SecurityManager: SecurityManager: authentication disabled; ui acls disabled; users with view permissions: ***; groups with view permissions: EMPTY; users with modify permissions: ***; groups with modify permissions: EMPTY
[2025-11-03T04:17:48.004+0000] {spark_submit.py:491} INFO - 25/11/03 04:17:48 INFO Utils: Successfully started service 'sparkDriver' on port 43991.
[2025-11-03T04:17:48.017+0000] {spark_submit.py:491} INFO - 25/11/03 04:17:48 INFO SparkEnv: Registering MapOutputTracker
[2025-11-03T04:17:48.031+0000] {spark_submit.py:491} INFO - 25/11/03 04:17:48 INFO SparkEnv: Registering BlockManagerMaster
[2025-11-03T04:17:48.042+0000] {spark_submit.py:491} INFO - 25/11/03 04:17:48 INFO BlockManagerMasterEndpoint: Using org.apache.spark.storage.DefaultTopologyMapper for getting topology information
[2025-11-03T04:17:48.042+0000] {spark_submit.py:491} INFO - 25/11/03 04:17:48 INFO BlockManagerMasterEndpoint: BlockManagerMasterEndpoint up
[2025-11-03T04:17:48.044+0000] {spark_submit.py:491} INFO - 25/11/03 04:17:48 INFO SparkEnv: Registering BlockManagerMasterHeartbeat
[2025-11-03T04:17:48.054+0000] {spark_submit.py:491} INFO - 25/11/03 04:17:48 INFO DiskBlockManager: Created local directory at /tmp/blockmgr-4f1b97ee-8f91-45e1-a998-ebb64908c06d
[2025-11-03T04:17:48.060+0000] {spark_submit.py:491} INFO - 25/11/03 04:17:48 INFO MemoryStore: MemoryStore started with capacity 434.4 MiB
[2025-11-03T04:17:48.066+0000] {spark_submit.py:491} INFO - 25/11/03 04:17:48 INFO SparkEnv: Registering OutputCommitCoordinator
[2025-11-03T04:17:48.115+0000] {spark_submit.py:491} INFO - 25/11/03 04:17:48 INFO JettyUtils: Start Jetty 0.0.0.0:4040 for SparkUI
[2025-11-03T04:17:48.133+0000] {spark_submit.py:491} INFO - 25/11/03 04:17:48 INFO Utils: Successfully started service 'SparkUI' on port 4040.
[2025-11-03T04:17:48.146+0000] {spark_submit.py:491} INFO - 25/11/03 04:17:48 INFO SparkContext: Added JAR file:///opt/***/jars/iceberg-spark-runtime-3.5_2.12-1.4.2.jar at spark://ec57452a9f33:43991/jars/iceberg-spark-runtime-3.5_2.12-1.4.2.jar with timestamp 1762143467840
[2025-11-03T04:17:48.146+0000] {spark_submit.py:491} INFO - 25/11/03 04:17:48 INFO SparkContext: Added JAR file:///opt/***/jars/aws-java-sdk-bundle-1.12.367.jar at spark://ec57452a9f33:43991/jars/aws-java-sdk-bundle-1.12.367.jar with timestamp 1762143467840
[2025-11-03T04:17:48.146+0000] {spark_submit.py:491} INFO - 25/11/03 04:17:48 INFO SparkContext: Added JAR file:///opt/***/jars/hadoop-aws-3.3.4.jar at spark://ec57452a9f33:43991/jars/hadoop-aws-3.3.4.jar with timestamp 1762143467840
[2025-11-03T04:17:48.168+0000] {spark_submit.py:491} INFO - 25/11/03 04:17:48 INFO Executor: Starting executor ID driver on host ec57452a9f33
[2025-11-03T04:17:48.168+0000] {spark_submit.py:491} INFO - 25/11/03 04:17:48 INFO Executor: OS info Linux, 6.10.14-linuxkit, aarch64
[2025-11-03T04:17:48.168+0000] {spark_submit.py:491} INFO - 25/11/03 04:17:48 INFO Executor: Java version 11.0.28
[2025-11-03T04:17:48.170+0000] {spark_submit.py:491} INFO - 25/11/03 04:17:48 INFO Executor: Starting executor with user classpath (userClassPathFirst = false): ''
[2025-11-03T04:17:48.170+0000] {spark_submit.py:491} INFO - 25/11/03 04:17:48 INFO Executor: Created or updated repl class loader org.apache.spark.util.MutableURLClassLoader@6429eba3 for default.
[2025-11-03T04:17:48.178+0000] {spark_submit.py:491} INFO - 25/11/03 04:17:48 INFO Executor: Fetching spark://ec57452a9f33:43991/jars/aws-java-sdk-bundle-1.12.367.jar with timestamp 1762143467840
[2025-11-03T04:17:48.200+0000] {spark_submit.py:491} INFO - 25/11/03 04:17:48 INFO TransportClientFactory: Successfully created connection to ec57452a9f33/172.18.0.4:43991 after 11 ms (0 ms spent in bootstraps)
[2025-11-03T04:17:48.202+0000] {spark_submit.py:491} INFO - 25/11/03 04:17:48 INFO Utils: Fetching spark://ec57452a9f33:43991/jars/aws-java-sdk-bundle-1.12.367.jar to /tmp/spark-339f9c81-42d3-444d-9425-b08f9dc9f40a/userFiles-3caef62a-ec40-4455-9095-6d25bb82ad30/fetchFileTemp15184273490222512165.tmp
[2025-11-03T04:17:48.557+0000] {spark_submit.py:491} INFO - 25/11/03 04:17:48 INFO Executor: Adding file:/tmp/spark-339f9c81-42d3-444d-9425-b08f9dc9f40a/userFiles-3caef62a-ec40-4455-9095-6d25bb82ad30/aws-java-sdk-bundle-1.12.367.jar to class loader default
[2025-11-03T04:17:48.557+0000] {spark_submit.py:491} INFO - 25/11/03 04:17:48 INFO Executor: Fetching spark://ec57452a9f33:43991/jars/iceberg-spark-runtime-3.5_2.12-1.4.2.jar with timestamp 1762143467840
[2025-11-03T04:17:48.558+0000] {spark_submit.py:491} INFO - 25/11/03 04:17:48 INFO Utils: Fetching spark://ec57452a9f33:43991/jars/iceberg-spark-runtime-3.5_2.12-1.4.2.jar to /tmp/spark-339f9c81-42d3-444d-9425-b08f9dc9f40a/userFiles-3caef62a-ec40-4455-9095-6d25bb82ad30/fetchFileTemp14577677673177414221.tmp
[2025-11-03T04:17:48.641+0000] {spark_submit.py:491} INFO - 25/11/03 04:17:48 INFO Executor: Adding file:/tmp/spark-339f9c81-42d3-444d-9425-b08f9dc9f40a/userFiles-3caef62a-ec40-4455-9095-6d25bb82ad30/iceberg-spark-runtime-3.5_2.12-1.4.2.jar to class loader default
[2025-11-03T04:17:48.642+0000] {spark_submit.py:491} INFO - 25/11/03 04:17:48 INFO Executor: Fetching spark://ec57452a9f33:43991/jars/hadoop-aws-3.3.4.jar with timestamp 1762143467840
[2025-11-03T04:17:48.643+0000] {spark_submit.py:491} INFO - 25/11/03 04:17:48 INFO Utils: Fetching spark://ec57452a9f33:43991/jars/hadoop-aws-3.3.4.jar to /tmp/spark-339f9c81-42d3-444d-9425-b08f9dc9f40a/userFiles-3caef62a-ec40-4455-9095-6d25bb82ad30/fetchFileTemp14343103640877073397.tmp
[2025-11-03T04:17:48.646+0000] {spark_submit.py:491} INFO - 25/11/03 04:17:48 INFO Executor: Adding file:/tmp/spark-339f9c81-42d3-444d-9425-b08f9dc9f40a/userFiles-3caef62a-ec40-4455-9095-6d25bb82ad30/hadoop-aws-3.3.4.jar to class loader default
[2025-11-03T04:17:48.652+0000] {spark_submit.py:491} INFO - 25/11/03 04:17:48 INFO Utils: Successfully started service 'org.apache.spark.network.netty.NettyBlockTransferService' on port 36219.
[2025-11-03T04:17:48.652+0000] {spark_submit.py:491} INFO - 25/11/03 04:17:48 INFO NettyBlockTransferService: Server created on ec57452a9f33:36219
[2025-11-03T04:17:48.653+0000] {spark_submit.py:491} INFO - 25/11/03 04:17:48 INFO BlockManager: Using org.apache.spark.storage.RandomBlockReplicationPolicy for block replication policy
[2025-11-03T04:17:48.657+0000] {spark_submit.py:491} INFO - 25/11/03 04:17:48 INFO BlockManagerMaster: Registering BlockManager BlockManagerId(driver, ec57452a9f33, 36219, None)
[2025-11-03T04:17:48.659+0000] {spark_submit.py:491} INFO - 25/11/03 04:17:48 INFO BlockManagerMasterEndpoint: Registering block manager ec57452a9f33:36219 with 434.4 MiB RAM, BlockManagerId(driver, ec57452a9f33, 36219, None)
[2025-11-03T04:17:48.660+0000] {spark_submit.py:491} INFO - 25/11/03 04:17:48 INFO BlockManagerMaster: Registered BlockManager BlockManagerId(driver, ec57452a9f33, 36219, None)
[2025-11-03T04:17:48.660+0000] {spark_submit.py:491} INFO - 25/11/03 04:17:48 INFO BlockManager: Initialized BlockManager: BlockManagerId(driver, ec57452a9f33, 36219, None)
[2025-11-03T04:17:49.787+0000] {spark_submit.py:491} INFO - 25/11/03 04:17:49 WARN MetricsConfig: Cannot locate configuration: tried hadoop-metrics2-s3a-file-system.properties,hadoop-metrics2.properties
[2025-11-03T04:17:50.349+0000] {spark_submit.py:491} INFO - Created/verified trips table
[2025-11-03T04:17:50.350+0000] {spark_submit.py:491} INFO - Reading data from: /opt/***/data/raw/yellow_tripdata_2025-11.parquet
[2025-11-03T04:17:51.247+0000] {spark_submit.py:491} INFO - Raw data count: 3252717
[2025-11-03T04:17:51.250+0000] {spark_submit.py:491} INFO - root
[2025-11-03T04:17:51.251+0000] {spark_submit.py:491} INFO - |-- VendorID: long (nullable = true)
[2025-11-03T04:17:51.251+0000] {spark_submit.py:491} INFO - |-- tpep_pickup_datetime: timestamp_ntz (nullable = true)
[2025-11-03T04:17:51.251+0000] {spark_submit.py:491} INFO - |-- tpep_dropoff_datetime: timestamp_ntz (nullable = true)
[2025-11-03T04:17:51.252+0000] {spark_submit.py:491} INFO - |-- passenger_count: double (nullable = true)
[2025-11-03T04:17:51.252+0000] {spark_submit.py:491} INFO - |-- trip_distance: double (nullable = true)
[2025-11-03T04:17:51.252+0000] {spark_submit.py:491} INFO - |-- RatecodeID: double (nullable = true)
[2025-11-03T04:17:51.252+0000] {spark_submit.py:491} INFO - |-- store_and_fwd_flag: string (nullable = true)
[2025-11-03T04:17:51.252+0000] {spark_submit.py:491} INFO - |-- PULocationID: long (nullable = true)
[2025-11-03T04:17:51.252+0000] {spark_submit.py:491} INFO - |-- DOLocationID: long (nullable = true)
[2025-11-03T04:17:51.252+0000] {spark_submit.py:491} INFO - |-- payment_type: long (nullable = true)
[2025-11-03T04:17:51.256+0000] {spark_submit.py:491} INFO - |-- fare_amount: double (nullable = true)
[2025-11-03T04:17:51.256+0000] {spark_submit.py:491} INFO - |-- extra: double (nullable = true)
[2025-11-03T04:17:51.257+0000] {spark_submit.py:491} INFO - |-- mta_tax: double (nullable = true)
[2025-11-03T04:17:51.257+0000] {spark_submit.py:491} INFO - |-- tip_amount: double (nullable = true)
[2025-11-03T04:17:51.257+0000] {spark_submit.py:491} INFO - |-- tolls_amount: double (nullable = true)
[2025-11-03T04:17:51.257+0000] {spark_submit.py:491} INFO - |-- improvement_surcharge: double (nullable = true)
[2025-11-03T04:17:51.257+0000] {spark_submit.py:491} INFO - |-- total_amount: double (nullable = true)
[2025-11-03T04:17:51.257+0000] {spark_submit.py:491} INFO - |-- congestion_surcharge: double (nullable = true)
[2025-11-03T04:17:51.257+0000] {spark_submit.py:491} INFO - |-- airport_fee: double (nullable = true)
[2025-11-03T04:17:51.257+0000] {spark_submit.py:491} INFO - 
[2025-11-03T04:17:52.036+0000] {spark_submit.py:491} INFO - Processed data count: 3019653
[2025-11-03T04:17:58.883+0000] {spark_submit.py:491} INFO - Successfully wrote data to Iceberg table
[2025-11-03T04:18:01.539+0000] {spark_submit.py:491} INFO - +----+-----+----------+------------------+------------------+
[2025-11-03T04:18:01.540+0000] {spark_submit.py:491} INFO - |year|month|trip_count|      avg_distance|        avg_amount|
[2025-11-03T04:18:01.540+0000] {spark_submit.py:491} INFO - +----+-----+----------+------------------+------------------+
[2025-11-03T04:18:01.540+0000] {spark_submit.py:491} INFO - |2022|   12|       456|2.8629824561403505|20.792280701754382|
[2025-11-03T04:18:01.540+0000] {spark_submit.py:491} INFO - |2022|   11|  24156472|3.6727699773374045| 21.91778852430149|
[2025-11-03T04:18:01.540+0000] {spark_submit.py:491} INFO - |2022|   10|       256|          5.545625|26.396562499999987|
[2025-11-03T04:18:01.541+0000] {spark_submit.py:491} INFO - |2009|    1|        16|             2.955|             18.55|
[2025-11-03T04:18:01.541+0000] {spark_submit.py:491} INFO - |2008|   12|        16|             6.095|29.534999999999997|
[2025-11-03T04:18:01.541+0000] {spark_submit.py:491} INFO - |2002|   12|         8|              8.43|             47.31|
[2025-11-03T04:18:01.541+0000] {spark_submit.py:491} INFO - +----+-----+----------+------------------+------------------+
[2025-11-03T04:18:01.541+0000] {spark_submit.py:491} INFO - 
[2025-11-03T04:18:01.865+0000] {spark_submit.py:491} INFO - Created daily summary table
[2025-11-03T04:18:01.866+0000] {spark_submit.py:491} INFO - ETL job completed successfully!
[2025-11-03T04:18:02.416+0000] {taskinstance.py:1398} INFO - Marking task as SUCCESS. dag_id=nyc_taxi_iceberg_etl, task_id=spark_process_to_iceberg, execution_date=20251103T041720, start_date=20251103T041746, end_date=20251103T041802
[2025-11-03T04:18:02.470+0000] {local_task_job_runner.py:228} INFO - Task exited with return code 0
[2025-11-03T04:18:02.488+0000] {taskinstance.py:2776} INFO - 1 downstream tasks scheduled from follow-on schedule check
