[2025-10-25T11:57:18.279+0000] {taskinstance.py:1157} INFO - Dependencies all met for dep_context=non-requeueable deps ti=<TaskInstance: nyc_weather_etl.spark_process_weather_to_iceberg scheduled__2025-10-25T10:47:55.557220+00:00 [queued]>
[2025-10-25T11:57:18.283+0000] {taskinstance.py:1157} INFO - Dependencies all met for dep_context=requeueable deps ti=<TaskInstance: nyc_weather_etl.spark_process_weather_to_iceberg scheduled__2025-10-25T10:47:55.557220+00:00 [queued]>
[2025-10-25T11:57:18.283+0000] {taskinstance.py:1359} INFO - Starting attempt 1 of 1
[2025-10-25T11:57:18.288+0000] {taskinstance.py:1380} INFO - Executing <Task(SparkSubmitOperator): spark_process_weather_to_iceberg> on 2025-10-25 10:47:55.557220+00:00
[2025-10-25T11:57:18.291+0000] {standard_task_runner.py:57} INFO - Started process 6678 to run task
[2025-10-25T11:57:18.292+0000] {standard_task_runner.py:84} INFO - Running: ['***', 'tasks', 'run', 'nyc_weather_etl', 'spark_process_weather_to_iceberg', 'scheduled__2025-10-25T10:47:55.557220+00:00', '--job-id', '654', '--raw', '--subdir', 'DAGS_FOLDER/nyc_weather_etl.py', '--cfg-path', '/tmp/tmppjzogql0']
[2025-10-25T11:57:18.293+0000] {standard_task_runner.py:85} INFO - Job 654: Subtask spark_process_weather_to_iceberg
[2025-10-25T11:57:18.313+0000] {task_command.py:415} INFO - Running <TaskInstance: nyc_weather_etl.spark_process_weather_to_iceberg scheduled__2025-10-25T10:47:55.557220+00:00 [running]> on host b40be2a595bb
[2025-10-25T11:57:18.419+0000] {taskinstance.py:1660} INFO - Exporting env vars: AIRFLOW_CTX_DAG_OWNER='data-engineering' AIRFLOW_CTX_DAG_ID='nyc_weather_etl' AIRFLOW_CTX_TASK_ID='spark_process_weather_to_iceberg' AIRFLOW_CTX_EXECUTION_DATE='2025-10-25T10:47:55.557220+00:00' AIRFLOW_CTX_TRY_NUMBER='1' AIRFLOW_CTX_DAG_RUN_ID='scheduled__2025-10-25T10:47:55.557220+00:00'
[2025-10-25T11:57:18.423+0000] {base.py:73} INFO - Using connection ID 'spark_default' for task execution.
[2025-10-25T11:57:18.424+0000] {spark_submit.py:340} INFO - Spark-Submit cmd: /opt/bitnami/spark/bin/spark-submit --master spark://spark-master:7077 --conf spark.master=spark://spark-master:7077 --conf spark.sql.catalog.spark_catalog=org.apache.iceberg.spark.SparkSessionCatalog --conf spark.sql.catalog.spark_catalog.type=hive --conf spark.sql.catalog.iceberg=org.apache.iceberg.spark.SparkCatalog --conf spark.sql.catalog.iceberg.type=hadoop --conf spark.sql.catalog.iceberg.warehouse=s3a://lakehouse/warehouse --conf spark.sql.extensions=org.apache.iceberg.spark.extensions.IcebergSparkSessionExtensions --conf spark.hadoop.fs.s3a.endpoint=http://minio:9000 --conf spark.hadoop.fs.s3a.access.key=admin --conf spark.hadoop.fs.s3a.secret.key=****** --conf spark.hadoop.fs.s3a.path.style.access=true --conf spark.hadoop.fs.s3a.impl=org.apache.hadoop.fs.s3a.S3AFileSystem --jars /opt/***/jars/iceberg-spark-runtime-3.5_2.12-1.4.2.jar,/opt/***/jars/aws-java-sdk-bundle-1.12.367.jar,/opt/***/jars/hadoop-aws-3.3.4.jar --name arrow-spark --queue default /opt/***/dags/spark_jobs/weather_to_iceberg.py /opt/***/data/weather/weather_data_20251008_06.json
[2025-10-25T11:57:19.257+0000] {spark_submit.py:491} INFO - 25/10/25 11:57:19 WARN NativeCodeLoader: Unable to load native-hadoop library for your platform... using builtin-java classes where applicable
[2025-10-25T11:57:19.977+0000] {spark_submit.py:491} INFO - 25/10/25 11:57:19 INFO SparkContext: Running Spark version 3.5.1
[2025-10-25T11:57:19.977+0000] {spark_submit.py:491} INFO - 25/10/25 11:57:19 INFO SparkContext: OS info Linux, 6.10.14-linuxkit, aarch64
[2025-10-25T11:57:19.977+0000] {spark_submit.py:491} INFO - 25/10/25 11:57:19 INFO SparkContext: Java version 11.0.28
[2025-10-25T11:57:19.990+0000] {spark_submit.py:491} INFO - 25/10/25 11:57:19 INFO ResourceUtils: ==============================================================
[2025-10-25T11:57:19.991+0000] {spark_submit.py:491} INFO - 25/10/25 11:57:19 INFO ResourceUtils: No custom resources configured for spark.driver.
[2025-10-25T11:57:19.991+0000] {spark_submit.py:491} INFO - 25/10/25 11:57:19 INFO ResourceUtils: ==============================================================
[2025-10-25T11:57:19.991+0000] {spark_submit.py:491} INFO - 25/10/25 11:57:19 INFO SparkContext: Submitted application: Weather to Iceberg ETL
[2025-10-25T11:57:19.999+0000] {spark_submit.py:491} INFO - 25/10/25 11:57:19 INFO ResourceProfile: Default ResourceProfile created, executor resources: Map(cores -> name: cores, amount: 1, script: , vendor: , memory -> name: memory, amount: 1024, script: , vendor: , offHeap -> name: offHeap, amount: 0, script: , vendor: ), task resources: Map(cpus -> name: cpus, amount: 1.0)
[2025-10-25T11:57:20.004+0000] {spark_submit.py:491} INFO - 25/10/25 11:57:20 INFO ResourceProfile: Limiting resource is cpu
[2025-10-25T11:57:20.004+0000] {spark_submit.py:491} INFO - 25/10/25 11:57:20 INFO ResourceProfileManager: Added ResourceProfile id: 0
[2025-10-25T11:57:20.034+0000] {spark_submit.py:491} INFO - 25/10/25 11:57:20 INFO SecurityManager: Changing view acls to: ***
[2025-10-25T11:57:20.034+0000] {spark_submit.py:491} INFO - 25/10/25 11:57:20 INFO SecurityManager: Changing modify acls to: ***
[2025-10-25T11:57:20.035+0000] {spark_submit.py:491} INFO - 25/10/25 11:57:20 INFO SecurityManager: Changing view acls groups to:
[2025-10-25T11:57:20.035+0000] {spark_submit.py:491} INFO - 25/10/25 11:57:20 INFO SecurityManager: Changing modify acls groups to:
[2025-10-25T11:57:20.035+0000] {spark_submit.py:491} INFO - 25/10/25 11:57:20 INFO SecurityManager: SecurityManager: authentication disabled; ui acls disabled; users with view permissions: ***; groups with view permissions: EMPTY; users with modify permissions: ***; groups with modify permissions: EMPTY
[2025-10-25T11:57:20.143+0000] {spark_submit.py:491} INFO - 25/10/25 11:57:20 INFO Utils: Successfully started service 'sparkDriver' on port 42607.
[2025-10-25T11:57:20.160+0000] {spark_submit.py:491} INFO - 25/10/25 11:57:20 INFO SparkEnv: Registering MapOutputTracker
[2025-10-25T11:57:20.176+0000] {spark_submit.py:491} INFO - 25/10/25 11:57:20 INFO SparkEnv: Registering BlockManagerMaster
[2025-10-25T11:57:20.186+0000] {spark_submit.py:491} INFO - 25/10/25 11:57:20 INFO BlockManagerMasterEndpoint: Using org.apache.spark.storage.DefaultTopologyMapper for getting topology information
[2025-10-25T11:57:20.186+0000] {spark_submit.py:491} INFO - 25/10/25 11:57:20 INFO BlockManagerMasterEndpoint: BlockManagerMasterEndpoint up
[2025-10-25T11:57:20.188+0000] {spark_submit.py:491} INFO - 25/10/25 11:57:20 INFO SparkEnv: Registering BlockManagerMasterHeartbeat
[2025-10-25T11:57:20.198+0000] {spark_submit.py:491} INFO - 25/10/25 11:57:20 INFO DiskBlockManager: Created local directory at /tmp/blockmgr-b27d715d-cf21-4454-bdba-5342a0af0cc0
[2025-10-25T11:57:20.206+0000] {spark_submit.py:491} INFO - 25/10/25 11:57:20 INFO MemoryStore: MemoryStore started with capacity 434.4 MiB
[2025-10-25T11:57:20.213+0000] {spark_submit.py:491} INFO - 25/10/25 11:57:20 INFO SparkEnv: Registering OutputCommitCoordinator
[2025-10-25T11:57:20.271+0000] {spark_submit.py:491} INFO - 25/10/25 11:57:20 INFO JettyUtils: Start Jetty 0.0.0.0:4040 for SparkUI
[2025-10-25T11:57:20.305+0000] {spark_submit.py:491} INFO - 25/10/25 11:57:20 WARN Utils: Service 'SparkUI' could not bind on port 4040. Attempting port 4041.
[2025-10-25T11:57:20.310+0000] {spark_submit.py:491} INFO - 25/10/25 11:57:20 INFO Utils: Successfully started service 'SparkUI' on port 4041.
[2025-10-25T11:57:20.332+0000] {spark_submit.py:491} INFO - 25/10/25 11:57:20 INFO SparkContext: Added JAR file:///opt/***/jars/iceberg-spark-runtime-3.5_2.12-1.4.2.jar at spark://b40be2a595bb:42607/jars/iceberg-spark-runtime-3.5_2.12-1.4.2.jar with timestamp 1761393439971
[2025-10-25T11:57:20.333+0000] {spark_submit.py:491} INFO - 25/10/25 11:57:20 INFO SparkContext: Added JAR file:///opt/***/jars/aws-java-sdk-bundle-1.12.367.jar at spark://b40be2a595bb:42607/jars/aws-java-sdk-bundle-1.12.367.jar with timestamp 1761393439971
[2025-10-25T11:57:20.334+0000] {spark_submit.py:491} INFO - 25/10/25 11:57:20 INFO SparkContext: Added JAR file:///opt/***/jars/hadoop-aws-3.3.4.jar at spark://b40be2a595bb:42607/jars/hadoop-aws-3.3.4.jar with timestamp 1761393439971
[2025-10-25T11:57:20.371+0000] {spark_submit.py:491} INFO - 25/10/25 11:57:20 INFO Executor: Starting executor ID driver on host b40be2a595bb
[2025-10-25T11:57:20.371+0000] {spark_submit.py:491} INFO - 25/10/25 11:57:20 INFO Executor: OS info Linux, 6.10.14-linuxkit, aarch64
[2025-10-25T11:57:20.371+0000] {spark_submit.py:491} INFO - 25/10/25 11:57:20 INFO Executor: Java version 11.0.28
[2025-10-25T11:57:20.374+0000] {spark_submit.py:491} INFO - 25/10/25 11:57:20 INFO Executor: Starting executor with user classpath (userClassPathFirst = false): ''
[2025-10-25T11:57:20.374+0000] {spark_submit.py:491} INFO - 25/10/25 11:57:20 INFO Executor: Created or updated repl class loader org.apache.spark.util.MutableURLClassLoader@3aebde94 for default.
[2025-10-25T11:57:20.379+0000] {spark_submit.py:491} INFO - 25/10/25 11:57:20 INFO Executor: Fetching spark://b40be2a595bb:42607/jars/hadoop-aws-3.3.4.jar with timestamp 1761393439971
[2025-10-25T11:57:20.407+0000] {spark_submit.py:491} INFO - 25/10/25 11:57:20 INFO TransportClientFactory: Successfully created connection to b40be2a595bb/172.18.0.3:42607 after 14 ms (0 ms spent in bootstraps)
[2025-10-25T11:57:20.411+0000] {spark_submit.py:491} INFO - 25/10/25 11:57:20 INFO Utils: Fetching spark://b40be2a595bb:42607/jars/hadoop-aws-3.3.4.jar to /tmp/spark-efed2039-c265-4fc8-8a3c-94b5ee4bac1c/userFiles-6b28155c-9844-4b5d-9185-084c8c875d4d/fetchFileTemp4575520179175689962.tmp
[2025-10-25T11:57:20.427+0000] {spark_submit.py:491} INFO - 25/10/25 11:57:20 INFO Executor: Adding file:/tmp/spark-efed2039-c265-4fc8-8a3c-94b5ee4bac1c/userFiles-6b28155c-9844-4b5d-9185-084c8c875d4d/hadoop-aws-3.3.4.jar to class loader default
[2025-10-25T11:57:20.428+0000] {spark_submit.py:491} INFO - 25/10/25 11:57:20 INFO Executor: Fetching spark://b40be2a595bb:42607/jars/aws-java-sdk-bundle-1.12.367.jar with timestamp 1761393439971
[2025-10-25T11:57:20.428+0000] {spark_submit.py:491} INFO - 25/10/25 11:57:20 INFO Utils: Fetching spark://b40be2a595bb:42607/jars/aws-java-sdk-bundle-1.12.367.jar to /tmp/spark-efed2039-c265-4fc8-8a3c-94b5ee4bac1c/userFiles-6b28155c-9844-4b5d-9185-084c8c875d4d/fetchFileTemp12063396100022526893.tmp
[2025-10-25T11:57:20.724+0000] {spark_submit.py:491} INFO - 25/10/25 11:57:20 INFO Executor: Adding file:/tmp/spark-efed2039-c265-4fc8-8a3c-94b5ee4bac1c/userFiles-6b28155c-9844-4b5d-9185-084c8c875d4d/aws-java-sdk-bundle-1.12.367.jar to class loader default
[2025-10-25T11:57:20.724+0000] {spark_submit.py:491} INFO - 25/10/25 11:57:20 INFO Executor: Fetching spark://b40be2a595bb:42607/jars/iceberg-spark-runtime-3.5_2.12-1.4.2.jar with timestamp 1761393439971
[2025-10-25T11:57:20.725+0000] {spark_submit.py:491} INFO - 25/10/25 11:57:20 INFO Utils: Fetching spark://b40be2a595bb:42607/jars/iceberg-spark-runtime-3.5_2.12-1.4.2.jar to /tmp/spark-efed2039-c265-4fc8-8a3c-94b5ee4bac1c/userFiles-6b28155c-9844-4b5d-9185-084c8c875d4d/fetchFileTemp16211754050870022428.tmp
[2025-10-25T11:57:20.826+0000] {spark_submit.py:491} INFO - 25/10/25 11:57:20 INFO Executor: Adding file:/tmp/spark-efed2039-c265-4fc8-8a3c-94b5ee4bac1c/userFiles-6b28155c-9844-4b5d-9185-084c8c875d4d/iceberg-spark-runtime-3.5_2.12-1.4.2.jar to class loader default
[2025-10-25T11:57:20.831+0000] {spark_submit.py:491} INFO - 25/10/25 11:57:20 INFO Utils: Successfully started service 'org.apache.spark.network.netty.NettyBlockTransferService' on port 44591.
[2025-10-25T11:57:20.831+0000] {spark_submit.py:491} INFO - 25/10/25 11:57:20 INFO NettyBlockTransferService: Server created on b40be2a595bb:44591
[2025-10-25T11:57:20.832+0000] {spark_submit.py:491} INFO - 25/10/25 11:57:20 INFO BlockManager: Using org.apache.spark.storage.RandomBlockReplicationPolicy for block replication policy
[2025-10-25T11:57:20.836+0000] {spark_submit.py:491} INFO - 25/10/25 11:57:20 INFO BlockManagerMaster: Registering BlockManager BlockManagerId(driver, b40be2a595bb, 44591, None)
[2025-10-25T11:57:20.837+0000] {spark_submit.py:491} INFO - 25/10/25 11:57:20 INFO BlockManagerMasterEndpoint: Registering block manager b40be2a595bb:44591 with 434.4 MiB RAM, BlockManagerId(driver, b40be2a595bb, 44591, None)
[2025-10-25T11:57:20.839+0000] {spark_submit.py:491} INFO - 25/10/25 11:57:20 INFO BlockManagerMaster: Registered BlockManager BlockManagerId(driver, b40be2a595bb, 44591, None)
[2025-10-25T11:57:20.839+0000] {spark_submit.py:491} INFO - 25/10/25 11:57:20 INFO BlockManager: Initialized BlockManager: BlockManagerId(driver, b40be2a595bb, 44591, None)
[2025-10-25T11:57:22.377+0000] {spark_submit.py:491} INFO - 25/10/25 11:57:22 WARN MetricsConfig: Cannot locate configuration: tried hadoop-metrics2-s3a-file-system.properties,hadoop-metrics2.properties
[2025-10-25T11:57:23.340+0000] {spark_submit.py:491} INFO - Created/verified weather table
[2025-10-25T11:57:23.340+0000] {spark_submit.py:491} INFO - Reading weather data from: /opt/***/data/weather/weather_data_20251008_06.json
[2025-10-25T11:57:24.817+0000] {spark_submit.py:491} INFO - Raw weather data count: 24
[2025-10-25T11:57:24.818+0000] {spark_submit.py:491} INFO - root
[2025-10-25T11:57:24.818+0000] {spark_submit.py:491} INFO - |-- timestamp: string (nullable = true)
[2025-10-25T11:57:24.818+0000] {spark_submit.py:491} INFO - |-- location: string (nullable = true)
[2025-10-25T11:57:24.818+0000] {spark_submit.py:491} INFO - |-- latitude: double (nullable = true)
[2025-10-25T11:57:24.818+0000] {spark_submit.py:491} INFO - |-- longitude: double (nullable = true)
[2025-10-25T11:57:24.818+0000] {spark_submit.py:491} INFO - |-- temperature_celsius: double (nullable = true)
[2025-10-25T11:57:24.819+0000] {spark_submit.py:491} INFO - |-- temperature_fahrenheit: double (nullable = true)
[2025-10-25T11:57:24.819+0000] {spark_submit.py:491} INFO - |-- humidity_percent: double (nullable = true)
[2025-10-25T11:57:24.819+0000] {spark_submit.py:491} INFO - |-- pressure_hpa: double (nullable = true)
[2025-10-25T11:57:24.819+0000] {spark_submit.py:491} INFO - |-- wind_speed_kmh: double (nullable = true)
[2025-10-25T11:57:24.819+0000] {spark_submit.py:491} INFO - |-- weather_condition: string (nullable = true)
[2025-10-25T11:57:24.819+0000] {spark_submit.py:491} INFO - |-- visibility_km: double (nullable = true)
[2025-10-25T11:57:24.819+0000] {spark_submit.py:491} INFO - |-- uv_index: double (nullable = true)
[2025-10-25T11:57:24.819+0000] {spark_submit.py:491} INFO - |-- hour: integer (nullable = true)
[2025-10-25T11:57:24.819+0000] {spark_submit.py:491} INFO - |-- day_of_week: integer (nullable = true)
[2025-10-25T11:57:24.819+0000] {spark_submit.py:491} INFO - |-- is_weekend: boolean (nullable = true)
[2025-10-25T11:57:24.820+0000] {spark_submit.py:491} INFO - 
[2025-10-25T11:57:25.128+0000] {spark_submit.py:491} INFO - Processed weather data count: 24
[2025-10-25T11:57:26.466+0000] {spark_submit.py:491} INFO - Successfully wrote weather data to Iceberg table
[2025-10-25T11:57:28.215+0000] {spark_submit.py:491} INFO - +------------+------------------+------------------+-----------------+--------------------+
[2025-10-25T11:57:28.217+0000] {spark_submit.py:491} INFO - |weather_date|        avg_temp_c|      avg_humidity|   avg_wind_speed|          conditions|
[2025-10-25T11:57:28.217+0000] {spark_submit.py:491} INFO - +------------+------------------+------------------+-----------------+--------------------+
[2025-10-25T11:57:28.217+0000] {spark_submit.py:491} INFO - |  2025-10-08|14.865714285714287| 55.28571428571428|9.157142857142857|[clear, snow, clo...|
[2025-10-25T11:57:28.218+0000] {spark_submit.py:491} INFO - |  2025-10-07|16.545882352941174|61.094117647058845|7.900000000000002|[clear, snow, rai...|
[2025-10-25T11:57:28.218+0000] {spark_submit.py:491} INFO - +------------+------------------+------------------+-----------------+--------------------+
[2025-10-25T11:57:28.218+0000] {spark_submit.py:491} INFO - 
[2025-10-25T11:57:28.218+0000] {spark_submit.py:491} INFO - Weather ETL job completed successfully!
[2025-10-25T11:57:28.504+0000] {taskinstance.py:1398} INFO - Marking task as SUCCESS. dag_id=nyc_weather_etl, task_id=spark_process_weather_to_iceberg, execution_date=20251025T104755, start_date=20251025T115718, end_date=20251025T115728
[2025-10-25T11:57:28.540+0000] {local_task_job_runner.py:228} INFO - Task exited with return code 0
[2025-10-25T11:57:28.548+0000] {taskinstance.py:2776} INFO - 0 downstream tasks scheduled from follow-on schedule check
