[2025-11-03T04:13:29.221+0000] {taskinstance.py:1157} INFO - Dependencies all met for dep_context=non-requeueable deps ti=<TaskInstance: nyc_taxi_iceberg_etl.update_control_table manual__2025-11-03T04:13:03.992177+00:00 [queued]>
[2025-11-03T04:13:29.224+0000] {taskinstance.py:1157} INFO - Dependencies all met for dep_context=requeueable deps ti=<TaskInstance: nyc_taxi_iceberg_etl.update_control_table manual__2025-11-03T04:13:03.992177+00:00 [queued]>
[2025-11-03T04:13:29.224+0000] {taskinstance.py:1359} INFO - Starting attempt 1 of 1
[2025-11-03T04:13:29.228+0000] {taskinstance.py:1380} INFO - Executing <Task(PythonOperator): update_control_table> on 2025-11-03 04:13:03.992177+00:00
[2025-11-03T04:13:29.230+0000] {standard_task_runner.py:57} INFO - Started process 14148 to run task
[2025-11-03T04:13:29.232+0000] {standard_task_runner.py:84} INFO - Running: ['***', 'tasks', 'run', 'nyc_taxi_iceberg_etl', 'update_control_table', 'manual__2025-11-03T04:13:03.992177+00:00', '--job-id', '119', '--raw', '--subdir', 'DAGS_FOLDER/nyc_taxi_iceberg_etl.py', '--cfg-path', '/tmp/tmpks_sgie2']
[2025-11-03T04:13:29.234+0000] {standard_task_runner.py:85} INFO - Job 119: Subtask update_control_table
[2025-11-03T04:13:29.254+0000] {task_command.py:415} INFO - Running <TaskInstance: nyc_taxi_iceberg_etl.update_control_table manual__2025-11-03T04:13:03.992177+00:00 [running]> on host ec57452a9f33
[2025-11-03T04:13:29.362+0000] {taskinstance.py:1660} INFO - Exporting env vars: AIRFLOW_CTX_DAG_OWNER='data-engineering' AIRFLOW_CTX_DAG_ID='nyc_taxi_iceberg_etl' AIRFLOW_CTX_TASK_ID='update_control_table' AIRFLOW_CTX_EXECUTION_DATE='2025-11-03T04:13:03.992177+00:00' AIRFLOW_CTX_TRY_NUMBER='1' AIRFLOW_CTX_DAG_RUN_ID='manual__2025-11-03T04:13:03.992177+00:00'
[2025-11-03T04:13:29.363+0000] {crypto.py:82} WARNING - empty cryptography key - values will not be stored encrypted.
[2025-11-03T04:13:29.363+0000] {base.py:73} INFO - Using connection ID '***_default' for task execution.
[2025-11-03T04:13:29.366+0000] {sql.py:418} INFO - Running statement: 
        UPDATE public.etl_control 
        SET last_processed_date = %s, last_updated = %s
        WHERE table_name = 'nyc_taxi_trips'
    , parameters: (datetime.datetime(2025, 11, 3, 4, 13, 29, 363017), datetime.datetime(2025, 11, 3, 4, 13, 29, 363017))
[2025-11-03T04:13:29.366+0000] {sql.py:427} INFO - Rows affected: 1
[2025-11-03T04:13:29.367+0000] {logging_mixin.py:151} INFO - Updated control table with date: 2025-11-03 04:13:29.363017
[2025-11-03T04:13:29.367+0000] {python.py:194} INFO - Done. Returned value was: None
[2025-11-03T04:13:29.371+0000] {taskinstance.py:1398} INFO - Marking task as SUCCESS. dag_id=nyc_taxi_iceberg_etl, task_id=update_control_table, execution_date=20251103T041303, start_date=20251103T041329, end_date=20251103T041329
[2025-11-03T04:13:29.414+0000] {local_task_job_runner.py:228} INFO - Task exited with return code 0
[2025-11-03T04:13:29.422+0000] {taskinstance.py:2776} INFO - 0 downstream tasks scheduled from follow-on schedule check
