[2025-11-02T07:24:36.016+0000] {taskinstance.py:1157} INFO - Dependencies all met for dep_context=non-requeueable deps ti=<TaskInstance: nyc_weather_etl.spark_process_location_to_iceberg scheduled__2025-11-02T06:24:33.757123+00:00 [queued]>
[2025-11-02T07:24:36.020+0000] {taskinstance.py:1157} INFO - Dependencies all met for dep_context=requeueable deps ti=<TaskInstance: nyc_weather_etl.spark_process_location_to_iceberg scheduled__2025-11-02T06:24:33.757123+00:00 [queued]>
[2025-11-02T07:24:36.020+0000] {taskinstance.py:1359} INFO - Starting attempt 1 of 1
[2025-11-02T07:24:36.024+0000] {taskinstance.py:1380} INFO - Executing <Task(SparkSubmitOperator): spark_process_location_to_iceberg> on 2025-11-02 06:24:33.757123+00:00
[2025-11-02T07:24:36.026+0000] {standard_task_runner.py:57} INFO - Started process 13267 to run task
[2025-11-02T07:24:36.028+0000] {standard_task_runner.py:84} INFO - Running: ['***', 'tasks', 'run', 'nyc_weather_etl', 'spark_process_location_to_iceberg', 'scheduled__2025-11-02T06:24:33.757123+00:00', '--job-id', '126', '--raw', '--subdir', 'DAGS_FOLDER/nyc_weather_etl.py', '--cfg-path', '/tmp/tmpjem8ej63']
[2025-11-02T07:24:36.030+0000] {standard_task_runner.py:85} INFO - Job 126: Subtask spark_process_location_to_iceberg
[2025-11-02T07:24:36.050+0000] {task_command.py:415} INFO - Running <TaskInstance: nyc_weather_etl.spark_process_location_to_iceberg scheduled__2025-11-02T06:24:33.757123+00:00 [running]> on host d3553ba1dd4a
[2025-11-02T07:24:36.176+0000] {taskinstance.py:1660} INFO - Exporting env vars: AIRFLOW_CTX_DAG_OWNER='data-engineering' AIRFLOW_CTX_DAG_ID='nyc_weather_etl' AIRFLOW_CTX_TASK_ID='spark_process_location_to_iceberg' AIRFLOW_CTX_EXECUTION_DATE='2025-11-02T06:24:33.757123+00:00' AIRFLOW_CTX_TRY_NUMBER='1' AIRFLOW_CTX_DAG_RUN_ID='scheduled__2025-11-02T06:24:33.757123+00:00'
[2025-11-02T07:24:36.177+0000] {base.py:73} INFO - Using connection ID 'spark_default' for task execution.
[2025-11-02T07:24:36.178+0000] {spark_submit.py:340} INFO - Spark-Submit cmd: /opt/bitnami/spark/bin/spark-submit --master spark-master:7077 --conf spark.master=spark://spark-master:7077 --conf spark.sql.catalog.spark_catalog=org.apache.iceberg.spark.SparkSessionCatalog --conf spark.sql.catalog.spark_catalog.type=hive --conf spark.sql.catalog.iceberg=org.apache.iceberg.spark.SparkCatalog --conf spark.sql.catalog.iceberg.type=hadoop --conf spark.sql.catalog.iceberg.warehouse=s3a://lakehouse/warehouse --conf spark.sql.extensions=org.apache.iceberg.spark.extensions.IcebergSparkSessionExtensions --conf spark.hadoop.fs.s3a.endpoint=http://minio:9000 --conf spark.hadoop.fs.s3a.access.key=admin --conf spark.hadoop.fs.s3a.secret.key=****** --conf spark.hadoop.fs.s3a.path.style.access=true --conf spark.hadoop.fs.s3a.impl=org.apache.hadoop.fs.s3a.S3AFileSystem --jars /opt/***/jars/iceberg-spark-runtime-3.5_2.12-1.4.2.jar,/opt/***/jars/aws-java-sdk-bundle-1.12.367.jar,/opt/***/jars/hadoop-aws-3.3.4.jar --name arrow-spark /opt/***/dags/spark_jobs/location_to_iceberg.py /opt/***/data/locations/nyc_taxi_zones.json
[2025-11-02T07:24:36.973+0000] {spark_submit.py:491} INFO - 25/11/02 07:24:36 WARN NativeCodeLoader: Unable to load native-hadoop library for your platform... using builtin-java classes where applicable
[2025-11-02T07:24:37.506+0000] {spark_submit.py:491} INFO - 25/11/02 07:24:37 INFO SparkContext: Running Spark version 3.5.1
[2025-11-02T07:24:37.509+0000] {spark_submit.py:491} INFO - 25/11/02 07:24:37 INFO SparkContext: OS info Linux, 6.10.14-linuxkit, aarch64
[2025-11-02T07:24:37.509+0000] {spark_submit.py:491} INFO - 25/11/02 07:24:37 INFO SparkContext: Java version 11.0.28
[2025-11-02T07:24:37.517+0000] {spark_submit.py:491} INFO - 25/11/02 07:24:37 INFO ResourceUtils: ==============================================================
[2025-11-02T07:24:37.518+0000] {spark_submit.py:491} INFO - 25/11/02 07:24:37 INFO ResourceUtils: No custom resources configured for spark.driver.
[2025-11-02T07:24:37.518+0000] {spark_submit.py:491} INFO - 25/11/02 07:24:37 INFO ResourceUtils: ==============================================================
[2025-11-02T07:24:37.518+0000] {spark_submit.py:491} INFO - 25/11/02 07:24:37 INFO SparkContext: Submitted application: Location to Iceberg ETL
[2025-11-02T07:24:37.527+0000] {spark_submit.py:491} INFO - 25/11/02 07:24:37 INFO ResourceProfile: Default ResourceProfile created, executor resources: Map(cores -> name: cores, amount: 1, script: , vendor: , memory -> name: memory, amount: 1024, script: , vendor: , offHeap -> name: offHeap, amount: 0, script: , vendor: ), task resources: Map(cpus -> name: cpus, amount: 1.0)
[2025-11-02T07:24:37.531+0000] {spark_submit.py:491} INFO - 25/11/02 07:24:37 INFO ResourceProfile: Limiting resource is cpu
[2025-11-02T07:24:37.531+0000] {spark_submit.py:491} INFO - 25/11/02 07:24:37 INFO ResourceProfileManager: Added ResourceProfile id: 0
[2025-11-02T07:24:37.559+0000] {spark_submit.py:491} INFO - 25/11/02 07:24:37 INFO SecurityManager: Changing view acls to: ***
[2025-11-02T07:24:37.559+0000] {spark_submit.py:491} INFO - 25/11/02 07:24:37 INFO SecurityManager: Changing modify acls to: ***
[2025-11-02T07:24:37.559+0000] {spark_submit.py:491} INFO - 25/11/02 07:24:37 INFO SecurityManager: Changing view acls groups to:
[2025-11-02T07:24:37.560+0000] {spark_submit.py:491} INFO - 25/11/02 07:24:37 INFO SecurityManager: Changing modify acls groups to:
[2025-11-02T07:24:37.560+0000] {spark_submit.py:491} INFO - 25/11/02 07:24:37 INFO SecurityManager: SecurityManager: authentication disabled; ui acls disabled; users with view permissions: ***; groups with view permissions: EMPTY; users with modify permissions: ***; groups with modify permissions: EMPTY
[2025-11-02T07:24:37.654+0000] {spark_submit.py:491} INFO - 25/11/02 07:24:37 INFO Utils: Successfully started service 'sparkDriver' on port 36645.
[2025-11-02T07:24:37.667+0000] {spark_submit.py:491} INFO - 25/11/02 07:24:37 INFO SparkEnv: Registering MapOutputTracker
[2025-11-02T07:24:37.682+0000] {spark_submit.py:491} INFO - 25/11/02 07:24:37 INFO SparkEnv: Registering BlockManagerMaster
[2025-11-02T07:24:37.692+0000] {spark_submit.py:491} INFO - 25/11/02 07:24:37 INFO BlockManagerMasterEndpoint: Using org.apache.spark.storage.DefaultTopologyMapper for getting topology information
[2025-11-02T07:24:37.693+0000] {spark_submit.py:491} INFO - 25/11/02 07:24:37 INFO BlockManagerMasterEndpoint: BlockManagerMasterEndpoint up
[2025-11-02T07:24:37.693+0000] {spark_submit.py:491} INFO - 25/11/02 07:24:37 INFO SparkEnv: Registering BlockManagerMasterHeartbeat
[2025-11-02T07:24:37.703+0000] {spark_submit.py:491} INFO - 25/11/02 07:24:37 INFO DiskBlockManager: Created local directory at /tmp/blockmgr-9c5abc5c-a234-4604-9e3a-b65f7de1c11d
[2025-11-02T07:24:37.709+0000] {spark_submit.py:491} INFO - 25/11/02 07:24:37 INFO MemoryStore: MemoryStore started with capacity 434.4 MiB
[2025-11-02T07:24:37.717+0000] {spark_submit.py:491} INFO - 25/11/02 07:24:37 INFO SparkEnv: Registering OutputCommitCoordinator
[2025-11-02T07:24:37.771+0000] {spark_submit.py:491} INFO - 25/11/02 07:24:37 INFO JettyUtils: Start Jetty 0.0.0.0:4040 for SparkUI
[2025-11-02T07:24:37.794+0000] {spark_submit.py:491} INFO - 25/11/02 07:24:37 INFO Utils: Successfully started service 'SparkUI' on port 4040.
[2025-11-02T07:24:37.808+0000] {spark_submit.py:491} INFO - 25/11/02 07:24:37 INFO SparkContext: Added JAR file:///opt/***/jars/iceberg-spark-runtime-3.5_2.12-1.4.2.jar at spark://d3553ba1dd4a:36645/jars/iceberg-spark-runtime-3.5_2.12-1.4.2.jar with timestamp 1762068277502
[2025-11-02T07:24:37.809+0000] {spark_submit.py:491} INFO - 25/11/02 07:24:37 INFO SparkContext: Added JAR file:///opt/***/jars/aws-java-sdk-bundle-1.12.367.jar at spark://d3553ba1dd4a:36645/jars/aws-java-sdk-bundle-1.12.367.jar with timestamp 1762068277502
[2025-11-02T07:24:37.809+0000] {spark_submit.py:491} INFO - 25/11/02 07:24:37 INFO SparkContext: Added JAR file:///opt/***/jars/hadoop-aws-3.3.4.jar at spark://d3553ba1dd4a:36645/jars/hadoop-aws-3.3.4.jar with timestamp 1762068277502
[2025-11-02T07:24:37.838+0000] {spark_submit.py:491} INFO - 25/11/02 07:24:37 INFO Executor: Starting executor ID driver on host d3553ba1dd4a
[2025-11-02T07:24:37.839+0000] {spark_submit.py:491} INFO - 25/11/02 07:24:37 INFO Executor: OS info Linux, 6.10.14-linuxkit, aarch64
[2025-11-02T07:24:37.839+0000] {spark_submit.py:491} INFO - 25/11/02 07:24:37 INFO Executor: Java version 11.0.28
[2025-11-02T07:24:37.841+0000] {spark_submit.py:491} INFO - 25/11/02 07:24:37 INFO Executor: Starting executor with user classpath (userClassPathFirst = false): ''
[2025-11-02T07:24:37.841+0000] {spark_submit.py:491} INFO - 25/11/02 07:24:37 INFO Executor: Created or updated repl class loader org.apache.spark.util.MutableURLClassLoader@76329391 for default.
[2025-11-02T07:24:37.845+0000] {spark_submit.py:491} INFO - 25/11/02 07:24:37 INFO Executor: Fetching spark://d3553ba1dd4a:36645/jars/hadoop-aws-3.3.4.jar with timestamp 1762068277502
[2025-11-02T07:24:37.869+0000] {spark_submit.py:491} INFO - 25/11/02 07:24:37 INFO TransportClientFactory: Successfully created connection to d3553ba1dd4a/172.18.0.5:36645 after 12 ms (0 ms spent in bootstraps)
[2025-11-02T07:24:37.872+0000] {spark_submit.py:491} INFO - 25/11/02 07:24:37 INFO Utils: Fetching spark://d3553ba1dd4a:36645/jars/hadoop-aws-3.3.4.jar to /tmp/spark-59906aef-c09a-4d52-acb2-799c6797f73e/userFiles-57ea3141-db27-413d-b5e2-c6358111678b/fetchFileTemp2464774697860159558.tmp
[2025-11-02T07:24:37.886+0000] {spark_submit.py:491} INFO - 25/11/02 07:24:37 INFO Executor: Adding file:/tmp/spark-59906aef-c09a-4d52-acb2-799c6797f73e/userFiles-57ea3141-db27-413d-b5e2-c6358111678b/hadoop-aws-3.3.4.jar to class loader default
[2025-11-02T07:24:37.886+0000] {spark_submit.py:491} INFO - 25/11/02 07:24:37 INFO Executor: Fetching spark://d3553ba1dd4a:36645/jars/iceberg-spark-runtime-3.5_2.12-1.4.2.jar with timestamp 1762068277502
[2025-11-02T07:24:37.886+0000] {spark_submit.py:491} INFO - 25/11/02 07:24:37 INFO Utils: Fetching spark://d3553ba1dd4a:36645/jars/iceberg-spark-runtime-3.5_2.12-1.4.2.jar to /tmp/spark-59906aef-c09a-4d52-acb2-799c6797f73e/userFiles-57ea3141-db27-413d-b5e2-c6358111678b/fetchFileTemp17619295600164830025.tmp
[2025-11-02T07:24:37.972+0000] {spark_submit.py:491} INFO - 25/11/02 07:24:37 INFO Executor: Adding file:/tmp/spark-59906aef-c09a-4d52-acb2-799c6797f73e/userFiles-57ea3141-db27-413d-b5e2-c6358111678b/iceberg-spark-runtime-3.5_2.12-1.4.2.jar to class loader default
[2025-11-02T07:24:37.972+0000] {spark_submit.py:491} INFO - 25/11/02 07:24:37 INFO Executor: Fetching spark://d3553ba1dd4a:36645/jars/aws-java-sdk-bundle-1.12.367.jar with timestamp 1762068277502
[2025-11-02T07:24:37.972+0000] {spark_submit.py:491} INFO - 25/11/02 07:24:37 INFO Utils: Fetching spark://d3553ba1dd4a:36645/jars/aws-java-sdk-bundle-1.12.367.jar to /tmp/spark-59906aef-c09a-4d52-acb2-799c6797f73e/userFiles-57ea3141-db27-413d-b5e2-c6358111678b/fetchFileTemp8847431931608783166.tmp
[2025-11-02T07:24:38.860+0000] {spark_submit.py:491} INFO - 25/11/02 07:24:38 INFO Executor: Adding file:/tmp/spark-59906aef-c09a-4d52-acb2-799c6797f73e/userFiles-57ea3141-db27-413d-b5e2-c6358111678b/aws-java-sdk-bundle-1.12.367.jar to class loader default
[2025-11-02T07:24:38.872+0000] {spark_submit.py:491} INFO - 25/11/02 07:24:38 INFO Utils: Successfully started service 'org.apache.spark.network.netty.NettyBlockTransferService' on port 41913.
[2025-11-02T07:24:38.873+0000] {spark_submit.py:491} INFO - 25/11/02 07:24:38 INFO NettyBlockTransferService: Server created on d3553ba1dd4a:41913
[2025-11-02T07:24:38.873+0000] {spark_submit.py:491} INFO - 25/11/02 07:24:38 INFO BlockManager: Using org.apache.spark.storage.RandomBlockReplicationPolicy for block replication policy
[2025-11-02T07:24:38.875+0000] {spark_submit.py:491} INFO - 25/11/02 07:24:38 INFO BlockManagerMaster: Registering BlockManager BlockManagerId(driver, d3553ba1dd4a, 41913, None)
[2025-11-02T07:24:38.877+0000] {spark_submit.py:491} INFO - 25/11/02 07:24:38 INFO BlockManagerMasterEndpoint: Registering block manager d3553ba1dd4a:41913 with 434.4 MiB RAM, BlockManagerId(driver, d3553ba1dd4a, 41913, None)
[2025-11-02T07:24:38.878+0000] {spark_submit.py:491} INFO - 25/11/02 07:24:38 INFO BlockManagerMaster: Registered BlockManager BlockManagerId(driver, d3553ba1dd4a, 41913, None)
[2025-11-02T07:24:38.878+0000] {spark_submit.py:491} INFO - 25/11/02 07:24:38 INFO BlockManager: Initialized BlockManager: BlockManagerId(driver, d3553ba1dd4a, 41913, None)
[2025-11-02T07:24:40.095+0000] {spark_submit.py:491} INFO - 25/11/02 07:24:40 WARN MetricsConfig: Cannot locate configuration: tried hadoop-metrics2-s3a-file-system.properties,hadoop-metrics2.properties
[2025-11-02T07:24:40.701+0000] {spark_submit.py:491} INFO - Created/verified taxi zones table
[2025-11-02T07:24:40.701+0000] {spark_submit.py:491} INFO - Reading location data from: /opt/***/data/locations/nyc_taxi_zones.json
[2025-11-02T07:24:41.809+0000] {spark_submit.py:491} INFO - Raw location data count: 16
[2025-11-02T07:24:41.811+0000] {spark_submit.py:491} INFO - root
[2025-11-02T07:24:41.811+0000] {spark_submit.py:491} INFO - |-- borough: string (nullable = true)
[2025-11-02T07:24:41.811+0000] {spark_submit.py:491} INFO - |-- created_at: string (nullable = true)
[2025-11-02T07:24:41.811+0000] {spark_submit.py:491} INFO - |-- is_business_district: boolean (nullable = true)
[2025-11-02T07:24:41.811+0000] {spark_submit.py:491} INFO - |-- is_tourist_area: boolean (nullable = true)
[2025-11-02T07:24:41.811+0000] {spark_submit.py:491} INFO - |-- lat: double (nullable = true)
[2025-11-02T07:24:41.811+0000] {spark_submit.py:491} INFO - |-- location_id: long (nullable = true)
[2025-11-02T07:24:41.811+0000] {spark_submit.py:491} INFO - |-- lon: double (nullable = true)
[2025-11-02T07:24:41.811+0000] {spark_submit.py:491} INFO - |-- zone: string (nullable = true)
[2025-11-02T07:24:41.812+0000] {spark_submit.py:491} INFO - |-- zone_type: string (nullable = true)
[2025-11-02T07:24:41.812+0000] {spark_submit.py:491} INFO - 
[2025-11-02T07:24:41.985+0000] {spark_submit.py:491} INFO - Processed location data count: 16
[2025-11-02T07:24:43.256+0000] {spark_submit.py:491} INFO - Successfully wrote location data to Iceberg table
[2025-11-02T07:24:44.451+0000] {spark_submit.py:491} INFO - +---------+----------+-------------+--------------+
[2025-11-02T07:24:44.452+0000] {spark_submit.py:491} INFO - |  borough|zone_count|tourist_zones|business_zones|
[2025-11-02T07:24:44.452+0000] {spark_submit.py:491} INFO - +---------+----------+-------------+--------------+
[2025-11-02T07:24:44.452+0000] {spark_submit.py:491} INFO - |Manhattan|        13|            4|             3|
[2025-11-02T07:24:44.452+0000] {spark_submit.py:491} INFO - |   Queens|         2|            0|             0|
[2025-11-02T07:24:44.452+0000] {spark_submit.py:491} INFO - | Brooklyn|         1|            0|             0|
[2025-11-02T07:24:44.452+0000] {spark_submit.py:491} INFO - +---------+----------+-------------+--------------+
[2025-11-02T07:24:44.452+0000] {spark_submit.py:491} INFO - 
[2025-11-02T07:24:44.453+0000] {spark_submit.py:491} INFO - Location ETL job completed successfully!
[2025-11-02T07:24:45.232+0000] {taskinstance.py:1398} INFO - Marking task as SUCCESS. dag_id=nyc_weather_etl, task_id=spark_process_location_to_iceberg, execution_date=20251102T062433, start_date=20251102T072436, end_date=20251102T072445
[2025-11-02T07:24:45.251+0000] {local_task_job_runner.py:228} INFO - Task exited with return code 0
[2025-11-02T07:24:45.260+0000] {taskinstance.py:2776} INFO - 0 downstream tasks scheduled from follow-on schedule check
