[2025-10-29T05:20:14.351+0000] {taskinstance.py:1157} INFO - Dependencies all met for dep_context=non-requeueable deps ti=<TaskInstance: nyc_weather_etl.spark_process_weather_to_iceberg scheduled__2025-10-29T04:20:10.843578+00:00 [queued]>
[2025-10-29T05:20:14.355+0000] {taskinstance.py:1157} INFO - Dependencies all met for dep_context=requeueable deps ti=<TaskInstance: nyc_weather_etl.spark_process_weather_to_iceberg scheduled__2025-10-29T04:20:10.843578+00:00 [queued]>
[2025-10-29T05:20:14.355+0000] {taskinstance.py:1359} INFO - Starting attempt 1 of 1
[2025-10-29T05:20:14.418+0000] {taskinstance.py:1380} INFO - Executing <Task(SparkSubmitOperator): spark_process_weather_to_iceberg> on 2025-10-29 04:20:10.843578+00:00
[2025-10-29T05:20:14.420+0000] {standard_task_runner.py:57} INFO - Started process 252 to run task
[2025-10-29T05:20:14.421+0000] {standard_task_runner.py:84} INFO - Running: ['***', 'tasks', 'run', 'nyc_weather_etl', 'spark_process_weather_to_iceberg', 'scheduled__2025-10-29T04:20:10.843578+00:00', '--job-id', '24', '--raw', '--subdir', 'DAGS_FOLDER/nyc_weather_etl.py', '--cfg-path', '/tmp/tmp3l2b272b']
[2025-10-29T05:20:14.423+0000] {standard_task_runner.py:85} INFO - Job 24: Subtask spark_process_weather_to_iceberg
[2025-10-29T05:20:14.443+0000] {task_command.py:415} INFO - Running <TaskInstance: nyc_weather_etl.spark_process_weather_to_iceberg scheduled__2025-10-29T04:20:10.843578+00:00 [running]> on host 11a5c523951d
[2025-10-29T05:20:14.481+0000] {taskinstance.py:1660} INFO - Exporting env vars: AIRFLOW_CTX_DAG_OWNER='data-engineering' AIRFLOW_CTX_DAG_ID='nyc_weather_etl' AIRFLOW_CTX_TASK_ID='spark_process_weather_to_iceberg' AIRFLOW_CTX_EXECUTION_DATE='2025-10-29T04:20:10.843578+00:00' AIRFLOW_CTX_TRY_NUMBER='1' AIRFLOW_CTX_DAG_RUN_ID='scheduled__2025-10-29T04:20:10.843578+00:00'
[2025-10-29T05:20:14.482+0000] {base.py:73} INFO - Using connection ID 'spark_default' for task execution.
[2025-10-29T05:20:14.483+0000] {spark_submit.py:340} INFO - Spark-Submit cmd: /opt/bitnami/spark/bin/spark-submit --master spark-master:7077 --conf spark.master=spark://spark-master:7077 --conf spark.sql.catalog.spark_catalog=org.apache.iceberg.spark.SparkSessionCatalog --conf spark.sql.catalog.spark_catalog.type=hive --conf spark.sql.catalog.iceberg=org.apache.iceberg.spark.SparkCatalog --conf spark.sql.catalog.iceberg.type=hadoop --conf spark.sql.catalog.iceberg.warehouse=s3a://lakehouse/warehouse --conf spark.sql.extensions=org.apache.iceberg.spark.extensions.IcebergSparkSessionExtensions --conf spark.hadoop.fs.s3a.endpoint=http://minio:9000 --conf spark.hadoop.fs.s3a.access.key=admin --conf spark.hadoop.fs.s3a.secret.key=****** --conf spark.hadoop.fs.s3a.path.style.access=true --conf spark.hadoop.fs.s3a.impl=org.apache.hadoop.fs.s3a.S3AFileSystem --jars /opt/***/jars/iceberg-spark-runtime-3.5_2.12-1.4.2.jar,/opt/***/jars/aws-java-sdk-bundle-1.12.367.jar,/opt/***/jars/hadoop-aws-3.3.4.jar --name arrow-spark /opt/***/dags/spark_jobs/weather_to_iceberg.py /opt/***/data/weather/weather_data_20251029_05.json
[2025-10-29T05:20:15.622+0000] {spark_submit.py:491} INFO - 25/10/29 05:20:15 WARN NativeCodeLoader: Unable to load native-hadoop library for your platform... using builtin-java classes where applicable
[2025-10-29T05:20:16.559+0000] {spark_submit.py:491} INFO - 25/10/29 05:20:16 INFO SparkContext: Running Spark version 3.5.1
[2025-10-29T05:20:16.560+0000] {spark_submit.py:491} INFO - 25/10/29 05:20:16 INFO SparkContext: OS info Linux, 6.10.14-linuxkit, aarch64
[2025-10-29T05:20:16.561+0000] {spark_submit.py:491} INFO - 25/10/29 05:20:16 INFO SparkContext: Java version 11.0.28
[2025-10-29T05:20:16.581+0000] {spark_submit.py:491} INFO - 25/10/29 05:20:16 INFO ResourceUtils: ==============================================================
[2025-10-29T05:20:16.582+0000] {spark_submit.py:491} INFO - 25/10/29 05:20:16 INFO ResourceUtils: No custom resources configured for spark.driver.
[2025-10-29T05:20:16.583+0000] {spark_submit.py:491} INFO - 25/10/29 05:20:16 INFO ResourceUtils: ==============================================================
[2025-10-29T05:20:16.583+0000] {spark_submit.py:491} INFO - 25/10/29 05:20:16 INFO SparkContext: Submitted application: Weather to Iceberg ETL
[2025-10-29T05:20:16.596+0000] {spark_submit.py:491} INFO - 25/10/29 05:20:16 INFO ResourceProfile: Default ResourceProfile created, executor resources: Map(cores -> name: cores, amount: 1, script: , vendor: , memory -> name: memory, amount: 1024, script: , vendor: , offHeap -> name: offHeap, amount: 0, script: , vendor: ), task resources: Map(cpus -> name: cpus, amount: 1.0)
[2025-10-29T05:20:16.602+0000] {spark_submit.py:491} INFO - 25/10/29 05:20:16 INFO ResourceProfile: Limiting resource is cpu
[2025-10-29T05:20:16.602+0000] {spark_submit.py:491} INFO - 25/10/29 05:20:16 INFO ResourceProfileManager: Added ResourceProfile id: 0
[2025-10-29T05:20:16.648+0000] {spark_submit.py:491} INFO - 25/10/29 05:20:16 INFO SecurityManager: Changing view acls to: ***
[2025-10-29T05:20:16.649+0000] {spark_submit.py:491} INFO - 25/10/29 05:20:16 INFO SecurityManager: Changing modify acls to: ***
[2025-10-29T05:20:16.649+0000] {spark_submit.py:491} INFO - 25/10/29 05:20:16 INFO SecurityManager: Changing view acls groups to:
[2025-10-29T05:20:16.649+0000] {spark_submit.py:491} INFO - 25/10/29 05:20:16 INFO SecurityManager: Changing modify acls groups to:
[2025-10-29T05:20:16.649+0000] {spark_submit.py:491} INFO - 25/10/29 05:20:16 INFO SecurityManager: SecurityManager: authentication disabled; ui acls disabled; users with view permissions: ***; groups with view permissions: EMPTY; users with modify permissions: ***; groups with modify permissions: EMPTY
[2025-10-29T05:20:16.778+0000] {spark_submit.py:491} INFO - 25/10/29 05:20:16 INFO Utils: Successfully started service 'sparkDriver' on port 39689.
[2025-10-29T05:20:16.797+0000] {spark_submit.py:491} INFO - 25/10/29 05:20:16 INFO SparkEnv: Registering MapOutputTracker
[2025-10-29T05:20:16.813+0000] {spark_submit.py:491} INFO - 25/10/29 05:20:16 INFO SparkEnv: Registering BlockManagerMaster
[2025-10-29T05:20:16.825+0000] {spark_submit.py:491} INFO - 25/10/29 05:20:16 INFO BlockManagerMasterEndpoint: Using org.apache.spark.storage.DefaultTopologyMapper for getting topology information
[2025-10-29T05:20:16.826+0000] {spark_submit.py:491} INFO - 25/10/29 05:20:16 INFO BlockManagerMasterEndpoint: BlockManagerMasterEndpoint up
[2025-10-29T05:20:16.827+0000] {spark_submit.py:491} INFO - 25/10/29 05:20:16 INFO SparkEnv: Registering BlockManagerMasterHeartbeat
[2025-10-29T05:20:16.837+0000] {spark_submit.py:491} INFO - 25/10/29 05:20:16 INFO DiskBlockManager: Created local directory at /tmp/blockmgr-9b066092-a52d-44b3-b048-91907477cf7e
[2025-10-29T05:20:16.843+0000] {spark_submit.py:491} INFO - 25/10/29 05:20:16 INFO MemoryStore: MemoryStore started with capacity 434.4 MiB
[2025-10-29T05:20:16.848+0000] {spark_submit.py:491} INFO - 25/10/29 05:20:16 INFO SparkEnv: Registering OutputCommitCoordinator
[2025-10-29T05:20:16.907+0000] {spark_submit.py:491} INFO - 25/10/29 05:20:16 INFO JettyUtils: Start Jetty 0.0.0.0:4040 for SparkUI
[2025-10-29T05:20:16.930+0000] {spark_submit.py:491} INFO - 25/10/29 05:20:16 WARN Utils: Service 'SparkUI' could not bind on port 4040. Attempting port 4041.
[2025-10-29T05:20:16.934+0000] {spark_submit.py:491} INFO - 25/10/29 05:20:16 INFO Utils: Successfully started service 'SparkUI' on port 4041.
[2025-10-29T05:20:16.950+0000] {spark_submit.py:491} INFO - 25/10/29 05:20:16 INFO SparkContext: Added JAR file:///opt/***/jars/iceberg-spark-runtime-3.5_2.12-1.4.2.jar at spark://11a5c523951d:39689/jars/iceberg-spark-runtime-3.5_2.12-1.4.2.jar with timestamp 1761715216550
[2025-10-29T05:20:16.950+0000] {spark_submit.py:491} INFO - 25/10/29 05:20:16 INFO SparkContext: Added JAR file:///opt/***/jars/aws-java-sdk-bundle-1.12.367.jar at spark://11a5c523951d:39689/jars/aws-java-sdk-bundle-1.12.367.jar with timestamp 1761715216550
[2025-10-29T05:20:16.950+0000] {spark_submit.py:491} INFO - 25/10/29 05:20:16 INFO SparkContext: Added JAR file:///opt/***/jars/hadoop-aws-3.3.4.jar at spark://11a5c523951d:39689/jars/hadoop-aws-3.3.4.jar with timestamp 1761715216550
[2025-10-29T05:20:16.982+0000] {spark_submit.py:491} INFO - 25/10/29 05:20:16 INFO Executor: Starting executor ID driver on host 11a5c523951d
[2025-10-29T05:20:16.983+0000] {spark_submit.py:491} INFO - 25/10/29 05:20:16 INFO Executor: OS info Linux, 6.10.14-linuxkit, aarch64
[2025-10-29T05:20:16.983+0000] {spark_submit.py:491} INFO - 25/10/29 05:20:16 INFO Executor: Java version 11.0.28
[2025-10-29T05:20:16.985+0000] {spark_submit.py:491} INFO - 25/10/29 05:20:16 INFO Executor: Starting executor with user classpath (userClassPathFirst = false): ''
[2025-10-29T05:20:16.986+0000] {spark_submit.py:491} INFO - 25/10/29 05:20:16 INFO Executor: Created or updated repl class loader org.apache.spark.util.MutableURLClassLoader@3e84461f for default.
[2025-10-29T05:20:16.993+0000] {spark_submit.py:491} INFO - 25/10/29 05:20:16 INFO Executor: Fetching spark://11a5c523951d:39689/jars/iceberg-spark-runtime-3.5_2.12-1.4.2.jar with timestamp 1761715216550
[2025-10-29T05:20:17.021+0000] {spark_submit.py:491} INFO - 25/10/29 05:20:17 INFO TransportClientFactory: Successfully created connection to 11a5c523951d/172.18.0.15:39689 after 13 ms (0 ms spent in bootstraps)
[2025-10-29T05:20:17.028+0000] {spark_submit.py:491} INFO - 25/10/29 05:20:17 INFO Utils: Fetching spark://11a5c523951d:39689/jars/iceberg-spark-runtime-3.5_2.12-1.4.2.jar to /tmp/spark-3aa4e315-5275-4991-8a35-b29ca88ab560/userFiles-3c943a20-2c12-4f7b-b1d8-bd002eea9d0d/fetchFileTemp18351467153079952470.tmp
[2025-10-29T05:20:17.154+0000] {spark_submit.py:491} INFO - 25/10/29 05:20:17 INFO Executor: Adding file:/tmp/spark-3aa4e315-5275-4991-8a35-b29ca88ab560/userFiles-3c943a20-2c12-4f7b-b1d8-bd002eea9d0d/iceberg-spark-runtime-3.5_2.12-1.4.2.jar to class loader default
[2025-10-29T05:20:17.156+0000] {spark_submit.py:491} INFO - 25/10/29 05:20:17 INFO Executor: Fetching spark://11a5c523951d:39689/jars/aws-java-sdk-bundle-1.12.367.jar with timestamp 1761715216550
[2025-10-29T05:20:17.157+0000] {spark_submit.py:491} INFO - 25/10/29 05:20:17 INFO Utils: Fetching spark://11a5c523951d:39689/jars/aws-java-sdk-bundle-1.12.367.jar to /tmp/spark-3aa4e315-5275-4991-8a35-b29ca88ab560/userFiles-3c943a20-2c12-4f7b-b1d8-bd002eea9d0d/fetchFileTemp17196845230493595093.tmp
[2025-10-29T05:20:17.820+0000] {spark_submit.py:491} INFO - 25/10/29 05:20:17 INFO Executor: Adding file:/tmp/spark-3aa4e315-5275-4991-8a35-b29ca88ab560/userFiles-3c943a20-2c12-4f7b-b1d8-bd002eea9d0d/aws-java-sdk-bundle-1.12.367.jar to class loader default
[2025-10-29T05:20:17.820+0000] {spark_submit.py:491} INFO - 25/10/29 05:20:17 INFO Executor: Fetching spark://11a5c523951d:39689/jars/hadoop-aws-3.3.4.jar with timestamp 1761715216550
[2025-10-29T05:20:17.820+0000] {spark_submit.py:491} INFO - 25/10/29 05:20:17 INFO Utils: Fetching spark://11a5c523951d:39689/jars/hadoop-aws-3.3.4.jar to /tmp/spark-3aa4e315-5275-4991-8a35-b29ca88ab560/userFiles-3c943a20-2c12-4f7b-b1d8-bd002eea9d0d/fetchFileTemp14102804264449111771.tmp
[2025-10-29T05:20:17.826+0000] {spark_submit.py:491} INFO - 25/10/29 05:20:17 INFO Executor: Adding file:/tmp/spark-3aa4e315-5275-4991-8a35-b29ca88ab560/userFiles-3c943a20-2c12-4f7b-b1d8-bd002eea9d0d/hadoop-aws-3.3.4.jar to class loader default
[2025-10-29T05:20:17.831+0000] {spark_submit.py:491} INFO - 25/10/29 05:20:17 INFO Utils: Successfully started service 'org.apache.spark.network.netty.NettyBlockTransferService' on port 35239.
[2025-10-29T05:20:17.832+0000] {spark_submit.py:491} INFO - 25/10/29 05:20:17 INFO NettyBlockTransferService: Server created on 11a5c523951d:35239
[2025-10-29T05:20:17.834+0000] {spark_submit.py:491} INFO - 25/10/29 05:20:17 INFO BlockManager: Using org.apache.spark.storage.RandomBlockReplicationPolicy for block replication policy
[2025-10-29T05:20:17.839+0000] {spark_submit.py:491} INFO - 25/10/29 05:20:17 INFO BlockManagerMaster: Registering BlockManager BlockManagerId(driver, 11a5c523951d, 35239, None)
[2025-10-29T05:20:17.842+0000] {spark_submit.py:491} INFO - 25/10/29 05:20:17 INFO BlockManagerMasterEndpoint: Registering block manager 11a5c523951d:35239 with 434.4 MiB RAM, BlockManagerId(driver, 11a5c523951d, 35239, None)
[2025-10-29T05:20:17.843+0000] {spark_submit.py:491} INFO - 25/10/29 05:20:17 INFO BlockManagerMaster: Registered BlockManager BlockManagerId(driver, 11a5c523951d, 35239, None)
[2025-10-29T05:20:17.843+0000] {spark_submit.py:491} INFO - 25/10/29 05:20:17 INFO BlockManager: Initialized BlockManager: BlockManagerId(driver, 11a5c523951d, 35239, None)
[2025-10-29T05:20:20.218+0000] {spark_submit.py:491} INFO - 25/10/29 05:20:20 WARN MetricsConfig: Cannot locate configuration: tried hadoop-metrics2-s3a-file-system.properties,hadoop-metrics2.properties
[2025-10-29T05:20:21.070+0000] {spark_submit.py:491} INFO - Created/verified weather table
[2025-10-29T05:20:21.070+0000] {spark_submit.py:491} INFO - Reading weather data from: /opt/***/data/weather/weather_data_20251029_05.json
[2025-10-29T05:20:22.850+0000] {spark_submit.py:491} INFO - Raw weather data count: 24
[2025-10-29T05:20:22.852+0000] {spark_submit.py:491} INFO - root
[2025-10-29T05:20:22.852+0000] {spark_submit.py:491} INFO - |-- timestamp: string (nullable = true)
[2025-10-29T05:20:22.852+0000] {spark_submit.py:491} INFO - |-- location: string (nullable = true)
[2025-10-29T05:20:22.852+0000] {spark_submit.py:491} INFO - |-- latitude: double (nullable = true)
[2025-10-29T05:20:22.852+0000] {spark_submit.py:491} INFO - |-- longitude: double (nullable = true)
[2025-10-29T05:20:22.852+0000] {spark_submit.py:491} INFO - |-- temperature_celsius: double (nullable = true)
[2025-10-29T05:20:22.852+0000] {spark_submit.py:491} INFO - |-- temperature_fahrenheit: double (nullable = true)
[2025-10-29T05:20:22.852+0000] {spark_submit.py:491} INFO - |-- humidity_percent: double (nullable = true)
[2025-10-29T05:20:22.853+0000] {spark_submit.py:491} INFO - |-- pressure_hpa: double (nullable = true)
[2025-10-29T05:20:22.853+0000] {spark_submit.py:491} INFO - |-- wind_speed_kmh: double (nullable = true)
[2025-10-29T05:20:22.853+0000] {spark_submit.py:491} INFO - |-- weather_condition: string (nullable = true)
[2025-10-29T05:20:22.853+0000] {spark_submit.py:491} INFO - |-- visibility_km: double (nullable = true)
[2025-10-29T05:20:22.853+0000] {spark_submit.py:491} INFO - |-- uv_index: double (nullable = true)
[2025-10-29T05:20:22.853+0000] {spark_submit.py:491} INFO - |-- hour: integer (nullable = true)
[2025-10-29T05:20:22.853+0000] {spark_submit.py:491} INFO - |-- day_of_week: integer (nullable = true)
[2025-10-29T05:20:22.853+0000] {spark_submit.py:491} INFO - |-- is_weekend: boolean (nullable = true)
[2025-10-29T05:20:22.853+0000] {spark_submit.py:491} INFO - 
[2025-10-29T05:20:23.108+0000] {spark_submit.py:491} INFO - Processed weather data count: 24
[2025-10-29T05:20:24.357+0000] {spark_submit.py:491} INFO - Successfully wrote weather data to Iceberg table
[2025-10-29T05:20:25.753+0000] {spark_submit.py:491} INFO - +------------+------------------+------------------+-----------------+--------------------+
[2025-10-29T05:20:25.754+0000] {spark_submit.py:491} INFO - |weather_date|        avg_temp_c|      avg_humidity|   avg_wind_speed|          conditions|
[2025-10-29T05:20:25.754+0000] {spark_submit.py:491} INFO - +------------+------------------+------------------+-----------------+--------------------+
[2025-10-29T05:20:25.754+0000] {spark_submit.py:491} INFO - |  2025-10-29|14.013333333333334| 57.79999999999999|8.866666666666667|[clear, snow, clo...|
[2025-10-29T05:20:25.754+0000] {spark_submit.py:491} INFO - |  2025-10-28| 15.69222222222222|55.555555555555564|7.627777777777778|[clear, snow, rai...|
[2025-10-29T05:20:25.754+0000] {spark_submit.py:491} INFO - +------------+------------------+------------------+-----------------+--------------------+
[2025-10-29T05:20:25.754+0000] {spark_submit.py:491} INFO - 
[2025-10-29T05:20:25.754+0000] {spark_submit.py:491} INFO - Weather ETL job completed successfully!
[2025-10-29T05:20:26.525+0000] {taskinstance.py:1398} INFO - Marking task as SUCCESS. dag_id=nyc_weather_etl, task_id=spark_process_weather_to_iceberg, execution_date=20251029T042010, start_date=20251029T052014, end_date=20251029T052026
[2025-10-29T05:20:26.537+0000] {local_task_job_runner.py:228} INFO - Task exited with return code 0
[2025-10-29T05:20:26.548+0000] {taskinstance.py:2776} INFO - 0 downstream tasks scheduled from follow-on schedule check
