[2025-10-28T08:30:18.696+0000] {taskinstance.py:1157} INFO - Dependencies all met for dep_context=non-requeueable deps ti=<TaskInstance: nyc_weather_etl.spark_process_weather_to_iceberg scheduled__2025-10-28T07:30:16.075677+00:00 [queued]>
[2025-10-28T08:30:18.699+0000] {taskinstance.py:1157} INFO - Dependencies all met for dep_context=requeueable deps ti=<TaskInstance: nyc_weather_etl.spark_process_weather_to_iceberg scheduled__2025-10-28T07:30:16.075677+00:00 [queued]>
[2025-10-28T08:30:18.700+0000] {taskinstance.py:1359} INFO - Starting attempt 1 of 1
[2025-10-28T08:30:18.705+0000] {taskinstance.py:1380} INFO - Executing <Task(SparkSubmitOperator): spark_process_weather_to_iceberg> on 2025-10-28 07:30:16.075677+00:00
[2025-10-28T08:30:18.708+0000] {standard_task_runner.py:57} INFO - Started process 31353 to run task
[2025-10-28T08:30:18.710+0000] {standard_task_runner.py:84} INFO - Running: ['***', 'tasks', 'run', 'nyc_weather_etl', 'spark_process_weather_to_iceberg', 'scheduled__2025-10-28T07:30:16.075677+00:00', '--job-id', '725', '--raw', '--subdir', 'DAGS_FOLDER/nyc_weather_etl.py', '--cfg-path', '/tmp/tmpkytvozjm']
[2025-10-28T08:30:18.711+0000] {standard_task_runner.py:85} INFO - Job 725: Subtask spark_process_weather_to_iceberg
[2025-10-28T08:30:18.732+0000] {task_command.py:415} INFO - Running <TaskInstance: nyc_weather_etl.spark_process_weather_to_iceberg scheduled__2025-10-28T07:30:16.075677+00:00 [running]> on host b40be2a595bb
[2025-10-28T08:30:18.858+0000] {taskinstance.py:1660} INFO - Exporting env vars: AIRFLOW_CTX_DAG_OWNER='data-engineering' AIRFLOW_CTX_DAG_ID='nyc_weather_etl' AIRFLOW_CTX_TASK_ID='spark_process_weather_to_iceberg' AIRFLOW_CTX_EXECUTION_DATE='2025-10-28T07:30:16.075677+00:00' AIRFLOW_CTX_TRY_NUMBER='1' AIRFLOW_CTX_DAG_RUN_ID='scheduled__2025-10-28T07:30:16.075677+00:00'
[2025-10-28T08:30:18.863+0000] {base.py:73} INFO - Using connection ID 'spark_default' for task execution.
[2025-10-28T08:30:18.864+0000] {spark_submit.py:340} INFO - Spark-Submit cmd: /opt/bitnami/spark/bin/spark-submit --master spark://spark-master:7077 --conf spark.master=spark://spark-master:7077 --conf spark.sql.catalog.spark_catalog=org.apache.iceberg.spark.SparkSessionCatalog --conf spark.sql.catalog.spark_catalog.type=hive --conf spark.sql.catalog.iceberg=org.apache.iceberg.spark.SparkCatalog --conf spark.sql.catalog.iceberg.type=hadoop --conf spark.sql.catalog.iceberg.warehouse=s3a://lakehouse/warehouse --conf spark.sql.extensions=org.apache.iceberg.spark.extensions.IcebergSparkSessionExtensions --conf spark.hadoop.fs.s3a.endpoint=http://minio:9000 --conf spark.hadoop.fs.s3a.access.key=admin --conf spark.hadoop.fs.s3a.secret.key=****** --conf spark.hadoop.fs.s3a.path.style.access=true --conf spark.hadoop.fs.s3a.impl=org.apache.hadoop.fs.s3a.S3AFileSystem --jars /opt/***/jars/iceberg-spark-runtime-3.5_2.12-1.4.2.jar,/opt/***/jars/aws-java-sdk-bundle-1.12.367.jar,/opt/***/jars/hadoop-aws-3.3.4.jar --name arrow-spark --queue default /opt/***/dags/spark_jobs/weather_to_iceberg.py /opt/***/data/weather/weather_data_20251028_08.json
[2025-10-28T08:30:19.792+0000] {spark_submit.py:491} INFO - 25/10/28 08:30:19 WARN NativeCodeLoader: Unable to load native-hadoop library for your platform... using builtin-java classes where applicable
[2025-10-28T08:30:20.514+0000] {spark_submit.py:491} INFO - 25/10/28 08:30:20 INFO SparkContext: Running Spark version 3.5.1
[2025-10-28T08:30:20.515+0000] {spark_submit.py:491} INFO - 25/10/28 08:30:20 INFO SparkContext: OS info Linux, 6.10.14-linuxkit, aarch64
[2025-10-28T08:30:20.515+0000] {spark_submit.py:491} INFO - 25/10/28 08:30:20 INFO SparkContext: Java version 11.0.28
[2025-10-28T08:30:20.526+0000] {spark_submit.py:491} INFO - 25/10/28 08:30:20 INFO ResourceUtils: ==============================================================
[2025-10-28T08:30:20.526+0000] {spark_submit.py:491} INFO - 25/10/28 08:30:20 INFO ResourceUtils: No custom resources configured for spark.driver.
[2025-10-28T08:30:20.527+0000] {spark_submit.py:491} INFO - 25/10/28 08:30:20 INFO ResourceUtils: ==============================================================
[2025-10-28T08:30:20.527+0000] {spark_submit.py:491} INFO - 25/10/28 08:30:20 INFO SparkContext: Submitted application: Weather to Iceberg ETL
[2025-10-28T08:30:20.537+0000] {spark_submit.py:491} INFO - 25/10/28 08:30:20 INFO ResourceProfile: Default ResourceProfile created, executor resources: Map(cores -> name: cores, amount: 1, script: , vendor: , memory -> name: memory, amount: 1024, script: , vendor: , offHeap -> name: offHeap, amount: 0, script: , vendor: ), task resources: Map(cpus -> name: cpus, amount: 1.0)
[2025-10-28T08:30:20.541+0000] {spark_submit.py:491} INFO - 25/10/28 08:30:20 INFO ResourceProfile: Limiting resource is cpu
[2025-10-28T08:30:20.541+0000] {spark_submit.py:491} INFO - 25/10/28 08:30:20 INFO ResourceProfileManager: Added ResourceProfile id: 0
[2025-10-28T08:30:20.571+0000] {spark_submit.py:491} INFO - 25/10/28 08:30:20 INFO SecurityManager: Changing view acls to: ***
[2025-10-28T08:30:20.571+0000] {spark_submit.py:491} INFO - 25/10/28 08:30:20 INFO SecurityManager: Changing modify acls to: ***
[2025-10-28T08:30:20.572+0000] {spark_submit.py:491} INFO - 25/10/28 08:30:20 INFO SecurityManager: Changing view acls groups to:
[2025-10-28T08:30:20.572+0000] {spark_submit.py:491} INFO - 25/10/28 08:30:20 INFO SecurityManager: Changing modify acls groups to:
[2025-10-28T08:30:20.572+0000] {spark_submit.py:491} INFO - 25/10/28 08:30:20 INFO SecurityManager: SecurityManager: authentication disabled; ui acls disabled; users with view permissions: ***; groups with view permissions: EMPTY; users with modify permissions: ***; groups with modify permissions: EMPTY
[2025-10-28T08:30:20.673+0000] {spark_submit.py:491} INFO - 25/10/28 08:30:20 INFO Utils: Successfully started service 'sparkDriver' on port 37739.
[2025-10-28T08:30:20.691+0000] {spark_submit.py:491} INFO - 25/10/28 08:30:20 INFO SparkEnv: Registering MapOutputTracker
[2025-10-28T08:30:20.705+0000] {spark_submit.py:491} INFO - 25/10/28 08:30:20 INFO SparkEnv: Registering BlockManagerMaster
[2025-10-28T08:30:20.717+0000] {spark_submit.py:491} INFO - 25/10/28 08:30:20 INFO BlockManagerMasterEndpoint: Using org.apache.spark.storage.DefaultTopologyMapper for getting topology information
[2025-10-28T08:30:20.717+0000] {spark_submit.py:491} INFO - 25/10/28 08:30:20 INFO BlockManagerMasterEndpoint: BlockManagerMasterEndpoint up
[2025-10-28T08:30:20.718+0000] {spark_submit.py:491} INFO - 25/10/28 08:30:20 INFO SparkEnv: Registering BlockManagerMasterHeartbeat
[2025-10-28T08:30:20.730+0000] {spark_submit.py:491} INFO - 25/10/28 08:30:20 INFO DiskBlockManager: Created local directory at /tmp/blockmgr-383fbb41-2755-41d4-ae23-2a165618c954
[2025-10-28T08:30:20.736+0000] {spark_submit.py:491} INFO - 25/10/28 08:30:20 INFO MemoryStore: MemoryStore started with capacity 434.4 MiB
[2025-10-28T08:30:20.743+0000] {spark_submit.py:491} INFO - 25/10/28 08:30:20 INFO SparkEnv: Registering OutputCommitCoordinator
[2025-10-28T08:30:20.802+0000] {spark_submit.py:491} INFO - 25/10/28 08:30:20 INFO JettyUtils: Start Jetty 0.0.0.0:4040 for SparkUI
[2025-10-28T08:30:20.829+0000] {spark_submit.py:491} INFO - 25/10/28 08:30:20 WARN Utils: Service 'SparkUI' could not bind on port 4040. Attempting port 4041.
[2025-10-28T08:30:20.836+0000] {spark_submit.py:491} INFO - 25/10/28 08:30:20 INFO Utils: Successfully started service 'SparkUI' on port 4041.
[2025-10-28T08:30:20.865+0000] {spark_submit.py:491} INFO - 25/10/28 08:30:20 INFO SparkContext: Added JAR file:///opt/***/jars/iceberg-spark-runtime-3.5_2.12-1.4.2.jar at spark://b40be2a595bb:37739/jars/iceberg-spark-runtime-3.5_2.12-1.4.2.jar with timestamp 1761640220507
[2025-10-28T08:30:20.865+0000] {spark_submit.py:491} INFO - 25/10/28 08:30:20 INFO SparkContext: Added JAR file:///opt/***/jars/aws-java-sdk-bundle-1.12.367.jar at spark://b40be2a595bb:37739/jars/aws-java-sdk-bundle-1.12.367.jar with timestamp 1761640220507
[2025-10-28T08:30:20.865+0000] {spark_submit.py:491} INFO - 25/10/28 08:30:20 INFO SparkContext: Added JAR file:///opt/***/jars/hadoop-aws-3.3.4.jar at spark://b40be2a595bb:37739/jars/hadoop-aws-3.3.4.jar with timestamp 1761640220507
[2025-10-28T08:30:20.903+0000] {spark_submit.py:491} INFO - 25/10/28 08:30:20 INFO Executor: Starting executor ID driver on host b40be2a595bb
[2025-10-28T08:30:20.904+0000] {spark_submit.py:491} INFO - 25/10/28 08:30:20 INFO Executor: OS info Linux, 6.10.14-linuxkit, aarch64
[2025-10-28T08:30:20.905+0000] {spark_submit.py:491} INFO - 25/10/28 08:30:20 INFO Executor: Java version 11.0.28
[2025-10-28T08:30:20.906+0000] {spark_submit.py:491} INFO - 25/10/28 08:30:20 INFO Executor: Starting executor with user classpath (userClassPathFirst = false): ''
[2025-10-28T08:30:20.906+0000] {spark_submit.py:491} INFO - 25/10/28 08:30:20 INFO Executor: Created or updated repl class loader org.apache.spark.util.MutableURLClassLoader@62fe40a9 for default.
[2025-10-28T08:30:20.911+0000] {spark_submit.py:491} INFO - 25/10/28 08:30:20 INFO Executor: Fetching spark://b40be2a595bb:37739/jars/aws-java-sdk-bundle-1.12.367.jar with timestamp 1761640220507
[2025-10-28T08:30:20.939+0000] {spark_submit.py:491} INFO - 25/10/28 08:30:20 INFO TransportClientFactory: Successfully created connection to b40be2a595bb/172.18.0.5:37739 after 12 ms (0 ms spent in bootstraps)
[2025-10-28T08:30:20.942+0000] {spark_submit.py:491} INFO - 25/10/28 08:30:20 INFO Utils: Fetching spark://b40be2a595bb:37739/jars/aws-java-sdk-bundle-1.12.367.jar to /tmp/spark-583226d6-f71d-4fe2-9efc-d304bfacc4d2/userFiles-75e4ef9d-64a6-4fe2-aac2-7679cbf4d32d/fetchFileTemp9092716975012785354.tmp
[2025-10-28T08:30:21.532+0000] {spark_submit.py:491} INFO - 25/10/28 08:30:21 INFO Executor: Adding file:/tmp/spark-583226d6-f71d-4fe2-9efc-d304bfacc4d2/userFiles-75e4ef9d-64a6-4fe2-aac2-7679cbf4d32d/aws-java-sdk-bundle-1.12.367.jar to class loader default
[2025-10-28T08:30:21.532+0000] {spark_submit.py:491} INFO - 25/10/28 08:30:21 INFO Executor: Fetching spark://b40be2a595bb:37739/jars/hadoop-aws-3.3.4.jar with timestamp 1761640220507
[2025-10-28T08:30:21.533+0000] {spark_submit.py:491} INFO - 25/10/28 08:30:21 INFO Utils: Fetching spark://b40be2a595bb:37739/jars/hadoop-aws-3.3.4.jar to /tmp/spark-583226d6-f71d-4fe2-9efc-d304bfacc4d2/userFiles-75e4ef9d-64a6-4fe2-aac2-7679cbf4d32d/fetchFileTemp16322718402568544256.tmp
[2025-10-28T08:30:21.722+0000] {spark_submit.py:491} INFO - 25/10/28 08:30:21 INFO Executor: Adding file:/tmp/spark-583226d6-f71d-4fe2-9efc-d304bfacc4d2/userFiles-75e4ef9d-64a6-4fe2-aac2-7679cbf4d32d/hadoop-aws-3.3.4.jar to class loader default
[2025-10-28T08:30:21.723+0000] {spark_submit.py:491} INFO - 25/10/28 08:30:21 INFO Executor: Fetching spark://b40be2a595bb:37739/jars/iceberg-spark-runtime-3.5_2.12-1.4.2.jar with timestamp 1761640220507
[2025-10-28T08:30:21.728+0000] {spark_submit.py:491} INFO - 25/10/28 08:30:21 INFO Utils: Fetching spark://b40be2a595bb:37739/jars/iceberg-spark-runtime-3.5_2.12-1.4.2.jar to /tmp/spark-583226d6-f71d-4fe2-9efc-d304bfacc4d2/userFiles-75e4ef9d-64a6-4fe2-aac2-7679cbf4d32d/fetchFileTemp18213100408136339735.tmp
[2025-10-28T08:30:21.758+0000] {spark_submit.py:491} INFO - 25/10/28 08:30:21 INFO Executor: Adding file:/tmp/spark-583226d6-f71d-4fe2-9efc-d304bfacc4d2/userFiles-75e4ef9d-64a6-4fe2-aac2-7679cbf4d32d/iceberg-spark-runtime-3.5_2.12-1.4.2.jar to class loader default
[2025-10-28T08:30:21.765+0000] {spark_submit.py:491} INFO - 25/10/28 08:30:21 INFO Utils: Successfully started service 'org.apache.spark.network.netty.NettyBlockTransferService' on port 42427.
[2025-10-28T08:30:21.765+0000] {spark_submit.py:491} INFO - 25/10/28 08:30:21 INFO NettyBlockTransferService: Server created on b40be2a595bb:42427
[2025-10-28T08:30:21.766+0000] {spark_submit.py:491} INFO - 25/10/28 08:30:21 INFO BlockManager: Using org.apache.spark.storage.RandomBlockReplicationPolicy for block replication policy
[2025-10-28T08:30:21.767+0000] {spark_submit.py:491} INFO - 25/10/28 08:30:21 INFO BlockManagerMaster: Registering BlockManager BlockManagerId(driver, b40be2a595bb, 42427, None)
[2025-10-28T08:30:21.769+0000] {spark_submit.py:491} INFO - 25/10/28 08:30:21 INFO BlockManagerMasterEndpoint: Registering block manager b40be2a595bb:42427 with 434.4 MiB RAM, BlockManagerId(driver, b40be2a595bb, 42427, None)
[2025-10-28T08:30:21.770+0000] {spark_submit.py:491} INFO - 25/10/28 08:30:21 INFO BlockManagerMaster: Registered BlockManager BlockManagerId(driver, b40be2a595bb, 42427, None)
[2025-10-28T08:30:21.770+0000] {spark_submit.py:491} INFO - 25/10/28 08:30:21 INFO BlockManager: Initialized BlockManager: BlockManagerId(driver, b40be2a595bb, 42427, None)
[2025-10-28T08:30:23.142+0000] {spark_submit.py:491} INFO - 25/10/28 08:30:23 WARN MetricsConfig: Cannot locate configuration: tried hadoop-metrics2-s3a-file-system.properties,hadoop-metrics2.properties
[2025-10-28T08:30:23.810+0000] {spark_submit.py:491} INFO - Created/verified weather table
[2025-10-28T08:30:23.810+0000] {spark_submit.py:491} INFO - Reading weather data from: /opt/***/data/weather/weather_data_20251028_08.json
[2025-10-28T08:30:24.978+0000] {spark_submit.py:491} INFO - Raw weather data count: 24
[2025-10-28T08:30:24.979+0000] {spark_submit.py:491} INFO - root
[2025-10-28T08:30:24.979+0000] {spark_submit.py:491} INFO - |-- timestamp: string (nullable = true)
[2025-10-28T08:30:24.979+0000] {spark_submit.py:491} INFO - |-- location: string (nullable = true)
[2025-10-28T08:30:24.979+0000] {spark_submit.py:491} INFO - |-- latitude: double (nullable = true)
[2025-10-28T08:30:24.979+0000] {spark_submit.py:491} INFO - |-- longitude: double (nullable = true)
[2025-10-28T08:30:24.979+0000] {spark_submit.py:491} INFO - |-- temperature_celsius: double (nullable = true)
[2025-10-28T08:30:24.979+0000] {spark_submit.py:491} INFO - |-- temperature_fahrenheit: double (nullable = true)
[2025-10-28T08:30:24.979+0000] {spark_submit.py:491} INFO - |-- humidity_percent: double (nullable = true)
[2025-10-28T08:30:24.980+0000] {spark_submit.py:491} INFO - |-- pressure_hpa: double (nullable = true)
[2025-10-28T08:30:24.980+0000] {spark_submit.py:491} INFO - |-- wind_speed_kmh: double (nullable = true)
[2025-10-28T08:30:24.980+0000] {spark_submit.py:491} INFO - |-- weather_condition: string (nullable = true)
[2025-10-28T08:30:24.980+0000] {spark_submit.py:491} INFO - |-- visibility_km: double (nullable = true)
[2025-10-28T08:30:24.980+0000] {spark_submit.py:491} INFO - |-- uv_index: double (nullable = true)
[2025-10-28T08:30:24.980+0000] {spark_submit.py:491} INFO - |-- hour: integer (nullable = true)
[2025-10-28T08:30:24.980+0000] {spark_submit.py:491} INFO - |-- day_of_week: integer (nullable = true)
[2025-10-28T08:30:24.980+0000] {spark_submit.py:491} INFO - |-- is_weekend: boolean (nullable = true)
[2025-10-28T08:30:24.980+0000] {spark_submit.py:491} INFO - 
[2025-10-28T08:30:25.190+0000] {spark_submit.py:491} INFO - Processed weather data count: 24
[2025-10-28T08:30:26.290+0000] {spark_submit.py:491} INFO - Successfully wrote weather data to Iceberg table
[2025-10-28T08:30:27.392+0000] {spark_submit.py:491} INFO - +------------+------------------+------------------+-----------------+--------------------+
[2025-10-28T08:30:27.392+0000] {spark_submit.py:491} INFO - |weather_date|        avg_temp_c|      avg_humidity|   avg_wind_speed|          conditions|
[2025-10-28T08:30:27.392+0000] {spark_submit.py:491} INFO - +------------+------------------+------------------+-----------------+--------------------+
[2025-10-28T08:30:27.393+0000] {spark_submit.py:491} INFO - |  2025-10-28|13.100588235294117|62.152941176470584|9.441176470588236|[clear, snow, rai...|
[2025-10-28T08:30:27.393+0000] {spark_submit.py:491} INFO - |  2025-10-27|20.134516129032253| 61.17419354838711|7.367741935483871|[clear, snow, rai...|
[2025-10-28T08:30:27.393+0000] {spark_submit.py:491} INFO - +------------+------------------+------------------+-----------------+--------------------+
[2025-10-28T08:30:27.393+0000] {spark_submit.py:491} INFO - 
[2025-10-28T08:30:27.393+0000] {spark_submit.py:491} INFO - Weather ETL job completed successfully!
[2025-10-28T08:30:28.485+0000] {taskinstance.py:1398} INFO - Marking task as SUCCESS. dag_id=nyc_weather_etl, task_id=spark_process_weather_to_iceberg, execution_date=20251028T073016, start_date=20251028T083018, end_date=20251028T083028
[2025-10-28T08:30:28.529+0000] {local_task_job_runner.py:228} INFO - Task exited with return code 0
[2025-10-28T08:30:28.542+0000] {taskinstance.py:2776} INFO - 0 downstream tasks scheduled from follow-on schedule check
