[2025-11-03T02:53:02.595+0000] {taskinstance.py:1157} INFO - Dependencies all met for dep_context=non-requeueable deps ti=<TaskInstance: nyc_weather_etl.spark_process_location_to_iceberg scheduled__2025-11-02T13:53:50.843133+00:00 [queued]>
[2025-11-03T02:53:02.601+0000] {taskinstance.py:1157} INFO - Dependencies all met for dep_context=requeueable deps ti=<TaskInstance: nyc_weather_etl.spark_process_location_to_iceberg scheduled__2025-11-02T13:53:50.843133+00:00 [queued]>
[2025-11-03T02:53:02.602+0000] {taskinstance.py:1359} INFO - Starting attempt 1 of 1
[2025-11-03T02:53:02.615+0000] {taskinstance.py:1380} INFO - Executing <Task(SparkSubmitOperator): spark_process_location_to_iceberg> on 2025-11-02 13:53:50.843133+00:00
[2025-11-03T02:53:02.619+0000] {standard_task_runner.py:57} INFO - Started process 380 to run task
[2025-11-03T02:53:02.622+0000] {standard_task_runner.py:84} INFO - Running: ['***', 'tasks', 'run', 'nyc_weather_etl', 'spark_process_location_to_iceberg', 'scheduled__2025-11-02T13:53:50.843133+00:00', '--job-id', '50', '--raw', '--subdir', 'DAGS_FOLDER/nyc_weather_etl.py', '--cfg-path', '/tmp/tmpchslnu5h']
[2025-11-03T02:53:02.623+0000] {standard_task_runner.py:85} INFO - Job 50: Subtask spark_process_location_to_iceberg
[2025-11-03T02:53:02.672+0000] {task_command.py:415} INFO - Running <TaskInstance: nyc_weather_etl.spark_process_location_to_iceberg scheduled__2025-11-02T13:53:50.843133+00:00 [running]> on host ec57452a9f33
[2025-11-03T02:53:02.881+0000] {taskinstance.py:1660} INFO - Exporting env vars: AIRFLOW_CTX_DAG_OWNER='data-engineering' AIRFLOW_CTX_DAG_ID='nyc_weather_etl' AIRFLOW_CTX_TASK_ID='spark_process_location_to_iceberg' AIRFLOW_CTX_EXECUTION_DATE='2025-11-02T13:53:50.843133+00:00' AIRFLOW_CTX_TRY_NUMBER='1' AIRFLOW_CTX_DAG_RUN_ID='scheduled__2025-11-02T13:53:50.843133+00:00'
[2025-11-03T02:53:02.882+0000] {base.py:73} INFO - Using connection ID 'spark_default' for task execution.
[2025-11-03T02:53:02.884+0000] {spark_submit.py:340} INFO - Spark-Submit cmd: /opt/bitnami/spark/bin/spark-submit --master spark-master:7077 --conf spark.master=spark://spark-master:7077 --conf spark.sql.catalog.spark_catalog=org.apache.iceberg.spark.SparkSessionCatalog --conf spark.sql.catalog.spark_catalog.type=hive --conf spark.sql.catalog.iceberg=org.apache.iceberg.spark.SparkCatalog --conf spark.sql.catalog.iceberg.type=hadoop --conf spark.sql.catalog.iceberg.warehouse=s3a://lakehouse/warehouse --conf spark.sql.extensions=org.apache.iceberg.spark.extensions.IcebergSparkSessionExtensions --conf spark.hadoop.fs.s3a.endpoint=http://minio:9000 --conf spark.hadoop.fs.s3a.access.key=admin --conf spark.hadoop.fs.s3a.secret.key=****** --conf spark.hadoop.fs.s3a.path.style.access=true --conf spark.hadoop.fs.s3a.impl=org.apache.hadoop.fs.s3a.S3AFileSystem --jars /opt/***/jars/iceberg-spark-runtime-3.5_2.12-1.4.2.jar,/opt/***/jars/aws-java-sdk-bundle-1.12.367.jar,/opt/***/jars/hadoop-aws-3.3.4.jar --name arrow-spark /opt/***/dags/spark_jobs/location_to_iceberg.py /opt/***/data/locations/nyc_taxi_zones.json
[2025-11-03T02:53:04.649+0000] {spark_submit.py:491} INFO - 25/11/03 02:53:04 WARN NativeCodeLoader: Unable to load native-hadoop library for your platform... using builtin-java classes where applicable
[2025-11-03T02:53:05.543+0000] {spark_submit.py:491} INFO - 25/11/03 02:53:05 INFO SparkContext: Running Spark version 3.5.1
[2025-11-03T02:53:05.544+0000] {spark_submit.py:491} INFO - 25/11/03 02:53:05 INFO SparkContext: OS info Linux, 6.10.14-linuxkit, aarch64
[2025-11-03T02:53:05.544+0000] {spark_submit.py:491} INFO - 25/11/03 02:53:05 INFO SparkContext: Java version 11.0.28
[2025-11-03T02:53:05.568+0000] {spark_submit.py:491} INFO - 25/11/03 02:53:05 INFO ResourceUtils: ==============================================================
[2025-11-03T02:53:05.570+0000] {spark_submit.py:491} INFO - 25/11/03 02:53:05 INFO ResourceUtils: No custom resources configured for spark.driver.
[2025-11-03T02:53:05.571+0000] {spark_submit.py:491} INFO - 25/11/03 02:53:05 INFO ResourceUtils: ==============================================================
[2025-11-03T02:53:05.573+0000] {spark_submit.py:491} INFO - 25/11/03 02:53:05 INFO SparkContext: Submitted application: Location to Iceberg ETL
[2025-11-03T02:53:05.581+0000] {spark_submit.py:491} INFO - 25/11/03 02:53:05 INFO ResourceProfile: Default ResourceProfile created, executor resources: Map(cores -> name: cores, amount: 1, script: , vendor: , memory -> name: memory, amount: 1024, script: , vendor: , offHeap -> name: offHeap, amount: 0, script: , vendor: ), task resources: Map(cpus -> name: cpus, amount: 1.0)
[2025-11-03T02:53:05.587+0000] {spark_submit.py:491} INFO - 25/11/03 02:53:05 INFO ResourceProfile: Limiting resource is cpu
[2025-11-03T02:53:05.587+0000] {spark_submit.py:491} INFO - 25/11/03 02:53:05 INFO ResourceProfileManager: Added ResourceProfile id: 0
[2025-11-03T02:53:05.655+0000] {spark_submit.py:491} INFO - 25/11/03 02:53:05 INFO SecurityManager: Changing view acls to: ***
[2025-11-03T02:53:05.655+0000] {spark_submit.py:491} INFO - 25/11/03 02:53:05 INFO SecurityManager: Changing modify acls to: ***
[2025-11-03T02:53:05.655+0000] {spark_submit.py:491} INFO - 25/11/03 02:53:05 INFO SecurityManager: Changing view acls groups to:
[2025-11-03T02:53:05.656+0000] {spark_submit.py:491} INFO - 25/11/03 02:53:05 INFO SecurityManager: Changing modify acls groups to:
[2025-11-03T02:53:05.656+0000] {spark_submit.py:491} INFO - 25/11/03 02:53:05 INFO SecurityManager: SecurityManager: authentication disabled; ui acls disabled; users with view permissions: ***; groups with view permissions: EMPTY; users with modify permissions: ***; groups with modify permissions: EMPTY
[2025-11-03T02:53:05.822+0000] {spark_submit.py:491} INFO - 25/11/03 02:53:05 INFO Utils: Successfully started service 'sparkDriver' on port 33087.
[2025-11-03T02:53:05.854+0000] {spark_submit.py:491} INFO - 25/11/03 02:53:05 INFO SparkEnv: Registering MapOutputTracker
[2025-11-03T02:53:05.876+0000] {spark_submit.py:491} INFO - 25/11/03 02:53:05 INFO SparkEnv: Registering BlockManagerMaster
[2025-11-03T02:53:05.889+0000] {spark_submit.py:491} INFO - 25/11/03 02:53:05 INFO BlockManagerMasterEndpoint: Using org.apache.spark.storage.DefaultTopologyMapper for getting topology information
[2025-11-03T02:53:05.891+0000] {spark_submit.py:491} INFO - 25/11/03 02:53:05 INFO BlockManagerMasterEndpoint: BlockManagerMasterEndpoint up
[2025-11-03T02:53:05.893+0000] {spark_submit.py:491} INFO - 25/11/03 02:53:05 INFO SparkEnv: Registering BlockManagerMasterHeartbeat
[2025-11-03T02:53:05.907+0000] {spark_submit.py:491} INFO - 25/11/03 02:53:05 INFO DiskBlockManager: Created local directory at /tmp/blockmgr-1c5e5229-a26d-4167-ad8e-014094593baa
[2025-11-03T02:53:05.920+0000] {spark_submit.py:491} INFO - 25/11/03 02:53:05 INFO MemoryStore: MemoryStore started with capacity 434.4 MiB
[2025-11-03T02:53:05.934+0000] {spark_submit.py:491} INFO - 25/11/03 02:53:05 INFO SparkEnv: Registering OutputCommitCoordinator
[2025-11-03T02:53:05.995+0000] {spark_submit.py:491} INFO - 25/11/03 02:53:05 INFO JettyUtils: Start Jetty 0.0.0.0:4040 for SparkUI
[2025-11-03T02:53:06.016+0000] {spark_submit.py:491} INFO - 25/11/03 02:53:06 WARN Utils: Service 'SparkUI' could not bind on port 4040. Attempting port 4041.
[2025-11-03T02:53:06.019+0000] {spark_submit.py:491} INFO - 25/11/03 02:53:06 INFO Utils: Successfully started service 'SparkUI' on port 4041.
[2025-11-03T02:53:06.039+0000] {spark_submit.py:491} INFO - 25/11/03 02:53:06 INFO SparkContext: Added JAR file:///opt/***/jars/iceberg-spark-runtime-3.5_2.12-1.4.2.jar at spark://ec57452a9f33:33087/jars/iceberg-spark-runtime-3.5_2.12-1.4.2.jar with timestamp 1762138385536
[2025-11-03T02:53:06.039+0000] {spark_submit.py:491} INFO - 25/11/03 02:53:06 INFO SparkContext: Added JAR file:///opt/***/jars/aws-java-sdk-bundle-1.12.367.jar at spark://ec57452a9f33:33087/jars/aws-java-sdk-bundle-1.12.367.jar with timestamp 1762138385536
[2025-11-03T02:53:06.040+0000] {spark_submit.py:491} INFO - 25/11/03 02:53:06 INFO SparkContext: Added JAR file:///opt/***/jars/hadoop-aws-3.3.4.jar at spark://ec57452a9f33:33087/jars/hadoop-aws-3.3.4.jar with timestamp 1762138385536
[2025-11-03T02:53:06.069+0000] {spark_submit.py:491} INFO - 25/11/03 02:53:06 INFO Executor: Starting executor ID driver on host ec57452a9f33
[2025-11-03T02:53:06.072+0000] {spark_submit.py:491} INFO - 25/11/03 02:53:06 INFO Executor: OS info Linux, 6.10.14-linuxkit, aarch64
[2025-11-03T02:53:06.072+0000] {spark_submit.py:491} INFO - 25/11/03 02:53:06 INFO Executor: Java version 11.0.28
[2025-11-03T02:53:06.072+0000] {spark_submit.py:491} INFO - 25/11/03 02:53:06 INFO Executor: Starting executor with user classpath (userClassPathFirst = false): ''
[2025-11-03T02:53:06.072+0000] {spark_submit.py:491} INFO - 25/11/03 02:53:06 INFO Executor: Created or updated repl class loader org.apache.spark.util.MutableURLClassLoader@54e14911 for default.
[2025-11-03T02:53:06.078+0000] {spark_submit.py:491} INFO - 25/11/03 02:53:06 INFO Executor: Fetching spark://ec57452a9f33:33087/jars/aws-java-sdk-bundle-1.12.367.jar with timestamp 1762138385536
[2025-11-03T02:53:06.115+0000] {spark_submit.py:491} INFO - 25/11/03 02:53:06 INFO TransportClientFactory: Successfully created connection to ec57452a9f33/172.18.0.4:33087 after 20 ms (0 ms spent in bootstraps)
[2025-11-03T02:53:06.119+0000] {spark_submit.py:491} INFO - 25/11/03 02:53:06 INFO Utils: Fetching spark://ec57452a9f33:33087/jars/aws-java-sdk-bundle-1.12.367.jar to /tmp/spark-38d22f83-de70-461f-8929-cd0126bb5067/userFiles-fd01e578-7d07-4e40-8837-4baf5bb850b1/fetchFileTemp16943303341905294722.tmp
[2025-11-03T02:53:06.634+0000] {spark_submit.py:491} INFO - 25/11/03 02:53:06 INFO Executor: Adding file:/tmp/spark-38d22f83-de70-461f-8929-cd0126bb5067/userFiles-fd01e578-7d07-4e40-8837-4baf5bb850b1/aws-java-sdk-bundle-1.12.367.jar to class loader default
[2025-11-03T02:53:06.635+0000] {spark_submit.py:491} INFO - 25/11/03 02:53:06 INFO Executor: Fetching spark://ec57452a9f33:33087/jars/iceberg-spark-runtime-3.5_2.12-1.4.2.jar with timestamp 1762138385536
[2025-11-03T02:53:06.635+0000] {spark_submit.py:491} INFO - 25/11/03 02:53:06 INFO Utils: Fetching spark://ec57452a9f33:33087/jars/iceberg-spark-runtime-3.5_2.12-1.4.2.jar to /tmp/spark-38d22f83-de70-461f-8929-cd0126bb5067/userFiles-fd01e578-7d07-4e40-8837-4baf5bb850b1/fetchFileTemp2458944451621832684.tmp
[2025-11-03T02:53:06.694+0000] {spark_submit.py:491} INFO - 25/11/03 02:53:06 INFO Executor: Adding file:/tmp/spark-38d22f83-de70-461f-8929-cd0126bb5067/userFiles-fd01e578-7d07-4e40-8837-4baf5bb850b1/iceberg-spark-runtime-3.5_2.12-1.4.2.jar to class loader default
[2025-11-03T02:53:06.694+0000] {spark_submit.py:491} INFO - 25/11/03 02:53:06 INFO Executor: Fetching spark://ec57452a9f33:33087/jars/hadoop-aws-3.3.4.jar with timestamp 1762138385536
[2025-11-03T02:53:06.694+0000] {spark_submit.py:491} INFO - 25/11/03 02:53:06 INFO Utils: Fetching spark://ec57452a9f33:33087/jars/hadoop-aws-3.3.4.jar to /tmp/spark-38d22f83-de70-461f-8929-cd0126bb5067/userFiles-fd01e578-7d07-4e40-8837-4baf5bb850b1/fetchFileTemp8978576416820628654.tmp
[2025-11-03T02:53:06.700+0000] {spark_submit.py:491} INFO - 25/11/03 02:53:06 INFO Executor: Adding file:/tmp/spark-38d22f83-de70-461f-8929-cd0126bb5067/userFiles-fd01e578-7d07-4e40-8837-4baf5bb850b1/hadoop-aws-3.3.4.jar to class loader default
[2025-11-03T02:53:06.707+0000] {spark_submit.py:491} INFO - 25/11/03 02:53:06 INFO Utils: Successfully started service 'org.apache.spark.network.netty.NettyBlockTransferService' on port 37731.
[2025-11-03T02:53:06.707+0000] {spark_submit.py:491} INFO - 25/11/03 02:53:06 INFO NettyBlockTransferService: Server created on ec57452a9f33:37731
[2025-11-03T02:53:06.708+0000] {spark_submit.py:491} INFO - 25/11/03 02:53:06 INFO BlockManager: Using org.apache.spark.storage.RandomBlockReplicationPolicy for block replication policy
[2025-11-03T02:53:06.713+0000] {spark_submit.py:491} INFO - 25/11/03 02:53:06 INFO BlockManagerMaster: Registering BlockManager BlockManagerId(driver, ec57452a9f33, 37731, None)
[2025-11-03T02:53:06.716+0000] {spark_submit.py:491} INFO - 25/11/03 02:53:06 INFO BlockManagerMasterEndpoint: Registering block manager ec57452a9f33:37731 with 434.4 MiB RAM, BlockManagerId(driver, ec57452a9f33, 37731, None)
[2025-11-03T02:53:06.718+0000] {spark_submit.py:491} INFO - 25/11/03 02:53:06 INFO BlockManagerMaster: Registered BlockManager BlockManagerId(driver, ec57452a9f33, 37731, None)
[2025-11-03T02:53:06.719+0000] {spark_submit.py:491} INFO - 25/11/03 02:53:06 INFO BlockManager: Initialized BlockManager: BlockManagerId(driver, ec57452a9f33, 37731, None)
[2025-11-03T02:53:08.511+0000] {spark_submit.py:491} INFO - 25/11/03 02:53:08 WARN MetricsConfig: Cannot locate configuration: tried hadoop-metrics2-s3a-file-system.properties,hadoop-metrics2.properties
[2025-11-03T02:53:09.438+0000] {spark_submit.py:491} INFO - Created/verified taxi zones table
[2025-11-03T02:53:09.438+0000] {spark_submit.py:491} INFO - Reading location data from: /opt/***/data/locations/nyc_taxi_zones.json
[2025-11-03T02:53:11.031+0000] {spark_submit.py:491} INFO - Raw location data count: 16
[2025-11-03T02:53:11.031+0000] {spark_submit.py:491} INFO - root
[2025-11-03T02:53:11.031+0000] {spark_submit.py:491} INFO - |-- borough: string (nullable = true)
[2025-11-03T02:53:11.032+0000] {spark_submit.py:491} INFO - |-- created_at: string (nullable = true)
[2025-11-03T02:53:11.033+0000] {spark_submit.py:491} INFO - |-- is_business_district: boolean (nullable = true)
[2025-11-03T02:53:11.033+0000] {spark_submit.py:491} INFO - |-- is_tourist_area: boolean (nullable = true)
[2025-11-03T02:53:11.033+0000] {spark_submit.py:491} INFO - |-- lat: double (nullable = true)
[2025-11-03T02:53:11.033+0000] {spark_submit.py:491} INFO - |-- location_id: long (nullable = true)
[2025-11-03T02:53:11.033+0000] {spark_submit.py:491} INFO - |-- lon: double (nullable = true)
[2025-11-03T02:53:11.033+0000] {spark_submit.py:491} INFO - |-- zone: string (nullable = true)
[2025-11-03T02:53:11.033+0000] {spark_submit.py:491} INFO - |-- zone_type: string (nullable = true)
[2025-11-03T02:53:11.033+0000] {spark_submit.py:491} INFO - 
[2025-11-03T02:53:11.262+0000] {spark_submit.py:491} INFO - Processed location data count: 16
[2025-11-03T02:53:13.240+0000] {spark_submit.py:491} INFO - Successfully wrote location data to Iceberg table
[2025-11-03T02:53:15.047+0000] {spark_submit.py:491} INFO - +---------+----------+-------------+--------------+
[2025-11-03T02:53:15.049+0000] {spark_submit.py:491} INFO - |  borough|zone_count|tourist_zones|business_zones|
[2025-11-03T02:53:15.053+0000] {spark_submit.py:491} INFO - +---------+----------+-------------+--------------+
[2025-11-03T02:53:15.054+0000] {spark_submit.py:491} INFO - |Manhattan|        13|            4|             3|
[2025-11-03T02:53:15.055+0000] {spark_submit.py:491} INFO - |   Queens|         2|            0|             0|
[2025-11-03T02:53:15.056+0000] {spark_submit.py:491} INFO - | Brooklyn|         1|            0|             0|
[2025-11-03T02:53:15.056+0000] {spark_submit.py:491} INFO - +---------+----------+-------------+--------------+
[2025-11-03T02:53:15.056+0000] {spark_submit.py:491} INFO - 
[2025-11-03T02:53:15.057+0000] {spark_submit.py:491} INFO - Location ETL job completed successfully!
[2025-11-03T02:53:15.880+0000] {taskinstance.py:1398} INFO - Marking task as SUCCESS. dag_id=nyc_weather_etl, task_id=spark_process_location_to_iceberg, execution_date=20251102T135350, start_date=20251103T025302, end_date=20251103T025315
[2025-11-03T02:53:15.933+0000] {local_task_job_runner.py:228} INFO - Task exited with return code 0
[2025-11-03T02:53:15.958+0000] {taskinstance.py:2776} INFO - 0 downstream tasks scheduled from follow-on schedule check
