[2025-10-29T06:20:14.042+0000] {taskinstance.py:1157} INFO - Dependencies all met for dep_context=non-requeueable deps ti=<TaskInstance: nyc_weather_etl.spark_process_weather_to_iceberg scheduled__2025-10-29T05:20:10.843578+00:00 [queued]>
[2025-10-29T06:20:14.047+0000] {taskinstance.py:1157} INFO - Dependencies all met for dep_context=requeueable deps ti=<TaskInstance: nyc_weather_etl.spark_process_weather_to_iceberg scheduled__2025-10-29T05:20:10.843578+00:00 [queued]>
[2025-10-29T06:20:14.049+0000] {taskinstance.py:1359} INFO - Starting attempt 1 of 1
[2025-10-29T06:20:14.108+0000] {taskinstance.py:1380} INFO - Executing <Task(SparkSubmitOperator): spark_process_weather_to_iceberg> on 2025-10-29 05:20:10.843578+00:00
[2025-10-29T06:20:14.111+0000] {standard_task_runner.py:57} INFO - Started process 6028 to run task
[2025-10-29T06:20:14.112+0000] {standard_task_runner.py:84} INFO - Running: ['***', 'tasks', 'run', 'nyc_weather_etl', 'spark_process_weather_to_iceberg', 'scheduled__2025-10-29T05:20:10.843578+00:00', '--job-id', '30', '--raw', '--subdir', 'DAGS_FOLDER/nyc_weather_etl.py', '--cfg-path', '/tmp/tmpg44u8n51']
[2025-10-29T06:20:14.114+0000] {standard_task_runner.py:85} INFO - Job 30: Subtask spark_process_weather_to_iceberg
[2025-10-29T06:20:14.133+0000] {task_command.py:415} INFO - Running <TaskInstance: nyc_weather_etl.spark_process_weather_to_iceberg scheduled__2025-10-29T05:20:10.843578+00:00 [running]> on host 11a5c523951d
[2025-10-29T06:20:14.171+0000] {taskinstance.py:1660} INFO - Exporting env vars: AIRFLOW_CTX_DAG_OWNER='data-engineering' AIRFLOW_CTX_DAG_ID='nyc_weather_etl' AIRFLOW_CTX_TASK_ID='spark_process_weather_to_iceberg' AIRFLOW_CTX_EXECUTION_DATE='2025-10-29T05:20:10.843578+00:00' AIRFLOW_CTX_TRY_NUMBER='1' AIRFLOW_CTX_DAG_RUN_ID='scheduled__2025-10-29T05:20:10.843578+00:00'
[2025-10-29T06:20:14.172+0000] {base.py:73} INFO - Using connection ID 'spark_default' for task execution.
[2025-10-29T06:20:14.173+0000] {spark_submit.py:340} INFO - Spark-Submit cmd: /opt/bitnami/spark/bin/spark-submit --master spark-master:7077 --conf spark.master=spark://spark-master:7077 --conf spark.sql.catalog.spark_catalog=org.apache.iceberg.spark.SparkSessionCatalog --conf spark.sql.catalog.spark_catalog.type=hive --conf spark.sql.catalog.iceberg=org.apache.iceberg.spark.SparkCatalog --conf spark.sql.catalog.iceberg.type=hadoop --conf spark.sql.catalog.iceberg.warehouse=s3a://lakehouse/warehouse --conf spark.sql.extensions=org.apache.iceberg.spark.extensions.IcebergSparkSessionExtensions --conf spark.hadoop.fs.s3a.endpoint=http://minio:9000 --conf spark.hadoop.fs.s3a.access.key=admin --conf spark.hadoop.fs.s3a.secret.key=****** --conf spark.hadoop.fs.s3a.path.style.access=true --conf spark.hadoop.fs.s3a.impl=org.apache.hadoop.fs.s3a.S3AFileSystem --jars /opt/***/jars/iceberg-spark-runtime-3.5_2.12-1.4.2.jar,/opt/***/jars/aws-java-sdk-bundle-1.12.367.jar,/opt/***/jars/hadoop-aws-3.3.4.jar --name arrow-spark /opt/***/dags/spark_jobs/weather_to_iceberg.py /opt/***/data/weather/weather_data_20251029_06.json
[2025-10-29T06:20:15.252+0000] {spark_submit.py:491} INFO - 25/10/29 06:20:15 WARN NativeCodeLoader: Unable to load native-hadoop library for your platform... using builtin-java classes where applicable
[2025-10-29T06:20:16.093+0000] {spark_submit.py:491} INFO - 25/10/29 06:20:16 INFO SparkContext: Running Spark version 3.5.1
[2025-10-29T06:20:16.093+0000] {spark_submit.py:491} INFO - 25/10/29 06:20:16 INFO SparkContext: OS info Linux, 6.10.14-linuxkit, aarch64
[2025-10-29T06:20:16.093+0000] {spark_submit.py:491} INFO - 25/10/29 06:20:16 INFO SparkContext: Java version 11.0.28
[2025-10-29T06:20:16.106+0000] {spark_submit.py:491} INFO - 25/10/29 06:20:16 INFO ResourceUtils: ==============================================================
[2025-10-29T06:20:16.107+0000] {spark_submit.py:491} INFO - 25/10/29 06:20:16 INFO ResourceUtils: No custom resources configured for spark.driver.
[2025-10-29T06:20:16.107+0000] {spark_submit.py:491} INFO - 25/10/29 06:20:16 INFO ResourceUtils: ==============================================================
[2025-10-29T06:20:16.107+0000] {spark_submit.py:491} INFO - 25/10/29 06:20:16 INFO SparkContext: Submitted application: Weather to Iceberg ETL
[2025-10-29T06:20:16.116+0000] {spark_submit.py:491} INFO - 25/10/29 06:20:16 INFO ResourceProfile: Default ResourceProfile created, executor resources: Map(cores -> name: cores, amount: 1, script: , vendor: , memory -> name: memory, amount: 1024, script: , vendor: , offHeap -> name: offHeap, amount: 0, script: , vendor: ), task resources: Map(cpus -> name: cpus, amount: 1.0)
[2025-10-29T06:20:16.121+0000] {spark_submit.py:491} INFO - 25/10/29 06:20:16 INFO ResourceProfile: Limiting resource is cpu
[2025-10-29T06:20:16.121+0000] {spark_submit.py:491} INFO - 25/10/29 06:20:16 INFO ResourceProfileManager: Added ResourceProfile id: 0
[2025-10-29T06:20:16.153+0000] {spark_submit.py:491} INFO - 25/10/29 06:20:16 INFO SecurityManager: Changing view acls to: ***
[2025-10-29T06:20:16.154+0000] {spark_submit.py:491} INFO - 25/10/29 06:20:16 INFO SecurityManager: Changing modify acls to: ***
[2025-10-29T06:20:16.154+0000] {spark_submit.py:491} INFO - 25/10/29 06:20:16 INFO SecurityManager: Changing view acls groups to:
[2025-10-29T06:20:16.154+0000] {spark_submit.py:491} INFO - 25/10/29 06:20:16 INFO SecurityManager: Changing modify acls groups to:
[2025-10-29T06:20:16.154+0000] {spark_submit.py:491} INFO - 25/10/29 06:20:16 INFO SecurityManager: SecurityManager: authentication disabled; ui acls disabled; users with view permissions: ***; groups with view permissions: EMPTY; users with modify permissions: ***; groups with modify permissions: EMPTY
[2025-10-29T06:20:16.251+0000] {spark_submit.py:491} INFO - 25/10/29 06:20:16 INFO Utils: Successfully started service 'sparkDriver' on port 42599.
[2025-10-29T06:20:16.268+0000] {spark_submit.py:491} INFO - 25/10/29 06:20:16 INFO SparkEnv: Registering MapOutputTracker
[2025-10-29T06:20:16.284+0000] {spark_submit.py:491} INFO - 25/10/29 06:20:16 INFO SparkEnv: Registering BlockManagerMaster
[2025-10-29T06:20:16.294+0000] {spark_submit.py:491} INFO - 25/10/29 06:20:16 INFO BlockManagerMasterEndpoint: Using org.apache.spark.storage.DefaultTopologyMapper for getting topology information
[2025-10-29T06:20:16.294+0000] {spark_submit.py:491} INFO - 25/10/29 06:20:16 INFO BlockManagerMasterEndpoint: BlockManagerMasterEndpoint up
[2025-10-29T06:20:16.296+0000] {spark_submit.py:491} INFO - 25/10/29 06:20:16 INFO SparkEnv: Registering BlockManagerMasterHeartbeat
[2025-10-29T06:20:16.307+0000] {spark_submit.py:491} INFO - 25/10/29 06:20:16 INFO DiskBlockManager: Created local directory at /tmp/blockmgr-63b4a815-bb44-4aef-81a8-23a9f07bf206
[2025-10-29T06:20:16.314+0000] {spark_submit.py:491} INFO - 25/10/29 06:20:16 INFO MemoryStore: MemoryStore started with capacity 434.4 MiB
[2025-10-29T06:20:16.321+0000] {spark_submit.py:491} INFO - 25/10/29 06:20:16 INFO SparkEnv: Registering OutputCommitCoordinator
[2025-10-29T06:20:16.379+0000] {spark_submit.py:491} INFO - 25/10/29 06:20:16 INFO JettyUtils: Start Jetty 0.0.0.0:4040 for SparkUI
[2025-10-29T06:20:16.403+0000] {spark_submit.py:491} INFO - 25/10/29 06:20:16 WARN Utils: Service 'SparkUI' could not bind on port 4040. Attempting port 4041.
[2025-10-29T06:20:16.408+0000] {spark_submit.py:491} INFO - 25/10/29 06:20:16 INFO Utils: Successfully started service 'SparkUI' on port 4041.
[2025-10-29T06:20:16.428+0000] {spark_submit.py:491} INFO - 25/10/29 06:20:16 INFO SparkContext: Added JAR file:///opt/***/jars/iceberg-spark-runtime-3.5_2.12-1.4.2.jar at spark://11a5c523951d:42599/jars/iceberg-spark-runtime-3.5_2.12-1.4.2.jar with timestamp 1761718816088
[2025-10-29T06:20:16.428+0000] {spark_submit.py:491} INFO - 25/10/29 06:20:16 INFO SparkContext: Added JAR file:///opt/***/jars/aws-java-sdk-bundle-1.12.367.jar at spark://11a5c523951d:42599/jars/aws-java-sdk-bundle-1.12.367.jar with timestamp 1761718816088
[2025-10-29T06:20:16.428+0000] {spark_submit.py:491} INFO - 25/10/29 06:20:16 INFO SparkContext: Added JAR file:///opt/***/jars/hadoop-aws-3.3.4.jar at spark://11a5c523951d:42599/jars/hadoop-aws-3.3.4.jar with timestamp 1761718816088
[2025-10-29T06:20:16.458+0000] {spark_submit.py:491} INFO - 25/10/29 06:20:16 INFO Executor: Starting executor ID driver on host 11a5c523951d
[2025-10-29T06:20:16.459+0000] {spark_submit.py:491} INFO - 25/10/29 06:20:16 INFO Executor: OS info Linux, 6.10.14-linuxkit, aarch64
[2025-10-29T06:20:16.459+0000] {spark_submit.py:491} INFO - 25/10/29 06:20:16 INFO Executor: Java version 11.0.28
[2025-10-29T06:20:16.462+0000] {spark_submit.py:491} INFO - 25/10/29 06:20:16 INFO Executor: Starting executor with user classpath (userClassPathFirst = false): ''
[2025-10-29T06:20:16.462+0000] {spark_submit.py:491} INFO - 25/10/29 06:20:16 INFO Executor: Created or updated repl class loader org.apache.spark.util.MutableURLClassLoader@20bf3afc for default.
[2025-10-29T06:20:16.468+0000] {spark_submit.py:491} INFO - 25/10/29 06:20:16 INFO Executor: Fetching spark://11a5c523951d:42599/jars/iceberg-spark-runtime-3.5_2.12-1.4.2.jar with timestamp 1761718816088
[2025-10-29T06:20:16.495+0000] {spark_submit.py:491} INFO - 25/10/29 06:20:16 INFO TransportClientFactory: Successfully created connection to 11a5c523951d/172.18.0.15:42599 after 14 ms (0 ms spent in bootstraps)
[2025-10-29T06:20:16.498+0000] {spark_submit.py:491} INFO - 25/10/29 06:20:16 INFO Utils: Fetching spark://11a5c523951d:42599/jars/iceberg-spark-runtime-3.5_2.12-1.4.2.jar to /tmp/spark-e6e69946-19e4-40c1-95ed-3c3fc5254b89/userFiles-ad76a3a6-62d0-4959-b6f3-5b8fee2e9a40/fetchFileTemp14986142370995207681.tmp
[2025-10-29T06:20:16.569+0000] {spark_submit.py:491} INFO - 25/10/29 06:20:16 INFO Executor: Adding file:/tmp/spark-e6e69946-19e4-40c1-95ed-3c3fc5254b89/userFiles-ad76a3a6-62d0-4959-b6f3-5b8fee2e9a40/iceberg-spark-runtime-3.5_2.12-1.4.2.jar to class loader default
[2025-10-29T06:20:16.570+0000] {spark_submit.py:491} INFO - 25/10/29 06:20:16 INFO Executor: Fetching spark://11a5c523951d:42599/jars/aws-java-sdk-bundle-1.12.367.jar with timestamp 1761718816088
[2025-10-29T06:20:16.571+0000] {spark_submit.py:491} INFO - 25/10/29 06:20:16 INFO Utils: Fetching spark://11a5c523951d:42599/jars/aws-java-sdk-bundle-1.12.367.jar to /tmp/spark-e6e69946-19e4-40c1-95ed-3c3fc5254b89/userFiles-ad76a3a6-62d0-4959-b6f3-5b8fee2e9a40/fetchFileTemp15153517643646076975.tmp
[2025-10-29T06:20:17.150+0000] {spark_submit.py:491} INFO - 25/10/29 06:20:17 INFO Executor: Adding file:/tmp/spark-e6e69946-19e4-40c1-95ed-3c3fc5254b89/userFiles-ad76a3a6-62d0-4959-b6f3-5b8fee2e9a40/aws-java-sdk-bundle-1.12.367.jar to class loader default
[2025-10-29T06:20:17.151+0000] {spark_submit.py:491} INFO - 25/10/29 06:20:17 INFO Executor: Fetching spark://11a5c523951d:42599/jars/hadoop-aws-3.3.4.jar with timestamp 1761718816088
[2025-10-29T06:20:17.151+0000] {spark_submit.py:491} INFO - 25/10/29 06:20:17 INFO Utils: Fetching spark://11a5c523951d:42599/jars/hadoop-aws-3.3.4.jar to /tmp/spark-e6e69946-19e4-40c1-95ed-3c3fc5254b89/userFiles-ad76a3a6-62d0-4959-b6f3-5b8fee2e9a40/fetchFileTemp12116656376902211547.tmp
[2025-10-29T06:20:17.159+0000] {spark_submit.py:491} INFO - 25/10/29 06:20:17 INFO Executor: Adding file:/tmp/spark-e6e69946-19e4-40c1-95ed-3c3fc5254b89/userFiles-ad76a3a6-62d0-4959-b6f3-5b8fee2e9a40/hadoop-aws-3.3.4.jar to class loader default
[2025-10-29T06:20:17.494+0000] {spark_submit.py:491} INFO - 25/10/29 06:20:17 INFO Utils: Successfully started service 'org.apache.spark.network.netty.NettyBlockTransferService' on port 39529.
[2025-10-29T06:20:17.495+0000] {spark_submit.py:491} INFO - 25/10/29 06:20:17 INFO NettyBlockTransferService: Server created on 11a5c523951d:39529
[2025-10-29T06:20:17.496+0000] {spark_submit.py:491} INFO - 25/10/29 06:20:17 INFO BlockManager: Using org.apache.spark.storage.RandomBlockReplicationPolicy for block replication policy
[2025-10-29T06:20:17.505+0000] {spark_submit.py:491} INFO - 25/10/29 06:20:17 INFO BlockManagerMaster: Registering BlockManager BlockManagerId(driver, 11a5c523951d, 39529, None)
[2025-10-29T06:20:17.508+0000] {spark_submit.py:491} INFO - 25/10/29 06:20:17 INFO BlockManagerMasterEndpoint: Registering block manager 11a5c523951d:39529 with 434.4 MiB RAM, BlockManagerId(driver, 11a5c523951d, 39529, None)
[2025-10-29T06:20:17.509+0000] {spark_submit.py:491} INFO - 25/10/29 06:20:17 INFO BlockManagerMaster: Registered BlockManager BlockManagerId(driver, 11a5c523951d, 39529, None)
[2025-10-29T06:20:17.509+0000] {spark_submit.py:491} INFO - 25/10/29 06:20:17 INFO BlockManager: Initialized BlockManager: BlockManagerId(driver, 11a5c523951d, 39529, None)
[2025-10-29T06:20:19.202+0000] {spark_submit.py:491} INFO - 25/10/29 06:20:19 WARN MetricsConfig: Cannot locate configuration: tried hadoop-metrics2-s3a-file-system.properties,hadoop-metrics2.properties
[2025-10-29T06:20:20.020+0000] {spark_submit.py:491} INFO - Created/verified weather table
[2025-10-29T06:20:20.020+0000] {spark_submit.py:491} INFO - Reading weather data from: /opt/***/data/weather/weather_data_20251029_06.json
[2025-10-29T06:20:21.395+0000] {spark_submit.py:491} INFO - Raw weather data count: 24
[2025-10-29T06:20:21.397+0000] {spark_submit.py:491} INFO - root
[2025-10-29T06:20:21.399+0000] {spark_submit.py:491} INFO - |-- timestamp: string (nullable = true)
[2025-10-29T06:20:21.400+0000] {spark_submit.py:491} INFO - |-- location: string (nullable = true)
[2025-10-29T06:20:21.400+0000] {spark_submit.py:491} INFO - |-- latitude: double (nullable = true)
[2025-10-29T06:20:21.400+0000] {spark_submit.py:491} INFO - |-- longitude: double (nullable = true)
[2025-10-29T06:20:21.401+0000] {spark_submit.py:491} INFO - |-- temperature_celsius: double (nullable = true)
[2025-10-29T06:20:21.401+0000] {spark_submit.py:491} INFO - |-- temperature_fahrenheit: double (nullable = true)
[2025-10-29T06:20:21.401+0000] {spark_submit.py:491} INFO - |-- humidity_percent: double (nullable = true)
[2025-10-29T06:20:21.401+0000] {spark_submit.py:491} INFO - |-- pressure_hpa: double (nullable = true)
[2025-10-29T06:20:21.401+0000] {spark_submit.py:491} INFO - |-- wind_speed_kmh: double (nullable = true)
[2025-10-29T06:20:21.401+0000] {spark_submit.py:491} INFO - |-- weather_condition: string (nullable = true)
[2025-10-29T06:20:21.401+0000] {spark_submit.py:491} INFO - |-- visibility_km: double (nullable = true)
[2025-10-29T06:20:21.401+0000] {spark_submit.py:491} INFO - |-- uv_index: double (nullable = true)
[2025-10-29T06:20:21.401+0000] {spark_submit.py:491} INFO - |-- hour: integer (nullable = true)
[2025-10-29T06:20:21.401+0000] {spark_submit.py:491} INFO - |-- day_of_week: integer (nullable = true)
[2025-10-29T06:20:21.401+0000] {spark_submit.py:491} INFO - |-- is_weekend: boolean (nullable = true)
[2025-10-29T06:20:21.401+0000] {spark_submit.py:491} INFO - 
[2025-10-29T06:20:21.627+0000] {spark_submit.py:491} INFO - Processed weather data count: 24
[2025-10-29T06:20:22.762+0000] {spark_submit.py:491} INFO - Successfully wrote weather data to Iceberg table
[2025-10-29T06:20:24.075+0000] {spark_submit.py:491} INFO - +------------+------------------+-----------------+-----------------+--------------------+
[2025-10-29T06:20:24.075+0000] {spark_submit.py:491} INFO - |weather_date|        avg_temp_c|     avg_humidity|   avg_wind_speed|          conditions|
[2025-10-29T06:20:24.076+0000] {spark_submit.py:491} INFO - +------------+------------------+-----------------+-----------------+--------------------+
[2025-10-29T06:20:24.076+0000] {spark_submit.py:491} INFO - |  2025-10-29|18.157692307692308|61.66923076923077|8.184615384615386|[clear, snow, rai...|
[2025-10-29T06:20:24.076+0000] {spark_submit.py:491} INFO - |  2025-10-28|15.944285714285712|            59.24| 6.01714285714286|[clear, snow, rai...|
[2025-10-29T06:20:24.076+0000] {spark_submit.py:491} INFO - +------------+------------------+-----------------+-----------------+--------------------+
[2025-10-29T06:20:24.076+0000] {spark_submit.py:491} INFO - 
[2025-10-29T06:20:24.076+0000] {spark_submit.py:491} INFO - Weather ETL job completed successfully!
[2025-10-29T06:20:24.988+0000] {taskinstance.py:1398} INFO - Marking task as SUCCESS. dag_id=nyc_weather_etl, task_id=spark_process_weather_to_iceberg, execution_date=20251029T052010, start_date=20251029T062014, end_date=20251029T062024
[2025-10-29T06:20:24.998+0000] {local_task_job_runner.py:228} INFO - Task exited with return code 0
[2025-10-29T06:20:25.006+0000] {taskinstance.py:2776} INFO - 0 downstream tasks scheduled from follow-on schedule check
