[2025-11-02T13:53:54.087+0000] {taskinstance.py:1157} INFO - Dependencies all met for dep_context=non-requeueable deps ti=<TaskInstance: nyc_weather_etl.spark_process_location_to_iceberg scheduled__2025-11-02T12:53:50.843133+00:00 [queued]>
[2025-11-02T13:53:54.092+0000] {taskinstance.py:1157} INFO - Dependencies all met for dep_context=requeueable deps ti=<TaskInstance: nyc_weather_etl.spark_process_location_to_iceberg scheduled__2025-11-02T12:53:50.843133+00:00 [queued]>
[2025-11-02T13:53:54.092+0000] {taskinstance.py:1359} INFO - Starting attempt 1 of 1
[2025-11-02T13:53:54.150+0000] {taskinstance.py:1380} INFO - Executing <Task(SparkSubmitOperator): spark_process_location_to_iceberg> on 2025-11-02 12:53:50.843133+00:00
[2025-11-02T13:53:54.153+0000] {standard_task_runner.py:57} INFO - Started process 8651 to run task
[2025-11-02T13:53:54.155+0000] {standard_task_runner.py:84} INFO - Running: ['***', 'tasks', 'run', 'nyc_weather_etl', 'spark_process_location_to_iceberg', 'scheduled__2025-11-02T12:53:50.843133+00:00', '--job-id', '35', '--raw', '--subdir', 'DAGS_FOLDER/nyc_weather_etl.py', '--cfg-path', '/tmp/tmp763x2y1g']
[2025-11-02T13:53:54.156+0000] {standard_task_runner.py:85} INFO - Job 35: Subtask spark_process_location_to_iceberg
[2025-11-02T13:53:54.177+0000] {task_command.py:415} INFO - Running <TaskInstance: nyc_weather_etl.spark_process_location_to_iceberg scheduled__2025-11-02T12:53:50.843133+00:00 [running]> on host ec57452a9f33
[2025-11-02T13:53:54.215+0000] {taskinstance.py:1660} INFO - Exporting env vars: AIRFLOW_CTX_DAG_OWNER='data-engineering' AIRFLOW_CTX_DAG_ID='nyc_weather_etl' AIRFLOW_CTX_TASK_ID='spark_process_location_to_iceberg' AIRFLOW_CTX_EXECUTION_DATE='2025-11-02T12:53:50.843133+00:00' AIRFLOW_CTX_TRY_NUMBER='1' AIRFLOW_CTX_DAG_RUN_ID='scheduled__2025-11-02T12:53:50.843133+00:00'
[2025-11-02T13:53:54.216+0000] {base.py:73} INFO - Using connection ID 'spark_default' for task execution.
[2025-11-02T13:53:54.217+0000] {spark_submit.py:340} INFO - Spark-Submit cmd: /opt/bitnami/spark/bin/spark-submit --master spark-master:7077 --conf spark.master=spark://spark-master:7077 --conf spark.sql.catalog.spark_catalog=org.apache.iceberg.spark.SparkSessionCatalog --conf spark.sql.catalog.spark_catalog.type=hive --conf spark.sql.catalog.iceberg=org.apache.iceberg.spark.SparkCatalog --conf spark.sql.catalog.iceberg.type=hadoop --conf spark.sql.catalog.iceberg.warehouse=s3a://lakehouse/warehouse --conf spark.sql.extensions=org.apache.iceberg.spark.extensions.IcebergSparkSessionExtensions --conf spark.hadoop.fs.s3a.endpoint=http://minio:9000 --conf spark.hadoop.fs.s3a.access.key=admin --conf spark.hadoop.fs.s3a.secret.key=****** --conf spark.hadoop.fs.s3a.path.style.access=true --conf spark.hadoop.fs.s3a.impl=org.apache.hadoop.fs.s3a.S3AFileSystem --jars /opt/***/jars/iceberg-spark-runtime-3.5_2.12-1.4.2.jar,/opt/***/jars/aws-java-sdk-bundle-1.12.367.jar,/opt/***/jars/hadoop-aws-3.3.4.jar --name arrow-spark /opt/***/dags/spark_jobs/location_to_iceberg.py /opt/***/data/locations/nyc_taxi_zones.json
[2025-11-02T13:53:55.088+0000] {spark_submit.py:491} INFO - 25/11/02 13:53:55 WARN NativeCodeLoader: Unable to load native-hadoop library for your platform... using builtin-java classes where applicable
[2025-11-02T13:53:55.646+0000] {spark_submit.py:491} INFO - 25/11/02 13:53:55 INFO SparkContext: Running Spark version 3.5.1
[2025-11-02T13:53:55.648+0000] {spark_submit.py:491} INFO - 25/11/02 13:53:55 INFO SparkContext: OS info Linux, 6.10.14-linuxkit, aarch64
[2025-11-02T13:53:55.648+0000] {spark_submit.py:491} INFO - 25/11/02 13:53:55 INFO SparkContext: Java version 11.0.28
[2025-11-02T13:53:55.657+0000] {spark_submit.py:491} INFO - 25/11/02 13:53:55 INFO ResourceUtils: ==============================================================
[2025-11-02T13:53:55.657+0000] {spark_submit.py:491} INFO - 25/11/02 13:53:55 INFO ResourceUtils: No custom resources configured for spark.driver.
[2025-11-02T13:53:55.657+0000] {spark_submit.py:491} INFO - 25/11/02 13:53:55 INFO ResourceUtils: ==============================================================
[2025-11-02T13:53:55.658+0000] {spark_submit.py:491} INFO - 25/11/02 13:53:55 INFO SparkContext: Submitted application: Location to Iceberg ETL
[2025-11-02T13:53:55.665+0000] {spark_submit.py:491} INFO - 25/11/02 13:53:55 INFO ResourceProfile: Default ResourceProfile created, executor resources: Map(cores -> name: cores, amount: 1, script: , vendor: , memory -> name: memory, amount: 1024, script: , vendor: , offHeap -> name: offHeap, amount: 0, script: , vendor: ), task resources: Map(cpus -> name: cpus, amount: 1.0)
[2025-11-02T13:53:55.669+0000] {spark_submit.py:491} INFO - 25/11/02 13:53:55 INFO ResourceProfile: Limiting resource is cpu
[2025-11-02T13:53:55.669+0000] {spark_submit.py:491} INFO - 25/11/02 13:53:55 INFO ResourceProfileManager: Added ResourceProfile id: 0
[2025-11-02T13:53:55.702+0000] {spark_submit.py:491} INFO - 25/11/02 13:53:55 INFO SecurityManager: Changing view acls to: ***
[2025-11-02T13:53:55.702+0000] {spark_submit.py:491} INFO - 25/11/02 13:53:55 INFO SecurityManager: Changing modify acls to: ***
[2025-11-02T13:53:55.702+0000] {spark_submit.py:491} INFO - 25/11/02 13:53:55 INFO SecurityManager: Changing view acls groups to:
[2025-11-02T13:53:55.703+0000] {spark_submit.py:491} INFO - 25/11/02 13:53:55 INFO SecurityManager: Changing modify acls groups to:
[2025-11-02T13:53:55.703+0000] {spark_submit.py:491} INFO - 25/11/02 13:53:55 INFO SecurityManager: SecurityManager: authentication disabled; ui acls disabled; users with view permissions: ***; groups with view permissions: EMPTY; users with modify permissions: ***; groups with modify permissions: EMPTY
[2025-11-02T13:53:55.811+0000] {spark_submit.py:491} INFO - 25/11/02 13:53:55 INFO Utils: Successfully started service 'sparkDriver' on port 33331.
[2025-11-02T13:53:55.826+0000] {spark_submit.py:491} INFO - 25/11/02 13:53:55 INFO SparkEnv: Registering MapOutputTracker
[2025-11-02T13:53:55.841+0000] {spark_submit.py:491} INFO - 25/11/02 13:53:55 INFO SparkEnv: Registering BlockManagerMaster
[2025-11-02T13:53:55.855+0000] {spark_submit.py:491} INFO - 25/11/02 13:53:55 INFO BlockManagerMasterEndpoint: Using org.apache.spark.storage.DefaultTopologyMapper for getting topology information
[2025-11-02T13:53:55.855+0000] {spark_submit.py:491} INFO - 25/11/02 13:53:55 INFO BlockManagerMasterEndpoint: BlockManagerMasterEndpoint up
[2025-11-02T13:53:55.857+0000] {spark_submit.py:491} INFO - 25/11/02 13:53:55 INFO SparkEnv: Registering BlockManagerMasterHeartbeat
[2025-11-02T13:53:55.869+0000] {spark_submit.py:491} INFO - 25/11/02 13:53:55 INFO DiskBlockManager: Created local directory at /tmp/blockmgr-31cd0bb6-8732-4da4-be94-04547692e25e
[2025-11-02T13:53:55.875+0000] {spark_submit.py:491} INFO - 25/11/02 13:53:55 INFO MemoryStore: MemoryStore started with capacity 434.4 MiB
[2025-11-02T13:53:55.887+0000] {spark_submit.py:491} INFO - 25/11/02 13:53:55 INFO SparkEnv: Registering OutputCommitCoordinator
[2025-11-02T13:53:55.944+0000] {spark_submit.py:491} INFO - 25/11/02 13:53:55 INFO JettyUtils: Start Jetty 0.0.0.0:4040 for SparkUI
[2025-11-02T13:53:55.970+0000] {spark_submit.py:491} INFO - 25/11/02 13:53:55 INFO Utils: Successfully started service 'SparkUI' on port 4040.
[2025-11-02T13:53:55.985+0000] {spark_submit.py:491} INFO - 25/11/02 13:53:55 INFO SparkContext: Added JAR file:///opt/***/jars/iceberg-spark-runtime-3.5_2.12-1.4.2.jar at spark://ec57452a9f33:33331/jars/iceberg-spark-runtime-3.5_2.12-1.4.2.jar with timestamp 1762091635641
[2025-11-02T13:53:55.985+0000] {spark_submit.py:491} INFO - 25/11/02 13:53:55 INFO SparkContext: Added JAR file:///opt/***/jars/aws-java-sdk-bundle-1.12.367.jar at spark://ec57452a9f33:33331/jars/aws-java-sdk-bundle-1.12.367.jar with timestamp 1762091635641
[2025-11-02T13:53:55.985+0000] {spark_submit.py:491} INFO - 25/11/02 13:53:55 INFO SparkContext: Added JAR file:///opt/***/jars/hadoop-aws-3.3.4.jar at spark://ec57452a9f33:33331/jars/hadoop-aws-3.3.4.jar with timestamp 1762091635641
[2025-11-02T13:53:56.013+0000] {spark_submit.py:491} INFO - 25/11/02 13:53:56 INFO Executor: Starting executor ID driver on host ec57452a9f33
[2025-11-02T13:53:56.013+0000] {spark_submit.py:491} INFO - 25/11/02 13:53:56 INFO Executor: OS info Linux, 6.10.14-linuxkit, aarch64
[2025-11-02T13:53:56.014+0000] {spark_submit.py:491} INFO - 25/11/02 13:53:56 INFO Executor: Java version 11.0.28
[2025-11-02T13:53:56.016+0000] {spark_submit.py:491} INFO - 25/11/02 13:53:56 INFO Executor: Starting executor with user classpath (userClassPathFirst = false): ''
[2025-11-02T13:53:56.016+0000] {spark_submit.py:491} INFO - 25/11/02 13:53:56 INFO Executor: Created or updated repl class loader org.apache.spark.util.MutableURLClassLoader@7df52485 for default.
[2025-11-02T13:53:56.021+0000] {spark_submit.py:491} INFO - 25/11/02 13:53:56 INFO Executor: Fetching spark://ec57452a9f33:33331/jars/iceberg-spark-runtime-3.5_2.12-1.4.2.jar with timestamp 1762091635641
[2025-11-02T13:53:56.045+0000] {spark_submit.py:491} INFO - 25/11/02 13:53:56 INFO TransportClientFactory: Successfully created connection to ec57452a9f33/172.18.0.14:33331 after 13 ms (0 ms spent in bootstraps)
[2025-11-02T13:53:56.047+0000] {spark_submit.py:491} INFO - 25/11/02 13:53:56 INFO Utils: Fetching spark://ec57452a9f33:33331/jars/iceberg-spark-runtime-3.5_2.12-1.4.2.jar to /tmp/spark-13f4399b-ebcd-4a08-bcf9-dc18a38165e1/userFiles-e34eb658-4eef-40c7-bb01-861a4f5b92ba/fetchFileTemp770820554451727272.tmp
[2025-11-02T13:53:56.138+0000] {spark_submit.py:491} INFO - 25/11/02 13:53:56 INFO Executor: Adding file:/tmp/spark-13f4399b-ebcd-4a08-bcf9-dc18a38165e1/userFiles-e34eb658-4eef-40c7-bb01-861a4f5b92ba/iceberg-spark-runtime-3.5_2.12-1.4.2.jar to class loader default
[2025-11-02T13:53:56.139+0000] {spark_submit.py:491} INFO - 25/11/02 13:53:56 INFO Executor: Fetching spark://ec57452a9f33:33331/jars/hadoop-aws-3.3.4.jar with timestamp 1762091635641
[2025-11-02T13:53:56.139+0000] {spark_submit.py:491} INFO - 25/11/02 13:53:56 INFO Utils: Fetching spark://ec57452a9f33:33331/jars/hadoop-aws-3.3.4.jar to /tmp/spark-13f4399b-ebcd-4a08-bcf9-dc18a38165e1/userFiles-e34eb658-4eef-40c7-bb01-861a4f5b92ba/fetchFileTemp5420918542830685875.tmp
[2025-11-02T13:53:56.143+0000] {spark_submit.py:491} INFO - 25/11/02 13:53:56 INFO Executor: Adding file:/tmp/spark-13f4399b-ebcd-4a08-bcf9-dc18a38165e1/userFiles-e34eb658-4eef-40c7-bb01-861a4f5b92ba/hadoop-aws-3.3.4.jar to class loader default
[2025-11-02T13:53:56.144+0000] {spark_submit.py:491} INFO - 25/11/02 13:53:56 INFO Executor: Fetching spark://ec57452a9f33:33331/jars/aws-java-sdk-bundle-1.12.367.jar with timestamp 1762091635641
[2025-11-02T13:53:56.144+0000] {spark_submit.py:491} INFO - 25/11/02 13:53:56 INFO Utils: Fetching spark://ec57452a9f33:33331/jars/aws-java-sdk-bundle-1.12.367.jar to /tmp/spark-13f4399b-ebcd-4a08-bcf9-dc18a38165e1/userFiles-e34eb658-4eef-40c7-bb01-861a4f5b92ba/fetchFileTemp4943168328080567076.tmp
[2025-11-02T13:53:56.636+0000] {spark_submit.py:491} INFO - 25/11/02 13:53:56 INFO Executor: Adding file:/tmp/spark-13f4399b-ebcd-4a08-bcf9-dc18a38165e1/userFiles-e34eb658-4eef-40c7-bb01-861a4f5b92ba/aws-java-sdk-bundle-1.12.367.jar to class loader default
[2025-11-02T13:53:56.663+0000] {spark_submit.py:491} INFO - 25/11/02 13:53:56 INFO Utils: Successfully started service 'org.apache.spark.network.netty.NettyBlockTransferService' on port 39881.
[2025-11-02T13:53:56.666+0000] {spark_submit.py:491} INFO - 25/11/02 13:53:56 INFO NettyBlockTransferService: Server created on ec57452a9f33:39881
[2025-11-02T13:53:56.670+0000] {spark_submit.py:491} INFO - 25/11/02 13:53:56 INFO BlockManager: Using org.apache.spark.storage.RandomBlockReplicationPolicy for block replication policy
[2025-11-02T13:53:56.675+0000] {spark_submit.py:491} INFO - 25/11/02 13:53:56 INFO BlockManagerMaster: Registering BlockManager BlockManagerId(driver, ec57452a9f33, 39881, None)
[2025-11-02T13:53:56.677+0000] {spark_submit.py:491} INFO - 25/11/02 13:53:56 INFO BlockManagerMasterEndpoint: Registering block manager ec57452a9f33:39881 with 434.4 MiB RAM, BlockManagerId(driver, ec57452a9f33, 39881, None)
[2025-11-02T13:53:56.679+0000] {spark_submit.py:491} INFO - 25/11/02 13:53:56 INFO BlockManagerMaster: Registered BlockManager BlockManagerId(driver, ec57452a9f33, 39881, None)
[2025-11-02T13:53:56.679+0000] {spark_submit.py:491} INFO - 25/11/02 13:53:56 INFO BlockManager: Initialized BlockManager: BlockManagerId(driver, ec57452a9f33, 39881, None)
[2025-11-02T13:53:57.913+0000] {spark_submit.py:491} INFO - 25/11/02 13:53:57 WARN MetricsConfig: Cannot locate configuration: tried hadoop-metrics2-s3a-file-system.properties,hadoop-metrics2.properties
[2025-11-02T13:53:58.580+0000] {spark_submit.py:491} INFO - Created/verified taxi zones table
[2025-11-02T13:53:58.581+0000] {spark_submit.py:491} INFO - Reading location data from: /opt/***/data/locations/nyc_taxi_zones.json
[2025-11-02T13:53:59.726+0000] {spark_submit.py:491} INFO - Raw location data count: 16
[2025-11-02T13:53:59.733+0000] {spark_submit.py:491} INFO - root
[2025-11-02T13:53:59.734+0000] {spark_submit.py:491} INFO - |-- borough: string (nullable = true)
[2025-11-02T13:53:59.734+0000] {spark_submit.py:491} INFO - |-- created_at: string (nullable = true)
[2025-11-02T13:53:59.734+0000] {spark_submit.py:491} INFO - |-- is_business_district: boolean (nullable = true)
[2025-11-02T13:53:59.734+0000] {spark_submit.py:491} INFO - |-- is_tourist_area: boolean (nullable = true)
[2025-11-02T13:53:59.734+0000] {spark_submit.py:491} INFO - |-- lat: double (nullable = true)
[2025-11-02T13:53:59.734+0000] {spark_submit.py:491} INFO - |-- location_id: long (nullable = true)
[2025-11-02T13:53:59.734+0000] {spark_submit.py:491} INFO - |-- lon: double (nullable = true)
[2025-11-02T13:53:59.734+0000] {spark_submit.py:491} INFO - |-- zone: string (nullable = true)
[2025-11-02T13:53:59.734+0000] {spark_submit.py:491} INFO - |-- zone_type: string (nullable = true)
[2025-11-02T13:53:59.734+0000] {spark_submit.py:491} INFO - 
[2025-11-02T13:53:59.918+0000] {spark_submit.py:491} INFO - Processed location data count: 16
[2025-11-02T13:54:01.299+0000] {spark_submit.py:491} INFO - Successfully wrote location data to Iceberg table
[2025-11-02T13:54:02.400+0000] {spark_submit.py:491} INFO - +---------+----------+-------------+--------------+
[2025-11-02T13:54:02.400+0000] {spark_submit.py:491} INFO - |  borough|zone_count|tourist_zones|business_zones|
[2025-11-02T13:54:02.400+0000] {spark_submit.py:491} INFO - +---------+----------+-------------+--------------+
[2025-11-02T13:54:02.400+0000] {spark_submit.py:491} INFO - |Manhattan|        13|            4|             3|
[2025-11-02T13:54:02.400+0000] {spark_submit.py:491} INFO - |   Queens|         2|            0|             0|
[2025-11-02T13:54:02.401+0000] {spark_submit.py:491} INFO - | Brooklyn|         1|            0|             0|
[2025-11-02T13:54:02.401+0000] {spark_submit.py:491} INFO - +---------+----------+-------------+--------------+
[2025-11-02T13:54:02.401+0000] {spark_submit.py:491} INFO - 
[2025-11-02T13:54:02.401+0000] {spark_submit.py:491} INFO - Location ETL job completed successfully!
[2025-11-02T13:54:03.261+0000] {taskinstance.py:1398} INFO - Marking task as SUCCESS. dag_id=nyc_weather_etl, task_id=spark_process_location_to_iceberg, execution_date=20251102T125350, start_date=20251102T135354, end_date=20251102T135403
[2025-11-02T13:54:03.283+0000] {local_task_job_runner.py:228} INFO - Task exited with return code 0
[2025-11-02T13:54:03.293+0000] {taskinstance.py:2776} INFO - 0 downstream tasks scheduled from follow-on schedule check
