[2025-10-08T11:52:07.944+0000] {taskinstance.py:1157} INFO - Dependencies all met for dep_context=non-requeueable deps ti=<TaskInstance: nyc_weather_etl.spark_process_weather_to_iceberg scheduled__2025-10-08T10:52:04.253286+00:00 [queued]>
[2025-10-08T11:52:07.948+0000] {taskinstance.py:1157} INFO - Dependencies all met for dep_context=requeueable deps ti=<TaskInstance: nyc_weather_etl.spark_process_weather_to_iceberg scheduled__2025-10-08T10:52:04.253286+00:00 [queued]>
[2025-10-08T11:52:07.948+0000] {taskinstance.py:1359} INFO - Starting attempt 1 of 1
[2025-10-08T11:52:07.954+0000] {taskinstance.py:1380} INFO - Executing <Task(SparkSubmitOperator): spark_process_weather_to_iceberg> on 2025-10-08 10:52:04.253286+00:00
[2025-10-08T11:52:07.957+0000] {standard_task_runner.py:57} INFO - Started process 7025 to run task
[2025-10-08T11:52:07.960+0000] {standard_task_runner.py:84} INFO - Running: ['***', 'tasks', 'run', 'nyc_weather_etl', 'spark_process_weather_to_iceberg', 'scheduled__2025-10-08T10:52:04.253286+00:00', '--job-id', '362', '--raw', '--subdir', 'DAGS_FOLDER/nyc_weather_etl.py', '--cfg-path', '/tmp/tmpuvz15nlh']
[2025-10-08T11:52:07.962+0000] {standard_task_runner.py:85} INFO - Job 362: Subtask spark_process_weather_to_iceberg
[2025-10-08T11:52:08.078+0000] {task_command.py:415} INFO - Running <TaskInstance: nyc_weather_etl.spark_process_weather_to_iceberg scheduled__2025-10-08T10:52:04.253286+00:00 [running]> on host b40be2a595bb
[2025-10-08T11:52:08.108+0000] {taskinstance.py:1660} INFO - Exporting env vars: AIRFLOW_CTX_DAG_OWNER='data-engineering' AIRFLOW_CTX_DAG_ID='nyc_weather_etl' AIRFLOW_CTX_TASK_ID='spark_process_weather_to_iceberg' AIRFLOW_CTX_EXECUTION_DATE='2025-10-08T10:52:04.253286+00:00' AIRFLOW_CTX_TRY_NUMBER='1' AIRFLOW_CTX_DAG_RUN_ID='scheduled__2025-10-08T10:52:04.253286+00:00'
[2025-10-08T11:52:08.111+0000] {base.py:73} INFO - Using connection ID 'spark_default' for task execution.
[2025-10-08T11:52:08.113+0000] {spark_submit.py:340} INFO - Spark-Submit cmd: /opt/bitnami/spark/bin/spark-submit --master spark://spark-master:7077 --conf spark.master=spark://spark-master:7077 --conf spark.sql.catalog.spark_catalog=org.apache.iceberg.spark.SparkSessionCatalog --conf spark.sql.catalog.spark_catalog.type=hive --conf spark.sql.catalog.iceberg=org.apache.iceberg.spark.SparkCatalog --conf spark.sql.catalog.iceberg.type=hadoop --conf spark.sql.catalog.iceberg.warehouse=s3a://lakehouse/warehouse --conf spark.sql.extensions=org.apache.iceberg.spark.extensions.IcebergSparkSessionExtensions --conf spark.hadoop.fs.s3a.endpoint=http://minio:9000 --conf spark.hadoop.fs.s3a.access.key=admin --conf spark.hadoop.fs.s3a.secret.key=****** --conf spark.hadoop.fs.s3a.path.style.access=true --conf spark.hadoop.fs.s3a.impl=org.apache.hadoop.fs.s3a.S3AFileSystem --jars /opt/***/jars/iceberg-spark-runtime-3.5_2.12-1.4.2.jar,/opt/***/jars/aws-java-sdk-bundle-1.12.367.jar,/opt/***/jars/hadoop-aws-3.3.4.jar --name arrow-spark --queue default /opt/***/dags/spark_jobs/weather_to_iceberg.py /opt/***/data/weather/weather_data_20251008_07.json
[2025-10-08T11:52:08.985+0000] {spark_submit.py:491} INFO - 25/10/08 11:52:08 WARN NativeCodeLoader: Unable to load native-hadoop library for your platform... using builtin-java classes where applicable
[2025-10-08T11:52:09.567+0000] {spark_submit.py:491} INFO - 25/10/08 11:52:09 INFO SparkContext: Running Spark version 3.5.1
[2025-10-08T11:52:09.568+0000] {spark_submit.py:491} INFO - 25/10/08 11:52:09 INFO SparkContext: OS info Linux, 6.10.14-linuxkit, aarch64
[2025-10-08T11:52:09.568+0000] {spark_submit.py:491} INFO - 25/10/08 11:52:09 INFO SparkContext: Java version 11.0.28
[2025-10-08T11:52:09.579+0000] {spark_submit.py:491} INFO - 25/10/08 11:52:09 INFO ResourceUtils: ==============================================================
[2025-10-08T11:52:09.579+0000] {spark_submit.py:491} INFO - 25/10/08 11:52:09 INFO ResourceUtils: No custom resources configured for spark.driver.
[2025-10-08T11:52:09.579+0000] {spark_submit.py:491} INFO - 25/10/08 11:52:09 INFO ResourceUtils: ==============================================================
[2025-10-08T11:52:09.579+0000] {spark_submit.py:491} INFO - 25/10/08 11:52:09 INFO SparkContext: Submitted application: Weather to Iceberg ETL
[2025-10-08T11:52:09.587+0000] {spark_submit.py:491} INFO - 25/10/08 11:52:09 INFO ResourceProfile: Default ResourceProfile created, executor resources: Map(cores -> name: cores, amount: 1, script: , vendor: , memory -> name: memory, amount: 1024, script: , vendor: , offHeap -> name: offHeap, amount: 0, script: , vendor: ), task resources: Map(cpus -> name: cpus, amount: 1.0)
[2025-10-08T11:52:09.592+0000] {spark_submit.py:491} INFO - 25/10/08 11:52:09 INFO ResourceProfile: Limiting resource is cpu
[2025-10-08T11:52:09.592+0000] {spark_submit.py:491} INFO - 25/10/08 11:52:09 INFO ResourceProfileManager: Added ResourceProfile id: 0
[2025-10-08T11:52:09.629+0000] {spark_submit.py:491} INFO - 25/10/08 11:52:09 INFO SecurityManager: Changing view acls to: ***
[2025-10-08T11:52:09.629+0000] {spark_submit.py:491} INFO - 25/10/08 11:52:09 INFO SecurityManager: Changing modify acls to: ***
[2025-10-08T11:52:09.629+0000] {spark_submit.py:491} INFO - 25/10/08 11:52:09 INFO SecurityManager: Changing view acls groups to:
[2025-10-08T11:52:09.630+0000] {spark_submit.py:491} INFO - 25/10/08 11:52:09 INFO SecurityManager: Changing modify acls groups to:
[2025-10-08T11:52:09.630+0000] {spark_submit.py:491} INFO - 25/10/08 11:52:09 INFO SecurityManager: SecurityManager: authentication disabled; ui acls disabled; users with view permissions: ***; groups with view permissions: EMPTY; users with modify permissions: ***; groups with modify permissions: EMPTY
[2025-10-08T11:52:09.734+0000] {spark_submit.py:491} INFO - 25/10/08 11:52:09 INFO Utils: Successfully started service 'sparkDriver' on port 33413.
[2025-10-08T11:52:09.748+0000] {spark_submit.py:491} INFO - 25/10/08 11:52:09 INFO SparkEnv: Registering MapOutputTracker
[2025-10-08T11:52:09.763+0000] {spark_submit.py:491} INFO - 25/10/08 11:52:09 INFO SparkEnv: Registering BlockManagerMaster
[2025-10-08T11:52:09.772+0000] {spark_submit.py:491} INFO - 25/10/08 11:52:09 INFO BlockManagerMasterEndpoint: Using org.apache.spark.storage.DefaultTopologyMapper for getting topology information
[2025-10-08T11:52:09.772+0000] {spark_submit.py:491} INFO - 25/10/08 11:52:09 INFO BlockManagerMasterEndpoint: BlockManagerMasterEndpoint up
[2025-10-08T11:52:09.774+0000] {spark_submit.py:491} INFO - 25/10/08 11:52:09 INFO SparkEnv: Registering BlockManagerMasterHeartbeat
[2025-10-08T11:52:09.786+0000] {spark_submit.py:491} INFO - 25/10/08 11:52:09 INFO DiskBlockManager: Created local directory at /tmp/blockmgr-d44f7ab5-954a-42d5-be2e-546edebea2a9
[2025-10-08T11:52:09.791+0000] {spark_submit.py:491} INFO - 25/10/08 11:52:09 INFO MemoryStore: MemoryStore started with capacity 434.4 MiB
[2025-10-08T11:52:09.797+0000] {spark_submit.py:491} INFO - 25/10/08 11:52:09 INFO SparkEnv: Registering OutputCommitCoordinator
[2025-10-08T11:52:09.849+0000] {spark_submit.py:491} INFO - 25/10/08 11:52:09 INFO JettyUtils: Start Jetty 0.0.0.0:4040 for SparkUI
[2025-10-08T11:52:09.872+0000] {spark_submit.py:491} INFO - 25/10/08 11:52:09 INFO Utils: Successfully started service 'SparkUI' on port 4040.
[2025-10-08T11:52:09.887+0000] {spark_submit.py:491} INFO - 25/10/08 11:52:09 INFO SparkContext: Added JAR file:///opt/***/jars/iceberg-spark-runtime-3.5_2.12-1.4.2.jar at spark://b40be2a595bb:33413/jars/iceberg-spark-runtime-3.5_2.12-1.4.2.jar with timestamp 1759924329563
[2025-10-08T11:52:09.888+0000] {spark_submit.py:491} INFO - 25/10/08 11:52:09 INFO SparkContext: Added JAR file:///opt/***/jars/aws-java-sdk-bundle-1.12.367.jar at spark://b40be2a595bb:33413/jars/aws-java-sdk-bundle-1.12.367.jar with timestamp 1759924329563
[2025-10-08T11:52:09.888+0000] {spark_submit.py:491} INFO - 25/10/08 11:52:09 INFO SparkContext: Added JAR file:///opt/***/jars/hadoop-aws-3.3.4.jar at spark://b40be2a595bb:33413/jars/hadoop-aws-3.3.4.jar with timestamp 1759924329563
[2025-10-08T11:52:09.910+0000] {spark_submit.py:491} INFO - 25/10/08 11:52:09 INFO Executor: Starting executor ID driver on host b40be2a595bb
[2025-10-08T11:52:09.911+0000] {spark_submit.py:491} INFO - 25/10/08 11:52:09 INFO Executor: OS info Linux, 6.10.14-linuxkit, aarch64
[2025-10-08T11:52:09.911+0000] {spark_submit.py:491} INFO - 25/10/08 11:52:09 INFO Executor: Java version 11.0.28
[2025-10-08T11:52:09.912+0000] {spark_submit.py:491} INFO - 25/10/08 11:52:09 INFO Executor: Starting executor with user classpath (userClassPathFirst = false): ''
[2025-10-08T11:52:09.912+0000] {spark_submit.py:491} INFO - 25/10/08 11:52:09 INFO Executor: Created or updated repl class loader org.apache.spark.util.MutableURLClassLoader@596aa693 for default.
[2025-10-08T11:52:09.917+0000] {spark_submit.py:491} INFO - 25/10/08 11:52:09 INFO Executor: Fetching spark://b40be2a595bb:33413/jars/hadoop-aws-3.3.4.jar with timestamp 1759924329563
[2025-10-08T11:52:09.938+0000] {spark_submit.py:491} INFO - 25/10/08 11:52:09 INFO TransportClientFactory: Successfully created connection to b40be2a595bb/172.18.0.15:33413 after 10 ms (0 ms spent in bootstraps)
[2025-10-08T11:52:09.941+0000] {spark_submit.py:491} INFO - 25/10/08 11:52:09 INFO Utils: Fetching spark://b40be2a595bb:33413/jars/hadoop-aws-3.3.4.jar to /tmp/spark-422ac4cb-9648-4d59-8b4b-209f63748c18/userFiles-a65e5fb4-c31a-4b59-baa9-a0cbc6539ac3/fetchFileTemp745502470633996139.tmp
[2025-10-08T11:52:09.956+0000] {spark_submit.py:491} INFO - 25/10/08 11:52:09 INFO Executor: Adding file:/tmp/spark-422ac4cb-9648-4d59-8b4b-209f63748c18/userFiles-a65e5fb4-c31a-4b59-baa9-a0cbc6539ac3/hadoop-aws-3.3.4.jar to class loader default
[2025-10-08T11:52:09.956+0000] {spark_submit.py:491} INFO - 25/10/08 11:52:09 INFO Executor: Fetching spark://b40be2a595bb:33413/jars/iceberg-spark-runtime-3.5_2.12-1.4.2.jar with timestamp 1759924329563
[2025-10-08T11:52:09.956+0000] {spark_submit.py:491} INFO - 25/10/08 11:52:09 INFO Utils: Fetching spark://b40be2a595bb:33413/jars/iceberg-spark-runtime-3.5_2.12-1.4.2.jar to /tmp/spark-422ac4cb-9648-4d59-8b4b-209f63748c18/userFiles-a65e5fb4-c31a-4b59-baa9-a0cbc6539ac3/fetchFileTemp12561623251498136736.tmp
[2025-10-08T11:52:09.996+0000] {spark_submit.py:491} INFO - 25/10/08 11:52:09 INFO Executor: Adding file:/tmp/spark-422ac4cb-9648-4d59-8b4b-209f63748c18/userFiles-a65e5fb4-c31a-4b59-baa9-a0cbc6539ac3/iceberg-spark-runtime-3.5_2.12-1.4.2.jar to class loader default
[2025-10-08T11:52:09.996+0000] {spark_submit.py:491} INFO - 25/10/08 11:52:09 INFO Executor: Fetching spark://b40be2a595bb:33413/jars/aws-java-sdk-bundle-1.12.367.jar with timestamp 1759924329563
[2025-10-08T11:52:09.996+0000] {spark_submit.py:491} INFO - 25/10/08 11:52:09 INFO Utils: Fetching spark://b40be2a595bb:33413/jars/aws-java-sdk-bundle-1.12.367.jar to /tmp/spark-422ac4cb-9648-4d59-8b4b-209f63748c18/userFiles-a65e5fb4-c31a-4b59-baa9-a0cbc6539ac3/fetchFileTemp15687395412249251543.tmp
[2025-10-08T11:52:10.331+0000] {spark_submit.py:491} INFO - 25/10/08 11:52:10 INFO Executor: Adding file:/tmp/spark-422ac4cb-9648-4d59-8b4b-209f63748c18/userFiles-a65e5fb4-c31a-4b59-baa9-a0cbc6539ac3/aws-java-sdk-bundle-1.12.367.jar to class loader default
[2025-10-08T11:52:10.339+0000] {spark_submit.py:491} INFO - 25/10/08 11:52:10 INFO Utils: Successfully started service 'org.apache.spark.network.netty.NettyBlockTransferService' on port 33285.
[2025-10-08T11:52:10.340+0000] {spark_submit.py:491} INFO - 25/10/08 11:52:10 INFO NettyBlockTransferService: Server created on b40be2a595bb:33285
[2025-10-08T11:52:10.341+0000] {spark_submit.py:491} INFO - 25/10/08 11:52:10 INFO BlockManager: Using org.apache.spark.storage.RandomBlockReplicationPolicy for block replication policy
[2025-10-08T11:52:10.348+0000] {spark_submit.py:491} INFO - 25/10/08 11:52:10 INFO BlockManagerMaster: Registering BlockManager BlockManagerId(driver, b40be2a595bb, 33285, None)
[2025-10-08T11:52:10.350+0000] {spark_submit.py:491} INFO - 25/10/08 11:52:10 INFO BlockManagerMasterEndpoint: Registering block manager b40be2a595bb:33285 with 434.4 MiB RAM, BlockManagerId(driver, b40be2a595bb, 33285, None)
[2025-10-08T11:52:10.351+0000] {spark_submit.py:491} INFO - 25/10/08 11:52:10 INFO BlockManagerMaster: Registered BlockManager BlockManagerId(driver, b40be2a595bb, 33285, None)
[2025-10-08T11:52:10.352+0000] {spark_submit.py:491} INFO - 25/10/08 11:52:10 INFO BlockManager: Initialized BlockManager: BlockManagerId(driver, b40be2a595bb, 33285, None)
[2025-10-08T11:52:11.526+0000] {spark_submit.py:491} INFO - 25/10/08 11:52:11 WARN MetricsConfig: Cannot locate configuration: tried hadoop-metrics2-s3a-file-system.properties,hadoop-metrics2.properties
[2025-10-08T11:52:12.110+0000] {spark_submit.py:491} INFO - Created/verified weather table
[2025-10-08T11:52:12.110+0000] {spark_submit.py:491} INFO - Reading weather data from: /opt/***/data/weather/weather_data_20251008_07.json
[2025-10-08T11:52:12.223+0000] {spark_submit.py:491} INFO - Error in weather ETL job: [CANNOT_MERGE_TYPE] Can not merge type `LongType` and `DoubleType`.
[2025-10-08T11:52:12.472+0000] {spark_submit.py:491} INFO - Traceback (most recent call last):
[2025-10-08T11:52:12.472+0000] {spark_submit.py:491} INFO - File "/opt/***/dags/spark_jobs/weather_to_iceberg.py", line 151, in <module>
[2025-10-08T11:52:12.472+0000] {spark_submit.py:491} INFO - main()
[2025-10-08T11:52:12.472+0000] {spark_submit.py:491} INFO - File "/opt/***/dags/spark_jobs/weather_to_iceberg.py", line 140, in main
[2025-10-08T11:52:12.473+0000] {spark_submit.py:491} INFO - process_weather_data(spark, input_path)
[2025-10-08T11:52:12.473+0000] {spark_submit.py:491} INFO - File "/opt/***/dags/spark_jobs/weather_to_iceberg.py", line 86, in process_weather_data
[2025-10-08T11:52:12.473+0000] {spark_submit.py:491} INFO - df = spark.createDataFrame(weather_data)
[2025-10-08T11:52:12.473+0000] {spark_submit.py:491} INFO - File "/opt/bitnami/spark/python/lib/pyspark.zip/pyspark/sql/session.py", line 1443, in createDataFrame
[2025-10-08T11:52:12.473+0000] {spark_submit.py:491} INFO - File "/opt/bitnami/spark/python/lib/pyspark.zip/pyspark/sql/session.py", line 1485, in _create_dataframe
[2025-10-08T11:52:12.473+0000] {spark_submit.py:491} INFO - File "/opt/bitnami/spark/python/lib/pyspark.zip/pyspark/sql/session.py", line 1093, in _createFromLocal
[2025-10-08T11:52:12.474+0000] {spark_submit.py:491} INFO - File "/opt/bitnami/spark/python/lib/pyspark.zip/pyspark/sql/session.py", line 955, in _inferSchemaFromList
[2025-10-08T11:52:12.474+0000] {spark_submit.py:491} INFO - File "/opt/bitnami/spark/python/lib/pyspark.zip/pyspark/sql/types.py", line 1787, in _merge_type
[2025-10-08T11:52:12.474+0000] {spark_submit.py:491} INFO - File "/opt/bitnami/spark/python/lib/pyspark.zip/pyspark/sql/types.py", line 1789, in <listcomp>
[2025-10-08T11:52:12.474+0000] {spark_submit.py:491} INFO - File "/opt/bitnami/spark/python/lib/pyspark.zip/pyspark/sql/types.py", line 1779, in _merge_type
[2025-10-08T11:52:12.474+0000] {spark_submit.py:491} INFO - pyspark.errors.exceptions.base.PySparkTypeError: [CANNOT_MERGE_TYPE] Can not merge type `LongType` and `DoubleType`.
[2025-10-08T11:52:12.543+0000] {taskinstance.py:1935} ERROR - Task failed with exception
Traceback (most recent call last):
  File "/home/airflow/.local/lib/python3.8/site-packages/airflow/providers/apache/spark/operators/spark_submit.py", line 156, in execute
    self._hook.submit(self._application)
  File "/home/airflow/.local/lib/python3.8/site-packages/airflow/providers/apache/spark/hooks/spark_submit.py", line 422, in submit
    raise AirflowException(
airflow.exceptions.AirflowException: Cannot execute: /opt/bitnami/spark/bin/spark-submit --master spark://spark-master:7077 --conf spark.master=spark://spark-master:7077 --conf spark.sql.catalog.spark_catalog=org.apache.iceberg.spark.SparkSessionCatalog --conf spark.sql.catalog.spark_catalog.type=hive --conf spark.sql.catalog.iceberg=org.apache.iceberg.spark.SparkCatalog --conf spark.sql.catalog.iceberg.type=hadoop --conf spark.sql.catalog.iceberg.warehouse=s3a://lakehouse/warehouse --conf spark.sql.extensions=org.apache.iceberg.spark.extensions.IcebergSparkSessionExtensions --conf spark.hadoop.fs.s3a.endpoint=http://minio:9000 --conf spark.hadoop.fs.s3a.access.key=admin --conf spark.hadoop.fs.s3a.secret.key=****** --conf spark.hadoop.fs.s3a.path.style.access=true --conf spark.hadoop.fs.s3a.impl=org.apache.hadoop.fs.s3a.S3AFileSystem --jars /opt/***/jars/iceberg-spark-runtime-3.5_2.12-1.4.2.jar,/opt/***/jars/aws-java-sdk-bundle-1.12.367.jar,/opt/***/jars/hadoop-aws-3.3.4.jar --name arrow-spark --queue default /opt/***/dags/spark_jobs/weather_to_iceberg.py /opt/***/data/weather/weather_data_20251008_07.json. Error code is: 1.
[2025-10-08T11:52:12.544+0000] {taskinstance.py:1398} INFO - Marking task as FAILED. dag_id=nyc_weather_etl, task_id=spark_process_weather_to_iceberg, execution_date=20251008T105204, start_date=20251008T115207, end_date=20251008T115212
[2025-10-08T11:52:12.550+0000] {standard_task_runner.py:104} ERROR - Failed to execute job 362 for task spark_process_weather_to_iceberg (Cannot execute: /opt/bitnami/spark/bin/spark-submit --master spark://spark-master:7077 --conf spark.master=spark://spark-master:7077 --conf spark.sql.catalog.spark_catalog=org.apache.iceberg.spark.SparkSessionCatalog --conf spark.sql.catalog.spark_catalog.type=hive --conf spark.sql.catalog.iceberg=org.apache.iceberg.spark.SparkCatalog --conf spark.sql.catalog.iceberg.type=hadoop --conf spark.sql.catalog.iceberg.warehouse=s3a://lakehouse/warehouse --conf spark.sql.extensions=org.apache.iceberg.spark.extensions.IcebergSparkSessionExtensions --conf spark.hadoop.fs.s3a.endpoint=http://minio:9000 --conf spark.hadoop.fs.s3a.access.key=admin --conf spark.hadoop.fs.s3a.secret.key=****** --conf spark.hadoop.fs.s3a.path.style.access=true --conf spark.hadoop.fs.s3a.impl=org.apache.hadoop.fs.s3a.S3AFileSystem --jars /opt/***/jars/iceberg-spark-runtime-3.5_2.12-1.4.2.jar,/opt/***/jars/aws-java-sdk-bundle-1.12.367.jar,/opt/***/jars/hadoop-aws-3.3.4.jar --name arrow-spark --queue default /opt/***/dags/spark_jobs/weather_to_iceberg.py /opt/***/data/weather/weather_data_20251008_07.json. Error code is: 1.; 7025)
[2025-10-08T11:52:12.587+0000] {local_task_job_runner.py:228} INFO - Task exited with return code 1
[2025-10-08T11:52:12.660+0000] {taskinstance.py:2776} INFO - 0 downstream tasks scheduled from follow-on schedule check
