[2025-11-03T03:56:10.161+0000] {taskinstance.py:1157} INFO - Dependencies all met for dep_context=non-requeueable deps ti=<TaskInstance: nyc_weather_etl.spark_process_weather_to_iceberg manual__2025-11-03T03:56:07.171918+00:00 [queued]>
[2025-11-03T03:56:10.165+0000] {taskinstance.py:1157} INFO - Dependencies all met for dep_context=requeueable deps ti=<TaskInstance: nyc_weather_etl.spark_process_weather_to_iceberg manual__2025-11-03T03:56:07.171918+00:00 [queued]>
[2025-11-03T03:56:10.165+0000] {taskinstance.py:1359} INFO - Starting attempt 1 of 1
[2025-11-03T03:56:10.169+0000] {taskinstance.py:1380} INFO - Executing <Task(SparkSubmitOperator): spark_process_weather_to_iceberg> on 2025-11-03 03:56:07.171918+00:00
[2025-11-03T03:56:10.172+0000] {standard_task_runner.py:57} INFO - Started process 11299 to run task
[2025-11-03T03:56:10.173+0000] {standard_task_runner.py:84} INFO - Running: ['***', 'tasks', 'run', 'nyc_weather_etl', 'spark_process_weather_to_iceberg', 'manual__2025-11-03T03:56:07.171918+00:00', '--job-id', '109', '--raw', '--subdir', 'DAGS_FOLDER/nyc_weather_etl.py', '--cfg-path', '/tmp/tmpa2mf2zzt']
[2025-11-03T03:56:10.175+0000] {standard_task_runner.py:85} INFO - Job 109: Subtask spark_process_weather_to_iceberg
[2025-11-03T03:56:10.200+0000] {task_command.py:415} INFO - Running <TaskInstance: nyc_weather_etl.spark_process_weather_to_iceberg manual__2025-11-03T03:56:07.171918+00:00 [running]> on host ec57452a9f33
[2025-11-03T03:56:10.344+0000] {taskinstance.py:1660} INFO - Exporting env vars: AIRFLOW_CTX_DAG_OWNER='data-engineering' AIRFLOW_CTX_DAG_ID='nyc_weather_etl' AIRFLOW_CTX_TASK_ID='spark_process_weather_to_iceberg' AIRFLOW_CTX_EXECUTION_DATE='2025-11-03T03:56:07.171918+00:00' AIRFLOW_CTX_TRY_NUMBER='1' AIRFLOW_CTX_DAG_RUN_ID='manual__2025-11-03T03:56:07.171918+00:00'
[2025-11-03T03:56:10.345+0000] {base.py:73} INFO - Using connection ID 'spark_default' for task execution.
[2025-11-03T03:56:10.346+0000] {spark_submit.py:340} INFO - Spark-Submit cmd: /opt/bitnami/spark/bin/spark-submit --master spark-master:7077 --conf spark.master=spark://spark-master:7077 --conf spark.sql.catalog.spark_catalog=org.apache.iceberg.spark.SparkSessionCatalog --conf spark.sql.catalog.spark_catalog.type=hive --conf spark.sql.catalog.iceberg=org.apache.iceberg.spark.SparkCatalog --conf spark.sql.catalog.iceberg.type=hadoop --conf spark.sql.catalog.iceberg.warehouse=s3a://lakehouse/warehouse --conf spark.sql.extensions=org.apache.iceberg.spark.extensions.IcebergSparkSessionExtensions --conf spark.hadoop.fs.s3a.endpoint=http://minio:9000 --conf spark.hadoop.fs.s3a.access.key=admin --conf spark.hadoop.fs.s3a.secret.key=****** --conf spark.hadoop.fs.s3a.path.style.access=true --conf spark.hadoop.fs.s3a.impl=org.apache.hadoop.fs.s3a.S3AFileSystem --jars /opt/***/jars/iceberg-spark-runtime-3.5_2.12-1.4.2.jar,/opt/***/jars/aws-java-sdk-bundle-1.12.367.jar,/opt/***/jars/hadoop-aws-3.3.4.jar --name arrow-spark /opt/***/dags/spark_jobs/weather_to_iceberg.py /opt/***/data/weather/weather_data_20251103_03.json
[2025-11-03T03:56:11.218+0000] {spark_submit.py:491} INFO - 25/11/03 03:56:11 WARN NativeCodeLoader: Unable to load native-hadoop library for your platform... using builtin-java classes where applicable
[2025-11-03T03:56:11.891+0000] {spark_submit.py:491} INFO - 25/11/03 03:56:11 INFO SparkContext: Running Spark version 3.5.1
[2025-11-03T03:56:11.892+0000] {spark_submit.py:491} INFO - 25/11/03 03:56:11 INFO SparkContext: OS info Linux, 6.10.14-linuxkit, aarch64
[2025-11-03T03:56:11.892+0000] {spark_submit.py:491} INFO - 25/11/03 03:56:11 INFO SparkContext: Java version 11.0.28
[2025-11-03T03:56:11.902+0000] {spark_submit.py:491} INFO - 25/11/03 03:56:11 INFO ResourceUtils: ==============================================================
[2025-11-03T03:56:11.902+0000] {spark_submit.py:491} INFO - 25/11/03 03:56:11 INFO ResourceUtils: No custom resources configured for spark.driver.
[2025-11-03T03:56:11.902+0000] {spark_submit.py:491} INFO - 25/11/03 03:56:11 INFO ResourceUtils: ==============================================================
[2025-11-03T03:56:11.903+0000] {spark_submit.py:491} INFO - 25/11/03 03:56:11 INFO SparkContext: Submitted application: Weather to Iceberg ETL
[2025-11-03T03:56:11.910+0000] {spark_submit.py:491} INFO - 25/11/03 03:56:11 INFO ResourceProfile: Default ResourceProfile created, executor resources: Map(cores -> name: cores, amount: 1, script: , vendor: , memory -> name: memory, amount: 1024, script: , vendor: , offHeap -> name: offHeap, amount: 0, script: , vendor: ), task resources: Map(cpus -> name: cpus, amount: 1.0)
[2025-11-03T03:56:11.915+0000] {spark_submit.py:491} INFO - 25/11/03 03:56:11 INFO ResourceProfile: Limiting resource is cpu
[2025-11-03T03:56:11.915+0000] {spark_submit.py:491} INFO - 25/11/03 03:56:11 INFO ResourceProfileManager: Added ResourceProfile id: 0
[2025-11-03T03:56:11.952+0000] {spark_submit.py:491} INFO - 25/11/03 03:56:11 INFO SecurityManager: Changing view acls to: ***
[2025-11-03T03:56:11.952+0000] {spark_submit.py:491} INFO - 25/11/03 03:56:11 INFO SecurityManager: Changing modify acls to: ***
[2025-11-03T03:56:11.952+0000] {spark_submit.py:491} INFO - 25/11/03 03:56:11 INFO SecurityManager: Changing view acls groups to:
[2025-11-03T03:56:11.952+0000] {spark_submit.py:491} INFO - 25/11/03 03:56:11 INFO SecurityManager: Changing modify acls groups to:
[2025-11-03T03:56:11.952+0000] {spark_submit.py:491} INFO - 25/11/03 03:56:11 INFO SecurityManager: SecurityManager: authentication disabled; ui acls disabled; users with view permissions: ***; groups with view permissions: EMPTY; users with modify permissions: ***; groups with modify permissions: EMPTY
[2025-11-03T03:56:12.048+0000] {spark_submit.py:491} INFO - 25/11/03 03:56:12 INFO Utils: Successfully started service 'sparkDriver' on port 43227.
[2025-11-03T03:56:12.066+0000] {spark_submit.py:491} INFO - 25/11/03 03:56:12 INFO SparkEnv: Registering MapOutputTracker
[2025-11-03T03:56:12.080+0000] {spark_submit.py:491} INFO - 25/11/03 03:56:12 INFO SparkEnv: Registering BlockManagerMaster
[2025-11-03T03:56:12.091+0000] {spark_submit.py:491} INFO - 25/11/03 03:56:12 INFO BlockManagerMasterEndpoint: Using org.apache.spark.storage.DefaultTopologyMapper for getting topology information
[2025-11-03T03:56:12.091+0000] {spark_submit.py:491} INFO - 25/11/03 03:56:12 INFO BlockManagerMasterEndpoint: BlockManagerMasterEndpoint up
[2025-11-03T03:56:12.095+0000] {spark_submit.py:491} INFO - 25/11/03 03:56:12 INFO SparkEnv: Registering BlockManagerMasterHeartbeat
[2025-11-03T03:56:12.104+0000] {spark_submit.py:491} INFO - 25/11/03 03:56:12 INFO DiskBlockManager: Created local directory at /tmp/blockmgr-1bf7da4b-b2f0-4393-a331-81fbdf0729f2
[2025-11-03T03:56:12.110+0000] {spark_submit.py:491} INFO - 25/11/03 03:56:12 INFO MemoryStore: MemoryStore started with capacity 434.4 MiB
[2025-11-03T03:56:12.118+0000] {spark_submit.py:491} INFO - 25/11/03 03:56:12 INFO SparkEnv: Registering OutputCommitCoordinator
[2025-11-03T03:56:12.179+0000] {spark_submit.py:491} INFO - 25/11/03 03:56:12 INFO JettyUtils: Start Jetty 0.0.0.0:4040 for SparkUI
[2025-11-03T03:56:12.209+0000] {spark_submit.py:491} INFO - 25/11/03 03:56:12 WARN Utils: Service 'SparkUI' could not bind on port 4040. Attempting port 4041.
[2025-11-03T03:56:12.214+0000] {spark_submit.py:491} INFO - 25/11/03 03:56:12 INFO Utils: Successfully started service 'SparkUI' on port 4041.
[2025-11-03T03:56:12.235+0000] {spark_submit.py:491} INFO - 25/11/03 03:56:12 INFO SparkContext: Added JAR file:///opt/***/jars/iceberg-spark-runtime-3.5_2.12-1.4.2.jar at spark://ec57452a9f33:43227/jars/iceberg-spark-runtime-3.5_2.12-1.4.2.jar with timestamp 1762142171888
[2025-11-03T03:56:12.235+0000] {spark_submit.py:491} INFO - 25/11/03 03:56:12 INFO SparkContext: Added JAR file:///opt/***/jars/aws-java-sdk-bundle-1.12.367.jar at spark://ec57452a9f33:43227/jars/aws-java-sdk-bundle-1.12.367.jar with timestamp 1762142171888
[2025-11-03T03:56:12.235+0000] {spark_submit.py:491} INFO - 25/11/03 03:56:12 INFO SparkContext: Added JAR file:///opt/***/jars/hadoop-aws-3.3.4.jar at spark://ec57452a9f33:43227/jars/hadoop-aws-3.3.4.jar with timestamp 1762142171888
[2025-11-03T03:56:12.268+0000] {spark_submit.py:491} INFO - 25/11/03 03:56:12 INFO Executor: Starting executor ID driver on host ec57452a9f33
[2025-11-03T03:56:12.268+0000] {spark_submit.py:491} INFO - 25/11/03 03:56:12 INFO Executor: OS info Linux, 6.10.14-linuxkit, aarch64
[2025-11-03T03:56:12.268+0000] {spark_submit.py:491} INFO - 25/11/03 03:56:12 INFO Executor: Java version 11.0.28
[2025-11-03T03:56:12.271+0000] {spark_submit.py:491} INFO - 25/11/03 03:56:12 INFO Executor: Starting executor with user classpath (userClassPathFirst = false): ''
[2025-11-03T03:56:12.272+0000] {spark_submit.py:491} INFO - 25/11/03 03:56:12 INFO Executor: Created or updated repl class loader org.apache.spark.util.MutableURLClassLoader@70dcbec9 for default.
[2025-11-03T03:56:12.282+0000] {spark_submit.py:491} INFO - 25/11/03 03:56:12 INFO Executor: Fetching spark://ec57452a9f33:43227/jars/hadoop-aws-3.3.4.jar with timestamp 1762142171888
[2025-11-03T03:56:12.316+0000] {spark_submit.py:491} INFO - 25/11/03 03:56:12 INFO TransportClientFactory: Successfully created connection to ec57452a9f33/172.18.0.4:43227 after 18 ms (0 ms spent in bootstraps)
[2025-11-03T03:56:12.321+0000] {spark_submit.py:491} INFO - 25/11/03 03:56:12 INFO Utils: Fetching spark://ec57452a9f33:43227/jars/hadoop-aws-3.3.4.jar to /tmp/spark-6726c437-b2e5-44b8-9867-2569c9977463/userFiles-46dfdc2e-ebc4-4bee-b244-3588a19f8940/fetchFileTemp7903144613456263628.tmp
[2025-11-03T03:56:12.339+0000] {spark_submit.py:491} INFO - 25/11/03 03:56:12 INFO Executor: Adding file:/tmp/spark-6726c437-b2e5-44b8-9867-2569c9977463/userFiles-46dfdc2e-ebc4-4bee-b244-3588a19f8940/hadoop-aws-3.3.4.jar to class loader default
[2025-11-03T03:56:12.340+0000] {spark_submit.py:491} INFO - 25/11/03 03:56:12 INFO Executor: Fetching spark://ec57452a9f33:43227/jars/aws-java-sdk-bundle-1.12.367.jar with timestamp 1762142171888
[2025-11-03T03:56:12.340+0000] {spark_submit.py:491} INFO - 25/11/03 03:56:12 INFO Utils: Fetching spark://ec57452a9f33:43227/jars/aws-java-sdk-bundle-1.12.367.jar to /tmp/spark-6726c437-b2e5-44b8-9867-2569c9977463/userFiles-46dfdc2e-ebc4-4bee-b244-3588a19f8940/fetchFileTemp1726193308091229635.tmp
[2025-11-03T03:56:12.663+0000] {spark_submit.py:491} INFO - 25/11/03 03:56:12 INFO Executor: Adding file:/tmp/spark-6726c437-b2e5-44b8-9867-2569c9977463/userFiles-46dfdc2e-ebc4-4bee-b244-3588a19f8940/aws-java-sdk-bundle-1.12.367.jar to class loader default
[2025-11-03T03:56:12.665+0000] {spark_submit.py:491} INFO - 25/11/03 03:56:12 INFO Executor: Fetching spark://ec57452a9f33:43227/jars/iceberg-spark-runtime-3.5_2.12-1.4.2.jar with timestamp 1762142171888
[2025-11-03T03:56:12.665+0000] {spark_submit.py:491} INFO - 25/11/03 03:56:12 INFO Utils: Fetching spark://ec57452a9f33:43227/jars/iceberg-spark-runtime-3.5_2.12-1.4.2.jar to /tmp/spark-6726c437-b2e5-44b8-9867-2569c9977463/userFiles-46dfdc2e-ebc4-4bee-b244-3588a19f8940/fetchFileTemp9545425921993789981.tmp
[2025-11-03T03:56:12.732+0000] {spark_submit.py:491} INFO - 25/11/03 03:56:12 INFO Executor: Adding file:/tmp/spark-6726c437-b2e5-44b8-9867-2569c9977463/userFiles-46dfdc2e-ebc4-4bee-b244-3588a19f8940/iceberg-spark-runtime-3.5_2.12-1.4.2.jar to class loader default
[2025-11-03T03:56:12.737+0000] {spark_submit.py:491} INFO - 25/11/03 03:56:12 INFO Utils: Successfully started service 'org.apache.spark.network.netty.NettyBlockTransferService' on port 44791.
[2025-11-03T03:56:12.738+0000] {spark_submit.py:491} INFO - 25/11/03 03:56:12 INFO NettyBlockTransferService: Server created on ec57452a9f33:44791
[2025-11-03T03:56:12.738+0000] {spark_submit.py:491} INFO - 25/11/03 03:56:12 INFO BlockManager: Using org.apache.spark.storage.RandomBlockReplicationPolicy for block replication policy
[2025-11-03T03:56:12.748+0000] {spark_submit.py:491} INFO - 25/11/03 03:56:12 INFO BlockManagerMaster: Registering BlockManager BlockManagerId(driver, ec57452a9f33, 44791, None)
[2025-11-03T03:56:12.754+0000] {spark_submit.py:491} INFO - 25/11/03 03:56:12 INFO BlockManagerMasterEndpoint: Registering block manager ec57452a9f33:44791 with 434.4 MiB RAM, BlockManagerId(driver, ec57452a9f33, 44791, None)
[2025-11-03T03:56:12.767+0000] {spark_submit.py:491} INFO - 25/11/03 03:56:12 INFO BlockManagerMaster: Registered BlockManager BlockManagerId(driver, ec57452a9f33, 44791, None)
[2025-11-03T03:56:12.771+0000] {spark_submit.py:491} INFO - 25/11/03 03:56:12 INFO BlockManager: Initialized BlockManager: BlockManagerId(driver, ec57452a9f33, 44791, None)
[2025-11-03T03:56:14.680+0000] {spark_submit.py:491} INFO - 25/11/03 03:56:14 WARN MetricsConfig: Cannot locate configuration: tried hadoop-metrics2-s3a-file-system.properties,hadoop-metrics2.properties
[2025-11-03T03:56:15.453+0000] {spark_submit.py:491} INFO - Created/verified weather table
[2025-11-03T03:56:15.453+0000] {spark_submit.py:491} INFO - Reading weather data from: /opt/***/data/weather/weather_data_20251103_03.json
[2025-11-03T03:56:16.760+0000] {spark_submit.py:491} INFO - Raw weather data count: 24
[2025-11-03T03:56:16.763+0000] {spark_submit.py:491} INFO - root
[2025-11-03T03:56:16.764+0000] {spark_submit.py:491} INFO - |-- timestamp: string (nullable = true)
[2025-11-03T03:56:16.764+0000] {spark_submit.py:491} INFO - |-- location: string (nullable = true)
[2025-11-03T03:56:16.764+0000] {spark_submit.py:491} INFO - |-- latitude: double (nullable = true)
[2025-11-03T03:56:16.764+0000] {spark_submit.py:491} INFO - |-- longitude: double (nullable = true)
[2025-11-03T03:56:16.764+0000] {spark_submit.py:491} INFO - |-- temperature_celsius: double (nullable = true)
[2025-11-03T03:56:16.764+0000] {spark_submit.py:491} INFO - |-- temperature_fahrenheit: double (nullable = true)
[2025-11-03T03:56:16.764+0000] {spark_submit.py:491} INFO - |-- humidity_percent: double (nullable = true)
[2025-11-03T03:56:16.764+0000] {spark_submit.py:491} INFO - |-- pressure_hpa: double (nullable = true)
[2025-11-03T03:56:16.765+0000] {spark_submit.py:491} INFO - |-- wind_speed_kmh: double (nullable = true)
[2025-11-03T03:56:16.765+0000] {spark_submit.py:491} INFO - |-- weather_condition: string (nullable = true)
[2025-11-03T03:56:16.765+0000] {spark_submit.py:491} INFO - |-- visibility_km: double (nullable = true)
[2025-11-03T03:56:16.765+0000] {spark_submit.py:491} INFO - |-- uv_index: double (nullable = true)
[2025-11-03T03:56:16.765+0000] {spark_submit.py:491} INFO - |-- hour: integer (nullable = true)
[2025-11-03T03:56:16.765+0000] {spark_submit.py:491} INFO - |-- day_of_week: integer (nullable = true)
[2025-11-03T03:56:16.766+0000] {spark_submit.py:491} INFO - |-- is_weekend: boolean (nullable = true)
[2025-11-03T03:56:16.766+0000] {spark_submit.py:491} INFO - 
[2025-11-03T03:56:17.059+0000] {spark_submit.py:491} INFO - Processed weather data count: 24
[2025-11-03T03:56:18.346+0000] {spark_submit.py:491} INFO - Successfully wrote weather data to Iceberg table
[2025-11-03T03:56:19.845+0000] {spark_submit.py:491} INFO - +------------+------------------+-----------------+-----------------+--------------------+
[2025-11-03T03:56:19.846+0000] {spark_submit.py:491} INFO - |weather_date|        avg_temp_c|     avg_humidity|   avg_wind_speed|          conditions|
[2025-11-03T03:56:19.846+0000] {spark_submit.py:491} INFO - +------------+------------------+-----------------+-----------------+--------------------+
[2025-11-03T03:56:19.846+0000] {spark_submit.py:491} INFO - |  2025-11-03|14.228000000000002|           63.276|             5.78|[clear, snow, rai...|
[2025-11-03T03:56:19.846+0000] {spark_submit.py:491} INFO - |  2025-11-02|18.164895104895106|63.35664335664335|7.304195804195802|[clear, snow, rai...|
[2025-11-03T03:56:19.847+0000] {spark_submit.py:491} INFO - +------------+------------------+-----------------+-----------------+--------------------+
[2025-11-03T03:56:19.847+0000] {spark_submit.py:491} INFO - 
[2025-11-03T03:56:19.847+0000] {spark_submit.py:491} INFO - Weather ETL job completed successfully!
[2025-11-03T03:56:20.513+0000] {taskinstance.py:1398} INFO - Marking task as SUCCESS. dag_id=nyc_weather_etl, task_id=spark_process_weather_to_iceberg, execution_date=20251103T035607, start_date=20251103T035610, end_date=20251103T035620
[2025-11-03T03:56:20.553+0000] {local_task_job_runner.py:228} INFO - Task exited with return code 0
[2025-11-03T03:56:20.565+0000] {taskinstance.py:2776} INFO - 0 downstream tasks scheduled from follow-on schedule check
