[2025-10-28T07:58:11.180+0000] {taskinstance.py:1157} INFO - Dependencies all met for dep_context=non-requeueable deps ti=<TaskInstance: nyc_weather_etl.spark_process_weather_to_iceberg manual__2025-10-28T07:58:08.605095+00:00 [queued]>
[2025-10-28T07:58:11.185+0000] {taskinstance.py:1157} INFO - Dependencies all met for dep_context=requeueable deps ti=<TaskInstance: nyc_weather_etl.spark_process_weather_to_iceberg manual__2025-10-28T07:58:08.605095+00:00 [queued]>
[2025-10-28T07:58:11.185+0000] {taskinstance.py:1359} INFO - Starting attempt 1 of 1
[2025-10-28T07:58:11.191+0000] {taskinstance.py:1380} INFO - Executing <Task(SparkSubmitOperator): spark_process_weather_to_iceberg> on 2025-10-28 07:58:08.605095+00:00
[2025-10-28T07:58:11.195+0000] {standard_task_runner.py:57} INFO - Started process 27585 to run task
[2025-10-28T07:58:11.197+0000] {standard_task_runner.py:84} INFO - Running: ['***', 'tasks', 'run', 'nyc_weather_etl', 'spark_process_weather_to_iceberg', 'manual__2025-10-28T07:58:08.605095+00:00', '--job-id', '716', '--raw', '--subdir', 'DAGS_FOLDER/nyc_weather_etl.py', '--cfg-path', '/tmp/tmp99b6bjge']
[2025-10-28T07:58:11.198+0000] {standard_task_runner.py:85} INFO - Job 716: Subtask spark_process_weather_to_iceberg
[2025-10-28T07:58:11.218+0000] {task_command.py:415} INFO - Running <TaskInstance: nyc_weather_etl.spark_process_weather_to_iceberg manual__2025-10-28T07:58:08.605095+00:00 [running]> on host b40be2a595bb
[2025-10-28T07:58:11.334+0000] {taskinstance.py:1660} INFO - Exporting env vars: AIRFLOW_CTX_DAG_OWNER='data-engineering' AIRFLOW_CTX_DAG_ID='nyc_weather_etl' AIRFLOW_CTX_TASK_ID='spark_process_weather_to_iceberg' AIRFLOW_CTX_EXECUTION_DATE='2025-10-28T07:58:08.605095+00:00' AIRFLOW_CTX_TRY_NUMBER='1' AIRFLOW_CTX_DAG_RUN_ID='manual__2025-10-28T07:58:08.605095+00:00'
[2025-10-28T07:58:11.338+0000] {base.py:73} INFO - Using connection ID 'spark_default' for task execution.
[2025-10-28T07:58:11.340+0000] {spark_submit.py:340} INFO - Spark-Submit cmd: /opt/bitnami/spark/bin/spark-submit --master spark://spark-master:7077 --conf spark.master=spark://spark-master:7077 --conf spark.sql.catalog.spark_catalog=org.apache.iceberg.spark.SparkSessionCatalog --conf spark.sql.catalog.spark_catalog.type=hive --conf spark.sql.catalog.iceberg=org.apache.iceberg.spark.SparkCatalog --conf spark.sql.catalog.iceberg.type=hadoop --conf spark.sql.catalog.iceberg.warehouse=s3a://lakehouse/warehouse --conf spark.sql.extensions=org.apache.iceberg.spark.extensions.IcebergSparkSessionExtensions --conf spark.hadoop.fs.s3a.endpoint=http://minio:9000 --conf spark.hadoop.fs.s3a.access.key=admin --conf spark.hadoop.fs.s3a.secret.key=****** --conf spark.hadoop.fs.s3a.path.style.access=true --conf spark.hadoop.fs.s3a.impl=org.apache.hadoop.fs.s3a.S3AFileSystem --jars /opt/***/jars/iceberg-spark-runtime-3.5_2.12-1.4.2.jar,/opt/***/jars/aws-java-sdk-bundle-1.12.367.jar,/opt/***/jars/hadoop-aws-3.3.4.jar --name arrow-spark --queue default /opt/***/dags/spark_jobs/weather_to_iceberg.py {task_instance.xcom_pull(task_ids='validate_weather_data', key='validated_weather_path')}
[2025-10-28T07:58:12.108+0000] {spark_submit.py:491} INFO - 25/10/28 07:58:12 WARN NativeCodeLoader: Unable to load native-hadoop library for your platform... using builtin-java classes where applicable
[2025-10-28T07:58:12.744+0000] {spark_submit.py:491} INFO - 25/10/28 07:58:12 INFO SparkContext: Running Spark version 3.5.1
[2025-10-28T07:58:12.744+0000] {spark_submit.py:491} INFO - 25/10/28 07:58:12 INFO SparkContext: OS info Linux, 6.10.14-linuxkit, aarch64
[2025-10-28T07:58:12.746+0000] {spark_submit.py:491} INFO - 25/10/28 07:58:12 INFO SparkContext: Java version 11.0.28
[2025-10-28T07:58:12.768+0000] {spark_submit.py:491} INFO - 25/10/28 07:58:12 INFO ResourceUtils: ==============================================================
[2025-10-28T07:58:12.768+0000] {spark_submit.py:491} INFO - 25/10/28 07:58:12 INFO ResourceUtils: No custom resources configured for spark.driver.
[2025-10-28T07:58:12.769+0000] {spark_submit.py:491} INFO - 25/10/28 07:58:12 INFO ResourceUtils: ==============================================================
[2025-10-28T07:58:12.769+0000] {spark_submit.py:491} INFO - 25/10/28 07:58:12 INFO SparkContext: Submitted application: Weather to Iceberg ETL
[2025-10-28T07:58:12.776+0000] {spark_submit.py:491} INFO - 25/10/28 07:58:12 INFO ResourceProfile: Default ResourceProfile created, executor resources: Map(cores -> name: cores, amount: 1, script: , vendor: , memory -> name: memory, amount: 1024, script: , vendor: , offHeap -> name: offHeap, amount: 0, script: , vendor: ), task resources: Map(cpus -> name: cpus, amount: 1.0)
[2025-10-28T07:58:12.781+0000] {spark_submit.py:491} INFO - 25/10/28 07:58:12 INFO ResourceProfile: Limiting resource is cpu
[2025-10-28T07:58:12.781+0000] {spark_submit.py:491} INFO - 25/10/28 07:58:12 INFO ResourceProfileManager: Added ResourceProfile id: 0
[2025-10-28T07:58:12.809+0000] {spark_submit.py:491} INFO - 25/10/28 07:58:12 INFO SecurityManager: Changing view acls to: ***
[2025-10-28T07:58:12.809+0000] {spark_submit.py:491} INFO - 25/10/28 07:58:12 INFO SecurityManager: Changing modify acls to: ***
[2025-10-28T07:58:12.809+0000] {spark_submit.py:491} INFO - 25/10/28 07:58:12 INFO SecurityManager: Changing view acls groups to:
[2025-10-28T07:58:12.809+0000] {spark_submit.py:491} INFO - 25/10/28 07:58:12 INFO SecurityManager: Changing modify acls groups to:
[2025-10-28T07:58:12.811+0000] {spark_submit.py:491} INFO - 25/10/28 07:58:12 INFO SecurityManager: SecurityManager: authentication disabled; ui acls disabled; users with view permissions: ***; groups with view permissions: EMPTY; users with modify permissions: ***; groups with modify permissions: EMPTY
[2025-10-28T07:58:12.904+0000] {spark_submit.py:491} INFO - 25/10/28 07:58:12 INFO Utils: Successfully started service 'sparkDriver' on port 34063.
[2025-10-28T07:58:12.918+0000] {spark_submit.py:491} INFO - 25/10/28 07:58:12 INFO SparkEnv: Registering MapOutputTracker
[2025-10-28T07:58:12.932+0000] {spark_submit.py:491} INFO - 25/10/28 07:58:12 INFO SparkEnv: Registering BlockManagerMaster
[2025-10-28T07:58:12.942+0000] {spark_submit.py:491} INFO - 25/10/28 07:58:12 INFO BlockManagerMasterEndpoint: Using org.apache.spark.storage.DefaultTopologyMapper for getting topology information
[2025-10-28T07:58:12.943+0000] {spark_submit.py:491} INFO - 25/10/28 07:58:12 INFO BlockManagerMasterEndpoint: BlockManagerMasterEndpoint up
[2025-10-28T07:58:12.944+0000] {spark_submit.py:491} INFO - 25/10/28 07:58:12 INFO SparkEnv: Registering BlockManagerMasterHeartbeat
[2025-10-28T07:58:12.954+0000] {spark_submit.py:491} INFO - 25/10/28 07:58:12 INFO DiskBlockManager: Created local directory at /tmp/blockmgr-b1c92a3a-18b6-4685-b50d-db4ef7d0f5b8
[2025-10-28T07:58:12.961+0000] {spark_submit.py:491} INFO - 25/10/28 07:58:12 INFO MemoryStore: MemoryStore started with capacity 434.4 MiB
[2025-10-28T07:58:12.966+0000] {spark_submit.py:491} INFO - 25/10/28 07:58:12 INFO SparkEnv: Registering OutputCommitCoordinator
[2025-10-28T07:58:13.021+0000] {spark_submit.py:491} INFO - 25/10/28 07:58:13 INFO JettyUtils: Start Jetty 0.0.0.0:4040 for SparkUI
[2025-10-28T07:58:13.042+0000] {spark_submit.py:491} INFO - 25/10/28 07:58:13 WARN Utils: Service 'SparkUI' could not bind on port 4040. Attempting port 4041.
[2025-10-28T07:58:13.050+0000] {spark_submit.py:491} INFO - 25/10/28 07:58:13 INFO Utils: Successfully started service 'SparkUI' on port 4041.
[2025-10-28T07:58:13.069+0000] {spark_submit.py:491} INFO - 25/10/28 07:58:13 INFO SparkContext: Added JAR file:///opt/***/jars/iceberg-spark-runtime-3.5_2.12-1.4.2.jar at spark://b40be2a595bb:34063/jars/iceberg-spark-runtime-3.5_2.12-1.4.2.jar with timestamp 1761638292739
[2025-10-28T07:58:13.070+0000] {spark_submit.py:491} INFO - 25/10/28 07:58:13 INFO SparkContext: Added JAR file:///opt/***/jars/aws-java-sdk-bundle-1.12.367.jar at spark://b40be2a595bb:34063/jars/aws-java-sdk-bundle-1.12.367.jar with timestamp 1761638292739
[2025-10-28T07:58:13.070+0000] {spark_submit.py:491} INFO - 25/10/28 07:58:13 INFO SparkContext: Added JAR file:///opt/***/jars/hadoop-aws-3.3.4.jar at spark://b40be2a595bb:34063/jars/hadoop-aws-3.3.4.jar with timestamp 1761638292739
[2025-10-28T07:58:13.106+0000] {spark_submit.py:491} INFO - 25/10/28 07:58:13 INFO Executor: Starting executor ID driver on host b40be2a595bb
[2025-10-28T07:58:13.106+0000] {spark_submit.py:491} INFO - 25/10/28 07:58:13 INFO Executor: OS info Linux, 6.10.14-linuxkit, aarch64
[2025-10-28T07:58:13.107+0000] {spark_submit.py:491} INFO - 25/10/28 07:58:13 INFO Executor: Java version 11.0.28
[2025-10-28T07:58:13.108+0000] {spark_submit.py:491} INFO - 25/10/28 07:58:13 INFO Executor: Starting executor with user classpath (userClassPathFirst = false): ''
[2025-10-28T07:58:13.109+0000] {spark_submit.py:491} INFO - 25/10/28 07:58:13 INFO Executor: Created or updated repl class loader org.apache.spark.util.MutableURLClassLoader@1a46556b for default.
[2025-10-28T07:58:13.115+0000] {spark_submit.py:491} INFO - 25/10/28 07:58:13 INFO Executor: Fetching spark://b40be2a595bb:34063/jars/hadoop-aws-3.3.4.jar with timestamp 1761638292739
[2025-10-28T07:58:13.144+0000] {spark_submit.py:491} INFO - 25/10/28 07:58:13 INFO TransportClientFactory: Successfully created connection to b40be2a595bb/172.18.0.5:34063 after 16 ms (0 ms spent in bootstraps)
[2025-10-28T07:58:13.149+0000] {spark_submit.py:491} INFO - 25/10/28 07:58:13 INFO Utils: Fetching spark://b40be2a595bb:34063/jars/hadoop-aws-3.3.4.jar to /tmp/spark-be77cf78-ec72-449b-87bf-e5db51f2167d/userFiles-cfe133a9-b57a-470a-8756-1a7ee9c103a2/fetchFileTemp11472621232605339224.tmp
[2025-10-28T07:58:13.176+0000] {spark_submit.py:491} INFO - 25/10/28 07:58:13 INFO Executor: Adding file:/tmp/spark-be77cf78-ec72-449b-87bf-e5db51f2167d/userFiles-cfe133a9-b57a-470a-8756-1a7ee9c103a2/hadoop-aws-3.3.4.jar to class loader default
[2025-10-28T07:58:13.177+0000] {spark_submit.py:491} INFO - 25/10/28 07:58:13 INFO Executor: Fetching spark://b40be2a595bb:34063/jars/iceberg-spark-runtime-3.5_2.12-1.4.2.jar with timestamp 1761638292739
[2025-10-28T07:58:13.177+0000] {spark_submit.py:491} INFO - 25/10/28 07:58:13 INFO Utils: Fetching spark://b40be2a595bb:34063/jars/iceberg-spark-runtime-3.5_2.12-1.4.2.jar to /tmp/spark-be77cf78-ec72-449b-87bf-e5db51f2167d/userFiles-cfe133a9-b57a-470a-8756-1a7ee9c103a2/fetchFileTemp17663168283382430128.tmp
[2025-10-28T07:58:13.242+0000] {spark_submit.py:491} INFO - 25/10/28 07:58:13 INFO Executor: Adding file:/tmp/spark-be77cf78-ec72-449b-87bf-e5db51f2167d/userFiles-cfe133a9-b57a-470a-8756-1a7ee9c103a2/iceberg-spark-runtime-3.5_2.12-1.4.2.jar to class loader default
[2025-10-28T07:58:13.243+0000] {spark_submit.py:491} INFO - 25/10/28 07:58:13 INFO Executor: Fetching spark://b40be2a595bb:34063/jars/aws-java-sdk-bundle-1.12.367.jar with timestamp 1761638292739
[2025-10-28T07:58:13.244+0000] {spark_submit.py:491} INFO - 25/10/28 07:58:13 INFO Utils: Fetching spark://b40be2a595bb:34063/jars/aws-java-sdk-bundle-1.12.367.jar to /tmp/spark-be77cf78-ec72-449b-87bf-e5db51f2167d/userFiles-cfe133a9-b57a-470a-8756-1a7ee9c103a2/fetchFileTemp2516690647213607610.tmp
[2025-10-28T07:58:13.777+0000] {spark_submit.py:491} INFO - 25/10/28 07:58:13 INFO Executor: Adding file:/tmp/spark-be77cf78-ec72-449b-87bf-e5db51f2167d/userFiles-cfe133a9-b57a-470a-8756-1a7ee9c103a2/aws-java-sdk-bundle-1.12.367.jar to class loader default
[2025-10-28T07:58:13.785+0000] {spark_submit.py:491} INFO - 25/10/28 07:58:13 INFO Utils: Successfully started service 'org.apache.spark.network.netty.NettyBlockTransferService' on port 38463.
[2025-10-28T07:58:13.785+0000] {spark_submit.py:491} INFO - 25/10/28 07:58:13 INFO NettyBlockTransferService: Server created on b40be2a595bb:38463
[2025-10-28T07:58:13.785+0000] {spark_submit.py:491} INFO - 25/10/28 07:58:13 INFO BlockManager: Using org.apache.spark.storage.RandomBlockReplicationPolicy for block replication policy
[2025-10-28T07:58:13.789+0000] {spark_submit.py:491} INFO - 25/10/28 07:58:13 INFO BlockManagerMaster: Registering BlockManager BlockManagerId(driver, b40be2a595bb, 38463, None)
[2025-10-28T07:58:13.791+0000] {spark_submit.py:491} INFO - 25/10/28 07:58:13 INFO BlockManagerMasterEndpoint: Registering block manager b40be2a595bb:38463 with 434.4 MiB RAM, BlockManagerId(driver, b40be2a595bb, 38463, None)
[2025-10-28T07:58:13.792+0000] {spark_submit.py:491} INFO - 25/10/28 07:58:13 INFO BlockManagerMaster: Registered BlockManager BlockManagerId(driver, b40be2a595bb, 38463, None)
[2025-10-28T07:58:13.792+0000] {spark_submit.py:491} INFO - 25/10/28 07:58:13 INFO BlockManager: Initialized BlockManager: BlockManagerId(driver, b40be2a595bb, 38463, None)
[2025-10-28T07:58:15.166+0000] {spark_submit.py:491} INFO - 25/10/28 07:58:15 WARN MetricsConfig: Cannot locate configuration: tried hadoop-metrics2-s3a-file-system.properties,hadoop-metrics2.properties
[2025-10-28T07:58:15.982+0000] {spark_submit.py:491} INFO - Created/verified weather table
[2025-10-28T07:58:15.983+0000] {spark_submit.py:491} INFO - Reading weather data from: {task_instance.xcom_pull(task_ids='validate_weather_data', key='validated_weather_path')}
[2025-10-28T07:58:15.983+0000] {spark_submit.py:491} INFO - Error in weather ETL job: [Errno 2] No such file or directory: "{task_instance.xcom_pull(task_ids='validate_weather_data', key='validated_weather_path')}"
[2025-10-28T07:58:16.422+0000] {spark_submit.py:491} INFO - Traceback (most recent call last):
[2025-10-28T07:58:16.423+0000] {spark_submit.py:491} INFO - File "/opt/***/dags/spark_jobs/weather_to_iceberg.py", line 216, in <module>
[2025-10-28T07:58:16.423+0000] {spark_submit.py:491} INFO - main()
[2025-10-28T07:58:16.423+0000] {spark_submit.py:491} INFO - File "/opt/***/dags/spark_jobs/weather_to_iceberg.py", line 205, in main
[2025-10-28T07:58:16.423+0000] {spark_submit.py:491} INFO - process_weather_data(spark, input_path)
[2025-10-28T07:58:16.423+0000] {spark_submit.py:491} INFO - File "/opt/***/dags/spark_jobs/weather_to_iceberg.py", line 104, in process_weather_data
[2025-10-28T07:58:16.423+0000] {spark_submit.py:491} INFO - with open(input_path, 'r') as f:
[2025-10-28T07:58:16.424+0000] {spark_submit.py:491} INFO - FileNotFoundError: [Errno 2] No such file or directory: "{task_instance.xcom_pull(task_ids='validate_weather_data', key='validated_weather_path')}"
[2025-10-28T07:58:16.496+0000] {taskinstance.py:1935} ERROR - Task failed with exception
Traceback (most recent call last):
  File "/home/airflow/.local/lib/python3.8/site-packages/airflow/providers/apache/spark/operators/spark_submit.py", line 156, in execute
    self._hook.submit(self._application)
  File "/home/airflow/.local/lib/python3.8/site-packages/airflow/providers/apache/spark/hooks/spark_submit.py", line 422, in submit
    raise AirflowException(
airflow.exceptions.AirflowException: Cannot execute: /opt/bitnami/spark/bin/spark-submit --master spark://spark-master:7077 --conf spark.master=spark://spark-master:7077 --conf spark.sql.catalog.spark_catalog=org.apache.iceberg.spark.SparkSessionCatalog --conf spark.sql.catalog.spark_catalog.type=hive --conf spark.sql.catalog.iceberg=org.apache.iceberg.spark.SparkCatalog --conf spark.sql.catalog.iceberg.type=hadoop --conf spark.sql.catalog.iceberg.warehouse=s3a://lakehouse/warehouse --conf spark.sql.extensions=org.apache.iceberg.spark.extensions.IcebergSparkSessionExtensions --conf spark.hadoop.fs.s3a.endpoint=http://minio:9000 --conf spark.hadoop.fs.s3a.access.key=admin --conf spark.hadoop.fs.s3a.secret.key=****** --conf spark.hadoop.fs.s3a.path.style.access=true --conf spark.hadoop.fs.s3a.impl=org.apache.hadoop.fs.s3a.S3AFileSystem --jars /opt/***/jars/iceberg-spark-runtime-3.5_2.12-1.4.2.jar,/opt/***/jars/aws-java-sdk-bundle-1.12.367.jar,/opt/***/jars/hadoop-aws-3.3.4.jar --name arrow-spark --queue default /opt/***/dags/spark_jobs/weather_to_iceberg.py {task_instance.xcom_pull(task_ids='validate_weather_data', key='validated_weather_path')}. Error code is: 1.
[2025-10-28T07:58:16.498+0000] {taskinstance.py:1398} INFO - Marking task as FAILED. dag_id=nyc_weather_etl, task_id=spark_process_weather_to_iceberg, execution_date=20251028T075808, start_date=20251028T075811, end_date=20251028T075816
[2025-10-28T07:58:16.504+0000] {standard_task_runner.py:104} ERROR - Failed to execute job 716 for task spark_process_weather_to_iceberg (Cannot execute: /opt/bitnami/spark/bin/spark-submit --master spark://spark-master:7077 --conf spark.master=spark://spark-master:7077 --conf spark.sql.catalog.spark_catalog=org.apache.iceberg.spark.SparkSessionCatalog --conf spark.sql.catalog.spark_catalog.type=hive --conf spark.sql.catalog.iceberg=org.apache.iceberg.spark.SparkCatalog --conf spark.sql.catalog.iceberg.type=hadoop --conf spark.sql.catalog.iceberg.warehouse=s3a://lakehouse/warehouse --conf spark.sql.extensions=org.apache.iceberg.spark.extensions.IcebergSparkSessionExtensions --conf spark.hadoop.fs.s3a.endpoint=http://minio:9000 --conf spark.hadoop.fs.s3a.access.key=admin --conf spark.hadoop.fs.s3a.secret.key=****** --conf spark.hadoop.fs.s3a.path.style.access=true --conf spark.hadoop.fs.s3a.impl=org.apache.hadoop.fs.s3a.S3AFileSystem --jars /opt/***/jars/iceberg-spark-runtime-3.5_2.12-1.4.2.jar,/opt/***/jars/aws-java-sdk-bundle-1.12.367.jar,/opt/***/jars/hadoop-aws-3.3.4.jar --name arrow-spark --queue default /opt/***/dags/spark_jobs/weather_to_iceberg.py {task_instance.xcom_pull(task_ids='validate_weather_data', key='validated_weather_path')}. Error code is: 1.; 27585)
[2025-10-28T07:58:16.538+0000] {local_task_job_runner.py:228} INFO - Task exited with return code 1
[2025-10-28T07:58:16.547+0000] {taskinstance.py:2776} INFO - 0 downstream tasks scheduled from follow-on schedule check
