[2025-11-02T12:53:54.964+0000] {taskinstance.py:1157} INFO - Dependencies all met for dep_context=non-requeueable deps ti=<TaskInstance: nyc_taxi_iceberg_etl.spark_process_to_iceberg manual__2025-11-02T12:53:27.124781+00:00 [queued]>
[2025-11-02T12:53:54.966+0000] {taskinstance.py:1157} INFO - Dependencies all met for dep_context=requeueable deps ti=<TaskInstance: nyc_taxi_iceberg_etl.spark_process_to_iceberg manual__2025-11-02T12:53:27.124781+00:00 [queued]>
[2025-11-02T12:53:54.966+0000] {taskinstance.py:1359} INFO - Starting attempt 1 of 1
[2025-11-02T12:53:55.016+0000] {taskinstance.py:1380} INFO - Executing <Task(SparkSubmitOperator): spark_process_to_iceberg> on 2025-11-02 12:53:27.124781+00:00
[2025-11-02T12:53:55.018+0000] {standard_task_runner.py:57} INFO - Started process 541 to run task
[2025-11-02T12:53:55.020+0000] {standard_task_runner.py:84} INFO - Running: ['***', 'tasks', 'run', 'nyc_taxi_iceberg_etl', 'spark_process_to_iceberg', 'manual__2025-11-02T12:53:27.124781+00:00', '--job-id', '9', '--raw', '--subdir', 'DAGS_FOLDER/nyc_taxi_iceberg_etl.py', '--cfg-path', '/tmp/tmp_8yeqiwe']
[2025-11-02T12:53:55.021+0000] {standard_task_runner.py:85} INFO - Job 9: Subtask spark_process_to_iceberg
[2025-11-02T12:53:55.040+0000] {task_command.py:415} INFO - Running <TaskInstance: nyc_taxi_iceberg_etl.spark_process_to_iceberg manual__2025-11-02T12:53:27.124781+00:00 [running]> on host ec57452a9f33
[2025-11-02T12:53:55.074+0000] {taskinstance.py:1660} INFO - Exporting env vars: AIRFLOW_CTX_DAG_OWNER='data-engineering' AIRFLOW_CTX_DAG_ID='nyc_taxi_iceberg_etl' AIRFLOW_CTX_TASK_ID='spark_process_to_iceberg' AIRFLOW_CTX_EXECUTION_DATE='2025-11-02T12:53:27.124781+00:00' AIRFLOW_CTX_TRY_NUMBER='1' AIRFLOW_CTX_DAG_RUN_ID='manual__2025-11-02T12:53:27.124781+00:00'
[2025-11-02T12:53:55.074+0000] {base.py:73} INFO - Using connection ID 'spark_default' for task execution.
[2025-11-02T12:53:55.075+0000] {spark_submit.py:340} INFO - Spark-Submit cmd: /opt/bitnami/spark/bin/spark-submit --master spark-master:7077 --conf spark.master=spark://spark-master:7077 --conf spark.sql.catalog.spark_catalog=org.apache.iceberg.spark.SparkSessionCatalog --conf spark.sql.catalog.spark_catalog.type=hive --conf spark.sql.catalog.iceberg=org.apache.iceberg.spark.SparkCatalog --conf spark.sql.catalog.iceberg.type=hadoop --conf spark.sql.catalog.iceberg.warehouse=s3a://lakehouse/warehouse --conf spark.sql.extensions=org.apache.iceberg.spark.extensions.IcebergSparkSessionExtensions --conf spark.hadoop.fs.s3a.endpoint=http://minio:9000 --conf spark.hadoop.fs.s3a.access.key=admin --conf spark.hadoop.fs.s3a.secret.key=****** --conf spark.hadoop.fs.s3a.path.style.access=true --conf spark.hadoop.fs.s3a.impl=org.apache.hadoop.fs.s3a.S3AFileSystem --jars /opt/***/jars/iceberg-spark-runtime-3.5_2.12-1.4.2.jar,/opt/***/jars/aws-java-sdk-bundle-1.12.367.jar,/opt/***/jars/hadoop-aws-3.3.4.jar --name arrow-spark /opt/***/dags/spark_jobs/nyc_taxi_to_iceberg.py /opt/***/data/raw/yellow_tripdata_2025-11.parquet
[2025-11-02T12:53:55.769+0000] {spark_submit.py:491} INFO - 25/11/02 12:53:55 WARN NativeCodeLoader: Unable to load native-hadoop library for your platform... using builtin-java classes where applicable
[2025-11-02T12:53:56.237+0000] {spark_submit.py:491} INFO - 25/11/02 12:53:56 INFO SparkContext: Running Spark version 3.5.1
[2025-11-02T12:53:56.239+0000] {spark_submit.py:491} INFO - 25/11/02 12:53:56 INFO SparkContext: OS info Linux, 6.10.14-linuxkit, aarch64
[2025-11-02T12:53:56.240+0000] {spark_submit.py:491} INFO - 25/11/02 12:53:56 INFO SparkContext: Java version 11.0.28
[2025-11-02T12:53:56.246+0000] {spark_submit.py:491} INFO - 25/11/02 12:53:56 INFO ResourceUtils: ==============================================================
[2025-11-02T12:53:56.246+0000] {spark_submit.py:491} INFO - 25/11/02 12:53:56 INFO ResourceUtils: No custom resources configured for spark.driver.
[2025-11-02T12:53:56.247+0000] {spark_submit.py:491} INFO - 25/11/02 12:53:56 INFO ResourceUtils: ==============================================================
[2025-11-02T12:53:56.251+0000] {spark_submit.py:491} INFO - 25/11/02 12:53:56 INFO SparkContext: Submitted application: NYC Taxi to Iceberg ETL
[2025-11-02T12:53:56.253+0000] {spark_submit.py:491} INFO - 25/11/02 12:53:56 INFO ResourceProfile: Default ResourceProfile created, executor resources: Map(cores -> name: cores, amount: 1, script: , vendor: , memory -> name: memory, amount: 1024, script: , vendor: , offHeap -> name: offHeap, amount: 0, script: , vendor: ), task resources: Map(cpus -> name: cpus, amount: 1.0)
[2025-11-02T12:53:56.256+0000] {spark_submit.py:491} INFO - 25/11/02 12:53:56 INFO ResourceProfile: Limiting resource is cpu
[2025-11-02T12:53:56.256+0000] {spark_submit.py:491} INFO - 25/11/02 12:53:56 INFO ResourceProfileManager: Added ResourceProfile id: 0
[2025-11-02T12:53:56.279+0000] {spark_submit.py:491} INFO - 25/11/02 12:53:56 INFO SecurityManager: Changing view acls to: ***
[2025-11-02T12:53:56.279+0000] {spark_submit.py:491} INFO - 25/11/02 12:53:56 INFO SecurityManager: Changing modify acls to: ***
[2025-11-02T12:53:56.280+0000] {spark_submit.py:491} INFO - 25/11/02 12:53:56 INFO SecurityManager: Changing view acls groups to:
[2025-11-02T12:53:56.280+0000] {spark_submit.py:491} INFO - 25/11/02 12:53:56 INFO SecurityManager: Changing modify acls groups to:
[2025-11-02T12:53:56.281+0000] {spark_submit.py:491} INFO - 25/11/02 12:53:56 INFO SecurityManager: SecurityManager: authentication disabled; ui acls disabled; users with view permissions: ***; groups with view permissions: EMPTY; users with modify permissions: ***; groups with modify permissions: EMPTY
[2025-11-02T12:53:56.362+0000] {spark_submit.py:491} INFO - 25/11/02 12:53:56 INFO Utils: Successfully started service 'sparkDriver' on port 35305.
[2025-11-02T12:53:56.373+0000] {spark_submit.py:491} INFO - 25/11/02 12:53:56 INFO SparkEnv: Registering MapOutputTracker
[2025-11-02T12:53:56.385+0000] {spark_submit.py:491} INFO - 25/11/02 12:53:56 INFO SparkEnv: Registering BlockManagerMaster
[2025-11-02T12:53:56.394+0000] {spark_submit.py:491} INFO - 25/11/02 12:53:56 INFO BlockManagerMasterEndpoint: Using org.apache.spark.storage.DefaultTopologyMapper for getting topology information
[2025-11-02T12:53:56.395+0000] {spark_submit.py:491} INFO - 25/11/02 12:53:56 INFO BlockManagerMasterEndpoint: BlockManagerMasterEndpoint up
[2025-11-02T12:53:56.396+0000] {spark_submit.py:491} INFO - 25/11/02 12:53:56 INFO SparkEnv: Registering BlockManagerMasterHeartbeat
[2025-11-02T12:53:56.404+0000] {spark_submit.py:491} INFO - 25/11/02 12:53:56 INFO DiskBlockManager: Created local directory at /tmp/blockmgr-1099b77c-0e5a-4047-83da-b81ae0abc420
[2025-11-02T12:53:56.410+0000] {spark_submit.py:491} INFO - 25/11/02 12:53:56 INFO MemoryStore: MemoryStore started with capacity 434.4 MiB
[2025-11-02T12:53:56.415+0000] {spark_submit.py:491} INFO - 25/11/02 12:53:56 INFO SparkEnv: Registering OutputCommitCoordinator
[2025-11-02T12:53:56.463+0000] {spark_submit.py:491} INFO - 25/11/02 12:53:56 INFO JettyUtils: Start Jetty 0.0.0.0:4040 for SparkUI
[2025-11-02T12:53:56.484+0000] {spark_submit.py:491} INFO - 25/11/02 12:53:56 INFO Utils: Successfully started service 'SparkUI' on port 4040.
[2025-11-02T12:53:56.497+0000] {spark_submit.py:491} INFO - 25/11/02 12:53:56 INFO SparkContext: Added JAR file:///opt/***/jars/iceberg-spark-runtime-3.5_2.12-1.4.2.jar at spark://ec57452a9f33:35305/jars/iceberg-spark-runtime-3.5_2.12-1.4.2.jar with timestamp 1762088036233
[2025-11-02T12:53:56.497+0000] {spark_submit.py:491} INFO - 25/11/02 12:53:56 INFO SparkContext: Added JAR file:///opt/***/jars/aws-java-sdk-bundle-1.12.367.jar at spark://ec57452a9f33:35305/jars/aws-java-sdk-bundle-1.12.367.jar with timestamp 1762088036233
[2025-11-02T12:53:56.497+0000] {spark_submit.py:491} INFO - 25/11/02 12:53:56 INFO SparkContext: Added JAR file:///opt/***/jars/hadoop-aws-3.3.4.jar at spark://ec57452a9f33:35305/jars/hadoop-aws-3.3.4.jar with timestamp 1762088036233
[2025-11-02T12:53:56.522+0000] {spark_submit.py:491} INFO - 25/11/02 12:53:56 INFO Executor: Starting executor ID driver on host ec57452a9f33
[2025-11-02T12:53:56.523+0000] {spark_submit.py:491} INFO - 25/11/02 12:53:56 INFO Executor: OS info Linux, 6.10.14-linuxkit, aarch64
[2025-11-02T12:53:56.523+0000] {spark_submit.py:491} INFO - 25/11/02 12:53:56 INFO Executor: Java version 11.0.28
[2025-11-02T12:53:56.525+0000] {spark_submit.py:491} INFO - 25/11/02 12:53:56 INFO Executor: Starting executor with user classpath (userClassPathFirst = false): ''
[2025-11-02T12:53:56.526+0000] {spark_submit.py:491} INFO - 25/11/02 12:53:56 INFO Executor: Created or updated repl class loader org.apache.spark.util.MutableURLClassLoader@3dc6c1e3 for default.
[2025-11-02T12:53:56.529+0000] {spark_submit.py:491} INFO - 25/11/02 12:53:56 INFO Executor: Fetching spark://ec57452a9f33:35305/jars/aws-java-sdk-bundle-1.12.367.jar with timestamp 1762088036233
[2025-11-02T12:53:56.550+0000] {spark_submit.py:491} INFO - 25/11/02 12:53:56 INFO TransportClientFactory: Successfully created connection to ec57452a9f33/172.18.0.14:35305 after 10 ms (0 ms spent in bootstraps)
[2025-11-02T12:53:56.552+0000] {spark_submit.py:491} INFO - 25/11/02 12:53:56 INFO Utils: Fetching spark://ec57452a9f33:35305/jars/aws-java-sdk-bundle-1.12.367.jar to /tmp/spark-b7c70943-c925-4726-a61c-1e1d3e3e24e7/userFiles-8b0cb358-a151-4a8a-8553-6a572b0270b7/fetchFileTemp16824602749020408718.tmp
[2025-11-02T12:53:56.772+0000] {spark_submit.py:491} INFO - 25/11/02 12:53:56 INFO Executor: Adding file:/tmp/spark-b7c70943-c925-4726-a61c-1e1d3e3e24e7/userFiles-8b0cb358-a151-4a8a-8553-6a572b0270b7/aws-java-sdk-bundle-1.12.367.jar to class loader default
[2025-11-02T12:53:56.773+0000] {spark_submit.py:491} INFO - 25/11/02 12:53:56 INFO Executor: Fetching spark://ec57452a9f33:35305/jars/iceberg-spark-runtime-3.5_2.12-1.4.2.jar with timestamp 1762088036233
[2025-11-02T12:53:56.774+0000] {spark_submit.py:491} INFO - 25/11/02 12:53:56 INFO Utils: Fetching spark://ec57452a9f33:35305/jars/iceberg-spark-runtime-3.5_2.12-1.4.2.jar to /tmp/spark-b7c70943-c925-4726-a61c-1e1d3e3e24e7/userFiles-8b0cb358-a151-4a8a-8553-6a572b0270b7/fetchFileTemp3356429585578999186.tmp
[2025-11-02T12:53:56.812+0000] {spark_submit.py:491} INFO - 25/11/02 12:53:56 INFO Executor: Adding file:/tmp/spark-b7c70943-c925-4726-a61c-1e1d3e3e24e7/userFiles-8b0cb358-a151-4a8a-8553-6a572b0270b7/iceberg-spark-runtime-3.5_2.12-1.4.2.jar to class loader default
[2025-11-02T12:53:56.812+0000] {spark_submit.py:491} INFO - 25/11/02 12:53:56 INFO Executor: Fetching spark://ec57452a9f33:35305/jars/hadoop-aws-3.3.4.jar with timestamp 1762088036233
[2025-11-02T12:53:56.812+0000] {spark_submit.py:491} INFO - 25/11/02 12:53:56 INFO Utils: Fetching spark://ec57452a9f33:35305/jars/hadoop-aws-3.3.4.jar to /tmp/spark-b7c70943-c925-4726-a61c-1e1d3e3e24e7/userFiles-8b0cb358-a151-4a8a-8553-6a572b0270b7/fetchFileTemp5841497075219125363.tmp
[2025-11-02T12:53:56.816+0000] {spark_submit.py:491} INFO - 25/11/02 12:53:56 INFO Executor: Adding file:/tmp/spark-b7c70943-c925-4726-a61c-1e1d3e3e24e7/userFiles-8b0cb358-a151-4a8a-8553-6a572b0270b7/hadoop-aws-3.3.4.jar to class loader default
[2025-11-02T12:53:56.820+0000] {spark_submit.py:491} INFO - 25/11/02 12:53:56 INFO Utils: Successfully started service 'org.apache.spark.network.netty.NettyBlockTransferService' on port 36213.
[2025-11-02T12:53:56.820+0000] {spark_submit.py:491} INFO - 25/11/02 12:53:56 INFO NettyBlockTransferService: Server created on ec57452a9f33:36213
[2025-11-02T12:53:56.824+0000] {spark_submit.py:491} INFO - 25/11/02 12:53:56 INFO BlockManager: Using org.apache.spark.storage.RandomBlockReplicationPolicy for block replication policy
[2025-11-02T12:53:56.824+0000] {spark_submit.py:491} INFO - 25/11/02 12:53:56 INFO BlockManagerMaster: Registering BlockManager BlockManagerId(driver, ec57452a9f33, 36213, None)
[2025-11-02T12:53:56.824+0000] {spark_submit.py:491} INFO - 25/11/02 12:53:56 INFO BlockManagerMasterEndpoint: Registering block manager ec57452a9f33:36213 with 434.4 MiB RAM, BlockManagerId(driver, ec57452a9f33, 36213, None)
[2025-11-02T12:53:56.825+0000] {spark_submit.py:491} INFO - 25/11/02 12:53:56 INFO BlockManagerMaster: Registered BlockManager BlockManagerId(driver, ec57452a9f33, 36213, None)
[2025-11-02T12:53:56.826+0000] {spark_submit.py:491} INFO - 25/11/02 12:53:56 INFO BlockManager: Initialized BlockManager: BlockManagerId(driver, ec57452a9f33, 36213, None)
[2025-11-02T12:53:57.944+0000] {spark_submit.py:491} INFO - 25/11/02 12:53:57 WARN MetricsConfig: Cannot locate configuration: tried hadoop-metrics2-s3a-file-system.properties,hadoop-metrics2.properties
[2025-11-02T12:53:58.348+0000] {spark_submit.py:491} INFO - 25/11/02 12:53:58 WARN HadoopTableOperations: Error trying to recover version-hint.txt data for s3a://lakehouse/warehouse/nyc_taxi/trips/metadata/version-hint.text
[2025-11-02T12:53:58.348+0000] {spark_submit.py:491} INFO - java.io.FileNotFoundException: No such file or directory: s3a://lakehouse/warehouse/nyc_taxi/trips/metadata/version-hint.text
[2025-11-02T12:53:58.348+0000] {spark_submit.py:491} INFO - at org.apache.hadoop.fs.s3a.S3AFileSystem.s3GetFileStatus(S3AFileSystem.java:3866)
[2025-11-02T12:53:58.349+0000] {spark_submit.py:491} INFO - at org.apache.hadoop.fs.s3a.S3AFileSystem.innerGetFileStatus(S3AFileSystem.java:3688)
[2025-11-02T12:53:58.349+0000] {spark_submit.py:491} INFO - at org.apache.hadoop.fs.s3a.S3AFileSystem.extractOrFetchSimpleFileStatus(S3AFileSystem.java:5401)
[2025-11-02T12:53:58.349+0000] {spark_submit.py:491} INFO - at org.apache.hadoop.fs.s3a.S3AFileSystem.open(S3AFileSystem.java:1465)
[2025-11-02T12:53:58.349+0000] {spark_submit.py:491} INFO - at org.apache.hadoop.fs.s3a.S3AFileSystem.open(S3AFileSystem.java:1441)
[2025-11-02T12:53:58.349+0000] {spark_submit.py:491} INFO - at org.apache.hadoop.fs.FileSystem.open(FileSystem.java:976)
[2025-11-02T12:53:58.349+0000] {spark_submit.py:491} INFO - at org.apache.iceberg.hadoop.HadoopTableOperations.findVersion(HadoopTableOperations.java:318)
[2025-11-02T12:53:58.349+0000] {spark_submit.py:491} INFO - at org.apache.iceberg.hadoop.HadoopTableOperations.refresh(HadoopTableOperations.java:104)
[2025-11-02T12:53:58.349+0000] {spark_submit.py:491} INFO - at org.apache.iceberg.hadoop.HadoopTableOperations.current(HadoopTableOperations.java:84)
[2025-11-02T12:53:58.349+0000] {spark_submit.py:491} INFO - at org.apache.iceberg.BaseMetastoreCatalog.loadTable(BaseMetastoreCatalog.java:47)
[2025-11-02T12:53:58.350+0000] {spark_submit.py:491} INFO - at org.apache.iceberg.shaded.com.github.benmanes.caffeine.cache.BoundedLocalCache.lambda$doComputeIfAbsent$14(BoundedLocalCache.java:2406)
[2025-11-02T12:53:58.350+0000] {spark_submit.py:491} INFO - at java.base/java.util.concurrent.ConcurrentHashMap.compute(ConcurrentHashMap.java:1908)
[2025-11-02T12:53:58.350+0000] {spark_submit.py:491} INFO - at org.apache.iceberg.shaded.com.github.benmanes.caffeine.cache.BoundedLocalCache.doComputeIfAbsent(BoundedLocalCache.java:2404)
[2025-11-02T12:53:58.350+0000] {spark_submit.py:491} INFO - at org.apache.iceberg.shaded.com.github.benmanes.caffeine.cache.BoundedLocalCache.computeIfAbsent(BoundedLocalCache.java:2387)
[2025-11-02T12:53:58.350+0000] {spark_submit.py:491} INFO - at org.apache.iceberg.shaded.com.github.benmanes.caffeine.cache.LocalCache.computeIfAbsent(LocalCache.java:108)
[2025-11-02T12:53:58.350+0000] {spark_submit.py:491} INFO - at org.apache.iceberg.shaded.com.github.benmanes.caffeine.cache.LocalManualCache.get(LocalManualCache.java:62)
[2025-11-02T12:53:58.350+0000] {spark_submit.py:491} INFO - at org.apache.iceberg.CachingCatalog.loadTable(CachingCatalog.java:166)
[2025-11-02T12:53:58.350+0000] {spark_submit.py:491} INFO - at org.apache.iceberg.spark.SparkCatalog.load(SparkCatalog.java:643)
[2025-11-02T12:53:58.350+0000] {spark_submit.py:491} INFO - at org.apache.iceberg.spark.SparkCatalog.loadTable(SparkCatalog.java:159)
[2025-11-02T12:53:58.350+0000] {spark_submit.py:491} INFO - at org.apache.spark.sql.connector.catalog.TableCatalog.tableExists(TableCatalog.java:164)
[2025-11-02T12:53:58.350+0000] {spark_submit.py:491} INFO - at org.apache.spark.sql.execution.datasources.v2.CreateTableExec.run(CreateTableExec.scala:42)
[2025-11-02T12:53:58.350+0000] {spark_submit.py:491} INFO - at org.apache.spark.sql.execution.datasources.v2.V2CommandExec.result$lzycompute(V2CommandExec.scala:43)
[2025-11-02T12:53:58.351+0000] {spark_submit.py:491} INFO - at org.apache.spark.sql.execution.datasources.v2.V2CommandExec.result(V2CommandExec.scala:43)
[2025-11-02T12:53:58.351+0000] {spark_submit.py:491} INFO - at org.apache.spark.sql.execution.datasources.v2.V2CommandExec.executeCollect(V2CommandExec.scala:49)
[2025-11-02T12:53:58.351+0000] {spark_submit.py:491} INFO - at org.apache.spark.sql.execution.QueryExecution$$anonfun$eagerlyExecuteCommands$1.$anonfun$applyOrElse$1(QueryExecution.scala:107)
[2025-11-02T12:53:58.353+0000] {spark_submit.py:491} INFO - at org.apache.spark.sql.execution.SQLExecution$.$anonfun$withNewExecutionId$6(SQLExecution.scala:125)
[2025-11-02T12:53:58.353+0000] {spark_submit.py:491} INFO - at org.apache.spark.sql.execution.SQLExecution$.withSQLConfPropagated(SQLExecution.scala:201)
[2025-11-02T12:53:58.353+0000] {spark_submit.py:491} INFO - at org.apache.spark.sql.execution.SQLExecution$.$anonfun$withNewExecutionId$1(SQLExecution.scala:108)
[2025-11-02T12:53:58.353+0000] {spark_submit.py:491} INFO - at org.apache.spark.sql.SparkSession.withActive(SparkSession.scala:900)
[2025-11-02T12:53:58.354+0000] {spark_submit.py:491} INFO - at org.apache.spark.sql.execution.SQLExecution$.withNewExecutionId(SQLExecution.scala:66)
[2025-11-02T12:53:58.354+0000] {spark_submit.py:491} INFO - at org.apache.spark.sql.execution.QueryExecution$$anonfun$eagerlyExecuteCommands$1.applyOrElse(QueryExecution.scala:107)
[2025-11-02T12:53:58.354+0000] {spark_submit.py:491} INFO - at org.apache.spark.sql.execution.QueryExecution$$anonfun$eagerlyExecuteCommands$1.applyOrElse(QueryExecution.scala:98)
[2025-11-02T12:53:58.354+0000] {spark_submit.py:491} INFO - at org.apache.spark.sql.catalyst.trees.TreeNode.$anonfun$transformDownWithPruning$1(TreeNode.scala:461)
[2025-11-02T12:53:58.354+0000] {spark_submit.py:491} INFO - at org.apache.spark.sql.catalyst.trees.CurrentOrigin$.withOrigin(origin.scala:76)
[2025-11-02T12:53:58.354+0000] {spark_submit.py:491} INFO - at org.apache.spark.sql.catalyst.trees.TreeNode.transformDownWithPruning(TreeNode.scala:461)
[2025-11-02T12:53:58.354+0000] {spark_submit.py:491} INFO - at org.apache.spark.sql.catalyst.plans.logical.LogicalPlan.org$apache$spark$sql$catalyst$plans$logical$AnalysisHelper$$super$transformDownWithPruning(LogicalPlan.scala:32)
[2025-11-02T12:53:58.354+0000] {spark_submit.py:491} INFO - at org.apache.spark.sql.catalyst.plans.logical.AnalysisHelper.transformDownWithPruning(AnalysisHelper.scala:267)
[2025-11-02T12:53:58.354+0000] {spark_submit.py:491} INFO - at org.apache.spark.sql.catalyst.plans.logical.AnalysisHelper.transformDownWithPruning$(AnalysisHelper.scala:263)
[2025-11-02T12:53:58.354+0000] {spark_submit.py:491} INFO - at org.apache.spark.sql.catalyst.plans.logical.LogicalPlan.transformDownWithPruning(LogicalPlan.scala:32)
[2025-11-02T12:53:58.354+0000] {spark_submit.py:491} INFO - at org.apache.spark.sql.catalyst.plans.logical.LogicalPlan.transformDownWithPruning(LogicalPlan.scala:32)
[2025-11-02T12:53:58.354+0000] {spark_submit.py:491} INFO - at org.apache.spark.sql.catalyst.trees.TreeNode.transformDown(TreeNode.scala:437)
[2025-11-02T12:53:58.354+0000] {spark_submit.py:491} INFO - at org.apache.spark.sql.execution.QueryExecution.eagerlyExecuteCommands(QueryExecution.scala:98)
[2025-11-02T12:53:58.354+0000] {spark_submit.py:491} INFO - at org.apache.spark.sql.execution.QueryExecution.commandExecuted$lzycompute(QueryExecution.scala:85)
[2025-11-02T12:53:58.354+0000] {spark_submit.py:491} INFO - at org.apache.spark.sql.execution.QueryExecution.commandExecuted(QueryExecution.scala:83)
[2025-11-02T12:53:58.355+0000] {spark_submit.py:491} INFO - at org.apache.spark.sql.Dataset.<init>(Dataset.scala:220)
[2025-11-02T12:53:58.355+0000] {spark_submit.py:491} INFO - at org.apache.spark.sql.Dataset$.$anonfun$ofRows$2(Dataset.scala:100)
[2025-11-02T12:53:58.355+0000] {spark_submit.py:491} INFO - at org.apache.spark.sql.SparkSession.withActive(SparkSession.scala:900)
[2025-11-02T12:53:58.355+0000] {spark_submit.py:491} INFO - at org.apache.spark.sql.Dataset$.ofRows(Dataset.scala:97)
[2025-11-02T12:53:58.356+0000] {spark_submit.py:491} INFO - at org.apache.spark.sql.SparkSession.$anonfun$sql$1(SparkSession.scala:638)
[2025-11-02T12:53:58.356+0000] {spark_submit.py:491} INFO - at org.apache.spark.sql.SparkSession.withActive(SparkSession.scala:900)
[2025-11-02T12:53:58.356+0000] {spark_submit.py:491} INFO - at org.apache.spark.sql.SparkSession.sql(SparkSession.scala:629)
[2025-11-02T12:53:58.356+0000] {spark_submit.py:491} INFO - at org.apache.spark.sql.SparkSession.sql(SparkSession.scala:659)
[2025-11-02T12:53:58.357+0000] {spark_submit.py:491} INFO - at java.base/jdk.internal.reflect.NativeMethodAccessorImpl.invoke0(Native Method)
[2025-11-02T12:53:58.357+0000] {spark_submit.py:491} INFO - at java.base/jdk.internal.reflect.NativeMethodAccessorImpl.invoke(NativeMethodAccessorImpl.java:62)
[2025-11-02T12:53:58.357+0000] {spark_submit.py:491} INFO - at java.base/jdk.internal.reflect.DelegatingMethodAccessorImpl.invoke(DelegatingMethodAccessorImpl.java:43)
[2025-11-02T12:53:58.357+0000] {spark_submit.py:491} INFO - at java.base/java.lang.reflect.Method.invoke(Method.java:566)
[2025-11-02T12:53:58.357+0000] {spark_submit.py:491} INFO - at py4j.reflection.MethodInvoker.invoke(MethodInvoker.java:244)
[2025-11-02T12:53:58.358+0000] {spark_submit.py:491} INFO - at py4j.reflection.ReflectionEngine.invoke(ReflectionEngine.java:374)
[2025-11-02T12:53:58.358+0000] {spark_submit.py:491} INFO - at py4j.Gateway.invoke(Gateway.java:282)
[2025-11-02T12:53:58.358+0000] {spark_submit.py:491} INFO - at py4j.commands.AbstractCommand.invokeMethod(AbstractCommand.java:132)
[2025-11-02T12:53:58.358+0000] {spark_submit.py:491} INFO - at py4j.commands.CallCommand.execute(CallCommand.java:79)
[2025-11-02T12:53:58.358+0000] {spark_submit.py:491} INFO - at py4j.ClientServerConnection.waitForCommands(ClientServerConnection.java:182)
[2025-11-02T12:53:58.359+0000] {spark_submit.py:491} INFO - at py4j.ClientServerConnection.run(ClientServerConnection.java:106)
[2025-11-02T12:53:58.359+0000] {spark_submit.py:491} INFO - at java.base/java.lang.Thread.run(Thread.java:829)
[2025-11-02T12:53:58.556+0000] {spark_submit.py:491} INFO - Error creating trips table: An error occurred while calling o48.sql.
[2025-11-02T12:53:58.559+0000] {spark_submit.py:491} INFO - : org.apache.iceberg.exceptions.RuntimeIOException: Failed to refresh the table
[2025-11-02T12:53:58.559+0000] {spark_submit.py:491} INFO - at org.apache.iceberg.hadoop.HadoopTableOperations.refresh(HadoopTableOperations.java:126)
[2025-11-02T12:53:58.559+0000] {spark_submit.py:491} INFO - at org.apache.iceberg.hadoop.HadoopTableOperations.current(HadoopTableOperations.java:84)
[2025-11-02T12:53:58.560+0000] {spark_submit.py:491} INFO - at org.apache.iceberg.BaseMetastoreCatalog.loadTable(BaseMetastoreCatalog.java:47)
[2025-11-02T12:53:58.560+0000] {spark_submit.py:491} INFO - at org.apache.iceberg.shaded.com.github.benmanes.caffeine.cache.BoundedLocalCache.lambda$doComputeIfAbsent$14(BoundedLocalCache.java:2406)
[2025-11-02T12:53:58.560+0000] {spark_submit.py:491} INFO - at java.base/java.util.concurrent.ConcurrentHashMap.compute(ConcurrentHashMap.java:1908)
[2025-11-02T12:53:58.560+0000] {spark_submit.py:491} INFO - at org.apache.iceberg.shaded.com.github.benmanes.caffeine.cache.BoundedLocalCache.doComputeIfAbsent(BoundedLocalCache.java:2404)
[2025-11-02T12:53:58.561+0000] {spark_submit.py:491} INFO - at org.apache.iceberg.shaded.com.github.benmanes.caffeine.cache.BoundedLocalCache.computeIfAbsent(BoundedLocalCache.java:2387)
[2025-11-02T12:53:58.561+0000] {spark_submit.py:491} INFO - at org.apache.iceberg.shaded.com.github.benmanes.caffeine.cache.LocalCache.computeIfAbsent(LocalCache.java:108)
[2025-11-02T12:53:58.564+0000] {spark_submit.py:491} INFO - at org.apache.iceberg.shaded.com.github.benmanes.caffeine.cache.LocalManualCache.get(LocalManualCache.java:62)
[2025-11-02T12:53:58.564+0000] {spark_submit.py:491} INFO - at org.apache.iceberg.CachingCatalog.loadTable(CachingCatalog.java:166)
[2025-11-02T12:53:58.564+0000] {spark_submit.py:491} INFO - at org.apache.iceberg.spark.SparkCatalog.load(SparkCatalog.java:643)
[2025-11-02T12:53:58.564+0000] {spark_submit.py:491} INFO - at org.apache.iceberg.spark.SparkCatalog.loadTable(SparkCatalog.java:159)
[2025-11-02T12:53:58.565+0000] {spark_submit.py:491} INFO - at org.apache.spark.sql.connector.catalog.TableCatalog.tableExists(TableCatalog.java:164)
[2025-11-02T12:53:58.565+0000] {spark_submit.py:491} INFO - at org.apache.spark.sql.execution.datasources.v2.CreateTableExec.run(CreateTableExec.scala:42)
[2025-11-02T12:53:58.565+0000] {spark_submit.py:491} INFO - at org.apache.spark.sql.execution.datasources.v2.V2CommandExec.result$lzycompute(V2CommandExec.scala:43)
[2025-11-02T12:53:58.565+0000] {spark_submit.py:491} INFO - at org.apache.spark.sql.execution.datasources.v2.V2CommandExec.result(V2CommandExec.scala:43)
[2025-11-02T12:53:58.565+0000] {spark_submit.py:491} INFO - at org.apache.spark.sql.execution.datasources.v2.V2CommandExec.executeCollect(V2CommandExec.scala:49)
[2025-11-02T12:53:58.565+0000] {spark_submit.py:491} INFO - at org.apache.spark.sql.execution.QueryExecution$$anonfun$eagerlyExecuteCommands$1.$anonfun$applyOrElse$1(QueryExecution.scala:107)
[2025-11-02T12:53:58.565+0000] {spark_submit.py:491} INFO - at org.apache.spark.sql.execution.SQLExecution$.$anonfun$withNewExecutionId$6(SQLExecution.scala:125)
[2025-11-02T12:53:58.565+0000] {spark_submit.py:491} INFO - at org.apache.spark.sql.execution.SQLExecution$.withSQLConfPropagated(SQLExecution.scala:201)
[2025-11-02T12:53:58.565+0000] {spark_submit.py:491} INFO - at org.apache.spark.sql.execution.SQLExecution$.$anonfun$withNewExecutionId$1(SQLExecution.scala:108)
[2025-11-02T12:53:58.565+0000] {spark_submit.py:491} INFO - at org.apache.spark.sql.SparkSession.withActive(SparkSession.scala:900)
[2025-11-02T12:53:58.566+0000] {spark_submit.py:491} INFO - at org.apache.spark.sql.execution.SQLExecution$.withNewExecutionId(SQLExecution.scala:66)
[2025-11-02T12:53:58.566+0000] {spark_submit.py:491} INFO - at org.apache.spark.sql.execution.QueryExecution$$anonfun$eagerlyExecuteCommands$1.applyOrElse(QueryExecution.scala:107)
[2025-11-02T12:53:58.566+0000] {spark_submit.py:491} INFO - at org.apache.spark.sql.execution.QueryExecution$$anonfun$eagerlyExecuteCommands$1.applyOrElse(QueryExecution.scala:98)
[2025-11-02T12:53:58.566+0000] {spark_submit.py:491} INFO - at org.apache.spark.sql.catalyst.trees.TreeNode.$anonfun$transformDownWithPruning$1(TreeNode.scala:461)
[2025-11-02T12:53:58.566+0000] {spark_submit.py:491} INFO - at org.apache.spark.sql.catalyst.trees.CurrentOrigin$.withOrigin(origin.scala:76)
[2025-11-02T12:53:58.566+0000] {spark_submit.py:491} INFO - at org.apache.spark.sql.catalyst.trees.TreeNode.transformDownWithPruning(TreeNode.scala:461)
[2025-11-02T12:53:58.566+0000] {spark_submit.py:491} INFO - at org.apache.spark.sql.catalyst.plans.logical.LogicalPlan.org$apache$spark$sql$catalyst$plans$logical$AnalysisHelper$$super$transformDownWithPruning(LogicalPlan.scala:32)
[2025-11-02T12:53:58.566+0000] {spark_submit.py:491} INFO - at org.apache.spark.sql.catalyst.plans.logical.AnalysisHelper.transformDownWithPruning(AnalysisHelper.scala:267)
[2025-11-02T12:53:58.566+0000] {spark_submit.py:491} INFO - at org.apache.spark.sql.catalyst.plans.logical.AnalysisHelper.transformDownWithPruning$(AnalysisHelper.scala:263)
[2025-11-02T12:53:58.567+0000] {spark_submit.py:491} INFO - at org.apache.spark.sql.catalyst.plans.logical.LogicalPlan.transformDownWithPruning(LogicalPlan.scala:32)
[2025-11-02T12:53:58.567+0000] {spark_submit.py:491} INFO - at org.apache.spark.sql.catalyst.plans.logical.LogicalPlan.transformDownWithPruning(LogicalPlan.scala:32)
[2025-11-02T12:53:58.567+0000] {spark_submit.py:491} INFO - at org.apache.spark.sql.catalyst.trees.TreeNode.transformDown(TreeNode.scala:437)
[2025-11-02T12:53:58.567+0000] {spark_submit.py:491} INFO - at org.apache.spark.sql.execution.QueryExecution.eagerlyExecuteCommands(QueryExecution.scala:98)
[2025-11-02T12:53:58.567+0000] {spark_submit.py:491} INFO - at org.apache.spark.sql.execution.QueryExecution.commandExecuted$lzycompute(QueryExecution.scala:85)
[2025-11-02T12:53:58.567+0000] {spark_submit.py:491} INFO - at org.apache.spark.sql.execution.QueryExecution.commandExecuted(QueryExecution.scala:83)
[2025-11-02T12:53:58.567+0000] {spark_submit.py:491} INFO - at org.apache.spark.sql.Dataset.<init>(Dataset.scala:220)
[2025-11-02T12:53:58.567+0000] {spark_submit.py:491} INFO - at org.apache.spark.sql.Dataset$.$anonfun$ofRows$2(Dataset.scala:100)
[2025-11-02T12:53:58.567+0000] {spark_submit.py:491} INFO - at org.apache.spark.sql.SparkSession.withActive(SparkSession.scala:900)
[2025-11-02T12:53:58.567+0000] {spark_submit.py:491} INFO - at org.apache.spark.sql.Dataset$.ofRows(Dataset.scala:97)
[2025-11-02T12:53:58.567+0000] {spark_submit.py:491} INFO - at org.apache.spark.sql.SparkSession.$anonfun$sql$1(SparkSession.scala:638)
[2025-11-02T12:53:58.568+0000] {spark_submit.py:491} INFO - at org.apache.spark.sql.SparkSession.withActive(SparkSession.scala:900)
[2025-11-02T12:53:58.568+0000] {spark_submit.py:491} INFO - at org.apache.spark.sql.SparkSession.sql(SparkSession.scala:629)
[2025-11-02T12:53:58.568+0000] {spark_submit.py:491} INFO - at org.apache.spark.sql.SparkSession.sql(SparkSession.scala:659)
[2025-11-02T12:53:58.568+0000] {spark_submit.py:491} INFO - at java.base/jdk.internal.reflect.NativeMethodAccessorImpl.invoke0(Native Method)
[2025-11-02T12:53:58.568+0000] {spark_submit.py:491} INFO - at java.base/jdk.internal.reflect.NativeMethodAccessorImpl.invoke(NativeMethodAccessorImpl.java:62)
[2025-11-02T12:53:58.568+0000] {spark_submit.py:491} INFO - at java.base/jdk.internal.reflect.DelegatingMethodAccessorImpl.invoke(DelegatingMethodAccessorImpl.java:43)
[2025-11-02T12:53:58.568+0000] {spark_submit.py:491} INFO - at java.base/java.lang.reflect.Method.invoke(Method.java:566)
[2025-11-02T12:53:58.568+0000] {spark_submit.py:491} INFO - at py4j.reflection.MethodInvoker.invoke(MethodInvoker.java:244)
[2025-11-02T12:53:58.568+0000] {spark_submit.py:491} INFO - at py4j.reflection.ReflectionEngine.invoke(ReflectionEngine.java:374)
[2025-11-02T12:53:58.568+0000] {spark_submit.py:491} INFO - at py4j.Gateway.invoke(Gateway.java:282)
[2025-11-02T12:53:58.569+0000] {spark_submit.py:491} INFO - at py4j.commands.AbstractCommand.invokeMethod(AbstractCommand.java:132)
[2025-11-02T12:53:58.569+0000] {spark_submit.py:491} INFO - at py4j.commands.CallCommand.execute(CallCommand.java:79)
[2025-11-02T12:53:58.569+0000] {spark_submit.py:491} INFO - at py4j.ClientServerConnection.waitForCommands(ClientServerConnection.java:182)
[2025-11-02T12:53:58.569+0000] {spark_submit.py:491} INFO - at py4j.ClientServerConnection.run(ClientServerConnection.java:106)
[2025-11-02T12:53:58.569+0000] {spark_submit.py:491} INFO - at java.base/java.lang.Thread.run(Thread.java:829)
[2025-11-02T12:53:58.569+0000] {spark_submit.py:491} INFO - Caused by: org.apache.hadoop.fs.s3a.UnknownStoreException: `s3a://lakehouse/warehouse/nyc_taxi/trips/metadata/v0.metadata.json': getFileStatus on s3a://lakehouse/warehouse/nyc_taxi/trips/metadata/v0.metadata.json: com.amazonaws.services.s3.model.AmazonS3Exception: The specified bucket does not exist (Service: Amazon S3; Status Code: 404; Error Code: NoSuchBucket; Request ID: 187431BC2501CA70; S3 Extended Request ID: dd9025bab4ad464b049177c95eb6ebf374d3b3fd1af9251148b658df7ac2e3e8; Proxy: null), S3 Extended Request ID: dd9025bab4ad464b049177c95eb6ebf374d3b3fd1af9251148b658df7ac2e3e8:NoSuchBucket: The specified bucket does not exist (Service: Amazon S3; Status Code: 404; Error Code: NoSuchBucket; Request ID: 187431BC2501CA70; S3 Extended Request ID: dd9025bab4ad464b049177c95eb6ebf374d3b3fd1af9251148b658df7ac2e3e8; Proxy: null)
[2025-11-02T12:53:58.569+0000] {spark_submit.py:491} INFO - at org.apache.hadoop.fs.s3a.S3AUtils.translateException(S3AUtils.java:263)
[2025-11-02T12:53:58.569+0000] {spark_submit.py:491} INFO - at org.apache.hadoop.fs.s3a.S3AUtils.translateException(S3AUtils.java:175)
[2025-11-02T12:53:58.569+0000] {spark_submit.py:491} INFO - at org.apache.hadoop.fs.s3a.S3AFileSystem.s3GetFileStatus(S3AFileSystem.java:3858)
[2025-11-02T12:53:58.569+0000] {spark_submit.py:491} INFO - at org.apache.hadoop.fs.s3a.S3AFileSystem.innerGetFileStatus(S3AFileSystem.java:3688)
[2025-11-02T12:53:58.570+0000] {spark_submit.py:491} INFO - at org.apache.hadoop.fs.s3a.S3AFileSystem.lambda$exists$34(S3AFileSystem.java:4703)
[2025-11-02T12:53:58.570+0000] {spark_submit.py:491} INFO - at org.apache.hadoop.fs.statistics.impl.IOStatisticsBinding.lambda$trackDurationOfOperation$5(IOStatisticsBinding.java:499)
[2025-11-02T12:53:58.570+0000] {spark_submit.py:491} INFO - at org.apache.hadoop.fs.statistics.impl.IOStatisticsBinding.trackDuration(IOStatisticsBinding.java:444)
[2025-11-02T12:53:58.570+0000] {spark_submit.py:491} INFO - at org.apache.hadoop.fs.s3a.S3AFileSystem.trackDurationAndSpan(S3AFileSystem.java:2337)
[2025-11-02T12:53:58.570+0000] {spark_submit.py:491} INFO - at org.apache.hadoop.fs.s3a.S3AFileSystem.trackDurationAndSpan(S3AFileSystem.java:2356)
[2025-11-02T12:53:58.570+0000] {spark_submit.py:491} INFO - at org.apache.hadoop.fs.s3a.S3AFileSystem.exists(S3AFileSystem.java:4701)
[2025-11-02T12:53:58.570+0000] {spark_submit.py:491} INFO - at org.apache.iceberg.hadoop.HadoopTableOperations.getMetadataFile(HadoopTableOperations.java:241)
[2025-11-02T12:53:58.570+0000] {spark_submit.py:491} INFO - at org.apache.iceberg.hadoop.HadoopTableOperations.refresh(HadoopTableOperations.java:106)
[2025-11-02T12:53:58.570+0000] {spark_submit.py:491} INFO - ... 56 more
[2025-11-02T12:53:58.570+0000] {spark_submit.py:491} INFO - Caused by: com.amazonaws.services.s3.model.AmazonS3Exception: The specified bucket does not exist (Service: Amazon S3; Status Code: 404; Error Code: NoSuchBucket; Request ID: 187431BC2501CA70; S3 Extended Request ID: dd9025bab4ad464b049177c95eb6ebf374d3b3fd1af9251148b658df7ac2e3e8; Proxy: null), S3 Extended Request ID: dd9025bab4ad464b049177c95eb6ebf374d3b3fd1af9251148b658df7ac2e3e8
[2025-11-02T12:53:58.570+0000] {spark_submit.py:491} INFO - at com.amazonaws.http.AmazonHttpClient$RequestExecutor.handleErrorResponse(AmazonHttpClient.java:1879)
[2025-11-02T12:53:58.571+0000] {spark_submit.py:491} INFO - at com.amazonaws.http.AmazonHttpClient$RequestExecutor.handleServiceErrorResponse(AmazonHttpClient.java:1418)
[2025-11-02T12:53:58.571+0000] {spark_submit.py:491} INFO - at com.amazonaws.http.AmazonHttpClient$RequestExecutor.executeOneRequest(AmazonHttpClient.java:1387)
[2025-11-02T12:53:58.571+0000] {spark_submit.py:491} INFO - at com.amazonaws.http.AmazonHttpClient$RequestExecutor.executeHelper(AmazonHttpClient.java:1157)
[2025-11-02T12:53:58.571+0000] {spark_submit.py:491} INFO - at com.amazonaws.http.AmazonHttpClient$RequestExecutor.doExecute(AmazonHttpClient.java:814)
[2025-11-02T12:53:58.571+0000] {spark_submit.py:491} INFO - at com.amazonaws.http.AmazonHttpClient$RequestExecutor.executeWithTimer(AmazonHttpClient.java:781)
[2025-11-02T12:53:58.571+0000] {spark_submit.py:491} INFO - at com.amazonaws.http.AmazonHttpClient$RequestExecutor.execute(AmazonHttpClient.java:755)
[2025-11-02T12:53:58.571+0000] {spark_submit.py:491} INFO - at com.amazonaws.http.AmazonHttpClient$RequestExecutor.access$500(AmazonHttpClient.java:715)
[2025-11-02T12:53:58.571+0000] {spark_submit.py:491} INFO - at com.amazonaws.http.AmazonHttpClient$RequestExecutionBuilderImpl.execute(AmazonHttpClient.java:697)
[2025-11-02T12:53:58.571+0000] {spark_submit.py:491} INFO - at com.amazonaws.http.AmazonHttpClient.execute(AmazonHttpClient.java:561)
[2025-11-02T12:53:58.571+0000] {spark_submit.py:491} INFO - at com.amazonaws.http.AmazonHttpClient.execute(AmazonHttpClient.java:541)
[2025-11-02T12:53:58.571+0000] {spark_submit.py:491} INFO - at com.amazonaws.services.s3.AmazonS3Client.invoke(AmazonS3Client.java:5456)
[2025-11-02T12:53:58.572+0000] {spark_submit.py:491} INFO - at com.amazonaws.services.s3.AmazonS3Client.invoke(AmazonS3Client.java:5403)
[2025-11-02T12:53:58.572+0000] {spark_submit.py:491} INFO - at com.amazonaws.services.s3.AmazonS3Client.invoke(AmazonS3Client.java:5397)
[2025-11-02T12:53:58.572+0000] {spark_submit.py:491} INFO - at com.amazonaws.services.s3.AmazonS3Client.listObjectsV2(AmazonS3Client.java:971)
[2025-11-02T12:53:58.572+0000] {spark_submit.py:491} INFO - at org.apache.hadoop.fs.s3a.S3AFileSystem.lambda$listObjects$11(S3AFileSystem.java:2595)
[2025-11-02T12:53:58.572+0000] {spark_submit.py:491} INFO - at org.apache.hadoop.fs.statistics.impl.IOStatisticsBinding.lambda$trackDurationOfOperation$5(IOStatisticsBinding.java:499)
[2025-11-02T12:53:58.572+0000] {spark_submit.py:491} INFO - at org.apache.hadoop.fs.s3a.Invoker.retryUntranslated(Invoker.java:414)
[2025-11-02T12:53:58.572+0000] {spark_submit.py:491} INFO - at org.apache.hadoop.fs.s3a.Invoker.retryUntranslated(Invoker.java:377)
[2025-11-02T12:53:58.572+0000] {spark_submit.py:491} INFO - at org.apache.hadoop.fs.s3a.S3AFileSystem.listObjects(S3AFileSystem.java:2586)
[2025-11-02T12:53:58.572+0000] {spark_submit.py:491} INFO - at org.apache.hadoop.fs.s3a.S3AFileSystem.s3GetFileStatus(S3AFileSystem.java:3832)
[2025-11-02T12:53:58.573+0000] {spark_submit.py:491} INFO - ... 65 more
[2025-11-02T12:53:58.573+0000] {spark_submit.py:491} INFO - 
[2025-11-02T12:53:58.573+0000] {spark_submit.py:491} INFO - Reading data from: /opt/***/data/raw/yellow_tripdata_2025-11.parquet
[2025-11-02T12:53:59.495+0000] {spark_submit.py:491} INFO - Raw data count: 3252717
[2025-11-02T12:53:59.496+0000] {spark_submit.py:491} INFO - root
[2025-11-02T12:53:59.496+0000] {spark_submit.py:491} INFO - |-- VendorID: long (nullable = true)
[2025-11-02T12:53:59.496+0000] {spark_submit.py:491} INFO - |-- tpep_pickup_datetime: timestamp_ntz (nullable = true)
[2025-11-02T12:53:59.497+0000] {spark_submit.py:491} INFO - |-- tpep_dropoff_datetime: timestamp_ntz (nullable = true)
[2025-11-02T12:53:59.497+0000] {spark_submit.py:491} INFO - |-- passenger_count: double (nullable = true)
[2025-11-02T12:53:59.497+0000] {spark_submit.py:491} INFO - |-- trip_distance: double (nullable = true)
[2025-11-02T12:53:59.497+0000] {spark_submit.py:491} INFO - |-- RatecodeID: double (nullable = true)
[2025-11-02T12:53:59.497+0000] {spark_submit.py:491} INFO - |-- store_and_fwd_flag: string (nullable = true)
[2025-11-02T12:53:59.497+0000] {spark_submit.py:491} INFO - |-- PULocationID: long (nullable = true)
[2025-11-02T12:53:59.497+0000] {spark_submit.py:491} INFO - |-- DOLocationID: long (nullable = true)
[2025-11-02T12:53:59.497+0000] {spark_submit.py:491} INFO - |-- payment_type: long (nullable = true)
[2025-11-02T12:53:59.497+0000] {spark_submit.py:491} INFO - |-- fare_amount: double (nullable = true)
[2025-11-02T12:53:59.497+0000] {spark_submit.py:491} INFO - |-- extra: double (nullable = true)
[2025-11-02T12:53:59.498+0000] {spark_submit.py:491} INFO - |-- mta_tax: double (nullable = true)
[2025-11-02T12:53:59.498+0000] {spark_submit.py:491} INFO - |-- tip_amount: double (nullable = true)
[2025-11-02T12:53:59.498+0000] {spark_submit.py:491} INFO - |-- tolls_amount: double (nullable = true)
[2025-11-02T12:53:59.498+0000] {spark_submit.py:491} INFO - |-- improvement_surcharge: double (nullable = true)
[2025-11-02T12:53:59.498+0000] {spark_submit.py:491} INFO - |-- total_amount: double (nullable = true)
[2025-11-02T12:53:59.498+0000] {spark_submit.py:491} INFO - |-- congestion_surcharge: double (nullable = true)
[2025-11-02T12:53:59.498+0000] {spark_submit.py:491} INFO - |-- airport_fee: double (nullable = true)
[2025-11-02T12:53:59.498+0000] {spark_submit.py:491} INFO - 
[2025-11-02T12:54:00.262+0000] {spark_submit.py:491} INFO - Processed data count: 3019653
[2025-11-02T12:54:00.271+0000] {spark_submit.py:491} INFO - 25/11/02 12:54:00 WARN HadoopTableOperations: Error trying to recover version-hint.txt data for s3a://lakehouse/warehouse/nyc_taxi/trips/metadata/version-hint.text
[2025-11-02T12:54:00.271+0000] {spark_submit.py:491} INFO - java.io.FileNotFoundException: No such file or directory: s3a://lakehouse/warehouse/nyc_taxi/trips/metadata/version-hint.text
[2025-11-02T12:54:00.271+0000] {spark_submit.py:491} INFO - at org.apache.hadoop.fs.s3a.S3AFileSystem.s3GetFileStatus(S3AFileSystem.java:3866)
[2025-11-02T12:54:00.272+0000] {spark_submit.py:491} INFO - at org.apache.hadoop.fs.s3a.S3AFileSystem.innerGetFileStatus(S3AFileSystem.java:3688)
[2025-11-02T12:54:00.272+0000] {spark_submit.py:491} INFO - at org.apache.hadoop.fs.s3a.S3AFileSystem.extractOrFetchSimpleFileStatus(S3AFileSystem.java:5401)
[2025-11-02T12:54:00.272+0000] {spark_submit.py:491} INFO - at org.apache.hadoop.fs.s3a.S3AFileSystem.open(S3AFileSystem.java:1465)
[2025-11-02T12:54:00.272+0000] {spark_submit.py:491} INFO - at org.apache.hadoop.fs.s3a.S3AFileSystem.open(S3AFileSystem.java:1441)
[2025-11-02T12:54:00.272+0000] {spark_submit.py:491} INFO - at org.apache.hadoop.fs.FileSystem.open(FileSystem.java:976)
[2025-11-02T12:54:00.272+0000] {spark_submit.py:491} INFO - at org.apache.iceberg.hadoop.HadoopTableOperations.findVersion(HadoopTableOperations.java:318)
[2025-11-02T12:54:00.272+0000] {spark_submit.py:491} INFO - at org.apache.iceberg.hadoop.HadoopTableOperations.refresh(HadoopTableOperations.java:104)
[2025-11-02T12:54:00.272+0000] {spark_submit.py:491} INFO - at org.apache.iceberg.hadoop.HadoopTableOperations.current(HadoopTableOperations.java:84)
[2025-11-02T12:54:00.272+0000] {spark_submit.py:491} INFO - at org.apache.iceberg.BaseMetastoreCatalog.loadTable(BaseMetastoreCatalog.java:47)
[2025-11-02T12:54:00.272+0000] {spark_submit.py:491} INFO - at org.apache.iceberg.shaded.com.github.benmanes.caffeine.cache.BoundedLocalCache.lambda$doComputeIfAbsent$14(BoundedLocalCache.java:2406)
[2025-11-02T12:54:00.273+0000] {spark_submit.py:491} INFO - at java.base/java.util.concurrent.ConcurrentHashMap.compute(ConcurrentHashMap.java:1908)
[2025-11-02T12:54:00.273+0000] {spark_submit.py:491} INFO - at org.apache.iceberg.shaded.com.github.benmanes.caffeine.cache.BoundedLocalCache.doComputeIfAbsent(BoundedLocalCache.java:2404)
[2025-11-02T12:54:00.273+0000] {spark_submit.py:491} INFO - at org.apache.iceberg.shaded.com.github.benmanes.caffeine.cache.BoundedLocalCache.computeIfAbsent(BoundedLocalCache.java:2387)
[2025-11-02T12:54:00.273+0000] {spark_submit.py:491} INFO - at org.apache.iceberg.shaded.com.github.benmanes.caffeine.cache.LocalCache.computeIfAbsent(LocalCache.java:108)
[2025-11-02T12:54:00.273+0000] {spark_submit.py:491} INFO - at org.apache.iceberg.shaded.com.github.benmanes.caffeine.cache.LocalManualCache.get(LocalManualCache.java:62)
[2025-11-02T12:54:00.273+0000] {spark_submit.py:491} INFO - at org.apache.iceberg.CachingCatalog.loadTable(CachingCatalog.java:166)
[2025-11-02T12:54:00.273+0000] {spark_submit.py:491} INFO - at org.apache.iceberg.spark.SparkCatalog.load(SparkCatalog.java:643)
[2025-11-02T12:54:00.273+0000] {spark_submit.py:491} INFO - at org.apache.iceberg.spark.SparkCatalog.loadTable(SparkCatalog.java:159)
[2025-11-02T12:54:00.273+0000] {spark_submit.py:491} INFO - at org.apache.spark.sql.connector.catalog.CatalogV2Util$.getTable(CatalogV2Util.scala:355)
[2025-11-02T12:54:00.273+0000] {spark_submit.py:491} INFO - at org.apache.spark.sql.connector.catalog.CatalogV2Util$.loadTable(CatalogV2Util.scala:336)
[2025-11-02T12:54:00.274+0000] {spark_submit.py:491} INFO - at org.apache.spark.sql.catalyst.analysis.Analyzer$ResolveRelations$.$anonfun$resolveRelation$3(Analyzer.scala:1271)
[2025-11-02T12:54:00.274+0000] {spark_submit.py:491} INFO - at scala.Option.orElse(Option.scala:447)
[2025-11-02T12:54:00.274+0000] {spark_submit.py:491} INFO - at org.apache.spark.sql.catalyst.analysis.Analyzer$ResolveRelations$.$anonfun$resolveRelation$1(Analyzer.scala:1270)
[2025-11-02T12:54:00.274+0000] {spark_submit.py:491} INFO - at scala.Option.orElse(Option.scala:447)
[2025-11-02T12:54:00.274+0000] {spark_submit.py:491} INFO - at org.apache.spark.sql.catalyst.analysis.Analyzer$ResolveRelations$.org$apache$spark$sql$catalyst$analysis$Analyzer$ResolveRelations$$resolveRelation(Analyzer.scala:1262)
[2025-11-02T12:54:00.274+0000] {spark_submit.py:491} INFO - at org.apache.spark.sql.catalyst.analysis.Analyzer$ResolveRelations$$anonfun$apply$14.applyOrElse(Analyzer.scala:1111)
[2025-11-02T12:54:00.274+0000] {spark_submit.py:491} INFO - at org.apache.spark.sql.catalyst.analysis.Analyzer$ResolveRelations$$anonfun$apply$14.applyOrElse(Analyzer.scala:1090)
[2025-11-02T12:54:00.274+0000] {spark_submit.py:491} INFO - at org.apache.spark.sql.catalyst.plans.logical.AnalysisHelper.$anonfun$resolveOperatorsUpWithPruning$3(AnalysisHelper.scala:138)
[2025-11-02T12:54:00.274+0000] {spark_submit.py:491} INFO - at org.apache.spark.sql.catalyst.trees.CurrentOrigin$.withOrigin(origin.scala:76)
[2025-11-02T12:54:00.274+0000] {spark_submit.py:491} INFO - at org.apache.spark.sql.catalyst.plans.logical.AnalysisHelper.$anonfun$resolveOperatorsUpWithPruning$1(AnalysisHelper.scala:138)
[2025-11-02T12:54:00.274+0000] {spark_submit.py:491} INFO - at org.apache.spark.sql.catalyst.plans.logical.AnalysisHelper$.allowInvokingTransformsInAnalyzer(AnalysisHelper.scala:323)
[2025-11-02T12:54:00.274+0000] {spark_submit.py:491} INFO - at org.apache.spark.sql.catalyst.plans.logical.AnalysisHelper.resolveOperatorsUpWithPruning(AnalysisHelper.scala:134)
[2025-11-02T12:54:00.274+0000] {spark_submit.py:491} INFO - at org.apache.spark.sql.catalyst.plans.logical.AnalysisHelper.resolveOperatorsUpWithPruning$(AnalysisHelper.scala:130)
[2025-11-02T12:54:00.274+0000] {spark_submit.py:491} INFO - at org.apache.spark.sql.catalyst.plans.logical.LogicalPlan.resolveOperatorsUpWithPruning(LogicalPlan.scala:32)
[2025-11-02T12:54:00.274+0000] {spark_submit.py:491} INFO - at org.apache.spark.sql.catalyst.analysis.Analyzer$ResolveRelations$.apply(Analyzer.scala:1090)
[2025-11-02T12:54:00.275+0000] {spark_submit.py:491} INFO - at org.apache.spark.sql.catalyst.analysis.Analyzer$ResolveRelations$.apply(Analyzer.scala:1049)
[2025-11-02T12:54:00.275+0000] {spark_submit.py:491} INFO - at org.apache.spark.sql.catalyst.rules.RuleExecutor.$anonfun$execute$2(RuleExecutor.scala:222)
[2025-11-02T12:54:00.275+0000] {spark_submit.py:491} INFO - at scala.collection.LinearSeqOptimized.foldLeft(LinearSeqOptimized.scala:126)
[2025-11-02T12:54:00.275+0000] {spark_submit.py:491} INFO - at scala.collection.LinearSeqOptimized.foldLeft$(LinearSeqOptimized.scala:122)
[2025-11-02T12:54:00.275+0000] {spark_submit.py:491} INFO - at scala.collection.immutable.List.foldLeft(List.scala:91)
[2025-11-02T12:54:00.275+0000] {spark_submit.py:491} INFO - at org.apache.spark.sql.catalyst.rules.RuleExecutor.$anonfun$execute$1(RuleExecutor.scala:219)
[2025-11-02T12:54:00.275+0000] {spark_submit.py:491} INFO - at org.apache.spark.sql.catalyst.rules.RuleExecutor.$anonfun$execute$1$adapted(RuleExecutor.scala:211)
[2025-11-02T12:54:00.275+0000] {spark_submit.py:491} INFO - at scala.collection.immutable.List.foreach(List.scala:431)
[2025-11-02T12:54:00.275+0000] {spark_submit.py:491} INFO - at org.apache.spark.sql.catalyst.rules.RuleExecutor.execute(RuleExecutor.scala:211)
[2025-11-02T12:54:00.275+0000] {spark_submit.py:491} INFO - at org.apache.spark.sql.catalyst.analysis.Analyzer.org$apache$spark$sql$catalyst$analysis$Analyzer$$executeSameContext(Analyzer.scala:226)
[2025-11-02T12:54:00.275+0000] {spark_submit.py:491} INFO - at org.apache.spark.sql.catalyst.analysis.Analyzer.$anonfun$execute$1(Analyzer.scala:222)
[2025-11-02T12:54:00.275+0000] {spark_submit.py:491} INFO - at org.apache.spark.sql.catalyst.analysis.AnalysisContext$.withNewAnalysisContext(Analyzer.scala:173)
[2025-11-02T12:54:00.275+0000] {spark_submit.py:491} INFO - at org.apache.spark.sql.catalyst.analysis.Analyzer.execute(Analyzer.scala:222)
[2025-11-02T12:54:00.275+0000] {spark_submit.py:491} INFO - at org.apache.spark.sql.catalyst.analysis.Analyzer.execute(Analyzer.scala:188)
[2025-11-02T12:54:00.275+0000] {spark_submit.py:491} INFO - at org.apache.spark.sql.catalyst.rules.RuleExecutor.$anonfun$executeAndTrack$1(RuleExecutor.scala:182)
[2025-11-02T12:54:00.276+0000] {spark_submit.py:491} INFO - at org.apache.spark.sql.catalyst.QueryPlanningTracker$.withTracker(QueryPlanningTracker.scala:89)
[2025-11-02T12:54:00.276+0000] {spark_submit.py:491} INFO - at org.apache.spark.sql.catalyst.rules.RuleExecutor.executeAndTrack(RuleExecutor.scala:182)
[2025-11-02T12:54:00.276+0000] {spark_submit.py:491} INFO - at org.apache.spark.sql.catalyst.analysis.Analyzer.$anonfun$executeAndCheck$1(Analyzer.scala:209)
[2025-11-02T12:54:00.276+0000] {spark_submit.py:491} INFO - at org.apache.spark.sql.catalyst.plans.logical.AnalysisHelper$.markInAnalyzer(AnalysisHelper.scala:330)
[2025-11-02T12:54:00.276+0000] {spark_submit.py:491} INFO - at org.apache.spark.sql.catalyst.analysis.Analyzer.executeAndCheck(Analyzer.scala:208)
[2025-11-02T12:54:00.276+0000] {spark_submit.py:491} INFO - at org.apache.spark.sql.execution.QueryExecution.$anonfun$analyzed$1(QueryExecution.scala:77)
[2025-11-02T12:54:00.276+0000] {spark_submit.py:491} INFO - at org.apache.spark.sql.catalyst.QueryPlanningTracker.measurePhase(QueryPlanningTracker.scala:138)
[2025-11-02T12:54:00.276+0000] {spark_submit.py:491} INFO - at org.apache.spark.sql.execution.QueryExecution.$anonfun$executePhase$2(QueryExecution.scala:219)
[2025-11-02T12:54:00.276+0000] {spark_submit.py:491} INFO - at org.apache.spark.sql.execution.QueryExecution$.withInternalError(QueryExecution.scala:546)
[2025-11-02T12:54:00.276+0000] {spark_submit.py:491} INFO - at org.apache.spark.sql.execution.QueryExecution.$anonfun$executePhase$1(QueryExecution.scala:219)
[2025-11-02T12:54:00.276+0000] {spark_submit.py:491} INFO - at org.apache.spark.sql.SparkSession.withActive(SparkSession.scala:900)
[2025-11-02T12:54:00.276+0000] {spark_submit.py:491} INFO - at org.apache.spark.sql.execution.QueryExecution.executePhase(QueryExecution.scala:218)
[2025-11-02T12:54:00.277+0000] {spark_submit.py:491} INFO - at org.apache.spark.sql.execution.QueryExecution.analyzed$lzycompute(QueryExecution.scala:77)
[2025-11-02T12:54:00.277+0000] {spark_submit.py:491} INFO - at org.apache.spark.sql.execution.QueryExecution.analyzed(QueryExecution.scala:74)
[2025-11-02T12:54:00.277+0000] {spark_submit.py:491} INFO - at org.apache.spark.sql.execution.QueryExecution.commandExecuted$lzycompute(QueryExecution.scala:85)
[2025-11-02T12:54:00.277+0000] {spark_submit.py:491} INFO - at org.apache.spark.sql.execution.QueryExecution.commandExecuted(QueryExecution.scala:83)
[2025-11-02T12:54:00.277+0000] {spark_submit.py:491} INFO - at org.apache.spark.sql.execution.QueryExecution.assertCommandExecuted(QueryExecution.scala:142)
[2025-11-02T12:54:00.277+0000] {spark_submit.py:491} INFO - at org.apache.spark.sql.DataFrameWriterV2.runCommand(DataFrameWriterV2.scala:196)
[2025-11-02T12:54:00.277+0000] {spark_submit.py:491} INFO - at org.apache.spark.sql.DataFrameWriterV2.append(DataFrameWriterV2.scala:150)
[2025-11-02T12:54:00.277+0000] {spark_submit.py:491} INFO - at java.base/jdk.internal.reflect.NativeMethodAccessorImpl.invoke0(Native Method)
[2025-11-02T12:54:00.277+0000] {spark_submit.py:491} INFO - at java.base/jdk.internal.reflect.NativeMethodAccessorImpl.invoke(NativeMethodAccessorImpl.java:62)
[2025-11-02T12:54:00.277+0000] {spark_submit.py:491} INFO - at java.base/jdk.internal.reflect.DelegatingMethodAccessorImpl.invoke(DelegatingMethodAccessorImpl.java:43)
[2025-11-02T12:54:00.277+0000] {spark_submit.py:491} INFO - at java.base/java.lang.reflect.Method.invoke(Method.java:566)
[2025-11-02T12:54:00.277+0000] {spark_submit.py:491} INFO - at py4j.reflection.MethodInvoker.invoke(MethodInvoker.java:244)
[2025-11-02T12:54:00.278+0000] {spark_submit.py:491} INFO - at py4j.reflection.ReflectionEngine.invoke(ReflectionEngine.java:374)
[2025-11-02T12:54:00.278+0000] {spark_submit.py:491} INFO - at py4j.Gateway.invoke(Gateway.java:282)
[2025-11-02T12:54:00.278+0000] {spark_submit.py:491} INFO - at py4j.commands.AbstractCommand.invokeMethod(AbstractCommand.java:132)
[2025-11-02T12:54:00.278+0000] {spark_submit.py:491} INFO - at py4j.commands.CallCommand.execute(CallCommand.java:79)
[2025-11-02T12:54:00.278+0000] {spark_submit.py:491} INFO - at py4j.ClientServerConnection.waitForCommands(ClientServerConnection.java:182)
[2025-11-02T12:54:00.278+0000] {spark_submit.py:491} INFO - at py4j.ClientServerConnection.run(ClientServerConnection.java:106)
[2025-11-02T12:54:00.278+0000] {spark_submit.py:491} INFO - at java.base/java.lang.Thread.run(Thread.java:829)
[2025-11-02T12:54:00.478+0000] {spark_submit.py:491} INFO - Error in ETL job: An error occurred while calling o125.append.
[2025-11-02T12:54:00.478+0000] {spark_submit.py:491} INFO - : org.apache.iceberg.exceptions.RuntimeIOException: Failed to refresh the table
[2025-11-02T12:54:00.478+0000] {spark_submit.py:491} INFO - at org.apache.iceberg.hadoop.HadoopTableOperations.refresh(HadoopTableOperations.java:126)
[2025-11-02T12:54:00.478+0000] {spark_submit.py:491} INFO - at org.apache.iceberg.hadoop.HadoopTableOperations.current(HadoopTableOperations.java:84)
[2025-11-02T12:54:00.478+0000] {spark_submit.py:491} INFO - at org.apache.iceberg.BaseMetastoreCatalog.loadTable(BaseMetastoreCatalog.java:47)
[2025-11-02T12:54:00.479+0000] {spark_submit.py:491} INFO - at org.apache.iceberg.shaded.com.github.benmanes.caffeine.cache.BoundedLocalCache.lambda$doComputeIfAbsent$14(BoundedLocalCache.java:2406)
[2025-11-02T12:54:00.479+0000] {spark_submit.py:491} INFO - at java.base/java.util.concurrent.ConcurrentHashMap.compute(ConcurrentHashMap.java:1908)
[2025-11-02T12:54:00.479+0000] {spark_submit.py:491} INFO - at org.apache.iceberg.shaded.com.github.benmanes.caffeine.cache.BoundedLocalCache.doComputeIfAbsent(BoundedLocalCache.java:2404)
[2025-11-02T12:54:00.479+0000] {spark_submit.py:491} INFO - at org.apache.iceberg.shaded.com.github.benmanes.caffeine.cache.BoundedLocalCache.computeIfAbsent(BoundedLocalCache.java:2387)
[2025-11-02T12:54:00.479+0000] {spark_submit.py:491} INFO - at org.apache.iceberg.shaded.com.github.benmanes.caffeine.cache.LocalCache.computeIfAbsent(LocalCache.java:108)
[2025-11-02T12:54:00.480+0000] {spark_submit.py:491} INFO - at org.apache.iceberg.shaded.com.github.benmanes.caffeine.cache.LocalManualCache.get(LocalManualCache.java:62)
[2025-11-02T12:54:00.480+0000] {spark_submit.py:491} INFO - at org.apache.iceberg.CachingCatalog.loadTable(CachingCatalog.java:166)
[2025-11-02T12:54:00.480+0000] {spark_submit.py:491} INFO - at org.apache.iceberg.spark.SparkCatalog.load(SparkCatalog.java:643)
[2025-11-02T12:54:00.480+0000] {spark_submit.py:491} INFO - at org.apache.iceberg.spark.SparkCatalog.loadTable(SparkCatalog.java:159)
[2025-11-02T12:54:00.480+0000] {spark_submit.py:491} INFO - at org.apache.spark.sql.connector.catalog.CatalogV2Util$.getTable(CatalogV2Util.scala:355)
[2025-11-02T12:54:00.480+0000] {spark_submit.py:491} INFO - at org.apache.spark.sql.connector.catalog.CatalogV2Util$.loadTable(CatalogV2Util.scala:336)
[2025-11-02T12:54:00.481+0000] {spark_submit.py:491} INFO - at org.apache.spark.sql.catalyst.analysis.Analyzer$ResolveRelations$.$anonfun$resolveRelation$3(Analyzer.scala:1271)
[2025-11-02T12:54:00.481+0000] {spark_submit.py:491} INFO - at scala.Option.orElse(Option.scala:447)
[2025-11-02T12:54:00.481+0000] {spark_submit.py:491} INFO - at org.apache.spark.sql.catalyst.analysis.Analyzer$ResolveRelations$.$anonfun$resolveRelation$1(Analyzer.scala:1270)
[2025-11-02T12:54:00.481+0000] {spark_submit.py:491} INFO - at scala.Option.orElse(Option.scala:447)
[2025-11-02T12:54:00.481+0000] {spark_submit.py:491} INFO - at org.apache.spark.sql.catalyst.analysis.Analyzer$ResolveRelations$.org$apache$spark$sql$catalyst$analysis$Analyzer$ResolveRelations$$resolveRelation(Analyzer.scala:1262)
[2025-11-02T12:54:00.481+0000] {spark_submit.py:491} INFO - at org.apache.spark.sql.catalyst.analysis.Analyzer$ResolveRelations$$anonfun$apply$14.applyOrElse(Analyzer.scala:1111)
[2025-11-02T12:54:00.481+0000] {spark_submit.py:491} INFO - at org.apache.spark.sql.catalyst.analysis.Analyzer$ResolveRelations$$anonfun$apply$14.applyOrElse(Analyzer.scala:1090)
[2025-11-02T12:54:00.481+0000] {spark_submit.py:491} INFO - at org.apache.spark.sql.catalyst.plans.logical.AnalysisHelper.$anonfun$resolveOperatorsUpWithPruning$3(AnalysisHelper.scala:138)
[2025-11-02T12:54:00.481+0000] {spark_submit.py:491} INFO - at org.apache.spark.sql.catalyst.trees.CurrentOrigin$.withOrigin(origin.scala:76)
[2025-11-02T12:54:00.482+0000] {spark_submit.py:491} INFO - at org.apache.spark.sql.catalyst.plans.logical.AnalysisHelper.$anonfun$resolveOperatorsUpWithPruning$1(AnalysisHelper.scala:138)
[2025-11-02T12:54:00.482+0000] {spark_submit.py:491} INFO - at org.apache.spark.sql.catalyst.plans.logical.AnalysisHelper$.allowInvokingTransformsInAnalyzer(AnalysisHelper.scala:323)
[2025-11-02T12:54:00.482+0000] {spark_submit.py:491} INFO - at org.apache.spark.sql.catalyst.plans.logical.AnalysisHelper.resolveOperatorsUpWithPruning(AnalysisHelper.scala:134)
[2025-11-02T12:54:00.482+0000] {spark_submit.py:491} INFO - at org.apache.spark.sql.catalyst.plans.logical.AnalysisHelper.resolveOperatorsUpWithPruning$(AnalysisHelper.scala:130)
[2025-11-02T12:54:00.482+0000] {spark_submit.py:491} INFO - at org.apache.spark.sql.catalyst.plans.logical.LogicalPlan.resolveOperatorsUpWithPruning(LogicalPlan.scala:32)
[2025-11-02T12:54:00.482+0000] {spark_submit.py:491} INFO - at org.apache.spark.sql.catalyst.analysis.Analyzer$ResolveRelations$.apply(Analyzer.scala:1090)
[2025-11-02T12:54:00.482+0000] {spark_submit.py:491} INFO - at org.apache.spark.sql.catalyst.analysis.Analyzer$ResolveRelations$.apply(Analyzer.scala:1049)
[2025-11-02T12:54:00.482+0000] {spark_submit.py:491} INFO - at org.apache.spark.sql.catalyst.rules.RuleExecutor.$anonfun$execute$2(RuleExecutor.scala:222)
[2025-11-02T12:54:00.483+0000] {spark_submit.py:491} INFO - at scala.collection.LinearSeqOptimized.foldLeft(LinearSeqOptimized.scala:126)
[2025-11-02T12:54:00.483+0000] {spark_submit.py:491} INFO - at scala.collection.LinearSeqOptimized.foldLeft$(LinearSeqOptimized.scala:122)
[2025-11-02T12:54:00.483+0000] {spark_submit.py:491} INFO - at scala.collection.immutable.List.foldLeft(List.scala:91)
[2025-11-02T12:54:00.483+0000] {spark_submit.py:491} INFO - at org.apache.spark.sql.catalyst.rules.RuleExecutor.$anonfun$execute$1(RuleExecutor.scala:219)
[2025-11-02T12:54:00.483+0000] {spark_submit.py:491} INFO - at org.apache.spark.sql.catalyst.rules.RuleExecutor.$anonfun$execute$1$adapted(RuleExecutor.scala:211)
[2025-11-02T12:54:00.483+0000] {spark_submit.py:491} INFO - at scala.collection.immutable.List.foreach(List.scala:431)
[2025-11-02T12:54:00.483+0000] {spark_submit.py:491} INFO - at org.apache.spark.sql.catalyst.rules.RuleExecutor.execute(RuleExecutor.scala:211)
[2025-11-02T12:54:00.483+0000] {spark_submit.py:491} INFO - at org.apache.spark.sql.catalyst.analysis.Analyzer.org$apache$spark$sql$catalyst$analysis$Analyzer$$executeSameContext(Analyzer.scala:226)
[2025-11-02T12:54:00.483+0000] {spark_submit.py:491} INFO - at org.apache.spark.sql.catalyst.analysis.Analyzer.$anonfun$execute$1(Analyzer.scala:222)
[2025-11-02T12:54:00.484+0000] {spark_submit.py:491} INFO - at org.apache.spark.sql.catalyst.analysis.AnalysisContext$.withNewAnalysisContext(Analyzer.scala:173)
[2025-11-02T12:54:00.484+0000] {spark_submit.py:491} INFO - at org.apache.spark.sql.catalyst.analysis.Analyzer.execute(Analyzer.scala:222)
[2025-11-02T12:54:00.484+0000] {spark_submit.py:491} INFO - at org.apache.spark.sql.catalyst.analysis.Analyzer.execute(Analyzer.scala:188)
[2025-11-02T12:54:00.484+0000] {spark_submit.py:491} INFO - at org.apache.spark.sql.catalyst.rules.RuleExecutor.$anonfun$executeAndTrack$1(RuleExecutor.scala:182)
[2025-11-02T12:54:00.484+0000] {spark_submit.py:491} INFO - at org.apache.spark.sql.catalyst.QueryPlanningTracker$.withTracker(QueryPlanningTracker.scala:89)
[2025-11-02T12:54:00.484+0000] {spark_submit.py:491} INFO - at org.apache.spark.sql.catalyst.rules.RuleExecutor.executeAndTrack(RuleExecutor.scala:182)
[2025-11-02T12:54:00.484+0000] {spark_submit.py:491} INFO - at org.apache.spark.sql.catalyst.analysis.Analyzer.$anonfun$executeAndCheck$1(Analyzer.scala:209)
[2025-11-02T12:54:00.484+0000] {spark_submit.py:491} INFO - at org.apache.spark.sql.catalyst.plans.logical.AnalysisHelper$.markInAnalyzer(AnalysisHelper.scala:330)
[2025-11-02T12:54:00.484+0000] {spark_submit.py:491} INFO - at org.apache.spark.sql.catalyst.analysis.Analyzer.executeAndCheck(Analyzer.scala:208)
[2025-11-02T12:54:00.484+0000] {spark_submit.py:491} INFO - at org.apache.spark.sql.execution.QueryExecution.$anonfun$analyzed$1(QueryExecution.scala:77)
[2025-11-02T12:54:00.485+0000] {spark_submit.py:491} INFO - at org.apache.spark.sql.catalyst.QueryPlanningTracker.measurePhase(QueryPlanningTracker.scala:138)
[2025-11-02T12:54:00.485+0000] {spark_submit.py:491} INFO - at org.apache.spark.sql.execution.QueryExecution.$anonfun$executePhase$2(QueryExecution.scala:219)
[2025-11-02T12:54:00.485+0000] {spark_submit.py:491} INFO - at org.apache.spark.sql.execution.QueryExecution$.withInternalError(QueryExecution.scala:546)
[2025-11-02T12:54:00.485+0000] {spark_submit.py:491} INFO - at org.apache.spark.sql.execution.QueryExecution.$anonfun$executePhase$1(QueryExecution.scala:219)
[2025-11-02T12:54:00.485+0000] {spark_submit.py:491} INFO - at org.apache.spark.sql.SparkSession.withActive(SparkSession.scala:900)
[2025-11-02T12:54:00.485+0000] {spark_submit.py:491} INFO - at org.apache.spark.sql.execution.QueryExecution.executePhase(QueryExecution.scala:218)
[2025-11-02T12:54:00.485+0000] {spark_submit.py:491} INFO - at org.apache.spark.sql.execution.QueryExecution.analyzed$lzycompute(QueryExecution.scala:77)
[2025-11-02T12:54:00.486+0000] {spark_submit.py:491} INFO - at org.apache.spark.sql.execution.QueryExecution.analyzed(QueryExecution.scala:74)
[2025-11-02T12:54:00.486+0000] {spark_submit.py:491} INFO - at org.apache.spark.sql.execution.QueryExecution.commandExecuted$lzycompute(QueryExecution.scala:85)
[2025-11-02T12:54:00.486+0000] {spark_submit.py:491} INFO - at org.apache.spark.sql.execution.QueryExecution.commandExecuted(QueryExecution.scala:83)
[2025-11-02T12:54:00.486+0000] {spark_submit.py:491} INFO - at org.apache.spark.sql.execution.QueryExecution.assertCommandExecuted(QueryExecution.scala:142)
[2025-11-02T12:54:00.486+0000] {spark_submit.py:491} INFO - at org.apache.spark.sql.DataFrameWriterV2.runCommand(DataFrameWriterV2.scala:196)
[2025-11-02T12:54:00.486+0000] {spark_submit.py:491} INFO - at org.apache.spark.sql.DataFrameWriterV2.append(DataFrameWriterV2.scala:150)
[2025-11-02T12:54:00.486+0000] {spark_submit.py:491} INFO - at java.base/jdk.internal.reflect.NativeMethodAccessorImpl.invoke0(Native Method)
[2025-11-02T12:54:00.486+0000] {spark_submit.py:491} INFO - at java.base/jdk.internal.reflect.NativeMethodAccessorImpl.invoke(NativeMethodAccessorImpl.java:62)
[2025-11-02T12:54:00.486+0000] {spark_submit.py:491} INFO - at java.base/jdk.internal.reflect.DelegatingMethodAccessorImpl.invoke(DelegatingMethodAccessorImpl.java:43)
[2025-11-02T12:54:00.487+0000] {spark_submit.py:491} INFO - at java.base/java.lang.reflect.Method.invoke(Method.java:566)
[2025-11-02T12:54:00.487+0000] {spark_submit.py:491} INFO - at py4j.reflection.MethodInvoker.invoke(MethodInvoker.java:244)
[2025-11-02T12:54:00.487+0000] {spark_submit.py:491} INFO - at py4j.reflection.ReflectionEngine.invoke(ReflectionEngine.java:374)
[2025-11-02T12:54:00.487+0000] {spark_submit.py:491} INFO - at py4j.Gateway.invoke(Gateway.java:282)
[2025-11-02T12:54:00.487+0000] {spark_submit.py:491} INFO - at py4j.commands.AbstractCommand.invokeMethod(AbstractCommand.java:132)
[2025-11-02T12:54:00.487+0000] {spark_submit.py:491} INFO - at py4j.commands.CallCommand.execute(CallCommand.java:79)
[2025-11-02T12:54:00.487+0000] {spark_submit.py:491} INFO - at py4j.ClientServerConnection.waitForCommands(ClientServerConnection.java:182)
[2025-11-02T12:54:00.487+0000] {spark_submit.py:491} INFO - at py4j.ClientServerConnection.run(ClientServerConnection.java:106)
[2025-11-02T12:54:00.487+0000] {spark_submit.py:491} INFO - at java.base/java.lang.Thread.run(Thread.java:829)
[2025-11-02T12:54:00.487+0000] {spark_submit.py:491} INFO - Caused by: org.apache.hadoop.fs.s3a.UnknownStoreException: `s3a://lakehouse/warehouse/nyc_taxi/trips/metadata/v0.metadata.json': getFileStatus on s3a://lakehouse/warehouse/nyc_taxi/trips/metadata/v0.metadata.json: com.amazonaws.services.s3.model.AmazonS3Exception: The specified bucket does not exist (Service: Amazon S3; Status Code: 404; Error Code: NoSuchBucket; Request ID: 187431BC9775D69D; S3 Extended Request ID: dd9025bab4ad464b049177c95eb6ebf374d3b3fd1af9251148b658df7ac2e3e8; Proxy: null), S3 Extended Request ID: dd9025bab4ad464b049177c95eb6ebf374d3b3fd1af9251148b658df7ac2e3e8:NoSuchBucket: The specified bucket does not exist (Service: Amazon S3; Status Code: 404; Error Code: NoSuchBucket; Request ID: 187431BC9775D69D; S3 Extended Request ID: dd9025bab4ad464b049177c95eb6ebf374d3b3fd1af9251148b658df7ac2e3e8; Proxy: null)
[2025-11-02T12:54:00.488+0000] {spark_submit.py:491} INFO - at org.apache.hadoop.fs.s3a.S3AUtils.translateException(S3AUtils.java:263)
[2025-11-02T12:54:00.488+0000] {spark_submit.py:491} INFO - at org.apache.hadoop.fs.s3a.S3AUtils.translateException(S3AUtils.java:175)
[2025-11-02T12:54:00.488+0000] {spark_submit.py:491} INFO - at org.apache.hadoop.fs.s3a.S3AFileSystem.s3GetFileStatus(S3AFileSystem.java:3858)
[2025-11-02T12:54:00.488+0000] {spark_submit.py:491} INFO - at org.apache.hadoop.fs.s3a.S3AFileSystem.innerGetFileStatus(S3AFileSystem.java:3688)
[2025-11-02T12:54:00.488+0000] {spark_submit.py:491} INFO - at org.apache.hadoop.fs.s3a.S3AFileSystem.lambda$exists$34(S3AFileSystem.java:4703)
[2025-11-02T12:54:00.488+0000] {spark_submit.py:491} INFO - at org.apache.hadoop.fs.statistics.impl.IOStatisticsBinding.lambda$trackDurationOfOperation$5(IOStatisticsBinding.java:499)
[2025-11-02T12:54:00.488+0000] {spark_submit.py:491} INFO - at org.apache.hadoop.fs.statistics.impl.IOStatisticsBinding.trackDuration(IOStatisticsBinding.java:444)
[2025-11-02T12:54:00.488+0000] {spark_submit.py:491} INFO - at org.apache.hadoop.fs.s3a.S3AFileSystem.trackDurationAndSpan(S3AFileSystem.java:2337)
[2025-11-02T12:54:00.488+0000] {spark_submit.py:491} INFO - at org.apache.hadoop.fs.s3a.S3AFileSystem.trackDurationAndSpan(S3AFileSystem.java:2356)
[2025-11-02T12:54:00.489+0000] {spark_submit.py:491} INFO - at org.apache.hadoop.fs.s3a.S3AFileSystem.exists(S3AFileSystem.java:4701)
[2025-11-02T12:54:00.489+0000] {spark_submit.py:491} INFO - at org.apache.iceberg.hadoop.HadoopTableOperations.getMetadataFile(HadoopTableOperations.java:241)
[2025-11-02T12:54:00.489+0000] {spark_submit.py:491} INFO - at org.apache.iceberg.hadoop.HadoopTableOperations.refresh(HadoopTableOperations.java:106)
[2025-11-02T12:54:00.489+0000] {spark_submit.py:491} INFO - ... 74 more
[2025-11-02T12:54:00.489+0000] {spark_submit.py:491} INFO - Caused by: com.amazonaws.services.s3.model.AmazonS3Exception: The specified bucket does not exist (Service: Amazon S3; Status Code: 404; Error Code: NoSuchBucket; Request ID: 187431BC9775D69D; S3 Extended Request ID: dd9025bab4ad464b049177c95eb6ebf374d3b3fd1af9251148b658df7ac2e3e8; Proxy: null), S3 Extended Request ID: dd9025bab4ad464b049177c95eb6ebf374d3b3fd1af9251148b658df7ac2e3e8
[2025-11-02T12:54:00.489+0000] {spark_submit.py:491} INFO - at com.amazonaws.http.AmazonHttpClient$RequestExecutor.handleErrorResponse(AmazonHttpClient.java:1879)
[2025-11-02T12:54:00.489+0000] {spark_submit.py:491} INFO - at com.amazonaws.http.AmazonHttpClient$RequestExecutor.handleServiceErrorResponse(AmazonHttpClient.java:1418)
[2025-11-02T12:54:00.489+0000] {spark_submit.py:491} INFO - at com.amazonaws.http.AmazonHttpClient$RequestExecutor.executeOneRequest(AmazonHttpClient.java:1387)
[2025-11-02T12:54:00.490+0000] {spark_submit.py:491} INFO - at com.amazonaws.http.AmazonHttpClient$RequestExecutor.executeHelper(AmazonHttpClient.java:1157)
[2025-11-02T12:54:00.490+0000] {spark_submit.py:491} INFO - at com.amazonaws.http.AmazonHttpClient$RequestExecutor.doExecute(AmazonHttpClient.java:814)
[2025-11-02T12:54:00.490+0000] {spark_submit.py:491} INFO - at com.amazonaws.http.AmazonHttpClient$RequestExecutor.executeWithTimer(AmazonHttpClient.java:781)
[2025-11-02T12:54:00.490+0000] {spark_submit.py:491} INFO - at com.amazonaws.http.AmazonHttpClient$RequestExecutor.execute(AmazonHttpClient.java:755)
[2025-11-02T12:54:00.490+0000] {spark_submit.py:491} INFO - at com.amazonaws.http.AmazonHttpClient$RequestExecutor.access$500(AmazonHttpClient.java:715)
[2025-11-02T12:54:00.490+0000] {spark_submit.py:491} INFO - at com.amazonaws.http.AmazonHttpClient$RequestExecutionBuilderImpl.execute(AmazonHttpClient.java:697)
[2025-11-02T12:54:00.490+0000] {spark_submit.py:491} INFO - at com.amazonaws.http.AmazonHttpClient.execute(AmazonHttpClient.java:561)
[2025-11-02T12:54:00.490+0000] {spark_submit.py:491} INFO - at com.amazonaws.http.AmazonHttpClient.execute(AmazonHttpClient.java:541)
[2025-11-02T12:54:00.491+0000] {spark_submit.py:491} INFO - at com.amazonaws.services.s3.AmazonS3Client.invoke(AmazonS3Client.java:5456)
[2025-11-02T12:54:00.491+0000] {spark_submit.py:491} INFO - at com.amazonaws.services.s3.AmazonS3Client.invoke(AmazonS3Client.java:5403)
[2025-11-02T12:54:00.491+0000] {spark_submit.py:491} INFO - at com.amazonaws.services.s3.AmazonS3Client.invoke(AmazonS3Client.java:5397)
[2025-11-02T12:54:00.491+0000] {spark_submit.py:491} INFO - at com.amazonaws.services.s3.AmazonS3Client.listObjectsV2(AmazonS3Client.java:971)
[2025-11-02T12:54:00.491+0000] {spark_submit.py:491} INFO - at org.apache.hadoop.fs.s3a.S3AFileSystem.lambda$listObjects$11(S3AFileSystem.java:2595)
[2025-11-02T12:54:00.491+0000] {spark_submit.py:491} INFO - at org.apache.hadoop.fs.statistics.impl.IOStatisticsBinding.lambda$trackDurationOfOperation$5(IOStatisticsBinding.java:499)
[2025-11-02T12:54:00.491+0000] {spark_submit.py:491} INFO - at org.apache.hadoop.fs.s3a.Invoker.retryUntranslated(Invoker.java:414)
[2025-11-02T12:54:00.491+0000] {spark_submit.py:491} INFO - at org.apache.hadoop.fs.s3a.Invoker.retryUntranslated(Invoker.java:377)
[2025-11-02T12:54:00.491+0000] {spark_submit.py:491} INFO - at org.apache.hadoop.fs.s3a.S3AFileSystem.listObjects(S3AFileSystem.java:2586)
[2025-11-02T12:54:00.491+0000] {spark_submit.py:491} INFO - at org.apache.hadoop.fs.s3a.S3AFileSystem.s3GetFileStatus(S3AFileSystem.java:3832)
[2025-11-02T12:54:00.492+0000] {spark_submit.py:491} INFO - ... 83 more
[2025-11-02T12:54:00.492+0000] {spark_submit.py:491} INFO - 
[2025-11-02T12:54:00.921+0000] {spark_submit.py:491} INFO - Traceback (most recent call last):
[2025-11-02T12:54:00.921+0000] {spark_submit.py:491} INFO - File "/opt/***/dags/spark_jobs/nyc_taxi_to_iceberg.py", line 224, in <module>
[2025-11-02T12:54:00.921+0000] {spark_submit.py:491} INFO - main()
[2025-11-02T12:54:00.921+0000] {spark_submit.py:491} INFO - File "/opt/***/dags/spark_jobs/nyc_taxi_to_iceberg.py", line 210, in main
[2025-11-02T12:54:00.922+0000] {spark_submit.py:491} INFO - process_taxi_data(spark, input_path)
[2025-11-02T12:54:00.922+0000] {spark_submit.py:491} INFO - File "/opt/***/dags/spark_jobs/nyc_taxi_to_iceberg.py", line 142, in process_taxi_data
[2025-11-02T12:54:00.922+0000] {spark_submit.py:491} INFO - final_df.writeTo("iceberg.nyc_taxi.trips") \
[2025-11-02T12:54:00.922+0000] {spark_submit.py:491} INFO - File "/opt/bitnami/spark/python/lib/pyspark.zip/pyspark/sql/readwriter.py", line 2107, in append
[2025-11-02T12:54:00.922+0000] {spark_submit.py:491} INFO - File "/opt/bitnami/spark/python/lib/py4j-0.10.9.7-src.zip/py4j/java_gateway.py", line 1322, in __call__
[2025-11-02T12:54:00.922+0000] {spark_submit.py:491} INFO - File "/opt/bitnami/spark/python/lib/pyspark.zip/pyspark/errors/exceptions/captured.py", line 179, in deco
[2025-11-02T12:54:00.922+0000] {spark_submit.py:491} INFO - File "/opt/bitnami/spark/python/lib/py4j-0.10.9.7-src.zip/py4j/protocol.py", line 326, in get_return_value
[2025-11-02T12:54:00.965+0000] {spark_submit.py:491} INFO - py4j.protocol.Py4JJavaError: An error occurred while calling o125.append.
[2025-11-02T12:54:00.966+0000] {spark_submit.py:491} INFO - : org.apache.iceberg.exceptions.RuntimeIOException: Failed to refresh the table
[2025-11-02T12:54:00.966+0000] {spark_submit.py:491} INFO - at org.apache.iceberg.hadoop.HadoopTableOperations.refresh(HadoopTableOperations.java:126)
[2025-11-02T12:54:00.966+0000] {spark_submit.py:491} INFO - at org.apache.iceberg.hadoop.HadoopTableOperations.current(HadoopTableOperations.java:84)
[2025-11-02T12:54:00.966+0000] {spark_submit.py:491} INFO - at org.apache.iceberg.BaseMetastoreCatalog.loadTable(BaseMetastoreCatalog.java:47)
[2025-11-02T12:54:00.966+0000] {spark_submit.py:491} INFO - at org.apache.iceberg.shaded.com.github.benmanes.caffeine.cache.BoundedLocalCache.lambda$doComputeIfAbsent$14(BoundedLocalCache.java:2406)
[2025-11-02T12:54:00.966+0000] {spark_submit.py:491} INFO - at java.base/java.util.concurrent.ConcurrentHashMap.compute(ConcurrentHashMap.java:1908)
[2025-11-02T12:54:00.966+0000] {spark_submit.py:491} INFO - at org.apache.iceberg.shaded.com.github.benmanes.caffeine.cache.BoundedLocalCache.doComputeIfAbsent(BoundedLocalCache.java:2404)
[2025-11-02T12:54:00.966+0000] {spark_submit.py:491} INFO - at org.apache.iceberg.shaded.com.github.benmanes.caffeine.cache.BoundedLocalCache.computeIfAbsent(BoundedLocalCache.java:2387)
[2025-11-02T12:54:00.966+0000] {spark_submit.py:491} INFO - at org.apache.iceberg.shaded.com.github.benmanes.caffeine.cache.LocalCache.computeIfAbsent(LocalCache.java:108)
[2025-11-02T12:54:00.967+0000] {spark_submit.py:491} INFO - at org.apache.iceberg.shaded.com.github.benmanes.caffeine.cache.LocalManualCache.get(LocalManualCache.java:62)
[2025-11-02T12:54:00.967+0000] {spark_submit.py:491} INFO - at org.apache.iceberg.CachingCatalog.loadTable(CachingCatalog.java:166)
[2025-11-02T12:54:00.967+0000] {spark_submit.py:491} INFO - at org.apache.iceberg.spark.SparkCatalog.load(SparkCatalog.java:643)
[2025-11-02T12:54:00.967+0000] {spark_submit.py:491} INFO - at org.apache.iceberg.spark.SparkCatalog.loadTable(SparkCatalog.java:159)
[2025-11-02T12:54:00.967+0000] {spark_submit.py:491} INFO - at org.apache.spark.sql.connector.catalog.CatalogV2Util$.getTable(CatalogV2Util.scala:355)
[2025-11-02T12:54:00.967+0000] {spark_submit.py:491} INFO - at org.apache.spark.sql.connector.catalog.CatalogV2Util$.loadTable(CatalogV2Util.scala:336)
[2025-11-02T12:54:00.967+0000] {spark_submit.py:491} INFO - at org.apache.spark.sql.catalyst.analysis.Analyzer$ResolveRelations$.$anonfun$resolveRelation$3(Analyzer.scala:1271)
[2025-11-02T12:54:00.967+0000] {spark_submit.py:491} INFO - at scala.Option.orElse(Option.scala:447)
[2025-11-02T12:54:00.967+0000] {spark_submit.py:491} INFO - at org.apache.spark.sql.catalyst.analysis.Analyzer$ResolveRelations$.$anonfun$resolveRelation$1(Analyzer.scala:1270)
[2025-11-02T12:54:00.967+0000] {spark_submit.py:491} INFO - at scala.Option.orElse(Option.scala:447)
[2025-11-02T12:54:00.968+0000] {spark_submit.py:491} INFO - at org.apache.spark.sql.catalyst.analysis.Analyzer$ResolveRelations$.org$apache$spark$sql$catalyst$analysis$Analyzer$ResolveRelations$$resolveRelation(Analyzer.scala:1262)
[2025-11-02T12:54:00.968+0000] {spark_submit.py:491} INFO - at org.apache.spark.sql.catalyst.analysis.Analyzer$ResolveRelations$$anonfun$apply$14.applyOrElse(Analyzer.scala:1111)
[2025-11-02T12:54:00.968+0000] {spark_submit.py:491} INFO - at org.apache.spark.sql.catalyst.analysis.Analyzer$ResolveRelations$$anonfun$apply$14.applyOrElse(Analyzer.scala:1090)
[2025-11-02T12:54:00.968+0000] {spark_submit.py:491} INFO - at org.apache.spark.sql.catalyst.plans.logical.AnalysisHelper.$anonfun$resolveOperatorsUpWithPruning$3(AnalysisHelper.scala:138)
[2025-11-02T12:54:00.968+0000] {spark_submit.py:491} INFO - at org.apache.spark.sql.catalyst.trees.CurrentOrigin$.withOrigin(origin.scala:76)
[2025-11-02T12:54:00.968+0000] {spark_submit.py:491} INFO - at org.apache.spark.sql.catalyst.plans.logical.AnalysisHelper.$anonfun$resolveOperatorsUpWithPruning$1(AnalysisHelper.scala:138)
[2025-11-02T12:54:00.968+0000] {spark_submit.py:491} INFO - at org.apache.spark.sql.catalyst.plans.logical.AnalysisHelper$.allowInvokingTransformsInAnalyzer(AnalysisHelper.scala:323)
[2025-11-02T12:54:00.968+0000] {spark_submit.py:491} INFO - at org.apache.spark.sql.catalyst.plans.logical.AnalysisHelper.resolveOperatorsUpWithPruning(AnalysisHelper.scala:134)
[2025-11-02T12:54:00.968+0000] {spark_submit.py:491} INFO - at org.apache.spark.sql.catalyst.plans.logical.AnalysisHelper.resolveOperatorsUpWithPruning$(AnalysisHelper.scala:130)
[2025-11-02T12:54:00.968+0000] {spark_submit.py:491} INFO - at org.apache.spark.sql.catalyst.plans.logical.LogicalPlan.resolveOperatorsUpWithPruning(LogicalPlan.scala:32)
[2025-11-02T12:54:00.968+0000] {spark_submit.py:491} INFO - at org.apache.spark.sql.catalyst.analysis.Analyzer$ResolveRelations$.apply(Analyzer.scala:1090)
[2025-11-02T12:54:00.968+0000] {spark_submit.py:491} INFO - at org.apache.spark.sql.catalyst.analysis.Analyzer$ResolveRelations$.apply(Analyzer.scala:1049)
[2025-11-02T12:54:00.968+0000] {spark_submit.py:491} INFO - at org.apache.spark.sql.catalyst.rules.RuleExecutor.$anonfun$execute$2(RuleExecutor.scala:222)
[2025-11-02T12:54:00.968+0000] {spark_submit.py:491} INFO - at scala.collection.LinearSeqOptimized.foldLeft(LinearSeqOptimized.scala:126)
[2025-11-02T12:54:00.968+0000] {spark_submit.py:491} INFO - at scala.collection.LinearSeqOptimized.foldLeft$(LinearSeqOptimized.scala:122)
[2025-11-02T12:54:00.968+0000] {spark_submit.py:491} INFO - at scala.collection.immutable.List.foldLeft(List.scala:91)
[2025-11-02T12:54:00.968+0000] {spark_submit.py:491} INFO - at org.apache.spark.sql.catalyst.rules.RuleExecutor.$anonfun$execute$1(RuleExecutor.scala:219)
[2025-11-02T12:54:00.968+0000] {spark_submit.py:491} INFO - at org.apache.spark.sql.catalyst.rules.RuleExecutor.$anonfun$execute$1$adapted(RuleExecutor.scala:211)
[2025-11-02T12:54:00.969+0000] {spark_submit.py:491} INFO - at scala.collection.immutable.List.foreach(List.scala:431)
[2025-11-02T12:54:00.969+0000] {spark_submit.py:491} INFO - at org.apache.spark.sql.catalyst.rules.RuleExecutor.execute(RuleExecutor.scala:211)
[2025-11-02T12:54:00.969+0000] {spark_submit.py:491} INFO - at org.apache.spark.sql.catalyst.analysis.Analyzer.org$apache$spark$sql$catalyst$analysis$Analyzer$$executeSameContext(Analyzer.scala:226)
[2025-11-02T12:54:00.969+0000] {spark_submit.py:491} INFO - at org.apache.spark.sql.catalyst.analysis.Analyzer.$anonfun$execute$1(Analyzer.scala:222)
[2025-11-02T12:54:00.969+0000] {spark_submit.py:491} INFO - at org.apache.spark.sql.catalyst.analysis.AnalysisContext$.withNewAnalysisContext(Analyzer.scala:173)
[2025-11-02T12:54:00.969+0000] {spark_submit.py:491} INFO - at org.apache.spark.sql.catalyst.analysis.Analyzer.execute(Analyzer.scala:222)
[2025-11-02T12:54:00.969+0000] {spark_submit.py:491} INFO - at org.apache.spark.sql.catalyst.analysis.Analyzer.execute(Analyzer.scala:188)
[2025-11-02T12:54:00.969+0000] {spark_submit.py:491} INFO - at org.apache.spark.sql.catalyst.rules.RuleExecutor.$anonfun$executeAndTrack$1(RuleExecutor.scala:182)
[2025-11-02T12:54:00.969+0000] {spark_submit.py:491} INFO - at org.apache.spark.sql.catalyst.QueryPlanningTracker$.withTracker(QueryPlanningTracker.scala:89)
[2025-11-02T12:54:00.969+0000] {spark_submit.py:491} INFO - at org.apache.spark.sql.catalyst.rules.RuleExecutor.executeAndTrack(RuleExecutor.scala:182)
[2025-11-02T12:54:00.969+0000] {spark_submit.py:491} INFO - at org.apache.spark.sql.catalyst.analysis.Analyzer.$anonfun$executeAndCheck$1(Analyzer.scala:209)
[2025-11-02T12:54:00.969+0000] {spark_submit.py:491} INFO - at org.apache.spark.sql.catalyst.plans.logical.AnalysisHelper$.markInAnalyzer(AnalysisHelper.scala:330)
[2025-11-02T12:54:00.969+0000] {spark_submit.py:491} INFO - at org.apache.spark.sql.catalyst.analysis.Analyzer.executeAndCheck(Analyzer.scala:208)
[2025-11-02T12:54:00.969+0000] {spark_submit.py:491} INFO - at org.apache.spark.sql.execution.QueryExecution.$anonfun$analyzed$1(QueryExecution.scala:77)
[2025-11-02T12:54:00.969+0000] {spark_submit.py:491} INFO - at org.apache.spark.sql.catalyst.QueryPlanningTracker.measurePhase(QueryPlanningTracker.scala:138)
[2025-11-02T12:54:00.969+0000] {spark_submit.py:491} INFO - at org.apache.spark.sql.execution.QueryExecution.$anonfun$executePhase$2(QueryExecution.scala:219)
[2025-11-02T12:54:00.969+0000] {spark_submit.py:491} INFO - at org.apache.spark.sql.execution.QueryExecution$.withInternalError(QueryExecution.scala:546)
[2025-11-02T12:54:00.969+0000] {spark_submit.py:491} INFO - at org.apache.spark.sql.execution.QueryExecution.$anonfun$executePhase$1(QueryExecution.scala:219)
[2025-11-02T12:54:00.969+0000] {spark_submit.py:491} INFO - at org.apache.spark.sql.SparkSession.withActive(SparkSession.scala:900)
[2025-11-02T12:54:00.969+0000] {spark_submit.py:491} INFO - at org.apache.spark.sql.execution.QueryExecution.executePhase(QueryExecution.scala:218)
[2025-11-02T12:54:00.970+0000] {spark_submit.py:491} INFO - at org.apache.spark.sql.execution.QueryExecution.analyzed$lzycompute(QueryExecution.scala:77)
[2025-11-02T12:54:00.970+0000] {spark_submit.py:491} INFO - at org.apache.spark.sql.execution.QueryExecution.analyzed(QueryExecution.scala:74)
[2025-11-02T12:54:00.970+0000] {spark_submit.py:491} INFO - at org.apache.spark.sql.execution.QueryExecution.commandExecuted$lzycompute(QueryExecution.scala:85)
[2025-11-02T12:54:00.970+0000] {spark_submit.py:491} INFO - at org.apache.spark.sql.execution.QueryExecution.commandExecuted(QueryExecution.scala:83)
[2025-11-02T12:54:00.970+0000] {spark_submit.py:491} INFO - at org.apache.spark.sql.execution.QueryExecution.assertCommandExecuted(QueryExecution.scala:142)
[2025-11-02T12:54:00.970+0000] {spark_submit.py:491} INFO - at org.apache.spark.sql.DataFrameWriterV2.runCommand(DataFrameWriterV2.scala:196)
[2025-11-02T12:54:00.970+0000] {spark_submit.py:491} INFO - at org.apache.spark.sql.DataFrameWriterV2.append(DataFrameWriterV2.scala:150)
[2025-11-02T12:54:00.970+0000] {spark_submit.py:491} INFO - at java.base/jdk.internal.reflect.NativeMethodAccessorImpl.invoke0(Native Method)
[2025-11-02T12:54:00.970+0000] {spark_submit.py:491} INFO - at java.base/jdk.internal.reflect.NativeMethodAccessorImpl.invoke(NativeMethodAccessorImpl.java:62)
[2025-11-02T12:54:00.970+0000] {spark_submit.py:491} INFO - at java.base/jdk.internal.reflect.DelegatingMethodAccessorImpl.invoke(DelegatingMethodAccessorImpl.java:43)
[2025-11-02T12:54:00.970+0000] {spark_submit.py:491} INFO - at java.base/java.lang.reflect.Method.invoke(Method.java:566)
[2025-11-02T12:54:00.970+0000] {spark_submit.py:491} INFO - at py4j.reflection.MethodInvoker.invoke(MethodInvoker.java:244)
[2025-11-02T12:54:00.970+0000] {spark_submit.py:491} INFO - at py4j.reflection.ReflectionEngine.invoke(ReflectionEngine.java:374)
[2025-11-02T12:54:00.970+0000] {spark_submit.py:491} INFO - at py4j.Gateway.invoke(Gateway.java:282)
[2025-11-02T12:54:00.970+0000] {spark_submit.py:491} INFO - at py4j.commands.AbstractCommand.invokeMethod(AbstractCommand.java:132)
[2025-11-02T12:54:00.970+0000] {spark_submit.py:491} INFO - at py4j.commands.CallCommand.execute(CallCommand.java:79)
[2025-11-02T12:54:00.970+0000] {spark_submit.py:491} INFO - at py4j.ClientServerConnection.waitForCommands(ClientServerConnection.java:182)
[2025-11-02T12:54:00.970+0000] {spark_submit.py:491} INFO - at py4j.ClientServerConnection.run(ClientServerConnection.java:106)
[2025-11-02T12:54:00.970+0000] {spark_submit.py:491} INFO - at java.base/java.lang.Thread.run(Thread.java:829)
[2025-11-02T12:54:00.970+0000] {spark_submit.py:491} INFO - Caused by: org.apache.hadoop.fs.s3a.UnknownStoreException: `s3a://lakehouse/warehouse/nyc_taxi/trips/metadata/v0.metadata.json': getFileStatus on s3a://lakehouse/warehouse/nyc_taxi/trips/metadata/v0.metadata.json: com.amazonaws.services.s3.model.AmazonS3Exception: The specified bucket does not exist (Service: Amazon S3; Status Code: 404; Error Code: NoSuchBucket; Request ID: 187431BC9775D69D; S3 Extended Request ID: dd9025bab4ad464b049177c95eb6ebf374d3b3fd1af9251148b658df7ac2e3e8; Proxy: null), S3 Extended Request ID: dd9025bab4ad464b049177c95eb6ebf374d3b3fd1af9251148b658df7ac2e3e8:NoSuchBucket: The specified bucket does not exist (Service: Amazon S3; Status Code: 404; Error Code: NoSuchBucket; Request ID: 187431BC9775D69D; S3 Extended Request ID: dd9025bab4ad464b049177c95eb6ebf374d3b3fd1af9251148b658df7ac2e3e8; Proxy: null)
[2025-11-02T12:54:00.970+0000] {spark_submit.py:491} INFO - at org.apache.hadoop.fs.s3a.S3AUtils.translateException(S3AUtils.java:263)
[2025-11-02T12:54:00.971+0000] {spark_submit.py:491} INFO - at org.apache.hadoop.fs.s3a.S3AUtils.translateException(S3AUtils.java:175)
[2025-11-02T12:54:00.971+0000] {spark_submit.py:491} INFO - at org.apache.hadoop.fs.s3a.S3AFileSystem.s3GetFileStatus(S3AFileSystem.java:3858)
[2025-11-02T12:54:00.971+0000] {spark_submit.py:491} INFO - at org.apache.hadoop.fs.s3a.S3AFileSystem.innerGetFileStatus(S3AFileSystem.java:3688)
[2025-11-02T12:54:00.971+0000] {spark_submit.py:491} INFO - at org.apache.hadoop.fs.s3a.S3AFileSystem.lambda$exists$34(S3AFileSystem.java:4703)
[2025-11-02T12:54:00.971+0000] {spark_submit.py:491} INFO - at org.apache.hadoop.fs.statistics.impl.IOStatisticsBinding.lambda$trackDurationOfOperation$5(IOStatisticsBinding.java:499)
[2025-11-02T12:54:00.971+0000] {spark_submit.py:491} INFO - at org.apache.hadoop.fs.statistics.impl.IOStatisticsBinding.trackDuration(IOStatisticsBinding.java:444)
[2025-11-02T12:54:00.971+0000] {spark_submit.py:491} INFO - at org.apache.hadoop.fs.s3a.S3AFileSystem.trackDurationAndSpan(S3AFileSystem.java:2337)
[2025-11-02T12:54:00.971+0000] {spark_submit.py:491} INFO - at org.apache.hadoop.fs.s3a.S3AFileSystem.trackDurationAndSpan(S3AFileSystem.java:2356)
[2025-11-02T12:54:00.971+0000] {spark_submit.py:491} INFO - at org.apache.hadoop.fs.s3a.S3AFileSystem.exists(S3AFileSystem.java:4701)
[2025-11-02T12:54:00.971+0000] {spark_submit.py:491} INFO - at org.apache.iceberg.hadoop.HadoopTableOperations.getMetadataFile(HadoopTableOperations.java:241)
[2025-11-02T12:54:00.971+0000] {spark_submit.py:491} INFO - at org.apache.iceberg.hadoop.HadoopTableOperations.refresh(HadoopTableOperations.java:106)
[2025-11-02T12:54:00.971+0000] {spark_submit.py:491} INFO - ... 74 more
[2025-11-02T12:54:00.971+0000] {spark_submit.py:491} INFO - Caused by: com.amazonaws.services.s3.model.AmazonS3Exception: The specified bucket does not exist (Service: Amazon S3; Status Code: 404; Error Code: NoSuchBucket; Request ID: 187431BC9775D69D; S3 Extended Request ID: dd9025bab4ad464b049177c95eb6ebf374d3b3fd1af9251148b658df7ac2e3e8; Proxy: null), S3 Extended Request ID: dd9025bab4ad464b049177c95eb6ebf374d3b3fd1af9251148b658df7ac2e3e8
[2025-11-02T12:54:00.971+0000] {spark_submit.py:491} INFO - at com.amazonaws.http.AmazonHttpClient$RequestExecutor.handleErrorResponse(AmazonHttpClient.java:1879)
[2025-11-02T12:54:00.971+0000] {spark_submit.py:491} INFO - at com.amazonaws.http.AmazonHttpClient$RequestExecutor.handleServiceErrorResponse(AmazonHttpClient.java:1418)
[2025-11-02T12:54:00.971+0000] {spark_submit.py:491} INFO - at com.amazonaws.http.AmazonHttpClient$RequestExecutor.executeOneRequest(AmazonHttpClient.java:1387)
[2025-11-02T12:54:00.971+0000] {spark_submit.py:491} INFO - at com.amazonaws.http.AmazonHttpClient$RequestExecutor.executeHelper(AmazonHttpClient.java:1157)
[2025-11-02T12:54:00.971+0000] {spark_submit.py:491} INFO - at com.amazonaws.http.AmazonHttpClient$RequestExecutor.doExecute(AmazonHttpClient.java:814)
[2025-11-02T12:54:00.971+0000] {spark_submit.py:491} INFO - at com.amazonaws.http.AmazonHttpClient$RequestExecutor.executeWithTimer(AmazonHttpClient.java:781)
[2025-11-02T12:54:00.972+0000] {spark_submit.py:491} INFO - at com.amazonaws.http.AmazonHttpClient$RequestExecutor.execute(AmazonHttpClient.java:755)
[2025-11-02T12:54:00.972+0000] {spark_submit.py:491} INFO - at com.amazonaws.http.AmazonHttpClient$RequestExecutor.access$500(AmazonHttpClient.java:715)
[2025-11-02T12:54:00.972+0000] {spark_submit.py:491} INFO - at com.amazonaws.http.AmazonHttpClient$RequestExecutionBuilderImpl.execute(AmazonHttpClient.java:697)
[2025-11-02T12:54:00.972+0000] {spark_submit.py:491} INFO - at com.amazonaws.http.AmazonHttpClient.execute(AmazonHttpClient.java:561)
[2025-11-02T12:54:00.972+0000] {spark_submit.py:491} INFO - at com.amazonaws.http.AmazonHttpClient.execute(AmazonHttpClient.java:541)
[2025-11-02T12:54:00.972+0000] {spark_submit.py:491} INFO - at com.amazonaws.services.s3.AmazonS3Client.invoke(AmazonS3Client.java:5456)
[2025-11-02T12:54:00.972+0000] {spark_submit.py:491} INFO - at com.amazonaws.services.s3.AmazonS3Client.invoke(AmazonS3Client.java:5403)
[2025-11-02T12:54:00.972+0000] {spark_submit.py:491} INFO - at com.amazonaws.services.s3.AmazonS3Client.invoke(AmazonS3Client.java:5397)
[2025-11-02T12:54:00.972+0000] {spark_submit.py:491} INFO - at com.amazonaws.services.s3.AmazonS3Client.listObjectsV2(AmazonS3Client.java:971)
[2025-11-02T12:54:00.972+0000] {spark_submit.py:491} INFO - at org.apache.hadoop.fs.s3a.S3AFileSystem.lambda$listObjects$11(S3AFileSystem.java:2595)
[2025-11-02T12:54:00.972+0000] {spark_submit.py:491} INFO - at org.apache.hadoop.fs.statistics.impl.IOStatisticsBinding.lambda$trackDurationOfOperation$5(IOStatisticsBinding.java:499)
[2025-11-02T12:54:00.972+0000] {spark_submit.py:491} INFO - at org.apache.hadoop.fs.s3a.Invoker.retryUntranslated(Invoker.java:414)
[2025-11-02T12:54:00.972+0000] {spark_submit.py:491} INFO - at org.apache.hadoop.fs.s3a.Invoker.retryUntranslated(Invoker.java:377)
[2025-11-02T12:54:00.972+0000] {spark_submit.py:491} INFO - at org.apache.hadoop.fs.s3a.S3AFileSystem.listObjects(S3AFileSystem.java:2586)
[2025-11-02T12:54:00.972+0000] {spark_submit.py:491} INFO - at org.apache.hadoop.fs.s3a.S3AFileSystem.s3GetFileStatus(S3AFileSystem.java:3832)
[2025-11-02T12:54:00.972+0000] {spark_submit.py:491} INFO - ... 83 more
[2025-11-02T12:54:00.972+0000] {spark_submit.py:491} INFO - 
[2025-11-02T12:54:01.026+0000] {taskinstance.py:1935} ERROR - Task failed with exception
Traceback (most recent call last):
  File "/home/airflow/.local/lib/python3.8/site-packages/airflow/providers/apache/spark/operators/spark_submit.py", line 156, in execute
    self._hook.submit(self._application)
  File "/home/airflow/.local/lib/python3.8/site-packages/airflow/providers/apache/spark/hooks/spark_submit.py", line 422, in submit
    raise AirflowException(
airflow.exceptions.AirflowException: Cannot execute: /opt/bitnami/spark/bin/spark-submit --master spark-master:7077 --conf spark.master=spark://spark-master:7077 --conf spark.sql.catalog.spark_catalog=org.apache.iceberg.spark.SparkSessionCatalog --conf spark.sql.catalog.spark_catalog.type=hive --conf spark.sql.catalog.iceberg=org.apache.iceberg.spark.SparkCatalog --conf spark.sql.catalog.iceberg.type=hadoop --conf spark.sql.catalog.iceberg.warehouse=s3a://lakehouse/warehouse --conf spark.sql.extensions=org.apache.iceberg.spark.extensions.IcebergSparkSessionExtensions --conf spark.hadoop.fs.s3a.endpoint=http://minio:9000 --conf spark.hadoop.fs.s3a.access.key=admin --conf spark.hadoop.fs.s3a.secret.key=****** --conf spark.hadoop.fs.s3a.path.style.access=true --conf spark.hadoop.fs.s3a.impl=org.apache.hadoop.fs.s3a.S3AFileSystem --jars /opt/***/jars/iceberg-spark-runtime-3.5_2.12-1.4.2.jar,/opt/***/jars/aws-java-sdk-bundle-1.12.367.jar,/opt/***/jars/hadoop-aws-3.3.4.jar --name arrow-spark /opt/***/dags/spark_jobs/nyc_taxi_to_iceberg.py /opt/***/data/raw/yellow_tripdata_2025-11.parquet. Error code is: 1.
[2025-11-02T12:54:01.028+0000] {taskinstance.py:1398} INFO - Marking task as FAILED. dag_id=nyc_taxi_iceberg_etl, task_id=spark_process_to_iceberg, execution_date=20251102T125327, start_date=20251102T125354, end_date=20251102T125401
[2025-11-02T12:54:01.032+0000] {standard_task_runner.py:104} ERROR - Failed to execute job 9 for task spark_process_to_iceberg (Cannot execute: /opt/bitnami/spark/bin/spark-submit --master spark-master:7077 --conf spark.master=spark://spark-master:7077 --conf spark.sql.catalog.spark_catalog=org.apache.iceberg.spark.SparkSessionCatalog --conf spark.sql.catalog.spark_catalog.type=hive --conf spark.sql.catalog.iceberg=org.apache.iceberg.spark.SparkCatalog --conf spark.sql.catalog.iceberg.type=hadoop --conf spark.sql.catalog.iceberg.warehouse=s3a://lakehouse/warehouse --conf spark.sql.extensions=org.apache.iceberg.spark.extensions.IcebergSparkSessionExtensions --conf spark.hadoop.fs.s3a.endpoint=http://minio:9000 --conf spark.hadoop.fs.s3a.access.key=admin --conf spark.hadoop.fs.s3a.secret.key=****** --conf spark.hadoop.fs.s3a.path.style.access=true --conf spark.hadoop.fs.s3a.impl=org.apache.hadoop.fs.s3a.S3AFileSystem --jars /opt/***/jars/iceberg-spark-runtime-3.5_2.12-1.4.2.jar,/opt/***/jars/aws-java-sdk-bundle-1.12.367.jar,/opt/***/jars/hadoop-aws-3.3.4.jar --name arrow-spark /opt/***/dags/spark_jobs/nyc_taxi_to_iceberg.py /opt/***/data/raw/yellow_tripdata_2025-11.parquet. Error code is: 1.; 541)
[2025-11-02T12:54:01.066+0000] {local_task_job_runner.py:228} INFO - Task exited with return code 1
[2025-11-02T12:54:01.075+0000] {taskinstance.py:2776} INFO - 0 downstream tasks scheduled from follow-on schedule check
