[2025-11-02T06:41:21.422+0000] {taskinstance.py:1157} INFO - Dependencies all met for dep_context=non-requeueable deps ti=<TaskInstance: nyc_taxi_iceberg_etl.spark_process_to_iceberg manual__2025-11-02T06:41:12.683791+00:00 [queued]>
[2025-11-02T06:41:21.424+0000] {taskinstance.py:1157} INFO - Dependencies all met for dep_context=requeueable deps ti=<TaskInstance: nyc_taxi_iceberg_etl.spark_process_to_iceberg manual__2025-11-02T06:41:12.683791+00:00 [queued]>
[2025-11-02T06:41:21.425+0000] {taskinstance.py:1359} INFO - Starting attempt 1 of 1
[2025-11-02T06:41:21.429+0000] {taskinstance.py:1380} INFO - Executing <Task(SparkSubmitOperator): spark_process_to_iceberg> on 2025-11-02 06:41:12.683791+00:00
[2025-11-02T06:41:21.431+0000] {standard_task_runner.py:57} INFO - Started process 8788 to run task
[2025-11-02T06:41:21.432+0000] {standard_task_runner.py:84} INFO - Running: ['***', 'tasks', 'run', 'nyc_taxi_iceberg_etl', 'spark_process_to_iceberg', 'manual__2025-11-02T06:41:12.683791+00:00', '--job-id', '116', '--raw', '--subdir', 'DAGS_FOLDER/nyc_taxi_iceberg_etl.py', '--cfg-path', '/tmp/tmpvwd94rsp']
[2025-11-02T06:41:21.434+0000] {standard_task_runner.py:85} INFO - Job 116: Subtask spark_process_to_iceberg
[2025-11-02T06:41:21.456+0000] {task_command.py:415} INFO - Running <TaskInstance: nyc_taxi_iceberg_etl.spark_process_to_iceberg manual__2025-11-02T06:41:12.683791+00:00 [running]> on host d3553ba1dd4a
[2025-11-02T06:41:21.576+0000] {taskinstance.py:1660} INFO - Exporting env vars: AIRFLOW_CTX_DAG_OWNER='data-engineering' AIRFLOW_CTX_DAG_ID='nyc_taxi_iceberg_etl' AIRFLOW_CTX_TASK_ID='spark_process_to_iceberg' AIRFLOW_CTX_EXECUTION_DATE='2025-11-02T06:41:12.683791+00:00' AIRFLOW_CTX_TRY_NUMBER='1' AIRFLOW_CTX_DAG_RUN_ID='manual__2025-11-02T06:41:12.683791+00:00'
[2025-11-02T06:41:21.577+0000] {base.py:73} INFO - Using connection ID 'spark_default' for task execution.
[2025-11-02T06:41:21.578+0000] {spark_submit.py:340} INFO - Spark-Submit cmd: /opt/bitnami/spark/bin/spark-submit --master spark-master:7077 --conf spark.master=spark://spark-master:7077 --conf spark.sql.catalog.spark_catalog=org.apache.iceberg.spark.SparkSessionCatalog --conf spark.sql.catalog.spark_catalog.type=hive --conf spark.sql.catalog.iceberg=org.apache.iceberg.spark.SparkCatalog --conf spark.sql.catalog.iceberg.type=hadoop --conf spark.sql.catalog.iceberg.warehouse=s3a://lakehouse/warehouse --conf spark.sql.extensions=org.apache.iceberg.spark.extensions.IcebergSparkSessionExtensions --conf spark.hadoop.fs.s3a.endpoint=http://minio:9000 --conf spark.hadoop.fs.s3a.access.key=admin --conf spark.hadoop.fs.s3a.secret.key=****** --conf spark.hadoop.fs.s3a.path.style.access=true --conf spark.hadoop.fs.s3a.impl=org.apache.hadoop.fs.s3a.S3AFileSystem --jars /opt/***/jars/iceberg-spark-runtime-3.5_2.12-1.4.2.jar,/opt/***/jars/aws-java-sdk-bundle-1.12.367.jar,/opt/***/jars/hadoop-aws-3.3.4.jar --name arrow-spark /opt/***/dags/spark_jobs/nyc_taxi_to_iceberg.py /opt/***/data/raw/yellow_tripdata_2025-11.parquet
[2025-11-02T06:41:22.345+0000] {spark_submit.py:491} INFO - 25/11/02 06:41:22 WARN NativeCodeLoader: Unable to load native-hadoop library for your platform... using builtin-java classes where applicable
[2025-11-02T06:41:22.853+0000] {spark_submit.py:491} INFO - 25/11/02 06:41:22 INFO SparkContext: Running Spark version 3.5.1
[2025-11-02T06:41:22.855+0000] {spark_submit.py:491} INFO - 25/11/02 06:41:22 INFO SparkContext: OS info Linux, 6.10.14-linuxkit, aarch64
[2025-11-02T06:41:22.856+0000] {spark_submit.py:491} INFO - 25/11/02 06:41:22 INFO SparkContext: Java version 11.0.28
[2025-11-02T06:41:22.863+0000] {spark_submit.py:491} INFO - 25/11/02 06:41:22 INFO ResourceUtils: ==============================================================
[2025-11-02T06:41:22.863+0000] {spark_submit.py:491} INFO - 25/11/02 06:41:22 INFO ResourceUtils: No custom resources configured for spark.driver.
[2025-11-02T06:41:22.863+0000] {spark_submit.py:491} INFO - 25/11/02 06:41:22 INFO ResourceUtils: ==============================================================
[2025-11-02T06:41:22.864+0000] {spark_submit.py:491} INFO - 25/11/02 06:41:22 INFO SparkContext: Submitted application: NYC Taxi to Iceberg ETL
[2025-11-02T06:41:22.870+0000] {spark_submit.py:491} INFO - 25/11/02 06:41:22 INFO ResourceProfile: Default ResourceProfile created, executor resources: Map(cores -> name: cores, amount: 1, script: , vendor: , memory -> name: memory, amount: 1024, script: , vendor: , offHeap -> name: offHeap, amount: 0, script: , vendor: ), task resources: Map(cpus -> name: cpus, amount: 1.0)
[2025-11-02T06:41:22.874+0000] {spark_submit.py:491} INFO - 25/11/02 06:41:22 INFO ResourceProfile: Limiting resource is cpu
[2025-11-02T06:41:22.874+0000] {spark_submit.py:491} INFO - 25/11/02 06:41:22 INFO ResourceProfileManager: Added ResourceProfile id: 0
[2025-11-02T06:41:22.899+0000] {spark_submit.py:491} INFO - 25/11/02 06:41:22 INFO SecurityManager: Changing view acls to: ***
[2025-11-02T06:41:22.899+0000] {spark_submit.py:491} INFO - 25/11/02 06:41:22 INFO SecurityManager: Changing modify acls to: ***
[2025-11-02T06:41:22.899+0000] {spark_submit.py:491} INFO - 25/11/02 06:41:22 INFO SecurityManager: Changing view acls groups to:
[2025-11-02T06:41:22.899+0000] {spark_submit.py:491} INFO - 25/11/02 06:41:22 INFO SecurityManager: Changing modify acls groups to:
[2025-11-02T06:41:22.900+0000] {spark_submit.py:491} INFO - 25/11/02 06:41:22 INFO SecurityManager: SecurityManager: authentication disabled; ui acls disabled; users with view permissions: ***; groups with view permissions: EMPTY; users with modify permissions: ***; groups with modify permissions: EMPTY
[2025-11-02T06:41:22.999+0000] {spark_submit.py:491} INFO - 25/11/02 06:41:22 INFO Utils: Successfully started service 'sparkDriver' on port 39999.
[2025-11-02T06:41:23.011+0000] {spark_submit.py:491} INFO - 25/11/02 06:41:23 INFO SparkEnv: Registering MapOutputTracker
[2025-11-02T06:41:23.025+0000] {spark_submit.py:491} INFO - 25/11/02 06:41:23 INFO SparkEnv: Registering BlockManagerMaster
[2025-11-02T06:41:23.033+0000] {spark_submit.py:491} INFO - 25/11/02 06:41:23 INFO BlockManagerMasterEndpoint: Using org.apache.spark.storage.DefaultTopologyMapper for getting topology information
[2025-11-02T06:41:23.033+0000] {spark_submit.py:491} INFO - 25/11/02 06:41:23 INFO BlockManagerMasterEndpoint: BlockManagerMasterEndpoint up
[2025-11-02T06:41:23.034+0000] {spark_submit.py:491} INFO - 25/11/02 06:41:23 INFO SparkEnv: Registering BlockManagerMasterHeartbeat
[2025-11-02T06:41:23.042+0000] {spark_submit.py:491} INFO - 25/11/02 06:41:23 INFO DiskBlockManager: Created local directory at /tmp/blockmgr-e69bc072-ef08-4034-ad57-b5f950ca1348
[2025-11-02T06:41:23.047+0000] {spark_submit.py:491} INFO - 25/11/02 06:41:23 INFO MemoryStore: MemoryStore started with capacity 434.4 MiB
[2025-11-02T06:41:23.052+0000] {spark_submit.py:491} INFO - 25/11/02 06:41:23 INFO SparkEnv: Registering OutputCommitCoordinator
[2025-11-02T06:41:23.095+0000] {spark_submit.py:491} INFO - 25/11/02 06:41:23 INFO JettyUtils: Start Jetty 0.0.0.0:4040 for SparkUI
[2025-11-02T06:41:23.115+0000] {spark_submit.py:491} INFO - 25/11/02 06:41:23 INFO Utils: Successfully started service 'SparkUI' on port 4040.
[2025-11-02T06:41:23.127+0000] {spark_submit.py:491} INFO - 25/11/02 06:41:23 INFO SparkContext: Added JAR file:///opt/***/jars/iceberg-spark-runtime-3.5_2.12-1.4.2.jar at spark://d3553ba1dd4a:39999/jars/iceberg-spark-runtime-3.5_2.12-1.4.2.jar with timestamp 1762065682849
[2025-11-02T06:41:23.127+0000] {spark_submit.py:491} INFO - 25/11/02 06:41:23 INFO SparkContext: Added JAR file:///opt/***/jars/aws-java-sdk-bundle-1.12.367.jar at spark://d3553ba1dd4a:39999/jars/aws-java-sdk-bundle-1.12.367.jar with timestamp 1762065682849
[2025-11-02T06:41:23.128+0000] {spark_submit.py:491} INFO - 25/11/02 06:41:23 INFO SparkContext: Added JAR file:///opt/***/jars/hadoop-aws-3.3.4.jar at spark://d3553ba1dd4a:39999/jars/hadoop-aws-3.3.4.jar with timestamp 1762065682849
[2025-11-02T06:41:23.150+0000] {spark_submit.py:491} INFO - 25/11/02 06:41:23 INFO Executor: Starting executor ID driver on host d3553ba1dd4a
[2025-11-02T06:41:23.150+0000] {spark_submit.py:491} INFO - 25/11/02 06:41:23 INFO Executor: OS info Linux, 6.10.14-linuxkit, aarch64
[2025-11-02T06:41:23.150+0000] {spark_submit.py:491} INFO - 25/11/02 06:41:23 INFO Executor: Java version 11.0.28
[2025-11-02T06:41:23.152+0000] {spark_submit.py:491} INFO - 25/11/02 06:41:23 INFO Executor: Starting executor with user classpath (userClassPathFirst = false): ''
[2025-11-02T06:41:23.153+0000] {spark_submit.py:491} INFO - 25/11/02 06:41:23 INFO Executor: Created or updated repl class loader org.apache.spark.util.MutableURLClassLoader@487c4cf8 for default.
[2025-11-02T06:41:23.161+0000] {spark_submit.py:491} INFO - 25/11/02 06:41:23 INFO Executor: Fetching spark://d3553ba1dd4a:39999/jars/hadoop-aws-3.3.4.jar with timestamp 1762065682849
[2025-11-02T06:41:23.182+0000] {spark_submit.py:491} INFO - 25/11/02 06:41:23 INFO TransportClientFactory: Successfully created connection to d3553ba1dd4a/172.18.0.5:39999 after 10 ms (0 ms spent in bootstraps)
[2025-11-02T06:41:23.186+0000] {spark_submit.py:491} INFO - 25/11/02 06:41:23 INFO Utils: Fetching spark://d3553ba1dd4a:39999/jars/hadoop-aws-3.3.4.jar to /tmp/spark-2393159e-7749-447c-88ab-c2fcf8662508/userFiles-1a6e4822-e30d-47ec-8835-772e114d4956/fetchFileTemp11818201722707348133.tmp
[2025-11-02T06:41:23.199+0000] {spark_submit.py:491} INFO - 25/11/02 06:41:23 INFO Executor: Adding file:/tmp/spark-2393159e-7749-447c-88ab-c2fcf8662508/userFiles-1a6e4822-e30d-47ec-8835-772e114d4956/hadoop-aws-3.3.4.jar to class loader default
[2025-11-02T06:41:23.200+0000] {spark_submit.py:491} INFO - 25/11/02 06:41:23 INFO Executor: Fetching spark://d3553ba1dd4a:39999/jars/aws-java-sdk-bundle-1.12.367.jar with timestamp 1762065682849
[2025-11-02T06:41:23.200+0000] {spark_submit.py:491} INFO - 25/11/02 06:41:23 INFO Utils: Fetching spark://d3553ba1dd4a:39999/jars/aws-java-sdk-bundle-1.12.367.jar to /tmp/spark-2393159e-7749-447c-88ab-c2fcf8662508/userFiles-1a6e4822-e30d-47ec-8835-772e114d4956/fetchFileTemp7687238283926514670.tmp
[2025-11-02T06:41:23.600+0000] {spark_submit.py:491} INFO - 25/11/02 06:41:23 INFO Executor: Adding file:/tmp/spark-2393159e-7749-447c-88ab-c2fcf8662508/userFiles-1a6e4822-e30d-47ec-8835-772e114d4956/aws-java-sdk-bundle-1.12.367.jar to class loader default
[2025-11-02T06:41:23.601+0000] {spark_submit.py:491} INFO - 25/11/02 06:41:23 INFO Executor: Fetching spark://d3553ba1dd4a:39999/jars/iceberg-spark-runtime-3.5_2.12-1.4.2.jar with timestamp 1762065682849
[2025-11-02T06:41:23.601+0000] {spark_submit.py:491} INFO - 25/11/02 06:41:23 INFO Utils: Fetching spark://d3553ba1dd4a:39999/jars/iceberg-spark-runtime-3.5_2.12-1.4.2.jar to /tmp/spark-2393159e-7749-447c-88ab-c2fcf8662508/userFiles-1a6e4822-e30d-47ec-8835-772e114d4956/fetchFileTemp13507068590960085442.tmp
[2025-11-02T06:41:23.650+0000] {spark_submit.py:491} INFO - 25/11/02 06:41:23 INFO Executor: Adding file:/tmp/spark-2393159e-7749-447c-88ab-c2fcf8662508/userFiles-1a6e4822-e30d-47ec-8835-772e114d4956/iceberg-spark-runtime-3.5_2.12-1.4.2.jar to class loader default
[2025-11-02T06:41:23.659+0000] {spark_submit.py:491} INFO - 25/11/02 06:41:23 INFO Utils: Successfully started service 'org.apache.spark.network.netty.NettyBlockTransferService' on port 44983.
[2025-11-02T06:41:23.659+0000] {spark_submit.py:491} INFO - 25/11/02 06:41:23 INFO NettyBlockTransferService: Server created on d3553ba1dd4a:44983
[2025-11-02T06:41:23.660+0000] {spark_submit.py:491} INFO - 25/11/02 06:41:23 INFO BlockManager: Using org.apache.spark.storage.RandomBlockReplicationPolicy for block replication policy
[2025-11-02T06:41:23.664+0000] {spark_submit.py:491} INFO - 25/11/02 06:41:23 INFO BlockManagerMaster: Registering BlockManager BlockManagerId(driver, d3553ba1dd4a, 44983, None)
[2025-11-02T06:41:23.666+0000] {spark_submit.py:491} INFO - 25/11/02 06:41:23 INFO BlockManagerMasterEndpoint: Registering block manager d3553ba1dd4a:44983 with 434.4 MiB RAM, BlockManagerId(driver, d3553ba1dd4a, 44983, None)
[2025-11-02T06:41:23.667+0000] {spark_submit.py:491} INFO - 25/11/02 06:41:23 INFO BlockManagerMaster: Registered BlockManager BlockManagerId(driver, d3553ba1dd4a, 44983, None)
[2025-11-02T06:41:23.668+0000] {spark_submit.py:491} INFO - 25/11/02 06:41:23 INFO BlockManager: Initialized BlockManager: BlockManagerId(driver, d3553ba1dd4a, 44983, None)
[2025-11-02T06:41:24.882+0000] {spark_submit.py:491} INFO - 25/11/02 06:41:24 WARN MetricsConfig: Cannot locate configuration: tried hadoop-metrics2-s3a-file-system.properties,hadoop-metrics2.properties
[2025-11-02T06:41:25.693+0000] {spark_submit.py:491} INFO - Created/verified trips table
[2025-11-02T06:41:25.694+0000] {spark_submit.py:491} INFO - Reading data from: /opt/***/data/raw/yellow_tripdata_2025-11.parquet
[2025-11-02T06:41:26.649+0000] {spark_submit.py:491} INFO - Raw data count: 3252717
[2025-11-02T06:41:26.651+0000] {spark_submit.py:491} INFO - root
[2025-11-02T06:41:26.651+0000] {spark_submit.py:491} INFO - |-- VendorID: long (nullable = true)
[2025-11-02T06:41:26.651+0000] {spark_submit.py:491} INFO - |-- tpep_pickup_datetime: timestamp_ntz (nullable = true)
[2025-11-02T06:41:26.651+0000] {spark_submit.py:491} INFO - |-- tpep_dropoff_datetime: timestamp_ntz (nullable = true)
[2025-11-02T06:41:26.651+0000] {spark_submit.py:491} INFO - |-- passenger_count: double (nullable = true)
[2025-11-02T06:41:26.651+0000] {spark_submit.py:491} INFO - |-- trip_distance: double (nullable = true)
[2025-11-02T06:41:26.651+0000] {spark_submit.py:491} INFO - |-- RatecodeID: double (nullable = true)
[2025-11-02T06:41:26.651+0000] {spark_submit.py:491} INFO - |-- store_and_fwd_flag: string (nullable = true)
[2025-11-02T06:41:26.652+0000] {spark_submit.py:491} INFO - |-- PULocationID: long (nullable = true)
[2025-11-02T06:41:26.652+0000] {spark_submit.py:491} INFO - |-- DOLocationID: long (nullable = true)
[2025-11-02T06:41:26.652+0000] {spark_submit.py:491} INFO - |-- payment_type: long (nullable = true)
[2025-11-02T06:41:26.652+0000] {spark_submit.py:491} INFO - |-- fare_amount: double (nullable = true)
[2025-11-02T06:41:26.652+0000] {spark_submit.py:491} INFO - |-- extra: double (nullable = true)
[2025-11-02T06:41:26.652+0000] {spark_submit.py:491} INFO - |-- mta_tax: double (nullable = true)
[2025-11-02T06:41:26.652+0000] {spark_submit.py:491} INFO - |-- tip_amount: double (nullable = true)
[2025-11-02T06:41:26.652+0000] {spark_submit.py:491} INFO - |-- tolls_amount: double (nullable = true)
[2025-11-02T06:41:26.652+0000] {spark_submit.py:491} INFO - |-- improvement_surcharge: double (nullable = true)
[2025-11-02T06:41:26.652+0000] {spark_submit.py:491} INFO - |-- total_amount: double (nullable = true)
[2025-11-02T06:41:26.652+0000] {spark_submit.py:491} INFO - |-- congestion_surcharge: double (nullable = true)
[2025-11-02T06:41:26.652+0000] {spark_submit.py:491} INFO - |-- airport_fee: double (nullable = true)
[2025-11-02T06:41:26.653+0000] {spark_submit.py:491} INFO - 
[2025-11-02T06:41:27.410+0000] {spark_submit.py:491} INFO - Processed data count: 3019653
[2025-11-02T06:41:33.843+0000] {spark_submit.py:491} INFO - Successfully wrote data to Iceberg table
[2025-11-02T06:41:35.012+0000] {spark_submit.py:491} INFO - +----+-----+----------+------------------+------------------+
[2025-11-02T06:41:35.013+0000] {spark_submit.py:491} INFO - |year|month|trip_count|      avg_distance|        avg_amount|
[2025-11-02T06:41:35.013+0000] {spark_submit.py:491} INFO - +----+-----+----------+------------------+------------------+
[2025-11-02T06:41:35.014+0000] {spark_submit.py:491} INFO - |2022|   12|        57|2.8629824561403505|20.792280701754382|
[2025-11-02T06:41:35.015+0000] {spark_submit.py:491} INFO - |2022|   11|   3019559|3.6727699773374036|21.917788524301486|
[2025-11-02T06:41:35.015+0000] {spark_submit.py:491} INFO - |2022|   10|        32|          5.545625| 26.39656249999999|
[2025-11-02T06:41:35.015+0000] {spark_submit.py:491} INFO - |2009|    1|         2|             2.955|             18.55|
[2025-11-02T06:41:35.015+0000] {spark_submit.py:491} INFO - |2008|   12|         2|             6.095|29.534999999999997|
[2025-11-02T06:41:35.015+0000] {spark_submit.py:491} INFO - |2002|   12|         1|              8.43|             47.31|
[2025-11-02T06:41:35.015+0000] {spark_submit.py:491} INFO - +----+-----+----------+------------------+------------------+
[2025-11-02T06:41:35.016+0000] {spark_submit.py:491} INFO - 
[2025-11-02T06:41:35.209+0000] {spark_submit.py:491} INFO - 25/11/02 06:41:35 WARN HadoopTableOperations: Error reading version hint file s3a://lakehouse/warehouse/nyc_taxi/daily_summary/metadata/version-hint.text
[2025-11-02T06:41:35.210+0000] {spark_submit.py:491} INFO - java.io.FileNotFoundException: No such file or directory: s3a://lakehouse/warehouse/nyc_taxi/daily_summary/metadata/version-hint.text
[2025-11-02T06:41:35.210+0000] {spark_submit.py:491} INFO - at org.apache.hadoop.fs.s3a.S3AFileSystem.s3GetFileStatus(S3AFileSystem.java:3866)
[2025-11-02T06:41:35.210+0000] {spark_submit.py:491} INFO - at org.apache.hadoop.fs.s3a.S3AFileSystem.innerGetFileStatus(S3AFileSystem.java:3688)
[2025-11-02T06:41:35.210+0000] {spark_submit.py:491} INFO - at org.apache.hadoop.fs.s3a.S3AFileSystem.extractOrFetchSimpleFileStatus(S3AFileSystem.java:5401)
[2025-11-02T06:41:35.210+0000] {spark_submit.py:491} INFO - at org.apache.hadoop.fs.s3a.S3AFileSystem.open(S3AFileSystem.java:1465)
[2025-11-02T06:41:35.210+0000] {spark_submit.py:491} INFO - at org.apache.hadoop.fs.s3a.S3AFileSystem.open(S3AFileSystem.java:1441)
[2025-11-02T06:41:35.210+0000] {spark_submit.py:491} INFO - at org.apache.hadoop.fs.FileSystem.open(FileSystem.java:976)
[2025-11-02T06:41:35.210+0000] {spark_submit.py:491} INFO - at org.apache.iceberg.hadoop.HadoopTableOperations.findVersion(HadoopTableOperations.java:318)
[2025-11-02T06:41:35.210+0000] {spark_submit.py:491} INFO - at org.apache.iceberg.hadoop.HadoopTableOperations.refresh(HadoopTableOperations.java:104)
[2025-11-02T06:41:35.210+0000] {spark_submit.py:491} INFO - at org.apache.iceberg.BaseTransaction.lambda$commitReplaceTransaction$1(BaseTransaction.java:357)
[2025-11-02T06:41:35.210+0000] {spark_submit.py:491} INFO - at org.apache.iceberg.util.Tasks$Builder.runTaskWithRetry(Tasks.java:413)
[2025-11-02T06:41:35.211+0000] {spark_submit.py:491} INFO - at org.apache.iceberg.util.Tasks$Builder.runSingleThreaded(Tasks.java:219)
[2025-11-02T06:41:35.211+0000] {spark_submit.py:491} INFO - at org.apache.iceberg.util.Tasks$Builder.run(Tasks.java:203)
[2025-11-02T06:41:35.211+0000] {spark_submit.py:491} INFO - at org.apache.iceberg.util.Tasks$Builder.run(Tasks.java:196)
[2025-11-02T06:41:35.211+0000] {spark_submit.py:491} INFO - at org.apache.iceberg.BaseTransaction.commitReplaceTransaction(BaseTransaction.java:354)
[2025-11-02T06:41:35.211+0000] {spark_submit.py:491} INFO - at org.apache.iceberg.BaseTransaction.commitTransaction(BaseTransaction.java:303)
[2025-11-02T06:41:35.211+0000] {spark_submit.py:491} INFO - at org.apache.iceberg.CommitCallbackTransaction.commitTransaction(CommitCallbackTransaction.java:121)
[2025-11-02T06:41:35.211+0000] {spark_submit.py:491} INFO - at org.apache.iceberg.spark.source.StagedSparkTable.commitStagedChanges(StagedSparkTable.java:34)
[2025-11-02T06:41:35.211+0000] {spark_submit.py:491} INFO - at org.apache.spark.sql.execution.datasources.v2.V2CreateTableAsSelectBaseExec.$anonfun$writeToTable$1(WriteToDataSourceV2Exec.scala:580)
[2025-11-02T06:41:35.211+0000] {spark_submit.py:491} INFO - at org.apache.spark.util.Utils$.tryWithSafeFinallyAndFailureCallbacks(Utils.scala:1397)
[2025-11-02T06:41:35.211+0000] {spark_submit.py:491} INFO - at org.apache.spark.sql.execution.datasources.v2.V2CreateTableAsSelectBaseExec.writeToTable(WriteToDataSourceV2Exec.scala:573)
[2025-11-02T06:41:35.211+0000] {spark_submit.py:491} INFO - at org.apache.spark.sql.execution.datasources.v2.V2CreateTableAsSelectBaseExec.writeToTable$(WriteToDataSourceV2Exec.scala:567)
[2025-11-02T06:41:35.211+0000] {spark_submit.py:491} INFO - at org.apache.spark.sql.execution.datasources.v2.AtomicReplaceTableAsSelectExec.writeToTable(WriteToDataSourceV2Exec.scala:183)
[2025-11-02T06:41:35.212+0000] {spark_submit.py:491} INFO - at org.apache.spark.sql.execution.datasources.v2.AtomicReplaceTableAsSelectExec.run(WriteToDataSourceV2Exec.scala:216)
[2025-11-02T06:41:35.212+0000] {spark_submit.py:491} INFO - at org.apache.spark.sql.execution.datasources.v2.V2CommandExec.result$lzycompute(V2CommandExec.scala:43)
[2025-11-02T06:41:35.212+0000] {spark_submit.py:491} INFO - at org.apache.spark.sql.execution.datasources.v2.V2CommandExec.result(V2CommandExec.scala:43)
[2025-11-02T06:41:35.212+0000] {spark_submit.py:491} INFO - at org.apache.spark.sql.execution.datasources.v2.V2CommandExec.executeCollect(V2CommandExec.scala:49)
[2025-11-02T06:41:35.212+0000] {spark_submit.py:491} INFO - at org.apache.spark.sql.execution.QueryExecution$$anonfun$eagerlyExecuteCommands$1.$anonfun$applyOrElse$1(QueryExecution.scala:107)
[2025-11-02T06:41:35.212+0000] {spark_submit.py:491} INFO - at org.apache.spark.sql.execution.SQLExecution$.$anonfun$withNewExecutionId$6(SQLExecution.scala:125)
[2025-11-02T06:41:35.212+0000] {spark_submit.py:491} INFO - at org.apache.spark.sql.execution.SQLExecution$.withSQLConfPropagated(SQLExecution.scala:201)
[2025-11-02T06:41:35.212+0000] {spark_submit.py:491} INFO - at org.apache.spark.sql.execution.SQLExecution$.$anonfun$withNewExecutionId$1(SQLExecution.scala:108)
[2025-11-02T06:41:35.212+0000] {spark_submit.py:491} INFO - at org.apache.spark.sql.SparkSession.withActive(SparkSession.scala:900)
[2025-11-02T06:41:35.212+0000] {spark_submit.py:491} INFO - at org.apache.spark.sql.execution.SQLExecution$.withNewExecutionId(SQLExecution.scala:66)
[2025-11-02T06:41:35.212+0000] {spark_submit.py:491} INFO - at org.apache.spark.sql.execution.QueryExecution$$anonfun$eagerlyExecuteCommands$1.applyOrElse(QueryExecution.scala:107)
[2025-11-02T06:41:35.212+0000] {spark_submit.py:491} INFO - at org.apache.spark.sql.execution.QueryExecution$$anonfun$eagerlyExecuteCommands$1.applyOrElse(QueryExecution.scala:98)
[2025-11-02T06:41:35.213+0000] {spark_submit.py:491} INFO - at org.apache.spark.sql.catalyst.trees.TreeNode.$anonfun$transformDownWithPruning$1(TreeNode.scala:461)
[2025-11-02T06:41:35.213+0000] {spark_submit.py:491} INFO - at org.apache.spark.sql.catalyst.trees.CurrentOrigin$.withOrigin(origin.scala:76)
[2025-11-02T06:41:35.213+0000] {spark_submit.py:491} INFO - at org.apache.spark.sql.catalyst.trees.TreeNode.transformDownWithPruning(TreeNode.scala:461)
[2025-11-02T06:41:35.213+0000] {spark_submit.py:491} INFO - at org.apache.spark.sql.catalyst.plans.logical.LogicalPlan.org$apache$spark$sql$catalyst$plans$logical$AnalysisHelper$$super$transformDownWithPruning(LogicalPlan.scala:32)
[2025-11-02T06:41:35.214+0000] {spark_submit.py:491} INFO - at org.apache.spark.sql.catalyst.plans.logical.AnalysisHelper.transformDownWithPruning(AnalysisHelper.scala:267)
[2025-11-02T06:41:35.214+0000] {spark_submit.py:491} INFO - at org.apache.spark.sql.catalyst.plans.logical.AnalysisHelper.transformDownWithPruning$(AnalysisHelper.scala:263)
[2025-11-02T06:41:35.214+0000] {spark_submit.py:491} INFO - at org.apache.spark.sql.catalyst.plans.logical.LogicalPlan.transformDownWithPruning(LogicalPlan.scala:32)
[2025-11-02T06:41:35.214+0000] {spark_submit.py:491} INFO - at org.apache.spark.sql.catalyst.plans.logical.LogicalPlan.transformDownWithPruning(LogicalPlan.scala:32)
[2025-11-02T06:41:35.217+0000] {spark_submit.py:491} INFO - at org.apache.spark.sql.catalyst.trees.TreeNode.transformDown(TreeNode.scala:437)
[2025-11-02T06:41:35.217+0000] {spark_submit.py:491} INFO - at org.apache.spark.sql.execution.QueryExecution.eagerlyExecuteCommands(QueryExecution.scala:98)
[2025-11-02T06:41:35.218+0000] {spark_submit.py:491} INFO - at org.apache.spark.sql.execution.QueryExecution.commandExecuted$lzycompute(QueryExecution.scala:85)
[2025-11-02T06:41:35.218+0000] {spark_submit.py:491} INFO - at org.apache.spark.sql.execution.QueryExecution.commandExecuted(QueryExecution.scala:83)
[2025-11-02T06:41:35.218+0000] {spark_submit.py:491} INFO - at org.apache.spark.sql.Dataset.<init>(Dataset.scala:220)
[2025-11-02T06:41:35.218+0000] {spark_submit.py:491} INFO - at org.apache.spark.sql.Dataset$.$anonfun$ofRows$2(Dataset.scala:100)
[2025-11-02T06:41:35.219+0000] {spark_submit.py:491} INFO - at org.apache.spark.sql.SparkSession.withActive(SparkSession.scala:900)
[2025-11-02T06:41:35.219+0000] {spark_submit.py:491} INFO - at org.apache.spark.sql.Dataset$.ofRows(Dataset.scala:97)
[2025-11-02T06:41:35.220+0000] {spark_submit.py:491} INFO - at org.apache.spark.sql.SparkSession.$anonfun$sql$1(SparkSession.scala:638)
[2025-11-02T06:41:35.220+0000] {spark_submit.py:491} INFO - at org.apache.spark.sql.SparkSession.withActive(SparkSession.scala:900)
[2025-11-02T06:41:35.220+0000] {spark_submit.py:491} INFO - at org.apache.spark.sql.SparkSession.sql(SparkSession.scala:629)
[2025-11-02T06:41:35.220+0000] {spark_submit.py:491} INFO - at org.apache.spark.sql.SparkSession.sql(SparkSession.scala:659)
[2025-11-02T06:41:35.220+0000] {spark_submit.py:491} INFO - at java.base/jdk.internal.reflect.NativeMethodAccessorImpl.invoke0(Native Method)
[2025-11-02T06:41:35.221+0000] {spark_submit.py:491} INFO - at java.base/jdk.internal.reflect.NativeMethodAccessorImpl.invoke(NativeMethodAccessorImpl.java:62)
[2025-11-02T06:41:35.221+0000] {spark_submit.py:491} INFO - at java.base/jdk.internal.reflect.DelegatingMethodAccessorImpl.invoke(DelegatingMethodAccessorImpl.java:43)
[2025-11-02T06:41:35.221+0000] {spark_submit.py:491} INFO - at java.base/java.lang.reflect.Method.invoke(Method.java:566)
[2025-11-02T06:41:35.221+0000] {spark_submit.py:491} INFO - at py4j.reflection.MethodInvoker.invoke(MethodInvoker.java:244)
[2025-11-02T06:41:35.221+0000] {spark_submit.py:491} INFO - at py4j.reflection.ReflectionEngine.invoke(ReflectionEngine.java:374)
[2025-11-02T06:41:35.221+0000] {spark_submit.py:491} INFO - at py4j.Gateway.invoke(Gateway.java:282)
[2025-11-02T06:41:35.221+0000] {spark_submit.py:491} INFO - at py4j.commands.AbstractCommand.invokeMethod(AbstractCommand.java:132)
[2025-11-02T06:41:35.221+0000] {spark_submit.py:491} INFO - at py4j.commands.CallCommand.execute(CallCommand.java:79)
[2025-11-02T06:41:35.221+0000] {spark_submit.py:491} INFO - at py4j.ClientServerConnection.waitForCommands(ClientServerConnection.java:182)
[2025-11-02T06:41:35.221+0000] {spark_submit.py:491} INFO - at py4j.ClientServerConnection.run(ClientServerConnection.java:106)
[2025-11-02T06:41:35.222+0000] {spark_submit.py:491} INFO - at java.base/java.lang.Thread.run(Thread.java:829)
[2025-11-02T06:41:35.226+0000] {spark_submit.py:491} INFO - 25/11/02 06:41:35 WARN HadoopTableOperations: Error reading version hint file s3a://lakehouse/warehouse/nyc_taxi/daily_summary/metadata/version-hint.text
[2025-11-02T06:41:35.227+0000] {spark_submit.py:491} INFO - java.io.FileNotFoundException: No such file or directory: s3a://lakehouse/warehouse/nyc_taxi/daily_summary/metadata/version-hint.text
[2025-11-02T06:41:35.227+0000] {spark_submit.py:491} INFO - at org.apache.hadoop.fs.s3a.S3AFileSystem.s3GetFileStatus(S3AFileSystem.java:3866)
[2025-11-02T06:41:35.227+0000] {spark_submit.py:491} INFO - at org.apache.hadoop.fs.s3a.S3AFileSystem.innerGetFileStatus(S3AFileSystem.java:3688)
[2025-11-02T06:41:35.227+0000] {spark_submit.py:491} INFO - at org.apache.hadoop.fs.s3a.S3AFileSystem.extractOrFetchSimpleFileStatus(S3AFileSystem.java:5401)
[2025-11-02T06:41:35.227+0000] {spark_submit.py:491} INFO - at org.apache.hadoop.fs.s3a.S3AFileSystem.open(S3AFileSystem.java:1465)
[2025-11-02T06:41:35.228+0000] {spark_submit.py:491} INFO - at org.apache.hadoop.fs.s3a.S3AFileSystem.open(S3AFileSystem.java:1441)
[2025-11-02T06:41:35.228+0000] {spark_submit.py:491} INFO - at org.apache.hadoop.fs.FileSystem.open(FileSystem.java:976)
[2025-11-02T06:41:35.228+0000] {spark_submit.py:491} INFO - at org.apache.iceberg.hadoop.HadoopTableOperations.findVersion(HadoopTableOperations.java:318)
[2025-11-02T06:41:35.228+0000] {spark_submit.py:491} INFO - at org.apache.iceberg.hadoop.HadoopTableOperations.refresh(HadoopTableOperations.java:104)
[2025-11-02T06:41:35.228+0000] {spark_submit.py:491} INFO - at org.apache.iceberg.hadoop.HadoopTableOperations.current(HadoopTableOperations.java:84)
[2025-11-02T06:41:35.228+0000] {spark_submit.py:491} INFO - at org.apache.iceberg.BaseTransaction.lambda$commitReplaceTransaction$1(BaseTransaction.java:366)
[2025-11-02T06:41:35.228+0000] {spark_submit.py:491} INFO - at org.apache.iceberg.util.Tasks$Builder.runTaskWithRetry(Tasks.java:413)
[2025-11-02T06:41:35.228+0000] {spark_submit.py:491} INFO - at org.apache.iceberg.util.Tasks$Builder.runSingleThreaded(Tasks.java:219)
[2025-11-02T06:41:35.229+0000] {spark_submit.py:491} INFO - at org.apache.iceberg.util.Tasks$Builder.run(Tasks.java:203)
[2025-11-02T06:41:35.229+0000] {spark_submit.py:491} INFO - at org.apache.iceberg.util.Tasks$Builder.run(Tasks.java:196)
[2025-11-02T06:41:35.229+0000] {spark_submit.py:491} INFO - at org.apache.iceberg.BaseTransaction.commitReplaceTransaction(BaseTransaction.java:354)
[2025-11-02T06:41:35.229+0000] {spark_submit.py:491} INFO - at org.apache.iceberg.BaseTransaction.commitTransaction(BaseTransaction.java:303)
[2025-11-02T06:41:35.230+0000] {spark_submit.py:491} INFO - at org.apache.iceberg.CommitCallbackTransaction.commitTransaction(CommitCallbackTransaction.java:121)
[2025-11-02T06:41:35.231+0000] {spark_submit.py:491} INFO - at org.apache.iceberg.spark.source.StagedSparkTable.commitStagedChanges(StagedSparkTable.java:34)
[2025-11-02T06:41:35.231+0000] {spark_submit.py:491} INFO - at org.apache.spark.sql.execution.datasources.v2.V2CreateTableAsSelectBaseExec.$anonfun$writeToTable$1(WriteToDataSourceV2Exec.scala:580)
[2025-11-02T06:41:35.232+0000] {spark_submit.py:491} INFO - at org.apache.spark.util.Utils$.tryWithSafeFinallyAndFailureCallbacks(Utils.scala:1397)
[2025-11-02T06:41:35.232+0000] {spark_submit.py:491} INFO - at org.apache.spark.sql.execution.datasources.v2.V2CreateTableAsSelectBaseExec.writeToTable(WriteToDataSourceV2Exec.scala:573)
[2025-11-02T06:41:35.232+0000] {spark_submit.py:491} INFO - at org.apache.spark.sql.execution.datasources.v2.V2CreateTableAsSelectBaseExec.writeToTable$(WriteToDataSourceV2Exec.scala:567)
[2025-11-02T06:41:35.233+0000] {spark_submit.py:491} INFO - at org.apache.spark.sql.execution.datasources.v2.AtomicReplaceTableAsSelectExec.writeToTable(WriteToDataSourceV2Exec.scala:183)
[2025-11-02T06:41:35.233+0000] {spark_submit.py:491} INFO - at org.apache.spark.sql.execution.datasources.v2.AtomicReplaceTableAsSelectExec.run(WriteToDataSourceV2Exec.scala:216)
[2025-11-02T06:41:35.233+0000] {spark_submit.py:491} INFO - at org.apache.spark.sql.execution.datasources.v2.V2CommandExec.result$lzycompute(V2CommandExec.scala:43)
[2025-11-02T06:41:35.233+0000] {spark_submit.py:491} INFO - at org.apache.spark.sql.execution.datasources.v2.V2CommandExec.result(V2CommandExec.scala:43)
[2025-11-02T06:41:35.233+0000] {spark_submit.py:491} INFO - at org.apache.spark.sql.execution.datasources.v2.V2CommandExec.executeCollect(V2CommandExec.scala:49)
[2025-11-02T06:41:35.233+0000] {spark_submit.py:491} INFO - at org.apache.spark.sql.execution.QueryExecution$$anonfun$eagerlyExecuteCommands$1.$anonfun$applyOrElse$1(QueryExecution.scala:107)
[2025-11-02T06:41:35.233+0000] {spark_submit.py:491} INFO - at org.apache.spark.sql.execution.SQLExecution$.$anonfun$withNewExecutionId$6(SQLExecution.scala:125)
[2025-11-02T06:41:35.233+0000] {spark_submit.py:491} INFO - at org.apache.spark.sql.execution.SQLExecution$.withSQLConfPropagated(SQLExecution.scala:201)
[2025-11-02T06:41:35.233+0000] {spark_submit.py:491} INFO - at org.apache.spark.sql.execution.SQLExecution$.$anonfun$withNewExecutionId$1(SQLExecution.scala:108)
[2025-11-02T06:41:35.233+0000] {spark_submit.py:491} INFO - at org.apache.spark.sql.SparkSession.withActive(SparkSession.scala:900)
[2025-11-02T06:41:35.233+0000] {spark_submit.py:491} INFO - at org.apache.spark.sql.execution.SQLExecution$.withNewExecutionId(SQLExecution.scala:66)
[2025-11-02T06:41:35.233+0000] {spark_submit.py:491} INFO - at org.apache.spark.sql.execution.QueryExecution$$anonfun$eagerlyExecuteCommands$1.applyOrElse(QueryExecution.scala:107)
[2025-11-02T06:41:35.233+0000] {spark_submit.py:491} INFO - at org.apache.spark.sql.execution.QueryExecution$$anonfun$eagerlyExecuteCommands$1.applyOrElse(QueryExecution.scala:98)
[2025-11-02T06:41:35.233+0000] {spark_submit.py:491} INFO - at org.apache.spark.sql.catalyst.trees.TreeNode.$anonfun$transformDownWithPruning$1(TreeNode.scala:461)
[2025-11-02T06:41:35.233+0000] {spark_submit.py:491} INFO - at org.apache.spark.sql.catalyst.trees.CurrentOrigin$.withOrigin(origin.scala:76)
[2025-11-02T06:41:35.234+0000] {spark_submit.py:491} INFO - at org.apache.spark.sql.catalyst.trees.TreeNode.transformDownWithPruning(TreeNode.scala:461)
[2025-11-02T06:41:35.234+0000] {spark_submit.py:491} INFO - at org.apache.spark.sql.catalyst.plans.logical.LogicalPlan.org$apache$spark$sql$catalyst$plans$logical$AnalysisHelper$$super$transformDownWithPruning(LogicalPlan.scala:32)
[2025-11-02T06:41:35.234+0000] {spark_submit.py:491} INFO - at org.apache.spark.sql.catalyst.plans.logical.AnalysisHelper.transformDownWithPruning(AnalysisHelper.scala:267)
[2025-11-02T06:41:35.234+0000] {spark_submit.py:491} INFO - at org.apache.spark.sql.catalyst.plans.logical.AnalysisHelper.transformDownWithPruning$(AnalysisHelper.scala:263)
[2025-11-02T06:41:35.234+0000] {spark_submit.py:491} INFO - at org.apache.spark.sql.catalyst.plans.logical.LogicalPlan.transformDownWithPruning(LogicalPlan.scala:32)
[2025-11-02T06:41:35.234+0000] {spark_submit.py:491} INFO - at org.apache.spark.sql.catalyst.plans.logical.LogicalPlan.transformDownWithPruning(LogicalPlan.scala:32)
[2025-11-02T06:41:35.234+0000] {spark_submit.py:491} INFO - at org.apache.spark.sql.catalyst.trees.TreeNode.transformDown(TreeNode.scala:437)
[2025-11-02T06:41:35.234+0000] {spark_submit.py:491} INFO - at org.apache.spark.sql.execution.QueryExecution.eagerlyExecuteCommands(QueryExecution.scala:98)
[2025-11-02T06:41:35.234+0000] {spark_submit.py:491} INFO - at org.apache.spark.sql.execution.QueryExecution.commandExecuted$lzycompute(QueryExecution.scala:85)
[2025-11-02T06:41:35.234+0000] {spark_submit.py:491} INFO - at org.apache.spark.sql.execution.QueryExecution.commandExecuted(QueryExecution.scala:83)
[2025-11-02T06:41:35.234+0000] {spark_submit.py:491} INFO - at org.apache.spark.sql.Dataset.<init>(Dataset.scala:220)
[2025-11-02T06:41:35.234+0000] {spark_submit.py:491} INFO - at org.apache.spark.sql.Dataset$.$anonfun$ofRows$2(Dataset.scala:100)
[2025-11-02T06:41:35.234+0000] {spark_submit.py:491} INFO - at org.apache.spark.sql.SparkSession.withActive(SparkSession.scala:900)
[2025-11-02T06:41:35.235+0000] {spark_submit.py:491} INFO - at org.apache.spark.sql.Dataset$.ofRows(Dataset.scala:97)
[2025-11-02T06:41:35.235+0000] {spark_submit.py:491} INFO - at org.apache.spark.sql.SparkSession.$anonfun$sql$1(SparkSession.scala:638)
[2025-11-02T06:41:35.235+0000] {spark_submit.py:491} INFO - at org.apache.spark.sql.SparkSession.withActive(SparkSession.scala:900)
[2025-11-02T06:41:35.236+0000] {spark_submit.py:491} INFO - at org.apache.spark.sql.SparkSession.sql(SparkSession.scala:629)
[2025-11-02T06:41:35.236+0000] {spark_submit.py:491} INFO - at org.apache.spark.sql.SparkSession.sql(SparkSession.scala:659)
[2025-11-02T06:41:35.237+0000] {spark_submit.py:491} INFO - at java.base/jdk.internal.reflect.NativeMethodAccessorImpl.invoke0(Native Method)
[2025-11-02T06:41:35.237+0000] {spark_submit.py:491} INFO - at java.base/jdk.internal.reflect.NativeMethodAccessorImpl.invoke(NativeMethodAccessorImpl.java:62)
[2025-11-02T06:41:35.237+0000] {spark_submit.py:491} INFO - at java.base/jdk.internal.reflect.DelegatingMethodAccessorImpl.invoke(DelegatingMethodAccessorImpl.java:43)
[2025-11-02T06:41:35.238+0000] {spark_submit.py:491} INFO - at java.base/java.lang.reflect.Method.invoke(Method.java:566)
[2025-11-02T06:41:35.238+0000] {spark_submit.py:491} INFO - at py4j.reflection.MethodInvoker.invoke(MethodInvoker.java:244)
[2025-11-02T06:41:35.238+0000] {spark_submit.py:491} INFO - at py4j.reflection.ReflectionEngine.invoke(ReflectionEngine.java:374)
[2025-11-02T06:41:35.239+0000] {spark_submit.py:491} INFO - at py4j.Gateway.invoke(Gateway.java:282)
[2025-11-02T06:41:35.239+0000] {spark_submit.py:491} INFO - at py4j.commands.AbstractCommand.invokeMethod(AbstractCommand.java:132)
[2025-11-02T06:41:35.239+0000] {spark_submit.py:491} INFO - at py4j.commands.CallCommand.execute(CallCommand.java:79)
[2025-11-02T06:41:35.239+0000] {spark_submit.py:491} INFO - at py4j.ClientServerConnection.waitForCommands(ClientServerConnection.java:182)
[2025-11-02T06:41:35.239+0000] {spark_submit.py:491} INFO - at py4j.ClientServerConnection.run(ClientServerConnection.java:106)
[2025-11-02T06:41:35.239+0000] {spark_submit.py:491} INFO - at java.base/java.lang.Thread.run(Thread.java:829)
[2025-11-02T06:41:35.273+0000] {spark_submit.py:491} INFO - Created daily summary table
[2025-11-02T06:41:35.274+0000] {spark_submit.py:491} INFO - ETL job completed successfully!
[2025-11-02T06:41:35.869+0000] {taskinstance.py:1398} INFO - Marking task as SUCCESS. dag_id=nyc_taxi_iceberg_etl, task_id=spark_process_to_iceberg, execution_date=20251102T064112, start_date=20251102T064121, end_date=20251102T064135
[2025-11-02T06:41:35.921+0000] {local_task_job_runner.py:228} INFO - Task exited with return code 0
[2025-11-02T06:41:35.933+0000] {taskinstance.py:2776} INFO - 1 downstream tasks scheduled from follow-on schedule check
