[2025-10-31T06:51:50.155+0000] {taskinstance.py:1157} INFO - Dependencies all met for dep_context=non-requeueable deps ti=<TaskInstance: nyc_weather_etl.spark_process_location_to_iceberg scheduled__2025-10-31T05:51:47.519123+00:00 [queued]>
[2025-10-31T06:51:50.159+0000] {taskinstance.py:1157} INFO - Dependencies all met for dep_context=requeueable deps ti=<TaskInstance: nyc_weather_etl.spark_process_location_to_iceberg scheduled__2025-10-31T05:51:47.519123+00:00 [queued]>
[2025-10-31T06:51:50.160+0000] {taskinstance.py:1359} INFO - Starting attempt 1 of 1
[2025-10-31T06:51:50.220+0000] {taskinstance.py:1380} INFO - Executing <Task(SparkSubmitOperator): spark_process_location_to_iceberg> on 2025-10-31 05:51:47.519123+00:00
[2025-10-31T06:51:50.223+0000] {standard_task_runner.py:57} INFO - Started process 242 to run task
[2025-10-31T06:51:50.225+0000] {standard_task_runner.py:84} INFO - Running: ['***', 'tasks', 'run', 'nyc_weather_etl', 'spark_process_location_to_iceberg', 'scheduled__2025-10-31T05:51:47.519123+00:00', '--job-id', '69', '--raw', '--subdir', 'DAGS_FOLDER/nyc_weather_etl.py', '--cfg-path', '/tmp/tmp0d9xxgjk']
[2025-10-31T06:51:50.227+0000] {standard_task_runner.py:85} INFO - Job 69: Subtask spark_process_location_to_iceberg
[2025-10-31T06:51:50.250+0000] {task_command.py:415} INFO - Running <TaskInstance: nyc_weather_etl.spark_process_location_to_iceberg scheduled__2025-10-31T05:51:47.519123+00:00 [running]> on host d3553ba1dd4a
[2025-10-31T06:51:50.287+0000] {taskinstance.py:1660} INFO - Exporting env vars: AIRFLOW_CTX_DAG_OWNER='data-engineering' AIRFLOW_CTX_DAG_ID='nyc_weather_etl' AIRFLOW_CTX_TASK_ID='spark_process_location_to_iceberg' AIRFLOW_CTX_EXECUTION_DATE='2025-10-31T05:51:47.519123+00:00' AIRFLOW_CTX_TRY_NUMBER='1' AIRFLOW_CTX_DAG_RUN_ID='scheduled__2025-10-31T05:51:47.519123+00:00'
[2025-10-31T06:51:50.288+0000] {base.py:73} INFO - Using connection ID 'spark_default' for task execution.
[2025-10-31T06:51:50.289+0000] {spark_submit.py:340} INFO - Spark-Submit cmd: /opt/bitnami/spark/bin/spark-submit --master spark-master:7077 --conf spark.master=spark://spark-master:7077 --conf spark.sql.catalog.spark_catalog=org.apache.iceberg.spark.SparkSessionCatalog --conf spark.sql.catalog.spark_catalog.type=hive --conf spark.sql.catalog.iceberg=org.apache.iceberg.spark.SparkCatalog --conf spark.sql.catalog.iceberg.type=hadoop --conf spark.sql.catalog.iceberg.warehouse=s3a://lakehouse/warehouse --conf spark.sql.extensions=org.apache.iceberg.spark.extensions.IcebergSparkSessionExtensions --conf spark.hadoop.fs.s3a.endpoint=http://minio:9000 --conf spark.hadoop.fs.s3a.access.key=admin --conf spark.hadoop.fs.s3a.secret.key=****** --conf spark.hadoop.fs.s3a.path.style.access=true --conf spark.hadoop.fs.s3a.impl=org.apache.hadoop.fs.s3a.S3AFileSystem --jars /opt/***/jars/iceberg-spark-runtime-3.5_2.12-1.4.2.jar,/opt/***/jars/aws-java-sdk-bundle-1.12.367.jar,/opt/***/jars/hadoop-aws-3.3.4.jar --name arrow-spark /opt/***/dags/spark_jobs/location_to_iceberg.py /opt/***/data/locations/nyc_taxi_zones.json
[2025-10-31T06:51:51.454+0000] {spark_submit.py:491} INFO - 25/10/31 06:51:51 WARN NativeCodeLoader: Unable to load native-hadoop library for your platform... using builtin-java classes where applicable
[2025-10-31T06:51:52.015+0000] {spark_submit.py:491} INFO - 25/10/31 06:51:52 INFO SparkContext: Running Spark version 3.5.1
[2025-10-31T06:51:52.019+0000] {spark_submit.py:491} INFO - 25/10/31 06:51:52 INFO SparkContext: OS info Linux, 6.10.14-linuxkit, aarch64
[2025-10-31T06:51:52.022+0000] {spark_submit.py:491} INFO - 25/10/31 06:51:52 INFO SparkContext: Java version 11.0.28
[2025-10-31T06:51:52.033+0000] {spark_submit.py:491} INFO - 25/10/31 06:51:52 INFO ResourceUtils: ==============================================================
[2025-10-31T06:51:52.033+0000] {spark_submit.py:491} INFO - 25/10/31 06:51:52 INFO ResourceUtils: No custom resources configured for spark.driver.
[2025-10-31T06:51:52.033+0000] {spark_submit.py:491} INFO - 25/10/31 06:51:52 INFO ResourceUtils: ==============================================================
[2025-10-31T06:51:52.034+0000] {spark_submit.py:491} INFO - 25/10/31 06:51:52 INFO SparkContext: Submitted application: Location to Iceberg ETL
[2025-10-31T06:51:52.048+0000] {spark_submit.py:491} INFO - 25/10/31 06:51:52 INFO ResourceProfile: Default ResourceProfile created, executor resources: Map(cores -> name: cores, amount: 1, script: , vendor: , memory -> name: memory, amount: 1024, script: , vendor: , offHeap -> name: offHeap, amount: 0, script: , vendor: ), task resources: Map(cpus -> name: cpus, amount: 1.0)
[2025-10-31T06:51:52.053+0000] {spark_submit.py:491} INFO - 25/10/31 06:51:52 INFO ResourceProfile: Limiting resource is cpu
[2025-10-31T06:51:52.054+0000] {spark_submit.py:491} INFO - 25/10/31 06:51:52 INFO ResourceProfileManager: Added ResourceProfile id: 0
[2025-10-31T06:51:52.093+0000] {spark_submit.py:491} INFO - 25/10/31 06:51:52 INFO SecurityManager: Changing view acls to: ***
[2025-10-31T06:51:52.093+0000] {spark_submit.py:491} INFO - 25/10/31 06:51:52 INFO SecurityManager: Changing modify acls to: ***
[2025-10-31T06:51:52.093+0000] {spark_submit.py:491} INFO - 25/10/31 06:51:52 INFO SecurityManager: Changing view acls groups to:
[2025-10-31T06:51:52.093+0000] {spark_submit.py:491} INFO - 25/10/31 06:51:52 INFO SecurityManager: Changing modify acls groups to:
[2025-10-31T06:51:52.093+0000] {spark_submit.py:491} INFO - 25/10/31 06:51:52 INFO SecurityManager: SecurityManager: authentication disabled; ui acls disabled; users with view permissions: ***; groups with view permissions: EMPTY; users with modify permissions: ***; groups with modify permissions: EMPTY
[2025-10-31T06:51:52.251+0000] {spark_submit.py:491} INFO - 25/10/31 06:51:52 INFO Utils: Successfully started service 'sparkDriver' on port 41347.
[2025-10-31T06:51:52.284+0000] {spark_submit.py:491} INFO - 25/10/31 06:51:52 INFO SparkEnv: Registering MapOutputTracker
[2025-10-31T06:51:52.312+0000] {spark_submit.py:491} INFO - 25/10/31 06:51:52 INFO SparkEnv: Registering BlockManagerMaster
[2025-10-31T06:51:52.332+0000] {spark_submit.py:491} INFO - 25/10/31 06:51:52 INFO BlockManagerMasterEndpoint: Using org.apache.spark.storage.DefaultTopologyMapper for getting topology information
[2025-10-31T06:51:52.333+0000] {spark_submit.py:491} INFO - 25/10/31 06:51:52 INFO BlockManagerMasterEndpoint: BlockManagerMasterEndpoint up
[2025-10-31T06:51:52.335+0000] {spark_submit.py:491} INFO - 25/10/31 06:51:52 INFO SparkEnv: Registering BlockManagerMasterHeartbeat
[2025-10-31T06:51:52.364+0000] {spark_submit.py:491} INFO - 25/10/31 06:51:52 INFO DiskBlockManager: Created local directory at /tmp/blockmgr-44492912-a0d7-46a4-a8d2-1d1b3939d330
[2025-10-31T06:51:52.374+0000] {spark_submit.py:491} INFO - 25/10/31 06:51:52 INFO MemoryStore: MemoryStore started with capacity 434.4 MiB
[2025-10-31T06:51:52.383+0000] {spark_submit.py:491} INFO - 25/10/31 06:51:52 INFO SparkEnv: Registering OutputCommitCoordinator
[2025-10-31T06:51:52.526+0000] {spark_submit.py:491} INFO - 25/10/31 06:51:52 INFO JettyUtils: Start Jetty 0.0.0.0:4040 for SparkUI
[2025-10-31T06:51:52.586+0000] {spark_submit.py:491} INFO - 25/10/31 06:51:52 INFO Utils: Successfully started service 'SparkUI' on port 4040.
[2025-10-31T06:51:52.608+0000] {spark_submit.py:491} INFO - 25/10/31 06:51:52 INFO SparkContext: Added JAR file:///opt/***/jars/iceberg-spark-runtime-3.5_2.12-1.4.2.jar at spark://d3553ba1dd4a:41347/jars/iceberg-spark-runtime-3.5_2.12-1.4.2.jar with timestamp 1761893512008
[2025-10-31T06:51:52.608+0000] {spark_submit.py:491} INFO - 25/10/31 06:51:52 INFO SparkContext: Added JAR file:///opt/***/jars/aws-java-sdk-bundle-1.12.367.jar at spark://d3553ba1dd4a:41347/jars/aws-java-sdk-bundle-1.12.367.jar with timestamp 1761893512008
[2025-10-31T06:51:52.609+0000] {spark_submit.py:491} INFO - 25/10/31 06:51:52 INFO SparkContext: Added JAR file:///opt/***/jars/hadoop-aws-3.3.4.jar at spark://d3553ba1dd4a:41347/jars/hadoop-aws-3.3.4.jar with timestamp 1761893512008
[2025-10-31T06:51:52.643+0000] {spark_submit.py:491} INFO - 25/10/31 06:51:52 INFO Executor: Starting executor ID driver on host d3553ba1dd4a
[2025-10-31T06:51:52.643+0000] {spark_submit.py:491} INFO - 25/10/31 06:51:52 INFO Executor: OS info Linux, 6.10.14-linuxkit, aarch64
[2025-10-31T06:51:52.643+0000] {spark_submit.py:491} INFO - 25/10/31 06:51:52 INFO Executor: Java version 11.0.28
[2025-10-31T06:51:52.652+0000] {spark_submit.py:491} INFO - 25/10/31 06:51:52 INFO Executor: Starting executor with user classpath (userClassPathFirst = false): ''
[2025-10-31T06:51:52.653+0000] {spark_submit.py:491} INFO - 25/10/31 06:51:52 INFO Executor: Created or updated repl class loader org.apache.spark.util.MutableURLClassLoader@57ff1a5f for default.
[2025-10-31T06:51:52.658+0000] {spark_submit.py:491} INFO - 25/10/31 06:51:52 INFO Executor: Fetching spark://d3553ba1dd4a:41347/jars/aws-java-sdk-bundle-1.12.367.jar with timestamp 1761893512008
[2025-10-31T06:51:52.685+0000] {spark_submit.py:491} INFO - 25/10/31 06:51:52 INFO TransportClientFactory: Successfully created connection to d3553ba1dd4a/172.18.0.14:41347 after 13 ms (0 ms spent in bootstraps)
[2025-10-31T06:51:52.691+0000] {spark_submit.py:491} INFO - 25/10/31 06:51:52 INFO Utils: Fetching spark://d3553ba1dd4a:41347/jars/aws-java-sdk-bundle-1.12.367.jar to /tmp/spark-6bda643f-2b88-4ca6-882c-34b08e97b0a5/userFiles-84ed8101-e221-4214-ab97-20149db3f1f5/fetchFileTemp1192827728277649358.tmp
[2025-10-31T06:51:53.714+0000] {spark_submit.py:491} INFO - 25/10/31 06:51:53 INFO Executor: Adding file:/tmp/spark-6bda643f-2b88-4ca6-882c-34b08e97b0a5/userFiles-84ed8101-e221-4214-ab97-20149db3f1f5/aws-java-sdk-bundle-1.12.367.jar to class loader default
[2025-10-31T06:51:53.719+0000] {spark_submit.py:491} INFO - 25/10/31 06:51:53 INFO Executor: Fetching spark://d3553ba1dd4a:41347/jars/iceberg-spark-runtime-3.5_2.12-1.4.2.jar with timestamp 1761893512008
[2025-10-31T06:51:53.723+0000] {spark_submit.py:491} INFO - 25/10/31 06:51:53 INFO Utils: Fetching spark://d3553ba1dd4a:41347/jars/iceberg-spark-runtime-3.5_2.12-1.4.2.jar to /tmp/spark-6bda643f-2b88-4ca6-882c-34b08e97b0a5/userFiles-84ed8101-e221-4214-ab97-20149db3f1f5/fetchFileTemp17875873126830506156.tmp
[2025-10-31T06:51:53.757+0000] {spark_submit.py:491} INFO - 25/10/31 06:51:53 INFO Executor: Adding file:/tmp/spark-6bda643f-2b88-4ca6-882c-34b08e97b0a5/userFiles-84ed8101-e221-4214-ab97-20149db3f1f5/iceberg-spark-runtime-3.5_2.12-1.4.2.jar to class loader default
[2025-10-31T06:51:53.757+0000] {spark_submit.py:491} INFO - 25/10/31 06:51:53 INFO Executor: Fetching spark://d3553ba1dd4a:41347/jars/hadoop-aws-3.3.4.jar with timestamp 1761893512008
[2025-10-31T06:51:53.758+0000] {spark_submit.py:491} INFO - 25/10/31 06:51:53 INFO Utils: Fetching spark://d3553ba1dd4a:41347/jars/hadoop-aws-3.3.4.jar to /tmp/spark-6bda643f-2b88-4ca6-882c-34b08e97b0a5/userFiles-84ed8101-e221-4214-ab97-20149db3f1f5/fetchFileTemp1801817567734621950.tmp
[2025-10-31T06:51:53.763+0000] {spark_submit.py:491} INFO - 25/10/31 06:51:53 INFO Executor: Adding file:/tmp/spark-6bda643f-2b88-4ca6-882c-34b08e97b0a5/userFiles-84ed8101-e221-4214-ab97-20149db3f1f5/hadoop-aws-3.3.4.jar to class loader default
[2025-10-31T06:51:53.768+0000] {spark_submit.py:491} INFO - 25/10/31 06:51:53 INFO Utils: Successfully started service 'org.apache.spark.network.netty.NettyBlockTransferService' on port 34429.
[2025-10-31T06:51:53.769+0000] {spark_submit.py:491} INFO - 25/10/31 06:51:53 INFO NettyBlockTransferService: Server created on d3553ba1dd4a:34429
[2025-10-31T06:51:53.770+0000] {spark_submit.py:491} INFO - 25/10/31 06:51:53 INFO BlockManager: Using org.apache.spark.storage.RandomBlockReplicationPolicy for block replication policy
[2025-10-31T06:51:53.772+0000] {spark_submit.py:491} INFO - 25/10/31 06:51:53 INFO BlockManagerMaster: Registering BlockManager BlockManagerId(driver, d3553ba1dd4a, 34429, None)
[2025-10-31T06:51:53.774+0000] {spark_submit.py:491} INFO - 25/10/31 06:51:53 INFO BlockManagerMasterEndpoint: Registering block manager d3553ba1dd4a:34429 with 434.4 MiB RAM, BlockManagerId(driver, d3553ba1dd4a, 34429, None)
[2025-10-31T06:51:53.776+0000] {spark_submit.py:491} INFO - 25/10/31 06:51:53 INFO BlockManagerMaster: Registered BlockManager BlockManagerId(driver, d3553ba1dd4a, 34429, None)
[2025-10-31T06:51:53.778+0000] {spark_submit.py:491} INFO - 25/10/31 06:51:53 INFO BlockManager: Initialized BlockManager: BlockManagerId(driver, d3553ba1dd4a, 34429, None)
[2025-10-31T06:51:55.605+0000] {spark_submit.py:491} INFO - 25/10/31 06:51:55 WARN MetricsConfig: Cannot locate configuration: tried hadoop-metrics2-s3a-file-system.properties,hadoop-metrics2.properties
[2025-10-31T06:51:56.297+0000] {spark_submit.py:491} INFO - Created/verified taxi zones table
[2025-10-31T06:51:56.297+0000] {spark_submit.py:491} INFO - Reading location data from: /opt/***/data/locations/nyc_taxi_zones.json
[2025-10-31T06:51:57.546+0000] {spark_submit.py:491} INFO - Raw location data count: 16
[2025-10-31T06:51:57.547+0000] {spark_submit.py:491} INFO - root
[2025-10-31T06:51:57.547+0000] {spark_submit.py:491} INFO - |-- borough: string (nullable = true)
[2025-10-31T06:51:57.549+0000] {spark_submit.py:491} INFO - |-- created_at: string (nullable = true)
[2025-10-31T06:51:57.549+0000] {spark_submit.py:491} INFO - |-- is_business_district: boolean (nullable = true)
[2025-10-31T06:51:57.550+0000] {spark_submit.py:491} INFO - |-- is_tourist_area: boolean (nullable = true)
[2025-10-31T06:51:57.551+0000] {spark_submit.py:491} INFO - |-- lat: double (nullable = true)
[2025-10-31T06:51:57.553+0000] {spark_submit.py:491} INFO - |-- location_id: long (nullable = true)
[2025-10-31T06:51:57.553+0000] {spark_submit.py:491} INFO - |-- lon: double (nullable = true)
[2025-10-31T06:51:57.553+0000] {spark_submit.py:491} INFO - |-- zone: string (nullable = true)
[2025-10-31T06:51:57.553+0000] {spark_submit.py:491} INFO - |-- zone_type: string (nullable = true)
[2025-10-31T06:51:57.553+0000] {spark_submit.py:491} INFO - 
[2025-10-31T06:51:57.725+0000] {spark_submit.py:491} INFO - Processed location data count: 16
[2025-10-31T06:51:59.013+0000] {spark_submit.py:491} INFO - Successfully wrote location data to Iceberg table
[2025-10-31T06:52:00.382+0000] {spark_submit.py:491} INFO - +---------+----------+-------------+--------------+
[2025-10-31T06:52:00.383+0000] {spark_submit.py:491} INFO - |  borough|zone_count|tourist_zones|business_zones|
[2025-10-31T06:52:00.384+0000] {spark_submit.py:491} INFO - +---------+----------+-------------+--------------+
[2025-10-31T06:52:00.384+0000] {spark_submit.py:491} INFO - |Manhattan|        13|            4|             3|
[2025-10-31T06:52:00.384+0000] {spark_submit.py:491} INFO - |   Queens|         2|            0|             0|
[2025-10-31T06:52:00.384+0000] {spark_submit.py:491} INFO - | Brooklyn|         1|            0|             0|
[2025-10-31T06:52:00.385+0000] {spark_submit.py:491} INFO - +---------+----------+-------------+--------------+
[2025-10-31T06:52:00.385+0000] {spark_submit.py:491} INFO - 
[2025-10-31T06:52:00.385+0000] {spark_submit.py:491} INFO - Location ETL job completed successfully!
[2025-10-31T06:52:00.928+0000] {taskinstance.py:1398} INFO - Marking task as SUCCESS. dag_id=nyc_weather_etl, task_id=spark_process_location_to_iceberg, execution_date=20251031T055147, start_date=20251031T065150, end_date=20251031T065200
[2025-10-31T06:52:00.957+0000] {local_task_job_runner.py:228} INFO - Task exited with return code 0
[2025-10-31T06:52:00.965+0000] {taskinstance.py:2776} INFO - 0 downstream tasks scheduled from follow-on schedule check
