[2025-11-02T06:41:36.961+0000] {taskinstance.py:1157} INFO - Dependencies all met for dep_context=non-requeueable deps ti=<TaskInstance: nyc_taxi_iceberg_etl.update_control_table manual__2025-11-02T06:41:12.683791+00:00 [queued]>
[2025-11-02T06:41:36.964+0000] {taskinstance.py:1157} INFO - Dependencies all met for dep_context=requeueable deps ti=<TaskInstance: nyc_taxi_iceberg_etl.update_control_table manual__2025-11-02T06:41:12.683791+00:00 [queued]>
[2025-11-02T06:41:36.964+0000] {taskinstance.py:1359} INFO - Starting attempt 1 of 1
[2025-11-02T06:41:36.969+0000] {taskinstance.py:1380} INFO - Executing <Task(PythonOperator): update_control_table> on 2025-11-02 06:41:12.683791+00:00
[2025-11-02T06:41:36.971+0000] {standard_task_runner.py:57} INFO - Started process 9124 to run task
[2025-11-02T06:41:36.973+0000] {standard_task_runner.py:84} INFO - Running: ['***', 'tasks', 'run', 'nyc_taxi_iceberg_etl', 'update_control_table', 'manual__2025-11-02T06:41:12.683791+00:00', '--job-id', '117', '--raw', '--subdir', 'DAGS_FOLDER/nyc_taxi_iceberg_etl.py', '--cfg-path', '/tmp/tmpdykcwwhh']
[2025-11-02T06:41:36.974+0000] {standard_task_runner.py:85} INFO - Job 117: Subtask update_control_table
[2025-11-02T06:41:36.996+0000] {task_command.py:415} INFO - Running <TaskInstance: nyc_taxi_iceberg_etl.update_control_table manual__2025-11-02T06:41:12.683791+00:00 [running]> on host d3553ba1dd4a
[2025-11-02T06:41:37.116+0000] {taskinstance.py:1660} INFO - Exporting env vars: AIRFLOW_CTX_DAG_OWNER='data-engineering' AIRFLOW_CTX_DAG_ID='nyc_taxi_iceberg_etl' AIRFLOW_CTX_TASK_ID='update_control_table' AIRFLOW_CTX_EXECUTION_DATE='2025-11-02T06:41:12.683791+00:00' AIRFLOW_CTX_TRY_NUMBER='1' AIRFLOW_CTX_DAG_RUN_ID='manual__2025-11-02T06:41:12.683791+00:00'
[2025-11-02T06:41:37.117+0000] {crypto.py:82} WARNING - empty cryptography key - values will not be stored encrypted.
[2025-11-02T06:41:37.118+0000] {base.py:73} INFO - Using connection ID '***_default' for task execution.
[2025-11-02T06:41:37.121+0000] {sql.py:418} INFO - Running statement: 
        UPDATE public.etl_control 
        SET last_processed_date = %s, last_updated = %s
        WHERE table_name = 'nyc_taxi_trips'
    , parameters: (datetime.datetime(2025, 11, 2, 6, 41, 37, 117649), datetime.datetime(2025, 11, 2, 6, 41, 37, 117649))
[2025-11-02T06:41:37.122+0000] {sql.py:427} INFO - Rows affected: 1
[2025-11-02T06:41:37.122+0000] {logging_mixin.py:151} INFO - Updated control table with date: 2025-11-02 06:41:37.117649
[2025-11-02T06:41:37.122+0000] {python.py:194} INFO - Done. Returned value was: None
[2025-11-02T06:41:37.126+0000] {taskinstance.py:1398} INFO - Marking task as SUCCESS. dag_id=nyc_taxi_iceberg_etl, task_id=update_control_table, execution_date=20251102T064112, start_date=20251102T064136, end_date=20251102T064137
[2025-11-02T06:41:37.156+0000] {local_task_job_runner.py:228} INFO - Task exited with return code 0
[2025-11-02T06:41:37.164+0000] {taskinstance.py:2776} INFO - 0 downstream tasks scheduled from follow-on schedule check
