[2025-10-13T07:51:33.190+0000] {taskinstance.py:1157} INFO - Dependencies all met for dep_context=non-requeueable deps ti=<TaskInstance: nyc_weather_etl.spark_process_weather_to_iceberg manual__2025-10-13T07:51:30.617029+00:00 [queued]>
[2025-10-13T07:51:33.194+0000] {taskinstance.py:1157} INFO - Dependencies all met for dep_context=requeueable deps ti=<TaskInstance: nyc_weather_etl.spark_process_weather_to_iceberg manual__2025-10-13T07:51:30.617029+00:00 [queued]>
[2025-10-13T07:51:33.194+0000] {taskinstance.py:1359} INFO - Starting attempt 1 of 1
[2025-10-13T07:51:33.198+0000] {taskinstance.py:1380} INFO - Executing <Task(SparkSubmitOperator): spark_process_weather_to_iceberg> on 2025-10-13 07:51:30.617029+00:00
[2025-10-13T07:51:33.200+0000] {standard_task_runner.py:57} INFO - Started process 21932 to run task
[2025-10-13T07:51:33.202+0000] {standard_task_runner.py:84} INFO - Running: ['***', 'tasks', 'run', 'nyc_weather_etl', 'spark_process_weather_to_iceberg', 'manual__2025-10-13T07:51:30.617029+00:00', '--job-id', '542', '--raw', '--subdir', 'DAGS_FOLDER/nyc_weather_etl.py', '--cfg-path', '/tmp/tmp686z4y3l']
[2025-10-13T07:51:33.203+0000] {standard_task_runner.py:85} INFO - Job 542: Subtask spark_process_weather_to_iceberg
[2025-10-13T07:51:33.224+0000] {task_command.py:415} INFO - Running <TaskInstance: nyc_weather_etl.spark_process_weather_to_iceberg manual__2025-10-13T07:51:30.617029+00:00 [running]> on host b40be2a595bb
[2025-10-13T07:51:33.334+0000] {taskinstance.py:1660} INFO - Exporting env vars: AIRFLOW_CTX_DAG_OWNER='data-engineering' AIRFLOW_CTX_DAG_ID='nyc_weather_etl' AIRFLOW_CTX_TASK_ID='spark_process_weather_to_iceberg' AIRFLOW_CTX_EXECUTION_DATE='2025-10-13T07:51:30.617029+00:00' AIRFLOW_CTX_TRY_NUMBER='1' AIRFLOW_CTX_DAG_RUN_ID='manual__2025-10-13T07:51:30.617029+00:00'
[2025-10-13T07:51:33.338+0000] {base.py:73} INFO - Using connection ID 'spark_default' for task execution.
[2025-10-13T07:51:33.339+0000] {spark_submit.py:340} INFO - Spark-Submit cmd: /opt/bitnami/spark/bin/spark-submit --master spark://spark-master:7077 --conf spark.master=spark://spark-master:7077 --conf spark.sql.catalog.spark_catalog=org.apache.iceberg.spark.SparkSessionCatalog --conf spark.sql.catalog.spark_catalog.type=hive --conf spark.sql.catalog.iceberg=org.apache.iceberg.spark.SparkCatalog --conf spark.sql.catalog.iceberg.type=hadoop --conf spark.sql.catalog.iceberg.warehouse=s3a://lakehouse/warehouse --conf spark.sql.extensions=org.apache.iceberg.spark.extensions.IcebergSparkSessionExtensions --conf spark.hadoop.fs.s3a.endpoint=http://minio:9000 --conf spark.hadoop.fs.s3a.access.key=admin --conf spark.hadoop.fs.s3a.secret.key=****** --conf spark.hadoop.fs.s3a.path.style.access=true --conf spark.hadoop.fs.s3a.impl=org.apache.hadoop.fs.s3a.S3AFileSystem --jars /opt/***/jars/iceberg-spark-runtime-3.5_2.12-1.4.2.jar,/opt/***/jars/aws-java-sdk-bundle-1.12.367.jar,/opt/***/jars/hadoop-aws-3.3.4.jar --name arrow-spark --queue default /opt/***/dags/spark_jobs/weather_to_iceberg.py /opt/***/data/weather/weather_data_20251008_07.json
[2025-10-13T07:51:34.095+0000] {spark_submit.py:491} INFO - 25/10/13 07:51:34 WARN NativeCodeLoader: Unable to load native-hadoop library for your platform... using builtin-java classes where applicable
[2025-10-13T07:51:34.675+0000] {spark_submit.py:491} INFO - 25/10/13 07:51:34 INFO SparkContext: Running Spark version 3.5.1
[2025-10-13T07:51:34.678+0000] {spark_submit.py:491} INFO - 25/10/13 07:51:34 INFO SparkContext: OS info Linux, 6.10.14-linuxkit, aarch64
[2025-10-13T07:51:34.679+0000] {spark_submit.py:491} INFO - 25/10/13 07:51:34 INFO SparkContext: Java version 11.0.28
[2025-10-13T07:51:34.686+0000] {spark_submit.py:491} INFO - 25/10/13 07:51:34 INFO ResourceUtils: ==============================================================
[2025-10-13T07:51:34.686+0000] {spark_submit.py:491} INFO - 25/10/13 07:51:34 INFO ResourceUtils: No custom resources configured for spark.driver.
[2025-10-13T07:51:34.686+0000] {spark_submit.py:491} INFO - 25/10/13 07:51:34 INFO ResourceUtils: ==============================================================
[2025-10-13T07:51:34.687+0000] {spark_submit.py:491} INFO - 25/10/13 07:51:34 INFO SparkContext: Submitted application: Weather to Iceberg ETL
[2025-10-13T07:51:34.693+0000] {spark_submit.py:491} INFO - 25/10/13 07:51:34 INFO ResourceProfile: Default ResourceProfile created, executor resources: Map(cores -> name: cores, amount: 1, script: , vendor: , memory -> name: memory, amount: 1024, script: , vendor: , offHeap -> name: offHeap, amount: 0, script: , vendor: ), task resources: Map(cpus -> name: cpus, amount: 1.0)
[2025-10-13T07:51:34.697+0000] {spark_submit.py:491} INFO - 25/10/13 07:51:34 INFO ResourceProfile: Limiting resource is cpu
[2025-10-13T07:51:34.697+0000] {spark_submit.py:491} INFO - 25/10/13 07:51:34 INFO ResourceProfileManager: Added ResourceProfile id: 0
[2025-10-13T07:51:34.721+0000] {spark_submit.py:491} INFO - 25/10/13 07:51:34 INFO SecurityManager: Changing view acls to: ***
[2025-10-13T07:51:34.722+0000] {spark_submit.py:491} INFO - 25/10/13 07:51:34 INFO SecurityManager: Changing modify acls to: ***
[2025-10-13T07:51:34.723+0000] {spark_submit.py:491} INFO - 25/10/13 07:51:34 INFO SecurityManager: Changing view acls groups to:
[2025-10-13T07:51:34.723+0000] {spark_submit.py:491} INFO - 25/10/13 07:51:34 INFO SecurityManager: Changing modify acls groups to:
[2025-10-13T07:51:34.723+0000] {spark_submit.py:491} INFO - 25/10/13 07:51:34 INFO SecurityManager: SecurityManager: authentication disabled; ui acls disabled; users with view permissions: ***; groups with view permissions: EMPTY; users with modify permissions: ***; groups with modify permissions: EMPTY
[2025-10-13T07:51:34.806+0000] {spark_submit.py:491} INFO - 25/10/13 07:51:34 INFO Utils: Successfully started service 'sparkDriver' on port 45321.
[2025-10-13T07:51:34.818+0000] {spark_submit.py:491} INFO - 25/10/13 07:51:34 INFO SparkEnv: Registering MapOutputTracker
[2025-10-13T07:51:34.831+0000] {spark_submit.py:491} INFO - 25/10/13 07:51:34 INFO SparkEnv: Registering BlockManagerMaster
[2025-10-13T07:51:34.840+0000] {spark_submit.py:491} INFO - 25/10/13 07:51:34 INFO BlockManagerMasterEndpoint: Using org.apache.spark.storage.DefaultTopologyMapper for getting topology information
[2025-10-13T07:51:34.841+0000] {spark_submit.py:491} INFO - 25/10/13 07:51:34 INFO BlockManagerMasterEndpoint: BlockManagerMasterEndpoint up
[2025-10-13T07:51:34.842+0000] {spark_submit.py:491} INFO - 25/10/13 07:51:34 INFO SparkEnv: Registering BlockManagerMasterHeartbeat
[2025-10-13T07:51:34.850+0000] {spark_submit.py:491} INFO - 25/10/13 07:51:34 INFO DiskBlockManager: Created local directory at /tmp/blockmgr-f7faad20-2496-4ee0-8391-f5f621c8ba9d
[2025-10-13T07:51:34.855+0000] {spark_submit.py:491} INFO - 25/10/13 07:51:34 INFO MemoryStore: MemoryStore started with capacity 434.4 MiB
[2025-10-13T07:51:34.860+0000] {spark_submit.py:491} INFO - 25/10/13 07:51:34 INFO SparkEnv: Registering OutputCommitCoordinator
[2025-10-13T07:51:34.908+0000] {spark_submit.py:491} INFO - 25/10/13 07:51:34 INFO JettyUtils: Start Jetty 0.0.0.0:4040 for SparkUI
[2025-10-13T07:51:34.926+0000] {spark_submit.py:491} INFO - 25/10/13 07:51:34 INFO Utils: Successfully started service 'SparkUI' on port 4040.
[2025-10-13T07:51:34.939+0000] {spark_submit.py:491} INFO - 25/10/13 07:51:34 INFO SparkContext: Added JAR file:///opt/***/jars/iceberg-spark-runtime-3.5_2.12-1.4.2.jar at spark://b40be2a595bb:45321/jars/iceberg-spark-runtime-3.5_2.12-1.4.2.jar with timestamp 1760341894672
[2025-10-13T07:51:34.939+0000] {spark_submit.py:491} INFO - 25/10/13 07:51:34 INFO SparkContext: Added JAR file:///opt/***/jars/aws-java-sdk-bundle-1.12.367.jar at spark://b40be2a595bb:45321/jars/aws-java-sdk-bundle-1.12.367.jar with timestamp 1760341894672
[2025-10-13T07:51:34.939+0000] {spark_submit.py:491} INFO - 25/10/13 07:51:34 INFO SparkContext: Added JAR file:///opt/***/jars/hadoop-aws-3.3.4.jar at spark://b40be2a595bb:45321/jars/hadoop-aws-3.3.4.jar with timestamp 1760341894672
[2025-10-13T07:51:34.961+0000] {spark_submit.py:491} INFO - 25/10/13 07:51:34 INFO Executor: Starting executor ID driver on host b40be2a595bb
[2025-10-13T07:51:34.961+0000] {spark_submit.py:491} INFO - 25/10/13 07:51:34 INFO Executor: OS info Linux, 6.10.14-linuxkit, aarch64
[2025-10-13T07:51:34.961+0000] {spark_submit.py:491} INFO - 25/10/13 07:51:34 INFO Executor: Java version 11.0.28
[2025-10-13T07:51:34.963+0000] {spark_submit.py:491} INFO - 25/10/13 07:51:34 INFO Executor: Starting executor with user classpath (userClassPathFirst = false): ''
[2025-10-13T07:51:34.963+0000] {spark_submit.py:491} INFO - 25/10/13 07:51:34 INFO Executor: Created or updated repl class loader org.apache.spark.util.MutableURLClassLoader@4d2a2872 for default.
[2025-10-13T07:51:34.967+0000] {spark_submit.py:491} INFO - 25/10/13 07:51:34 INFO Executor: Fetching spark://b40be2a595bb:45321/jars/iceberg-spark-runtime-3.5_2.12-1.4.2.jar with timestamp 1760341894672
[2025-10-13T07:51:34.993+0000] {spark_submit.py:491} INFO - 25/10/13 07:51:34 INFO TransportClientFactory: Successfully created connection to b40be2a595bb/172.18.0.3:45321 after 10 ms (0 ms spent in bootstraps)
[2025-10-13T07:51:34.996+0000] {spark_submit.py:491} INFO - 25/10/13 07:51:34 INFO Utils: Fetching spark://b40be2a595bb:45321/jars/iceberg-spark-runtime-3.5_2.12-1.4.2.jar to /tmp/spark-c00dd992-51fd-48cb-aecd-f6d0ff9ca002/userFiles-466c0b28-a05b-422b-84cd-44657cf76a4f/fetchFileTemp762947887051654564.tmp
[2025-10-13T07:51:35.043+0000] {spark_submit.py:491} INFO - 25/10/13 07:51:35 INFO Executor: Adding file:/tmp/spark-c00dd992-51fd-48cb-aecd-f6d0ff9ca002/userFiles-466c0b28-a05b-422b-84cd-44657cf76a4f/iceberg-spark-runtime-3.5_2.12-1.4.2.jar to class loader default
[2025-10-13T07:51:35.043+0000] {spark_submit.py:491} INFO - 25/10/13 07:51:35 INFO Executor: Fetching spark://b40be2a595bb:45321/jars/hadoop-aws-3.3.4.jar with timestamp 1760341894672
[2025-10-13T07:51:35.043+0000] {spark_submit.py:491} INFO - 25/10/13 07:51:35 INFO Utils: Fetching spark://b40be2a595bb:45321/jars/hadoop-aws-3.3.4.jar to /tmp/spark-c00dd992-51fd-48cb-aecd-f6d0ff9ca002/userFiles-466c0b28-a05b-422b-84cd-44657cf76a4f/fetchFileTemp15790865768486083479.tmp
[2025-10-13T07:51:35.046+0000] {spark_submit.py:491} INFO - 25/10/13 07:51:35 INFO Executor: Adding file:/tmp/spark-c00dd992-51fd-48cb-aecd-f6d0ff9ca002/userFiles-466c0b28-a05b-422b-84cd-44657cf76a4f/hadoop-aws-3.3.4.jar to class loader default
[2025-10-13T07:51:35.047+0000] {spark_submit.py:491} INFO - 25/10/13 07:51:35 INFO Executor: Fetching spark://b40be2a595bb:45321/jars/aws-java-sdk-bundle-1.12.367.jar with timestamp 1760341894672
[2025-10-13T07:51:35.047+0000] {spark_submit.py:491} INFO - 25/10/13 07:51:35 INFO Utils: Fetching spark://b40be2a595bb:45321/jars/aws-java-sdk-bundle-1.12.367.jar to /tmp/spark-c00dd992-51fd-48cb-aecd-f6d0ff9ca002/userFiles-466c0b28-a05b-422b-84cd-44657cf76a4f/fetchFileTemp9070843771524542709.tmp
[2025-10-13T07:51:35.291+0000] {spark_submit.py:491} INFO - 25/10/13 07:51:35 INFO Executor: Adding file:/tmp/spark-c00dd992-51fd-48cb-aecd-f6d0ff9ca002/userFiles-466c0b28-a05b-422b-84cd-44657cf76a4f/aws-java-sdk-bundle-1.12.367.jar to class loader default
[2025-10-13T07:51:35.295+0000] {spark_submit.py:491} INFO - 25/10/13 07:51:35 INFO Utils: Successfully started service 'org.apache.spark.network.netty.NettyBlockTransferService' on port 38897.
[2025-10-13T07:51:35.295+0000] {spark_submit.py:491} INFO - 25/10/13 07:51:35 INFO NettyBlockTransferService: Server created on b40be2a595bb:38897
[2025-10-13T07:51:35.296+0000] {spark_submit.py:491} INFO - 25/10/13 07:51:35 INFO BlockManager: Using org.apache.spark.storage.RandomBlockReplicationPolicy for block replication policy
[2025-10-13T07:51:35.298+0000] {spark_submit.py:491} INFO - 25/10/13 07:51:35 INFO BlockManagerMaster: Registering BlockManager BlockManagerId(driver, b40be2a595bb, 38897, None)
[2025-10-13T07:51:35.300+0000] {spark_submit.py:491} INFO - 25/10/13 07:51:35 INFO BlockManagerMasterEndpoint: Registering block manager b40be2a595bb:38897 with 434.4 MiB RAM, BlockManagerId(driver, b40be2a595bb, 38897, None)
[2025-10-13T07:51:35.301+0000] {spark_submit.py:491} INFO - 25/10/13 07:51:35 INFO BlockManagerMaster: Registered BlockManager BlockManagerId(driver, b40be2a595bb, 38897, None)
[2025-10-13T07:51:35.301+0000] {spark_submit.py:491} INFO - 25/10/13 07:51:35 INFO BlockManager: Initialized BlockManager: BlockManagerId(driver, b40be2a595bb, 38897, None)
[2025-10-13T07:51:35.571+0000] {spark_submit.py:491} INFO - Bucket lakehouse created successfully.
[2025-10-13T07:51:36.557+0000] {spark_submit.py:491} INFO - 25/10/13 07:51:36 WARN MetricsConfig: Cannot locate configuration: tried hadoop-metrics2-s3a-file-system.properties,hadoop-metrics2.properties
[2025-10-13T07:51:37.409+0000] {spark_submit.py:491} INFO - Created/verified weather table
[2025-10-13T07:51:37.409+0000] {spark_submit.py:491} INFO - Reading weather data from: /opt/***/data/weather/weather_data_20251008_07.json
[2025-10-13T07:51:37.530+0000] {spark_submit.py:491} INFO - Error in weather ETL job: [CANNOT_MERGE_TYPE] Can not merge type `LongType` and `DoubleType`.
[2025-10-13T07:51:37.890+0000] {spark_submit.py:491} INFO - Traceback (most recent call last):
[2025-10-13T07:51:37.891+0000] {spark_submit.py:491} INFO - File "/opt/***/dags/spark_jobs/weather_to_iceberg.py", line 175, in <module>
[2025-10-13T07:51:37.891+0000] {spark_submit.py:491} INFO - main()
[2025-10-13T07:51:37.891+0000] {spark_submit.py:491} INFO - File "/opt/***/dags/spark_jobs/weather_to_iceberg.py", line 164, in main
[2025-10-13T07:51:37.892+0000] {spark_submit.py:491} INFO - process_weather_data(spark, input_path)
[2025-10-13T07:51:37.892+0000] {spark_submit.py:491} INFO - File "/opt/***/dags/spark_jobs/weather_to_iceberg.py", line 108, in process_weather_data
[2025-10-13T07:51:37.892+0000] {spark_submit.py:491} INFO - df = spark.createDataFrame(weather_data)
[2025-10-13T07:51:37.892+0000] {spark_submit.py:491} INFO - File "/opt/bitnami/spark/python/lib/pyspark.zip/pyspark/sql/session.py", line 1443, in createDataFrame
[2025-10-13T07:51:37.892+0000] {spark_submit.py:491} INFO - File "/opt/bitnami/spark/python/lib/pyspark.zip/pyspark/sql/session.py", line 1485, in _create_dataframe
[2025-10-13T07:51:37.893+0000] {spark_submit.py:491} INFO - File "/opt/bitnami/spark/python/lib/pyspark.zip/pyspark/sql/session.py", line 1093, in _createFromLocal
[2025-10-13T07:51:37.893+0000] {spark_submit.py:491} INFO - File "/opt/bitnami/spark/python/lib/pyspark.zip/pyspark/sql/session.py", line 955, in _inferSchemaFromList
[2025-10-13T07:51:37.893+0000] {spark_submit.py:491} INFO - File "/opt/bitnami/spark/python/lib/pyspark.zip/pyspark/sql/types.py", line 1787, in _merge_type
[2025-10-13T07:51:37.893+0000] {spark_submit.py:491} INFO - File "/opt/bitnami/spark/python/lib/pyspark.zip/pyspark/sql/types.py", line 1789, in <listcomp>
[2025-10-13T07:51:37.893+0000] {spark_submit.py:491} INFO - File "/opt/bitnami/spark/python/lib/pyspark.zip/pyspark/sql/types.py", line 1779, in _merge_type
[2025-10-13T07:51:37.893+0000] {spark_submit.py:491} INFO - pyspark.errors.exceptions.base.PySparkTypeError: [CANNOT_MERGE_TYPE] Can not merge type `LongType` and `DoubleType`.
[2025-10-13T07:51:37.983+0000] {taskinstance.py:1935} ERROR - Task failed with exception
Traceback (most recent call last):
  File "/home/airflow/.local/lib/python3.8/site-packages/airflow/providers/apache/spark/operators/spark_submit.py", line 156, in execute
    self._hook.submit(self._application)
  File "/home/airflow/.local/lib/python3.8/site-packages/airflow/providers/apache/spark/hooks/spark_submit.py", line 422, in submit
    raise AirflowException(
airflow.exceptions.AirflowException: Cannot execute: /opt/bitnami/spark/bin/spark-submit --master spark://spark-master:7077 --conf spark.master=spark://spark-master:7077 --conf spark.sql.catalog.spark_catalog=org.apache.iceberg.spark.SparkSessionCatalog --conf spark.sql.catalog.spark_catalog.type=hive --conf spark.sql.catalog.iceberg=org.apache.iceberg.spark.SparkCatalog --conf spark.sql.catalog.iceberg.type=hadoop --conf spark.sql.catalog.iceberg.warehouse=s3a://lakehouse/warehouse --conf spark.sql.extensions=org.apache.iceberg.spark.extensions.IcebergSparkSessionExtensions --conf spark.hadoop.fs.s3a.endpoint=http://minio:9000 --conf spark.hadoop.fs.s3a.access.key=admin --conf spark.hadoop.fs.s3a.secret.key=****** --conf spark.hadoop.fs.s3a.path.style.access=true --conf spark.hadoop.fs.s3a.impl=org.apache.hadoop.fs.s3a.S3AFileSystem --jars /opt/***/jars/iceberg-spark-runtime-3.5_2.12-1.4.2.jar,/opt/***/jars/aws-java-sdk-bundle-1.12.367.jar,/opt/***/jars/hadoop-aws-3.3.4.jar --name arrow-spark --queue default /opt/***/dags/spark_jobs/weather_to_iceberg.py /opt/***/data/weather/weather_data_20251008_07.json. Error code is: 1.
[2025-10-13T07:51:37.985+0000] {taskinstance.py:1398} INFO - Marking task as FAILED. dag_id=nyc_weather_etl, task_id=spark_process_weather_to_iceberg, execution_date=20251013T075130, start_date=20251013T075133, end_date=20251013T075137
[2025-10-13T07:51:37.989+0000] {standard_task_runner.py:104} ERROR - Failed to execute job 542 for task spark_process_weather_to_iceberg (Cannot execute: /opt/bitnami/spark/bin/spark-submit --master spark://spark-master:7077 --conf spark.master=spark://spark-master:7077 --conf spark.sql.catalog.spark_catalog=org.apache.iceberg.spark.SparkSessionCatalog --conf spark.sql.catalog.spark_catalog.type=hive --conf spark.sql.catalog.iceberg=org.apache.iceberg.spark.SparkCatalog --conf spark.sql.catalog.iceberg.type=hadoop --conf spark.sql.catalog.iceberg.warehouse=s3a://lakehouse/warehouse --conf spark.sql.extensions=org.apache.iceberg.spark.extensions.IcebergSparkSessionExtensions --conf spark.hadoop.fs.s3a.endpoint=http://minio:9000 --conf spark.hadoop.fs.s3a.access.key=admin --conf spark.hadoop.fs.s3a.secret.key=****** --conf spark.hadoop.fs.s3a.path.style.access=true --conf spark.hadoop.fs.s3a.impl=org.apache.hadoop.fs.s3a.S3AFileSystem --jars /opt/***/jars/iceberg-spark-runtime-3.5_2.12-1.4.2.jar,/opt/***/jars/aws-java-sdk-bundle-1.12.367.jar,/opt/***/jars/hadoop-aws-3.3.4.jar --name arrow-spark --queue default /opt/***/dags/spark_jobs/weather_to_iceberg.py /opt/***/data/weather/weather_data_20251008_07.json. Error code is: 1.; 21932)
[2025-10-13T07:51:38.025+0000] {local_task_job_runner.py:228} INFO - Task exited with return code 1
[2025-10-13T07:51:38.033+0000] {taskinstance.py:2776} INFO - 0 downstream tasks scheduled from follow-on schedule check
